[2025-01-07T14:58:02.598+0000] {local_task_job_runner.py:123} INFO - ::group::Pre task execution logs
[2025-01-07T14:58:02.609+0000] {taskinstance.py:2612} INFO - Dependencies all met for dep_context=non-requeueable deps ti=<TaskInstance: Projet_poubelle.get_datetime scheduled__2025-01-07T14:57:00+00:00 [queued]>
[2025-01-07T14:58:02.614+0000] {taskinstance.py:2612} INFO - Dependencies all met for dep_context=requeueable deps ti=<TaskInstance: Projet_poubelle.get_datetime scheduled__2025-01-07T14:57:00+00:00 [queued]>
[2025-01-07T14:58:02.614+0000] {taskinstance.py:2865} INFO - Starting attempt 1 of 1
[2025-01-07T14:58:02.621+0000] {taskinstance.py:2888} INFO - Executing <Task(BashOperator): get_datetime> on 2025-01-07 14:57:00+00:00
[2025-01-07T14:58:02.626+0000] {warnings.py:112} WARNING - /home/***/.local/lib/python3.12/site-packages/***/task/task_runner/standard_task_runner.py:70: DeprecationWarning: This process (pid=4565) is multi-threaded, use of fork() may lead to deadlocks in the child.
  pid = os.fork()

[2025-01-07T14:58:02.627+0000] {standard_task_runner.py:72} INFO - Started process 4567 to run task
[2025-01-07T14:58:02.627+0000] {standard_task_runner.py:104} INFO - Running: ['***', 'tasks', 'run', 'Projet_poubelle', 'get_datetime', 'scheduled__2025-01-07T14:57:00+00:00', '--job-id', '61741', '--raw', '--subdir', 'DAGS_FOLDER/Projet_poubelle.py', '--cfg-path', '/tmp/tmpaseiu14g']
[2025-01-07T14:58:02.628+0000] {standard_task_runner.py:105} INFO - Job 61741: Subtask get_datetime
[2025-01-07T14:58:02.657+0000] {task_command.py:467} INFO - Running <TaskInstance: Projet_poubelle.get_datetime scheduled__2025-01-07T14:57:00+00:00 [running]> on host 5365fe4338c6
[2025-01-07T14:58:02.701+0000] {taskinstance.py:3131} INFO - Exporting env vars: AIRFLOW_CTX_DAG_OWNER='***' AIRFLOW_CTX_DAG_ID='Projet_poubelle' AIRFLOW_CTX_TASK_ID='get_datetime' AIRFLOW_CTX_EXECUTION_DATE='2025-01-07T14:57:00+00:00' AIRFLOW_CTX_TRY_NUMBER='1' AIRFLOW_CTX_DAG_RUN_ID='scheduled__2025-01-07T14:57:00+00:00'
[2025-01-07T14:58:02.702+0000] {logging_mixin.py:190} INFO - Task instance is in running state
[2025-01-07T14:58:02.702+0000] {logging_mixin.py:190} INFO -  Previous state of the Task instance: queued
[2025-01-07T14:58:02.702+0000] {logging_mixin.py:190} INFO - Current task name:get_datetime state:running start_date:2025-01-07 14:58:02.609639+00:00
[2025-01-07T14:58:02.702+0000] {logging_mixin.py:190} INFO - Dag name:Projet_poubelle and current dag run status:running
[2025-01-07T14:58:02.702+0000] {taskinstance.py:731} INFO - ::endgroup::
[2025-01-07T14:58:02.702+0000] {subprocess.py:63} INFO - Tmp dir root location: /tmp
[2025-01-07T14:58:02.703+0000] {subprocess.py:75} INFO - Running command: ['/usr/bin/bash', '-c', 'date']
[2025-01-07T14:58:02.712+0000] {subprocess.py:86} INFO - Output:
[2025-01-07T14:58:02.714+0000] {subprocess.py:93} INFO - Tue Jan  7 14:58:02 UTC 2025
[2025-01-07T14:58:02.715+0000] {subprocess.py:97} INFO - Command exited with return code 0
[2025-01-07T14:58:02.731+0000] {taskinstance.py:340} INFO - ::group::Post task execution logs
[2025-01-07T14:58:02.732+0000] {taskinstance.py:352} INFO - Marking task as SUCCESS. dag_id=Projet_poubelle, task_id=get_datetime, run_id=scheduled__2025-01-07T14:57:00+00:00, execution_date=20250107T145700, start_date=20250107T145802, end_date=20250107T145802
[2025-01-07T14:58:02.737+0000] {logging_mixin.py:190} INFO - Task instance in success state
[2025-01-07T14:58:02.737+0000] {logging_mixin.py:190} INFO -  Previous state of the Task instance: running
[2025-01-07T14:58:02.737+0000] {logging_mixin.py:190} INFO - Dag name:Projet_poubelle queued_at:2025-01-07 14:58:00.669337+00:00
[2025-01-07T14:58:02.737+0000] {logging_mixin.py:190} INFO - Task hostname:5365fe4338c6 operator:BashOperator
[2025-01-07T14:58:02.760+0000] {local_task_job_runner.py:266} INFO - Task exited with return code 0
[2025-01-07T14:58:02.772+0000] {taskinstance.py:3900} INFO - 1 downstream tasks scheduled from follow-on schedule check
[2025-01-07T14:58:02.773+0000] {local_task_job_runner.py:245} INFO - ::endgroup::
