[2024-12-17T09:27:03.010+0000] {local_task_job_runner.py:123} INFO - ::group::Pre task execution logs
[2024-12-17T09:27:03.029+0000] {taskinstance.py:2612} INFO - Dependencies all met for dep_context=non-requeueable deps ti=<TaskInstance: Projet_poubelle.get_datetime scheduled__2024-12-17T09:26:00+00:00 [queued]>
[2024-12-17T09:27:03.034+0000] {taskinstance.py:2612} INFO - Dependencies all met for dep_context=requeueable deps ti=<TaskInstance: Projet_poubelle.get_datetime scheduled__2024-12-17T09:26:00+00:00 [queued]>
[2024-12-17T09:27:03.034+0000] {taskinstance.py:2865} INFO - Starting attempt 1 of 1
[2024-12-17T09:27:03.043+0000] {taskinstance.py:2888} INFO - Executing <Task(BashOperator): get_datetime> on 2024-12-17 09:26:00+00:00
[2024-12-17T09:27:03.049+0000] {warnings.py:112} WARNING - /home/***/.local/lib/python3.12/site-packages/***/task/task_runner/standard_task_runner.py:70: DeprecationWarning: This process (pid=3225) is multi-threaded, use of fork() may lead to deadlocks in the child.
  pid = os.fork()

[2024-12-17T09:27:03.050+0000] {standard_task_runner.py:72} INFO - Started process 3227 to run task
[2024-12-17T09:27:03.051+0000] {standard_task_runner.py:104} INFO - Running: ['***', 'tasks', 'run', 'Projet_poubelle', 'get_datetime', 'scheduled__2024-12-17T09:26:00+00:00', '--job-id', '55076', '--raw', '--subdir', 'DAGS_FOLDER/Projet_poubelle.py', '--cfg-path', '/tmp/tmpnvgym18g']
[2024-12-17T09:27:03.052+0000] {standard_task_runner.py:105} INFO - Job 55076: Subtask get_datetime
[2024-12-17T09:27:03.134+0000] {task_command.py:467} INFO - Running <TaskInstance: Projet_poubelle.get_datetime scheduled__2024-12-17T09:26:00+00:00 [running]> on host 5365fe4338c6
[2024-12-17T09:27:03.258+0000] {taskinstance.py:3131} INFO - Exporting env vars: AIRFLOW_CTX_DAG_OWNER='***' AIRFLOW_CTX_DAG_ID='Projet_poubelle' AIRFLOW_CTX_TASK_ID='get_datetime' AIRFLOW_CTX_EXECUTION_DATE='2024-12-17T09:26:00+00:00' AIRFLOW_CTX_TRY_NUMBER='1' AIRFLOW_CTX_DAG_RUN_ID='scheduled__2024-12-17T09:26:00+00:00'
[2024-12-17T09:27:03.258+0000] {logging_mixin.py:190} INFO - Task instance is in running state
[2024-12-17T09:27:03.259+0000] {logging_mixin.py:190} INFO -  Previous state of the Task instance: queued
[2024-12-17T09:27:03.259+0000] {logging_mixin.py:190} INFO - Current task name:get_datetime state:running start_date:2024-12-17 09:27:03.030172+00:00
[2024-12-17T09:27:03.259+0000] {logging_mixin.py:190} INFO - Dag name:Projet_poubelle and current dag run status:running
[2024-12-17T09:27:03.259+0000] {taskinstance.py:731} INFO - ::endgroup::
[2024-12-17T09:27:03.259+0000] {subprocess.py:63} INFO - Tmp dir root location: /tmp
[2024-12-17T09:27:03.260+0000] {subprocess.py:75} INFO - Running command: ['/usr/bin/bash', '-c', 'date']
[2024-12-17T09:27:03.269+0000] {subprocess.py:86} INFO - Output:
[2024-12-17T09:27:03.271+0000] {subprocess.py:93} INFO - Tue Dec 17 09:27:03 UTC 2024
[2024-12-17T09:27:03.271+0000] {subprocess.py:97} INFO - Command exited with return code 0
[2024-12-17T09:27:03.302+0000] {taskinstance.py:340} INFO - ::group::Post task execution logs
[2024-12-17T09:27:03.303+0000] {taskinstance.py:352} INFO - Marking task as SUCCESS. dag_id=Projet_poubelle, task_id=get_datetime, run_id=scheduled__2024-12-17T09:26:00+00:00, execution_date=20241217T092600, start_date=20241217T092703, end_date=20241217T092703
[2024-12-17T09:27:03.317+0000] {logging_mixin.py:190} INFO - Task instance in success state
[2024-12-17T09:27:03.318+0000] {logging_mixin.py:190} INFO -  Previous state of the Task instance: running
[2024-12-17T09:27:03.318+0000] {logging_mixin.py:190} INFO - Dag name:Projet_poubelle queued_at:2024-12-17 09:27:00.949780+00:00
[2024-12-17T09:27:03.318+0000] {logging_mixin.py:190} INFO - Task hostname:5365fe4338c6 operator:BashOperator
[2024-12-17T09:27:03.344+0000] {local_task_job_runner.py:266} INFO - Task exited with return code 0
[2024-12-17T09:27:03.354+0000] {taskinstance.py:3900} INFO - 0 downstream tasks scheduled from follow-on schedule check
[2024-12-17T09:27:03.355+0000] {local_task_job_runner.py:245} INFO - ::endgroup::
