[2024-11-28T14:24:03.543+0000] {local_task_job_runner.py:123} INFO - ::group::Pre task execution logs
[2024-11-28T14:24:03.556+0000] {taskinstance.py:2612} INFO - Dependencies all met for dep_context=non-requeueable deps ti=<TaskInstance: Projet_poubelle.get_datetime scheduled__2024-11-28T14:23:00+00:00 [queued]>
[2024-11-28T14:24:03.561+0000] {taskinstance.py:2612} INFO - Dependencies all met for dep_context=requeueable deps ti=<TaskInstance: Projet_poubelle.get_datetime scheduled__2024-11-28T14:23:00+00:00 [queued]>
[2024-11-28T14:24:03.561+0000] {taskinstance.py:2865} INFO - Starting attempt 1 of 1
[2024-11-28T14:24:03.572+0000] {taskinstance.py:2888} INFO - Executing <Task(BashOperator): get_datetime> on 2024-11-28 14:23:00+00:00
[2024-11-28T14:24:03.578+0000] {warnings.py:112} WARNING - /home/***/.local/lib/python3.12/site-packages/***/task/task_runner/standard_task_runner.py:70: DeprecationWarning: This process (pid=13909) is multi-threaded, use of fork() may lead to deadlocks in the child.
  pid = os.fork()

[2024-11-28T14:24:03.579+0000] {standard_task_runner.py:72} INFO - Started process 13911 to run task
[2024-11-28T14:24:03.580+0000] {standard_task_runner.py:104} INFO - Running: ['***', 'tasks', 'run', 'Projet_poubelle', 'get_datetime', 'scheduled__2024-11-28T14:23:00+00:00', '--job-id', '33330', '--raw', '--subdir', 'DAGS_FOLDER/Projet_poubelle.py', '--cfg-path', '/tmp/tmp4uxp5t0k']
[2024-11-28T14:24:03.580+0000] {standard_task_runner.py:105} INFO - Job 33330: Subtask get_datetime
[2024-11-28T14:24:03.612+0000] {task_command.py:467} INFO - Running <TaskInstance: Projet_poubelle.get_datetime scheduled__2024-11-28T14:23:00+00:00 [running]> on host 5365fe4338c6
[2024-11-28T14:24:03.666+0000] {taskinstance.py:3131} INFO - Exporting env vars: AIRFLOW_CTX_DAG_OWNER='***' AIRFLOW_CTX_DAG_ID='Projet_poubelle' AIRFLOW_CTX_TASK_ID='get_datetime' AIRFLOW_CTX_EXECUTION_DATE='2024-11-28T14:23:00+00:00' AIRFLOW_CTX_TRY_NUMBER='1' AIRFLOW_CTX_DAG_RUN_ID='scheduled__2024-11-28T14:23:00+00:00'
[2024-11-28T14:24:03.667+0000] {logging_mixin.py:190} INFO - Task instance is in running state
[2024-11-28T14:24:03.667+0000] {logging_mixin.py:190} INFO -  Previous state of the Task instance: queued
[2024-11-28T14:24:03.667+0000] {logging_mixin.py:190} INFO - Current task name:get_datetime state:running start_date:2024-11-28 14:24:03.556316+00:00
[2024-11-28T14:24:03.667+0000] {logging_mixin.py:190} INFO - Dag name:Projet_poubelle and current dag run status:running
[2024-11-28T14:24:03.667+0000] {taskinstance.py:731} INFO - ::endgroup::
[2024-11-28T14:24:03.668+0000] {subprocess.py:63} INFO - Tmp dir root location: /tmp
[2024-11-28T14:24:03.668+0000] {subprocess.py:75} INFO - Running command: ['/usr/bin/bash', '-c', 'date']
[2024-11-28T14:24:03.680+0000] {subprocess.py:86} INFO - Output:
[2024-11-28T14:24:03.682+0000] {subprocess.py:93} INFO - Thu Nov 28 14:24:03 UTC 2024
[2024-11-28T14:24:03.683+0000] {subprocess.py:97} INFO - Command exited with return code 0
[2024-11-28T14:24:03.703+0000] {taskinstance.py:340} INFO - ::group::Post task execution logs
[2024-11-28T14:24:03.704+0000] {taskinstance.py:352} INFO - Marking task as SUCCESS. dag_id=Projet_poubelle, task_id=get_datetime, run_id=scheduled__2024-11-28T14:23:00+00:00, execution_date=20241128T142300, start_date=20241128T142403, end_date=20241128T142403
[2024-11-28T14:24:03.711+0000] {logging_mixin.py:190} INFO - Task instance in success state
[2024-11-28T14:24:03.711+0000] {logging_mixin.py:190} INFO -  Previous state of the Task instance: running
[2024-11-28T14:24:03.711+0000] {logging_mixin.py:190} INFO - Dag name:Projet_poubelle queued_at:2024-11-28 14:24:01.004805+00:00
[2024-11-28T14:24:03.711+0000] {logging_mixin.py:190} INFO - Task hostname:5365fe4338c6 operator:BashOperator
[2024-11-28T14:24:03.752+0000] {local_task_job_runner.py:266} INFO - Task exited with return code 0
[2024-11-28T14:24:03.770+0000] {taskinstance.py:3900} INFO - 1 downstream tasks scheduled from follow-on schedule check
[2024-11-28T14:24:03.771+0000] {local_task_job_runner.py:245} INFO - ::endgroup::
