[2025-01-08T11:33:05.795+0000] {local_task_job_runner.py:123} INFO - ::group::Pre task execution logs
[2025-01-08T11:33:05.804+0000] {taskinstance.py:2612} INFO - Dependencies all met for dep_context=non-requeueable deps ti=<TaskInstance: Projet_poubelle.read_csv scheduled__2025-01-08T11:32:00+00:00 [queued]>
[2025-01-08T11:33:05.809+0000] {taskinstance.py:2612} INFO - Dependencies all met for dep_context=requeueable deps ti=<TaskInstance: Projet_poubelle.read_csv scheduled__2025-01-08T11:32:00+00:00 [queued]>
[2025-01-08T11:33:05.809+0000] {taskinstance.py:2865} INFO - Starting attempt 1 of 1
[2025-01-08T11:33:05.817+0000] {taskinstance.py:2888} INFO - Executing <Task(PythonOperator): read_csv> on 2025-01-08 11:32:00+00:00
[2025-01-08T11:33:05.824+0000] {warnings.py:112} WARNING - /home/***/.local/lib/python3.12/site-packages/***/task/task_runner/standard_task_runner.py:70: DeprecationWarning: This process (pid=7856) is multi-threaded, use of fork() may lead to deadlocks in the child.
  pid = os.fork()

[2025-01-08T11:33:05.825+0000] {standard_task_runner.py:72} INFO - Started process 7858 to run task
[2025-01-08T11:33:05.826+0000] {standard_task_runner.py:104} INFO - Running: ['***', 'tasks', 'run', 'Projet_poubelle', 'read_csv', 'scheduled__2025-01-08T11:32:00+00:00', '--job-id', '63112', '--raw', '--subdir', 'DAGS_FOLDER/Projet_poubelle.py', '--cfg-path', '/tmp/tmpb2n6f6lb']
[2025-01-08T11:33:05.827+0000] {standard_task_runner.py:105} INFO - Job 63112: Subtask read_csv
[2025-01-08T11:33:05.861+0000] {task_command.py:467} INFO - Running <TaskInstance: Projet_poubelle.read_csv scheduled__2025-01-08T11:32:00+00:00 [running]> on host 5365fe4338c6
[2025-01-08T11:33:05.914+0000] {taskinstance.py:3131} INFO - Exporting env vars: AIRFLOW_CTX_DAG_OWNER='***' AIRFLOW_CTX_DAG_ID='Projet_poubelle' AIRFLOW_CTX_TASK_ID='read_csv' AIRFLOW_CTX_EXECUTION_DATE='2025-01-08T11:32:00+00:00' AIRFLOW_CTX_TRY_NUMBER='1' AIRFLOW_CTX_DAG_RUN_ID='scheduled__2025-01-08T11:32:00+00:00'
[2025-01-08T11:33:05.914+0000] {logging_mixin.py:190} INFO - Task instance is in running state
[2025-01-08T11:33:05.915+0000] {logging_mixin.py:190} INFO -  Previous state of the Task instance: queued
[2025-01-08T11:33:05.915+0000] {logging_mixin.py:190} INFO - Current task name:read_csv state:running start_date:2025-01-08 11:33:05.804793+00:00
[2025-01-08T11:33:05.915+0000] {logging_mixin.py:190} INFO - Dag name:Projet_poubelle and current dag run status:running
[2025-01-08T11:33:05.915+0000] {taskinstance.py:731} INFO - ::endgroup::
[2025-01-08T11:33:05.936+0000] {python.py:240} INFO - Done. Returned value was: None
[2025-01-08T11:33:05.943+0000] {taskinstance.py:340} INFO - ::group::Post task execution logs
[2025-01-08T11:33:05.944+0000] {taskinstance.py:352} INFO - Marking task as SUCCESS. dag_id=Projet_poubelle, task_id=read_csv, run_id=scheduled__2025-01-08T11:32:00+00:00, execution_date=20250108T113200, start_date=20250108T113305, end_date=20250108T113305
[2025-01-08T11:33:05.949+0000] {logging_mixin.py:190} INFO - Task instance in success state
[2025-01-08T11:33:05.949+0000] {logging_mixin.py:190} INFO -  Previous state of the Task instance: running
[2025-01-08T11:33:05.949+0000] {logging_mixin.py:190} INFO - Dag name:Projet_poubelle queued_at:2025-01-08 11:33:01.031521+00:00
[2025-01-08T11:33:05.949+0000] {logging_mixin.py:190} INFO - Task hostname:5365fe4338c6 operator:PythonOperator
[2025-01-08T11:33:05.958+0000] {local_task_job_runner.py:266} INFO - Task exited with return code 0
[2025-01-08T11:33:05.971+0000] {taskinstance.py:3900} INFO - 0 downstream tasks scheduled from follow-on schedule check
[2025-01-08T11:33:05.972+0000] {local_task_job_runner.py:245} INFO - ::endgroup::
