[2024-11-13T09:20:02.404+0000] {local_task_job_runner.py:123} INFO - ::group::Pre task execution logs
[2024-11-13T09:20:02.415+0000] {taskinstance.py:2612} INFO - Dependencies all met for dep_context=non-requeueable deps ti=<TaskInstance: Projet_poubelle.get_datetime scheduled__2024-11-13T09:19:00+00:00 [queued]>
[2024-11-13T09:20:02.420+0000] {taskinstance.py:2612} INFO - Dependencies all met for dep_context=requeueable deps ti=<TaskInstance: Projet_poubelle.get_datetime scheduled__2024-11-13T09:19:00+00:00 [queued]>
[2024-11-13T09:20:02.420+0000] {taskinstance.py:2865} INFO - Starting attempt 1 of 1
[2024-11-13T09:20:02.429+0000] {taskinstance.py:2888} INFO - Executing <Task(BashOperator): get_datetime> on 2024-11-13 09:19:00+00:00
[2024-11-13T09:20:02.434+0000] {warnings.py:112} WARNING - /home/***/.local/lib/python3.12/site-packages/***/task/task_runner/standard_task_runner.py:70: DeprecationWarning: This process (pid=2908) is multi-threaded, use of fork() may lead to deadlocks in the child.
  pid = os.fork()

[2024-11-13T09:20:02.434+0000] {standard_task_runner.py:72} INFO - Started process 2914 to run task
[2024-11-13T09:20:02.435+0000] {standard_task_runner.py:104} INFO - Running: ['***', 'tasks', 'run', 'Projet_poubelle', 'get_datetime', 'scheduled__2024-11-13T09:19:00+00:00', '--job-id', '7536', '--raw', '--subdir', 'DAGS_FOLDER/Projet_poubelle.py', '--cfg-path', '/tmp/tmpqqt2ex0h']
[2024-11-13T09:20:02.436+0000] {standard_task_runner.py:105} INFO - Job 7536: Subtask get_datetime
[2024-11-13T09:20:02.464+0000] {task_command.py:467} INFO - Running <TaskInstance: Projet_poubelle.get_datetime scheduled__2024-11-13T09:19:00+00:00 [running]> on host 5365fe4338c6
[2024-11-13T09:20:02.515+0000] {taskinstance.py:3131} INFO - Exporting env vars: AIRFLOW_CTX_DAG_OWNER='***' AIRFLOW_CTX_DAG_ID='Projet_poubelle' AIRFLOW_CTX_TASK_ID='get_datetime' AIRFLOW_CTX_EXECUTION_DATE='2024-11-13T09:19:00+00:00' AIRFLOW_CTX_TRY_NUMBER='1' AIRFLOW_CTX_DAG_RUN_ID='scheduled__2024-11-13T09:19:00+00:00'
[2024-11-13T09:20:02.516+0000] {logging_mixin.py:190} INFO - Task instance is in running state
[2024-11-13T09:20:02.516+0000] {logging_mixin.py:190} INFO -  Previous state of the Task instance: queued
[2024-11-13T09:20:02.516+0000] {logging_mixin.py:190} INFO - Current task name:get_datetime state:running start_date:2024-11-13 09:20:02.416143+00:00
[2024-11-13T09:20:02.516+0000] {logging_mixin.py:190} INFO - Dag name:Projet_poubelle and current dag run status:running
[2024-11-13T09:20:02.516+0000] {taskinstance.py:731} INFO - ::endgroup::
[2024-11-13T09:20:02.516+0000] {subprocess.py:63} INFO - Tmp dir root location: /tmp
[2024-11-13T09:20:02.517+0000] {subprocess.py:75} INFO - Running command: ['/usr/bin/bash', '-c', 'date']
[2024-11-13T09:20:02.527+0000] {subprocess.py:86} INFO - Output:
[2024-11-13T09:20:02.529+0000] {subprocess.py:93} INFO - Wed Nov 13 09:20:02 UTC 2024
[2024-11-13T09:20:02.530+0000] {subprocess.py:97} INFO - Command exited with return code 0
[2024-11-13T09:20:02.545+0000] {taskinstance.py:340} INFO - ::group::Post task execution logs
[2024-11-13T09:20:02.545+0000] {taskinstance.py:352} INFO - Marking task as SUCCESS. dag_id=Projet_poubelle, task_id=get_datetime, run_id=scheduled__2024-11-13T09:19:00+00:00, execution_date=20241113T091900, start_date=20241113T092002, end_date=20241113T092002
[2024-11-13T09:20:02.550+0000] {logging_mixin.py:190} INFO - Task instance in success state
[2024-11-13T09:20:02.550+0000] {logging_mixin.py:190} INFO -  Previous state of the Task instance: running
[2024-11-13T09:20:02.550+0000] {logging_mixin.py:190} INFO - Dag name:Projet_poubelle queued_at:2024-11-13 09:20:00.498860+00:00
[2024-11-13T09:20:02.550+0000] {logging_mixin.py:190} INFO - Task hostname:5365fe4338c6 operator:BashOperator
[2024-11-13T09:20:02.567+0000] {local_task_job_runner.py:266} INFO - Task exited with return code 0
[2024-11-13T09:20:02.580+0000] {taskinstance.py:3900} INFO - 1 downstream tasks scheduled from follow-on schedule check
[2024-11-13T09:20:02.581+0000] {local_task_job_runner.py:245} INFO - ::endgroup::
