[2025-01-08T09:07:01.308+0000] {local_task_job_runner.py:123} INFO - ::group::Pre task execution logs
[2025-01-08T09:07:01.318+0000] {taskinstance.py:2612} INFO - Dependencies all met for dep_context=non-requeueable deps ti=<TaskInstance: first_airflow_dag.get_datetime scheduled__2025-01-08T09:06:00+00:00 [queued]>
[2025-01-08T09:07:01.323+0000] {taskinstance.py:2612} INFO - Dependencies all met for dep_context=requeueable deps ti=<TaskInstance: first_airflow_dag.get_datetime scheduled__2025-01-08T09:06:00+00:00 [queued]>
[2025-01-08T09:07:01.323+0000] {taskinstance.py:2865} INFO - Starting attempt 1 of 1
[2025-01-08T09:07:01.331+0000] {taskinstance.py:2888} INFO - Executing <Task(BashOperator): get_datetime> on 2025-01-08 09:06:00+00:00
[2025-01-08T09:07:01.337+0000] {warnings.py:112} WARNING - /home/***/.local/lib/python3.12/site-packages/***/task/task_runner/standard_task_runner.py:70: DeprecationWarning: This process (pid=2562) is multi-threaded, use of fork() may lead to deadlocks in the child.
  pid = os.fork()

[2025-01-08T09:07:01.338+0000] {standard_task_runner.py:72} INFO - Started process 2568 to run task
[2025-01-08T09:07:01.339+0000] {standard_task_runner.py:104} INFO - Running: ['***', 'tasks', 'run', 'first_***_dag', 'get_datetime', 'scheduled__2025-01-08T09:06:00+00:00', '--job-id', '62348', '--raw', '--subdir', 'DAGS_FOLDER/first_***_dag.py', '--cfg-path', '/tmp/tmp_j3jbcb2']
[2025-01-08T09:07:01.340+0000] {standard_task_runner.py:105} INFO - Job 62348: Subtask get_datetime
[2025-01-08T09:07:01.370+0000] {task_command.py:467} INFO - Running <TaskInstance: first_airflow_dag.get_datetime scheduled__2025-01-08T09:06:00+00:00 [running]> on host 5365fe4338c6
[2025-01-08T09:07:01.423+0000] {taskinstance.py:3131} INFO - Exporting env vars: AIRFLOW_CTX_DAG_OWNER='***' AIRFLOW_CTX_DAG_ID='first_***_dag' AIRFLOW_CTX_TASK_ID='get_datetime' AIRFLOW_CTX_EXECUTION_DATE='2025-01-08T09:06:00+00:00' AIRFLOW_CTX_TRY_NUMBER='1' AIRFLOW_CTX_DAG_RUN_ID='scheduled__2025-01-08T09:06:00+00:00'
[2025-01-08T09:07:01.424+0000] {logging_mixin.py:190} INFO - Task instance is in running state
[2025-01-08T09:07:01.424+0000] {logging_mixin.py:190} INFO -  Previous state of the Task instance: queued
[2025-01-08T09:07:01.424+0000] {logging_mixin.py:190} INFO - Current task name:get_datetime state:running start_date:2025-01-08 09:07:01.319249+00:00
[2025-01-08T09:07:01.425+0000] {logging_mixin.py:190} INFO - Dag name:first_***_dag and current dag run status:running
[2025-01-08T09:07:01.425+0000] {taskinstance.py:731} INFO - ::endgroup::
[2025-01-08T09:07:01.425+0000] {subprocess.py:63} INFO - Tmp dir root location: /tmp
[2025-01-08T09:07:01.425+0000] {subprocess.py:75} INFO - Running command: ['/usr/bin/bash', '-c', 'date']
[2025-01-08T09:07:01.436+0000] {subprocess.py:86} INFO - Output:
[2025-01-08T09:07:01.438+0000] {subprocess.py:93} INFO - Wed Jan  8 09:07:01 UTC 2025
[2025-01-08T09:07:01.439+0000] {subprocess.py:97} INFO - Command exited with return code 0
[2025-01-08T09:07:01.454+0000] {taskinstance.py:340} INFO - ::group::Post task execution logs
[2025-01-08T09:07:01.454+0000] {taskinstance.py:352} INFO - Marking task as SUCCESS. dag_id=first_***_dag, task_id=get_datetime, run_id=scheduled__2025-01-08T09:06:00+00:00, execution_date=20250108T090600, start_date=20250108T090701, end_date=20250108T090701
[2025-01-08T09:07:01.461+0000] {logging_mixin.py:190} INFO - Task instance in success state
[2025-01-08T09:07:01.461+0000] {logging_mixin.py:190} INFO -  Previous state of the Task instance: running
[2025-01-08T09:07:01.461+0000] {logging_mixin.py:190} INFO - Dag name:first_***_dag queued_at:2025-01-08 09:07:00.436289+00:00
[2025-01-08T09:07:01.461+0000] {logging_mixin.py:190} INFO - Task hostname:5365fe4338c6 operator:BashOperator
[2025-01-08T09:07:01.471+0000] {local_task_job_runner.py:266} INFO - Task exited with return code 0
[2025-01-08T09:07:01.482+0000] {taskinstance.py:3900} INFO - 0 downstream tasks scheduled from follow-on schedule check
[2025-01-08T09:07:01.483+0000] {local_task_job_runner.py:245} INFO - ::endgroup::
