[2024-11-07T14:24:59.665+0000] {local_task_job_runner.py:123} INFO - ::group::Pre task execution logs
[2024-11-07T14:24:59.674+0000] {taskinstance.py:2612} INFO - Dependencies all met for dep_context=non-requeueable deps ti=<TaskInstance: crypto.push scheduled__2024-11-07T14:10:00+00:00 [queued]>
[2024-11-07T14:24:59.679+0000] {taskinstance.py:2612} INFO - Dependencies all met for dep_context=requeueable deps ti=<TaskInstance: crypto.push scheduled__2024-11-07T14:10:00+00:00 [queued]>
[2024-11-07T14:24:59.679+0000] {taskinstance.py:2865} INFO - Starting attempt 1 of 1
[2024-11-07T14:24:59.687+0000] {taskinstance.py:2888} INFO - Executing <Task(PythonOperator): push> on 2024-11-07 14:10:00+00:00
[2024-11-07T14:24:59.693+0000] {warnings.py:112} WARNING - /home/***/.local/lib/python3.12/site-packages/***/task/task_runner/standard_task_runner.py:70: DeprecationWarning: This process (pid=12223) is multi-threaded, use of fork() may lead to deadlocks in the child.
  pid = os.fork()

[2024-11-07T14:24:59.694+0000] {standard_task_runner.py:72} INFO - Started process 12225 to run task
[2024-11-07T14:24:59.694+0000] {standard_task_runner.py:104} INFO - Running: ['***', 'tasks', 'run', 'crypto', 'push', 'scheduled__2024-11-07T14:10:00+00:00', '--job-id', '1730', '--raw', '--subdir', 'DAGS_FOLDER/projet_group.py', '--cfg-path', '/tmp/tmpd637aev3']
[2024-11-07T14:24:59.695+0000] {standard_task_runner.py:105} INFO - Job 1730: Subtask push
[2024-11-07T14:24:59.722+0000] {task_command.py:467} INFO - Running <TaskInstance: crypto.push scheduled__2024-11-07T14:10:00+00:00 [running]> on host 5365fe4338c6
[2024-11-07T14:24:59.765+0000] {taskinstance.py:3131} INFO - Exporting env vars: AIRFLOW_CTX_DAG_OWNER='***' AIRFLOW_CTX_DAG_ID='crypto' AIRFLOW_CTX_TASK_ID='push' AIRFLOW_CTX_EXECUTION_DATE='2024-11-07T14:10:00+00:00' AIRFLOW_CTX_TRY_NUMBER='1' AIRFLOW_CTX_DAG_RUN_ID='scheduled__2024-11-07T14:10:00+00:00'
[2024-11-07T14:24:59.766+0000] {logging_mixin.py:190} INFO - Task instance is in running state
[2024-11-07T14:24:59.766+0000] {logging_mixin.py:190} INFO -  Previous state of the Task instance: queued
[2024-11-07T14:24:59.766+0000] {logging_mixin.py:190} INFO - Current task name:push state:running start_date:2024-11-07 14:24:59.674847+00:00
[2024-11-07T14:24:59.766+0000] {logging_mixin.py:190} INFO - Dag name:crypto and current dag run status:running
[2024-11-07T14:24:59.766+0000] {taskinstance.py:731} INFO - ::endgroup::
[2024-11-07T14:25:40.720+0000] {python.py:240} INFO - Done. Returned value was: None
[2024-11-07T14:25:40.727+0000] {taskinstance.py:340} INFO - ::group::Post task execution logs
[2024-11-07T14:25:40.727+0000] {taskinstance.py:352} INFO - Marking task as SUCCESS. dag_id=crypto, task_id=push, run_id=scheduled__2024-11-07T14:10:00+00:00, execution_date=20241107T141000, start_date=20241107T142459, end_date=20241107T142540
[2024-11-07T14:25:40.732+0000] {logging_mixin.py:190} INFO - Task instance in success state
[2024-11-07T14:25:40.733+0000] {logging_mixin.py:190} INFO -  Previous state of the Task instance: running
[2024-11-07T14:25:40.733+0000] {logging_mixin.py:190} INFO - Dag name:crypto queued_at:2024-11-07 14:24:58.934678+00:00
[2024-11-07T14:25:40.733+0000] {logging_mixin.py:190} INFO - Task hostname:5365fe4338c6 operator:PythonOperator
[2024-11-07T14:25:40.755+0000] {local_task_job_runner.py:266} INFO - Task exited with return code 0
[2024-11-07T14:25:40.766+0000] {taskinstance.py:3900} INFO - 0 downstream tasks scheduled from follow-on schedule check
[2024-11-07T14:25:40.767+0000] {local_task_job_runner.py:245} INFO - ::endgroup::
