[2024-12-09T13:25:04.973+0000] {local_task_job_runner.py:123} INFO - ::group::Pre task execution logs
[2024-12-09T13:25:04.985+0000] {taskinstance.py:2612} INFO - Dependencies all met for dep_context=non-requeueable deps ti=<TaskInstance: Projet_poubelle.read_csv scheduled__2024-12-09T13:24:00+00:00 [queued]>
[2024-12-09T13:25:04.990+0000] {taskinstance.py:2612} INFO - Dependencies all met for dep_context=requeueable deps ti=<TaskInstance: Projet_poubelle.read_csv scheduled__2024-12-09T13:24:00+00:00 [queued]>
[2024-12-09T13:25:04.990+0000] {taskinstance.py:2865} INFO - Starting attempt 1 of 1
[2024-12-09T13:25:04.998+0000] {taskinstance.py:2888} INFO - Executing <Task(PythonOperator): read_csv> on 2024-12-09 13:24:00+00:00
[2024-12-09T13:25:05.003+0000] {warnings.py:112} WARNING - /home/***/.local/lib/python3.12/site-packages/***/task/task_runner/standard_task_runner.py:70: DeprecationWarning: This process (pid=12373) is multi-threaded, use of fork() may lead to deadlocks in the child.
  pid = os.fork()

[2024-12-09T13:25:05.004+0000] {standard_task_runner.py:72} INFO - Started process 12375 to run task
[2024-12-09T13:25:05.005+0000] {standard_task_runner.py:104} INFO - Running: ['***', 'tasks', 'run', 'Projet_poubelle', 'read_csv', 'scheduled__2024-12-09T13:24:00+00:00', '--job-id', '46645', '--raw', '--subdir', 'DAGS_FOLDER/Projet_poubelle.py', '--cfg-path', '/tmp/tmp5bkwy050']
[2024-12-09T13:25:05.006+0000] {standard_task_runner.py:105} INFO - Job 46645: Subtask read_csv
[2024-12-09T13:25:05.037+0000] {task_command.py:467} INFO - Running <TaskInstance: Projet_poubelle.read_csv scheduled__2024-12-09T13:24:00+00:00 [running]> on host 5365fe4338c6
[2024-12-09T13:25:05.085+0000] {taskinstance.py:3131} INFO - Exporting env vars: AIRFLOW_CTX_DAG_OWNER='***' AIRFLOW_CTX_DAG_ID='Projet_poubelle' AIRFLOW_CTX_TASK_ID='read_csv' AIRFLOW_CTX_EXECUTION_DATE='2024-12-09T13:24:00+00:00' AIRFLOW_CTX_TRY_NUMBER='1' AIRFLOW_CTX_DAG_RUN_ID='scheduled__2024-12-09T13:24:00+00:00'
[2024-12-09T13:25:05.086+0000] {logging_mixin.py:190} INFO - Task instance is in running state
[2024-12-09T13:25:05.086+0000] {logging_mixin.py:190} INFO -  Previous state of the Task instance: queued
[2024-12-09T13:25:05.087+0000] {logging_mixin.py:190} INFO - Current task name:read_csv state:running start_date:2024-12-09 13:25:04.985834+00:00
[2024-12-09T13:25:05.087+0000] {logging_mixin.py:190} INFO - Dag name:Projet_poubelle and current dag run status:running
[2024-12-09T13:25:05.087+0000] {taskinstance.py:731} INFO - ::endgroup::
[2024-12-09T13:25:05.108+0000] {python.py:240} INFO - Done. Returned value was: None
[2024-12-09T13:25:05.115+0000] {taskinstance.py:340} INFO - ::group::Post task execution logs
[2024-12-09T13:25:05.115+0000] {taskinstance.py:352} INFO - Marking task as SUCCESS. dag_id=Projet_poubelle, task_id=read_csv, run_id=scheduled__2024-12-09T13:24:00+00:00, execution_date=20241209T132400, start_date=20241209T132504, end_date=20241209T132505
[2024-12-09T13:25:05.121+0000] {logging_mixin.py:190} INFO - Task instance in success state
[2024-12-09T13:25:05.121+0000] {logging_mixin.py:190} INFO -  Previous state of the Task instance: running
[2024-12-09T13:25:05.121+0000] {logging_mixin.py:190} INFO - Dag name:Projet_poubelle queued_at:2024-12-09 13:25:01.061400+00:00
[2024-12-09T13:25:05.121+0000] {logging_mixin.py:190} INFO - Task hostname:5365fe4338c6 operator:PythonOperator
[2024-12-09T13:25:05.137+0000] {local_task_job_runner.py:266} INFO - Task exited with return code 0
[2024-12-09T13:25:05.148+0000] {taskinstance.py:3900} INFO - 0 downstream tasks scheduled from follow-on schedule check
[2024-12-09T13:25:05.150+0000] {local_task_job_runner.py:245} INFO - ::endgroup::
