[2024-11-29T11:33:02.930+0000] {local_task_job_runner.py:123} INFO - ::group::Pre task execution logs
[2024-11-29T11:33:02.944+0000] {taskinstance.py:2612} INFO - Dependencies all met for dep_context=non-requeueable deps ti=<TaskInstance: Projet_poubelle.get_datetime scheduled__2024-11-29T11:32:00+00:00 [queued]>
[2024-11-29T11:33:02.948+0000] {taskinstance.py:2612} INFO - Dependencies all met for dep_context=requeueable deps ti=<TaskInstance: Projet_poubelle.get_datetime scheduled__2024-11-29T11:32:00+00:00 [queued]>
[2024-11-29T11:33:02.949+0000] {taskinstance.py:2865} INFO - Starting attempt 1 of 1
[2024-11-29T11:33:02.956+0000] {taskinstance.py:2888} INFO - Executing <Task(BashOperator): get_datetime> on 2024-11-29 11:32:00+00:00
[2024-11-29T11:33:02.961+0000] {warnings.py:112} WARNING - /home/***/.local/lib/python3.12/site-packages/***/task/task_runner/standard_task_runner.py:70: DeprecationWarning: This process (pid=24767) is multi-threaded, use of fork() may lead to deadlocks in the child.
  pid = os.fork()

[2024-11-29T11:33:02.962+0000] {standard_task_runner.py:72} INFO - Started process 24769 to run task
[2024-11-29T11:33:02.963+0000] {standard_task_runner.py:104} INFO - Running: ['***', 'tasks', 'run', 'Projet_poubelle', 'get_datetime', 'scheduled__2024-11-29T11:32:00+00:00', '--job-id', '34899', '--raw', '--subdir', 'DAGS_FOLDER/Projet_poubelle.py', '--cfg-path', '/tmp/tmp8yeyza65']
[2024-11-29T11:33:02.964+0000] {standard_task_runner.py:105} INFO - Job 34899: Subtask get_datetime
[2024-11-29T11:33:03.008+0000] {task_command.py:467} INFO - Running <TaskInstance: Projet_poubelle.get_datetime scheduled__2024-11-29T11:32:00+00:00 [running]> on host 5365fe4338c6
[2024-11-29T11:33:03.070+0000] {taskinstance.py:3131} INFO - Exporting env vars: AIRFLOW_CTX_DAG_OWNER='***' AIRFLOW_CTX_DAG_ID='Projet_poubelle' AIRFLOW_CTX_TASK_ID='get_datetime' AIRFLOW_CTX_EXECUTION_DATE='2024-11-29T11:32:00+00:00' AIRFLOW_CTX_TRY_NUMBER='1' AIRFLOW_CTX_DAG_RUN_ID='scheduled__2024-11-29T11:32:00+00:00'
[2024-11-29T11:33:03.071+0000] {logging_mixin.py:190} INFO - Task instance is in running state
[2024-11-29T11:33:03.072+0000] {logging_mixin.py:190} INFO -  Previous state of the Task instance: queued
[2024-11-29T11:33:03.072+0000] {logging_mixin.py:190} INFO - Current task name:get_datetime state:running start_date:2024-11-29 11:33:02.944422+00:00
[2024-11-29T11:33:03.072+0000] {logging_mixin.py:190} INFO - Dag name:Projet_poubelle and current dag run status:running
[2024-11-29T11:33:03.072+0000] {taskinstance.py:731} INFO - ::endgroup::
[2024-11-29T11:33:03.072+0000] {subprocess.py:63} INFO - Tmp dir root location: /tmp
[2024-11-29T11:33:03.073+0000] {subprocess.py:75} INFO - Running command: ['/usr/bin/bash', '-c', 'date']
[2024-11-29T11:33:03.086+0000] {subprocess.py:86} INFO - Output:
[2024-11-29T11:33:03.088+0000] {subprocess.py:93} INFO - Fri Nov 29 11:33:03 UTC 2024
[2024-11-29T11:33:03.088+0000] {subprocess.py:97} INFO - Command exited with return code 0
[2024-11-29T11:33:03.119+0000] {taskinstance.py:340} INFO - ::group::Post task execution logs
[2024-11-29T11:33:03.120+0000] {taskinstance.py:352} INFO - Marking task as SUCCESS. dag_id=Projet_poubelle, task_id=get_datetime, run_id=scheduled__2024-11-29T11:32:00+00:00, execution_date=20241129T113200, start_date=20241129T113302, end_date=20241129T113303
[2024-11-29T11:33:03.129+0000] {logging_mixin.py:190} INFO - Task instance in success state
[2024-11-29T11:33:03.129+0000] {logging_mixin.py:190} INFO -  Previous state of the Task instance: running
[2024-11-29T11:33:03.130+0000] {logging_mixin.py:190} INFO - Dag name:Projet_poubelle queued_at:2024-11-29 11:33:00.877571+00:00
[2024-11-29T11:33:03.130+0000] {logging_mixin.py:190} INFO - Task hostname:5365fe4338c6 operator:BashOperator
[2024-11-29T11:33:03.176+0000] {local_task_job_runner.py:266} INFO - Task exited with return code 0
[2024-11-29T11:33:03.191+0000] {taskinstance.py:3900} INFO - 1 downstream tasks scheduled from follow-on schedule check
[2024-11-29T11:33:03.192+0000] {local_task_job_runner.py:245} INFO - ::endgroup::
