[2024-12-05T10:00:01.288+0000] {local_task_job_runner.py:123} INFO - ::group::Pre task execution logs
[2024-12-05T10:00:01.300+0000] {taskinstance.py:2612} INFO - Dependencies all met for dep_context=non-requeueable deps ti=<TaskInstance: projet_group.get_datetime scheduled__2024-12-05T09:50:00+00:00 [queued]>
[2024-12-05T10:00:01.306+0000] {taskinstance.py:2612} INFO - Dependencies all met for dep_context=requeueable deps ti=<TaskInstance: projet_group.get_datetime scheduled__2024-12-05T09:50:00+00:00 [queued]>
[2024-12-05T10:00:01.306+0000] {taskinstance.py:2865} INFO - Starting attempt 1 of 1
[2024-12-05T10:00:01.317+0000] {taskinstance.py:2888} INFO - Executing <Task(BashOperator): get_datetime> on 2024-12-05 09:50:00+00:00
[2024-12-05T10:00:01.323+0000] {warnings.py:112} WARNING - /home/***/.local/lib/python3.12/site-packages/***/task/task_runner/standard_task_runner.py:70: DeprecationWarning: This process (pid=4423) is multi-threaded, use of fork() may lead to deadlocks in the child.
  pid = os.fork()

[2024-12-05T10:00:01.324+0000] {standard_task_runner.py:72} INFO - Started process 4434 to run task
[2024-12-05T10:00:01.324+0000] {standard_task_runner.py:104} INFO - Running: ['***', 'tasks', 'run', 'projet_group', 'get_datetime', 'scheduled__2024-12-05T09:50:00+00:00', '--job-id', '41157', '--raw', '--subdir', 'DAGS_FOLDER/projet_group.py', '--cfg-path', '/tmp/tmp1rb8gt5t']
[2024-12-05T10:00:01.325+0000] {standard_task_runner.py:105} INFO - Job 41157: Subtask get_datetime
[2024-12-05T10:00:01.355+0000] {task_command.py:467} INFO - Running <TaskInstance: projet_group.get_datetime scheduled__2024-12-05T09:50:00+00:00 [running]> on host 5365fe4338c6
[2024-12-05T10:00:01.408+0000] {taskinstance.py:3131} INFO - Exporting env vars: AIRFLOW_CTX_DAG_OWNER='***' AIRFLOW_CTX_DAG_ID='projet_group' AIRFLOW_CTX_TASK_ID='get_datetime' AIRFLOW_CTX_EXECUTION_DATE='2024-12-05T09:50:00+00:00' AIRFLOW_CTX_TRY_NUMBER='1' AIRFLOW_CTX_DAG_RUN_ID='scheduled__2024-12-05T09:50:00+00:00'
[2024-12-05T10:00:01.410+0000] {logging_mixin.py:190} INFO - Task instance is in running state
[2024-12-05T10:00:01.410+0000] {logging_mixin.py:190} INFO -  Previous state of the Task instance: queued
[2024-12-05T10:00:01.410+0000] {logging_mixin.py:190} INFO - Current task name:get_datetime state:running start_date:2024-12-05 10:00:01.300962+00:00
[2024-12-05T10:00:01.410+0000] {logging_mixin.py:190} INFO - Dag name:projet_group and current dag run status:running
[2024-12-05T10:00:01.410+0000] {taskinstance.py:731} INFO - ::endgroup::
[2024-12-05T10:00:01.411+0000] {subprocess.py:63} INFO - Tmp dir root location: /tmp
[2024-12-05T10:00:01.411+0000] {subprocess.py:75} INFO - Running command: ['/usr/bin/bash', '-c', 'date']
[2024-12-05T10:00:01.421+0000] {subprocess.py:86} INFO - Output:
[2024-12-05T10:00:01.423+0000] {subprocess.py:93} INFO - Thu Dec  5 10:00:01 UTC 2024
[2024-12-05T10:00:01.424+0000] {subprocess.py:97} INFO - Command exited with return code 0
[2024-12-05T10:00:01.443+0000] {taskinstance.py:340} INFO - ::group::Post task execution logs
[2024-12-05T10:00:01.443+0000] {taskinstance.py:352} INFO - Marking task as SUCCESS. dag_id=projet_group, task_id=get_datetime, run_id=scheduled__2024-12-05T09:50:00+00:00, execution_date=20241205T095000, start_date=20241205T100001, end_date=20241205T100001
[2024-12-05T10:00:01.452+0000] {logging_mixin.py:190} INFO - Task instance in success state
[2024-12-05T10:00:01.452+0000] {logging_mixin.py:190} INFO -  Previous state of the Task instance: running
[2024-12-05T10:00:01.452+0000] {logging_mixin.py:190} INFO - Dag name:projet_group queued_at:2024-12-05 10:00:00.304892+00:00
[2024-12-05T10:00:01.452+0000] {logging_mixin.py:190} INFO - Task hostname:5365fe4338c6 operator:BashOperator
[2024-12-05T10:00:01.497+0000] {local_task_job_runner.py:266} INFO - Task exited with return code 0
[2024-12-05T10:00:01.510+0000] {taskinstance.py:3900} INFO - 1 downstream tasks scheduled from follow-on schedule check
[2024-12-05T10:00:01.512+0000] {local_task_job_runner.py:245} INFO - ::endgroup::
