[2025-01-08T09:00:02.943+0000] {local_task_job_runner.py:123} INFO - ::group::Pre task execution logs
[2025-01-08T09:00:02.955+0000] {taskinstance.py:2612} INFO - Dependencies all met for dep_context=non-requeueable deps ti=<TaskInstance: projet_group.push scheduled__2025-01-08T08:50:00+00:00 [queued]>
[2025-01-08T09:00:02.961+0000] {taskinstance.py:2612} INFO - Dependencies all met for dep_context=requeueable deps ti=<TaskInstance: projet_group.push scheduled__2025-01-08T08:50:00+00:00 [queued]>
[2025-01-08T09:00:02.961+0000] {taskinstance.py:2865} INFO - Starting attempt 1 of 1
[2025-01-08T09:00:02.970+0000] {taskinstance.py:2888} INFO - Executing <Task(PythonOperator): push> on 2025-01-08 08:50:00+00:00
[2025-01-08T09:00:02.976+0000] {warnings.py:112} WARNING - /home/***/.local/lib/python3.12/site-packages/***/task/task_runner/standard_task_runner.py:70: DeprecationWarning: This process (pid=2328) is multi-threaded, use of fork() may lead to deadlocks in the child.
  pid = os.fork()

[2025-01-08T09:00:02.976+0000] {standard_task_runner.py:72} INFO - Started process 2332 to run task
[2025-01-08T09:00:02.977+0000] {standard_task_runner.py:104} INFO - Running: ['***', 'tasks', 'run', 'projet_group', 'push', 'scheduled__2025-01-08T08:50:00+00:00', '--job-id', '62316', '--raw', '--subdir', 'DAGS_FOLDER/projet_group.py', '--cfg-path', '/tmp/tmpdm2uxqjm']
[2025-01-08T09:00:02.978+0000] {standard_task_runner.py:105} INFO - Job 62316: Subtask push
[2025-01-08T09:00:03.009+0000] {task_command.py:467} INFO - Running <TaskInstance: projet_group.push scheduled__2025-01-08T08:50:00+00:00 [running]> on host 5365fe4338c6
[2025-01-08T09:00:03.061+0000] {taskinstance.py:3131} INFO - Exporting env vars: AIRFLOW_CTX_DAG_OWNER='***' AIRFLOW_CTX_DAG_ID='projet_group' AIRFLOW_CTX_TASK_ID='push' AIRFLOW_CTX_EXECUTION_DATE='2025-01-08T08:50:00+00:00' AIRFLOW_CTX_TRY_NUMBER='1' AIRFLOW_CTX_DAG_RUN_ID='scheduled__2025-01-08T08:50:00+00:00'
[2025-01-08T09:00:03.062+0000] {logging_mixin.py:190} INFO - Task instance is in running state
[2025-01-08T09:00:03.062+0000] {logging_mixin.py:190} INFO -  Previous state of the Task instance: queued
[2025-01-08T09:00:03.062+0000] {logging_mixin.py:190} INFO - Current task name:push state:running start_date:2025-01-08 09:00:02.955673+00:00
[2025-01-08T09:00:03.062+0000] {logging_mixin.py:190} INFO - Dag name:projet_group and current dag run status:running
[2025-01-08T09:00:03.062+0000] {taskinstance.py:731} INFO - ::endgroup::
[2025-01-08T09:00:53.573+0000] {python.py:240} INFO - Done. Returned value was: None
[2025-01-08T09:00:53.580+0000] {taskinstance.py:340} INFO - ::group::Post task execution logs
[2025-01-08T09:00:53.581+0000] {taskinstance.py:352} INFO - Marking task as SUCCESS. dag_id=projet_group, task_id=push, run_id=scheduled__2025-01-08T08:50:00+00:00, execution_date=20250108T085000, start_date=20250108T090002, end_date=20250108T090053
[2025-01-08T09:00:53.587+0000] {logging_mixin.py:190} INFO - Task instance in success state
[2025-01-08T09:00:53.587+0000] {logging_mixin.py:190} INFO -  Previous state of the Task instance: running
[2025-01-08T09:00:53.588+0000] {logging_mixin.py:190} INFO - Dag name:projet_group queued_at:2025-01-08 09:00:00.868087+00:00
[2025-01-08T09:00:53.588+0000] {logging_mixin.py:190} INFO - Task hostname:5365fe4338c6 operator:PythonOperator
[2025-01-08T09:00:53.627+0000] {local_task_job_runner.py:266} INFO - Task exited with return code 0
[2025-01-08T09:00:53.637+0000] {taskinstance.py:3900} INFO - 0 downstream tasks scheduled from follow-on schedule check
[2025-01-08T09:00:53.638+0000] {local_task_job_runner.py:245} INFO - ::endgroup::
