[2024-11-27T10:00:03.047+0000] {local_task_job_runner.py:123} INFO - ::group::Pre task execution logs
[2024-11-27T10:00:03.057+0000] {taskinstance.py:2612} INFO - Dependencies all met for dep_context=non-requeueable deps ti=<TaskInstance: projet_group.push scheduled__2024-11-27T09:50:00+00:00 [queued]>
[2024-11-27T10:00:03.062+0000] {taskinstance.py:2612} INFO - Dependencies all met for dep_context=requeueable deps ti=<TaskInstance: projet_group.push scheduled__2024-11-27T09:50:00+00:00 [queued]>
[2024-11-27T10:00:03.062+0000] {taskinstance.py:2865} INFO - Starting attempt 1 of 1
[2024-11-27T10:00:03.070+0000] {taskinstance.py:2888} INFO - Executing <Task(PythonOperator): push> on 2024-11-27 09:50:00+00:00
[2024-11-27T10:00:03.076+0000] {warnings.py:112} WARNING - /home/***/.local/lib/python3.12/site-packages/***/task/task_runner/standard_task_runner.py:70: DeprecationWarning: This process (pid=4376) is multi-threaded, use of fork() may lead to deadlocks in the child.
  pid = os.fork()

[2024-11-27T10:00:03.077+0000] {standard_task_runner.py:72} INFO - Started process 4379 to run task
[2024-11-27T10:00:03.077+0000] {standard_task_runner.py:104} INFO - Running: ['***', 'tasks', 'run', 'projet_group', 'push', 'scheduled__2024-11-27T09:50:00+00:00', '--job-id', '29482', '--raw', '--subdir', 'DAGS_FOLDER/projet_group.py', '--cfg-path', '/tmp/tmp2qn0xj4_']
[2024-11-27T10:00:03.078+0000] {standard_task_runner.py:105} INFO - Job 29482: Subtask push
[2024-11-27T10:00:03.109+0000] {task_command.py:467} INFO - Running <TaskInstance: projet_group.push scheduled__2024-11-27T09:50:00+00:00 [running]> on host 5365fe4338c6
[2024-11-27T10:00:03.159+0000] {taskinstance.py:3131} INFO - Exporting env vars: AIRFLOW_CTX_DAG_OWNER='***' AIRFLOW_CTX_DAG_ID='projet_group' AIRFLOW_CTX_TASK_ID='push' AIRFLOW_CTX_EXECUTION_DATE='2024-11-27T09:50:00+00:00' AIRFLOW_CTX_TRY_NUMBER='1' AIRFLOW_CTX_DAG_RUN_ID='scheduled__2024-11-27T09:50:00+00:00'
[2024-11-27T10:00:03.159+0000] {logging_mixin.py:190} INFO - Task instance is in running state
[2024-11-27T10:00:03.160+0000] {logging_mixin.py:190} INFO -  Previous state of the Task instance: queued
[2024-11-27T10:00:03.160+0000] {logging_mixin.py:190} INFO - Current task name:push state:running start_date:2024-11-27 10:00:03.057758+00:00
[2024-11-27T10:00:03.160+0000] {logging_mixin.py:190} INFO - Dag name:projet_group and current dag run status:running
[2024-11-27T10:00:03.160+0000] {taskinstance.py:731} INFO - ::endgroup::
[2024-11-27T10:00:59.163+0000] {python.py:240} INFO - Done. Returned value was: None
[2024-11-27T10:00:59.170+0000] {taskinstance.py:340} INFO - ::group::Post task execution logs
[2024-11-27T10:00:59.171+0000] {taskinstance.py:352} INFO - Marking task as SUCCESS. dag_id=projet_group, task_id=push, run_id=scheduled__2024-11-27T09:50:00+00:00, execution_date=20241127T095000, start_date=20241127T100003, end_date=20241127T100059
[2024-11-27T10:00:59.180+0000] {logging_mixin.py:190} INFO - Task instance in success state
[2024-11-27T10:00:59.181+0000] {logging_mixin.py:190} INFO -  Previous state of the Task instance: running
[2024-11-27T10:00:59.181+0000] {logging_mixin.py:190} INFO - Dag name:projet_group queued_at:2024-11-27 10:00:00.544483+00:00
[2024-11-27T10:00:59.181+0000] {logging_mixin.py:190} INFO - Task hostname:5365fe4338c6 operator:PythonOperator
[2024-11-27T10:00:59.218+0000] {local_task_job_runner.py:266} INFO - Task exited with return code 0
[2024-11-27T10:00:59.230+0000] {taskinstance.py:3900} INFO - 0 downstream tasks scheduled from follow-on schedule check
[2024-11-27T10:00:59.232+0000] {local_task_job_runner.py:245} INFO - ::endgroup::
