[2024-12-20T12:50:03.663+0000] {local_task_job_runner.py:123} INFO - ::group::Pre task execution logs
[2024-12-20T12:50:03.678+0000] {taskinstance.py:2612} INFO - Dependencies all met for dep_context=non-requeueable deps ti=<TaskInstance: Projet_poubelle.get_datetime scheduled__2024-12-20T12:49:00+00:00 [queued]>
[2024-12-20T12:50:03.683+0000] {taskinstance.py:2612} INFO - Dependencies all met for dep_context=requeueable deps ti=<TaskInstance: Projet_poubelle.get_datetime scheduled__2024-12-20T12:49:00+00:00 [queued]>
[2024-12-20T12:50:03.684+0000] {taskinstance.py:2865} INFO - Starting attempt 1 of 1
[2024-12-20T12:50:03.694+0000] {taskinstance.py:2888} INFO - Executing <Task(BashOperator): get_datetime> on 2024-12-20 12:49:00+00:00
[2024-12-20T12:50:03.700+0000] {warnings.py:112} WARNING - /home/***/.local/lib/python3.12/site-packages/***/task/task_runner/standard_task_runner.py:70: DeprecationWarning: This process (pid=672) is multi-threaded, use of fork() may lead to deadlocks in the child.
  pid = os.fork()

[2024-12-20T12:50:03.701+0000] {standard_task_runner.py:72} INFO - Started process 678 to run task
[2024-12-20T12:50:03.702+0000] {standard_task_runner.py:104} INFO - Running: ['***', 'tasks', 'run', 'Projet_poubelle', 'get_datetime', 'scheduled__2024-12-20T12:49:00+00:00', '--job-id', '60156', '--raw', '--subdir', 'DAGS_FOLDER/Projet_poubelle.py', '--cfg-path', '/tmp/tmpjyr2cjyu']
[2024-12-20T12:50:03.704+0000] {standard_task_runner.py:105} INFO - Job 60156: Subtask get_datetime
[2024-12-20T12:50:03.735+0000] {task_command.py:467} INFO - Running <TaskInstance: Projet_poubelle.get_datetime scheduled__2024-12-20T12:49:00+00:00 [running]> on host 5365fe4338c6
[2024-12-20T12:50:03.794+0000] {taskinstance.py:3131} INFO - Exporting env vars: AIRFLOW_CTX_DAG_OWNER='***' AIRFLOW_CTX_DAG_ID='Projet_poubelle' AIRFLOW_CTX_TASK_ID='get_datetime' AIRFLOW_CTX_EXECUTION_DATE='2024-12-20T12:49:00+00:00' AIRFLOW_CTX_TRY_NUMBER='1' AIRFLOW_CTX_DAG_RUN_ID='scheduled__2024-12-20T12:49:00+00:00'
[2024-12-20T12:50:03.794+0000] {logging_mixin.py:190} INFO - Task instance is in running state
[2024-12-20T12:50:03.794+0000] {logging_mixin.py:190} INFO -  Previous state of the Task instance: queued
[2024-12-20T12:50:03.795+0000] {logging_mixin.py:190} INFO - Current task name:get_datetime state:running start_date:2024-12-20 12:50:03.678310+00:00
[2024-12-20T12:50:03.795+0000] {logging_mixin.py:190} INFO - Dag name:Projet_poubelle and current dag run status:running
[2024-12-20T12:50:03.795+0000] {taskinstance.py:731} INFO - ::endgroup::
[2024-12-20T12:50:03.795+0000] {subprocess.py:63} INFO - Tmp dir root location: /tmp
[2024-12-20T12:50:03.796+0000] {subprocess.py:75} INFO - Running command: ['/usr/bin/bash', '-c', 'date']
[2024-12-20T12:50:03.808+0000] {subprocess.py:86} INFO - Output:
[2024-12-20T12:50:03.810+0000] {subprocess.py:93} INFO - Fri Dec 20 12:50:03 UTC 2024
[2024-12-20T12:50:03.811+0000] {subprocess.py:97} INFO - Command exited with return code 0
[2024-12-20T12:50:03.829+0000] {taskinstance.py:340} INFO - ::group::Post task execution logs
[2024-12-20T12:50:03.830+0000] {taskinstance.py:352} INFO - Marking task as SUCCESS. dag_id=Projet_poubelle, task_id=get_datetime, run_id=scheduled__2024-12-20T12:49:00+00:00, execution_date=20241220T124900, start_date=20241220T125003, end_date=20241220T125003
[2024-12-20T12:50:03.835+0000] {logging_mixin.py:190} INFO - Task instance in success state
[2024-12-20T12:50:03.836+0000] {logging_mixin.py:190} INFO -  Previous state of the Task instance: running
[2024-12-20T12:50:03.836+0000] {logging_mixin.py:190} INFO - Dag name:Projet_poubelle queued_at:2024-12-20 12:50:00.281032+00:00
[2024-12-20T12:50:03.836+0000] {logging_mixin.py:190} INFO - Task hostname:5365fe4338c6 operator:BashOperator
[2024-12-20T12:50:03.874+0000] {local_task_job_runner.py:266} INFO - Task exited with return code 0
[2024-12-20T12:50:03.890+0000] {taskinstance.py:3900} INFO - 1 downstream tasks scheduled from follow-on schedule check
[2024-12-20T12:50:03.891+0000] {local_task_job_runner.py:245} INFO - ::endgroup::
