[2025-01-07T14:36:01.808+0000] {local_task_job_runner.py:123} INFO - ::group::Pre task execution logs
[2025-01-07T14:36:01.818+0000] {taskinstance.py:2612} INFO - Dependencies all met for dep_context=non-requeueable deps ti=<TaskInstance: projet_groupe.push scheduled__2025-01-07T14:35:00+00:00 [queued]>
[2025-01-07T14:36:01.824+0000] {taskinstance.py:2612} INFO - Dependencies all met for dep_context=requeueable deps ti=<TaskInstance: projet_groupe.push scheduled__2025-01-07T14:35:00+00:00 [queued]>
[2025-01-07T14:36:01.824+0000] {taskinstance.py:2865} INFO - Starting attempt 1 of 1
[2025-01-07T14:36:01.833+0000] {taskinstance.py:2888} INFO - Executing <Task(PythonOperator): push> on 2025-01-07 14:35:00+00:00
[2025-01-07T14:36:01.839+0000] {warnings.py:112} WARNING - /home/***/.local/lib/python3.12/site-packages/***/task/task_runner/standard_task_runner.py:70: DeprecationWarning: This process (pid=3757) is multi-threaded, use of fork() may lead to deadlocks in the child.
  pid = os.fork()

[2025-01-07T14:36:01.840+0000] {standard_task_runner.py:72} INFO - Started process 3764 to run task
[2025-01-07T14:36:01.841+0000] {standard_task_runner.py:104} INFO - Running: ['***', 'tasks', 'run', 'projet_groupe', 'push', 'scheduled__2025-01-07T14:35:00+00:00', '--job-id', '61624', '--raw', '--subdir', 'DAGS_FOLDER/projet.py', '--cfg-path', '/tmp/tmphme4uo_t']
[2025-01-07T14:36:01.842+0000] {standard_task_runner.py:105} INFO - Job 61624: Subtask push
[2025-01-07T14:36:01.871+0000] {task_command.py:467} INFO - Running <TaskInstance: projet_groupe.push scheduled__2025-01-07T14:35:00+00:00 [running]> on host 5365fe4338c6
[2025-01-07T14:36:01.919+0000] {taskinstance.py:3131} INFO - Exporting env vars: AIRFLOW_CTX_DAG_OWNER='***' AIRFLOW_CTX_DAG_ID='projet_groupe' AIRFLOW_CTX_TASK_ID='push' AIRFLOW_CTX_EXECUTION_DATE='2025-01-07T14:35:00+00:00' AIRFLOW_CTX_TRY_NUMBER='1' AIRFLOW_CTX_DAG_RUN_ID='scheduled__2025-01-07T14:35:00+00:00'
[2025-01-07T14:36:01.920+0000] {logging_mixin.py:190} INFO - Task instance is in running state
[2025-01-07T14:36:01.920+0000] {logging_mixin.py:190} INFO -  Previous state of the Task instance: queued
[2025-01-07T14:36:01.920+0000] {logging_mixin.py:190} INFO - Current task name:push state:running start_date:2025-01-07 14:36:01.819278+00:00
[2025-01-07T14:36:01.920+0000] {logging_mixin.py:190} INFO - Dag name:projet_groupe and current dag run status:running
[2025-01-07T14:36:01.920+0000] {taskinstance.py:731} INFO - ::endgroup::
[2025-01-07T14:36:02.126+0000] {logging_mixin.py:190} INFO - 200
[2025-01-07T14:36:02.127+0000] {python.py:240} INFO - Done. Returned value was: ['aed', 'ars', 'aud', 'bch', 'bdt', 'bhd', 'bmd', 'bnb', 'brl', 'btc', 'cad', 'chf', 'clp', 'cny', 'czk', 'dkk', 'dot', 'eos', 'eth', 'eur', 'gbp', 'gel', 'hkd', 'huf', 'idr', 'ils', 'inr', 'jpy', 'krw', 'kwd', 'lkr', 'ltc', 'mmk', 'mxn', 'myr', 'ngn', 'nok', 'nzd', 'php', 'pkr', 'pln', 'rub', 'sar', 'sek', 'sgd', 'thb', 'try', 'twd', 'uah', 'usd', 'vef', 'vnd', 'xag', 'xau', 'xdr', 'xlm', 'xrp', 'yfi', 'zar', 'bits', 'link', 'sats']
[2025-01-07T14:36:02.173+0000] {taskinstance.py:340} INFO - ::group::Post task execution logs
[2025-01-07T14:36:02.174+0000] {taskinstance.py:352} INFO - Marking task as SUCCESS. dag_id=projet_groupe, task_id=push, run_id=scheduled__2025-01-07T14:35:00+00:00, execution_date=20250107T143500, start_date=20250107T143601, end_date=20250107T143602
[2025-01-07T14:36:02.190+0000] {logging_mixin.py:190} INFO - Task instance in success state
[2025-01-07T14:36:02.191+0000] {logging_mixin.py:190} INFO -  Previous state of the Task instance: running
[2025-01-07T14:36:02.191+0000] {logging_mixin.py:190} INFO - Dag name:projet_groupe queued_at:2025-01-07 14:36:01.004754+00:00
[2025-01-07T14:36:02.191+0000] {logging_mixin.py:190} INFO - Task hostname:5365fe4338c6 operator:PythonOperator
[2025-01-07T14:36:02.214+0000] {local_task_job_runner.py:266} INFO - Task exited with return code 0
[2025-01-07T14:36:02.232+0000] {local_task_job_runner.py:245} INFO - ::endgroup::
