[2024-11-08T08:50:17.908+0000] {local_task_job_runner.py:123} INFO - ::group::Pre task execution logs
[2024-11-08T08:50:17.916+0000] {taskinstance.py:2612} INFO - Dependencies all met for dep_context=non-requeueable deps ti=<TaskInstance: projet_groupe.get_datetime manual__2024-11-08T08:50:16.139065+00:00 [queued]>
[2024-11-08T08:50:17.920+0000] {taskinstance.py:2612} INFO - Dependencies all met for dep_context=requeueable deps ti=<TaskInstance: projet_groupe.get_datetime manual__2024-11-08T08:50:16.139065+00:00 [queued]>
[2024-11-08T08:50:17.920+0000] {taskinstance.py:2865} INFO - Starting attempt 1 of 1
[2024-11-08T08:50:17.926+0000] {taskinstance.py:2888} INFO - Executing <Task(BashOperator): get_datetime> on 2024-11-08 08:50:16.139065+00:00
[2024-11-08T08:50:17.931+0000] {warnings.py:112} WARNING - /home/***/.local/lib/python3.12/site-packages/***/task/task_runner/standard_task_runner.py:70: DeprecationWarning: This process (pid=1847) is multi-threaded, use of fork() may lead to deadlocks in the child.
  pid = os.fork()

[2024-11-08T08:50:17.932+0000] {standard_task_runner.py:72} INFO - Started process 1856 to run task
[2024-11-08T08:50:17.933+0000] {standard_task_runner.py:104} INFO - Running: ['***', 'tasks', 'run', 'projet_groupe', 'get_datetime', 'manual__2024-11-08T08:50:16.139065+00:00', '--job-id', '2390', '--raw', '--subdir', 'DAGS_FOLDER/projet.py', '--cfg-path', '/tmp/tmp0z7fercj']
[2024-11-08T08:50:17.933+0000] {standard_task_runner.py:105} INFO - Job 2390: Subtask get_datetime
[2024-11-08T08:50:17.958+0000] {task_command.py:467} INFO - Running <TaskInstance: projet_groupe.get_datetime manual__2024-11-08T08:50:16.139065+00:00 [running]> on host 5365fe4338c6
[2024-11-08T08:50:17.998+0000] {taskinstance.py:3131} INFO - Exporting env vars: AIRFLOW_CTX_DAG_OWNER='***' AIRFLOW_CTX_DAG_ID='projet_groupe' AIRFLOW_CTX_TASK_ID='get_datetime' AIRFLOW_CTX_EXECUTION_DATE='2024-11-08T08:50:16.139065+00:00' AIRFLOW_CTX_TRY_NUMBER='1' AIRFLOW_CTX_DAG_RUN_ID='manual__2024-11-08T08:50:16.139065+00:00'
[2024-11-08T08:50:17.999+0000] {logging_mixin.py:190} INFO - Task instance is in running state
[2024-11-08T08:50:17.999+0000] {logging_mixin.py:190} INFO -  Previous state of the Task instance: queued
[2024-11-08T08:50:17.999+0000] {logging_mixin.py:190} INFO - Current task name:get_datetime state:running start_date:2024-11-08 08:50:17.916729+00:00
[2024-11-08T08:50:18.000+0000] {logging_mixin.py:190} INFO - Dag name:projet_groupe and current dag run status:running
[2024-11-08T08:50:18.000+0000] {taskinstance.py:731} INFO - ::endgroup::
[2024-11-08T08:50:18.000+0000] {subprocess.py:63} INFO - Tmp dir root location: /tmp
[2024-11-08T08:50:18.001+0000] {subprocess.py:75} INFO - Running command: ['/usr/bin/bash', '-c', 'date']
[2024-11-08T08:50:18.009+0000] {subprocess.py:86} INFO - Output:
[2024-11-08T08:50:18.012+0000] {subprocess.py:93} INFO - Fri Nov  8 08:50:18 UTC 2024
[2024-11-08T08:50:18.012+0000] {subprocess.py:97} INFO - Command exited with return code 0
[2024-11-08T08:50:18.027+0000] {taskinstance.py:340} INFO - ::group::Post task execution logs
[2024-11-08T08:50:18.027+0000] {taskinstance.py:352} INFO - Marking task as SUCCESS. dag_id=projet_groupe, task_id=get_datetime, run_id=manual__2024-11-08T08:50:16.139065+00:00, execution_date=20241108T085016, start_date=20241108T085017, end_date=20241108T085018
[2024-11-08T08:50:18.033+0000] {logging_mixin.py:190} INFO - Task instance in success state
[2024-11-08T08:50:18.033+0000] {logging_mixin.py:190} INFO -  Previous state of the Task instance: running
[2024-11-08T08:50:18.033+0000] {logging_mixin.py:190} INFO - Dag name:projet_groupe queued_at:2024-11-08 08:50:16.146321+00:00
[2024-11-08T08:50:18.034+0000] {logging_mixin.py:190} INFO - Task hostname:5365fe4338c6 operator:BashOperator
[2024-11-08T08:50:18.065+0000] {local_task_job_runner.py:266} INFO - Task exited with return code 0
[2024-11-08T08:50:18.076+0000] {taskinstance.py:3900} INFO - 1 downstream tasks scheduled from follow-on schedule check
[2024-11-08T08:50:18.076+0000] {local_task_job_runner.py:245} INFO - ::endgroup::
