[2024-11-27T13:00:00.946+0000] {local_task_job_runner.py:123} INFO - ::group::Pre task execution logs
[2024-11-27T13:00:00.958+0000] {taskinstance.py:2612} INFO - Dependencies all met for dep_context=non-requeueable deps ti=<TaskInstance: projet_groupe.push scheduled__2024-11-27T12:59:00+00:00 [queued]>
[2024-11-27T13:00:00.965+0000] {taskinstance.py:2612} INFO - Dependencies all met for dep_context=requeueable deps ti=<TaskInstance: projet_groupe.push scheduled__2024-11-27T12:59:00+00:00 [queued]>
[2024-11-27T13:00:00.965+0000] {taskinstance.py:2865} INFO - Starting attempt 1 of 1
[2024-11-27T13:00:00.977+0000] {taskinstance.py:2888} INFO - Executing <Task(PythonOperator): push> on 2024-11-27 12:59:00+00:00
[2024-11-27T13:00:00.983+0000] {warnings.py:112} WARNING - /home/***/.local/lib/python3.12/site-packages/***/task/task_runner/standard_task_runner.py:70: DeprecationWarning: This process (pid=10860) is multi-threaded, use of fork() may lead to deadlocks in the child.
  pid = os.fork()

[2024-11-27T13:00:00.984+0000] {standard_task_runner.py:72} INFO - Started process 10869 to run task
[2024-11-27T13:00:00.985+0000] {standard_task_runner.py:104} INFO - Running: ['***', 'tasks', 'run', 'projet_groupe', 'push', 'scheduled__2024-11-27T12:59:00+00:00', '--job-id', '30417', '--raw', '--subdir', 'DAGS_FOLDER/projet.py', '--cfg-path', '/tmp/tmph9rw7ifl']
[2024-11-27T13:00:00.986+0000] {standard_task_runner.py:105} INFO - Job 30417: Subtask push
[2024-11-27T13:00:01.018+0000] {task_command.py:467} INFO - Running <TaskInstance: projet_groupe.push scheduled__2024-11-27T12:59:00+00:00 [running]> on host 5365fe4338c6
[2024-11-27T13:00:01.071+0000] {taskinstance.py:3131} INFO - Exporting env vars: AIRFLOW_CTX_DAG_OWNER='***' AIRFLOW_CTX_DAG_ID='projet_groupe' AIRFLOW_CTX_TASK_ID='push' AIRFLOW_CTX_EXECUTION_DATE='2024-11-27T12:59:00+00:00' AIRFLOW_CTX_TRY_NUMBER='1' AIRFLOW_CTX_DAG_RUN_ID='scheduled__2024-11-27T12:59:00+00:00'
[2024-11-27T13:00:01.072+0000] {logging_mixin.py:190} INFO - Task instance is in running state
[2024-11-27T13:00:01.072+0000] {logging_mixin.py:190} INFO -  Previous state of the Task instance: queued
[2024-11-27T13:00:01.072+0000] {logging_mixin.py:190} INFO - Current task name:push state:running start_date:2024-11-27 13:00:00.958805+00:00
[2024-11-27T13:00:01.072+0000] {logging_mixin.py:190} INFO - Dag name:projet_groupe and current dag run status:running
[2024-11-27T13:00:01.073+0000] {taskinstance.py:731} INFO - ::endgroup::
[2024-11-27T13:00:01.139+0000] {logging_mixin.py:190} INFO - 200
[2024-11-27T13:00:01.141+0000] {python.py:240} INFO - Done. Returned value was: ['aed', 'ars', 'aud', 'bch', 'bdt', 'bhd', 'bmd', 'bnb', 'brl', 'btc', 'cad', 'chf', 'clp', 'cny', 'czk', 'dkk', 'dot', 'eos', 'eth', 'eur', 'gbp', 'gel', 'hkd', 'huf', 'idr', 'ils', 'inr', 'jpy', 'krw', 'kwd', 'lkr', 'ltc', 'mmk', 'mxn', 'myr', 'ngn', 'nok', 'nzd', 'php', 'pkr', 'pln', 'rub', 'sar', 'sek', 'sgd', 'thb', 'try', 'twd', 'uah', 'usd', 'vef', 'vnd', 'xag', 'xau', 'xdr', 'xlm', 'xrp', 'yfi', 'zar', 'bits', 'link', 'sats']
[2024-11-27T13:00:01.157+0000] {taskinstance.py:340} INFO - ::group::Post task execution logs
[2024-11-27T13:00:01.157+0000] {taskinstance.py:352} INFO - Marking task as SUCCESS. dag_id=projet_groupe, task_id=push, run_id=scheduled__2024-11-27T12:59:00+00:00, execution_date=20241127T125900, start_date=20241127T130000, end_date=20241127T130001
[2024-11-27T13:00:01.163+0000] {logging_mixin.py:190} INFO - Task instance in success state
[2024-11-27T13:00:01.163+0000] {logging_mixin.py:190} INFO -  Previous state of the Task instance: running
[2024-11-27T13:00:01.163+0000] {logging_mixin.py:190} INFO - Dag name:projet_groupe queued_at:2024-11-27 13:00:00.045391+00:00
[2024-11-27T13:00:01.163+0000] {logging_mixin.py:190} INFO - Task hostname:5365fe4338c6 operator:PythonOperator
[2024-11-27T13:00:01.198+0000] {local_task_job_runner.py:266} INFO - Task exited with return code 0
[2024-11-27T13:00:01.208+0000] {taskinstance.py:3900} INFO - 0 downstream tasks scheduled from follow-on schedule check
[2024-11-27T13:00:01.209+0000] {local_task_job_runner.py:245} INFO - ::endgroup::
