[2024-11-08T09:26:32.629+0000] {local_task_job_runner.py:123} INFO - ::group::Pre task execution logs
[2024-11-08T09:26:32.639+0000] {taskinstance.py:2612} INFO - Dependencies all met for dep_context=non-requeueable deps ti=<TaskInstance: projet_groupe.get_datetime manual__2024-11-08T09:26:30.930429+00:00 [queued]>
[2024-11-08T09:26:32.643+0000] {taskinstance.py:2612} INFO - Dependencies all met for dep_context=requeueable deps ti=<TaskInstance: projet_groupe.get_datetime manual__2024-11-08T09:26:30.930429+00:00 [queued]>
[2024-11-08T09:26:32.643+0000] {taskinstance.py:2865} INFO - Starting attempt 1 of 1
[2024-11-08T09:26:32.649+0000] {taskinstance.py:2888} INFO - Executing <Task(BashOperator): get_datetime> on 2024-11-08 09:26:30.930429+00:00
[2024-11-08T09:26:32.654+0000] {warnings.py:112} WARNING - /home/***/.local/lib/python3.12/site-packages/***/task/task_runner/standard_task_runner.py:70: DeprecationWarning: This process (pid=3343) is multi-threaded, use of fork() may lead to deadlocks in the child.
  pid = os.fork()

[2024-11-08T09:26:32.654+0000] {standard_task_runner.py:72} INFO - Started process 3345 to run task
[2024-11-08T09:26:32.655+0000] {standard_task_runner.py:104} INFO - Running: ['***', 'tasks', 'run', 'projet_groupe', 'get_datetime', 'manual__2024-11-08T09:26:30.930429+00:00', '--job-id', '2616', '--raw', '--subdir', 'DAGS_FOLDER/projet.py', '--cfg-path', '/tmp/tmpvjzobwk8']
[2024-11-08T09:26:32.655+0000] {standard_task_runner.py:105} INFO - Job 2616: Subtask get_datetime
[2024-11-08T09:26:32.681+0000] {task_command.py:467} INFO - Running <TaskInstance: projet_groupe.get_datetime manual__2024-11-08T09:26:30.930429+00:00 [running]> on host 5365fe4338c6
[2024-11-08T09:26:32.721+0000] {taskinstance.py:3131} INFO - Exporting env vars: AIRFLOW_CTX_DAG_OWNER='***' AIRFLOW_CTX_DAG_ID='projet_groupe' AIRFLOW_CTX_TASK_ID='get_datetime' AIRFLOW_CTX_EXECUTION_DATE='2024-11-08T09:26:30.930429+00:00' AIRFLOW_CTX_TRY_NUMBER='1' AIRFLOW_CTX_DAG_RUN_ID='manual__2024-11-08T09:26:30.930429+00:00'
[2024-11-08T09:26:32.722+0000] {logging_mixin.py:190} INFO - Task instance is in running state
[2024-11-08T09:26:32.722+0000] {logging_mixin.py:190} INFO -  Previous state of the Task instance: queued
[2024-11-08T09:26:32.722+0000] {logging_mixin.py:190} INFO - Current task name:get_datetime state:running start_date:2024-11-08 09:26:32.639534+00:00
[2024-11-08T09:26:32.722+0000] {logging_mixin.py:190} INFO - Dag name:projet_groupe and current dag run status:running
[2024-11-08T09:26:32.722+0000] {taskinstance.py:731} INFO - ::endgroup::
[2024-11-08T09:26:32.723+0000] {subprocess.py:63} INFO - Tmp dir root location: /tmp
[2024-11-08T09:26:32.723+0000] {subprocess.py:75} INFO - Running command: ['/usr/bin/bash', '-c', 'date']
[2024-11-08T09:26:32.733+0000] {subprocess.py:86} INFO - Output:
[2024-11-08T09:26:32.735+0000] {subprocess.py:93} INFO - Fri Nov  8 09:26:32 UTC 2024
[2024-11-08T09:26:32.736+0000] {subprocess.py:97} INFO - Command exited with return code 0
[2024-11-08T09:26:32.751+0000] {taskinstance.py:340} INFO - ::group::Post task execution logs
[2024-11-08T09:26:32.751+0000] {taskinstance.py:352} INFO - Marking task as SUCCESS. dag_id=projet_groupe, task_id=get_datetime, run_id=manual__2024-11-08T09:26:30.930429+00:00, execution_date=20241108T092630, start_date=20241108T092632, end_date=20241108T092632
[2024-11-08T09:26:32.756+0000] {logging_mixin.py:190} INFO - Task instance in success state
[2024-11-08T09:26:32.756+0000] {logging_mixin.py:190} INFO -  Previous state of the Task instance: running
[2024-11-08T09:26:32.756+0000] {logging_mixin.py:190} INFO - Dag name:projet_groupe queued_at:2024-11-08 09:26:30.935837+00:00
[2024-11-08T09:26:32.756+0000] {logging_mixin.py:190} INFO - Task hostname:5365fe4338c6 operator:BashOperator
[2024-11-08T09:26:32.787+0000] {local_task_job_runner.py:266} INFO - Task exited with return code 0
[2024-11-08T09:26:32.798+0000] {taskinstance.py:3900} INFO - 1 downstream tasks scheduled from follow-on schedule check
[2024-11-08T09:26:32.799+0000] {local_task_job_runner.py:245} INFO - ::endgroup::
