[2024-12-13T14:26:04.231+0000] {local_task_job_runner.py:123} INFO - ::group::Pre task execution logs
[2024-12-13T14:26:04.248+0000] {taskinstance.py:2612} INFO - Dependencies all met for dep_context=non-requeueable deps ti=<TaskInstance: Projet_poubelle.read_csv scheduled__2024-12-13T14:25:00+00:00 [queued]>
[2024-12-13T14:26:04.253+0000] {taskinstance.py:2612} INFO - Dependencies all met for dep_context=requeueable deps ti=<TaskInstance: Projet_poubelle.read_csv scheduled__2024-12-13T14:25:00+00:00 [queued]>
[2024-12-13T14:26:04.253+0000] {taskinstance.py:2865} INFO - Starting attempt 1 of 1
[2024-12-13T14:26:04.260+0000] {taskinstance.py:2888} INFO - Executing <Task(PythonOperator): read_csv> on 2024-12-13 14:25:00+00:00
[2024-12-13T14:26:04.265+0000] {warnings.py:112} WARNING - /home/***/.local/lib/python3.12/site-packages/***/task/task_runner/standard_task_runner.py:70: DeprecationWarning: This process (pid=14123) is multi-threaded, use of fork() may lead to deadlocks in the child.
  pid = os.fork()

[2024-12-13T14:26:04.265+0000] {standard_task_runner.py:72} INFO - Started process 14125 to run task
[2024-12-13T14:26:04.266+0000] {standard_task_runner.py:104} INFO - Running: ['***', 'tasks', 'run', 'Projet_poubelle', 'read_csv', 'scheduled__2024-12-13T14:25:00+00:00', '--job-id', '51729', '--raw', '--subdir', 'DAGS_FOLDER/Projet_poubelle.py', '--cfg-path', '/tmp/tmpfztjmi5l']
[2024-12-13T14:26:04.267+0000] {standard_task_runner.py:105} INFO - Job 51729: Subtask read_csv
[2024-12-13T14:26:04.338+0000] {task_command.py:467} INFO - Running <TaskInstance: Projet_poubelle.read_csv scheduled__2024-12-13T14:25:00+00:00 [running]> on host 5365fe4338c6
[2024-12-13T14:26:04.463+0000] {taskinstance.py:3131} INFO - Exporting env vars: AIRFLOW_CTX_DAG_OWNER='***' AIRFLOW_CTX_DAG_ID='Projet_poubelle' AIRFLOW_CTX_TASK_ID='read_csv' AIRFLOW_CTX_EXECUTION_DATE='2024-12-13T14:25:00+00:00' AIRFLOW_CTX_TRY_NUMBER='1' AIRFLOW_CTX_DAG_RUN_ID='scheduled__2024-12-13T14:25:00+00:00'
[2024-12-13T14:26:04.466+0000] {logging_mixin.py:190} INFO - Task instance is in running state
[2024-12-13T14:26:04.466+0000] {logging_mixin.py:190} INFO -  Previous state of the Task instance: queued
[2024-12-13T14:26:04.467+0000] {logging_mixin.py:190} INFO - Current task name:read_csv state:running start_date:2024-12-13 14:26:04.249091+00:00
[2024-12-13T14:26:04.468+0000] {logging_mixin.py:190} INFO - Dag name:Projet_poubelle and current dag run status:running
[2024-12-13T14:26:04.469+0000] {taskinstance.py:731} INFO - ::endgroup::
[2024-12-13T14:26:04.498+0000] {python.py:240} INFO - Done. Returned value was: None
[2024-12-13T14:26:04.514+0000] {taskinstance.py:340} INFO - ::group::Post task execution logs
[2024-12-13T14:26:04.515+0000] {taskinstance.py:352} INFO - Marking task as SUCCESS. dag_id=Projet_poubelle, task_id=read_csv, run_id=scheduled__2024-12-13T14:25:00+00:00, execution_date=20241213T142500, start_date=20241213T142604, end_date=20241213T142604
[2024-12-13T14:26:04.534+0000] {logging_mixin.py:190} INFO - Task instance in success state
[2024-12-13T14:26:04.535+0000] {logging_mixin.py:190} INFO -  Previous state of the Task instance: running
[2024-12-13T14:26:04.535+0000] {logging_mixin.py:190} INFO - Dag name:Projet_poubelle queued_at:2024-12-13 14:26:00.983030+00:00
[2024-12-13T14:26:04.536+0000] {logging_mixin.py:190} INFO - Task hostname:5365fe4338c6 operator:PythonOperator
[2024-12-13T14:26:04.559+0000] {local_task_job_runner.py:266} INFO - Task exited with return code 0
[2024-12-13T14:26:04.593+0000] {taskinstance.py:3900} INFO - 0 downstream tasks scheduled from follow-on schedule check
[2024-12-13T14:26:04.596+0000] {local_task_job_runner.py:245} INFO - ::endgroup::
