[2024-12-09T08:20:02.120+0000] {local_task_job_runner.py:123} INFO - ::group::Pre task execution logs
[2024-12-09T08:20:02.129+0000] {taskinstance.py:2612} INFO - Dependencies all met for dep_context=non-requeueable deps ti=<TaskInstance: projet_group.push scheduled__2024-12-09T08:10:00+00:00 [queued]>
[2024-12-09T08:20:02.133+0000] {taskinstance.py:2612} INFO - Dependencies all met for dep_context=requeueable deps ti=<TaskInstance: projet_group.push scheduled__2024-12-09T08:10:00+00:00 [queued]>
[2024-12-09T08:20:02.134+0000] {taskinstance.py:2865} INFO - Starting attempt 1 of 1
[2024-12-09T08:20:02.141+0000] {taskinstance.py:2888} INFO - Executing <Task(PythonOperator): push> on 2024-12-09 08:10:00+00:00
[2024-12-09T08:20:02.146+0000] {warnings.py:112} WARNING - /home/***/.local/lib/python3.12/site-packages/***/task/task_runner/standard_task_runner.py:70: DeprecationWarning: This process (pid=1348) is multi-threaded, use of fork() may lead to deadlocks in the child.
  pid = os.fork()

[2024-12-09T08:20:02.147+0000] {standard_task_runner.py:72} INFO - Started process 1351 to run task
[2024-12-09T08:20:02.148+0000] {standard_task_runner.py:104} INFO - Running: ['***', 'tasks', 'run', 'projet_group', 'push', 'scheduled__2024-12-09T08:10:00+00:00', '--job-id', '45058', '--raw', '--subdir', 'DAGS_FOLDER/projet_group.py', '--cfg-path', '/tmp/tmpggt5rkqx']
[2024-12-09T08:20:02.149+0000] {standard_task_runner.py:105} INFO - Job 45058: Subtask push
[2024-12-09T08:20:02.179+0000] {task_command.py:467} INFO - Running <TaskInstance: projet_group.push scheduled__2024-12-09T08:10:00+00:00 [running]> on host 5365fe4338c6
[2024-12-09T08:20:02.233+0000] {taskinstance.py:3131} INFO - Exporting env vars: AIRFLOW_CTX_DAG_OWNER='***' AIRFLOW_CTX_DAG_ID='projet_group' AIRFLOW_CTX_TASK_ID='push' AIRFLOW_CTX_EXECUTION_DATE='2024-12-09T08:10:00+00:00' AIRFLOW_CTX_TRY_NUMBER='1' AIRFLOW_CTX_DAG_RUN_ID='scheduled__2024-12-09T08:10:00+00:00'
[2024-12-09T08:20:02.233+0000] {logging_mixin.py:190} INFO - Task instance is in running state
[2024-12-09T08:20:02.233+0000] {logging_mixin.py:190} INFO -  Previous state of the Task instance: queued
[2024-12-09T08:20:02.233+0000] {logging_mixin.py:190} INFO - Current task name:push state:running start_date:2024-12-09 08:20:02.129862+00:00
[2024-12-09T08:20:02.234+0000] {logging_mixin.py:190} INFO - Dag name:projet_group and current dag run status:running
[2024-12-09T08:20:02.234+0000] {taskinstance.py:731} INFO - ::endgroup::
[2024-12-09T08:20:56.669+0000] {python.py:240} INFO - Done. Returned value was: None
[2024-12-09T08:20:56.677+0000] {taskinstance.py:340} INFO - ::group::Post task execution logs
[2024-12-09T08:20:56.677+0000] {taskinstance.py:352} INFO - Marking task as SUCCESS. dag_id=projet_group, task_id=push, run_id=scheduled__2024-12-09T08:10:00+00:00, execution_date=20241209T081000, start_date=20241209T082002, end_date=20241209T082056
[2024-12-09T08:20:56.684+0000] {logging_mixin.py:190} INFO - Task instance in success state
[2024-12-09T08:20:56.684+0000] {logging_mixin.py:190} INFO -  Previous state of the Task instance: running
[2024-12-09T08:20:56.684+0000] {logging_mixin.py:190} INFO - Dag name:projet_group queued_at:2024-12-09 08:20:00.061533+00:00
[2024-12-09T08:20:56.684+0000] {logging_mixin.py:190} INFO - Task hostname:5365fe4338c6 operator:PythonOperator
[2024-12-09T08:20:56.711+0000] {local_task_job_runner.py:266} INFO - Task exited with return code 0
[2024-12-09T08:20:56.716+0000] {local_task_job_runner.py:245} INFO - ::endgroup::
