[2025-01-06T08:20:08.139+0000] {processor.py:186} INFO - Started process (PID=49) to work on /opt/airflow/dags/Projet_poubelle.py
[2025-01-06T08:20:08.140+0000] {processor.py:914} INFO - Processing file /opt/airflow/dags/Projet_poubelle.py for tasks to queue
[2025-01-06T08:20:08.141+0000] {logging_mixin.py:190} INFO - [2025-01-06T08:20:08.141+0000] {dagbag.py:588} INFO - Filling up the DagBag from /opt/airflow/dags/Projet_poubelle.py
[2025-01-06T08:20:08.153+0000] {logging_mixin.py:190} WARNING - /home/airflow/.local/lib/python3.12/site-packages/fuzzywuzzy/fuzz.py:11 UserWarning: Using slow pure-python SequenceMatcher. Install python-Levenshtein to remove this warning
[2025-01-06T08:20:08.155+0000] {processor.py:925} INFO - DAG(s) 'Projet_poubelle' retrieved from /opt/airflow/dags/Projet_poubelle.py
[2025-01-06T08:20:08.172+0000] {logging_mixin.py:190} INFO - [2025-01-06T08:20:08.171+0000] {dag.py:3239} INFO - Sync 1 DAGs
[2025-01-06T08:20:08.194+0000] {logging_mixin.py:190} INFO - [2025-01-06T08:20:08.194+0000] {dag.py:4180} INFO - Setting next_dagrun for Projet_poubelle to 2025-01-06 08:19:00+00:00, run_after=2025-01-06 08:20:00+00:00
[2025-01-06T08:20:08.209+0000] {processor.py:208} INFO - Processing /opt/airflow/dags/Projet_poubelle.py took 0.074 seconds
[2025-01-06T08:20:39.079+0000] {processor.py:186} INFO - Started process (PID=143) to work on /opt/airflow/dags/Projet_poubelle.py
[2025-01-06T08:20:39.079+0000] {processor.py:914} INFO - Processing file /opt/airflow/dags/Projet_poubelle.py for tasks to queue
[2025-01-06T08:20:39.081+0000] {logging_mixin.py:190} INFO - [2025-01-06T08:20:39.080+0000] {dagbag.py:588} INFO - Filling up the DagBag from /opt/airflow/dags/Projet_poubelle.py
[2025-01-06T08:20:39.088+0000] {logging_mixin.py:190} WARNING - /home/airflow/.local/lib/python3.12/site-packages/fuzzywuzzy/fuzz.py:11 UserWarning: Using slow pure-python SequenceMatcher. Install python-Levenshtein to remove this warning
[2025-01-06T08:20:39.089+0000] {processor.py:925} INFO - DAG(s) 'Projet_poubelle' retrieved from /opt/airflow/dags/Projet_poubelle.py
[2025-01-06T08:20:39.100+0000] {logging_mixin.py:190} INFO - [2025-01-06T08:20:39.100+0000] {dag.py:3239} INFO - Sync 1 DAGs
[2025-01-06T08:20:39.113+0000] {logging_mixin.py:190} INFO - [2025-01-06T08:20:39.113+0000] {dag.py:4180} INFO - Setting next_dagrun for Projet_poubelle to 2025-01-06 08:20:00+00:00, run_after=2025-01-06 08:21:00+00:00
[2025-01-06T08:20:39.124+0000] {processor.py:208} INFO - Processing /opt/airflow/dags/Projet_poubelle.py took 0.048 seconds
[2025-01-06T08:21:09.511+0000] {processor.py:186} INFO - Started process (PID=214) to work on /opt/airflow/dags/Projet_poubelle.py
[2025-01-06T08:21:09.512+0000] {processor.py:914} INFO - Processing file /opt/airflow/dags/Projet_poubelle.py for tasks to queue
[2025-01-06T08:21:09.513+0000] {logging_mixin.py:190} INFO - [2025-01-06T08:21:09.513+0000] {dagbag.py:588} INFO - Filling up the DagBag from /opt/airflow/dags/Projet_poubelle.py
[2025-01-06T08:21:09.521+0000] {logging_mixin.py:190} WARNING - /home/airflow/.local/lib/python3.12/site-packages/fuzzywuzzy/fuzz.py:11 UserWarning: Using slow pure-python SequenceMatcher. Install python-Levenshtein to remove this warning
[2025-01-06T08:21:09.522+0000] {processor.py:925} INFO - DAG(s) 'Projet_poubelle' retrieved from /opt/airflow/dags/Projet_poubelle.py
[2025-01-06T08:21:09.534+0000] {logging_mixin.py:190} INFO - [2025-01-06T08:21:09.533+0000] {dag.py:3239} INFO - Sync 1 DAGs
[2025-01-06T08:21:09.546+0000] {logging_mixin.py:190} INFO - [2025-01-06T08:21:09.546+0000] {dag.py:4180} INFO - Setting next_dagrun for Projet_poubelle to 2025-01-06 08:21:00+00:00, run_after=2025-01-06 08:22:00+00:00
[2025-01-06T08:21:09.557+0000] {processor.py:208} INFO - Processing /opt/airflow/dags/Projet_poubelle.py took 0.049 seconds
[2025-01-06T08:21:39.921+0000] {processor.py:186} INFO - Started process (PID=280) to work on /opt/airflow/dags/Projet_poubelle.py
[2025-01-06T08:21:39.922+0000] {processor.py:914} INFO - Processing file /opt/airflow/dags/Projet_poubelle.py for tasks to queue
[2025-01-06T08:21:39.923+0000] {logging_mixin.py:190} INFO - [2025-01-06T08:21:39.922+0000] {dagbag.py:588} INFO - Filling up the DagBag from /opt/airflow/dags/Projet_poubelle.py
[2025-01-06T08:21:39.930+0000] {logging_mixin.py:190} WARNING - /home/airflow/.local/lib/python3.12/site-packages/fuzzywuzzy/fuzz.py:11 UserWarning: Using slow pure-python SequenceMatcher. Install python-Levenshtein to remove this warning
[2025-01-06T08:21:39.931+0000] {processor.py:925} INFO - DAG(s) 'Projet_poubelle' retrieved from /opt/airflow/dags/Projet_poubelle.py
[2025-01-06T08:21:39.944+0000] {logging_mixin.py:190} INFO - [2025-01-06T08:21:39.944+0000] {dag.py:3239} INFO - Sync 1 DAGs
[2025-01-06T08:21:39.957+0000] {logging_mixin.py:190} INFO - [2025-01-06T08:21:39.957+0000] {dag.py:4180} INFO - Setting next_dagrun for Projet_poubelle to 2025-01-06 08:21:00+00:00, run_after=2025-01-06 08:22:00+00:00
[2025-01-06T08:21:39.968+0000] {processor.py:208} INFO - Processing /opt/airflow/dags/Projet_poubelle.py took 0.050 seconds
[2025-01-06T08:22:10.438+0000] {processor.py:186} INFO - Started process (PID=351) to work on /opt/airflow/dags/Projet_poubelle.py
[2025-01-06T08:22:10.439+0000] {processor.py:914} INFO - Processing file /opt/airflow/dags/Projet_poubelle.py for tasks to queue
[2025-01-06T08:22:10.440+0000] {logging_mixin.py:190} INFO - [2025-01-06T08:22:10.440+0000] {dagbag.py:588} INFO - Filling up the DagBag from /opt/airflow/dags/Projet_poubelle.py
[2025-01-06T08:22:10.447+0000] {logging_mixin.py:190} WARNING - /home/airflow/.local/lib/python3.12/site-packages/fuzzywuzzy/fuzz.py:11 UserWarning: Using slow pure-python SequenceMatcher. Install python-Levenshtein to remove this warning
[2025-01-06T08:22:10.449+0000] {processor.py:925} INFO - DAG(s) 'Projet_poubelle' retrieved from /opt/airflow/dags/Projet_poubelle.py
[2025-01-06T08:22:10.461+0000] {logging_mixin.py:190} INFO - [2025-01-06T08:22:10.461+0000] {dag.py:3239} INFO - Sync 1 DAGs
[2025-01-06T08:22:10.477+0000] {logging_mixin.py:190} INFO - [2025-01-06T08:22:10.477+0000] {dag.py:4180} INFO - Setting next_dagrun for Projet_poubelle to 2025-01-06 08:22:00+00:00, run_after=2025-01-06 08:23:00+00:00
[2025-01-06T08:22:10.490+0000] {processor.py:208} INFO - Processing /opt/airflow/dags/Projet_poubelle.py took 0.054 seconds
[2025-01-06T08:22:40.879+0000] {processor.py:186} INFO - Started process (PID=417) to work on /opt/airflow/dags/Projet_poubelle.py
[2025-01-06T08:22:40.880+0000] {processor.py:914} INFO - Processing file /opt/airflow/dags/Projet_poubelle.py for tasks to queue
[2025-01-06T08:22:40.881+0000] {logging_mixin.py:190} INFO - [2025-01-06T08:22:40.881+0000] {dagbag.py:588} INFO - Filling up the DagBag from /opt/airflow/dags/Projet_poubelle.py
[2025-01-06T08:22:40.890+0000] {logging_mixin.py:190} WARNING - /home/airflow/.local/lib/python3.12/site-packages/fuzzywuzzy/fuzz.py:11 UserWarning: Using slow pure-python SequenceMatcher. Install python-Levenshtein to remove this warning
[2025-01-06T08:22:40.892+0000] {processor.py:925} INFO - DAG(s) 'Projet_poubelle' retrieved from /opt/airflow/dags/Projet_poubelle.py
[2025-01-06T08:22:40.906+0000] {logging_mixin.py:190} INFO - [2025-01-06T08:22:40.906+0000] {dag.py:3239} INFO - Sync 1 DAGs
[2025-01-06T08:22:40.924+0000] {logging_mixin.py:190} INFO - [2025-01-06T08:22:40.924+0000] {dag.py:4180} INFO - Setting next_dagrun for Projet_poubelle to 2025-01-06 08:22:00+00:00, run_after=2025-01-06 08:23:00+00:00
[2025-01-06T08:22:40.938+0000] {processor.py:208} INFO - Processing /opt/airflow/dags/Projet_poubelle.py took 0.062 seconds
[2025-01-06T08:23:11.186+0000] {processor.py:186} INFO - Started process (PID=488) to work on /opt/airflow/dags/Projet_poubelle.py
[2025-01-06T08:23:11.186+0000] {processor.py:914} INFO - Processing file /opt/airflow/dags/Projet_poubelle.py for tasks to queue
[2025-01-06T08:23:11.187+0000] {logging_mixin.py:190} INFO - [2025-01-06T08:23:11.187+0000] {dagbag.py:588} INFO - Filling up the DagBag from /opt/airflow/dags/Projet_poubelle.py
[2025-01-06T08:23:11.195+0000] {logging_mixin.py:190} WARNING - /home/airflow/.local/lib/python3.12/site-packages/fuzzywuzzy/fuzz.py:11 UserWarning: Using slow pure-python SequenceMatcher. Install python-Levenshtein to remove this warning
[2025-01-06T08:23:11.197+0000] {processor.py:925} INFO - DAG(s) 'Projet_poubelle' retrieved from /opt/airflow/dags/Projet_poubelle.py
[2025-01-06T08:23:11.209+0000] {logging_mixin.py:190} INFO - [2025-01-06T08:23:11.209+0000] {dag.py:3239} INFO - Sync 1 DAGs
[2025-01-06T08:23:11.223+0000] {logging_mixin.py:190} INFO - [2025-01-06T08:23:11.223+0000] {dag.py:4180} INFO - Setting next_dagrun for Projet_poubelle to 2025-01-06 08:23:00+00:00, run_after=2025-01-06 08:24:00+00:00
[2025-01-06T08:23:11.232+0000] {processor.py:208} INFO - Processing /opt/airflow/dags/Projet_poubelle.py took 0.050 seconds
[2025-01-06T08:23:41.858+0000] {processor.py:186} INFO - Started process (PID=554) to work on /opt/airflow/dags/Projet_poubelle.py
[2025-01-06T08:23:41.859+0000] {processor.py:914} INFO - Processing file /opt/airflow/dags/Projet_poubelle.py for tasks to queue
[2025-01-06T08:23:41.860+0000] {logging_mixin.py:190} INFO - [2025-01-06T08:23:41.859+0000] {dagbag.py:588} INFO - Filling up the DagBag from /opt/airflow/dags/Projet_poubelle.py
[2025-01-06T08:23:41.867+0000] {logging_mixin.py:190} WARNING - /home/airflow/.local/lib/python3.12/site-packages/fuzzywuzzy/fuzz.py:11 UserWarning: Using slow pure-python SequenceMatcher. Install python-Levenshtein to remove this warning
[2025-01-06T08:23:41.868+0000] {processor.py:925} INFO - DAG(s) 'Projet_poubelle' retrieved from /opt/airflow/dags/Projet_poubelle.py
[2025-01-06T08:23:41.879+0000] {logging_mixin.py:190} INFO - [2025-01-06T08:23:41.879+0000] {dag.py:3239} INFO - Sync 1 DAGs
[2025-01-06T08:23:41.892+0000] {logging_mixin.py:190} INFO - [2025-01-06T08:23:41.892+0000] {dag.py:4180} INFO - Setting next_dagrun for Projet_poubelle to 2025-01-06 08:23:00+00:00, run_after=2025-01-06 08:24:00+00:00
[2025-01-06T08:23:41.902+0000] {processor.py:208} INFO - Processing /opt/airflow/dags/Projet_poubelle.py took 0.048 seconds
[2025-01-06T08:24:12.402+0000] {processor.py:186} INFO - Started process (PID=625) to work on /opt/airflow/dags/Projet_poubelle.py
[2025-01-06T08:24:12.402+0000] {processor.py:914} INFO - Processing file /opt/airflow/dags/Projet_poubelle.py for tasks to queue
[2025-01-06T08:24:12.404+0000] {logging_mixin.py:190} INFO - [2025-01-06T08:24:12.404+0000] {dagbag.py:588} INFO - Filling up the DagBag from /opt/airflow/dags/Projet_poubelle.py
[2025-01-06T08:24:12.411+0000] {logging_mixin.py:190} WARNING - /home/airflow/.local/lib/python3.12/site-packages/fuzzywuzzy/fuzz.py:11 UserWarning: Using slow pure-python SequenceMatcher. Install python-Levenshtein to remove this warning
[2025-01-06T08:24:12.412+0000] {processor.py:925} INFO - DAG(s) 'Projet_poubelle' retrieved from /opt/airflow/dags/Projet_poubelle.py
[2025-01-06T08:24:12.425+0000] {logging_mixin.py:190} INFO - [2025-01-06T08:24:12.424+0000] {dag.py:3239} INFO - Sync 1 DAGs
[2025-01-06T08:24:12.440+0000] {logging_mixin.py:190} INFO - [2025-01-06T08:24:12.440+0000] {dag.py:4180} INFO - Setting next_dagrun for Projet_poubelle to 2025-01-06 08:24:00+00:00, run_after=2025-01-06 08:25:00+00:00
[2025-01-06T08:24:12.449+0000] {processor.py:208} INFO - Processing /opt/airflow/dags/Projet_poubelle.py took 0.052 seconds
[2025-01-06T08:24:42.642+0000] {processor.py:186} INFO - Started process (PID=691) to work on /opt/airflow/dags/Projet_poubelle.py
[2025-01-06T08:24:42.642+0000] {processor.py:914} INFO - Processing file /opt/airflow/dags/Projet_poubelle.py for tasks to queue
[2025-01-06T08:24:42.643+0000] {logging_mixin.py:190} INFO - [2025-01-06T08:24:42.643+0000] {dagbag.py:588} INFO - Filling up the DagBag from /opt/airflow/dags/Projet_poubelle.py
[2025-01-06T08:24:42.650+0000] {logging_mixin.py:190} WARNING - /home/airflow/.local/lib/python3.12/site-packages/fuzzywuzzy/fuzz.py:11 UserWarning: Using slow pure-python SequenceMatcher. Install python-Levenshtein to remove this warning
[2025-01-06T08:24:42.652+0000] {processor.py:925} INFO - DAG(s) 'Projet_poubelle' retrieved from /opt/airflow/dags/Projet_poubelle.py
[2025-01-06T08:24:42.664+0000] {logging_mixin.py:190} INFO - [2025-01-06T08:24:42.664+0000] {dag.py:3239} INFO - Sync 1 DAGs
[2025-01-06T08:24:42.679+0000] {logging_mixin.py:190} INFO - [2025-01-06T08:24:42.679+0000] {dag.py:4180} INFO - Setting next_dagrun for Projet_poubelle to 2025-01-06 08:24:00+00:00, run_after=2025-01-06 08:25:00+00:00
[2025-01-06T08:24:42.690+0000] {processor.py:208} INFO - Processing /opt/airflow/dags/Projet_poubelle.py took 0.052 seconds
[2025-01-06T08:25:13.042+0000] {processor.py:186} INFO - Started process (PID=762) to work on /opt/airflow/dags/Projet_poubelle.py
[2025-01-06T08:25:13.043+0000] {processor.py:914} INFO - Processing file /opt/airflow/dags/Projet_poubelle.py for tasks to queue
[2025-01-06T08:25:13.044+0000] {logging_mixin.py:190} INFO - [2025-01-06T08:25:13.043+0000] {dagbag.py:588} INFO - Filling up the DagBag from /opt/airflow/dags/Projet_poubelle.py
[2025-01-06T08:25:13.051+0000] {logging_mixin.py:190} WARNING - /home/airflow/.local/lib/python3.12/site-packages/fuzzywuzzy/fuzz.py:11 UserWarning: Using slow pure-python SequenceMatcher. Install python-Levenshtein to remove this warning
[2025-01-06T08:25:13.053+0000] {processor.py:925} INFO - DAG(s) 'Projet_poubelle' retrieved from /opt/airflow/dags/Projet_poubelle.py
[2025-01-06T08:25:13.068+0000] {logging_mixin.py:190} INFO - [2025-01-06T08:25:13.068+0000] {dag.py:3239} INFO - Sync 1 DAGs
[2025-01-06T08:25:13.086+0000] {logging_mixin.py:190} INFO - [2025-01-06T08:25:13.086+0000] {dag.py:4180} INFO - Setting next_dagrun for Projet_poubelle to 2025-01-06 08:25:00+00:00, run_after=2025-01-06 08:26:00+00:00
[2025-01-06T08:25:13.100+0000] {processor.py:208} INFO - Processing /opt/airflow/dags/Projet_poubelle.py took 0.061 seconds
[2025-01-06T08:25:43.453+0000] {processor.py:186} INFO - Started process (PID=828) to work on /opt/airflow/dags/Projet_poubelle.py
[2025-01-06T08:25:43.454+0000] {processor.py:914} INFO - Processing file /opt/airflow/dags/Projet_poubelle.py for tasks to queue
[2025-01-06T08:25:43.455+0000] {logging_mixin.py:190} INFO - [2025-01-06T08:25:43.455+0000] {dagbag.py:588} INFO - Filling up the DagBag from /opt/airflow/dags/Projet_poubelle.py
[2025-01-06T08:25:43.463+0000] {logging_mixin.py:190} WARNING - /home/airflow/.local/lib/python3.12/site-packages/fuzzywuzzy/fuzz.py:11 UserWarning: Using slow pure-python SequenceMatcher. Install python-Levenshtein to remove this warning
[2025-01-06T08:25:43.465+0000] {processor.py:925} INFO - DAG(s) 'Projet_poubelle' retrieved from /opt/airflow/dags/Projet_poubelle.py
[2025-01-06T08:25:43.476+0000] {logging_mixin.py:190} INFO - [2025-01-06T08:25:43.476+0000] {dag.py:3239} INFO - Sync 1 DAGs
[2025-01-06T08:25:43.489+0000] {logging_mixin.py:190} INFO - [2025-01-06T08:25:43.489+0000] {dag.py:4180} INFO - Setting next_dagrun for Projet_poubelle to 2025-01-06 08:25:00+00:00, run_after=2025-01-06 08:26:00+00:00
[2025-01-06T08:25:43.499+0000] {processor.py:208} INFO - Processing /opt/airflow/dags/Projet_poubelle.py took 0.050 seconds
[2025-01-06T08:26:13.814+0000] {processor.py:186} INFO - Started process (PID=899) to work on /opt/airflow/dags/Projet_poubelle.py
[2025-01-06T08:26:13.814+0000] {processor.py:914} INFO - Processing file /opt/airflow/dags/Projet_poubelle.py for tasks to queue
[2025-01-06T08:26:13.816+0000] {logging_mixin.py:190} INFO - [2025-01-06T08:26:13.816+0000] {dagbag.py:588} INFO - Filling up the DagBag from /opt/airflow/dags/Projet_poubelle.py
[2025-01-06T08:26:13.824+0000] {logging_mixin.py:190} WARNING - /home/airflow/.local/lib/python3.12/site-packages/fuzzywuzzy/fuzz.py:11 UserWarning: Using slow pure-python SequenceMatcher. Install python-Levenshtein to remove this warning
[2025-01-06T08:26:13.826+0000] {processor.py:925} INFO - DAG(s) 'Projet_poubelle' retrieved from /opt/airflow/dags/Projet_poubelle.py
[2025-01-06T08:26:13.837+0000] {logging_mixin.py:190} INFO - [2025-01-06T08:26:13.837+0000] {dag.py:3239} INFO - Sync 1 DAGs
[2025-01-06T08:26:13.851+0000] {logging_mixin.py:190} INFO - [2025-01-06T08:26:13.851+0000] {dag.py:4180} INFO - Setting next_dagrun for Projet_poubelle to 2025-01-06 08:26:00+00:00, run_after=2025-01-06 08:27:00+00:00
[2025-01-06T08:26:13.861+0000] {processor.py:208} INFO - Processing /opt/airflow/dags/Projet_poubelle.py took 0.051 seconds
[2025-01-06T08:26:44.269+0000] {processor.py:186} INFO - Started process (PID=965) to work on /opt/airflow/dags/Projet_poubelle.py
[2025-01-06T08:26:44.270+0000] {processor.py:914} INFO - Processing file /opt/airflow/dags/Projet_poubelle.py for tasks to queue
[2025-01-06T08:26:44.272+0000] {logging_mixin.py:190} INFO - [2025-01-06T08:26:44.271+0000] {dagbag.py:588} INFO - Filling up the DagBag from /opt/airflow/dags/Projet_poubelle.py
[2025-01-06T08:26:44.280+0000] {logging_mixin.py:190} WARNING - /home/airflow/.local/lib/python3.12/site-packages/fuzzywuzzy/fuzz.py:11 UserWarning: Using slow pure-python SequenceMatcher. Install python-Levenshtein to remove this warning
[2025-01-06T08:26:44.281+0000] {processor.py:925} INFO - DAG(s) 'Projet_poubelle' retrieved from /opt/airflow/dags/Projet_poubelle.py
[2025-01-06T08:26:44.295+0000] {logging_mixin.py:190} INFO - [2025-01-06T08:26:44.295+0000] {dag.py:3239} INFO - Sync 1 DAGs
[2025-01-06T08:26:44.313+0000] {logging_mixin.py:190} INFO - [2025-01-06T08:26:44.313+0000] {dag.py:4180} INFO - Setting next_dagrun for Projet_poubelle to 2025-01-06 08:26:00+00:00, run_after=2025-01-06 08:27:00+00:00
[2025-01-06T08:26:44.325+0000] {processor.py:208} INFO - Processing /opt/airflow/dags/Projet_poubelle.py took 0.058 seconds
[2025-01-06T08:27:14.697+0000] {processor.py:186} INFO - Started process (PID=1036) to work on /opt/airflow/dags/Projet_poubelle.py
[2025-01-06T08:27:14.698+0000] {processor.py:914} INFO - Processing file /opt/airflow/dags/Projet_poubelle.py for tasks to queue
[2025-01-06T08:27:14.699+0000] {logging_mixin.py:190} INFO - [2025-01-06T08:27:14.699+0000] {dagbag.py:588} INFO - Filling up the DagBag from /opt/airflow/dags/Projet_poubelle.py
[2025-01-06T08:27:14.706+0000] {logging_mixin.py:190} WARNING - /home/airflow/.local/lib/python3.12/site-packages/fuzzywuzzy/fuzz.py:11 UserWarning: Using slow pure-python SequenceMatcher. Install python-Levenshtein to remove this warning
[2025-01-06T08:27:14.708+0000] {processor.py:925} INFO - DAG(s) 'Projet_poubelle' retrieved from /opt/airflow/dags/Projet_poubelle.py
[2025-01-06T08:27:14.721+0000] {logging_mixin.py:190} INFO - [2025-01-06T08:27:14.721+0000] {dag.py:3239} INFO - Sync 1 DAGs
[2025-01-06T08:27:14.735+0000] {logging_mixin.py:190} INFO - [2025-01-06T08:27:14.735+0000] {dag.py:4180} INFO - Setting next_dagrun for Projet_poubelle to 2025-01-06 08:27:00+00:00, run_after=2025-01-06 08:28:00+00:00
[2025-01-06T08:27:14.746+0000] {processor.py:208} INFO - Processing /opt/airflow/dags/Projet_poubelle.py took 0.053 seconds
[2025-01-06T08:27:45.025+0000] {processor.py:186} INFO - Started process (PID=1102) to work on /opt/airflow/dags/Projet_poubelle.py
[2025-01-06T08:27:45.025+0000] {processor.py:914} INFO - Processing file /opt/airflow/dags/Projet_poubelle.py for tasks to queue
[2025-01-06T08:27:45.026+0000] {logging_mixin.py:190} INFO - [2025-01-06T08:27:45.026+0000] {dagbag.py:588} INFO - Filling up the DagBag from /opt/airflow/dags/Projet_poubelle.py
[2025-01-06T08:27:45.034+0000] {logging_mixin.py:190} WARNING - /home/airflow/.local/lib/python3.12/site-packages/fuzzywuzzy/fuzz.py:11 UserWarning: Using slow pure-python SequenceMatcher. Install python-Levenshtein to remove this warning
[2025-01-06T08:27:45.035+0000] {processor.py:925} INFO - DAG(s) 'Projet_poubelle' retrieved from /opt/airflow/dags/Projet_poubelle.py
[2025-01-06T08:27:45.044+0000] {logging_mixin.py:190} INFO - [2025-01-06T08:27:45.044+0000] {dag.py:3239} INFO - Sync 1 DAGs
[2025-01-06T08:27:45.057+0000] {logging_mixin.py:190} INFO - [2025-01-06T08:27:45.057+0000] {dag.py:4180} INFO - Setting next_dagrun for Projet_poubelle to 2025-01-06 08:27:00+00:00, run_after=2025-01-06 08:28:00+00:00
[2025-01-06T08:27:45.067+0000] {processor.py:208} INFO - Processing /opt/airflow/dags/Projet_poubelle.py took 0.046 seconds
[2025-01-06T08:28:15.394+0000] {processor.py:186} INFO - Started process (PID=1173) to work on /opt/airflow/dags/Projet_poubelle.py
[2025-01-06T08:28:15.395+0000] {processor.py:914} INFO - Processing file /opt/airflow/dags/Projet_poubelle.py for tasks to queue
[2025-01-06T08:28:15.396+0000] {logging_mixin.py:190} INFO - [2025-01-06T08:28:15.396+0000] {dagbag.py:588} INFO - Filling up the DagBag from /opt/airflow/dags/Projet_poubelle.py
[2025-01-06T08:28:15.403+0000] {logging_mixin.py:190} WARNING - /home/airflow/.local/lib/python3.12/site-packages/fuzzywuzzy/fuzz.py:11 UserWarning: Using slow pure-python SequenceMatcher. Install python-Levenshtein to remove this warning
[2025-01-06T08:28:15.404+0000] {processor.py:925} INFO - DAG(s) 'Projet_poubelle' retrieved from /opt/airflow/dags/Projet_poubelle.py
[2025-01-06T08:28:15.418+0000] {logging_mixin.py:190} INFO - [2025-01-06T08:28:15.418+0000] {dag.py:3239} INFO - Sync 1 DAGs
[2025-01-06T08:28:15.435+0000] {logging_mixin.py:190} INFO - [2025-01-06T08:28:15.435+0000] {dag.py:4180} INFO - Setting next_dagrun for Projet_poubelle to 2025-01-06 08:28:00+00:00, run_after=2025-01-06 08:29:00+00:00
[2025-01-06T08:28:15.446+0000] {processor.py:208} INFO - Processing /opt/airflow/dags/Projet_poubelle.py took 0.055 seconds
[2025-01-06T08:28:45.868+0000] {processor.py:186} INFO - Started process (PID=1239) to work on /opt/airflow/dags/Projet_poubelle.py
[2025-01-06T08:28:45.868+0000] {processor.py:914} INFO - Processing file /opt/airflow/dags/Projet_poubelle.py for tasks to queue
[2025-01-06T08:28:45.870+0000] {logging_mixin.py:190} INFO - [2025-01-06T08:28:45.869+0000] {dagbag.py:588} INFO - Filling up the DagBag from /opt/airflow/dags/Projet_poubelle.py
[2025-01-06T08:28:45.877+0000] {logging_mixin.py:190} WARNING - /home/airflow/.local/lib/python3.12/site-packages/fuzzywuzzy/fuzz.py:11 UserWarning: Using slow pure-python SequenceMatcher. Install python-Levenshtein to remove this warning
[2025-01-06T08:28:45.878+0000] {processor.py:925} INFO - DAG(s) 'Projet_poubelle' retrieved from /opt/airflow/dags/Projet_poubelle.py
[2025-01-06T08:28:45.890+0000] {logging_mixin.py:190} INFO - [2025-01-06T08:28:45.890+0000] {dag.py:3239} INFO - Sync 1 DAGs
[2025-01-06T08:28:45.908+0000] {logging_mixin.py:190} INFO - [2025-01-06T08:28:45.908+0000] {dag.py:4180} INFO - Setting next_dagrun for Projet_poubelle to 2025-01-06 08:28:00+00:00, run_after=2025-01-06 08:29:00+00:00
[2025-01-06T08:28:45.919+0000] {processor.py:208} INFO - Processing /opt/airflow/dags/Projet_poubelle.py took 0.056 seconds
[2025-01-06T08:29:16.354+0000] {processor.py:186} INFO - Started process (PID=1309) to work on /opt/airflow/dags/Projet_poubelle.py
[2025-01-06T08:29:16.354+0000] {processor.py:914} INFO - Processing file /opt/airflow/dags/Projet_poubelle.py for tasks to queue
[2025-01-06T08:29:16.356+0000] {logging_mixin.py:190} INFO - [2025-01-06T08:29:16.355+0000] {dagbag.py:588} INFO - Filling up the DagBag from /opt/airflow/dags/Projet_poubelle.py
[2025-01-06T08:29:16.363+0000] {logging_mixin.py:190} WARNING - /home/airflow/.local/lib/python3.12/site-packages/fuzzywuzzy/fuzz.py:11 UserWarning: Using slow pure-python SequenceMatcher. Install python-Levenshtein to remove this warning
[2025-01-06T08:29:16.365+0000] {processor.py:925} INFO - DAG(s) 'Projet_poubelle' retrieved from /opt/airflow/dags/Projet_poubelle.py
[2025-01-06T08:29:16.378+0000] {logging_mixin.py:190} INFO - [2025-01-06T08:29:16.378+0000] {dag.py:3239} INFO - Sync 1 DAGs
[2025-01-06T08:29:16.397+0000] {logging_mixin.py:190} INFO - [2025-01-06T08:29:16.397+0000] {dag.py:4180} INFO - Setting next_dagrun for Projet_poubelle to 2025-01-06 08:29:00+00:00, run_after=2025-01-06 08:30:00+00:00
[2025-01-06T08:29:16.410+0000] {processor.py:208} INFO - Processing /opt/airflow/dags/Projet_poubelle.py took 0.060 seconds
[2025-01-06T08:29:46.757+0000] {processor.py:186} INFO - Started process (PID=1375) to work on /opt/airflow/dags/Projet_poubelle.py
[2025-01-06T08:29:46.757+0000] {processor.py:914} INFO - Processing file /opt/airflow/dags/Projet_poubelle.py for tasks to queue
[2025-01-06T08:29:46.758+0000] {logging_mixin.py:190} INFO - [2025-01-06T08:29:46.758+0000] {dagbag.py:588} INFO - Filling up the DagBag from /opt/airflow/dags/Projet_poubelle.py
[2025-01-06T08:29:46.767+0000] {logging_mixin.py:190} WARNING - /home/airflow/.local/lib/python3.12/site-packages/fuzzywuzzy/fuzz.py:11 UserWarning: Using slow pure-python SequenceMatcher. Install python-Levenshtein to remove this warning
[2025-01-06T08:29:46.768+0000] {processor.py:925} INFO - DAG(s) 'Projet_poubelle' retrieved from /opt/airflow/dags/Projet_poubelle.py
[2025-01-06T08:29:46.783+0000] {logging_mixin.py:190} INFO - [2025-01-06T08:29:46.783+0000] {dag.py:3239} INFO - Sync 1 DAGs
[2025-01-06T08:29:46.796+0000] {logging_mixin.py:190} INFO - [2025-01-06T08:29:46.796+0000] {dag.py:4180} INFO - Setting next_dagrun for Projet_poubelle to 2025-01-06 08:29:00+00:00, run_after=2025-01-06 08:30:00+00:00
[2025-01-06T08:29:46.805+0000] {processor.py:208} INFO - Processing /opt/airflow/dags/Projet_poubelle.py took 0.051 seconds
[2025-01-06T08:30:17.211+0000] {processor.py:186} INFO - Started process (PID=1451) to work on /opt/airflow/dags/Projet_poubelle.py
[2025-01-06T08:30:17.212+0000] {processor.py:914} INFO - Processing file /opt/airflow/dags/Projet_poubelle.py for tasks to queue
[2025-01-06T08:30:17.213+0000] {logging_mixin.py:190} INFO - [2025-01-06T08:30:17.213+0000] {dagbag.py:588} INFO - Filling up the DagBag from /opt/airflow/dags/Projet_poubelle.py
[2025-01-06T08:30:17.220+0000] {logging_mixin.py:190} WARNING - /home/airflow/.local/lib/python3.12/site-packages/fuzzywuzzy/fuzz.py:11 UserWarning: Using slow pure-python SequenceMatcher. Install python-Levenshtein to remove this warning
[2025-01-06T08:30:17.222+0000] {processor.py:925} INFO - DAG(s) 'Projet_poubelle' retrieved from /opt/airflow/dags/Projet_poubelle.py
[2025-01-06T08:30:17.233+0000] {logging_mixin.py:190} INFO - [2025-01-06T08:30:17.233+0000] {dag.py:3239} INFO - Sync 1 DAGs
[2025-01-06T08:30:17.247+0000] {logging_mixin.py:190} INFO - [2025-01-06T08:30:17.247+0000] {dag.py:4180} INFO - Setting next_dagrun for Projet_poubelle to 2025-01-06 08:30:00+00:00, run_after=2025-01-06 08:31:00+00:00
[2025-01-06T08:30:17.256+0000] {processor.py:208} INFO - Processing /opt/airflow/dags/Projet_poubelle.py took 0.049 seconds
[2025-01-06T08:30:47.677+0000] {processor.py:186} INFO - Started process (PID=1517) to work on /opt/airflow/dags/Projet_poubelle.py
[2025-01-06T08:30:47.677+0000] {processor.py:914} INFO - Processing file /opt/airflow/dags/Projet_poubelle.py for tasks to queue
[2025-01-06T08:30:47.679+0000] {logging_mixin.py:190} INFO - [2025-01-06T08:30:47.679+0000] {dagbag.py:588} INFO - Filling up the DagBag from /opt/airflow/dags/Projet_poubelle.py
[2025-01-06T08:30:47.688+0000] {logging_mixin.py:190} WARNING - /home/airflow/.local/lib/python3.12/site-packages/fuzzywuzzy/fuzz.py:11 UserWarning: Using slow pure-python SequenceMatcher. Install python-Levenshtein to remove this warning
[2025-01-06T08:30:47.689+0000] {processor.py:925} INFO - DAG(s) 'Projet_poubelle' retrieved from /opt/airflow/dags/Projet_poubelle.py
[2025-01-06T08:30:47.702+0000] {logging_mixin.py:190} INFO - [2025-01-06T08:30:47.702+0000] {dag.py:3239} INFO - Sync 1 DAGs
[2025-01-06T08:30:47.717+0000] {logging_mixin.py:190} INFO - [2025-01-06T08:30:47.717+0000] {dag.py:4180} INFO - Setting next_dagrun for Projet_poubelle to 2025-01-06 08:30:00+00:00, run_after=2025-01-06 08:31:00+00:00
[2025-01-06T08:30:47.730+0000] {processor.py:208} INFO - Processing /opt/airflow/dags/Projet_poubelle.py took 0.057 seconds
[2025-01-06T08:31:18.082+0000] {processor.py:186} INFO - Started process (PID=1588) to work on /opt/airflow/dags/Projet_poubelle.py
[2025-01-06T08:31:18.083+0000] {processor.py:914} INFO - Processing file /opt/airflow/dags/Projet_poubelle.py for tasks to queue
[2025-01-06T08:31:18.084+0000] {logging_mixin.py:190} INFO - [2025-01-06T08:31:18.084+0000] {dagbag.py:588} INFO - Filling up the DagBag from /opt/airflow/dags/Projet_poubelle.py
[2025-01-06T08:31:18.092+0000] {logging_mixin.py:190} WARNING - /home/airflow/.local/lib/python3.12/site-packages/fuzzywuzzy/fuzz.py:11 UserWarning: Using slow pure-python SequenceMatcher. Install python-Levenshtein to remove this warning
[2025-01-06T08:31:18.093+0000] {processor.py:925} INFO - DAG(s) 'Projet_poubelle' retrieved from /opt/airflow/dags/Projet_poubelle.py
[2025-01-06T08:31:18.106+0000] {logging_mixin.py:190} INFO - [2025-01-06T08:31:18.106+0000] {dag.py:3239} INFO - Sync 1 DAGs
[2025-01-06T08:31:18.124+0000] {logging_mixin.py:190} INFO - [2025-01-06T08:31:18.124+0000] {dag.py:4180} INFO - Setting next_dagrun for Projet_poubelle to 2025-01-06 08:31:00+00:00, run_after=2025-01-06 08:32:00+00:00
[2025-01-06T08:31:18.138+0000] {processor.py:208} INFO - Processing /opt/airflow/dags/Projet_poubelle.py took 0.059 seconds
[2025-01-06T08:31:48.506+0000] {processor.py:186} INFO - Started process (PID=1654) to work on /opt/airflow/dags/Projet_poubelle.py
[2025-01-06T08:31:48.507+0000] {processor.py:914} INFO - Processing file /opt/airflow/dags/Projet_poubelle.py for tasks to queue
[2025-01-06T08:31:48.508+0000] {logging_mixin.py:190} INFO - [2025-01-06T08:31:48.508+0000] {dagbag.py:588} INFO - Filling up the DagBag from /opt/airflow/dags/Projet_poubelle.py
[2025-01-06T08:31:48.515+0000] {logging_mixin.py:190} WARNING - /home/airflow/.local/lib/python3.12/site-packages/fuzzywuzzy/fuzz.py:11 UserWarning: Using slow pure-python SequenceMatcher. Install python-Levenshtein to remove this warning
[2025-01-06T08:31:48.516+0000] {processor.py:925} INFO - DAG(s) 'Projet_poubelle' retrieved from /opt/airflow/dags/Projet_poubelle.py
[2025-01-06T08:31:48.529+0000] {logging_mixin.py:190} INFO - [2025-01-06T08:31:48.529+0000] {dag.py:3239} INFO - Sync 1 DAGs
[2025-01-06T08:31:48.547+0000] {logging_mixin.py:190} INFO - [2025-01-06T08:31:48.547+0000] {dag.py:4180} INFO - Setting next_dagrun for Projet_poubelle to 2025-01-06 08:31:00+00:00, run_after=2025-01-06 08:32:00+00:00
[2025-01-06T08:31:48.560+0000] {processor.py:208} INFO - Processing /opt/airflow/dags/Projet_poubelle.py took 0.057 seconds
[2025-01-06T08:32:18.976+0000] {processor.py:186} INFO - Started process (PID=1725) to work on /opt/airflow/dags/Projet_poubelle.py
[2025-01-06T08:32:18.976+0000] {processor.py:914} INFO - Processing file /opt/airflow/dags/Projet_poubelle.py for tasks to queue
[2025-01-06T08:32:18.978+0000] {logging_mixin.py:190} INFO - [2025-01-06T08:32:18.977+0000] {dagbag.py:588} INFO - Filling up the DagBag from /opt/airflow/dags/Projet_poubelle.py
[2025-01-06T08:32:18.987+0000] {logging_mixin.py:190} WARNING - /home/airflow/.local/lib/python3.12/site-packages/fuzzywuzzy/fuzz.py:11 UserWarning: Using slow pure-python SequenceMatcher. Install python-Levenshtein to remove this warning
[2025-01-06T08:32:18.988+0000] {processor.py:925} INFO - DAG(s) 'Projet_poubelle' retrieved from /opt/airflow/dags/Projet_poubelle.py
[2025-01-06T08:32:19.002+0000] {logging_mixin.py:190} INFO - [2025-01-06T08:32:19.002+0000] {dag.py:3239} INFO - Sync 1 DAGs
[2025-01-06T08:32:19.021+0000] {logging_mixin.py:190} INFO - [2025-01-06T08:32:19.021+0000] {dag.py:4180} INFO - Setting next_dagrun for Projet_poubelle to 2025-01-06 08:32:00+00:00, run_after=2025-01-06 08:33:00+00:00
[2025-01-06T08:32:19.033+0000] {processor.py:208} INFO - Processing /opt/airflow/dags/Projet_poubelle.py took 0.061 seconds
[2025-01-06T08:32:49.557+0000] {processor.py:186} INFO - Started process (PID=1791) to work on /opt/airflow/dags/Projet_poubelle.py
[2025-01-06T08:32:49.558+0000] {processor.py:914} INFO - Processing file /opt/airflow/dags/Projet_poubelle.py for tasks to queue
[2025-01-06T08:32:49.559+0000] {logging_mixin.py:190} INFO - [2025-01-06T08:32:49.559+0000] {dagbag.py:588} INFO - Filling up the DagBag from /opt/airflow/dags/Projet_poubelle.py
[2025-01-06T08:32:49.567+0000] {logging_mixin.py:190} WARNING - /home/airflow/.local/lib/python3.12/site-packages/fuzzywuzzy/fuzz.py:11 UserWarning: Using slow pure-python SequenceMatcher. Install python-Levenshtein to remove this warning
[2025-01-06T08:32:49.569+0000] {processor.py:925} INFO - DAG(s) 'Projet_poubelle' retrieved from /opt/airflow/dags/Projet_poubelle.py
[2025-01-06T08:32:49.582+0000] {logging_mixin.py:190} INFO - [2025-01-06T08:32:49.582+0000] {dag.py:3239} INFO - Sync 1 DAGs
[2025-01-06T08:32:49.598+0000] {logging_mixin.py:190} INFO - [2025-01-06T08:32:49.598+0000] {dag.py:4180} INFO - Setting next_dagrun for Projet_poubelle to 2025-01-06 08:32:00+00:00, run_after=2025-01-06 08:33:00+00:00
[2025-01-06T08:32:49.608+0000] {processor.py:208} INFO - Processing /opt/airflow/dags/Projet_poubelle.py took 0.056 seconds
[2025-01-06T08:33:19.860+0000] {processor.py:186} INFO - Started process (PID=1862) to work on /opt/airflow/dags/Projet_poubelle.py
[2025-01-06T08:33:19.860+0000] {processor.py:914} INFO - Processing file /opt/airflow/dags/Projet_poubelle.py for tasks to queue
[2025-01-06T08:33:19.862+0000] {logging_mixin.py:190} INFO - [2025-01-06T08:33:19.862+0000] {dagbag.py:588} INFO - Filling up the DagBag from /opt/airflow/dags/Projet_poubelle.py
[2025-01-06T08:33:19.872+0000] {logging_mixin.py:190} WARNING - /home/airflow/.local/lib/python3.12/site-packages/fuzzywuzzy/fuzz.py:11 UserWarning: Using slow pure-python SequenceMatcher. Install python-Levenshtein to remove this warning
[2025-01-06T08:33:19.873+0000] {processor.py:925} INFO - DAG(s) 'Projet_poubelle' retrieved from /opt/airflow/dags/Projet_poubelle.py
[2025-01-06T08:33:19.887+0000] {logging_mixin.py:190} INFO - [2025-01-06T08:33:19.887+0000] {dag.py:3239} INFO - Sync 1 DAGs
[2025-01-06T08:33:19.904+0000] {logging_mixin.py:190} INFO - [2025-01-06T08:33:19.904+0000] {dag.py:4180} INFO - Setting next_dagrun for Projet_poubelle to 2025-01-06 08:33:00+00:00, run_after=2025-01-06 08:34:00+00:00
[2025-01-06T08:33:19.917+0000] {processor.py:208} INFO - Processing /opt/airflow/dags/Projet_poubelle.py took 0.061 seconds
