[2025-01-06T08:20:08.134+0000] {processor.py:186} INFO - Started process (PID=48) to work on /opt/airflow/dags/projet.py
[2025-01-06T08:20:08.135+0000] {processor.py:914} INFO - Processing file /opt/airflow/dags/projet.py for tasks to queue
[2025-01-06T08:20:08.137+0000] {logging_mixin.py:190} INFO - [2025-01-06T08:20:08.137+0000] {dagbag.py:588} INFO - Filling up the DagBag from /opt/airflow/dags/projet.py
[2025-01-06T08:20:08.149+0000] {processor.py:925} INFO - DAG(s) 'projet_groupe' retrieved from /opt/airflow/dags/projet.py
[2025-01-06T08:20:08.172+0000] {logging_mixin.py:190} INFO - [2025-01-06T08:20:08.171+0000] {dag.py:3239} INFO - Sync 1 DAGs
[2025-01-06T08:20:08.191+0000] {logging_mixin.py:190} INFO - [2025-01-06T08:20:08.191+0000] {dag.py:4180} INFO - Setting next_dagrun for projet_groupe to 2025-01-06 08:19:00+00:00, run_after=2025-01-06 08:20:00+00:00
[2025-01-06T08:20:08.204+0000] {processor.py:208} INFO - Processing /opt/airflow/dags/projet.py took 0.074 seconds
[2025-01-06T08:20:39.077+0000] {processor.py:186} INFO - Started process (PID=142) to work on /opt/airflow/dags/projet.py
[2025-01-06T08:20:39.079+0000] {processor.py:914} INFO - Processing file /opt/airflow/dags/projet.py for tasks to queue
[2025-01-06T08:20:39.080+0000] {logging_mixin.py:190} INFO - [2025-01-06T08:20:39.080+0000] {dagbag.py:588} INFO - Filling up the DagBag from /opt/airflow/dags/projet.py
[2025-01-06T08:20:39.087+0000] {processor.py:925} INFO - DAG(s) 'projet_groupe' retrieved from /opt/airflow/dags/projet.py
[2025-01-06T08:20:39.098+0000] {logging_mixin.py:190} INFO - [2025-01-06T08:20:39.098+0000] {dag.py:3239} INFO - Sync 1 DAGs
[2025-01-06T08:20:39.111+0000] {logging_mixin.py:190} INFO - [2025-01-06T08:20:39.111+0000] {dag.py:4180} INFO - Setting next_dagrun for projet_groupe to 2025-01-06 08:20:00+00:00, run_after=2025-01-06 08:21:00+00:00
[2025-01-06T08:20:39.122+0000] {processor.py:208} INFO - Processing /opt/airflow/dags/projet.py took 0.048 seconds
[2025-01-06T08:21:09.508+0000] {processor.py:186} INFO - Started process (PID=213) to work on /opt/airflow/dags/projet.py
[2025-01-06T08:21:09.510+0000] {processor.py:914} INFO - Processing file /opt/airflow/dags/projet.py for tasks to queue
[2025-01-06T08:21:09.513+0000] {logging_mixin.py:190} INFO - [2025-01-06T08:21:09.512+0000] {dagbag.py:588} INFO - Filling up the DagBag from /opt/airflow/dags/projet.py
[2025-01-06T08:21:09.521+0000] {processor.py:925} INFO - DAG(s) 'projet_groupe' retrieved from /opt/airflow/dags/projet.py
[2025-01-06T08:21:09.534+0000] {logging_mixin.py:190} INFO - [2025-01-06T08:21:09.533+0000] {dag.py:3239} INFO - Sync 1 DAGs
[2025-01-06T08:21:09.546+0000] {logging_mixin.py:190} INFO - [2025-01-06T08:21:09.546+0000] {dag.py:4180} INFO - Setting next_dagrun for projet_groupe to 2025-01-06 08:21:00+00:00, run_after=2025-01-06 08:22:00+00:00
[2025-01-06T08:21:09.556+0000] {processor.py:208} INFO - Processing /opt/airflow/dags/projet.py took 0.051 seconds
[2025-01-06T08:21:39.917+0000] {processor.py:186} INFO - Started process (PID=279) to work on /opt/airflow/dags/projet.py
[2025-01-06T08:21:39.919+0000] {processor.py:914} INFO - Processing file /opt/airflow/dags/projet.py for tasks to queue
[2025-01-06T08:21:39.920+0000] {logging_mixin.py:190} INFO - [2025-01-06T08:21:39.920+0000] {dagbag.py:588} INFO - Filling up the DagBag from /opt/airflow/dags/projet.py
[2025-01-06T08:21:39.927+0000] {processor.py:925} INFO - DAG(s) 'projet_groupe' retrieved from /opt/airflow/dags/projet.py
[2025-01-06T08:21:39.938+0000] {logging_mixin.py:190} INFO - [2025-01-06T08:21:39.938+0000] {dag.py:3239} INFO - Sync 1 DAGs
[2025-01-06T08:21:39.951+0000] {logging_mixin.py:190} INFO - [2025-01-06T08:21:39.951+0000] {dag.py:4180} INFO - Setting next_dagrun for projet_groupe to 2025-01-06 08:21:00+00:00, run_after=2025-01-06 08:22:00+00:00
[2025-01-06T08:21:39.961+0000] {processor.py:208} INFO - Processing /opt/airflow/dags/projet.py took 0.048 seconds
[2025-01-06T08:22:10.437+0000] {processor.py:186} INFO - Started process (PID=350) to work on /opt/airflow/dags/projet.py
[2025-01-06T08:22:10.439+0000] {processor.py:914} INFO - Processing file /opt/airflow/dags/projet.py for tasks to queue
[2025-01-06T08:22:10.440+0000] {logging_mixin.py:190} INFO - [2025-01-06T08:22:10.440+0000] {dagbag.py:588} INFO - Filling up the DagBag from /opt/airflow/dags/projet.py
[2025-01-06T08:22:10.447+0000] {processor.py:925} INFO - DAG(s) 'projet_groupe' retrieved from /opt/airflow/dags/projet.py
[2025-01-06T08:22:10.458+0000] {logging_mixin.py:190} INFO - [2025-01-06T08:22:10.458+0000] {dag.py:3239} INFO - Sync 1 DAGs
[2025-01-06T08:22:10.472+0000] {logging_mixin.py:190} INFO - [2025-01-06T08:22:10.472+0000] {dag.py:4180} INFO - Setting next_dagrun for projet_groupe to 2025-01-06 08:22:00+00:00, run_after=2025-01-06 08:23:00+00:00
[2025-01-06T08:22:10.481+0000] {processor.py:208} INFO - Processing /opt/airflow/dags/projet.py took 0.048 seconds
[2025-01-06T08:22:40.875+0000] {processor.py:186} INFO - Started process (PID=416) to work on /opt/airflow/dags/projet.py
[2025-01-06T08:22:40.877+0000] {processor.py:914} INFO - Processing file /opt/airflow/dags/projet.py for tasks to queue
[2025-01-06T08:22:40.878+0000] {logging_mixin.py:190} INFO - [2025-01-06T08:22:40.878+0000] {dagbag.py:588} INFO - Filling up the DagBag from /opt/airflow/dags/projet.py
[2025-01-06T08:22:40.885+0000] {processor.py:925} INFO - DAG(s) 'projet_groupe' retrieved from /opt/airflow/dags/projet.py
[2025-01-06T08:22:40.899+0000] {logging_mixin.py:190} INFO - [2025-01-06T08:22:40.899+0000] {dag.py:3239} INFO - Sync 1 DAGs
[2025-01-06T08:22:40.918+0000] {logging_mixin.py:190} INFO - [2025-01-06T08:22:40.917+0000] {dag.py:4180} INFO - Setting next_dagrun for projet_groupe to 2025-01-06 08:22:00+00:00, run_after=2025-01-06 08:23:00+00:00
[2025-01-06T08:22:40.930+0000] {processor.py:208} INFO - Processing /opt/airflow/dags/projet.py took 0.058 seconds
[2025-01-06T08:23:11.182+0000] {processor.py:186} INFO - Started process (PID=487) to work on /opt/airflow/dags/projet.py
[2025-01-06T08:23:11.184+0000] {processor.py:914} INFO - Processing file /opt/airflow/dags/projet.py for tasks to queue
[2025-01-06T08:23:11.186+0000] {logging_mixin.py:190} INFO - [2025-01-06T08:23:11.185+0000] {dagbag.py:588} INFO - Filling up the DagBag from /opt/airflow/dags/projet.py
[2025-01-06T08:23:11.194+0000] {processor.py:925} INFO - DAG(s) 'projet_groupe' retrieved from /opt/airflow/dags/projet.py
[2025-01-06T08:23:11.208+0000] {logging_mixin.py:190} INFO - [2025-01-06T08:23:11.207+0000] {dag.py:3239} INFO - Sync 1 DAGs
[2025-01-06T08:23:11.222+0000] {logging_mixin.py:190} INFO - [2025-01-06T08:23:11.222+0000] {dag.py:4180} INFO - Setting next_dagrun for projet_groupe to 2025-01-06 08:23:00+00:00, run_after=2025-01-06 08:24:00+00:00
[2025-01-06T08:23:11.231+0000] {processor.py:208} INFO - Processing /opt/airflow/dags/projet.py took 0.053 seconds
[2025-01-06T08:23:41.856+0000] {processor.py:186} INFO - Started process (PID=553) to work on /opt/airflow/dags/projet.py
[2025-01-06T08:23:41.858+0000] {processor.py:914} INFO - Processing file /opt/airflow/dags/projet.py for tasks to queue
[2025-01-06T08:23:41.860+0000] {logging_mixin.py:190} INFO - [2025-01-06T08:23:41.859+0000] {dagbag.py:588} INFO - Filling up the DagBag from /opt/airflow/dags/projet.py
[2025-01-06T08:23:41.868+0000] {processor.py:925} INFO - DAG(s) 'projet_groupe' retrieved from /opt/airflow/dags/projet.py
[2025-01-06T08:23:41.879+0000] {logging_mixin.py:190} INFO - [2025-01-06T08:23:41.879+0000] {dag.py:3239} INFO - Sync 1 DAGs
[2025-01-06T08:23:41.892+0000] {logging_mixin.py:190} INFO - [2025-01-06T08:23:41.892+0000] {dag.py:4180} INFO - Setting next_dagrun for projet_groupe to 2025-01-06 08:23:00+00:00, run_after=2025-01-06 08:24:00+00:00
[2025-01-06T08:23:41.900+0000] {processor.py:208} INFO - Processing /opt/airflow/dags/projet.py took 0.048 seconds
[2025-01-06T08:24:12.398+0000] {processor.py:186} INFO - Started process (PID=624) to work on /opt/airflow/dags/projet.py
[2025-01-06T08:24:12.398+0000] {processor.py:914} INFO - Processing file /opt/airflow/dags/projet.py for tasks to queue
[2025-01-06T08:24:12.400+0000] {logging_mixin.py:190} INFO - [2025-01-06T08:24:12.400+0000] {dagbag.py:588} INFO - Filling up the DagBag from /opt/airflow/dags/projet.py
[2025-01-06T08:24:12.410+0000] {processor.py:925} INFO - DAG(s) 'projet_groupe' retrieved from /opt/airflow/dags/projet.py
[2025-01-06T08:24:12.422+0000] {logging_mixin.py:190} INFO - [2025-01-06T08:24:12.422+0000] {dag.py:3239} INFO - Sync 1 DAGs
[2025-01-06T08:24:12.435+0000] {logging_mixin.py:190} INFO - [2025-01-06T08:24:12.435+0000] {dag.py:4180} INFO - Setting next_dagrun for projet_groupe to 2025-01-06 08:24:00+00:00, run_after=2025-01-06 08:25:00+00:00
[2025-01-06T08:24:12.445+0000] {processor.py:208} INFO - Processing /opt/airflow/dags/projet.py took 0.051 seconds
[2025-01-06T08:24:42.638+0000] {processor.py:186} INFO - Started process (PID=690) to work on /opt/airflow/dags/projet.py
[2025-01-06T08:24:42.639+0000] {processor.py:914} INFO - Processing file /opt/airflow/dags/projet.py for tasks to queue
[2025-01-06T08:24:42.640+0000] {logging_mixin.py:190} INFO - [2025-01-06T08:24:42.640+0000] {dagbag.py:588} INFO - Filling up the DagBag from /opt/airflow/dags/projet.py
[2025-01-06T08:24:42.647+0000] {processor.py:925} INFO - DAG(s) 'projet_groupe' retrieved from /opt/airflow/dags/projet.py
[2025-01-06T08:24:42.662+0000] {logging_mixin.py:190} INFO - [2025-01-06T08:24:42.661+0000] {dag.py:3239} INFO - Sync 1 DAGs
[2025-01-06T08:24:42.678+0000] {logging_mixin.py:190} INFO - [2025-01-06T08:24:42.677+0000] {dag.py:4180} INFO - Setting next_dagrun for projet_groupe to 2025-01-06 08:24:00+00:00, run_after=2025-01-06 08:25:00+00:00
[2025-01-06T08:24:42.690+0000] {processor.py:208} INFO - Processing /opt/airflow/dags/projet.py took 0.056 seconds
[2025-01-06T08:25:13.039+0000] {processor.py:186} INFO - Started process (PID=761) to work on /opt/airflow/dags/projet.py
[2025-01-06T08:25:13.039+0000] {processor.py:914} INFO - Processing file /opt/airflow/dags/projet.py for tasks to queue
[2025-01-06T08:25:13.040+0000] {logging_mixin.py:190} INFO - [2025-01-06T08:25:13.040+0000] {dagbag.py:588} INFO - Filling up the DagBag from /opt/airflow/dags/projet.py
[2025-01-06T08:25:13.048+0000] {processor.py:925} INFO - DAG(s) 'projet_groupe' retrieved from /opt/airflow/dags/projet.py
[2025-01-06T08:25:13.064+0000] {logging_mixin.py:190} INFO - [2025-01-06T08:25:13.063+0000] {dag.py:3239} INFO - Sync 1 DAGs
[2025-01-06T08:25:13.085+0000] {logging_mixin.py:190} INFO - [2025-01-06T08:25:13.085+0000] {dag.py:4180} INFO - Setting next_dagrun for projet_groupe to 2025-01-06 08:25:00+00:00, run_after=2025-01-06 08:26:00+00:00
[2025-01-06T08:25:13.099+0000] {processor.py:208} INFO - Processing /opt/airflow/dags/projet.py took 0.065 seconds
[2025-01-06T08:25:43.450+0000] {processor.py:186} INFO - Started process (PID=827) to work on /opt/airflow/dags/projet.py
[2025-01-06T08:25:43.452+0000] {processor.py:914} INFO - Processing file /opt/airflow/dags/projet.py for tasks to queue
[2025-01-06T08:25:43.455+0000] {logging_mixin.py:190} INFO - [2025-01-06T08:25:43.454+0000] {dagbag.py:588} INFO - Filling up the DagBag from /opt/airflow/dags/projet.py
[2025-01-06T08:25:43.465+0000] {processor.py:925} INFO - DAG(s) 'projet_groupe' retrieved from /opt/airflow/dags/projet.py
[2025-01-06T08:25:43.476+0000] {logging_mixin.py:190} INFO - [2025-01-06T08:25:43.476+0000] {dag.py:3239} INFO - Sync 1 DAGs
[2025-01-06T08:25:43.489+0000] {logging_mixin.py:190} INFO - [2025-01-06T08:25:43.489+0000] {dag.py:4180} INFO - Setting next_dagrun for projet_groupe to 2025-01-06 08:25:00+00:00, run_after=2025-01-06 08:26:00+00:00
[2025-01-06T08:25:43.502+0000] {processor.py:208} INFO - Processing /opt/airflow/dags/projet.py took 0.056 seconds
[2025-01-06T08:26:13.809+0000] {processor.py:186} INFO - Started process (PID=898) to work on /opt/airflow/dags/projet.py
[2025-01-06T08:26:13.810+0000] {processor.py:914} INFO - Processing file /opt/airflow/dags/projet.py for tasks to queue
[2025-01-06T08:26:13.811+0000] {logging_mixin.py:190} INFO - [2025-01-06T08:26:13.811+0000] {dagbag.py:588} INFO - Filling up the DagBag from /opt/airflow/dags/projet.py
[2025-01-06T08:26:13.819+0000] {processor.py:925} INFO - DAG(s) 'projet_groupe' retrieved from /opt/airflow/dags/projet.py
[2025-01-06T08:26:13.834+0000] {logging_mixin.py:190} INFO - [2025-01-06T08:26:13.833+0000] {dag.py:3239} INFO - Sync 1 DAGs
[2025-01-06T08:26:13.851+0000] {logging_mixin.py:190} INFO - [2025-01-06T08:26:13.851+0000] {dag.py:4180} INFO - Setting next_dagrun for projet_groupe to 2025-01-06 08:26:00+00:00, run_after=2025-01-06 08:27:00+00:00
[2025-01-06T08:26:13.862+0000] {processor.py:208} INFO - Processing /opt/airflow/dags/projet.py took 0.056 seconds
[2025-01-06T08:26:44.268+0000] {processor.py:186} INFO - Started process (PID=964) to work on /opt/airflow/dags/projet.py
[2025-01-06T08:26:44.269+0000] {processor.py:914} INFO - Processing file /opt/airflow/dags/projet.py for tasks to queue
[2025-01-06T08:26:44.272+0000] {logging_mixin.py:190} INFO - [2025-01-06T08:26:44.271+0000] {dagbag.py:588} INFO - Filling up the DagBag from /opt/airflow/dags/projet.py
[2025-01-06T08:26:44.282+0000] {processor.py:925} INFO - DAG(s) 'projet_groupe' retrieved from /opt/airflow/dags/projet.py
[2025-01-06T08:26:44.293+0000] {logging_mixin.py:190} INFO - [2025-01-06T08:26:44.293+0000] {dag.py:3239} INFO - Sync 1 DAGs
[2025-01-06T08:26:44.307+0000] {logging_mixin.py:190} INFO - [2025-01-06T08:26:44.307+0000] {dag.py:4180} INFO - Setting next_dagrun for projet_groupe to 2025-01-06 08:26:00+00:00, run_after=2025-01-06 08:27:00+00:00
[2025-01-06T08:26:44.317+0000] {processor.py:208} INFO - Processing /opt/airflow/dags/projet.py took 0.053 seconds
[2025-01-06T08:27:14.692+0000] {processor.py:186} INFO - Started process (PID=1035) to work on /opt/airflow/dags/projet.py
[2025-01-06T08:27:14.692+0000] {processor.py:914} INFO - Processing file /opt/airflow/dags/projet.py for tasks to queue
[2025-01-06T08:27:14.694+0000] {logging_mixin.py:190} INFO - [2025-01-06T08:27:14.694+0000] {dagbag.py:588} INFO - Filling up the DagBag from /opt/airflow/dags/projet.py
[2025-01-06T08:27:14.702+0000] {processor.py:925} INFO - DAG(s) 'projet_groupe' retrieved from /opt/airflow/dags/projet.py
[2025-01-06T08:27:14.715+0000] {logging_mixin.py:190} INFO - [2025-01-06T08:27:14.714+0000] {dag.py:3239} INFO - Sync 1 DAGs
[2025-01-06T08:27:14.731+0000] {logging_mixin.py:190} INFO - [2025-01-06T08:27:14.731+0000] {dag.py:4180} INFO - Setting next_dagrun for projet_groupe to 2025-01-06 08:27:00+00:00, run_after=2025-01-06 08:28:00+00:00
[2025-01-06T08:27:14.741+0000] {processor.py:208} INFO - Processing /opt/airflow/dags/projet.py took 0.053 seconds
[2025-01-06T08:27:45.021+0000] {processor.py:186} INFO - Started process (PID=1101) to work on /opt/airflow/dags/projet.py
[2025-01-06T08:27:45.023+0000] {processor.py:914} INFO - Processing file /opt/airflow/dags/projet.py for tasks to queue
[2025-01-06T08:27:45.024+0000] {logging_mixin.py:190} INFO - [2025-01-06T08:27:45.024+0000] {dagbag.py:588} INFO - Filling up the DagBag from /opt/airflow/dags/projet.py
[2025-01-06T08:27:45.032+0000] {processor.py:925} INFO - DAG(s) 'projet_groupe' retrieved from /opt/airflow/dags/projet.py
[2025-01-06T08:27:45.044+0000] {logging_mixin.py:190} INFO - [2025-01-06T08:27:45.044+0000] {dag.py:3239} INFO - Sync 1 DAGs
[2025-01-06T08:27:45.061+0000] {logging_mixin.py:190} INFO - [2025-01-06T08:27:45.061+0000] {dag.py:4180} INFO - Setting next_dagrun for projet_groupe to 2025-01-06 08:27:00+00:00, run_after=2025-01-06 08:28:00+00:00
[2025-01-06T08:27:45.073+0000] {processor.py:208} INFO - Processing /opt/airflow/dags/projet.py took 0.055 seconds
[2025-01-06T08:28:15.391+0000] {processor.py:186} INFO - Started process (PID=1172) to work on /opt/airflow/dags/projet.py
[2025-01-06T08:28:15.392+0000] {processor.py:914} INFO - Processing file /opt/airflow/dags/projet.py for tasks to queue
[2025-01-06T08:28:15.394+0000] {logging_mixin.py:190} INFO - [2025-01-06T08:28:15.393+0000] {dagbag.py:588} INFO - Filling up the DagBag from /opt/airflow/dags/projet.py
[2025-01-06T08:28:15.401+0000] {processor.py:925} INFO - DAG(s) 'projet_groupe' retrieved from /opt/airflow/dags/projet.py
[2025-01-06T08:28:15.416+0000] {logging_mixin.py:190} INFO - [2025-01-06T08:28:15.415+0000] {dag.py:3239} INFO - Sync 1 DAGs
[2025-01-06T08:28:15.435+0000] {logging_mixin.py:190} INFO - [2025-01-06T08:28:15.435+0000] {dag.py:4180} INFO - Setting next_dagrun for projet_groupe to 2025-01-06 08:28:00+00:00, run_after=2025-01-06 08:29:00+00:00
[2025-01-06T08:28:15.448+0000] {processor.py:208} INFO - Processing /opt/airflow/dags/projet.py took 0.061 seconds
[2025-01-06T08:28:45.863+0000] {processor.py:186} INFO - Started process (PID=1238) to work on /opt/airflow/dags/projet.py
[2025-01-06T08:28:45.864+0000] {processor.py:914} INFO - Processing file /opt/airflow/dags/projet.py for tasks to queue
[2025-01-06T08:28:45.867+0000] {logging_mixin.py:190} INFO - [2025-01-06T08:28:45.866+0000] {dagbag.py:588} INFO - Filling up the DagBag from /opt/airflow/dags/projet.py
[2025-01-06T08:28:45.875+0000] {processor.py:925} INFO - DAG(s) 'projet_groupe' retrieved from /opt/airflow/dags/projet.py
[2025-01-06T08:28:45.891+0000] {logging_mixin.py:190} INFO - [2025-01-06T08:28:45.890+0000] {dag.py:3239} INFO - Sync 1 DAGs
[2025-01-06T08:28:45.911+0000] {logging_mixin.py:190} INFO - [2025-01-06T08:28:45.911+0000] {dag.py:4180} INFO - Setting next_dagrun for projet_groupe to 2025-01-06 08:28:00+00:00, run_after=2025-01-06 08:29:00+00:00
[2025-01-06T08:28:45.921+0000] {processor.py:208} INFO - Processing /opt/airflow/dags/projet.py took 0.061 seconds
[2025-01-06T08:29:16.349+0000] {processor.py:186} INFO - Started process (PID=1308) to work on /opt/airflow/dags/projet.py
[2025-01-06T08:29:16.349+0000] {processor.py:914} INFO - Processing file /opt/airflow/dags/projet.py for tasks to queue
[2025-01-06T08:29:16.350+0000] {logging_mixin.py:190} INFO - [2025-01-06T08:29:16.350+0000] {dagbag.py:588} INFO - Filling up the DagBag from /opt/airflow/dags/projet.py
[2025-01-06T08:29:16.358+0000] {processor.py:925} INFO - DAG(s) 'projet_groupe' retrieved from /opt/airflow/dags/projet.py
[2025-01-06T08:29:16.370+0000] {logging_mixin.py:190} INFO - [2025-01-06T08:29:16.370+0000] {dag.py:3239} INFO - Sync 1 DAGs
[2025-01-06T08:29:16.388+0000] {logging_mixin.py:190} INFO - [2025-01-06T08:29:16.388+0000] {dag.py:4180} INFO - Setting next_dagrun for projet_groupe to 2025-01-06 08:29:00+00:00, run_after=2025-01-06 08:30:00+00:00
[2025-01-06T08:29:16.398+0000] {processor.py:208} INFO - Processing /opt/airflow/dags/projet.py took 0.053 seconds
[2025-01-06T08:29:46.753+0000] {processor.py:186} INFO - Started process (PID=1374) to work on /opt/airflow/dags/projet.py
[2025-01-06T08:29:46.755+0000] {processor.py:914} INFO - Processing file /opt/airflow/dags/projet.py for tasks to queue
[2025-01-06T08:29:46.756+0000] {logging_mixin.py:190} INFO - [2025-01-06T08:29:46.756+0000] {dagbag.py:588} INFO - Filling up the DagBag from /opt/airflow/dags/projet.py
[2025-01-06T08:29:46.765+0000] {processor.py:925} INFO - DAG(s) 'projet_groupe' retrieved from /opt/airflow/dags/projet.py
[2025-01-06T08:29:46.776+0000] {logging_mixin.py:190} INFO - [2025-01-06T08:29:46.776+0000] {dag.py:3239} INFO - Sync 1 DAGs
[2025-01-06T08:29:46.791+0000] {logging_mixin.py:190} INFO - [2025-01-06T08:29:46.791+0000] {dag.py:4180} INFO - Setting next_dagrun for projet_groupe to 2025-01-06 08:29:00+00:00, run_after=2025-01-06 08:30:00+00:00
[2025-01-06T08:29:46.801+0000] {processor.py:208} INFO - Processing /opt/airflow/dags/projet.py took 0.051 seconds
[2025-01-06T08:30:17.207+0000] {processor.py:186} INFO - Started process (PID=1450) to work on /opt/airflow/dags/projet.py
[2025-01-06T08:30:17.209+0000] {processor.py:914} INFO - Processing file /opt/airflow/dags/projet.py for tasks to queue
[2025-01-06T08:30:17.210+0000] {logging_mixin.py:190} INFO - [2025-01-06T08:30:17.210+0000] {dagbag.py:588} INFO - Filling up the DagBag from /opt/airflow/dags/projet.py
[2025-01-06T08:30:17.218+0000] {processor.py:925} INFO - DAG(s) 'projet_groupe' retrieved from /opt/airflow/dags/projet.py
[2025-01-06T08:30:17.230+0000] {logging_mixin.py:190} INFO - [2025-01-06T08:30:17.230+0000] {dag.py:3239} INFO - Sync 1 DAGs
[2025-01-06T08:30:17.244+0000] {logging_mixin.py:190} INFO - [2025-01-06T08:30:17.244+0000] {dag.py:4180} INFO - Setting next_dagrun for projet_groupe to 2025-01-06 08:30:00+00:00, run_after=2025-01-06 08:31:00+00:00
[2025-01-06T08:30:17.255+0000] {processor.py:208} INFO - Processing /opt/airflow/dags/projet.py took 0.052 seconds
[2025-01-06T08:30:47.673+0000] {processor.py:186} INFO - Started process (PID=1516) to work on /opt/airflow/dags/projet.py
[2025-01-06T08:30:47.674+0000] {processor.py:914} INFO - Processing file /opt/airflow/dags/projet.py for tasks to queue
[2025-01-06T08:30:47.675+0000] {logging_mixin.py:190} INFO - [2025-01-06T08:30:47.675+0000] {dagbag.py:588} INFO - Filling up the DagBag from /opt/airflow/dags/projet.py
[2025-01-06T08:30:47.682+0000] {processor.py:925} INFO - DAG(s) 'projet_groupe' retrieved from /opt/airflow/dags/projet.py
[2025-01-06T08:30:47.694+0000] {logging_mixin.py:190} INFO - [2025-01-06T08:30:47.694+0000] {dag.py:3239} INFO - Sync 1 DAGs
[2025-01-06T08:30:47.707+0000] {logging_mixin.py:190} INFO - [2025-01-06T08:30:47.707+0000] {dag.py:4180} INFO - Setting next_dagrun for projet_groupe to 2025-01-06 08:30:00+00:00, run_after=2025-01-06 08:31:00+00:00
[2025-01-06T08:30:47.717+0000] {processor.py:208} INFO - Processing /opt/airflow/dags/projet.py took 0.048 seconds
[2025-01-06T08:31:18.079+0000] {processor.py:186} INFO - Started process (PID=1587) to work on /opt/airflow/dags/projet.py
[2025-01-06T08:31:18.080+0000] {processor.py:914} INFO - Processing file /opt/airflow/dags/projet.py for tasks to queue
[2025-01-06T08:31:18.081+0000] {logging_mixin.py:190} INFO - [2025-01-06T08:31:18.081+0000] {dagbag.py:588} INFO - Filling up the DagBag from /opt/airflow/dags/projet.py
[2025-01-06T08:31:18.089+0000] {processor.py:925} INFO - DAG(s) 'projet_groupe' retrieved from /opt/airflow/dags/projet.py
[2025-01-06T08:31:18.103+0000] {logging_mixin.py:190} INFO - [2025-01-06T08:31:18.103+0000] {dag.py:3239} INFO - Sync 1 DAGs
[2025-01-06T08:31:18.120+0000] {logging_mixin.py:190} INFO - [2025-01-06T08:31:18.120+0000] {dag.py:4180} INFO - Setting next_dagrun for projet_groupe to 2025-01-06 08:31:00+00:00, run_after=2025-01-06 08:32:00+00:00
[2025-01-06T08:31:18.133+0000] {processor.py:208} INFO - Processing /opt/airflow/dags/projet.py took 0.058 seconds
[2025-01-06T08:31:48.503+0000] {processor.py:186} INFO - Started process (PID=1653) to work on /opt/airflow/dags/projet.py
[2025-01-06T08:31:48.504+0000] {processor.py:914} INFO - Processing file /opt/airflow/dags/projet.py for tasks to queue
[2025-01-06T08:31:48.505+0000] {logging_mixin.py:190} INFO - [2025-01-06T08:31:48.505+0000] {dagbag.py:588} INFO - Filling up the DagBag from /opt/airflow/dags/projet.py
[2025-01-06T08:31:48.513+0000] {processor.py:925} INFO - DAG(s) 'projet_groupe' retrieved from /opt/airflow/dags/projet.py
[2025-01-06T08:31:48.527+0000] {logging_mixin.py:190} INFO - [2025-01-06T08:31:48.527+0000] {dag.py:3239} INFO - Sync 1 DAGs
[2025-01-06T08:31:48.546+0000] {logging_mixin.py:190} INFO - [2025-01-06T08:31:48.546+0000] {dag.py:4180} INFO - Setting next_dagrun for projet_groupe to 2025-01-06 08:31:00+00:00, run_after=2025-01-06 08:32:00+00:00
[2025-01-06T08:31:48.559+0000] {processor.py:208} INFO - Processing /opt/airflow/dags/projet.py took 0.060 seconds
[2025-01-06T08:32:18.973+0000] {processor.py:186} INFO - Started process (PID=1724) to work on /opt/airflow/dags/projet.py
[2025-01-06T08:32:18.974+0000] {processor.py:914} INFO - Processing file /opt/airflow/dags/projet.py for tasks to queue
[2025-01-06T08:32:18.975+0000] {logging_mixin.py:190} INFO - [2025-01-06T08:32:18.975+0000] {dagbag.py:588} INFO - Filling up the DagBag from /opt/airflow/dags/projet.py
[2025-01-06T08:32:18.983+0000] {processor.py:925} INFO - DAG(s) 'projet_groupe' retrieved from /opt/airflow/dags/projet.py
[2025-01-06T08:32:18.997+0000] {logging_mixin.py:190} INFO - [2025-01-06T08:32:18.997+0000] {dag.py:3239} INFO - Sync 1 DAGs
[2025-01-06T08:32:19.016+0000] {logging_mixin.py:190} INFO - [2025-01-06T08:32:19.016+0000] {dag.py:4180} INFO - Setting next_dagrun for projet_groupe to 2025-01-06 08:32:00+00:00, run_after=2025-01-06 08:33:00+00:00
[2025-01-06T08:32:19.028+0000] {processor.py:208} INFO - Processing /opt/airflow/dags/projet.py took 0.059 seconds
[2025-01-06T08:32:49.552+0000] {processor.py:186} INFO - Started process (PID=1790) to work on /opt/airflow/dags/projet.py
[2025-01-06T08:32:49.554+0000] {processor.py:914} INFO - Processing file /opt/airflow/dags/projet.py for tasks to queue
[2025-01-06T08:32:49.556+0000] {logging_mixin.py:190} INFO - [2025-01-06T08:32:49.555+0000] {dagbag.py:588} INFO - Filling up the DagBag from /opt/airflow/dags/projet.py
[2025-01-06T08:32:49.563+0000] {processor.py:925} INFO - DAG(s) 'projet_groupe' retrieved from /opt/airflow/dags/projet.py
[2025-01-06T08:32:49.574+0000] {logging_mixin.py:190} INFO - [2025-01-06T08:32:49.574+0000] {dag.py:3239} INFO - Sync 1 DAGs
[2025-01-06T08:32:49.588+0000] {logging_mixin.py:190} INFO - [2025-01-06T08:32:49.587+0000] {dag.py:4180} INFO - Setting next_dagrun for projet_groupe to 2025-01-06 08:32:00+00:00, run_after=2025-01-06 08:33:00+00:00
[2025-01-06T08:32:49.598+0000] {processor.py:208} INFO - Processing /opt/airflow/dags/projet.py took 0.049 seconds
[2025-01-06T08:33:19.857+0000] {processor.py:186} INFO - Started process (PID=1861) to work on /opt/airflow/dags/projet.py
[2025-01-06T08:33:19.858+0000] {processor.py:914} INFO - Processing file /opt/airflow/dags/projet.py for tasks to queue
[2025-01-06T08:33:19.860+0000] {logging_mixin.py:190} INFO - [2025-01-06T08:33:19.859+0000] {dagbag.py:588} INFO - Filling up the DagBag from /opt/airflow/dags/projet.py
[2025-01-06T08:33:19.869+0000] {processor.py:925} INFO - DAG(s) 'projet_groupe' retrieved from /opt/airflow/dags/projet.py
[2025-01-06T08:33:19.884+0000] {logging_mixin.py:190} INFO - [2025-01-06T08:33:19.883+0000] {dag.py:3239} INFO - Sync 1 DAGs
[2025-01-06T08:33:19.898+0000] {logging_mixin.py:190} INFO - [2025-01-06T08:33:19.898+0000] {dag.py:4180} INFO - Setting next_dagrun for projet_groupe to 2025-01-06 08:33:00+00:00, run_after=2025-01-06 08:34:00+00:00
[2025-01-06T08:33:19.908+0000] {processor.py:208} INFO - Processing /opt/airflow/dags/projet.py took 0.056 seconds
