[2024-11-21T08:10:03.342+0000] {local_task_job_runner.py:123} INFO - ::group::Pre task execution logs
[2024-11-21T08:10:03.353+0000] {taskinstance.py:2612} INFO - Dependencies all met for dep_context=non-requeueable deps ti=<TaskInstance: Projet_poubelle.read_csv scheduled__2024-11-21T08:09:00+00:00 [queued]>
[2024-11-21T08:10:03.358+0000] {taskinstance.py:2612} INFO - Dependencies all met for dep_context=requeueable deps ti=<TaskInstance: Projet_poubelle.read_csv scheduled__2024-11-21T08:09:00+00:00 [queued]>
[2024-11-21T08:10:03.358+0000] {taskinstance.py:2865} INFO - Starting attempt 1 of 1
[2024-11-21T08:10:03.366+0000] {taskinstance.py:2888} INFO - Executing <Task(PythonOperator): read_csv> on 2024-11-21 08:09:00+00:00
[2024-11-21T08:10:03.372+0000] {warnings.py:112} WARNING - /home/***/.local/lib/python3.12/site-packages/***/task/task_runner/standard_task_runner.py:70: DeprecationWarning: This process (pid=8822) is multi-threaded, use of fork() may lead to deadlocks in the child.
  pid = os.fork()

[2024-11-21T08:10:03.373+0000] {standard_task_runner.py:72} INFO - Started process 8824 to run task
[2024-11-21T08:10:03.374+0000] {standard_task_runner.py:104} INFO - Running: ['***', 'tasks', 'run', 'Projet_poubelle', 'read_csv', 'scheduled__2024-11-21T08:09:00+00:00', '--job-id', '20024', '--raw', '--subdir', 'DAGS_FOLDER/Projet_poubelle.py', '--cfg-path', '/tmp/tmphy5mp1so']
[2024-11-21T08:10:03.374+0000] {standard_task_runner.py:105} INFO - Job 20024: Subtask read_csv
[2024-11-21T08:10:03.403+0000] {task_command.py:467} INFO - Running <TaskInstance: Projet_poubelle.read_csv scheduled__2024-11-21T08:09:00+00:00 [running]> on host 5365fe4338c6
[2024-11-21T08:10:03.459+0000] {taskinstance.py:3131} INFO - Exporting env vars: AIRFLOW_CTX_DAG_OWNER='***' AIRFLOW_CTX_DAG_ID='Projet_poubelle' AIRFLOW_CTX_TASK_ID='read_csv' AIRFLOW_CTX_EXECUTION_DATE='2024-11-21T08:09:00+00:00' AIRFLOW_CTX_TRY_NUMBER='1' AIRFLOW_CTX_DAG_RUN_ID='scheduled__2024-11-21T08:09:00+00:00'
[2024-11-21T08:10:03.460+0000] {logging_mixin.py:190} INFO - Task instance is in running state
[2024-11-21T08:10:03.460+0000] {logging_mixin.py:190} INFO -  Previous state of the Task instance: queued
[2024-11-21T08:10:03.461+0000] {logging_mixin.py:190} INFO - Current task name:read_csv state:running start_date:2024-11-21 08:10:03.353475+00:00
[2024-11-21T08:10:03.461+0000] {logging_mixin.py:190} INFO - Dag name:Projet_poubelle and current dag run status:running
[2024-11-21T08:10:03.461+0000] {taskinstance.py:731} INFO - ::endgroup::
[2024-11-21T08:10:03.482+0000] {python.py:240} INFO - Done. Returned value was: None
[2024-11-21T08:10:03.490+0000] {taskinstance.py:340} INFO - ::group::Post task execution logs
[2024-11-21T08:10:03.490+0000] {taskinstance.py:352} INFO - Marking task as SUCCESS. dag_id=Projet_poubelle, task_id=read_csv, run_id=scheduled__2024-11-21T08:09:00+00:00, execution_date=20241121T080900, start_date=20241121T081003, end_date=20241121T081003
[2024-11-21T08:10:03.497+0000] {logging_mixin.py:190} INFO - Task instance in success state
[2024-11-21T08:10:03.497+0000] {logging_mixin.py:190} INFO -  Previous state of the Task instance: running
[2024-11-21T08:10:03.497+0000] {logging_mixin.py:190} INFO - Dag name:Projet_poubelle queued_at:2024-11-21 08:10:00.068942+00:00
[2024-11-21T08:10:03.498+0000] {logging_mixin.py:190} INFO - Task hostname:5365fe4338c6 operator:PythonOperator
[2024-11-21T08:10:03.546+0000] {local_task_job_runner.py:266} INFO - Task exited with return code 0
[2024-11-21T08:10:03.556+0000] {taskinstance.py:3900} INFO - 0 downstream tasks scheduled from follow-on schedule check
[2024-11-21T08:10:03.557+0000] {local_task_job_runner.py:245} INFO - ::endgroup::
