[2025-01-07T14:08:01.024+0000] {local_task_job_runner.py:123} INFO - ::group::Pre task execution logs
[2025-01-07T14:08:01.035+0000] {taskinstance.py:2612} INFO - Dependencies all met for dep_context=non-requeueable deps ti=<TaskInstance: first_airflow_dag.get_datetime scheduled__2025-01-07T14:07:00+00:00 [queued]>
[2025-01-07T14:08:01.039+0000] {taskinstance.py:2612} INFO - Dependencies all met for dep_context=requeueable deps ti=<TaskInstance: first_airflow_dag.get_datetime scheduled__2025-01-07T14:07:00+00:00 [queued]>
[2025-01-07T14:08:01.039+0000] {taskinstance.py:2865} INFO - Starting attempt 1 of 1
[2025-01-07T14:08:01.048+0000] {taskinstance.py:2888} INFO - Executing <Task(BashOperator): get_datetime> on 2025-01-07 14:07:00+00:00
[2025-01-07T14:08:01.055+0000] {warnings.py:112} WARNING - /home/***/.local/lib/python3.12/site-packages/***/task/task_runner/standard_task_runner.py:70: DeprecationWarning: This process (pid=2743) is multi-threaded, use of fork() may lead to deadlocks in the child.
  pid = os.fork()

[2025-01-07T14:08:01.056+0000] {standard_task_runner.py:72} INFO - Started process 2752 to run task
[2025-01-07T14:08:01.057+0000] {standard_task_runner.py:104} INFO - Running: ['***', 'tasks', 'run', 'first_***_dag', 'get_datetime', 'scheduled__2025-01-07T14:07:00+00:00', '--job-id', '61479', '--raw', '--subdir', 'DAGS_FOLDER/first_***_dag.py', '--cfg-path', '/tmp/tmpxe9get4p']
[2025-01-07T14:08:01.057+0000] {standard_task_runner.py:105} INFO - Job 61479: Subtask get_datetime
[2025-01-07T14:08:01.086+0000] {task_command.py:467} INFO - Running <TaskInstance: first_airflow_dag.get_datetime scheduled__2025-01-07T14:07:00+00:00 [running]> on host 5365fe4338c6
[2025-01-07T14:08:01.135+0000] {taskinstance.py:3131} INFO - Exporting env vars: AIRFLOW_CTX_DAG_OWNER='***' AIRFLOW_CTX_DAG_ID='first_***_dag' AIRFLOW_CTX_TASK_ID='get_datetime' AIRFLOW_CTX_EXECUTION_DATE='2025-01-07T14:07:00+00:00' AIRFLOW_CTX_TRY_NUMBER='1' AIRFLOW_CTX_DAG_RUN_ID='scheduled__2025-01-07T14:07:00+00:00'
[2025-01-07T14:08:01.136+0000] {logging_mixin.py:190} INFO - Task instance is in running state
[2025-01-07T14:08:01.136+0000] {logging_mixin.py:190} INFO -  Previous state of the Task instance: queued
[2025-01-07T14:08:01.136+0000] {logging_mixin.py:190} INFO - Current task name:get_datetime state:running start_date:2025-01-07 14:08:01.035469+00:00
[2025-01-07T14:08:01.136+0000] {logging_mixin.py:190} INFO - Dag name:first_***_dag and current dag run status:running
[2025-01-07T14:08:01.136+0000] {taskinstance.py:731} INFO - ::endgroup::
[2025-01-07T14:08:01.137+0000] {subprocess.py:63} INFO - Tmp dir root location: /tmp
[2025-01-07T14:08:01.137+0000] {subprocess.py:75} INFO - Running command: ['/usr/bin/bash', '-c', 'date']
[2025-01-07T14:08:01.147+0000] {subprocess.py:86} INFO - Output:
[2025-01-07T14:08:01.148+0000] {subprocess.py:93} INFO - Tue Jan  7 14:08:01 UTC 2025
[2025-01-07T14:08:01.149+0000] {subprocess.py:97} INFO - Command exited with return code 0
[2025-01-07T14:08:01.165+0000] {taskinstance.py:340} INFO - ::group::Post task execution logs
[2025-01-07T14:08:01.166+0000] {taskinstance.py:352} INFO - Marking task as SUCCESS. dag_id=first_***_dag, task_id=get_datetime, run_id=scheduled__2025-01-07T14:07:00+00:00, execution_date=20250107T140700, start_date=20250107T140801, end_date=20250107T140801
[2025-01-07T14:08:01.171+0000] {logging_mixin.py:190} INFO - Task instance in success state
[2025-01-07T14:08:01.171+0000] {logging_mixin.py:190} INFO -  Previous state of the Task instance: running
[2025-01-07T14:08:01.171+0000] {logging_mixin.py:190} INFO - Dag name:first_***_dag queued_at:2025-01-07 14:08:00.207991+00:00
[2025-01-07T14:08:01.172+0000] {logging_mixin.py:190} INFO - Task hostname:5365fe4338c6 operator:BashOperator
[2025-01-07T14:08:01.189+0000] {local_task_job_runner.py:266} INFO - Task exited with return code 0
[2025-01-07T14:08:01.200+0000] {taskinstance.py:3900} INFO - 0 downstream tasks scheduled from follow-on schedule check
[2025-01-07T14:08:01.201+0000] {local_task_job_runner.py:245} INFO - ::endgroup::
