[2024-11-18T09:26:04.754+0000] {local_task_job_runner.py:123} INFO - ::group::Pre task execution logs
[2024-11-18T09:26:04.766+0000] {taskinstance.py:2612} INFO - Dependencies all met for dep_context=non-requeueable deps ti=<TaskInstance: Projet_poubelle.read_csv scheduled__2024-11-18T09:25:00+00:00 [queued]>
[2024-11-18T09:26:04.772+0000] {taskinstance.py:2612} INFO - Dependencies all met for dep_context=requeueable deps ti=<TaskInstance: Projet_poubelle.read_csv scheduled__2024-11-18T09:25:00+00:00 [queued]>
[2024-11-18T09:26:04.772+0000] {taskinstance.py:2865} INFO - Starting attempt 1 of 1
[2024-11-18T09:26:04.780+0000] {taskinstance.py:2888} INFO - Executing <Task(PythonOperator): read_csv> on 2024-11-18 09:25:00+00:00
[2024-11-18T09:26:04.785+0000] {warnings.py:112} WARNING - /home/***/.local/lib/python3.12/site-packages/***/task/task_runner/standard_task_runner.py:70: DeprecationWarning: This process (pid=3056) is multi-threaded, use of fork() may lead to deadlocks in the child.
  pid = os.fork()

[2024-11-18T09:26:04.785+0000] {standard_task_runner.py:72} INFO - Started process 3058 to run task
[2024-11-18T09:26:04.786+0000] {standard_task_runner.py:104} INFO - Running: ['***', 'tasks', 'run', 'Projet_poubelle', 'read_csv', 'scheduled__2024-11-18T09:25:00+00:00', '--job-id', '14953', '--raw', '--subdir', 'DAGS_FOLDER/Projet_poubelle.py', '--cfg-path', '/tmp/tmpzdv1447s']
[2024-11-18T09:26:04.787+0000] {standard_task_runner.py:105} INFO - Job 14953: Subtask read_csv
[2024-11-18T09:26:04.814+0000] {task_command.py:467} INFO - Running <TaskInstance: Projet_poubelle.read_csv scheduled__2024-11-18T09:25:00+00:00 [running]> on host 5365fe4338c6
[2024-11-18T09:26:04.866+0000] {taskinstance.py:3131} INFO - Exporting env vars: AIRFLOW_CTX_DAG_OWNER='***' AIRFLOW_CTX_DAG_ID='Projet_poubelle' AIRFLOW_CTX_TASK_ID='read_csv' AIRFLOW_CTX_EXECUTION_DATE='2024-11-18T09:25:00+00:00' AIRFLOW_CTX_TRY_NUMBER='1' AIRFLOW_CTX_DAG_RUN_ID='scheduled__2024-11-18T09:25:00+00:00'
[2024-11-18T09:26:04.867+0000] {logging_mixin.py:190} INFO - Task instance is in running state
[2024-11-18T09:26:04.867+0000] {logging_mixin.py:190} INFO -  Previous state of the Task instance: queued
[2024-11-18T09:26:04.867+0000] {logging_mixin.py:190} INFO - Current task name:read_csv state:running start_date:2024-11-18 09:26:04.767033+00:00
[2024-11-18T09:26:04.867+0000] {logging_mixin.py:190} INFO - Dag name:Projet_poubelle and current dag run status:running
[2024-11-18T09:26:04.867+0000] {taskinstance.py:731} INFO - ::endgroup::
[2024-11-18T09:26:04.891+0000] {python.py:240} INFO - Done. Returned value was: None
[2024-11-18T09:26:04.898+0000] {taskinstance.py:340} INFO - ::group::Post task execution logs
[2024-11-18T09:26:04.898+0000] {taskinstance.py:352} INFO - Marking task as SUCCESS. dag_id=Projet_poubelle, task_id=read_csv, run_id=scheduled__2024-11-18T09:25:00+00:00, execution_date=20241118T092500, start_date=20241118T092604, end_date=20241118T092604
[2024-11-18T09:26:04.904+0000] {logging_mixin.py:190} INFO - Task instance in success state
[2024-11-18T09:26:04.905+0000] {logging_mixin.py:190} INFO -  Previous state of the Task instance: running
[2024-11-18T09:26:04.905+0000] {logging_mixin.py:190} INFO - Dag name:Projet_poubelle queued_at:2024-11-18 09:26:01.049718+00:00
[2024-11-18T09:26:04.905+0000] {logging_mixin.py:190} INFO - Task hostname:5365fe4338c6 operator:PythonOperator
[2024-11-18T09:26:04.918+0000] {local_task_job_runner.py:266} INFO - Task exited with return code 0
[2024-11-18T09:26:04.931+0000] {taskinstance.py:3900} INFO - 0 downstream tasks scheduled from follow-on schedule check
[2024-11-18T09:26:04.932+0000] {local_task_job_runner.py:245} INFO - ::endgroup::
