[2025-01-08T10:22:01.059+0000] {local_task_job_runner.py:123} INFO - ::group::Pre task execution logs
[2025-01-08T10:22:01.068+0000] {taskinstance.py:2612} INFO - Dependencies all met for dep_context=non-requeueable deps ti=<TaskInstance: projet_groupe.push scheduled__2025-01-08T10:21:00+00:00 [queued]>
[2025-01-08T10:22:01.074+0000] {taskinstance.py:2612} INFO - Dependencies all met for dep_context=requeueable deps ti=<TaskInstance: projet_groupe.push scheduled__2025-01-08T10:21:00+00:00 [queued]>
[2025-01-08T10:22:01.074+0000] {taskinstance.py:2865} INFO - Starting attempt 1 of 1
[2025-01-08T10:22:01.082+0000] {taskinstance.py:2888} INFO - Executing <Task(PythonOperator): push> on 2025-01-08 10:21:00+00:00
[2025-01-08T10:22:01.088+0000] {warnings.py:112} WARNING - /home/***/.local/lib/python3.12/site-packages/***/task/task_runner/standard_task_runner.py:70: DeprecationWarning: This process (pid=5283) is multi-threaded, use of fork() may lead to deadlocks in the child.
  pid = os.fork()

[2025-01-08T10:22:01.089+0000] {standard_task_runner.py:72} INFO - Started process 5288 to run task
[2025-01-08T10:22:01.090+0000] {standard_task_runner.py:104} INFO - Running: ['***', 'tasks', 'run', 'projet_groupe', 'push', 'scheduled__2025-01-08T10:21:00+00:00', '--job-id', '62741', '--raw', '--subdir', 'DAGS_FOLDER/projet.py', '--cfg-path', '/tmp/tmpjl4_flfm']
[2025-01-08T10:22:01.090+0000] {standard_task_runner.py:105} INFO - Job 62741: Subtask push
[2025-01-08T10:22:01.118+0000] {task_command.py:467} INFO - Running <TaskInstance: projet_groupe.push scheduled__2025-01-08T10:21:00+00:00 [running]> on host 5365fe4338c6
[2025-01-08T10:22:01.166+0000] {taskinstance.py:3131} INFO - Exporting env vars: AIRFLOW_CTX_DAG_OWNER='***' AIRFLOW_CTX_DAG_ID='projet_groupe' AIRFLOW_CTX_TASK_ID='push' AIRFLOW_CTX_EXECUTION_DATE='2025-01-08T10:21:00+00:00' AIRFLOW_CTX_TRY_NUMBER='1' AIRFLOW_CTX_DAG_RUN_ID='scheduled__2025-01-08T10:21:00+00:00'
[2025-01-08T10:22:01.167+0000] {logging_mixin.py:190} INFO - Task instance is in running state
[2025-01-08T10:22:01.167+0000] {logging_mixin.py:190} INFO -  Previous state of the Task instance: queued
[2025-01-08T10:22:01.167+0000] {logging_mixin.py:190} INFO - Current task name:push state:running start_date:2025-01-08 10:22:01.068970+00:00
[2025-01-08T10:22:01.167+0000] {logging_mixin.py:190} INFO - Dag name:projet_groupe and current dag run status:running
[2025-01-08T10:22:01.167+0000] {taskinstance.py:731} INFO - ::endgroup::
[2025-01-08T10:22:01.275+0000] {logging_mixin.py:190} INFO - 200
[2025-01-08T10:22:01.277+0000] {python.py:240} INFO - Done. Returned value was: ['aed', 'ars', 'aud', 'bch', 'bdt', 'bhd', 'bmd', 'bnb', 'brl', 'btc', 'cad', 'chf', 'clp', 'cny', 'czk', 'dkk', 'dot', 'eos', 'eth', 'eur', 'gbp', 'gel', 'hkd', 'huf', 'idr', 'ils', 'inr', 'jpy', 'krw', 'kwd', 'lkr', 'ltc', 'mmk', 'mxn', 'myr', 'ngn', 'nok', 'nzd', 'php', 'pkr', 'pln', 'rub', 'sar', 'sek', 'sgd', 'thb', 'try', 'twd', 'uah', 'usd', 'vef', 'vnd', 'xag', 'xau', 'xdr', 'xlm', 'xrp', 'yfi', 'zar', 'bits', 'link', 'sats']
[2025-01-08T10:22:01.293+0000] {taskinstance.py:340} INFO - ::group::Post task execution logs
[2025-01-08T10:22:01.294+0000] {taskinstance.py:352} INFO - Marking task as SUCCESS. dag_id=projet_groupe, task_id=push, run_id=scheduled__2025-01-08T10:21:00+00:00, execution_date=20250108T102100, start_date=20250108T102201, end_date=20250108T102201
[2025-01-08T10:22:01.300+0000] {logging_mixin.py:190} INFO - Task instance in success state
[2025-01-08T10:22:01.301+0000] {logging_mixin.py:190} INFO -  Previous state of the Task instance: running
[2025-01-08T10:22:01.301+0000] {logging_mixin.py:190} INFO - Dag name:projet_groupe queued_at:2025-01-08 10:22:00.229931+00:00
[2025-01-08T10:22:01.301+0000] {logging_mixin.py:190} INFO - Task hostname:5365fe4338c6 operator:PythonOperator
[2025-01-08T10:22:01.343+0000] {local_task_job_runner.py:266} INFO - Task exited with return code 0
[2025-01-08T10:22:01.355+0000] {taskinstance.py:3900} INFO - 0 downstream tasks scheduled from follow-on schedule check
[2025-01-08T10:22:01.356+0000] {local_task_job_runner.py:245} INFO - ::endgroup::
