[2025-01-08T08:55:01.393+0000] {local_task_job_runner.py:123} INFO - ::group::Pre task execution logs
[2025-01-08T08:55:01.402+0000] {taskinstance.py:2612} INFO - Dependencies all met for dep_context=non-requeueable deps ti=<TaskInstance: first_airflow_dag.get_datetime scheduled__2025-01-08T08:54:00+00:00 [queued]>
[2025-01-08T08:55:01.406+0000] {taskinstance.py:2612} INFO - Dependencies all met for dep_context=requeueable deps ti=<TaskInstance: first_airflow_dag.get_datetime scheduled__2025-01-08T08:54:00+00:00 [queued]>
[2025-01-08T08:55:01.406+0000] {taskinstance.py:2865} INFO - Starting attempt 1 of 1
[2025-01-08T08:55:01.414+0000] {taskinstance.py:2888} INFO - Executing <Task(BashOperator): get_datetime> on 2025-01-08 08:54:00+00:00
[2025-01-08T08:55:01.419+0000] {warnings.py:112} WARNING - /home/***/.local/lib/python3.12/site-packages/***/task/task_runner/standard_task_runner.py:70: DeprecationWarning: This process (pid=2129) is multi-threaded, use of fork() may lead to deadlocks in the child.
  pid = os.fork()

[2025-01-08T08:55:01.420+0000] {standard_task_runner.py:72} INFO - Started process 2136 to run task
[2025-01-08T08:55:01.421+0000] {standard_task_runner.py:104} INFO - Running: ['***', 'tasks', 'run', 'first_***_dag', 'get_datetime', 'scheduled__2025-01-08T08:54:00+00:00', '--job-id', '62287', '--raw', '--subdir', 'DAGS_FOLDER/first_***_dag.py', '--cfg-path', '/tmp/tmp6u9rv0ih']
[2025-01-08T08:55:01.421+0000] {standard_task_runner.py:105} INFO - Job 62287: Subtask get_datetime
[2025-01-08T08:55:01.448+0000] {task_command.py:467} INFO - Running <TaskInstance: first_airflow_dag.get_datetime scheduled__2025-01-08T08:54:00+00:00 [running]> on host 5365fe4338c6
[2025-01-08T08:55:01.505+0000] {taskinstance.py:3131} INFO - Exporting env vars: AIRFLOW_CTX_DAG_OWNER='***' AIRFLOW_CTX_DAG_ID='first_***_dag' AIRFLOW_CTX_TASK_ID='get_datetime' AIRFLOW_CTX_EXECUTION_DATE='2025-01-08T08:54:00+00:00' AIRFLOW_CTX_TRY_NUMBER='1' AIRFLOW_CTX_DAG_RUN_ID='scheduled__2025-01-08T08:54:00+00:00'
[2025-01-08T08:55:01.506+0000] {logging_mixin.py:190} INFO - Task instance is in running state
[2025-01-08T08:55:01.506+0000] {logging_mixin.py:190} INFO -  Previous state of the Task instance: queued
[2025-01-08T08:55:01.506+0000] {logging_mixin.py:190} INFO - Current task name:get_datetime state:running start_date:2025-01-08 08:55:01.402724+00:00
[2025-01-08T08:55:01.507+0000] {logging_mixin.py:190} INFO - Dag name:first_***_dag and current dag run status:running
[2025-01-08T08:55:01.507+0000] {taskinstance.py:731} INFO - ::endgroup::
[2025-01-08T08:55:01.507+0000] {subprocess.py:63} INFO - Tmp dir root location: /tmp
[2025-01-08T08:55:01.508+0000] {subprocess.py:75} INFO - Running command: ['/usr/bin/bash', '-c', 'date']
[2025-01-08T08:55:01.519+0000] {subprocess.py:86} INFO - Output:
[2025-01-08T08:55:01.521+0000] {subprocess.py:93} INFO - Wed Jan  8 08:55:01 UTC 2025
[2025-01-08T08:55:01.522+0000] {subprocess.py:97} INFO - Command exited with return code 0
[2025-01-08T08:55:01.538+0000] {taskinstance.py:340} INFO - ::group::Post task execution logs
[2025-01-08T08:55:01.538+0000] {taskinstance.py:352} INFO - Marking task as SUCCESS. dag_id=first_***_dag, task_id=get_datetime, run_id=scheduled__2025-01-08T08:54:00+00:00, execution_date=20250108T085400, start_date=20250108T085501, end_date=20250108T085501
[2025-01-08T08:55:01.545+0000] {logging_mixin.py:190} INFO - Task instance in success state
[2025-01-08T08:55:01.545+0000] {logging_mixin.py:190} INFO -  Previous state of the Task instance: running
[2025-01-08T08:55:01.545+0000] {logging_mixin.py:190} INFO - Dag name:first_***_dag queued_at:2025-01-08 08:55:00.500882+00:00
[2025-01-08T08:55:01.545+0000] {logging_mixin.py:190} INFO - Task hostname:5365fe4338c6 operator:BashOperator
[2025-01-08T08:55:01.553+0000] {local_task_job_runner.py:266} INFO - Task exited with return code 0
[2025-01-08T08:55:01.566+0000] {taskinstance.py:3900} INFO - 0 downstream tasks scheduled from follow-on schedule check
[2025-01-08T08:55:01.567+0000] {local_task_job_runner.py:245} INFO - ::endgroup::
