[2024-11-12T10:20:01.038+0000] {local_task_job_runner.py:123} INFO - ::group::Pre task execution logs
[2024-11-12T10:20:01.050+0000] {taskinstance.py:2612} INFO - Dependencies all met for dep_context=non-requeueable deps ti=<TaskInstance: projet_group.get_datetime scheduled__2024-11-12T10:10:00+00:00 [queued]>
[2024-11-12T10:20:01.057+0000] {taskinstance.py:2612} INFO - Dependencies all met for dep_context=requeueable deps ti=<TaskInstance: projet_group.get_datetime scheduled__2024-11-12T10:10:00+00:00 [queued]>
[2024-11-12T10:20:01.057+0000] {taskinstance.py:2865} INFO - Starting attempt 1 of 1
[2024-11-12T10:20:01.070+0000] {taskinstance.py:2888} INFO - Executing <Task(BashOperator): get_datetime> on 2024-11-12 10:10:00+00:00
[2024-11-12T10:20:01.078+0000] {warnings.py:112} WARNING - /home/***/.local/lib/python3.12/site-packages/***/task/task_runner/standard_task_runner.py:70: DeprecationWarning: This process (pid=5091) is multi-threaded, use of fork() may lead to deadlocks in the child.
  pid = os.fork()

[2024-11-12T10:20:01.079+0000] {standard_task_runner.py:72} INFO - Started process 5105 to run task
[2024-11-12T10:20:01.080+0000] {standard_task_runner.py:104} INFO - Running: ['***', 'tasks', 'run', 'projet_group', 'get_datetime', 'scheduled__2024-11-12T10:10:00+00:00', '--job-id', '5372', '--raw', '--subdir', 'DAGS_FOLDER/projet_group.py', '--cfg-path', '/tmp/tmpf09ofli1']
[2024-11-12T10:20:01.081+0000] {standard_task_runner.py:105} INFO - Job 5372: Subtask get_datetime
[2024-11-12T10:20:01.121+0000] {task_command.py:467} INFO - Running <TaskInstance: projet_group.get_datetime scheduled__2024-11-12T10:10:00+00:00 [running]> on host 5365fe4338c6
[2024-11-12T10:20:01.186+0000] {taskinstance.py:3131} INFO - Exporting env vars: AIRFLOW_CTX_DAG_OWNER='***' AIRFLOW_CTX_DAG_ID='projet_group' AIRFLOW_CTX_TASK_ID='get_datetime' AIRFLOW_CTX_EXECUTION_DATE='2024-11-12T10:10:00+00:00' AIRFLOW_CTX_TRY_NUMBER='1' AIRFLOW_CTX_DAG_RUN_ID='scheduled__2024-11-12T10:10:00+00:00'
[2024-11-12T10:20:01.187+0000] {logging_mixin.py:190} INFO - Task instance is in running state
[2024-11-12T10:20:01.187+0000] {logging_mixin.py:190} INFO -  Previous state of the Task instance: queued
[2024-11-12T10:20:01.187+0000] {logging_mixin.py:190} INFO - Current task name:get_datetime state:running start_date:2024-11-12 10:20:01.050931+00:00
[2024-11-12T10:20:01.187+0000] {logging_mixin.py:190} INFO - Dag name:projet_group and current dag run status:running
[2024-11-12T10:20:01.187+0000] {taskinstance.py:731} INFO - ::endgroup::
[2024-11-12T10:20:01.188+0000] {subprocess.py:63} INFO - Tmp dir root location: /tmp
[2024-11-12T10:20:01.188+0000] {subprocess.py:75} INFO - Running command: ['/usr/bin/bash', '-c', 'date']
[2024-11-12T10:20:01.200+0000] {subprocess.py:86} INFO - Output:
[2024-11-12T10:20:01.202+0000] {subprocess.py:93} INFO - Tue Nov 12 10:20:01 UTC 2024
[2024-11-12T10:20:01.202+0000] {subprocess.py:97} INFO - Command exited with return code 0
[2024-11-12T10:20:01.220+0000] {taskinstance.py:340} INFO - ::group::Post task execution logs
[2024-11-12T10:20:01.220+0000] {taskinstance.py:352} INFO - Marking task as SUCCESS. dag_id=projet_group, task_id=get_datetime, run_id=scheduled__2024-11-12T10:10:00+00:00, execution_date=20241112T101000, start_date=20241112T102001, end_date=20241112T102001
[2024-11-12T10:20:01.228+0000] {logging_mixin.py:190} INFO - Task instance in success state
[2024-11-12T10:20:01.228+0000] {logging_mixin.py:190} INFO -  Previous state of the Task instance: running
[2024-11-12T10:20:01.228+0000] {logging_mixin.py:190} INFO - Dag name:projet_group queued_at:2024-11-12 10:20:00.091624+00:00
[2024-11-12T10:20:01.228+0000] {logging_mixin.py:190} INFO - Task hostname:5365fe4338c6 operator:BashOperator
[2024-11-12T10:20:01.253+0000] {local_task_job_runner.py:266} INFO - Task exited with return code 0
[2024-11-12T10:20:01.269+0000] {taskinstance.py:3900} INFO - 1 downstream tasks scheduled from follow-on schedule check
[2024-11-12T10:20:01.271+0000] {local_task_job_runner.py:245} INFO - ::endgroup::
