[2025-01-08T11:16:00.963+0000] {local_task_job_runner.py:123} INFO - ::group::Pre task execution logs
[2025-01-08T11:16:00.974+0000] {taskinstance.py:2612} INFO - Dependencies all met for dep_context=non-requeueable deps ti=<TaskInstance: first_airflow_dag.get_datetime scheduled__2025-01-08T11:15:00+00:00 [queued]>
[2025-01-08T11:16:00.978+0000] {taskinstance.py:2612} INFO - Dependencies all met for dep_context=requeueable deps ti=<TaskInstance: first_airflow_dag.get_datetime scheduled__2025-01-08T11:15:00+00:00 [queued]>
[2025-01-08T11:16:00.978+0000] {taskinstance.py:2865} INFO - Starting attempt 1 of 1
[2025-01-08T11:16:00.987+0000] {taskinstance.py:2888} INFO - Executing <Task(BashOperator): get_datetime> on 2025-01-08 11:15:00+00:00
[2025-01-08T11:16:00.993+0000] {warnings.py:112} WARNING - /home/***/.local/lib/python3.12/site-packages/***/task/task_runner/standard_task_runner.py:70: DeprecationWarning: This process (pid=7225) is multi-threaded, use of fork() may lead to deadlocks in the child.
  pid = os.fork()

[2025-01-08T11:16:00.993+0000] {standard_task_runner.py:72} INFO - Started process 7229 to run task
[2025-01-08T11:16:00.994+0000] {standard_task_runner.py:104} INFO - Running: ['***', 'tasks', 'run', 'first_***_dag', 'get_datetime', 'scheduled__2025-01-08T11:15:00+00:00', '--job-id', '63019', '--raw', '--subdir', 'DAGS_FOLDER/first_***_dag.py', '--cfg-path', '/tmp/tmpan8k2rnh']
[2025-01-08T11:16:00.995+0000] {standard_task_runner.py:105} INFO - Job 63019: Subtask get_datetime
[2025-01-08T11:16:01.021+0000] {task_command.py:467} INFO - Running <TaskInstance: first_airflow_dag.get_datetime scheduled__2025-01-08T11:15:00+00:00 [running]> on host 5365fe4338c6
[2025-01-08T11:16:01.065+0000] {taskinstance.py:3131} INFO - Exporting env vars: AIRFLOW_CTX_DAG_OWNER='***' AIRFLOW_CTX_DAG_ID='first_***_dag' AIRFLOW_CTX_TASK_ID='get_datetime' AIRFLOW_CTX_EXECUTION_DATE='2025-01-08T11:15:00+00:00' AIRFLOW_CTX_TRY_NUMBER='1' AIRFLOW_CTX_DAG_RUN_ID='scheduled__2025-01-08T11:15:00+00:00'
[2025-01-08T11:16:01.066+0000] {logging_mixin.py:190} INFO - Task instance is in running state
[2025-01-08T11:16:01.066+0000] {logging_mixin.py:190} INFO -  Previous state of the Task instance: queued
[2025-01-08T11:16:01.066+0000] {logging_mixin.py:190} INFO - Current task name:get_datetime state:running start_date:2025-01-08 11:16:00.974453+00:00
[2025-01-08T11:16:01.066+0000] {logging_mixin.py:190} INFO - Dag name:first_***_dag and current dag run status:running
[2025-01-08T11:16:01.066+0000] {taskinstance.py:731} INFO - ::endgroup::
[2025-01-08T11:16:01.067+0000] {subprocess.py:63} INFO - Tmp dir root location: /tmp
[2025-01-08T11:16:01.067+0000] {subprocess.py:75} INFO - Running command: ['/usr/bin/bash', '-c', 'date']
[2025-01-08T11:16:01.076+0000] {subprocess.py:86} INFO - Output:
[2025-01-08T11:16:01.078+0000] {subprocess.py:93} INFO - Wed Jan  8 11:16:01 UTC 2025
[2025-01-08T11:16:01.078+0000] {subprocess.py:97} INFO - Command exited with return code 0
[2025-01-08T11:16:01.095+0000] {taskinstance.py:340} INFO - ::group::Post task execution logs
[2025-01-08T11:16:01.095+0000] {taskinstance.py:352} INFO - Marking task as SUCCESS. dag_id=first_***_dag, task_id=get_datetime, run_id=scheduled__2025-01-08T11:15:00+00:00, execution_date=20250108T111500, start_date=20250108T111600, end_date=20250108T111601
[2025-01-08T11:16:01.100+0000] {logging_mixin.py:190} INFO - Task instance in success state
[2025-01-08T11:16:01.100+0000] {logging_mixin.py:190} INFO -  Previous state of the Task instance: running
[2025-01-08T11:16:01.100+0000] {logging_mixin.py:190} INFO - Dag name:first_***_dag queued_at:2025-01-08 11:16:00.131587+00:00
[2025-01-08T11:16:01.100+0000] {logging_mixin.py:190} INFO - Task hostname:5365fe4338c6 operator:BashOperator
[2025-01-08T11:16:01.127+0000] {local_task_job_runner.py:266} INFO - Task exited with return code 0
[2025-01-08T11:16:01.156+0000] {taskinstance.py:3900} INFO - 0 downstream tasks scheduled from follow-on schedule check
[2025-01-08T11:16:01.158+0000] {local_task_job_runner.py:245} INFO - ::endgroup::
