[2025-01-07T15:40:01.045+0000] {local_task_job_runner.py:123} INFO - ::group::Pre task execution logs
[2025-01-07T15:40:01.055+0000] {taskinstance.py:2612} INFO - Dependencies all met for dep_context=non-requeueable deps ti=<TaskInstance: first_airflow_dag.get_datetime scheduled__2025-01-07T15:39:00+00:00 [queued]>
[2025-01-07T15:40:01.061+0000] {taskinstance.py:2612} INFO - Dependencies all met for dep_context=requeueable deps ti=<TaskInstance: first_airflow_dag.get_datetime scheduled__2025-01-07T15:39:00+00:00 [queued]>
[2025-01-07T15:40:01.062+0000] {taskinstance.py:2865} INFO - Starting attempt 1 of 1
[2025-01-07T15:40:01.072+0000] {taskinstance.py:2888} INFO - Executing <Task(BashOperator): get_datetime> on 2025-01-07 15:39:00+00:00
[2025-01-07T15:40:01.077+0000] {warnings.py:112} WARNING - /home/***/.local/lib/python3.12/site-packages/***/task/task_runner/standard_task_runner.py:70: DeprecationWarning: This process (pid=6066) is multi-threaded, use of fork() may lead to deadlocks in the child.
  pid = os.fork()

[2025-01-07T15:40:01.078+0000] {standard_task_runner.py:72} INFO - Started process 6078 to run task
[2025-01-07T15:40:01.079+0000] {standard_task_runner.py:104} INFO - Running: ['***', 'tasks', 'run', 'first_***_dag', 'get_datetime', 'scheduled__2025-01-07T15:39:00+00:00', '--job-id', '61958', '--raw', '--subdir', 'DAGS_FOLDER/first_***_dag.py', '--cfg-path', '/tmp/tmpv4z2tzlt']
[2025-01-07T15:40:01.079+0000] {standard_task_runner.py:105} INFO - Job 61958: Subtask get_datetime
[2025-01-07T15:40:01.107+0000] {task_command.py:467} INFO - Running <TaskInstance: first_airflow_dag.get_datetime scheduled__2025-01-07T15:39:00+00:00 [running]> on host 5365fe4338c6
[2025-01-07T15:40:01.152+0000] {taskinstance.py:3131} INFO - Exporting env vars: AIRFLOW_CTX_DAG_OWNER='***' AIRFLOW_CTX_DAG_ID='first_***_dag' AIRFLOW_CTX_TASK_ID='get_datetime' AIRFLOW_CTX_EXECUTION_DATE='2025-01-07T15:39:00+00:00' AIRFLOW_CTX_TRY_NUMBER='1' AIRFLOW_CTX_DAG_RUN_ID='scheduled__2025-01-07T15:39:00+00:00'
[2025-01-07T15:40:01.153+0000] {logging_mixin.py:190} INFO - Task instance is in running state
[2025-01-07T15:40:01.153+0000] {logging_mixin.py:190} INFO -  Previous state of the Task instance: queued
[2025-01-07T15:40:01.153+0000] {logging_mixin.py:190} INFO - Current task name:get_datetime state:running start_date:2025-01-07 15:40:01.056237+00:00
[2025-01-07T15:40:01.153+0000] {logging_mixin.py:190} INFO - Dag name:first_***_dag and current dag run status:running
[2025-01-07T15:40:01.153+0000] {taskinstance.py:731} INFO - ::endgroup::
[2025-01-07T15:40:01.154+0000] {subprocess.py:63} INFO - Tmp dir root location: /tmp
[2025-01-07T15:40:01.154+0000] {subprocess.py:75} INFO - Running command: ['/usr/bin/bash', '-c', 'date']
[2025-01-07T15:40:01.162+0000] {subprocess.py:86} INFO - Output:
[2025-01-07T15:40:01.164+0000] {subprocess.py:93} INFO - Tue Jan  7 15:40:01 UTC 2025
[2025-01-07T15:40:01.165+0000] {subprocess.py:97} INFO - Command exited with return code 0
[2025-01-07T15:40:01.179+0000] {taskinstance.py:340} INFO - ::group::Post task execution logs
[2025-01-07T15:40:01.179+0000] {taskinstance.py:352} INFO - Marking task as SUCCESS. dag_id=first_***_dag, task_id=get_datetime, run_id=scheduled__2025-01-07T15:39:00+00:00, execution_date=20250107T153900, start_date=20250107T154001, end_date=20250107T154001
[2025-01-07T15:40:01.186+0000] {logging_mixin.py:190} INFO - Task instance in success state
[2025-01-07T15:40:01.186+0000] {logging_mixin.py:190} INFO -  Previous state of the Task instance: running
[2025-01-07T15:40:01.186+0000] {logging_mixin.py:190} INFO - Dag name:first_***_dag queued_at:2025-01-07 15:40:00.216910+00:00
[2025-01-07T15:40:01.187+0000] {logging_mixin.py:190} INFO - Task hostname:5365fe4338c6 operator:BashOperator
[2025-01-07T15:40:01.211+0000] {local_task_job_runner.py:266} INFO - Task exited with return code 0
[2025-01-07T15:40:01.233+0000] {taskinstance.py:3900} INFO - 0 downstream tasks scheduled from follow-on schedule check
[2025-01-07T15:40:01.235+0000] {local_task_job_runner.py:245} INFO - ::endgroup::
