[2025-01-07T15:00:02.462+0000] {local_task_job_runner.py:123} INFO - ::group::Pre task execution logs
[2025-01-07T15:00:02.473+0000] {taskinstance.py:2612} INFO - Dependencies all met for dep_context=non-requeueable deps ti=<TaskInstance: projet_group.push scheduled__2025-01-07T14:50:00+00:00 [queued]>
[2025-01-07T15:00:02.479+0000] {taskinstance.py:2612} INFO - Dependencies all met for dep_context=requeueable deps ti=<TaskInstance: projet_group.push scheduled__2025-01-07T14:50:00+00:00 [queued]>
[2025-01-07T15:00:02.479+0000] {taskinstance.py:2865} INFO - Starting attempt 1 of 1
[2025-01-07T15:00:02.489+0000] {taskinstance.py:2888} INFO - Executing <Task(PythonOperator): push> on 2025-01-07 14:50:00+00:00
[2025-01-07T15:00:02.495+0000] {warnings.py:112} WARNING - /home/***/.local/lib/python3.12/site-packages/***/task/task_runner/standard_task_runner.py:70: DeprecationWarning: This process (pid=4636) is multi-threaded, use of fork() may lead to deadlocks in the child.
  pid = os.fork()

[2025-01-07T15:00:02.496+0000] {standard_task_runner.py:72} INFO - Started process 4639 to run task
[2025-01-07T15:00:02.497+0000] {standard_task_runner.py:104} INFO - Running: ['***', 'tasks', 'run', 'projet_group', 'push', 'scheduled__2025-01-07T14:50:00+00:00', '--job-id', '61752', '--raw', '--subdir', 'DAGS_FOLDER/projet_group.py', '--cfg-path', '/tmp/tmphlepenkm']
[2025-01-07T15:00:02.497+0000] {standard_task_runner.py:105} INFO - Job 61752: Subtask push
[2025-01-07T15:00:02.528+0000] {task_command.py:467} INFO - Running <TaskInstance: projet_group.push scheduled__2025-01-07T14:50:00+00:00 [running]> on host 5365fe4338c6
[2025-01-07T15:00:02.592+0000] {taskinstance.py:3131} INFO - Exporting env vars: AIRFLOW_CTX_DAG_OWNER='***' AIRFLOW_CTX_DAG_ID='projet_group' AIRFLOW_CTX_TASK_ID='push' AIRFLOW_CTX_EXECUTION_DATE='2025-01-07T14:50:00+00:00' AIRFLOW_CTX_TRY_NUMBER='1' AIRFLOW_CTX_DAG_RUN_ID='scheduled__2025-01-07T14:50:00+00:00'
[2025-01-07T15:00:02.593+0000] {logging_mixin.py:190} INFO - Task instance is in running state
[2025-01-07T15:00:02.593+0000] {logging_mixin.py:190} INFO -  Previous state of the Task instance: queued
[2025-01-07T15:00:02.593+0000] {logging_mixin.py:190} INFO - Current task name:push state:running start_date:2025-01-07 15:00:02.474179+00:00
[2025-01-07T15:00:02.593+0000] {logging_mixin.py:190} INFO - Dag name:projet_group and current dag run status:running
[2025-01-07T15:00:02.594+0000] {taskinstance.py:731} INFO - ::endgroup::
[2025-01-07T15:01:12.626+0000] {python.py:240} INFO - Done. Returned value was: None
[2025-01-07T15:01:12.634+0000] {taskinstance.py:340} INFO - ::group::Post task execution logs
[2025-01-07T15:01:12.635+0000] {taskinstance.py:352} INFO - Marking task as SUCCESS. dag_id=projet_group, task_id=push, run_id=scheduled__2025-01-07T14:50:00+00:00, execution_date=20250107T145000, start_date=20250107T150002, end_date=20250107T150112
[2025-01-07T15:01:12.643+0000] {logging_mixin.py:190} INFO - Task instance in success state
[2025-01-07T15:01:12.644+0000] {logging_mixin.py:190} INFO -  Previous state of the Task instance: running
[2025-01-07T15:01:12.644+0000] {logging_mixin.py:190} INFO - Dag name:projet_group queued_at:2025-01-07 15:00:00.438124+00:00
[2025-01-07T15:01:12.644+0000] {logging_mixin.py:190} INFO - Task hostname:5365fe4338c6 operator:PythonOperator
[2025-01-07T15:01:12.661+0000] {local_task_job_runner.py:266} INFO - Task exited with return code 0
[2025-01-07T15:01:12.674+0000] {taskinstance.py:3900} INFO - 0 downstream tasks scheduled from follow-on schedule check
[2025-01-07T15:01:12.675+0000] {local_task_job_runner.py:245} INFO - ::endgroup::
