[2024-11-25T08:03:14.112+0000] {local_task_job_runner.py:123} INFO - ::group::Pre task execution logs
[2024-11-25T08:03:14.124+0000] {taskinstance.py:2612} INFO - Dependencies all met for dep_context=non-requeueable deps ti=<TaskInstance: projet_group.get_datetime scheduled__2024-11-22T16:30:00+00:00 [queued]>
[2024-11-25T08:03:14.130+0000] {taskinstance.py:2612} INFO - Dependencies all met for dep_context=requeueable deps ti=<TaskInstance: projet_group.get_datetime scheduled__2024-11-22T16:30:00+00:00 [queued]>
[2024-11-25T08:03:14.131+0000] {taskinstance.py:2865} INFO - Starting attempt 1 of 1
[2024-11-25T08:03:14.143+0000] {taskinstance.py:2888} INFO - Executing <Task(BashOperator): get_datetime> on 2024-11-22 16:30:00+00:00
[2024-11-25T08:03:14.150+0000] {warnings.py:112} WARNING - /home/***/.local/lib/python3.12/site-packages/***/task/task_runner/standard_task_runner.py:70: DeprecationWarning: This process (pid=69) is multi-threaded, use of fork() may lead to deadlocks in the child.
  pid = os.fork()

[2024-11-25T08:03:14.151+0000] {standard_task_runner.py:72} INFO - Started process 96 to run task
[2024-11-25T08:03:14.152+0000] {standard_task_runner.py:104} INFO - Running: ['***', 'tasks', 'run', 'projet_group', 'get_datetime', 'scheduled__2024-11-22T16:30:00+00:00', '--job-id', '25155', '--raw', '--subdir', 'DAGS_FOLDER/projet_group.py', '--cfg-path', '/tmp/tmpd_pelta1']
[2024-11-25T08:03:14.153+0000] {standard_task_runner.py:105} INFO - Job 25155: Subtask get_datetime
[2024-11-25T08:03:14.183+0000] {task_command.py:467} INFO - Running <TaskInstance: projet_group.get_datetime scheduled__2024-11-22T16:30:00+00:00 [running]> on host 5365fe4338c6
[2024-11-25T08:03:14.241+0000] {taskinstance.py:3131} INFO - Exporting env vars: AIRFLOW_CTX_DAG_OWNER='***' AIRFLOW_CTX_DAG_ID='projet_group' AIRFLOW_CTX_TASK_ID='get_datetime' AIRFLOW_CTX_EXECUTION_DATE='2024-11-22T16:30:00+00:00' AIRFLOW_CTX_TRY_NUMBER='1' AIRFLOW_CTX_DAG_RUN_ID='scheduled__2024-11-22T16:30:00+00:00'
[2024-11-25T08:03:14.242+0000] {logging_mixin.py:190} INFO - Task instance is in running state
[2024-11-25T08:03:14.243+0000] {logging_mixin.py:190} INFO -  Previous state of the Task instance: queued
[2024-11-25T08:03:14.243+0000] {logging_mixin.py:190} INFO - Current task name:get_datetime state:running start_date:2024-11-25 08:03:14.124857+00:00
[2024-11-25T08:03:14.243+0000] {logging_mixin.py:190} INFO - Dag name:projet_group and current dag run status:running
[2024-11-25T08:03:14.243+0000] {taskinstance.py:731} INFO - ::endgroup::
[2024-11-25T08:03:14.244+0000] {subprocess.py:63} INFO - Tmp dir root location: /tmp
[2024-11-25T08:03:14.244+0000] {subprocess.py:75} INFO - Running command: ['/usr/bin/bash', '-c', 'date']
[2024-11-25T08:03:14.255+0000] {subprocess.py:86} INFO - Output:
[2024-11-25T08:03:14.257+0000] {subprocess.py:93} INFO - Mon Nov 25 08:03:14 UTC 2024
[2024-11-25T08:03:14.257+0000] {subprocess.py:97} INFO - Command exited with return code 0
[2024-11-25T08:03:14.272+0000] {taskinstance.py:340} INFO - ::group::Post task execution logs
[2024-11-25T08:03:14.272+0000] {taskinstance.py:352} INFO - Marking task as SUCCESS. dag_id=projet_group, task_id=get_datetime, run_id=scheduled__2024-11-22T16:30:00+00:00, execution_date=20241122T163000, start_date=20241125T080314, end_date=20241125T080314
[2024-11-25T08:03:14.278+0000] {logging_mixin.py:190} INFO - Task instance in success state
[2024-11-25T08:03:14.278+0000] {logging_mixin.py:190} INFO -  Previous state of the Task instance: running
[2024-11-25T08:03:14.278+0000] {logging_mixin.py:190} INFO - Dag name:projet_group queued_at:2024-11-25 08:03:11.269700+00:00
[2024-11-25T08:03:14.278+0000] {logging_mixin.py:190} INFO - Task hostname:5365fe4338c6 operator:BashOperator
[2024-11-25T08:03:14.284+0000] {local_task_job_runner.py:266} INFO - Task exited with return code 0
[2024-11-25T08:03:14.297+0000] {taskinstance.py:3900} INFO - 1 downstream tasks scheduled from follow-on schedule check
[2024-11-25T08:03:14.298+0000] {local_task_job_runner.py:245} INFO - ::endgroup::
