[2024-11-21T13:30:00.949+0000] {local_task_job_runner.py:123} INFO - ::group::Pre task execution logs
[2024-11-21T13:30:00.961+0000] {taskinstance.py:2612} INFO - Dependencies all met for dep_context=non-requeueable deps ti=<TaskInstance: projet_group.get_datetime scheduled__2024-11-21T13:20:00+00:00 [queued]>
[2024-11-21T13:30:00.966+0000] {taskinstance.py:2612} INFO - Dependencies all met for dep_context=requeueable deps ti=<TaskInstance: projet_group.get_datetime scheduled__2024-11-21T13:20:00+00:00 [queued]>
[2024-11-21T13:30:00.966+0000] {taskinstance.py:2865} INFO - Starting attempt 1 of 1
[2024-11-21T13:30:00.977+0000] {taskinstance.py:2888} INFO - Executing <Task(BashOperator): get_datetime> on 2024-11-21 13:20:00+00:00
[2024-11-21T13:30:00.984+0000] {warnings.py:112} WARNING - /home/***/.local/lib/python3.12/site-packages/***/task/task_runner/standard_task_runner.py:70: DeprecationWarning: This process (pid=20361) is multi-threaded, use of fork() may lead to deadlocks in the child.
  pid = os.fork()

[2024-11-21T13:30:00.985+0000] {standard_task_runner.py:72} INFO - Started process 20372 to run task
[2024-11-21T13:30:00.986+0000] {standard_task_runner.py:104} INFO - Running: ['***', 'tasks', 'run', 'projet_group', 'get_datetime', 'scheduled__2024-11-21T13:20:00+00:00', '--job-id', '21684', '--raw', '--subdir', 'DAGS_FOLDER/projet_group.py', '--cfg-path', '/tmp/tmp31g25ae0']
[2024-11-21T13:30:00.987+0000] {standard_task_runner.py:105} INFO - Job 21684: Subtask get_datetime
[2024-11-21T13:30:01.022+0000] {task_command.py:467} INFO - Running <TaskInstance: projet_group.get_datetime scheduled__2024-11-21T13:20:00+00:00 [running]> on host 5365fe4338c6
[2024-11-21T13:30:01.075+0000] {taskinstance.py:3131} INFO - Exporting env vars: AIRFLOW_CTX_DAG_OWNER='***' AIRFLOW_CTX_DAG_ID='projet_group' AIRFLOW_CTX_TASK_ID='get_datetime' AIRFLOW_CTX_EXECUTION_DATE='2024-11-21T13:20:00+00:00' AIRFLOW_CTX_TRY_NUMBER='1' AIRFLOW_CTX_DAG_RUN_ID='scheduled__2024-11-21T13:20:00+00:00'
[2024-11-21T13:30:01.075+0000] {logging_mixin.py:190} INFO - Task instance is in running state
[2024-11-21T13:30:01.076+0000] {logging_mixin.py:190} INFO -  Previous state of the Task instance: queued
[2024-11-21T13:30:01.076+0000] {logging_mixin.py:190} INFO - Current task name:get_datetime state:running start_date:2024-11-21 13:30:00.961306+00:00
[2024-11-21T13:30:01.076+0000] {logging_mixin.py:190} INFO - Dag name:projet_group and current dag run status:running
[2024-11-21T13:30:01.076+0000] {taskinstance.py:731} INFO - ::endgroup::
[2024-11-21T13:30:01.077+0000] {subprocess.py:63} INFO - Tmp dir root location: /tmp
[2024-11-21T13:30:01.077+0000] {subprocess.py:75} INFO - Running command: ['/usr/bin/bash', '-c', 'date']
[2024-11-21T13:30:01.089+0000] {subprocess.py:86} INFO - Output:
[2024-11-21T13:30:01.091+0000] {subprocess.py:93} INFO - Thu Nov 21 13:30:01 UTC 2024
[2024-11-21T13:30:01.091+0000] {subprocess.py:97} INFO - Command exited with return code 0
[2024-11-21T13:30:01.106+0000] {taskinstance.py:340} INFO - ::group::Post task execution logs
[2024-11-21T13:30:01.107+0000] {taskinstance.py:352} INFO - Marking task as SUCCESS. dag_id=projet_group, task_id=get_datetime, run_id=scheduled__2024-11-21T13:20:00+00:00, execution_date=20241121T132000, start_date=20241121T133000, end_date=20241121T133001
[2024-11-21T13:30:01.113+0000] {logging_mixin.py:190} INFO - Task instance in success state
[2024-11-21T13:30:01.113+0000] {logging_mixin.py:190} INFO -  Previous state of the Task instance: running
[2024-11-21T13:30:01.113+0000] {logging_mixin.py:190} INFO - Dag name:projet_group queued_at:2024-11-21 13:30:00.029144+00:00
[2024-11-21T13:30:01.113+0000] {logging_mixin.py:190} INFO - Task hostname:5365fe4338c6 operator:BashOperator
[2024-11-21T13:30:01.159+0000] {local_task_job_runner.py:266} INFO - Task exited with return code 0
[2024-11-21T13:30:01.170+0000] {taskinstance.py:3900} INFO - 0 downstream tasks scheduled from follow-on schedule check
[2024-11-21T13:30:01.171+0000] {local_task_job_runner.py:245} INFO - ::endgroup::
