[2024-12-17T11:27:03.481+0000] {local_task_job_runner.py:123} INFO - ::group::Pre task execution logs
[2024-12-17T11:27:03.493+0000] {taskinstance.py:2612} INFO - Dependencies all met for dep_context=non-requeueable deps ti=<TaskInstance: Projet_poubelle.read_csv scheduled__2024-12-17T11:26:00+00:00 [queued]>
[2024-12-17T11:27:03.498+0000] {taskinstance.py:2612} INFO - Dependencies all met for dep_context=requeueable deps ti=<TaskInstance: Projet_poubelle.read_csv scheduled__2024-12-17T11:26:00+00:00 [queued]>
[2024-12-17T11:27:03.498+0000] {taskinstance.py:2865} INFO - Starting attempt 1 of 1
[2024-12-17T11:27:03.506+0000] {taskinstance.py:2888} INFO - Executing <Task(PythonOperator): read_csv> on 2024-12-17 11:26:00+00:00
[2024-12-17T11:27:03.512+0000] {warnings.py:112} WARNING - /home/***/.local/lib/python3.12/site-packages/***/task/task_runner/standard_task_runner.py:70: DeprecationWarning: This process (pid=7560) is multi-threaded, use of fork() may lead to deadlocks in the child.
  pid = os.fork()

[2024-12-17T11:27:03.513+0000] {standard_task_runner.py:72} INFO - Started process 7562 to run task
[2024-12-17T11:27:03.513+0000] {standard_task_runner.py:104} INFO - Running: ['***', 'tasks', 'run', 'Projet_poubelle', 'read_csv', 'scheduled__2024-12-17T11:26:00+00:00', '--job-id', '55701', '--raw', '--subdir', 'DAGS_FOLDER/Projet_poubelle.py', '--cfg-path', '/tmp/tmp9x6hh72s']
[2024-12-17T11:27:03.514+0000] {standard_task_runner.py:105} INFO - Job 55701: Subtask read_csv
[2024-12-17T11:27:03.545+0000] {task_command.py:467} INFO - Running <TaskInstance: Projet_poubelle.read_csv scheduled__2024-12-17T11:26:00+00:00 [running]> on host 5365fe4338c6
[2024-12-17T11:27:03.603+0000] {taskinstance.py:3131} INFO - Exporting env vars: AIRFLOW_CTX_DAG_OWNER='***' AIRFLOW_CTX_DAG_ID='Projet_poubelle' AIRFLOW_CTX_TASK_ID='read_csv' AIRFLOW_CTX_EXECUTION_DATE='2024-12-17T11:26:00+00:00' AIRFLOW_CTX_TRY_NUMBER='1' AIRFLOW_CTX_DAG_RUN_ID='scheduled__2024-12-17T11:26:00+00:00'
[2024-12-17T11:27:03.604+0000] {logging_mixin.py:190} INFO - Task instance is in running state
[2024-12-17T11:27:03.604+0000] {logging_mixin.py:190} INFO -  Previous state of the Task instance: queued
[2024-12-17T11:27:03.604+0000] {logging_mixin.py:190} INFO - Current task name:read_csv state:running start_date:2024-12-17 11:27:03.493617+00:00
[2024-12-17T11:27:03.604+0000] {logging_mixin.py:190} INFO - Dag name:Projet_poubelle and current dag run status:running
[2024-12-17T11:27:03.604+0000] {taskinstance.py:731} INFO - ::endgroup::
[2024-12-17T11:27:03.627+0000] {python.py:240} INFO - Done. Returned value was: None
[2024-12-17T11:27:03.635+0000] {taskinstance.py:340} INFO - ::group::Post task execution logs
[2024-12-17T11:27:03.635+0000] {taskinstance.py:352} INFO - Marking task as SUCCESS. dag_id=Projet_poubelle, task_id=read_csv, run_id=scheduled__2024-12-17T11:26:00+00:00, execution_date=20241217T112600, start_date=20241217T112703, end_date=20241217T112703
[2024-12-17T11:27:03.641+0000] {logging_mixin.py:190} INFO - Task instance in success state
[2024-12-17T11:27:03.641+0000] {logging_mixin.py:190} INFO -  Previous state of the Task instance: running
[2024-12-17T11:27:03.641+0000] {logging_mixin.py:190} INFO - Dag name:Projet_poubelle queued_at:2024-12-17 11:27:00.342924+00:00
[2024-12-17T11:27:03.641+0000] {logging_mixin.py:190} INFO - Task hostname:5365fe4338c6 operator:PythonOperator
[2024-12-17T11:27:03.686+0000] {local_task_job_runner.py:266} INFO - Task exited with return code 0
[2024-12-17T11:27:03.697+0000] {taskinstance.py:3900} INFO - 0 downstream tasks scheduled from follow-on schedule check
[2024-12-17T11:27:03.700+0000] {local_task_job_runner.py:245} INFO - ::endgroup::
