[2025-01-07T15:40:02.284+0000] {local_task_job_runner.py:123} INFO - ::group::Pre task execution logs
[2025-01-07T15:40:02.293+0000] {taskinstance.py:2612} INFO - Dependencies all met for dep_context=non-requeueable deps ti=<TaskInstance: projet_group.push scheduled__2025-01-07T15:30:00+00:00 [queued]>
[2025-01-07T15:40:02.297+0000] {taskinstance.py:2612} INFO - Dependencies all met for dep_context=requeueable deps ti=<TaskInstance: projet_group.push scheduled__2025-01-07T15:30:00+00:00 [queued]>
[2025-01-07T15:40:02.298+0000] {taskinstance.py:2865} INFO - Starting attempt 1 of 1
[2025-01-07T15:40:02.307+0000] {taskinstance.py:2888} INFO - Executing <Task(PythonOperator): push> on 2025-01-07 15:30:00+00:00
[2025-01-07T15:40:02.313+0000] {warnings.py:112} WARNING - /home/***/.local/lib/python3.12/site-packages/***/task/task_runner/standard_task_runner.py:70: DeprecationWarning: This process (pid=6084) is multi-threaded, use of fork() may lead to deadlocks in the child.
  pid = os.fork()

[2025-01-07T15:40:02.314+0000] {standard_task_runner.py:72} INFO - Started process 6087 to run task
[2025-01-07T15:40:02.315+0000] {standard_task_runner.py:104} INFO - Running: ['***', 'tasks', 'run', 'projet_group', 'push', 'scheduled__2025-01-07T15:30:00+00:00', '--job-id', '61961', '--raw', '--subdir', 'DAGS_FOLDER/projet_group.py', '--cfg-path', '/tmp/tmpc3flys4w']
[2025-01-07T15:40:02.315+0000] {standard_task_runner.py:105} INFO - Job 61961: Subtask push
[2025-01-07T15:40:02.346+0000] {task_command.py:467} INFO - Running <TaskInstance: projet_group.push scheduled__2025-01-07T15:30:00+00:00 [running]> on host 5365fe4338c6
[2025-01-07T15:40:02.404+0000] {taskinstance.py:3131} INFO - Exporting env vars: AIRFLOW_CTX_DAG_OWNER='***' AIRFLOW_CTX_DAG_ID='projet_group' AIRFLOW_CTX_TASK_ID='push' AIRFLOW_CTX_EXECUTION_DATE='2025-01-07T15:30:00+00:00' AIRFLOW_CTX_TRY_NUMBER='1' AIRFLOW_CTX_DAG_RUN_ID='scheduled__2025-01-07T15:30:00+00:00'
[2025-01-07T15:40:02.405+0000] {logging_mixin.py:190} INFO - Task instance is in running state
[2025-01-07T15:40:02.405+0000] {logging_mixin.py:190} INFO -  Previous state of the Task instance: queued
[2025-01-07T15:40:02.405+0000] {logging_mixin.py:190} INFO - Current task name:push state:running start_date:2025-01-07 15:40:02.294110+00:00
[2025-01-07T15:40:02.405+0000] {logging_mixin.py:190} INFO - Dag name:projet_group and current dag run status:running
[2025-01-07T15:40:02.405+0000] {taskinstance.py:731} INFO - ::endgroup::
[2025-01-07T15:41:48.043+0000] {python.py:240} INFO - Done. Returned value was: None
[2025-01-07T15:41:48.051+0000] {taskinstance.py:340} INFO - ::group::Post task execution logs
[2025-01-07T15:41:48.051+0000] {taskinstance.py:352} INFO - Marking task as SUCCESS. dag_id=projet_group, task_id=push, run_id=scheduled__2025-01-07T15:30:00+00:00, execution_date=20250107T153000, start_date=20250107T154002, end_date=20250107T154148
[2025-01-07T15:41:48.058+0000] {logging_mixin.py:190} INFO - Task instance in success state
[2025-01-07T15:41:48.058+0000] {logging_mixin.py:190} INFO -  Previous state of the Task instance: running
[2025-01-07T15:41:48.059+0000] {logging_mixin.py:190} INFO - Dag name:projet_group queued_at:2025-01-07 15:40:00.233872+00:00
[2025-01-07T15:41:48.059+0000] {logging_mixin.py:190} INFO - Task hostname:5365fe4338c6 operator:PythonOperator
[2025-01-07T15:41:48.085+0000] {local_task_job_runner.py:266} INFO - Task exited with return code 0
[2025-01-07T15:41:48.095+0000] {taskinstance.py:3900} INFO - 0 downstream tasks scheduled from follow-on schedule check
[2025-01-07T15:41:48.096+0000] {local_task_job_runner.py:245} INFO - ::endgroup::
