[2025-01-08T11:09:02.143+0000] {local_task_job_runner.py:123} INFO - ::group::Pre task execution logs
[2025-01-08T11:09:02.176+0000] {taskinstance.py:2612} INFO - Dependencies all met for dep_context=non-requeueable deps ti=<TaskInstance: Projet_poubelle.get_datetime scheduled__2025-01-08T11:08:00+00:00 [queued]>
[2025-01-08T11:09:02.186+0000] {taskinstance.py:2612} INFO - Dependencies all met for dep_context=requeueable deps ti=<TaskInstance: Projet_poubelle.get_datetime scheduled__2025-01-08T11:08:00+00:00 [queued]>
[2025-01-08T11:09:02.186+0000] {taskinstance.py:2865} INFO - Starting attempt 1 of 1
[2025-01-08T11:09:02.197+0000] {taskinstance.py:2888} INFO - Executing <Task(BashOperator): get_datetime> on 2025-01-08 11:08:00+00:00
[2025-01-08T11:09:02.205+0000] {warnings.py:112} WARNING - /home/***/.local/lib/python3.12/site-packages/***/task/task_runner/standard_task_runner.py:70: DeprecationWarning: This process (pid=6982) is multi-threaded, use of fork() may lead to deadlocks in the child.
  pid = os.fork()

[2025-01-08T11:09:02.206+0000] {standard_task_runner.py:72} INFO - Started process 6984 to run task
[2025-01-08T11:09:02.208+0000] {standard_task_runner.py:104} INFO - Running: ['***', 'tasks', 'run', 'Projet_poubelle', 'get_datetime', 'scheduled__2025-01-08T11:08:00+00:00', '--job-id', '62985', '--raw', '--subdir', 'DAGS_FOLDER/Projet_poubelle.py', '--cfg-path', '/tmp/tmpqtlwv8t2']
[2025-01-08T11:09:02.209+0000] {standard_task_runner.py:105} INFO - Job 62985: Subtask get_datetime
[2025-01-08T11:09:02.277+0000] {task_command.py:467} INFO - Running <TaskInstance: Projet_poubelle.get_datetime scheduled__2025-01-08T11:08:00+00:00 [running]> on host 5365fe4338c6
[2025-01-08T11:09:02.361+0000] {taskinstance.py:3131} INFO - Exporting env vars: AIRFLOW_CTX_DAG_OWNER='***' AIRFLOW_CTX_DAG_ID='Projet_poubelle' AIRFLOW_CTX_TASK_ID='get_datetime' AIRFLOW_CTX_EXECUTION_DATE='2025-01-08T11:08:00+00:00' AIRFLOW_CTX_TRY_NUMBER='1' AIRFLOW_CTX_DAG_RUN_ID='scheduled__2025-01-08T11:08:00+00:00'
[2025-01-08T11:09:02.361+0000] {logging_mixin.py:190} INFO - Task instance is in running state
[2025-01-08T11:09:02.361+0000] {logging_mixin.py:190} INFO -  Previous state of the Task instance: queued
[2025-01-08T11:09:02.362+0000] {logging_mixin.py:190} INFO - Current task name:get_datetime state:running start_date:2025-01-08 11:09:02.176698+00:00
[2025-01-08T11:09:02.362+0000] {logging_mixin.py:190} INFO - Dag name:Projet_poubelle and current dag run status:running
[2025-01-08T11:09:02.362+0000] {taskinstance.py:731} INFO - ::endgroup::
[2025-01-08T11:09:02.362+0000] {subprocess.py:63} INFO - Tmp dir root location: /tmp
[2025-01-08T11:09:02.362+0000] {subprocess.py:75} INFO - Running command: ['/usr/bin/bash', '-c', 'date']
[2025-01-08T11:09:02.371+0000] {subprocess.py:86} INFO - Output:
[2025-01-08T11:09:02.373+0000] {subprocess.py:93} INFO - Wed Jan  8 11:09:02 UTC 2025
[2025-01-08T11:09:02.374+0000] {subprocess.py:97} INFO - Command exited with return code 0
[2025-01-08T11:09:02.391+0000] {taskinstance.py:340} INFO - ::group::Post task execution logs
[2025-01-08T11:09:02.392+0000] {taskinstance.py:352} INFO - Marking task as SUCCESS. dag_id=Projet_poubelle, task_id=get_datetime, run_id=scheduled__2025-01-08T11:08:00+00:00, execution_date=20250108T110800, start_date=20250108T110902, end_date=20250108T110902
[2025-01-08T11:09:02.401+0000] {logging_mixin.py:190} INFO - Task instance in success state
[2025-01-08T11:09:02.401+0000] {logging_mixin.py:190} INFO -  Previous state of the Task instance: running
[2025-01-08T11:09:02.401+0000] {logging_mixin.py:190} INFO - Dag name:Projet_poubelle queued_at:2025-01-08 11:09:00.161689+00:00
[2025-01-08T11:09:02.401+0000] {logging_mixin.py:190} INFO - Task hostname:5365fe4338c6 operator:BashOperator
[2025-01-08T11:09:02.420+0000] {local_task_job_runner.py:266} INFO - Task exited with return code 0
[2025-01-08T11:09:02.436+0000] {taskinstance.py:3900} INFO - 1 downstream tasks scheduled from follow-on schedule check
[2025-01-08T11:09:02.437+0000] {local_task_job_runner.py:245} INFO - ::endgroup::
