[2025-01-08T12:50:01.932+0000] {local_task_job_runner.py:123} INFO - ::group::Pre task execution logs
[2025-01-08T12:50:01.942+0000] {taskinstance.py:2612} INFO - Dependencies all met for dep_context=non-requeueable deps ti=<TaskInstance: projet_group.get_datetime scheduled__2025-01-08T12:40:00+00:00 [queued]>
[2025-01-08T12:50:01.948+0000] {taskinstance.py:2612} INFO - Dependencies all met for dep_context=requeueable deps ti=<TaskInstance: projet_group.get_datetime scheduled__2025-01-08T12:40:00+00:00 [queued]>
[2025-01-08T12:50:01.948+0000] {taskinstance.py:2865} INFO - Starting attempt 1 of 1
[2025-01-08T12:50:01.962+0000] {taskinstance.py:2888} INFO - Executing <Task(BashOperator): get_datetime> on 2025-01-08 12:40:00+00:00
[2025-01-08T12:50:01.970+0000] {warnings.py:112} WARNING - /home/***/.local/lib/python3.12/site-packages/***/task/task_runner/standard_task_runner.py:70: DeprecationWarning: This process (pid=10617) is multi-threaded, use of fork() may lead to deadlocks in the child.
  pid = os.fork()

[2025-01-08T12:50:01.971+0000] {standard_task_runner.py:72} INFO - Started process 10630 to run task
[2025-01-08T12:50:01.972+0000] {standard_task_runner.py:104} INFO - Running: ['***', 'tasks', 'run', 'projet_group', 'get_datetime', 'scheduled__2025-01-08T12:40:00+00:00', '--job-id', '63510', '--raw', '--subdir', 'DAGS_FOLDER/projet_group.py', '--cfg-path', '/tmp/tmpt4w4ml7f']
[2025-01-08T12:50:01.972+0000] {standard_task_runner.py:105} INFO - Job 63510: Subtask get_datetime
[2025-01-08T12:50:02.006+0000] {task_command.py:467} INFO - Running <TaskInstance: projet_group.get_datetime scheduled__2025-01-08T12:40:00+00:00 [running]> on host 5365fe4338c6
[2025-01-08T12:50:02.059+0000] {taskinstance.py:3131} INFO - Exporting env vars: AIRFLOW_CTX_DAG_OWNER='***' AIRFLOW_CTX_DAG_ID='projet_group' AIRFLOW_CTX_TASK_ID='get_datetime' AIRFLOW_CTX_EXECUTION_DATE='2025-01-08T12:40:00+00:00' AIRFLOW_CTX_TRY_NUMBER='1' AIRFLOW_CTX_DAG_RUN_ID='scheduled__2025-01-08T12:40:00+00:00'
[2025-01-08T12:50:02.060+0000] {logging_mixin.py:190} INFO - Task instance is in running state
[2025-01-08T12:50:02.060+0000] {logging_mixin.py:190} INFO -  Previous state of the Task instance: queued
[2025-01-08T12:50:02.060+0000] {logging_mixin.py:190} INFO - Current task name:get_datetime state:running start_date:2025-01-08 12:50:01.942700+00:00
[2025-01-08T12:50:02.060+0000] {logging_mixin.py:190} INFO - Dag name:projet_group and current dag run status:running
[2025-01-08T12:50:02.060+0000] {taskinstance.py:731} INFO - ::endgroup::
[2025-01-08T12:50:02.061+0000] {subprocess.py:63} INFO - Tmp dir root location: /tmp
[2025-01-08T12:50:02.061+0000] {subprocess.py:75} INFO - Running command: ['/usr/bin/bash', '-c', 'date']
[2025-01-08T12:50:02.072+0000] {subprocess.py:86} INFO - Output:
[2025-01-08T12:50:02.074+0000] {subprocess.py:93} INFO - Wed Jan  8 12:50:02 UTC 2025
[2025-01-08T12:50:02.074+0000] {subprocess.py:97} INFO - Command exited with return code 0
[2025-01-08T12:50:02.092+0000] {taskinstance.py:340} INFO - ::group::Post task execution logs
[2025-01-08T12:50:02.093+0000] {taskinstance.py:352} INFO - Marking task as SUCCESS. dag_id=projet_group, task_id=get_datetime, run_id=scheduled__2025-01-08T12:40:00+00:00, execution_date=20250108T124000, start_date=20250108T125001, end_date=20250108T125002
[2025-01-08T12:50:02.100+0000] {logging_mixin.py:190} INFO - Task instance in success state
[2025-01-08T12:50:02.100+0000] {logging_mixin.py:190} INFO -  Previous state of the Task instance: running
[2025-01-08T12:50:02.100+0000] {logging_mixin.py:190} INFO - Dag name:projet_group queued_at:2025-01-08 12:50:01.035719+00:00
[2025-01-08T12:50:02.100+0000] {logging_mixin.py:190} INFO - Task hostname:5365fe4338c6 operator:BashOperator
[2025-01-08T12:50:02.145+0000] {local_task_job_runner.py:266} INFO - Task exited with return code 0
[2025-01-08T12:50:02.160+0000] {taskinstance.py:3900} INFO - 1 downstream tasks scheduled from follow-on schedule check
[2025-01-08T12:50:02.161+0000] {local_task_job_runner.py:245} INFO - ::endgroup::
