[2025-01-08T11:48:03.938+0000] {local_task_job_runner.py:123} INFO - ::group::Pre task execution logs
[2025-01-08T11:48:03.949+0000] {taskinstance.py:2612} INFO - Dependencies all met for dep_context=non-requeueable deps ti=<TaskInstance: Projet_poubelle.read_csv scheduled__2025-01-08T11:47:00+00:00 [queued]>
[2025-01-08T11:48:03.952+0000] {taskinstance.py:2612} INFO - Dependencies all met for dep_context=requeueable deps ti=<TaskInstance: Projet_poubelle.read_csv scheduled__2025-01-08T11:47:00+00:00 [queued]>
[2025-01-08T11:48:03.953+0000] {taskinstance.py:2865} INFO - Starting attempt 1 of 1
[2025-01-08T11:48:03.959+0000] {taskinstance.py:2888} INFO - Executing <Task(PythonOperator): read_csv> on 2025-01-08 11:47:00+00:00
[2025-01-08T11:48:03.964+0000] {warnings.py:112} WARNING - /home/***/.local/lib/python3.12/site-packages/***/task/task_runner/standard_task_runner.py:70: DeprecationWarning: This process (pid=8398) is multi-threaded, use of fork() may lead to deadlocks in the child.
  pid = os.fork()

[2025-01-08T11:48:03.965+0000] {standard_task_runner.py:72} INFO - Started process 8400 to run task
[2025-01-08T11:48:03.966+0000] {standard_task_runner.py:104} INFO - Running: ['***', 'tasks', 'run', 'Projet_poubelle', 'read_csv', 'scheduled__2025-01-08T11:47:00+00:00', '--job-id', '63189', '--raw', '--subdir', 'DAGS_FOLDER/Projet_poubelle.py', '--cfg-path', '/tmp/tmp46ee2zzp']
[2025-01-08T11:48:03.966+0000] {standard_task_runner.py:105} INFO - Job 63189: Subtask read_csv
[2025-01-08T11:48:04.024+0000] {task_command.py:467} INFO - Running <TaskInstance: Projet_poubelle.read_csv scheduled__2025-01-08T11:47:00+00:00 [running]> on host 5365fe4338c6
[2025-01-08T11:48:04.103+0000] {taskinstance.py:3131} INFO - Exporting env vars: AIRFLOW_CTX_DAG_OWNER='***' AIRFLOW_CTX_DAG_ID='Projet_poubelle' AIRFLOW_CTX_TASK_ID='read_csv' AIRFLOW_CTX_EXECUTION_DATE='2025-01-08T11:47:00+00:00' AIRFLOW_CTX_TRY_NUMBER='1' AIRFLOW_CTX_DAG_RUN_ID='scheduled__2025-01-08T11:47:00+00:00'
[2025-01-08T11:48:04.104+0000] {logging_mixin.py:190} INFO - Task instance is in running state
[2025-01-08T11:48:04.105+0000] {logging_mixin.py:190} INFO -  Previous state of the Task instance: queued
[2025-01-08T11:48:04.105+0000] {logging_mixin.py:190} INFO - Current task name:read_csv state:running start_date:2025-01-08 11:48:03.949379+00:00
[2025-01-08T11:48:04.105+0000] {logging_mixin.py:190} INFO - Dag name:Projet_poubelle and current dag run status:running
[2025-01-08T11:48:04.105+0000] {taskinstance.py:731} INFO - ::endgroup::
[2025-01-08T11:48:04.126+0000] {python.py:240} INFO - Done. Returned value was: None
[2025-01-08T11:48:04.132+0000] {taskinstance.py:340} INFO - ::group::Post task execution logs
[2025-01-08T11:48:04.132+0000] {taskinstance.py:352} INFO - Marking task as SUCCESS. dag_id=Projet_poubelle, task_id=read_csv, run_id=scheduled__2025-01-08T11:47:00+00:00, execution_date=20250108T114700, start_date=20250108T114803, end_date=20250108T114804
[2025-01-08T11:48:04.137+0000] {logging_mixin.py:190} INFO - Task instance in success state
[2025-01-08T11:48:04.137+0000] {logging_mixin.py:190} INFO -  Previous state of the Task instance: running
[2025-01-08T11:48:04.137+0000] {logging_mixin.py:190} INFO - Dag name:Projet_poubelle queued_at:2025-01-08 11:48:00.270126+00:00
[2025-01-08T11:48:04.137+0000] {logging_mixin.py:190} INFO - Task hostname:5365fe4338c6 operator:PythonOperator
[2025-01-08T11:48:04.178+0000] {local_task_job_runner.py:266} INFO - Task exited with return code 0
[2025-01-08T11:48:04.196+0000] {local_task_job_runner.py:245} INFO - ::endgroup::
