[2025-01-07T15:34:02.364+0000] {local_task_job_runner.py:123} INFO - ::group::Pre task execution logs
[2025-01-07T15:34:02.377+0000] {taskinstance.py:2612} INFO - Dependencies all met for dep_context=non-requeueable deps ti=<TaskInstance: Projet_poubelle.get_datetime scheduled__2025-01-07T15:33:00+00:00 [queued]>
[2025-01-07T15:34:02.382+0000] {taskinstance.py:2612} INFO - Dependencies all met for dep_context=requeueable deps ti=<TaskInstance: Projet_poubelle.get_datetime scheduled__2025-01-07T15:33:00+00:00 [queued]>
[2025-01-07T15:34:02.383+0000] {taskinstance.py:2865} INFO - Starting attempt 1 of 1
[2025-01-07T15:34:02.391+0000] {taskinstance.py:2888} INFO - Executing <Task(BashOperator): get_datetime> on 2025-01-07 15:33:00+00:00
[2025-01-07T15:34:02.396+0000] {warnings.py:112} WARNING - /home/***/.local/lib/python3.12/site-packages/***/task/task_runner/standard_task_runner.py:70: DeprecationWarning: This process (pid=5870) is multi-threaded, use of fork() may lead to deadlocks in the child.
  pid = os.fork()

[2025-01-07T15:34:02.397+0000] {standard_task_runner.py:72} INFO - Started process 5872 to run task
[2025-01-07T15:34:02.398+0000] {standard_task_runner.py:104} INFO - Running: ['***', 'tasks', 'run', 'Projet_poubelle', 'get_datetime', 'scheduled__2025-01-07T15:33:00+00:00', '--job-id', '61929', '--raw', '--subdir', 'DAGS_FOLDER/Projet_poubelle.py', '--cfg-path', '/tmp/tmptdo4hlcp']
[2025-01-07T15:34:02.398+0000] {standard_task_runner.py:105} INFO - Job 61929: Subtask get_datetime
[2025-01-07T15:34:02.429+0000] {task_command.py:467} INFO - Running <TaskInstance: Projet_poubelle.get_datetime scheduled__2025-01-07T15:33:00+00:00 [running]> on host 5365fe4338c6
[2025-01-07T15:34:02.510+0000] {taskinstance.py:3131} INFO - Exporting env vars: AIRFLOW_CTX_DAG_OWNER='***' AIRFLOW_CTX_DAG_ID='Projet_poubelle' AIRFLOW_CTX_TASK_ID='get_datetime' AIRFLOW_CTX_EXECUTION_DATE='2025-01-07T15:33:00+00:00' AIRFLOW_CTX_TRY_NUMBER='1' AIRFLOW_CTX_DAG_RUN_ID='scheduled__2025-01-07T15:33:00+00:00'
[2025-01-07T15:34:02.511+0000] {logging_mixin.py:190} INFO - Task instance is in running state
[2025-01-07T15:34:02.512+0000] {logging_mixin.py:190} INFO -  Previous state of the Task instance: queued
[2025-01-07T15:34:02.512+0000] {logging_mixin.py:190} INFO - Current task name:get_datetime state:running start_date:2025-01-07 15:34:02.377739+00:00
[2025-01-07T15:34:02.512+0000] {logging_mixin.py:190} INFO - Dag name:Projet_poubelle and current dag run status:running
[2025-01-07T15:34:02.512+0000] {taskinstance.py:731} INFO - ::endgroup::
[2025-01-07T15:34:02.513+0000] {subprocess.py:63} INFO - Tmp dir root location: /tmp
[2025-01-07T15:34:02.514+0000] {subprocess.py:75} INFO - Running command: ['/usr/bin/bash', '-c', 'date']
[2025-01-07T15:34:02.524+0000] {subprocess.py:86} INFO - Output:
[2025-01-07T15:34:02.528+0000] {subprocess.py:93} INFO - Tue Jan  7 15:34:02 UTC 2025
[2025-01-07T15:34:02.529+0000] {subprocess.py:97} INFO - Command exited with return code 0
[2025-01-07T15:34:02.581+0000] {taskinstance.py:340} INFO - ::group::Post task execution logs
[2025-01-07T15:34:02.581+0000] {taskinstance.py:352} INFO - Marking task as SUCCESS. dag_id=Projet_poubelle, task_id=get_datetime, run_id=scheduled__2025-01-07T15:33:00+00:00, execution_date=20250107T153300, start_date=20250107T153402, end_date=20250107T153402
[2025-01-07T15:34:02.598+0000] {logging_mixin.py:190} INFO - Task instance in success state
[2025-01-07T15:34:02.598+0000] {logging_mixin.py:190} INFO -  Previous state of the Task instance: running
[2025-01-07T15:34:02.599+0000] {logging_mixin.py:190} INFO - Dag name:Projet_poubelle queued_at:2025-01-07 15:34:00.296705+00:00
[2025-01-07T15:34:02.599+0000] {logging_mixin.py:190} INFO - Task hostname:5365fe4338c6 operator:BashOperator
[2025-01-07T15:34:02.610+0000] {local_task_job_runner.py:266} INFO - Task exited with return code 0
[2025-01-07T15:34:02.647+0000] {taskinstance.py:3900} INFO - 1 downstream tasks scheduled from follow-on schedule check
[2025-01-07T15:34:02.650+0000] {local_task_job_runner.py:245} INFO - ::endgroup::
