[2024-12-20T08:24:01.574+0000] {local_task_job_runner.py:123} INFO - ::group::Pre task execution logs
[2024-12-20T08:24:01.586+0000] {taskinstance.py:2612} INFO - Dependencies all met for dep_context=non-requeueable deps ti=<TaskInstance: Projet_poubelle.file_sensor scheduled__2024-12-20T08:23:00+00:00 [queued]>
[2024-12-20T08:24:01.592+0000] {taskinstance.py:2612} INFO - Dependencies all met for dep_context=requeueable deps ti=<TaskInstance: Projet_poubelle.file_sensor scheduled__2024-12-20T08:23:00+00:00 [queued]>
[2024-12-20T08:24:01.593+0000] {taskinstance.py:2865} INFO - Starting attempt 1 of 1
[2024-12-20T08:24:01.603+0000] {taskinstance.py:2888} INFO - Executing <Task(FileSensor): file_sensor> on 2024-12-20 08:23:00+00:00
[2024-12-20T08:24:01.610+0000] {warnings.py:112} WARNING - /home/***/.local/lib/python3.12/site-packages/***/task/task_runner/standard_task_runner.py:70: DeprecationWarning: This process (pid=433) is multi-threaded, use of fork() may lead to deadlocks in the child.
  pid = os.fork()

[2024-12-20T08:24:01.611+0000] {standard_task_runner.py:72} INFO - Started process 441 to run task
[2024-12-20T08:24:01.611+0000] {standard_task_runner.py:104} INFO - Running: ['***', 'tasks', 'run', 'Projet_poubelle', 'file_sensor', 'scheduled__2024-12-20T08:23:00+00:00', '--job-id', '58782', '--raw', '--subdir', 'DAGS_FOLDER/Projet_poubelle.py', '--cfg-path', '/tmp/tmpqql1cpmr']
[2024-12-20T08:24:01.612+0000] {standard_task_runner.py:105} INFO - Job 58782: Subtask file_sensor
[2024-12-20T08:24:01.645+0000] {task_command.py:467} INFO - Running <TaskInstance: Projet_poubelle.file_sensor scheduled__2024-12-20T08:23:00+00:00 [running]> on host 5365fe4338c6
[2024-12-20T08:24:01.698+0000] {taskinstance.py:3131} INFO - Exporting env vars: AIRFLOW_CTX_DAG_OWNER='***' AIRFLOW_CTX_DAG_ID='Projet_poubelle' AIRFLOW_CTX_TASK_ID='file_sensor' AIRFLOW_CTX_EXECUTION_DATE='2024-12-20T08:23:00+00:00' AIRFLOW_CTX_TRY_NUMBER='1' AIRFLOW_CTX_DAG_RUN_ID='scheduled__2024-12-20T08:23:00+00:00'
[2024-12-20T08:24:01.699+0000] {logging_mixin.py:190} INFO - Task instance is in running state
[2024-12-20T08:24:01.699+0000] {logging_mixin.py:190} INFO -  Previous state of the Task instance: queued
[2024-12-20T08:24:01.699+0000] {logging_mixin.py:190} INFO - Current task name:file_sensor state:running start_date:2024-12-20 08:24:01.586734+00:00
[2024-12-20T08:24:01.700+0000] {logging_mixin.py:190} INFO - Dag name:Projet_poubelle and current dag run status:running
[2024-12-20T08:24:01.700+0000] {taskinstance.py:731} INFO - ::endgroup::
[2024-12-20T08:24:01.700+0000] {baseoperator.py:405} WARNING - FileSensor.execute cannot be called outside TaskInstance!
[2024-12-20T08:24:01.706+0000] {base.py:84} INFO - Retrieving connection 'fs_default'
[2024-12-20T08:24:01.706+0000] {filesystem.py:109} INFO - Poking for file /opt/***/data/point_apports_poubelles.csv
[2024-12-20T08:24:01.707+0000] {filesystem.py:113} INFO - Found File /opt/***/data/point_apports_poubelles.csv last modified: 20230630101040
[2024-12-20T08:24:01.707+0000] {base.py:336} INFO - Success criteria met. Exiting.
[2024-12-20T08:24:01.707+0000] {filesystem.py:109} INFO - Poking for file /opt/***/data/point_apports_poubelles.csv
[2024-12-20T08:24:01.707+0000] {filesystem.py:113} INFO - Found File /opt/***/data/point_apports_poubelles.csv last modified: 20230630101040
[2024-12-20T08:24:01.713+0000] {taskinstance.py:340} INFO - ::group::Post task execution logs
[2024-12-20T08:24:01.714+0000] {taskinstance.py:352} INFO - Marking task as SUCCESS. dag_id=Projet_poubelle, task_id=file_sensor, run_id=scheduled__2024-12-20T08:23:00+00:00, execution_date=20241220T082300, start_date=20241220T082401, end_date=20241220T082401
[2024-12-20T08:24:01.719+0000] {logging_mixin.py:190} INFO - Task instance in success state
[2024-12-20T08:24:01.719+0000] {logging_mixin.py:190} INFO -  Previous state of the Task instance: running
[2024-12-20T08:24:01.719+0000] {logging_mixin.py:190} INFO - Dag name:Projet_poubelle queued_at:2024-12-20 08:24:00.707474+00:00
[2024-12-20T08:24:01.719+0000] {logging_mixin.py:190} INFO - Task hostname:5365fe4338c6 operator:FileSensor
[2024-12-20T08:24:01.744+0000] {local_task_job_runner.py:266} INFO - Task exited with return code 0
[2024-12-20T08:24:01.777+0000] {taskinstance.py:3900} INFO - 1 downstream tasks scheduled from follow-on schedule check
[2024-12-20T08:24:01.778+0000] {local_task_job_runner.py:245} INFO - ::endgroup::
