[2024-12-13T13:15:01.723+0000] {local_task_job_runner.py:123} INFO - ::group::Pre task execution logs
[2024-12-13T13:15:01.738+0000] {taskinstance.py:2612} INFO - Dependencies all met for dep_context=non-requeueable deps ti=<TaskInstance: projet_groupe.push scheduled__2024-12-13T13:14:00+00:00 [queued]>
[2024-12-13T13:15:01.747+0000] {taskinstance.py:2612} INFO - Dependencies all met for dep_context=requeueable deps ti=<TaskInstance: projet_groupe.push scheduled__2024-12-13T13:14:00+00:00 [queued]>
[2024-12-13T13:15:01.747+0000] {taskinstance.py:2865} INFO - Starting attempt 1 of 1
[2024-12-13T13:15:01.764+0000] {taskinstance.py:2888} INFO - Executing <Task(PythonOperator): push> on 2024-12-13 13:14:00+00:00
[2024-12-13T13:15:01.772+0000] {warnings.py:112} WARNING - /home/***/.local/lib/python3.12/site-packages/***/task/task_runner/standard_task_runner.py:70: DeprecationWarning: This process (pid=11545) is multi-threaded, use of fork() may lead to deadlocks in the child.
  pid = os.fork()

[2024-12-13T13:15:01.773+0000] {standard_task_runner.py:72} INFO - Started process 11555 to run task
[2024-12-13T13:15:01.773+0000] {standard_task_runner.py:104} INFO - Running: ['***', 'tasks', 'run', 'projet_groupe', 'push', 'scheduled__2024-12-13T13:14:00+00:00', '--job-id', '51357', '--raw', '--subdir', 'DAGS_FOLDER/projet.py', '--cfg-path', '/tmp/tmp8g6_gdww']
[2024-12-13T13:15:01.774+0000] {standard_task_runner.py:105} INFO - Job 51357: Subtask push
[2024-12-13T13:15:01.807+0000] {task_command.py:467} INFO - Running <TaskInstance: projet_groupe.push scheduled__2024-12-13T13:14:00+00:00 [running]> on host 5365fe4338c6
[2024-12-13T13:15:01.866+0000] {taskinstance.py:3131} INFO - Exporting env vars: AIRFLOW_CTX_DAG_OWNER='***' AIRFLOW_CTX_DAG_ID='projet_groupe' AIRFLOW_CTX_TASK_ID='push' AIRFLOW_CTX_EXECUTION_DATE='2024-12-13T13:14:00+00:00' AIRFLOW_CTX_TRY_NUMBER='1' AIRFLOW_CTX_DAG_RUN_ID='scheduled__2024-12-13T13:14:00+00:00'
[2024-12-13T13:15:01.867+0000] {logging_mixin.py:190} INFO - Task instance is in running state
[2024-12-13T13:15:01.867+0000] {logging_mixin.py:190} INFO -  Previous state of the Task instance: queued
[2024-12-13T13:15:01.867+0000] {logging_mixin.py:190} INFO - Current task name:push state:running start_date:2024-12-13 13:15:01.738757+00:00
[2024-12-13T13:15:01.867+0000] {logging_mixin.py:190} INFO - Dag name:projet_groupe and current dag run status:running
[2024-12-13T13:15:01.867+0000] {taskinstance.py:731} INFO - ::endgroup::
[2024-12-13T13:15:01.923+0000] {logging_mixin.py:190} INFO - 200
[2024-12-13T13:15:01.925+0000] {python.py:240} INFO - Done. Returned value was: ['aed', 'ars', 'aud', 'bch', 'bdt', 'bhd', 'bmd', 'bnb', 'brl', 'btc', 'cad', 'chf', 'clp', 'cny', 'czk', 'dkk', 'dot', 'eos', 'eth', 'eur', 'gbp', 'gel', 'hkd', 'huf', 'idr', 'ils', 'inr', 'jpy', 'krw', 'kwd', 'lkr', 'ltc', 'mmk', 'mxn', 'myr', 'ngn', 'nok', 'nzd', 'php', 'pkr', 'pln', 'rub', 'sar', 'sek', 'sgd', 'thb', 'try', 'twd', 'uah', 'usd', 'vef', 'vnd', 'xag', 'xau', 'xdr', 'xlm', 'xrp', 'yfi', 'zar', 'bits', 'link', 'sats']
[2024-12-13T13:15:01.940+0000] {taskinstance.py:340} INFO - ::group::Post task execution logs
[2024-12-13T13:15:01.940+0000] {taskinstance.py:352} INFO - Marking task as SUCCESS. dag_id=projet_groupe, task_id=push, run_id=scheduled__2024-12-13T13:14:00+00:00, execution_date=20241213T131400, start_date=20241213T131501, end_date=20241213T131501
[2024-12-13T13:15:01.945+0000] {logging_mixin.py:190} INFO - Task instance in success state
[2024-12-13T13:15:01.945+0000] {logging_mixin.py:190} INFO -  Previous state of the Task instance: running
[2024-12-13T13:15:01.945+0000] {logging_mixin.py:190} INFO - Dag name:projet_groupe queued_at:2024-12-13 13:15:00.758581+00:00
[2024-12-13T13:15:01.946+0000] {logging_mixin.py:190} INFO - Task hostname:5365fe4338c6 operator:PythonOperator
[2024-12-13T13:15:01.987+0000] {local_task_job_runner.py:266} INFO - Task exited with return code 0
[2024-12-13T13:15:02.006+0000] {local_task_job_runner.py:245} INFO - ::endgroup::
