[2024-12-16T14:25:03.055+0000] {local_task_job_runner.py:123} INFO - ::group::Pre task execution logs
[2024-12-16T14:25:03.070+0000] {taskinstance.py:2612} INFO - Dependencies all met for dep_context=non-requeueable deps ti=<TaskInstance: Projet_poubelle.get_datetime scheduled__2024-12-16T14:24:00+00:00 [queued]>
[2024-12-16T14:25:03.076+0000] {taskinstance.py:2612} INFO - Dependencies all met for dep_context=requeueable deps ti=<TaskInstance: Projet_poubelle.get_datetime scheduled__2024-12-16T14:24:00+00:00 [queued]>
[2024-12-16T14:25:03.076+0000] {taskinstance.py:2865} INFO - Starting attempt 1 of 1
[2024-12-16T14:25:03.084+0000] {taskinstance.py:2888} INFO - Executing <Task(BashOperator): get_datetime> on 2024-12-16 14:24:00+00:00
[2024-12-16T14:25:03.091+0000] {warnings.py:112} WARNING - /home/***/.local/lib/python3.12/site-packages/***/task/task_runner/standard_task_runner.py:70: DeprecationWarning: This process (pid=13941) is multi-threaded, use of fork() may lead to deadlocks in the child.
  pid = os.fork()

[2024-12-16T14:25:03.092+0000] {standard_task_runner.py:72} INFO - Started process 13943 to run task
[2024-12-16T14:25:03.092+0000] {standard_task_runner.py:104} INFO - Running: ['***', 'tasks', 'run', 'Projet_poubelle', 'get_datetime', 'scheduled__2024-12-16T14:24:00+00:00', '--job-id', '54126', '--raw', '--subdir', 'DAGS_FOLDER/Projet_poubelle.py', '--cfg-path', '/tmp/tmp9xn5dgcm']
[2024-12-16T14:25:03.093+0000] {standard_task_runner.py:105} INFO - Job 54126: Subtask get_datetime
[2024-12-16T14:25:03.120+0000] {task_command.py:467} INFO - Running <TaskInstance: Projet_poubelle.get_datetime scheduled__2024-12-16T14:24:00+00:00 [running]> on host 5365fe4338c6
[2024-12-16T14:25:03.171+0000] {taskinstance.py:3131} INFO - Exporting env vars: AIRFLOW_CTX_DAG_OWNER='***' AIRFLOW_CTX_DAG_ID='Projet_poubelle' AIRFLOW_CTX_TASK_ID='get_datetime' AIRFLOW_CTX_EXECUTION_DATE='2024-12-16T14:24:00+00:00' AIRFLOW_CTX_TRY_NUMBER='1' AIRFLOW_CTX_DAG_RUN_ID='scheduled__2024-12-16T14:24:00+00:00'
[2024-12-16T14:25:03.172+0000] {logging_mixin.py:190} INFO - Task instance is in running state
[2024-12-16T14:25:03.172+0000] {logging_mixin.py:190} INFO -  Previous state of the Task instance: queued
[2024-12-16T14:25:03.172+0000] {logging_mixin.py:190} INFO - Current task name:get_datetime state:running start_date:2024-12-16 14:25:03.070334+00:00
[2024-12-16T14:25:03.172+0000] {logging_mixin.py:190} INFO - Dag name:Projet_poubelle and current dag run status:running
[2024-12-16T14:25:03.172+0000] {taskinstance.py:731} INFO - ::endgroup::
[2024-12-16T14:25:03.172+0000] {subprocess.py:63} INFO - Tmp dir root location: /tmp
[2024-12-16T14:25:03.173+0000] {subprocess.py:75} INFO - Running command: ['/usr/bin/bash', '-c', 'date']
[2024-12-16T14:25:03.182+0000] {subprocess.py:86} INFO - Output:
[2024-12-16T14:25:03.184+0000] {subprocess.py:93} INFO - Mon Dec 16 14:25:03 UTC 2024
[2024-12-16T14:25:03.184+0000] {subprocess.py:97} INFO - Command exited with return code 0
[2024-12-16T14:25:03.211+0000] {taskinstance.py:340} INFO - ::group::Post task execution logs
[2024-12-16T14:25:03.212+0000] {taskinstance.py:352} INFO - Marking task as SUCCESS. dag_id=Projet_poubelle, task_id=get_datetime, run_id=scheduled__2024-12-16T14:24:00+00:00, execution_date=20241216T142400, start_date=20241216T142503, end_date=20241216T142503
[2024-12-16T14:25:03.227+0000] {logging_mixin.py:190} INFO - Task instance in success state
[2024-12-16T14:25:03.228+0000] {logging_mixin.py:190} INFO -  Previous state of the Task instance: running
[2024-12-16T14:25:03.228+0000] {logging_mixin.py:190} INFO - Dag name:Projet_poubelle queued_at:2024-12-16 14:25:00.758612+00:00
[2024-12-16T14:25:03.228+0000] {logging_mixin.py:190} INFO - Task hostname:5365fe4338c6 operator:BashOperator
[2024-12-16T14:25:03.265+0000] {local_task_job_runner.py:266} INFO - Task exited with return code 0
[2024-12-16T14:25:03.309+0000] {taskinstance.py:3900} INFO - 1 downstream tasks scheduled from follow-on schedule check
[2024-12-16T14:25:03.311+0000] {local_task_job_runner.py:245} INFO - ::endgroup::
