[2024-11-26T08:04:02.303+0000] {local_task_job_runner.py:123} INFO - ::group::Pre task execution logs
[2024-11-26T08:04:02.314+0000] {taskinstance.py:2612} INFO - Dependencies all met for dep_context=non-requeueable deps ti=<TaskInstance: Projet_poubelle.get_datetime scheduled__2024-11-26T08:03:00+00:00 [queued]>
[2024-11-26T08:04:02.319+0000] {taskinstance.py:2612} INFO - Dependencies all met for dep_context=requeueable deps ti=<TaskInstance: Projet_poubelle.get_datetime scheduled__2024-11-26T08:03:00+00:00 [queued]>
[2024-11-26T08:04:02.319+0000] {taskinstance.py:2865} INFO - Starting attempt 1 of 1
[2024-11-26T08:04:02.326+0000] {taskinstance.py:2888} INFO - Executing <Task(BashOperator): get_datetime> on 2024-11-26 08:03:00+00:00
[2024-11-26T08:04:02.331+0000] {warnings.py:112} WARNING - /home/***/.local/lib/python3.12/site-packages/***/task/task_runner/standard_task_runner.py:70: DeprecationWarning: This process (pid=193) is multi-threaded, use of fork() may lead to deadlocks in the child.
  pid = os.fork()

[2024-11-26T08:04:02.332+0000] {standard_task_runner.py:72} INFO - Started process 195 to run task
[2024-11-26T08:04:02.333+0000] {standard_task_runner.py:104} INFO - Running: ['***', 'tasks', 'run', 'Projet_poubelle', 'get_datetime', 'scheduled__2024-11-26T08:03:00+00:00', '--job-id', '27662', '--raw', '--subdir', 'DAGS_FOLDER/Projet_poubelle.py', '--cfg-path', '/tmp/tmpwt31c3xl']
[2024-11-26T08:04:02.333+0000] {standard_task_runner.py:105} INFO - Job 27662: Subtask get_datetime
[2024-11-26T08:04:02.362+0000] {task_command.py:467} INFO - Running <TaskInstance: Projet_poubelle.get_datetime scheduled__2024-11-26T08:03:00+00:00 [running]> on host 5365fe4338c6
[2024-11-26T08:04:02.412+0000] {taskinstance.py:3131} INFO - Exporting env vars: AIRFLOW_CTX_DAG_OWNER='***' AIRFLOW_CTX_DAG_ID='Projet_poubelle' AIRFLOW_CTX_TASK_ID='get_datetime' AIRFLOW_CTX_EXECUTION_DATE='2024-11-26T08:03:00+00:00' AIRFLOW_CTX_TRY_NUMBER='1' AIRFLOW_CTX_DAG_RUN_ID='scheduled__2024-11-26T08:03:00+00:00'
[2024-11-26T08:04:02.413+0000] {logging_mixin.py:190} INFO - Task instance is in running state
[2024-11-26T08:04:02.413+0000] {logging_mixin.py:190} INFO -  Previous state of the Task instance: queued
[2024-11-26T08:04:02.413+0000] {logging_mixin.py:190} INFO - Current task name:get_datetime state:running start_date:2024-11-26 08:04:02.314976+00:00
[2024-11-26T08:04:02.413+0000] {logging_mixin.py:190} INFO - Dag name:Projet_poubelle and current dag run status:running
[2024-11-26T08:04:02.413+0000] {taskinstance.py:731} INFO - ::endgroup::
[2024-11-26T08:04:02.414+0000] {subprocess.py:63} INFO - Tmp dir root location: /tmp
[2024-11-26T08:04:02.414+0000] {subprocess.py:75} INFO - Running command: ['/usr/bin/bash', '-c', 'date']
[2024-11-26T08:04:02.423+0000] {subprocess.py:86} INFO - Output:
[2024-11-26T08:04:02.425+0000] {subprocess.py:93} INFO - Tue Nov 26 08:04:02 UTC 2024
[2024-11-26T08:04:02.425+0000] {subprocess.py:97} INFO - Command exited with return code 0
[2024-11-26T08:04:02.441+0000] {taskinstance.py:340} INFO - ::group::Post task execution logs
[2024-11-26T08:04:02.442+0000] {taskinstance.py:352} INFO - Marking task as SUCCESS. dag_id=Projet_poubelle, task_id=get_datetime, run_id=scheduled__2024-11-26T08:03:00+00:00, execution_date=20241126T080300, start_date=20241126T080402, end_date=20241126T080402
[2024-11-26T08:04:02.447+0000] {logging_mixin.py:190} INFO - Task instance in success state
[2024-11-26T08:04:02.447+0000] {logging_mixin.py:190} INFO -  Previous state of the Task instance: running
[2024-11-26T08:04:02.447+0000] {logging_mixin.py:190} INFO - Dag name:Projet_poubelle queued_at:2024-11-26 08:04:00.374146+00:00
[2024-11-26T08:04:02.447+0000] {logging_mixin.py:190} INFO - Task hostname:5365fe4338c6 operator:BashOperator
[2024-11-26T08:04:02.465+0000] {local_task_job_runner.py:266} INFO - Task exited with return code 0
[2024-11-26T08:04:02.484+0000] {taskinstance.py:3900} INFO - 1 downstream tasks scheduled from follow-on schedule check
[2024-11-26T08:04:02.485+0000] {local_task_job_runner.py:245} INFO - ::endgroup::
