[2025-01-06T08:22:02.143+0000] {local_task_job_runner.py:123} INFO - ::group::Pre task execution logs
[2025-01-06T08:22:02.177+0000] {taskinstance.py:2612} INFO - Dependencies all met for dep_context=non-requeueable deps ti=<TaskInstance: Projet_poubelle.get_datetime scheduled__2025-01-06T08:21:00+00:00 [queued]>
[2025-01-06T08:22:02.186+0000] {taskinstance.py:2612} INFO - Dependencies all met for dep_context=requeueable deps ti=<TaskInstance: Projet_poubelle.get_datetime scheduled__2025-01-06T08:21:00+00:00 [queued]>
[2025-01-06T08:22:02.186+0000] {taskinstance.py:2865} INFO - Starting attempt 1 of 1
[2025-01-06T08:22:02.197+0000] {taskinstance.py:2888} INFO - Executing <Task(BashOperator): get_datetime> on 2025-01-06 08:21:00+00:00
[2025-01-06T08:22:02.206+0000] {warnings.py:112} WARNING - /home/***/.local/lib/python3.12/site-packages/***/task/task_runner/standard_task_runner.py:70: DeprecationWarning: This process (pid=193) is multi-threaded, use of fork() may lead to deadlocks in the child.
  pid = os.fork()

[2025-01-06T08:22:02.207+0000] {standard_task_runner.py:72} INFO - Started process 195 to run task
[2025-01-06T08:22:02.209+0000] {standard_task_runner.py:104} INFO - Running: ['***', 'tasks', 'run', 'Projet_poubelle', 'get_datetime', 'scheduled__2025-01-06T08:21:00+00:00', '--job-id', '61029', '--raw', '--subdir', 'DAGS_FOLDER/Projet_poubelle.py', '--cfg-path', '/tmp/tmpu5fs6fpt']
[2025-01-06T08:22:02.210+0000] {standard_task_runner.py:105} INFO - Job 61029: Subtask get_datetime
[2025-01-06T08:22:02.243+0000] {task_command.py:467} INFO - Running <TaskInstance: Projet_poubelle.get_datetime scheduled__2025-01-06T08:21:00+00:00 [running]> on host 5365fe4338c6
[2025-01-06T08:22:02.299+0000] {taskinstance.py:3131} INFO - Exporting env vars: AIRFLOW_CTX_DAG_OWNER='***' AIRFLOW_CTX_DAG_ID='Projet_poubelle' AIRFLOW_CTX_TASK_ID='get_datetime' AIRFLOW_CTX_EXECUTION_DATE='2025-01-06T08:21:00+00:00' AIRFLOW_CTX_TRY_NUMBER='1' AIRFLOW_CTX_DAG_RUN_ID='scheduled__2025-01-06T08:21:00+00:00'
[2025-01-06T08:22:02.300+0000] {logging_mixin.py:190} INFO - Task instance is in running state
[2025-01-06T08:22:02.300+0000] {logging_mixin.py:190} INFO -  Previous state of the Task instance: queued
[2025-01-06T08:22:02.300+0000] {logging_mixin.py:190} INFO - Current task name:get_datetime state:running start_date:2025-01-06 08:22:02.177938+00:00
[2025-01-06T08:22:02.300+0000] {logging_mixin.py:190} INFO - Dag name:Projet_poubelle and current dag run status:running
[2025-01-06T08:22:02.300+0000] {taskinstance.py:731} INFO - ::endgroup::
[2025-01-06T08:22:02.301+0000] {subprocess.py:63} INFO - Tmp dir root location: /tmp
[2025-01-06T08:22:02.301+0000] {subprocess.py:75} INFO - Running command: ['/usr/bin/bash', '-c', 'date']
[2025-01-06T08:22:02.309+0000] {subprocess.py:86} INFO - Output:
[2025-01-06T08:22:02.312+0000] {subprocess.py:93} INFO - Mon Jan  6 08:22:02 UTC 2025
[2025-01-06T08:22:02.313+0000] {subprocess.py:97} INFO - Command exited with return code 0
[2025-01-06T08:22:02.357+0000] {taskinstance.py:340} INFO - ::group::Post task execution logs
[2025-01-06T08:22:02.358+0000] {taskinstance.py:352} INFO - Marking task as SUCCESS. dag_id=Projet_poubelle, task_id=get_datetime, run_id=scheduled__2025-01-06T08:21:00+00:00, execution_date=20250106T082100, start_date=20250106T082202, end_date=20250106T082202
[2025-01-06T08:22:02.376+0000] {logging_mixin.py:190} INFO - Task instance in success state
[2025-01-06T08:22:02.376+0000] {logging_mixin.py:190} INFO -  Previous state of the Task instance: running
[2025-01-06T08:22:02.377+0000] {logging_mixin.py:190} INFO - Dag name:Projet_poubelle queued_at:2025-01-06 08:22:00.181957+00:00
[2025-01-06T08:22:02.377+0000] {logging_mixin.py:190} INFO - Task hostname:5365fe4338c6 operator:BashOperator
[2025-01-06T08:22:02.421+0000] {local_task_job_runner.py:266} INFO - Task exited with return code 0
[2025-01-06T08:22:02.458+0000] {taskinstance.py:3900} INFO - 1 downstream tasks scheduled from follow-on schedule check
[2025-01-06T08:22:02.460+0000] {local_task_job_runner.py:245} INFO - ::endgroup::
