[2024-11-27T14:24:01.758+0000] {local_task_job_runner.py:123} INFO - ::group::Pre task execution logs
[2024-11-27T14:24:01.768+0000] {taskinstance.py:2612} INFO - Dependencies all met for dep_context=non-requeueable deps ti=<TaskInstance: projet_groupe.push scheduled__2024-11-27T14:23:00+00:00 [queued]>
[2024-11-27T14:24:01.773+0000] {taskinstance.py:2612} INFO - Dependencies all met for dep_context=requeueable deps ti=<TaskInstance: projet_groupe.push scheduled__2024-11-27T14:23:00+00:00 [queued]>
[2024-11-27T14:24:01.774+0000] {taskinstance.py:2865} INFO - Starting attempt 1 of 1
[2024-11-27T14:24:01.784+0000] {taskinstance.py:2888} INFO - Executing <Task(PythonOperator): push> on 2024-11-27 14:23:00+00:00
[2024-11-27T14:24:01.789+0000] {warnings.py:112} WARNING - /home/***/.local/lib/python3.12/site-packages/***/task/task_runner/standard_task_runner.py:70: DeprecationWarning: This process (pid=13896) is multi-threaded, use of fork() may lead to deadlocks in the child.
  pid = os.fork()

[2024-11-27T14:24:01.790+0000] {standard_task_runner.py:72} INFO - Started process 13904 to run task
[2024-11-27T14:24:01.791+0000] {standard_task_runner.py:104} INFO - Running: ['***', 'tasks', 'run', 'projet_groupe', 'push', 'scheduled__2024-11-27T14:23:00+00:00', '--job-id', '30854', '--raw', '--subdir', 'DAGS_FOLDER/projet.py', '--cfg-path', '/tmp/tmpyu5558w7']
[2024-11-27T14:24:01.792+0000] {standard_task_runner.py:105} INFO - Job 30854: Subtask push
[2024-11-27T14:24:01.820+0000] {task_command.py:467} INFO - Running <TaskInstance: projet_groupe.push scheduled__2024-11-27T14:23:00+00:00 [running]> on host 5365fe4338c6
[2024-11-27T14:24:01.877+0000] {taskinstance.py:3131} INFO - Exporting env vars: AIRFLOW_CTX_DAG_OWNER='***' AIRFLOW_CTX_DAG_ID='projet_groupe' AIRFLOW_CTX_TASK_ID='push' AIRFLOW_CTX_EXECUTION_DATE='2024-11-27T14:23:00+00:00' AIRFLOW_CTX_TRY_NUMBER='1' AIRFLOW_CTX_DAG_RUN_ID='scheduled__2024-11-27T14:23:00+00:00'
[2024-11-27T14:24:01.878+0000] {logging_mixin.py:190} INFO - Task instance is in running state
[2024-11-27T14:24:01.878+0000] {logging_mixin.py:190} INFO -  Previous state of the Task instance: queued
[2024-11-27T14:24:01.878+0000] {logging_mixin.py:190} INFO - Current task name:push state:running start_date:2024-11-27 14:24:01.768949+00:00
[2024-11-27T14:24:01.879+0000] {logging_mixin.py:190} INFO - Dag name:projet_groupe and current dag run status:running
[2024-11-27T14:24:01.879+0000] {taskinstance.py:731} INFO - ::endgroup::
[2024-11-27T14:24:02.101+0000] {logging_mixin.py:190} INFO - 200
[2024-11-27T14:24:02.102+0000] {python.py:240} INFO - Done. Returned value was: ['aed', 'ars', 'aud', 'bch', 'bdt', 'bhd', 'bmd', 'bnb', 'brl', 'btc', 'cad', 'chf', 'clp', 'cny', 'czk', 'dkk', 'dot', 'eos', 'eth', 'eur', 'gbp', 'gel', 'hkd', 'huf', 'idr', 'ils', 'inr', 'jpy', 'krw', 'kwd', 'lkr', 'ltc', 'mmk', 'mxn', 'myr', 'ngn', 'nok', 'nzd', 'php', 'pkr', 'pln', 'rub', 'sar', 'sek', 'sgd', 'thb', 'try', 'twd', 'uah', 'usd', 'vef', 'vnd', 'xag', 'xau', 'xdr', 'xlm', 'xrp', 'yfi', 'zar', 'bits', 'link', 'sats']
[2024-11-27T14:24:02.117+0000] {taskinstance.py:340} INFO - ::group::Post task execution logs
[2024-11-27T14:24:02.117+0000] {taskinstance.py:352} INFO - Marking task as SUCCESS. dag_id=projet_groupe, task_id=push, run_id=scheduled__2024-11-27T14:23:00+00:00, execution_date=20241127T142300, start_date=20241127T142401, end_date=20241127T142402
[2024-11-27T14:24:02.123+0000] {logging_mixin.py:190} INFO - Task instance in success state
[2024-11-27T14:24:02.123+0000] {logging_mixin.py:190} INFO -  Previous state of the Task instance: running
[2024-11-27T14:24:02.123+0000] {logging_mixin.py:190} INFO - Dag name:projet_groupe queued_at:2024-11-27 14:24:00.870769+00:00
[2024-11-27T14:24:02.123+0000] {logging_mixin.py:190} INFO - Task hostname:5365fe4338c6 operator:PythonOperator
[2024-11-27T14:24:02.163+0000] {local_task_job_runner.py:266} INFO - Task exited with return code 0
[2024-11-27T14:24:02.173+0000] {taskinstance.py:3900} INFO - 0 downstream tasks scheduled from follow-on schedule check
[2024-11-27T14:24:02.174+0000] {local_task_job_runner.py:245} INFO - ::endgroup::
