[2024-12-16T08:20:02.460+0000] {local_task_job_runner.py:123} INFO - ::group::Pre task execution logs
[2024-12-16T08:20:02.478+0000] {taskinstance.py:2612} INFO - Dependencies all met for dep_context=non-requeueable deps ti=<TaskInstance: projet_group.push scheduled__2024-12-16T08:10:00+00:00 [queued]>
[2024-12-16T08:20:02.489+0000] {taskinstance.py:2612} INFO - Dependencies all met for dep_context=requeueable deps ti=<TaskInstance: projet_group.push scheduled__2024-12-16T08:10:00+00:00 [queued]>
[2024-12-16T08:20:02.490+0000] {taskinstance.py:2865} INFO - Starting attempt 1 of 1
[2024-12-16T08:20:02.503+0000] {taskinstance.py:2888} INFO - Executing <Task(PythonOperator): push> on 2024-12-16 08:10:00+00:00
[2024-12-16T08:20:02.511+0000] {warnings.py:112} WARNING - /home/***/.local/lib/python3.12/site-packages/***/task/task_runner/standard_task_runner.py:70: DeprecationWarning: This process (pid=761) is multi-threaded, use of fork() may lead to deadlocks in the child.
  pid = os.fork()

[2024-12-16T08:20:02.512+0000] {standard_task_runner.py:72} INFO - Started process 766 to run task
[2024-12-16T08:20:02.513+0000] {standard_task_runner.py:104} INFO - Running: ['***', 'tasks', 'run', 'projet_group', 'push', 'scheduled__2024-12-16T08:10:00+00:00', '--job-id', '52229', '--raw', '--subdir', 'DAGS_FOLDER/projet_group.py', '--cfg-path', '/tmp/tmpxlomadfl']
[2024-12-16T08:20:02.513+0000] {standard_task_runner.py:105} INFO - Job 52229: Subtask push
[2024-12-16T08:20:02.578+0000] {task_command.py:467} INFO - Running <TaskInstance: projet_group.push scheduled__2024-12-16T08:10:00+00:00 [running]> on host 5365fe4338c6
[2024-12-16T08:20:02.639+0000] {taskinstance.py:3131} INFO - Exporting env vars: AIRFLOW_CTX_DAG_OWNER='***' AIRFLOW_CTX_DAG_ID='projet_group' AIRFLOW_CTX_TASK_ID='push' AIRFLOW_CTX_EXECUTION_DATE='2024-12-16T08:10:00+00:00' AIRFLOW_CTX_TRY_NUMBER='1' AIRFLOW_CTX_DAG_RUN_ID='scheduled__2024-12-16T08:10:00+00:00'
[2024-12-16T08:20:02.640+0000] {logging_mixin.py:190} INFO - Task instance is in running state
[2024-12-16T08:20:02.640+0000] {logging_mixin.py:190} INFO -  Previous state of the Task instance: queued
[2024-12-16T08:20:02.640+0000] {logging_mixin.py:190} INFO - Current task name:push state:running start_date:2024-12-16 08:20:02.478954+00:00
[2024-12-16T08:20:02.640+0000] {logging_mixin.py:190} INFO - Dag name:projet_group and current dag run status:running
[2024-12-16T08:20:02.641+0000] {taskinstance.py:731} INFO - ::endgroup::
[2024-12-16T08:20:58.767+0000] {python.py:240} INFO - Done. Returned value was: None
[2024-12-16T08:20:58.773+0000] {taskinstance.py:340} INFO - ::group::Post task execution logs
[2024-12-16T08:20:58.773+0000] {taskinstance.py:352} INFO - Marking task as SUCCESS. dag_id=projet_group, task_id=push, run_id=scheduled__2024-12-16T08:10:00+00:00, execution_date=20241216T081000, start_date=20241216T082002, end_date=20241216T082058
[2024-12-16T08:20:58.781+0000] {logging_mixin.py:190} INFO - Task instance in success state
[2024-12-16T08:20:58.781+0000] {logging_mixin.py:190} INFO -  Previous state of the Task instance: running
[2024-12-16T08:20:58.781+0000] {logging_mixin.py:190} INFO - Dag name:projet_group queued_at:2024-12-16 08:20:00.154689+00:00
[2024-12-16T08:20:58.781+0000] {logging_mixin.py:190} INFO - Task hostname:5365fe4338c6 operator:PythonOperator
[2024-12-16T08:20:58.805+0000] {local_task_job_runner.py:266} INFO - Task exited with return code 0
[2024-12-16T08:20:58.815+0000] {taskinstance.py:3900} INFO - 0 downstream tasks scheduled from follow-on schedule check
[2024-12-16T08:20:58.816+0000] {local_task_job_runner.py:245} INFO - ::endgroup::
