[2025-01-08T09:36:03.929+0000] {local_task_job_runner.py:123} INFO - ::group::Pre task execution logs
[2025-01-08T09:36:03.939+0000] {taskinstance.py:2612} INFO - Dependencies all met for dep_context=non-requeueable deps ti=<TaskInstance: Projet_poubelle.read_csv scheduled__2025-01-08T09:35:00+00:00 [queued]>
[2025-01-08T09:36:03.943+0000] {taskinstance.py:2612} INFO - Dependencies all met for dep_context=requeueable deps ti=<TaskInstance: Projet_poubelle.read_csv scheduled__2025-01-08T09:35:00+00:00 [queued]>
[2025-01-08T09:36:03.943+0000] {taskinstance.py:2865} INFO - Starting attempt 1 of 1
[2025-01-08T09:36:03.951+0000] {taskinstance.py:2888} INFO - Executing <Task(PythonOperator): read_csv> on 2025-01-08 09:35:00+00:00
[2025-01-08T09:36:03.957+0000] {warnings.py:112} WARNING - /home/***/.local/lib/python3.12/site-packages/***/task/task_runner/standard_task_runner.py:70: DeprecationWarning: This process (pid=3631) is multi-threaded, use of fork() may lead to deadlocks in the child.
  pid = os.fork()

[2025-01-08T09:36:03.958+0000] {standard_task_runner.py:72} INFO - Started process 3633 to run task
[2025-01-08T09:36:03.958+0000] {standard_task_runner.py:104} INFO - Running: ['***', 'tasks', 'run', 'Projet_poubelle', 'read_csv', 'scheduled__2025-01-08T09:35:00+00:00', '--job-id', '62503', '--raw', '--subdir', 'DAGS_FOLDER/Projet_poubelle.py', '--cfg-path', '/tmp/tmp7op6q5rf']
[2025-01-08T09:36:03.959+0000] {standard_task_runner.py:105} INFO - Job 62503: Subtask read_csv
[2025-01-08T09:36:03.988+0000] {task_command.py:467} INFO - Running <TaskInstance: Projet_poubelle.read_csv scheduled__2025-01-08T09:35:00+00:00 [running]> on host 5365fe4338c6
[2025-01-08T09:36:04.041+0000] {taskinstance.py:3131} INFO - Exporting env vars: AIRFLOW_CTX_DAG_OWNER='***' AIRFLOW_CTX_DAG_ID='Projet_poubelle' AIRFLOW_CTX_TASK_ID='read_csv' AIRFLOW_CTX_EXECUTION_DATE='2025-01-08T09:35:00+00:00' AIRFLOW_CTX_TRY_NUMBER='1' AIRFLOW_CTX_DAG_RUN_ID='scheduled__2025-01-08T09:35:00+00:00'
[2025-01-08T09:36:04.042+0000] {logging_mixin.py:190} INFO - Task instance is in running state
[2025-01-08T09:36:04.042+0000] {logging_mixin.py:190} INFO -  Previous state of the Task instance: queued
[2025-01-08T09:36:04.042+0000] {logging_mixin.py:190} INFO - Current task name:read_csv state:running start_date:2025-01-08 09:36:03.939461+00:00
[2025-01-08T09:36:04.042+0000] {logging_mixin.py:190} INFO - Dag name:Projet_poubelle and current dag run status:running
[2025-01-08T09:36:04.042+0000] {taskinstance.py:731} INFO - ::endgroup::
[2025-01-08T09:36:04.062+0000] {python.py:240} INFO - Done. Returned value was: None
[2025-01-08T09:36:04.069+0000] {taskinstance.py:340} INFO - ::group::Post task execution logs
[2025-01-08T09:36:04.070+0000] {taskinstance.py:352} INFO - Marking task as SUCCESS. dag_id=Projet_poubelle, task_id=read_csv, run_id=scheduled__2025-01-08T09:35:00+00:00, execution_date=20250108T093500, start_date=20250108T093603, end_date=20250108T093604
[2025-01-08T09:36:04.076+0000] {logging_mixin.py:190} INFO - Task instance in success state
[2025-01-08T09:36:04.077+0000] {logging_mixin.py:190} INFO -  Previous state of the Task instance: running
[2025-01-08T09:36:04.077+0000] {logging_mixin.py:190} INFO - Dag name:Projet_poubelle queued_at:2025-01-08 09:36:00.287675+00:00
[2025-01-08T09:36:04.077+0000] {logging_mixin.py:190} INFO - Task hostname:5365fe4338c6 operator:PythonOperator
[2025-01-08T09:36:04.091+0000] {local_task_job_runner.py:266} INFO - Task exited with return code 0
[2025-01-08T09:36:04.102+0000] {taskinstance.py:3900} INFO - 0 downstream tasks scheduled from follow-on schedule check
[2025-01-08T09:36:04.103+0000] {local_task_job_runner.py:245} INFO - ::endgroup::
