[2024-11-25T15:40:01.504+0000] {local_task_job_runner.py:123} INFO - ::group::Pre task execution logs
[2024-11-25T15:40:01.513+0000] {taskinstance.py:2612} INFO - Dependencies all met for dep_context=non-requeueable deps ti=<TaskInstance: projet_group.get_datetime scheduled__2024-11-25T15:30:00+00:00 [queued]>
[2024-11-25T15:40:01.518+0000] {taskinstance.py:2612} INFO - Dependencies all met for dep_context=requeueable deps ti=<TaskInstance: projet_group.get_datetime scheduled__2024-11-25T15:30:00+00:00 [queued]>
[2024-11-25T15:40:01.518+0000] {taskinstance.py:2865} INFO - Starting attempt 1 of 1
[2024-11-25T15:40:01.528+0000] {taskinstance.py:2888} INFO - Executing <Task(BashOperator): get_datetime> on 2024-11-25 15:30:00+00:00
[2024-11-25T15:40:01.534+0000] {warnings.py:112} WARNING - /home/***/.local/lib/python3.12/site-packages/***/task/task_runner/standard_task_runner.py:70: DeprecationWarning: This process (pid=16617) is multi-threaded, use of fork() may lead to deadlocks in the child.
  pid = os.fork()

[2024-11-25T15:40:01.535+0000] {standard_task_runner.py:72} INFO - Started process 16624 to run task
[2024-11-25T15:40:01.536+0000] {standard_task_runner.py:104} INFO - Running: ['***', 'tasks', 'run', 'projet_group', 'get_datetime', 'scheduled__2024-11-25T15:30:00+00:00', '--job-id', '27536', '--raw', '--subdir', 'DAGS_FOLDER/projet_group.py', '--cfg-path', '/tmp/tmp67wtkfpv']
[2024-11-25T15:40:01.537+0000] {standard_task_runner.py:105} INFO - Job 27536: Subtask get_datetime
[2024-11-25T15:40:01.564+0000] {task_command.py:467} INFO - Running <TaskInstance: projet_group.get_datetime scheduled__2024-11-25T15:30:00+00:00 [running]> on host 5365fe4338c6
[2024-11-25T15:40:01.613+0000] {taskinstance.py:3131} INFO - Exporting env vars: AIRFLOW_CTX_DAG_OWNER='***' AIRFLOW_CTX_DAG_ID='projet_group' AIRFLOW_CTX_TASK_ID='get_datetime' AIRFLOW_CTX_EXECUTION_DATE='2024-11-25T15:30:00+00:00' AIRFLOW_CTX_TRY_NUMBER='1' AIRFLOW_CTX_DAG_RUN_ID='scheduled__2024-11-25T15:30:00+00:00'
[2024-11-25T15:40:01.614+0000] {logging_mixin.py:190} INFO - Task instance is in running state
[2024-11-25T15:40:01.614+0000] {logging_mixin.py:190} INFO -  Previous state of the Task instance: queued
[2024-11-25T15:40:01.614+0000] {logging_mixin.py:190} INFO - Current task name:get_datetime state:running start_date:2024-11-25 15:40:01.514078+00:00
[2024-11-25T15:40:01.614+0000] {logging_mixin.py:190} INFO - Dag name:projet_group and current dag run status:running
[2024-11-25T15:40:01.614+0000] {taskinstance.py:731} INFO - ::endgroup::
[2024-11-25T15:40:01.615+0000] {subprocess.py:63} INFO - Tmp dir root location: /tmp
[2024-11-25T15:40:01.615+0000] {subprocess.py:75} INFO - Running command: ['/usr/bin/bash', '-c', 'date']
[2024-11-25T15:40:01.625+0000] {subprocess.py:86} INFO - Output:
[2024-11-25T15:40:01.627+0000] {subprocess.py:93} INFO - Mon Nov 25 15:40:01 UTC 2024
[2024-11-25T15:40:01.627+0000] {subprocess.py:97} INFO - Command exited with return code 0
[2024-11-25T15:40:01.644+0000] {taskinstance.py:340} INFO - ::group::Post task execution logs
[2024-11-25T15:40:01.644+0000] {taskinstance.py:352} INFO - Marking task as SUCCESS. dag_id=projet_group, task_id=get_datetime, run_id=scheduled__2024-11-25T15:30:00+00:00, execution_date=20241125T153000, start_date=20241125T154001, end_date=20241125T154001
[2024-11-25T15:40:01.650+0000] {logging_mixin.py:190} INFO - Task instance in success state
[2024-11-25T15:40:01.650+0000] {logging_mixin.py:190} INFO -  Previous state of the Task instance: running
[2024-11-25T15:40:01.650+0000] {logging_mixin.py:190} INFO - Dag name:projet_group queued_at:2024-11-25 15:40:00.655985+00:00
[2024-11-25T15:40:01.650+0000] {logging_mixin.py:190} INFO - Task hostname:5365fe4338c6 operator:BashOperator
[2024-11-25T15:40:01.669+0000] {local_task_job_runner.py:266} INFO - Task exited with return code 0
[2024-11-25T15:40:01.701+0000] {taskinstance.py:3900} INFO - 1 downstream tasks scheduled from follow-on schedule check
[2024-11-25T15:40:01.702+0000] {local_task_job_runner.py:245} INFO - ::endgroup::
