[2024-11-25T15:50:02.909+0000] {local_task_job_runner.py:123} INFO - ::group::Pre task execution logs
[2024-11-25T15:50:02.918+0000] {taskinstance.py:2612} INFO - Dependencies all met for dep_context=non-requeueable deps ti=<TaskInstance: projet_group.push scheduled__2024-11-25T15:40:00+00:00 [queued]>
[2024-11-25T15:50:02.922+0000] {taskinstance.py:2612} INFO - Dependencies all met for dep_context=requeueable deps ti=<TaskInstance: projet_group.push scheduled__2024-11-25T15:40:00+00:00 [queued]>
[2024-11-25T15:50:02.922+0000] {taskinstance.py:2865} INFO - Starting attempt 1 of 1
[2024-11-25T15:50:02.930+0000] {taskinstance.py:2888} INFO - Executing <Task(PythonOperator): push> on 2024-11-25 15:40:00+00:00
[2024-11-25T15:50:02.935+0000] {warnings.py:112} WARNING - /home/***/.local/lib/python3.12/site-packages/***/task/task_runner/standard_task_runner.py:70: DeprecationWarning: This process (pid=16996) is multi-threaded, use of fork() may lead to deadlocks in the child.
  pid = os.fork()

[2024-11-25T15:50:02.936+0000] {standard_task_runner.py:72} INFO - Started process 17001 to run task
[2024-11-25T15:50:02.937+0000] {standard_task_runner.py:104} INFO - Running: ['***', 'tasks', 'run', 'projet_group', 'push', 'scheduled__2024-11-25T15:40:00+00:00', '--job-id', '27591', '--raw', '--subdir', 'DAGS_FOLDER/projet_group.py', '--cfg-path', '/tmp/tmphl6h4bof']
[2024-11-25T15:50:02.938+0000] {standard_task_runner.py:105} INFO - Job 27591: Subtask push
[2024-11-25T15:50:02.973+0000] {task_command.py:467} INFO - Running <TaskInstance: projet_group.push scheduled__2024-11-25T15:40:00+00:00 [running]> on host 5365fe4338c6
[2024-11-25T15:50:03.031+0000] {taskinstance.py:3131} INFO - Exporting env vars: AIRFLOW_CTX_DAG_OWNER='***' AIRFLOW_CTX_DAG_ID='projet_group' AIRFLOW_CTX_TASK_ID='push' AIRFLOW_CTX_EXECUTION_DATE='2024-11-25T15:40:00+00:00' AIRFLOW_CTX_TRY_NUMBER='1' AIRFLOW_CTX_DAG_RUN_ID='scheduled__2024-11-25T15:40:00+00:00'
[2024-11-25T15:50:03.033+0000] {logging_mixin.py:190} INFO - Task instance is in running state
[2024-11-25T15:50:03.033+0000] {logging_mixin.py:190} INFO -  Previous state of the Task instance: queued
[2024-11-25T15:50:03.034+0000] {logging_mixin.py:190} INFO - Current task name:push state:running start_date:2024-11-25 15:50:02.918333+00:00
[2024-11-25T15:50:03.034+0000] {logging_mixin.py:190} INFO - Dag name:projet_group and current dag run status:running
[2024-11-25T15:50:03.034+0000] {taskinstance.py:731} INFO - ::endgroup::
[2024-11-25T15:50:59.791+0000] {python.py:240} INFO - Done. Returned value was: None
[2024-11-25T15:50:59.812+0000] {taskinstance.py:340} INFO - ::group::Post task execution logs
[2024-11-25T15:50:59.813+0000] {taskinstance.py:352} INFO - Marking task as SUCCESS. dag_id=projet_group, task_id=push, run_id=scheduled__2024-11-25T15:40:00+00:00, execution_date=20241125T154000, start_date=20241125T155002, end_date=20241125T155059
[2024-11-25T15:50:59.832+0000] {logging_mixin.py:190} INFO - Task instance in success state
[2024-11-25T15:50:59.833+0000] {logging_mixin.py:190} INFO -  Previous state of the Task instance: running
[2024-11-25T15:50:59.833+0000] {logging_mixin.py:190} INFO - Dag name:projet_group queued_at:2024-11-25 15:50:00.693950+00:00
[2024-11-25T15:50:59.834+0000] {logging_mixin.py:190} INFO - Task hostname:5365fe4338c6 operator:PythonOperator
[2024-11-25T15:50:59.865+0000] {local_task_job_runner.py:266} INFO - Task exited with return code 0
[2024-11-25T15:50:59.895+0000] {taskinstance.py:3900} INFO - 0 downstream tasks scheduled from follow-on schedule check
[2024-11-25T15:50:59.898+0000] {local_task_job_runner.py:245} INFO - ::endgroup::
