[2024-11-15T15:43:02.555+0000] {local_task_job_runner.py:123} INFO - ::group::Pre task execution logs
[2024-11-15T15:43:02.567+0000] {taskinstance.py:2612} INFO - Dependencies all met for dep_context=non-requeueable deps ti=<TaskInstance: Projet_poubelle.get_datetime scheduled__2024-11-15T15:42:00+00:00 [queued]>
[2024-11-15T15:43:02.572+0000] {taskinstance.py:2612} INFO - Dependencies all met for dep_context=requeueable deps ti=<TaskInstance: Projet_poubelle.get_datetime scheduled__2024-11-15T15:42:00+00:00 [queued]>
[2024-11-15T15:43:02.573+0000] {taskinstance.py:2865} INFO - Starting attempt 1 of 1
[2024-11-15T15:43:02.580+0000] {taskinstance.py:2888} INFO - Executing <Task(BashOperator): get_datetime> on 2024-11-15 15:42:00+00:00
[2024-11-15T15:43:02.585+0000] {warnings.py:112} WARNING - /home/***/.local/lib/python3.12/site-packages/***/task/task_runner/standard_task_runner.py:70: DeprecationWarning: This process (pid=16695) is multi-threaded, use of fork() may lead to deadlocks in the child.
  pid = os.fork()

[2024-11-15T15:43:02.585+0000] {standard_task_runner.py:72} INFO - Started process 16697 to run task
[2024-11-15T15:43:02.586+0000] {standard_task_runner.py:104} INFO - Running: ['***', 'tasks', 'run', 'Projet_poubelle', 'get_datetime', 'scheduled__2024-11-15T15:42:00+00:00', '--job-id', '14453', '--raw', '--subdir', 'DAGS_FOLDER/Projet_poubelle.py', '--cfg-path', '/tmp/tmpcy_mxlrk']
[2024-11-15T15:43:02.587+0000] {standard_task_runner.py:105} INFO - Job 14453: Subtask get_datetime
[2024-11-15T15:43:02.620+0000] {task_command.py:467} INFO - Running <TaskInstance: Projet_poubelle.get_datetime scheduled__2024-11-15T15:42:00+00:00 [running]> on host 5365fe4338c6
[2024-11-15T15:43:02.673+0000] {taskinstance.py:3131} INFO - Exporting env vars: AIRFLOW_CTX_DAG_OWNER='***' AIRFLOW_CTX_DAG_ID='Projet_poubelle' AIRFLOW_CTX_TASK_ID='get_datetime' AIRFLOW_CTX_EXECUTION_DATE='2024-11-15T15:42:00+00:00' AIRFLOW_CTX_TRY_NUMBER='1' AIRFLOW_CTX_DAG_RUN_ID='scheduled__2024-11-15T15:42:00+00:00'
[2024-11-15T15:43:02.673+0000] {logging_mixin.py:190} INFO - Task instance is in running state
[2024-11-15T15:43:02.673+0000] {logging_mixin.py:190} INFO -  Previous state of the Task instance: queued
[2024-11-15T15:43:02.674+0000] {logging_mixin.py:190} INFO - Current task name:get_datetime state:running start_date:2024-11-15 15:43:02.568175+00:00
[2024-11-15T15:43:02.674+0000] {logging_mixin.py:190} INFO - Dag name:Projet_poubelle and current dag run status:running
[2024-11-15T15:43:02.674+0000] {taskinstance.py:731} INFO - ::endgroup::
[2024-11-15T15:43:02.674+0000] {subprocess.py:63} INFO - Tmp dir root location: /tmp
[2024-11-15T15:43:02.674+0000] {subprocess.py:75} INFO - Running command: ['/usr/bin/bash', '-c', 'date']
[2024-11-15T15:43:02.684+0000] {subprocess.py:86} INFO - Output:
[2024-11-15T15:43:02.686+0000] {subprocess.py:93} INFO - Fri Nov 15 15:43:02 UTC 2024
[2024-11-15T15:43:02.686+0000] {subprocess.py:97} INFO - Command exited with return code 0
[2024-11-15T15:43:02.703+0000] {taskinstance.py:340} INFO - ::group::Post task execution logs
[2024-11-15T15:43:02.704+0000] {taskinstance.py:352} INFO - Marking task as SUCCESS. dag_id=Projet_poubelle, task_id=get_datetime, run_id=scheduled__2024-11-15T15:42:00+00:00, execution_date=20241115T154200, start_date=20241115T154302, end_date=20241115T154302
[2024-11-15T15:43:02.713+0000] {logging_mixin.py:190} INFO - Task instance in success state
[2024-11-15T15:43:02.713+0000] {logging_mixin.py:190} INFO -  Previous state of the Task instance: running
[2024-11-15T15:43:02.713+0000] {logging_mixin.py:190} INFO - Dag name:Projet_poubelle queued_at:2024-11-15 15:43:00.613744+00:00
[2024-11-15T15:43:02.713+0000] {logging_mixin.py:190} INFO - Task hostname:5365fe4338c6 operator:BashOperator
[2024-11-15T15:43:02.759+0000] {local_task_job_runner.py:266} INFO - Task exited with return code 0
[2024-11-15T15:43:02.772+0000] {taskinstance.py:3900} INFO - 0 downstream tasks scheduled from follow-on schedule check
[2024-11-15T15:43:02.773+0000] {local_task_job_runner.py:245} INFO - ::endgroup::
