[2024-11-28T10:18:01.986+0000] {local_task_job_runner.py:123} INFO - ::group::Pre task execution logs
[2024-11-28T10:18:01.998+0000] {taskinstance.py:2612} INFO - Dependencies all met for dep_context=non-requeueable deps ti=<TaskInstance: Projet_poubelle.get_datetime scheduled__2024-11-28T10:17:00+00:00 [queued]>
[2024-11-28T10:18:02.002+0000] {taskinstance.py:2612} INFO - Dependencies all met for dep_context=requeueable deps ti=<TaskInstance: Projet_poubelle.get_datetime scheduled__2024-11-28T10:17:00+00:00 [queued]>
[2024-11-28T10:18:02.003+0000] {taskinstance.py:2865} INFO - Starting attempt 1 of 1
[2024-11-28T10:18:02.010+0000] {taskinstance.py:2888} INFO - Executing <Task(BashOperator): get_datetime> on 2024-11-28 10:17:00+00:00
[2024-11-28T10:18:02.015+0000] {warnings.py:112} WARNING - /home/***/.local/lib/python3.12/site-packages/***/task/task_runner/standard_task_runner.py:70: DeprecationWarning: This process (pid=5027) is multi-threaded, use of fork() may lead to deadlocks in the child.
  pid = os.fork()

[2024-11-28T10:18:02.016+0000] {standard_task_runner.py:72} INFO - Started process 5029 to run task
[2024-11-28T10:18:02.017+0000] {standard_task_runner.py:104} INFO - Running: ['***', 'tasks', 'run', 'Projet_poubelle', 'get_datetime', 'scheduled__2024-11-28T10:17:00+00:00', '--job-id', '32050', '--raw', '--subdir', 'DAGS_FOLDER/Projet_poubelle.py', '--cfg-path', '/tmp/tmplu58r83_']
[2024-11-28T10:18:02.018+0000] {standard_task_runner.py:105} INFO - Job 32050: Subtask get_datetime
[2024-11-28T10:18:02.047+0000] {task_command.py:467} INFO - Running <TaskInstance: Projet_poubelle.get_datetime scheduled__2024-11-28T10:17:00+00:00 [running]> on host 5365fe4338c6
[2024-11-28T10:18:02.098+0000] {taskinstance.py:3131} INFO - Exporting env vars: AIRFLOW_CTX_DAG_OWNER='***' AIRFLOW_CTX_DAG_ID='Projet_poubelle' AIRFLOW_CTX_TASK_ID='get_datetime' AIRFLOW_CTX_EXECUTION_DATE='2024-11-28T10:17:00+00:00' AIRFLOW_CTX_TRY_NUMBER='1' AIRFLOW_CTX_DAG_RUN_ID='scheduled__2024-11-28T10:17:00+00:00'
[2024-11-28T10:18:02.099+0000] {logging_mixin.py:190} INFO - Task instance is in running state
[2024-11-28T10:18:02.099+0000] {logging_mixin.py:190} INFO -  Previous state of the Task instance: queued
[2024-11-28T10:18:02.099+0000] {logging_mixin.py:190} INFO - Current task name:get_datetime state:running start_date:2024-11-28 10:18:01.998221+00:00
[2024-11-28T10:18:02.099+0000] {logging_mixin.py:190} INFO - Dag name:Projet_poubelle and current dag run status:running
[2024-11-28T10:18:02.099+0000] {taskinstance.py:731} INFO - ::endgroup::
[2024-11-28T10:18:02.100+0000] {subprocess.py:63} INFO - Tmp dir root location: /tmp
[2024-11-28T10:18:02.100+0000] {subprocess.py:75} INFO - Running command: ['/usr/bin/bash', '-c', 'date']
[2024-11-28T10:18:02.111+0000] {subprocess.py:86} INFO - Output:
[2024-11-28T10:18:02.113+0000] {subprocess.py:93} INFO - Thu Nov 28 10:18:02 UTC 2024
[2024-11-28T10:18:02.113+0000] {subprocess.py:97} INFO - Command exited with return code 0
[2024-11-28T10:18:02.131+0000] {taskinstance.py:340} INFO - ::group::Post task execution logs
[2024-11-28T10:18:02.132+0000] {taskinstance.py:352} INFO - Marking task as SUCCESS. dag_id=Projet_poubelle, task_id=get_datetime, run_id=scheduled__2024-11-28T10:17:00+00:00, execution_date=20241128T101700, start_date=20241128T101801, end_date=20241128T101802
[2024-11-28T10:18:02.137+0000] {logging_mixin.py:190} INFO - Task instance in success state
[2024-11-28T10:18:02.137+0000] {logging_mixin.py:190} INFO -  Previous state of the Task instance: running
[2024-11-28T10:18:02.137+0000] {logging_mixin.py:190} INFO - Dag name:Projet_poubelle queued_at:2024-11-28 10:18:00.057711+00:00
[2024-11-28T10:18:02.138+0000] {logging_mixin.py:190} INFO - Task hostname:5365fe4338c6 operator:BashOperator
[2024-11-28T10:18:02.149+0000] {local_task_job_runner.py:266} INFO - Task exited with return code 0
[2024-11-28T10:18:02.165+0000] {taskinstance.py:3900} INFO - 1 downstream tasks scheduled from follow-on schedule check
[2024-11-28T10:18:02.167+0000] {local_task_job_runner.py:245} INFO - ::endgroup::
