[2024-11-14T12:30:02.439+0000] {local_task_job_runner.py:123} INFO - ::group::Pre task execution logs
[2024-11-14T12:30:02.458+0000] {taskinstance.py:2612} INFO - Dependencies all met for dep_context=non-requeueable deps ti=<TaskInstance: projet_group.push scheduled__2024-11-14T12:20:00+00:00 [queued]>
[2024-11-14T12:30:02.466+0000] {taskinstance.py:2612} INFO - Dependencies all met for dep_context=requeueable deps ti=<TaskInstance: projet_group.push scheduled__2024-11-14T12:20:00+00:00 [queued]>
[2024-11-14T12:30:02.467+0000] {taskinstance.py:2865} INFO - Starting attempt 1 of 1
[2024-11-14T12:30:02.475+0000] {taskinstance.py:2888} INFO - Executing <Task(PythonOperator): push> on 2024-11-14 12:20:00+00:00
[2024-11-14T12:30:02.480+0000] {warnings.py:112} WARNING - /home/***/.local/lib/python3.12/site-packages/***/task/task_runner/standard_task_runner.py:70: DeprecationWarning: This process (pid=9791) is multi-threaded, use of fork() may lead to deadlocks in the child.
  pid = os.fork()

[2024-11-14T12:30:02.481+0000] {standard_task_runner.py:72} INFO - Started process 9794 to run task
[2024-11-14T12:30:02.482+0000] {standard_task_runner.py:104} INFO - Running: ['***', 'tasks', 'run', 'projet_group', 'push', 'scheduled__2024-11-14T12:20:00+00:00', '--job-id', '10984', '--raw', '--subdir', 'DAGS_FOLDER/projet_group.py', '--cfg-path', '/tmp/tmp2mu_ypsz']
[2024-11-14T12:30:02.482+0000] {standard_task_runner.py:105} INFO - Job 10984: Subtask push
[2024-11-14T12:30:02.520+0000] {task_command.py:467} INFO - Running <TaskInstance: projet_group.push scheduled__2024-11-14T12:20:00+00:00 [running]> on host 5365fe4338c6
[2024-11-14T12:30:02.589+0000] {taskinstance.py:3131} INFO - Exporting env vars: AIRFLOW_CTX_DAG_OWNER='***' AIRFLOW_CTX_DAG_ID='projet_group' AIRFLOW_CTX_TASK_ID='push' AIRFLOW_CTX_EXECUTION_DATE='2024-11-14T12:20:00+00:00' AIRFLOW_CTX_TRY_NUMBER='1' AIRFLOW_CTX_DAG_RUN_ID='scheduled__2024-11-14T12:20:00+00:00'
[2024-11-14T12:30:02.590+0000] {logging_mixin.py:190} INFO - Task instance is in running state
[2024-11-14T12:30:02.590+0000] {logging_mixin.py:190} INFO -  Previous state of the Task instance: queued
[2024-11-14T12:30:02.590+0000] {logging_mixin.py:190} INFO - Current task name:push state:running start_date:2024-11-14 12:30:02.458502+00:00
[2024-11-14T12:30:02.591+0000] {logging_mixin.py:190} INFO - Dag name:projet_group and current dag run status:running
[2024-11-14T12:30:02.591+0000] {taskinstance.py:731} INFO - ::endgroup::
[2024-11-14T12:31:00.544+0000] {python.py:240} INFO - Done. Returned value was: None
[2024-11-14T12:31:00.552+0000] {taskinstance.py:340} INFO - ::group::Post task execution logs
[2024-11-14T12:31:00.552+0000] {taskinstance.py:352} INFO - Marking task as SUCCESS. dag_id=projet_group, task_id=push, run_id=scheduled__2024-11-14T12:20:00+00:00, execution_date=20241114T122000, start_date=20241114T123002, end_date=20241114T123100
[2024-11-14T12:31:00.560+0000] {logging_mixin.py:190} INFO - Task instance in success state
[2024-11-14T12:31:00.560+0000] {logging_mixin.py:190} INFO -  Previous state of the Task instance: running
[2024-11-14T12:31:00.560+0000] {logging_mixin.py:190} INFO - Dag name:projet_group queued_at:2024-11-14 12:30:00.478108+00:00
[2024-11-14T12:31:00.560+0000] {logging_mixin.py:190} INFO - Task hostname:5365fe4338c6 operator:PythonOperator
[2024-11-14T12:31:00.573+0000] {local_task_job_runner.py:266} INFO - Task exited with return code 0
[2024-11-14T12:31:00.583+0000] {taskinstance.py:3900} INFO - 0 downstream tasks scheduled from follow-on schedule check
[2024-11-14T12:31:00.584+0000] {local_task_job_runner.py:245} INFO - ::endgroup::
