[2024-11-19T10:06:51.117+0000] {local_task_job_runner.py:123} INFO - ::group::Pre task execution logs
[2024-11-19T10:06:51.126+0000] {taskinstance.py:2612} INFO - Dependencies all met for dep_context=non-requeueable deps ti=<TaskInstance: projet_group.get_datetime scheduled__2024-11-19T09:50:00+00:00 [queued]>
[2024-11-19T10:06:51.131+0000] {taskinstance.py:2612} INFO - Dependencies all met for dep_context=requeueable deps ti=<TaskInstance: projet_group.get_datetime scheduled__2024-11-19T09:50:00+00:00 [queued]>
[2024-11-19T10:06:51.131+0000] {taskinstance.py:2865} INFO - Starting attempt 1 of 1
[2024-11-19T10:06:51.140+0000] {taskinstance.py:2888} INFO - Executing <Task(BashOperator): get_datetime> on 2024-11-19 09:50:00+00:00
[2024-11-19T10:06:51.146+0000] {warnings.py:112} WARNING - /home/***/.local/lib/python3.12/site-packages/***/task/task_runner/standard_task_runner.py:70: DeprecationWarning: This process (pid=67) is multi-threaded, use of fork() may lead to deadlocks in the child.
  pid = os.fork()

[2024-11-19T10:06:51.148+0000] {standard_task_runner.py:72} INFO - Started process 91 to run task
[2024-11-19T10:06:51.149+0000] {standard_task_runner.py:104} INFO - Running: ['***', 'tasks', 'run', 'projet_group', 'get_datetime', 'scheduled__2024-11-19T09:50:00+00:00', '--job-id', '16923', '--raw', '--subdir', 'DAGS_FOLDER/projet_group.py', '--cfg-path', '/tmp/tmp9e94jglg']
[2024-11-19T10:06:51.149+0000] {standard_task_runner.py:105} INFO - Job 16923: Subtask get_datetime
[2024-11-19T10:06:51.182+0000] {task_command.py:467} INFO - Running <TaskInstance: projet_group.get_datetime scheduled__2024-11-19T09:50:00+00:00 [running]> on host 5365fe4338c6
[2024-11-19T10:06:51.234+0000] {taskinstance.py:3131} INFO - Exporting env vars: AIRFLOW_CTX_DAG_OWNER='***' AIRFLOW_CTX_DAG_ID='projet_group' AIRFLOW_CTX_TASK_ID='get_datetime' AIRFLOW_CTX_EXECUTION_DATE='2024-11-19T09:50:00+00:00' AIRFLOW_CTX_TRY_NUMBER='1' AIRFLOW_CTX_DAG_RUN_ID='scheduled__2024-11-19T09:50:00+00:00'
[2024-11-19T10:06:51.235+0000] {logging_mixin.py:190} INFO - Task instance is in running state
[2024-11-19T10:06:51.235+0000] {logging_mixin.py:190} INFO -  Previous state of the Task instance: queued
[2024-11-19T10:06:51.235+0000] {logging_mixin.py:190} INFO - Current task name:get_datetime state:running start_date:2024-11-19 10:06:51.126658+00:00
[2024-11-19T10:06:51.235+0000] {logging_mixin.py:190} INFO - Dag name:projet_group and current dag run status:running
[2024-11-19T10:06:51.235+0000] {taskinstance.py:731} INFO - ::endgroup::
[2024-11-19T10:06:51.236+0000] {subprocess.py:63} INFO - Tmp dir root location: /tmp
[2024-11-19T10:06:51.236+0000] {subprocess.py:75} INFO - Running command: ['/usr/bin/bash', '-c', 'date']
[2024-11-19T10:06:51.243+0000] {subprocess.py:86} INFO - Output:
[2024-11-19T10:06:51.245+0000] {subprocess.py:93} INFO - Tue Nov 19 10:06:51 UTC 2024
[2024-11-19T10:06:51.246+0000] {subprocess.py:97} INFO - Command exited with return code 0
[2024-11-19T10:06:51.259+0000] {taskinstance.py:340} INFO - ::group::Post task execution logs
[2024-11-19T10:06:51.260+0000] {taskinstance.py:352} INFO - Marking task as SUCCESS. dag_id=projet_group, task_id=get_datetime, run_id=scheduled__2024-11-19T09:50:00+00:00, execution_date=20241119T095000, start_date=20241119T100651, end_date=20241119T100651
[2024-11-19T10:06:51.265+0000] {logging_mixin.py:190} INFO - Task instance in success state
[2024-11-19T10:06:51.266+0000] {logging_mixin.py:190} INFO -  Previous state of the Task instance: running
[2024-11-19T10:06:51.266+0000] {logging_mixin.py:190} INFO - Dag name:projet_group queued_at:2024-11-19 10:06:48.265512+00:00
[2024-11-19T10:06:51.266+0000] {logging_mixin.py:190} INFO - Task hostname:5365fe4338c6 operator:BashOperator
[2024-11-19T10:06:51.281+0000] {local_task_job_runner.py:266} INFO - Task exited with return code 0
[2024-11-19T10:06:51.299+0000] {taskinstance.py:3900} INFO - 1 downstream tasks scheduled from follow-on schedule check
[2024-11-19T10:06:51.300+0000] {local_task_job_runner.py:245} INFO - ::endgroup::
