[2024-12-13T10:40:02.561+0000] {local_task_job_runner.py:123} INFO - ::group::Pre task execution logs
[2024-12-13T10:40:02.576+0000] {taskinstance.py:2612} INFO - Dependencies all met for dep_context=non-requeueable deps ti=<TaskInstance: Projet_poubelle.get_datetime scheduled__2024-12-13T10:39:00+00:00 [queued]>
[2024-12-13T10:40:02.584+0000] {taskinstance.py:2612} INFO - Dependencies all met for dep_context=requeueable deps ti=<TaskInstance: Projet_poubelle.get_datetime scheduled__2024-12-13T10:39:00+00:00 [queued]>
[2024-12-13T10:40:02.584+0000] {taskinstance.py:2865} INFO - Starting attempt 1 of 1
[2024-12-13T10:40:02.594+0000] {taskinstance.py:2888} INFO - Executing <Task(BashOperator): get_datetime> on 2024-12-13 10:39:00+00:00
[2024-12-13T10:40:02.599+0000] {warnings.py:112} WARNING - /home/***/.local/lib/python3.12/site-packages/***/task/task_runner/standard_task_runner.py:70: DeprecationWarning: This process (pid=5971) is multi-threaded, use of fork() may lead to deadlocks in the child.
  pid = os.fork()

[2024-12-13T10:40:02.599+0000] {standard_task_runner.py:72} INFO - Started process 5977 to run task
[2024-12-13T10:40:02.600+0000] {standard_task_runner.py:104} INFO - Running: ['***', 'tasks', 'run', 'Projet_poubelle', 'get_datetime', 'scheduled__2024-12-13T10:39:00+00:00', '--job-id', '50554', '--raw', '--subdir', 'DAGS_FOLDER/Projet_poubelle.py', '--cfg-path', '/tmp/tmp4zo2sk00']
[2024-12-13T10:40:02.601+0000] {standard_task_runner.py:105} INFO - Job 50554: Subtask get_datetime
[2024-12-13T10:40:02.630+0000] {task_command.py:467} INFO - Running <TaskInstance: Projet_poubelle.get_datetime scheduled__2024-12-13T10:39:00+00:00 [running]> on host 5365fe4338c6
[2024-12-13T10:40:02.679+0000] {taskinstance.py:3131} INFO - Exporting env vars: AIRFLOW_CTX_DAG_OWNER='***' AIRFLOW_CTX_DAG_ID='Projet_poubelle' AIRFLOW_CTX_TASK_ID='get_datetime' AIRFLOW_CTX_EXECUTION_DATE='2024-12-13T10:39:00+00:00' AIRFLOW_CTX_TRY_NUMBER='1' AIRFLOW_CTX_DAG_RUN_ID='scheduled__2024-12-13T10:39:00+00:00'
[2024-12-13T10:40:02.680+0000] {logging_mixin.py:190} INFO - Task instance is in running state
[2024-12-13T10:40:02.680+0000] {logging_mixin.py:190} INFO -  Previous state of the Task instance: queued
[2024-12-13T10:40:02.680+0000] {logging_mixin.py:190} INFO - Current task name:get_datetime state:running start_date:2024-12-13 10:40:02.576952+00:00
[2024-12-13T10:40:02.680+0000] {logging_mixin.py:190} INFO - Dag name:Projet_poubelle and current dag run status:running
[2024-12-13T10:40:02.680+0000] {taskinstance.py:731} INFO - ::endgroup::
[2024-12-13T10:40:02.681+0000] {subprocess.py:63} INFO - Tmp dir root location: /tmp
[2024-12-13T10:40:02.681+0000] {subprocess.py:75} INFO - Running command: ['/usr/bin/bash', '-c', 'date']
[2024-12-13T10:40:02.690+0000] {subprocess.py:86} INFO - Output:
[2024-12-13T10:40:02.692+0000] {subprocess.py:93} INFO - Fri Dec 13 10:40:02 UTC 2024
[2024-12-13T10:40:02.692+0000] {subprocess.py:97} INFO - Command exited with return code 0
[2024-12-13T10:40:02.709+0000] {taskinstance.py:340} INFO - ::group::Post task execution logs
[2024-12-13T10:40:02.710+0000] {taskinstance.py:352} INFO - Marking task as SUCCESS. dag_id=Projet_poubelle, task_id=get_datetime, run_id=scheduled__2024-12-13T10:39:00+00:00, execution_date=20241213T103900, start_date=20241213T104002, end_date=20241213T104002
[2024-12-13T10:40:02.716+0000] {logging_mixin.py:190} INFO - Task instance in success state
[2024-12-13T10:40:02.717+0000] {logging_mixin.py:190} INFO -  Previous state of the Task instance: running
[2024-12-13T10:40:02.717+0000] {logging_mixin.py:190} INFO - Dag name:Projet_poubelle queued_at:2024-12-13 10:40:00.403481+00:00
[2024-12-13T10:40:02.717+0000] {logging_mixin.py:190} INFO - Task hostname:5365fe4338c6 operator:BashOperator
[2024-12-13T10:40:02.732+0000] {local_task_job_runner.py:266} INFO - Task exited with return code 0
[2024-12-13T10:40:02.748+0000] {taskinstance.py:3900} INFO - 1 downstream tasks scheduled from follow-on schedule check
[2024-12-13T10:40:02.749+0000] {local_task_job_runner.py:245} INFO - ::endgroup::
