[2024-11-12T08:25:00.942+0000] {local_task_job_runner.py:123} INFO - ::group::Pre task execution logs
[2024-11-12T08:25:00.949+0000] {taskinstance.py:2612} INFO - Dependencies all met for dep_context=non-requeueable deps ti=<TaskInstance: first_airflow_dag.get_datetime scheduled__2024-11-12T08:24:00+00:00 [queued]>
[2024-11-12T08:25:00.953+0000] {taskinstance.py:2612} INFO - Dependencies all met for dep_context=requeueable deps ti=<TaskInstance: first_airflow_dag.get_datetime scheduled__2024-11-12T08:24:00+00:00 [queued]>
[2024-11-12T08:25:00.953+0000] {taskinstance.py:2865} INFO - Starting attempt 1 of 1
[2024-11-12T08:25:00.960+0000] {taskinstance.py:2888} INFO - Executing <Task(BashOperator): get_datetime> on 2024-11-12 08:24:00+00:00
[2024-11-12T08:25:00.964+0000] {warnings.py:112} WARNING - /home/***/.local/lib/python3.12/site-packages/***/task/task_runner/standard_task_runner.py:70: DeprecationWarning: This process (pid=939) is multi-threaded, use of fork() may lead to deadlocks in the child.
  pid = os.fork()

[2024-11-12T08:25:00.965+0000] {standard_task_runner.py:72} INFO - Started process 945 to run task
[2024-11-12T08:25:00.966+0000] {standard_task_runner.py:104} INFO - Running: ['***', 'tasks', 'run', 'first_***_dag', 'get_datetime', 'scheduled__2024-11-12T08:24:00+00:00', '--job-id', '4774', '--raw', '--subdir', 'DAGS_FOLDER/first_***_dag.py', '--cfg-path', '/tmp/tmpb5a6m1pz']
[2024-11-12T08:25:00.966+0000] {standard_task_runner.py:105} INFO - Job 4774: Subtask get_datetime
[2024-11-12T08:25:00.994+0000] {task_command.py:467} INFO - Running <TaskInstance: first_airflow_dag.get_datetime scheduled__2024-11-12T08:24:00+00:00 [running]> on host 5365fe4338c6
[2024-11-12T08:25:01.047+0000] {taskinstance.py:3131} INFO - Exporting env vars: AIRFLOW_CTX_DAG_OWNER='***' AIRFLOW_CTX_DAG_ID='first_***_dag' AIRFLOW_CTX_TASK_ID='get_datetime' AIRFLOW_CTX_EXECUTION_DATE='2024-11-12T08:24:00+00:00' AIRFLOW_CTX_TRY_NUMBER='1' AIRFLOW_CTX_DAG_RUN_ID='scheduled__2024-11-12T08:24:00+00:00'
[2024-11-12T08:25:01.048+0000] {logging_mixin.py:190} INFO - Task instance is in running state
[2024-11-12T08:25:01.048+0000] {logging_mixin.py:190} INFO -  Previous state of the Task instance: queued
[2024-11-12T08:25:01.048+0000] {logging_mixin.py:190} INFO - Current task name:get_datetime state:running start_date:2024-11-12 08:25:00.950103+00:00
[2024-11-12T08:25:01.048+0000] {logging_mixin.py:190} INFO - Dag name:first_***_dag and current dag run status:running
[2024-11-12T08:25:01.048+0000] {taskinstance.py:731} INFO - ::endgroup::
[2024-11-12T08:25:01.048+0000] {subprocess.py:63} INFO - Tmp dir root location: /tmp
[2024-11-12T08:25:01.049+0000] {subprocess.py:75} INFO - Running command: ['/usr/bin/bash', '-c', 'date']
[2024-11-12T08:25:01.057+0000] {subprocess.py:86} INFO - Output:
[2024-11-12T08:25:01.058+0000] {subprocess.py:93} INFO - Tue Nov 12 08:25:01 UTC 2024
[2024-11-12T08:25:01.058+0000] {subprocess.py:97} INFO - Command exited with return code 0
[2024-11-12T08:25:01.070+0000] {taskinstance.py:340} INFO - ::group::Post task execution logs
[2024-11-12T08:25:01.071+0000] {taskinstance.py:352} INFO - Marking task as SUCCESS. dag_id=first_***_dag, task_id=get_datetime, run_id=scheduled__2024-11-12T08:24:00+00:00, execution_date=20241112T082400, start_date=20241112T082500, end_date=20241112T082501
[2024-11-12T08:25:01.076+0000] {logging_mixin.py:190} INFO - Task instance in success state
[2024-11-12T08:25:01.077+0000] {logging_mixin.py:190} INFO -  Previous state of the Task instance: running
[2024-11-12T08:25:01.077+0000] {logging_mixin.py:190} INFO - Dag name:first_***_dag queued_at:2024-11-12 08:25:00.264874+00:00
[2024-11-12T08:25:01.077+0000] {logging_mixin.py:190} INFO - Task hostname:5365fe4338c6 operator:BashOperator
[2024-11-12T08:25:01.098+0000] {local_task_job_runner.py:266} INFO - Task exited with return code 0
[2024-11-12T08:25:01.108+0000] {taskinstance.py:3900} INFO - 0 downstream tasks scheduled from follow-on schedule check
[2024-11-12T08:25:01.109+0000] {local_task_job_runner.py:245} INFO - ::endgroup::
