[2024-12-06T11:44:02.348+0000] {local_task_job_runner.py:123} INFO - ::group::Pre task execution logs
[2024-12-06T11:44:02.386+0000] {taskinstance.py:2612} INFO - Dependencies all met for dep_context=non-requeueable deps ti=<TaskInstance: Projet_poubelle.get_datetime scheduled__2024-12-06T11:43:00+00:00 [queued]>
[2024-12-06T11:44:02.397+0000] {taskinstance.py:2612} INFO - Dependencies all met for dep_context=requeueable deps ti=<TaskInstance: Projet_poubelle.get_datetime scheduled__2024-12-06T11:43:00+00:00 [queued]>
[2024-12-06T11:44:02.397+0000] {taskinstance.py:2865} INFO - Starting attempt 1 of 1
[2024-12-06T11:44:02.416+0000] {taskinstance.py:2888} INFO - Executing <Task(BashOperator): get_datetime> on 2024-12-06 11:43:00+00:00
[2024-12-06T11:44:02.421+0000] {warnings.py:112} WARNING - /home/***/.local/lib/python3.12/site-packages/***/task/task_runner/standard_task_runner.py:70: DeprecationWarning: This process (pid=4708) is multi-threaded, use of fork() may lead to deadlocks in the child.
  pid = os.fork()

[2024-12-06T11:44:02.422+0000] {standard_task_runner.py:72} INFO - Started process 4710 to run task
[2024-12-06T11:44:02.423+0000] {standard_task_runner.py:104} INFO - Running: ['***', 'tasks', 'run', 'Projet_poubelle', 'get_datetime', 'scheduled__2024-12-06T11:43:00+00:00', '--job-id', '43630', '--raw', '--subdir', 'DAGS_FOLDER/Projet_poubelle.py', '--cfg-path', '/tmp/tmpatp32f8h']
[2024-12-06T11:44:02.423+0000] {standard_task_runner.py:105} INFO - Job 43630: Subtask get_datetime
[2024-12-06T11:44:02.489+0000] {task_command.py:467} INFO - Running <TaskInstance: Projet_poubelle.get_datetime scheduled__2024-12-06T11:43:00+00:00 [running]> on host 5365fe4338c6
[2024-12-06T11:44:02.627+0000] {taskinstance.py:3131} INFO - Exporting env vars: AIRFLOW_CTX_DAG_OWNER='***' AIRFLOW_CTX_DAG_ID='Projet_poubelle' AIRFLOW_CTX_TASK_ID='get_datetime' AIRFLOW_CTX_EXECUTION_DATE='2024-12-06T11:43:00+00:00' AIRFLOW_CTX_TRY_NUMBER='1' AIRFLOW_CTX_DAG_RUN_ID='scheduled__2024-12-06T11:43:00+00:00'
[2024-12-06T11:44:02.629+0000] {logging_mixin.py:190} INFO - Task instance is in running state
[2024-12-06T11:44:02.629+0000] {logging_mixin.py:190} INFO -  Previous state of the Task instance: queued
[2024-12-06T11:44:02.629+0000] {logging_mixin.py:190} INFO - Current task name:get_datetime state:running start_date:2024-12-06 11:44:02.386632+00:00
[2024-12-06T11:44:02.629+0000] {logging_mixin.py:190} INFO - Dag name:Projet_poubelle and current dag run status:running
[2024-12-06T11:44:02.630+0000] {taskinstance.py:731} INFO - ::endgroup::
[2024-12-06T11:44:02.630+0000] {subprocess.py:63} INFO - Tmp dir root location: /tmp
[2024-12-06T11:44:02.631+0000] {subprocess.py:75} INFO - Running command: ['/usr/bin/bash', '-c', 'date']
[2024-12-06T11:44:02.643+0000] {subprocess.py:86} INFO - Output:
[2024-12-06T11:44:02.648+0000] {subprocess.py:93} INFO - Fri Dec  6 11:44:02 UTC 2024
[2024-12-06T11:44:02.648+0000] {subprocess.py:97} INFO - Command exited with return code 0
[2024-12-06T11:44:02.674+0000] {taskinstance.py:340} INFO - ::group::Post task execution logs
[2024-12-06T11:44:02.674+0000] {taskinstance.py:352} INFO - Marking task as SUCCESS. dag_id=Projet_poubelle, task_id=get_datetime, run_id=scheduled__2024-12-06T11:43:00+00:00, execution_date=20241206T114300, start_date=20241206T114402, end_date=20241206T114402
[2024-12-06T11:44:02.682+0000] {logging_mixin.py:190} INFO - Task instance in success state
[2024-12-06T11:44:02.682+0000] {logging_mixin.py:190} INFO -  Previous state of the Task instance: running
[2024-12-06T11:44:02.682+0000] {logging_mixin.py:190} INFO - Dag name:Projet_poubelle queued_at:2024-12-06 11:44:00.378199+00:00
[2024-12-06T11:44:02.682+0000] {logging_mixin.py:190} INFO - Task hostname:5365fe4338c6 operator:BashOperator
[2024-12-06T11:44:02.716+0000] {local_task_job_runner.py:266} INFO - Task exited with return code 0
[2024-12-06T11:44:02.733+0000] {taskinstance.py:3900} INFO - 1 downstream tasks scheduled from follow-on schedule check
[2024-12-06T11:44:02.735+0000] {local_task_job_runner.py:245} INFO - ::endgroup::
