[2025-01-06T08:28:02.838+0000] {local_task_job_runner.py:123} INFO - ::group::Pre task execution logs
[2025-01-06T08:28:02.853+0000] {taskinstance.py:2612} INFO - Dependencies all met for dep_context=non-requeueable deps ti=<TaskInstance: Projet_poubelle.get_datetime scheduled__2025-01-06T08:27:00+00:00 [queued]>
[2025-01-06T08:28:02.858+0000] {taskinstance.py:2612} INFO - Dependencies all met for dep_context=requeueable deps ti=<TaskInstance: Projet_poubelle.get_datetime scheduled__2025-01-06T08:27:00+00:00 [queued]>
[2025-01-06T08:28:02.859+0000] {taskinstance.py:2865} INFO - Starting attempt 1 of 1
[2025-01-06T08:28:02.865+0000] {taskinstance.py:2888} INFO - Executing <Task(BashOperator): get_datetime> on 2025-01-06 08:27:00+00:00
[2025-01-06T08:28:02.869+0000] {warnings.py:112} WARNING - /home/***/.local/lib/python3.12/site-packages/***/task/task_runner/standard_task_runner.py:70: DeprecationWarning: This process (pid=401) is multi-threaded, use of fork() may lead to deadlocks in the child.
  pid = os.fork()

[2025-01-06T08:28:02.870+0000] {standard_task_runner.py:72} INFO - Started process 403 to run task
[2025-01-06T08:28:02.871+0000] {standard_task_runner.py:104} INFO - Running: ['***', 'tasks', 'run', 'Projet_poubelle', 'get_datetime', 'scheduled__2025-01-06T08:27:00+00:00', '--job-id', '61059', '--raw', '--subdir', 'DAGS_FOLDER/Projet_poubelle.py', '--cfg-path', '/tmp/tmpy0uuty0c']
[2025-01-06T08:28:02.872+0000] {standard_task_runner.py:105} INFO - Job 61059: Subtask get_datetime
[2025-01-06T08:28:02.904+0000] {task_command.py:467} INFO - Running <TaskInstance: Projet_poubelle.get_datetime scheduled__2025-01-06T08:27:00+00:00 [running]> on host 5365fe4338c6
[2025-01-06T08:28:02.951+0000] {taskinstance.py:3131} INFO - Exporting env vars: AIRFLOW_CTX_DAG_OWNER='***' AIRFLOW_CTX_DAG_ID='Projet_poubelle' AIRFLOW_CTX_TASK_ID='get_datetime' AIRFLOW_CTX_EXECUTION_DATE='2025-01-06T08:27:00+00:00' AIRFLOW_CTX_TRY_NUMBER='1' AIRFLOW_CTX_DAG_RUN_ID='scheduled__2025-01-06T08:27:00+00:00'
[2025-01-06T08:28:02.952+0000] {logging_mixin.py:190} INFO - Task instance is in running state
[2025-01-06T08:28:02.952+0000] {logging_mixin.py:190} INFO -  Previous state of the Task instance: queued
[2025-01-06T08:28:02.952+0000] {logging_mixin.py:190} INFO - Current task name:get_datetime state:running start_date:2025-01-06 08:28:02.853730+00:00
[2025-01-06T08:28:02.952+0000] {logging_mixin.py:190} INFO - Dag name:Projet_poubelle and current dag run status:running
[2025-01-06T08:28:02.952+0000] {taskinstance.py:731} INFO - ::endgroup::
[2025-01-06T08:28:02.952+0000] {subprocess.py:63} INFO - Tmp dir root location: /tmp
[2025-01-06T08:28:02.953+0000] {subprocess.py:75} INFO - Running command: ['/usr/bin/bash', '-c', 'date']
[2025-01-06T08:28:02.961+0000] {subprocess.py:86} INFO - Output:
[2025-01-06T08:28:02.963+0000] {subprocess.py:93} INFO - Mon Jan  6 08:28:02 UTC 2025
[2025-01-06T08:28:02.963+0000] {subprocess.py:97} INFO - Command exited with return code 0
[2025-01-06T08:28:02.978+0000] {taskinstance.py:340} INFO - ::group::Post task execution logs
[2025-01-06T08:28:02.978+0000] {taskinstance.py:352} INFO - Marking task as SUCCESS. dag_id=Projet_poubelle, task_id=get_datetime, run_id=scheduled__2025-01-06T08:27:00+00:00, execution_date=20250106T082700, start_date=20250106T082802, end_date=20250106T082802
[2025-01-06T08:28:02.984+0000] {logging_mixin.py:190} INFO - Task instance in success state
[2025-01-06T08:28:02.984+0000] {logging_mixin.py:190} INFO -  Previous state of the Task instance: running
[2025-01-06T08:28:02.984+0000] {logging_mixin.py:190} INFO - Dag name:Projet_poubelle queued_at:2025-01-06 08:28:00.903109+00:00
[2025-01-06T08:28:02.984+0000] {logging_mixin.py:190} INFO - Task hostname:5365fe4338c6 operator:BashOperator
[2025-01-06T08:28:03.003+0000] {local_task_job_runner.py:266} INFO - Task exited with return code 0
[2025-01-06T08:28:03.017+0000] {taskinstance.py:3900} INFO - 1 downstream tasks scheduled from follow-on schedule check
[2025-01-06T08:28:03.018+0000] {local_task_job_runner.py:245} INFO - ::endgroup::
