[2024-10-31T15:23:00.794+0000] {local_task_job_runner.py:123} INFO - ::group::Pre task execution logs
[2024-10-31T15:23:00.804+0000] {taskinstance.py:2612} INFO - Dependencies all met for dep_context=non-requeueable deps ti=<TaskInstance: first_airflow_dag.get_datetime scheduled__2024-10-31T15:22:00+00:00 [queued]>
[2024-10-31T15:23:00.808+0000] {taskinstance.py:2612} INFO - Dependencies all met for dep_context=requeueable deps ti=<TaskInstance: first_airflow_dag.get_datetime scheduled__2024-10-31T15:22:00+00:00 [queued]>
[2024-10-31T15:23:00.808+0000] {taskinstance.py:2865} INFO - Starting attempt 1 of 1
[2024-10-31T15:23:00.816+0000] {taskinstance.py:2888} INFO - Executing <Task(BashOperator): get_datetime> on 2024-10-31 15:22:00+00:00
[2024-10-31T15:23:00.821+0000] {warnings.py:112} WARNING - /home/***/.local/lib/python3.12/site-packages/***/task/task_runner/standard_task_runner.py:70: DeprecationWarning: This process (pid=600) is multi-threaded, use of fork() may lead to deadlocks in the child.
  pid = os.fork()

[2024-10-31T15:23:00.822+0000] {standard_task_runner.py:72} INFO - Started process 611 to run task
[2024-10-31T15:23:00.824+0000] {standard_task_runner.py:104} INFO - Running: ['***', 'tasks', 'run', 'first_***_dag', 'get_datetime', 'scheduled__2024-10-31T15:22:00+00:00', '--job-id', '53', '--raw', '--subdir', 'DAGS_FOLDER/first_***_dag.py', '--cfg-path', '/tmp/tmp33_l1lnd']
[2024-10-31T15:23:00.825+0000] {standard_task_runner.py:105} INFO - Job 53: Subtask get_datetime
[2024-10-31T15:23:00.851+0000] {task_command.py:467} INFO - Running <TaskInstance: first_airflow_dag.get_datetime scheduled__2024-10-31T15:22:00+00:00 [running]> on host 5365fe4338c6
[2024-10-31T15:23:00.894+0000] {taskinstance.py:3131} INFO - Exporting env vars: AIRFLOW_CTX_DAG_OWNER='***' AIRFLOW_CTX_DAG_ID='first_***_dag' AIRFLOW_CTX_TASK_ID='get_datetime' AIRFLOW_CTX_EXECUTION_DATE='2024-10-31T15:22:00+00:00' AIRFLOW_CTX_TRY_NUMBER='1' AIRFLOW_CTX_DAG_RUN_ID='scheduled__2024-10-31T15:22:00+00:00'
[2024-10-31T15:23:00.895+0000] {logging_mixin.py:190} INFO - Task instance is in running state
[2024-10-31T15:23:00.895+0000] {logging_mixin.py:190} INFO -  Previous state of the Task instance: queued
[2024-10-31T15:23:00.895+0000] {logging_mixin.py:190} INFO - Current task name:get_datetime state:running start_date:2024-10-31 15:23:00.804755+00:00
[2024-10-31T15:23:00.895+0000] {logging_mixin.py:190} INFO - Dag name:first_***_dag and current dag run status:running
[2024-10-31T15:23:00.895+0000] {taskinstance.py:731} INFO - ::endgroup::
[2024-10-31T15:23:00.895+0000] {subprocess.py:63} INFO - Tmp dir root location: /tmp
[2024-10-31T15:23:00.896+0000] {subprocess.py:75} INFO - Running command: ['/usr/bin/bash', '-c', 'date']
[2024-10-31T15:23:00.906+0000] {subprocess.py:86} INFO - Output:
[2024-10-31T15:23:00.907+0000] {subprocess.py:93} INFO - Thu Oct 31 15:23:00 UTC 2024
[2024-10-31T15:23:00.908+0000] {subprocess.py:97} INFO - Command exited with return code 0
[2024-10-31T15:23:00.924+0000] {taskinstance.py:340} INFO - ::group::Post task execution logs
[2024-10-31T15:23:00.924+0000] {taskinstance.py:352} INFO - Marking task as SUCCESS. dag_id=first_***_dag, task_id=get_datetime, run_id=scheduled__2024-10-31T15:22:00+00:00, execution_date=20241031T152200, start_date=20241031T152300, end_date=20241031T152300
[2024-10-31T15:23:00.929+0000] {logging_mixin.py:190} INFO - Task instance in success state
[2024-10-31T15:23:00.929+0000] {logging_mixin.py:190} INFO -  Previous state of the Task instance: running
[2024-10-31T15:23:00.929+0000] {logging_mixin.py:190} INFO - Dag name:first_***_dag queued_at:2024-10-31 15:23:00.060205+00:00
[2024-10-31T15:23:00.929+0000] {logging_mixin.py:190} INFO - Task hostname:5365fe4338c6 operator:BashOperator
[2024-10-31T15:23:00.956+0000] {local_task_job_runner.py:266} INFO - Task exited with return code 0
[2024-10-31T15:23:00.964+0000] {taskinstance.py:3900} INFO - 0 downstream tasks scheduled from follow-on schedule check
[2024-10-31T15:23:00.965+0000] {local_task_job_runner.py:245} INFO - ::endgroup::
