[2024-12-05T12:19:01.262+0000] {local_task_job_runner.py:123} INFO - ::group::Pre task execution logs
[2024-12-05T12:19:01.270+0000] {taskinstance.py:2612} INFO - Dependencies all met for dep_context=non-requeueable deps ti=<TaskInstance: first_airflow_dag.get_datetime scheduled__2024-12-05T12:18:00+00:00 [queued]>
[2024-12-05T12:19:01.274+0000] {taskinstance.py:2612} INFO - Dependencies all met for dep_context=requeueable deps ti=<TaskInstance: first_airflow_dag.get_datetime scheduled__2024-12-05T12:18:00+00:00 [queued]>
[2024-12-05T12:19:01.274+0000] {taskinstance.py:2865} INFO - Starting attempt 1 of 1
[2024-12-05T12:19:01.281+0000] {taskinstance.py:2888} INFO - Executing <Task(BashOperator): get_datetime> on 2024-12-05 12:18:00+00:00
[2024-12-05T12:19:01.287+0000] {warnings.py:112} WARNING - /home/***/.local/lib/python3.12/site-packages/***/task/task_runner/standard_task_runner.py:70: DeprecationWarning: This process (pid=9444) is multi-threaded, use of fork() may lead to deadlocks in the child.
  pid = os.fork()

[2024-12-05T12:19:01.287+0000] {standard_task_runner.py:72} INFO - Started process 9448 to run task
[2024-12-05T12:19:01.288+0000] {standard_task_runner.py:104} INFO - Running: ['***', 'tasks', 'run', 'first_***_dag', 'get_datetime', 'scheduled__2024-12-05T12:18:00+00:00', '--job-id', '41878', '--raw', '--subdir', 'DAGS_FOLDER/first_***_dag.py', '--cfg-path', '/tmp/tmphwqthk66']
[2024-12-05T12:19:01.289+0000] {standard_task_runner.py:105} INFO - Job 41878: Subtask get_datetime
[2024-12-05T12:19:01.319+0000] {task_command.py:467} INFO - Running <TaskInstance: first_airflow_dag.get_datetime scheduled__2024-12-05T12:18:00+00:00 [running]> on host 5365fe4338c6
[2024-12-05T12:19:01.368+0000] {taskinstance.py:3131} INFO - Exporting env vars: AIRFLOW_CTX_DAG_OWNER='***' AIRFLOW_CTX_DAG_ID='first_***_dag' AIRFLOW_CTX_TASK_ID='get_datetime' AIRFLOW_CTX_EXECUTION_DATE='2024-12-05T12:18:00+00:00' AIRFLOW_CTX_TRY_NUMBER='1' AIRFLOW_CTX_DAG_RUN_ID='scheduled__2024-12-05T12:18:00+00:00'
[2024-12-05T12:19:01.369+0000] {logging_mixin.py:190} INFO - Task instance is in running state
[2024-12-05T12:19:01.370+0000] {logging_mixin.py:190} INFO -  Previous state of the Task instance: queued
[2024-12-05T12:19:01.370+0000] {logging_mixin.py:190} INFO - Current task name:get_datetime state:running start_date:2024-12-05 12:19:01.270407+00:00
[2024-12-05T12:19:01.370+0000] {logging_mixin.py:190} INFO - Dag name:first_***_dag and current dag run status:running
[2024-12-05T12:19:01.370+0000] {taskinstance.py:731} INFO - ::endgroup::
[2024-12-05T12:19:01.370+0000] {subprocess.py:63} INFO - Tmp dir root location: /tmp
[2024-12-05T12:19:01.371+0000] {subprocess.py:75} INFO - Running command: ['/usr/bin/bash', '-c', 'date']
[2024-12-05T12:19:01.380+0000] {subprocess.py:86} INFO - Output:
[2024-12-05T12:19:01.382+0000] {subprocess.py:93} INFO - Thu Dec  5 12:19:01 UTC 2024
[2024-12-05T12:19:01.383+0000] {subprocess.py:97} INFO - Command exited with return code 0
[2024-12-05T12:19:01.400+0000] {taskinstance.py:340} INFO - ::group::Post task execution logs
[2024-12-05T12:19:01.400+0000] {taskinstance.py:352} INFO - Marking task as SUCCESS. dag_id=first_***_dag, task_id=get_datetime, run_id=scheduled__2024-12-05T12:18:00+00:00, execution_date=20241205T121800, start_date=20241205T121901, end_date=20241205T121901
[2024-12-05T12:19:01.406+0000] {logging_mixin.py:190} INFO - Task instance in success state
[2024-12-05T12:19:01.407+0000] {logging_mixin.py:190} INFO -  Previous state of the Task instance: running
[2024-12-05T12:19:01.407+0000] {logging_mixin.py:190} INFO - Dag name:first_***_dag queued_at:2024-12-05 12:19:00.464425+00:00
[2024-12-05T12:19:01.407+0000] {logging_mixin.py:190} INFO - Task hostname:5365fe4338c6 operator:BashOperator
[2024-12-05T12:19:01.420+0000] {local_task_job_runner.py:266} INFO - Task exited with return code 0
[2024-12-05T12:19:01.431+0000] {taskinstance.py:3900} INFO - 0 downstream tasks scheduled from follow-on schedule check
[2024-12-05T12:19:01.432+0000] {local_task_job_runner.py:245} INFO - ::endgroup::
