[2024-12-05T14:25:01.247+0000] {local_task_job_runner.py:123} INFO - ::group::Pre task execution logs
[2024-12-05T14:25:01.259+0000] {taskinstance.py:2612} INFO - Dependencies all met for dep_context=non-requeueable deps ti=<TaskInstance: projet_groupe.push scheduled__2024-12-05T14:24:00+00:00 [queued]>
[2024-12-05T14:25:01.264+0000] {taskinstance.py:2612} INFO - Dependencies all met for dep_context=requeueable deps ti=<TaskInstance: projet_groupe.push scheduled__2024-12-05T14:24:00+00:00 [queued]>
[2024-12-05T14:25:01.264+0000] {taskinstance.py:2865} INFO - Starting attempt 1 of 1
[2024-12-05T14:25:01.272+0000] {taskinstance.py:2888} INFO - Executing <Task(PythonOperator): push> on 2024-12-05 14:24:00+00:00
[2024-12-05T14:25:01.277+0000] {warnings.py:112} WARNING - /home/***/.local/lib/python3.12/site-packages/***/task/task_runner/standard_task_runner.py:70: DeprecationWarning: This process (pid=13990) is multi-threaded, use of fork() may lead to deadlocks in the child.
  pid = os.fork()

[2024-12-05T14:25:01.278+0000] {standard_task_runner.py:72} INFO - Started process 13998 to run task
[2024-12-05T14:25:01.278+0000] {standard_task_runner.py:104} INFO - Running: ['***', 'tasks', 'run', 'projet_groupe', 'push', 'scheduled__2024-12-05T14:24:00+00:00', '--job-id', '42535', '--raw', '--subdir', 'DAGS_FOLDER/projet.py', '--cfg-path', '/tmp/tmpsw4z5u_9']
[2024-12-05T14:25:01.279+0000] {standard_task_runner.py:105} INFO - Job 42535: Subtask push
[2024-12-05T14:25:01.304+0000] {task_command.py:467} INFO - Running <TaskInstance: projet_groupe.push scheduled__2024-12-05T14:24:00+00:00 [running]> on host 5365fe4338c6
[2024-12-05T14:25:01.361+0000] {taskinstance.py:3131} INFO - Exporting env vars: AIRFLOW_CTX_DAG_OWNER='***' AIRFLOW_CTX_DAG_ID='projet_groupe' AIRFLOW_CTX_TASK_ID='push' AIRFLOW_CTX_EXECUTION_DATE='2024-12-05T14:24:00+00:00' AIRFLOW_CTX_TRY_NUMBER='1' AIRFLOW_CTX_DAG_RUN_ID='scheduled__2024-12-05T14:24:00+00:00'
[2024-12-05T14:25:01.362+0000] {logging_mixin.py:190} INFO - Task instance is in running state
[2024-12-05T14:25:01.362+0000] {logging_mixin.py:190} INFO -  Previous state of the Task instance: queued
[2024-12-05T14:25:01.362+0000] {logging_mixin.py:190} INFO - Current task name:push state:running start_date:2024-12-05 14:25:01.259778+00:00
[2024-12-05T14:25:01.362+0000] {logging_mixin.py:190} INFO - Dag name:projet_groupe and current dag run status:running
[2024-12-05T14:25:01.362+0000] {taskinstance.py:731} INFO - ::endgroup::
[2024-12-05T14:25:02.512+0000] {logging_mixin.py:190} INFO - 200
[2024-12-05T14:25:02.514+0000] {python.py:240} INFO - Done. Returned value was: ['aed', 'ars', 'aud', 'bch', 'bdt', 'bhd', 'bmd', 'bnb', 'brl', 'btc', 'cad', 'chf', 'clp', 'cny', 'czk', 'dkk', 'dot', 'eos', 'eth', 'eur', 'gbp', 'gel', 'hkd', 'huf', 'idr', 'ils', 'inr', 'jpy', 'krw', 'kwd', 'lkr', 'ltc', 'mmk', 'mxn', 'myr', 'ngn', 'nok', 'nzd', 'php', 'pkr', 'pln', 'rub', 'sar', 'sek', 'sgd', 'thb', 'try', 'twd', 'uah', 'usd', 'vef', 'vnd', 'xag', 'xau', 'xdr', 'xlm', 'xrp', 'yfi', 'zar', 'bits', 'link', 'sats']
[2024-12-05T14:25:02.531+0000] {taskinstance.py:340} INFO - ::group::Post task execution logs
[2024-12-05T14:25:02.531+0000] {taskinstance.py:352} INFO - Marking task as SUCCESS. dag_id=projet_groupe, task_id=push, run_id=scheduled__2024-12-05T14:24:00+00:00, execution_date=20241205T142400, start_date=20241205T142501, end_date=20241205T142502
[2024-12-05T14:25:02.538+0000] {logging_mixin.py:190} INFO - Task instance in success state
[2024-12-05T14:25:02.538+0000] {logging_mixin.py:190} INFO -  Previous state of the Task instance: running
[2024-12-05T14:25:02.538+0000] {logging_mixin.py:190} INFO - Dag name:projet_groupe queued_at:2024-12-05 14:25:00.367479+00:00
[2024-12-05T14:25:02.539+0000] {logging_mixin.py:190} INFO - Task hostname:5365fe4338c6 operator:PythonOperator
[2024-12-05T14:25:02.575+0000] {local_task_job_runner.py:266} INFO - Task exited with return code 0
[2024-12-05T14:25:02.588+0000] {taskinstance.py:3900} INFO - 0 downstream tasks scheduled from follow-on schedule check
[2024-12-05T14:25:02.590+0000] {local_task_job_runner.py:245} INFO - ::endgroup::
