[2025-01-07T15:01:01.407+0000] {local_task_job_runner.py:123} INFO - ::group::Pre task execution logs
[2025-01-07T15:01:01.420+0000] {taskinstance.py:2612} INFO - Dependencies all met for dep_context=non-requeueable deps ti=<TaskInstance: Projet_poubelle.file_sensor scheduled__2025-01-07T15:00:00+00:00 [queued]>
[2025-01-07T15:01:01.425+0000] {taskinstance.py:2612} INFO - Dependencies all met for dep_context=requeueable deps ti=<TaskInstance: Projet_poubelle.file_sensor scheduled__2025-01-07T15:00:00+00:00 [queued]>
[2025-01-07T15:01:01.425+0000] {taskinstance.py:2865} INFO - Starting attempt 1 of 1
[2025-01-07T15:01:01.433+0000] {taskinstance.py:2888} INFO - Executing <Task(FileSensor): file_sensor> on 2025-01-07 15:00:00+00:00
[2025-01-07T15:01:01.439+0000] {warnings.py:112} WARNING - /home/***/.local/lib/python3.12/site-packages/***/task/task_runner/standard_task_runner.py:70: DeprecationWarning: This process (pid=4662) is multi-threaded, use of fork() may lead to deadlocks in the child.
  pid = os.fork()

[2025-01-07T15:01:01.440+0000] {standard_task_runner.py:72} INFO - Started process 4670 to run task
[2025-01-07T15:01:01.440+0000] {standard_task_runner.py:104} INFO - Running: ['***', 'tasks', 'run', 'Projet_poubelle', 'file_sensor', 'scheduled__2025-01-07T15:00:00+00:00', '--job-id', '61756', '--raw', '--subdir', 'DAGS_FOLDER/Projet_poubelle.py', '--cfg-path', '/tmp/tmplanwtce5']
[2025-01-07T15:01:01.441+0000] {standard_task_runner.py:105} INFO - Job 61756: Subtask file_sensor
[2025-01-07T15:01:01.470+0000] {task_command.py:467} INFO - Running <TaskInstance: Projet_poubelle.file_sensor scheduled__2025-01-07T15:00:00+00:00 [running]> on host 5365fe4338c6
[2025-01-07T15:01:01.524+0000] {taskinstance.py:3131} INFO - Exporting env vars: AIRFLOW_CTX_DAG_OWNER='***' AIRFLOW_CTX_DAG_ID='Projet_poubelle' AIRFLOW_CTX_TASK_ID='file_sensor' AIRFLOW_CTX_EXECUTION_DATE='2025-01-07T15:00:00+00:00' AIRFLOW_CTX_TRY_NUMBER='1' AIRFLOW_CTX_DAG_RUN_ID='scheduled__2025-01-07T15:00:00+00:00'
[2025-01-07T15:01:01.526+0000] {logging_mixin.py:190} INFO - Task instance is in running state
[2025-01-07T15:01:01.526+0000] {logging_mixin.py:190} INFO -  Previous state of the Task instance: queued
[2025-01-07T15:01:01.526+0000] {logging_mixin.py:190} INFO - Current task name:file_sensor state:running start_date:2025-01-07 15:01:01.420367+00:00
[2025-01-07T15:01:01.526+0000] {logging_mixin.py:190} INFO - Dag name:Projet_poubelle and current dag run status:running
[2025-01-07T15:01:01.526+0000] {taskinstance.py:731} INFO - ::endgroup::
[2025-01-07T15:01:01.527+0000] {baseoperator.py:405} WARNING - FileSensor.execute cannot be called outside TaskInstance!
[2025-01-07T15:01:01.534+0000] {base.py:84} INFO - Retrieving connection 'fs_default'
[2025-01-07T15:01:01.534+0000] {filesystem.py:109} INFO - Poking for file /opt/***/data/point_apports_poubelles.csv
[2025-01-07T15:01:01.534+0000] {filesystem.py:113} INFO - Found File /opt/***/data/point_apports_poubelles.csv last modified: 20230630101040
[2025-01-07T15:01:01.534+0000] {base.py:336} INFO - Success criteria met. Exiting.
[2025-01-07T15:01:01.534+0000] {filesystem.py:109} INFO - Poking for file /opt/***/data/point_apports_poubelles.csv
[2025-01-07T15:01:01.534+0000] {filesystem.py:113} INFO - Found File /opt/***/data/point_apports_poubelles.csv last modified: 20230630101040
[2025-01-07T15:01:01.540+0000] {taskinstance.py:340} INFO - ::group::Post task execution logs
[2025-01-07T15:01:01.540+0000] {taskinstance.py:352} INFO - Marking task as SUCCESS. dag_id=Projet_poubelle, task_id=file_sensor, run_id=scheduled__2025-01-07T15:00:00+00:00, execution_date=20250107T150000, start_date=20250107T150101, end_date=20250107T150101
[2025-01-07T15:01:01.546+0000] {logging_mixin.py:190} INFO - Task instance in success state
[2025-01-07T15:01:01.546+0000] {logging_mixin.py:190} INFO -  Previous state of the Task instance: running
[2025-01-07T15:01:01.547+0000] {logging_mixin.py:190} INFO - Dag name:Projet_poubelle queued_at:2025-01-07 15:01:00.538230+00:00
[2025-01-07T15:01:01.547+0000] {logging_mixin.py:190} INFO - Task hostname:5365fe4338c6 operator:FileSensor
[2025-01-07T15:01:01.573+0000] {local_task_job_runner.py:266} INFO - Task exited with return code 0
[2025-01-07T15:01:01.595+0000] {taskinstance.py:3900} INFO - 1 downstream tasks scheduled from follow-on schedule check
[2025-01-07T15:01:01.596+0000] {local_task_job_runner.py:245} INFO - ::endgroup::
