[2024-11-29T11:36:00.990+0000] {local_task_job_runner.py:123} INFO - ::group::Pre task execution logs
[2024-11-29T11:36:00.999+0000] {taskinstance.py:2612} INFO - Dependencies all met for dep_context=non-requeueable deps ti=<TaskInstance: first_airflow_dag.get_datetime scheduled__2024-11-29T11:35:00+00:00 [queued]>
[2024-11-29T11:36:01.004+0000] {taskinstance.py:2612} INFO - Dependencies all met for dep_context=requeueable deps ti=<TaskInstance: first_airflow_dag.get_datetime scheduled__2024-11-29T11:35:00+00:00 [queued]>
[2024-11-29T11:36:01.004+0000] {taskinstance.py:2865} INFO - Starting attempt 1 of 1
[2024-11-29T11:36:01.012+0000] {taskinstance.py:2888} INFO - Executing <Task(BashOperator): get_datetime> on 2024-11-29 11:35:00+00:00
[2024-11-29T11:36:01.018+0000] {warnings.py:112} WARNING - /home/***/.local/lib/python3.12/site-packages/***/task/task_runner/standard_task_runner.py:70: DeprecationWarning: This process (pid=24863) is multi-threaded, use of fork() may lead to deadlocks in the child.
  pid = os.fork()

[2024-11-29T11:36:01.019+0000] {standard_task_runner.py:72} INFO - Started process 24867 to run task
[2024-11-29T11:36:01.020+0000] {standard_task_runner.py:104} INFO - Running: ['***', 'tasks', 'run', 'first_***_dag', 'get_datetime', 'scheduled__2024-11-29T11:35:00+00:00', '--job-id', '34912', '--raw', '--subdir', 'DAGS_FOLDER/first_***_dag.py', '--cfg-path', '/tmp/tmpf6c9u817']
[2024-11-29T11:36:01.021+0000] {standard_task_runner.py:105} INFO - Job 34912: Subtask get_datetime
[2024-11-29T11:36:01.049+0000] {task_command.py:467} INFO - Running <TaskInstance: first_airflow_dag.get_datetime scheduled__2024-11-29T11:35:00+00:00 [running]> on host 5365fe4338c6
[2024-11-29T11:36:01.100+0000] {taskinstance.py:3131} INFO - Exporting env vars: AIRFLOW_CTX_DAG_OWNER='***' AIRFLOW_CTX_DAG_ID='first_***_dag' AIRFLOW_CTX_TASK_ID='get_datetime' AIRFLOW_CTX_EXECUTION_DATE='2024-11-29T11:35:00+00:00' AIRFLOW_CTX_TRY_NUMBER='1' AIRFLOW_CTX_DAG_RUN_ID='scheduled__2024-11-29T11:35:00+00:00'
[2024-11-29T11:36:01.101+0000] {logging_mixin.py:190} INFO - Task instance is in running state
[2024-11-29T11:36:01.101+0000] {logging_mixin.py:190} INFO -  Previous state of the Task instance: queued
[2024-11-29T11:36:01.101+0000] {logging_mixin.py:190} INFO - Current task name:get_datetime state:running start_date:2024-11-29 11:36:01.000056+00:00
[2024-11-29T11:36:01.101+0000] {logging_mixin.py:190} INFO - Dag name:first_***_dag and current dag run status:running
[2024-11-29T11:36:01.102+0000] {taskinstance.py:731} INFO - ::endgroup::
[2024-11-29T11:36:01.102+0000] {subprocess.py:63} INFO - Tmp dir root location: /tmp
[2024-11-29T11:36:01.103+0000] {subprocess.py:75} INFO - Running command: ['/usr/bin/bash', '-c', 'date']
[2024-11-29T11:36:01.114+0000] {subprocess.py:86} INFO - Output:
[2024-11-29T11:36:01.116+0000] {subprocess.py:93} INFO - Fri Nov 29 11:36:01 UTC 2024
[2024-11-29T11:36:01.117+0000] {subprocess.py:97} INFO - Command exited with return code 0
[2024-11-29T11:36:01.138+0000] {taskinstance.py:340} INFO - ::group::Post task execution logs
[2024-11-29T11:36:01.138+0000] {taskinstance.py:352} INFO - Marking task as SUCCESS. dag_id=first_***_dag, task_id=get_datetime, run_id=scheduled__2024-11-29T11:35:00+00:00, execution_date=20241129T113500, start_date=20241129T113601, end_date=20241129T113601
[2024-11-29T11:36:01.146+0000] {logging_mixin.py:190} INFO - Task instance in success state
[2024-11-29T11:36:01.146+0000] {logging_mixin.py:190} INFO -  Previous state of the Task instance: running
[2024-11-29T11:36:01.146+0000] {logging_mixin.py:190} INFO - Dag name:first_***_dag queued_at:2024-11-29 11:36:00.177592+00:00
[2024-11-29T11:36:01.146+0000] {logging_mixin.py:190} INFO - Task hostname:5365fe4338c6 operator:BashOperator
[2024-11-29T11:36:01.152+0000] {local_task_job_runner.py:266} INFO - Task exited with return code 0
[2024-11-29T11:36:01.165+0000] {taskinstance.py:3900} INFO - 0 downstream tasks scheduled from follow-on schedule check
[2024-11-29T11:36:01.166+0000] {local_task_job_runner.py:245} INFO - ::endgroup::
