[2024-11-19T14:06:01.408+0000] {local_task_job_runner.py:123} INFO - ::group::Pre task execution logs
[2024-11-19T14:06:01.417+0000] {taskinstance.py:2612} INFO - Dependencies all met for dep_context=non-requeueable deps ti=<TaskInstance: Projet_poubelle.file_sensor scheduled__2024-11-19T14:05:00+00:00 [queued]>
[2024-11-19T14:06:01.421+0000] {taskinstance.py:2612} INFO - Dependencies all met for dep_context=requeueable deps ti=<TaskInstance: Projet_poubelle.file_sensor scheduled__2024-11-19T14:05:00+00:00 [queued]>
[2024-11-19T14:06:01.422+0000] {taskinstance.py:2865} INFO - Starting attempt 1 of 1
[2024-11-19T14:06:01.428+0000] {taskinstance.py:2888} INFO - Executing <Task(FileSensor): file_sensor> on 2024-11-19 14:05:00+00:00
[2024-11-19T14:06:01.433+0000] {warnings.py:112} WARNING - /home/***/.local/lib/python3.12/site-packages/***/task/task_runner/standard_task_runner.py:70: DeprecationWarning: This process (pid=8773) is multi-threaded, use of fork() may lead to deadlocks in the child.
  pid = os.fork()

[2024-11-19T14:06:01.434+0000] {standard_task_runner.py:72} INFO - Started process 8781 to run task
[2024-11-19T14:06:01.435+0000] {standard_task_runner.py:104} INFO - Running: ['***', 'tasks', 'run', 'Projet_poubelle', 'file_sensor', 'scheduled__2024-11-19T14:05:00+00:00', '--job-id', '18175', '--raw', '--subdir', 'DAGS_FOLDER/Projet_poubelle.py', '--cfg-path', '/tmp/tmp16i4i9ak']
[2024-11-19T14:06:01.436+0000] {standard_task_runner.py:105} INFO - Job 18175: Subtask file_sensor
[2024-11-19T14:06:01.465+0000] {task_command.py:467} INFO - Running <TaskInstance: Projet_poubelle.file_sensor scheduled__2024-11-19T14:05:00+00:00 [running]> on host 5365fe4338c6
[2024-11-19T14:06:01.516+0000] {taskinstance.py:3131} INFO - Exporting env vars: AIRFLOW_CTX_DAG_OWNER='***' AIRFLOW_CTX_DAG_ID='Projet_poubelle' AIRFLOW_CTX_TASK_ID='file_sensor' AIRFLOW_CTX_EXECUTION_DATE='2024-11-19T14:05:00+00:00' AIRFLOW_CTX_TRY_NUMBER='1' AIRFLOW_CTX_DAG_RUN_ID='scheduled__2024-11-19T14:05:00+00:00'
[2024-11-19T14:06:01.517+0000] {logging_mixin.py:190} INFO - Task instance is in running state
[2024-11-19T14:06:01.517+0000] {logging_mixin.py:190} INFO -  Previous state of the Task instance: queued
[2024-11-19T14:06:01.517+0000] {logging_mixin.py:190} INFO - Current task name:file_sensor state:running start_date:2024-11-19 14:06:01.418068+00:00
[2024-11-19T14:06:01.517+0000] {logging_mixin.py:190} INFO - Dag name:Projet_poubelle and current dag run status:running
[2024-11-19T14:06:01.517+0000] {taskinstance.py:731} INFO - ::endgroup::
[2024-11-19T14:06:01.517+0000] {baseoperator.py:405} WARNING - FileSensor.execute cannot be called outside TaskInstance!
[2024-11-19T14:06:01.524+0000] {base.py:84} INFO - Retrieving connection 'fs_default'
[2024-11-19T14:06:01.524+0000] {filesystem.py:109} INFO - Poking for file /opt/***/data/point_apports_poubelles.csv
[2024-11-19T14:06:01.524+0000] {filesystem.py:113} INFO - Found File /opt/***/data/point_apports_poubelles.csv last modified: 20230630101040
[2024-11-19T14:06:01.524+0000] {base.py:336} INFO - Success criteria met. Exiting.
[2024-11-19T14:06:01.524+0000] {filesystem.py:109} INFO - Poking for file /opt/***/data/point_apports_poubelles.csv
[2024-11-19T14:06:01.524+0000] {filesystem.py:113} INFO - Found File /opt/***/data/point_apports_poubelles.csv last modified: 20230630101040
[2024-11-19T14:06:01.531+0000] {taskinstance.py:340} INFO - ::group::Post task execution logs
[2024-11-19T14:06:01.531+0000] {taskinstance.py:352} INFO - Marking task as SUCCESS. dag_id=Projet_poubelle, task_id=file_sensor, run_id=scheduled__2024-11-19T14:05:00+00:00, execution_date=20241119T140500, start_date=20241119T140601, end_date=20241119T140601
[2024-11-19T14:06:01.537+0000] {logging_mixin.py:190} INFO - Task instance in success state
[2024-11-19T14:06:01.538+0000] {logging_mixin.py:190} INFO -  Previous state of the Task instance: running
[2024-11-19T14:06:01.538+0000] {logging_mixin.py:190} INFO - Dag name:Projet_poubelle queued_at:2024-11-19 14:06:00.600755+00:00
[2024-11-19T14:06:01.538+0000] {logging_mixin.py:190} INFO - Task hostname:5365fe4338c6 operator:FileSensor
[2024-11-19T14:06:01.567+0000] {local_task_job_runner.py:266} INFO - Task exited with return code 0
[2024-11-19T14:06:01.587+0000] {taskinstance.py:3900} INFO - 1 downstream tasks scheduled from follow-on schedule check
[2024-11-19T14:06:01.588+0000] {local_task_job_runner.py:245} INFO - ::endgroup::
