[2024-12-17T10:00:01.958+0000] {local_task_job_runner.py:123} INFO - ::group::Pre task execution logs
[2024-12-17T10:00:01.968+0000] {taskinstance.py:2612} INFO - Dependencies all met for dep_context=non-requeueable deps ti=<TaskInstance: projet_group.get_datetime scheduled__2024-12-17T09:50:00+00:00 [queued]>
[2024-12-17T10:00:01.972+0000] {taskinstance.py:2612} INFO - Dependencies all met for dep_context=requeueable deps ti=<TaskInstance: projet_group.get_datetime scheduled__2024-12-17T09:50:00+00:00 [queued]>
[2024-12-17T10:00:01.972+0000] {taskinstance.py:2865} INFO - Starting attempt 1 of 1
[2024-12-17T10:00:01.981+0000] {taskinstance.py:2888} INFO - Executing <Task(BashOperator): get_datetime> on 2024-12-17 09:50:00+00:00
[2024-12-17T10:00:01.989+0000] {warnings.py:112} WARNING - /home/***/.local/lib/python3.12/site-packages/***/task/task_runner/standard_task_runner.py:70: DeprecationWarning: This process (pid=4402) is multi-threaded, use of fork() may lead to deadlocks in the child.
  pid = os.fork()

[2024-12-17T10:00:01.990+0000] {standard_task_runner.py:72} INFO - Started process 4411 to run task
[2024-12-17T10:00:01.990+0000] {standard_task_runner.py:104} INFO - Running: ['***', 'tasks', 'run', 'projet_group', 'get_datetime', 'scheduled__2024-12-17T09:50:00+00:00', '--job-id', '55246', '--raw', '--subdir', 'DAGS_FOLDER/projet_group.py', '--cfg-path', '/tmp/tmp847k9z2k']
[2024-12-17T10:00:01.991+0000] {standard_task_runner.py:105} INFO - Job 55246: Subtask get_datetime
[2024-12-17T10:00:02.024+0000] {task_command.py:467} INFO - Running <TaskInstance: projet_group.get_datetime scheduled__2024-12-17T09:50:00+00:00 [running]> on host 5365fe4338c6
[2024-12-17T10:00:02.085+0000] {taskinstance.py:3131} INFO - Exporting env vars: AIRFLOW_CTX_DAG_OWNER='***' AIRFLOW_CTX_DAG_ID='projet_group' AIRFLOW_CTX_TASK_ID='get_datetime' AIRFLOW_CTX_EXECUTION_DATE='2024-12-17T09:50:00+00:00' AIRFLOW_CTX_TRY_NUMBER='1' AIRFLOW_CTX_DAG_RUN_ID='scheduled__2024-12-17T09:50:00+00:00'
[2024-12-17T10:00:02.086+0000] {logging_mixin.py:190} INFO - Task instance is in running state
[2024-12-17T10:00:02.087+0000] {logging_mixin.py:190} INFO -  Previous state of the Task instance: queued
[2024-12-17T10:00:02.087+0000] {logging_mixin.py:190} INFO - Current task name:get_datetime state:running start_date:2024-12-17 10:00:01.968339+00:00
[2024-12-17T10:00:02.087+0000] {logging_mixin.py:190} INFO - Dag name:projet_group and current dag run status:running
[2024-12-17T10:00:02.087+0000] {taskinstance.py:731} INFO - ::endgroup::
[2024-12-17T10:00:02.088+0000] {subprocess.py:63} INFO - Tmp dir root location: /tmp
[2024-12-17T10:00:02.088+0000] {subprocess.py:75} INFO - Running command: ['/usr/bin/bash', '-c', 'date']
[2024-12-17T10:00:02.097+0000] {subprocess.py:86} INFO - Output:
[2024-12-17T10:00:02.100+0000] {subprocess.py:93} INFO - Tue Dec 17 10:00:02 UTC 2024
[2024-12-17T10:00:02.100+0000] {subprocess.py:97} INFO - Command exited with return code 0
[2024-12-17T10:00:02.119+0000] {taskinstance.py:340} INFO - ::group::Post task execution logs
[2024-12-17T10:00:02.119+0000] {taskinstance.py:352} INFO - Marking task as SUCCESS. dag_id=projet_group, task_id=get_datetime, run_id=scheduled__2024-12-17T09:50:00+00:00, execution_date=20241217T095000, start_date=20241217T100001, end_date=20241217T100002
[2024-12-17T10:00:02.125+0000] {logging_mixin.py:190} INFO - Task instance in success state
[2024-12-17T10:00:02.126+0000] {logging_mixin.py:190} INFO -  Previous state of the Task instance: running
[2024-12-17T10:00:02.126+0000] {logging_mixin.py:190} INFO - Dag name:projet_group queued_at:2024-12-17 10:00:01.026247+00:00
[2024-12-17T10:00:02.126+0000] {logging_mixin.py:190} INFO - Task hostname:5365fe4338c6 operator:BashOperator
[2024-12-17T10:00:02.164+0000] {local_task_job_runner.py:266} INFO - Task exited with return code 0
[2024-12-17T10:00:02.179+0000] {taskinstance.py:3900} INFO - 1 downstream tasks scheduled from follow-on schedule check
[2024-12-17T10:00:02.180+0000] {local_task_job_runner.py:245} INFO - ::endgroup::
