[2024-11-18T13:24:03.583+0000] {local_task_job_runner.py:123} INFO - ::group::Pre task execution logs
[2024-11-18T13:24:03.595+0000] {taskinstance.py:2612} INFO - Dependencies all met for dep_context=non-requeueable deps ti=<TaskInstance: Projet_poubelle.read_csv scheduled__2024-11-18T13:23:00+00:00 [queued]>
[2024-11-18T13:24:03.601+0000] {taskinstance.py:2612} INFO - Dependencies all met for dep_context=requeueable deps ti=<TaskInstance: Projet_poubelle.read_csv scheduled__2024-11-18T13:23:00+00:00 [queued]>
[2024-11-18T13:24:03.602+0000] {taskinstance.py:2865} INFO - Starting attempt 1 of 1
[2024-11-18T13:24:03.612+0000] {taskinstance.py:2888} INFO - Executing <Task(PythonOperator): read_csv> on 2024-11-18 13:23:00+00:00
[2024-11-18T13:24:03.618+0000] {warnings.py:112} WARNING - /home/***/.local/lib/python3.12/site-packages/***/task/task_runner/standard_task_runner.py:70: DeprecationWarning: This process (pid=11648) is multi-threaded, use of fork() may lead to deadlocks in the child.
  pid = os.fork()

[2024-11-18T13:24:03.619+0000] {standard_task_runner.py:72} INFO - Started process 11650 to run task
[2024-11-18T13:24:03.620+0000] {standard_task_runner.py:104} INFO - Running: ['***', 'tasks', 'run', 'Projet_poubelle', 'read_csv', 'scheduled__2024-11-18T13:23:00+00:00', '--job-id', '16191', '--raw', '--subdir', 'DAGS_FOLDER/Projet_poubelle.py', '--cfg-path', '/tmp/tmpku9rz0de']
[2024-11-18T13:24:03.621+0000] {standard_task_runner.py:105} INFO - Job 16191: Subtask read_csv
[2024-11-18T13:24:03.651+0000] {task_command.py:467} INFO - Running <TaskInstance: Projet_poubelle.read_csv scheduled__2024-11-18T13:23:00+00:00 [running]> on host 5365fe4338c6
[2024-11-18T13:24:03.707+0000] {taskinstance.py:3131} INFO - Exporting env vars: AIRFLOW_CTX_DAG_OWNER='***' AIRFLOW_CTX_DAG_ID='Projet_poubelle' AIRFLOW_CTX_TASK_ID='read_csv' AIRFLOW_CTX_EXECUTION_DATE='2024-11-18T13:23:00+00:00' AIRFLOW_CTX_TRY_NUMBER='1' AIRFLOW_CTX_DAG_RUN_ID='scheduled__2024-11-18T13:23:00+00:00'
[2024-11-18T13:24:03.707+0000] {logging_mixin.py:190} INFO - Task instance is in running state
[2024-11-18T13:24:03.707+0000] {logging_mixin.py:190} INFO -  Previous state of the Task instance: queued
[2024-11-18T13:24:03.708+0000] {logging_mixin.py:190} INFO - Current task name:read_csv state:running start_date:2024-11-18 13:24:03.596194+00:00
[2024-11-18T13:24:03.708+0000] {logging_mixin.py:190} INFO - Dag name:Projet_poubelle and current dag run status:running
[2024-11-18T13:24:03.708+0000] {taskinstance.py:731} INFO - ::endgroup::
[2024-11-18T13:24:03.729+0000] {python.py:240} INFO - Done. Returned value was: None
[2024-11-18T13:24:03.736+0000] {taskinstance.py:340} INFO - ::group::Post task execution logs
[2024-11-18T13:24:03.737+0000] {taskinstance.py:352} INFO - Marking task as SUCCESS. dag_id=Projet_poubelle, task_id=read_csv, run_id=scheduled__2024-11-18T13:23:00+00:00, execution_date=20241118T132300, start_date=20241118T132403, end_date=20241118T132403
[2024-11-18T13:24:03.743+0000] {logging_mixin.py:190} INFO - Task instance in success state
[2024-11-18T13:24:03.743+0000] {logging_mixin.py:190} INFO -  Previous state of the Task instance: running
[2024-11-18T13:24:03.744+0000] {logging_mixin.py:190} INFO - Dag name:Projet_poubelle queued_at:2024-11-18 13:24:00.433197+00:00
[2024-11-18T13:24:03.744+0000] {logging_mixin.py:190} INFO - Task hostname:5365fe4338c6 operator:PythonOperator
[2024-11-18T13:24:03.753+0000] {local_task_job_runner.py:266} INFO - Task exited with return code 0
[2024-11-18T13:24:03.765+0000] {taskinstance.py:3900} INFO - 0 downstream tasks scheduled from follow-on schedule check
[2024-11-18T13:24:03.766+0000] {local_task_job_runner.py:245} INFO - ::endgroup::
