[2024-11-21T15:46:03.521+0000] {local_task_job_runner.py:123} INFO - ::group::Pre task execution logs
[2024-11-21T15:46:03.534+0000] {taskinstance.py:2612} INFO - Dependencies all met for dep_context=non-requeueable deps ti=<TaskInstance: Projet_poubelle.read_csv scheduled__2024-11-21T15:45:00+00:00 [queued]>
[2024-11-21T15:46:03.538+0000] {taskinstance.py:2612} INFO - Dependencies all met for dep_context=requeueable deps ti=<TaskInstance: Projet_poubelle.read_csv scheduled__2024-11-21T15:45:00+00:00 [queued]>
[2024-11-21T15:46:03.539+0000] {taskinstance.py:2865} INFO - Starting attempt 1 of 1
[2024-11-21T15:46:03.548+0000] {taskinstance.py:2888} INFO - Executing <Task(PythonOperator): read_csv> on 2024-11-21 15:45:00+00:00
[2024-11-21T15:46:03.553+0000] {warnings.py:112} WARNING - /home/***/.local/lib/python3.12/site-packages/***/task/task_runner/standard_task_runner.py:70: DeprecationWarning: This process (pid=25299) is multi-threaded, use of fork() may lead to deadlocks in the child.
  pid = os.fork()

[2024-11-21T15:46:03.554+0000] {standard_task_runner.py:72} INFO - Started process 25301 to run task
[2024-11-21T15:46:03.555+0000] {standard_task_runner.py:104} INFO - Running: ['***', 'tasks', 'run', 'Projet_poubelle', 'read_csv', 'scheduled__2024-11-21T15:45:00+00:00', '--job-id', '22394', '--raw', '--subdir', 'DAGS_FOLDER/Projet_poubelle.py', '--cfg-path', '/tmp/tmpfefo67s6']
[2024-11-21T15:46:03.556+0000] {standard_task_runner.py:105} INFO - Job 22394: Subtask read_csv
[2024-11-21T15:46:03.587+0000] {task_command.py:467} INFO - Running <TaskInstance: Projet_poubelle.read_csv scheduled__2024-11-21T15:45:00+00:00 [running]> on host 5365fe4338c6
[2024-11-21T15:46:03.640+0000] {taskinstance.py:3131} INFO - Exporting env vars: AIRFLOW_CTX_DAG_OWNER='***' AIRFLOW_CTX_DAG_ID='Projet_poubelle' AIRFLOW_CTX_TASK_ID='read_csv' AIRFLOW_CTX_EXECUTION_DATE='2024-11-21T15:45:00+00:00' AIRFLOW_CTX_TRY_NUMBER='1' AIRFLOW_CTX_DAG_RUN_ID='scheduled__2024-11-21T15:45:00+00:00'
[2024-11-21T15:46:03.641+0000] {logging_mixin.py:190} INFO - Task instance is in running state
[2024-11-21T15:46:03.642+0000] {logging_mixin.py:190} INFO -  Previous state of the Task instance: queued
[2024-11-21T15:46:03.642+0000] {logging_mixin.py:190} INFO - Current task name:read_csv state:running start_date:2024-11-21 15:46:03.534385+00:00
[2024-11-21T15:46:03.642+0000] {logging_mixin.py:190} INFO - Dag name:Projet_poubelle and current dag run status:running
[2024-11-21T15:46:03.643+0000] {taskinstance.py:731} INFO - ::endgroup::
[2024-11-21T15:46:03.671+0000] {python.py:240} INFO - Done. Returned value was: None
[2024-11-21T15:46:03.678+0000] {taskinstance.py:340} INFO - ::group::Post task execution logs
[2024-11-21T15:46:03.679+0000] {taskinstance.py:352} INFO - Marking task as SUCCESS. dag_id=Projet_poubelle, task_id=read_csv, run_id=scheduled__2024-11-21T15:45:00+00:00, execution_date=20241121T154500, start_date=20241121T154603, end_date=20241121T154603
[2024-11-21T15:46:03.685+0000] {logging_mixin.py:190} INFO - Task instance in success state
[2024-11-21T15:46:03.685+0000] {logging_mixin.py:190} INFO -  Previous state of the Task instance: running
[2024-11-21T15:46:03.686+0000] {logging_mixin.py:190} INFO - Dag name:Projet_poubelle queued_at:2024-11-21 15:46:00.402220+00:00
[2024-11-21T15:46:03.686+0000] {logging_mixin.py:190} INFO - Task hostname:5365fe4338c6 operator:PythonOperator
[2024-11-21T15:46:03.727+0000] {local_task_job_runner.py:266} INFO - Task exited with return code 0
[2024-11-21T15:46:03.759+0000] {taskinstance.py:3900} INFO - 0 downstream tasks scheduled from follow-on schedule check
[2024-11-21T15:46:03.761+0000] {local_task_job_runner.py:245} INFO - ::endgroup::
