[2024-11-25T12:39:00.844+0000] {local_task_job_runner.py:123} INFO - ::group::Pre task execution logs
[2024-11-25T12:39:00.854+0000] {taskinstance.py:2612} INFO - Dependencies all met for dep_context=non-requeueable deps ti=<TaskInstance: first_airflow_dag.get_datetime scheduled__2024-11-25T12:38:00+00:00 [queued]>
[2024-11-25T12:39:00.860+0000] {taskinstance.py:2612} INFO - Dependencies all met for dep_context=requeueable deps ti=<TaskInstance: first_airflow_dag.get_datetime scheduled__2024-11-25T12:38:00+00:00 [queued]>
[2024-11-25T12:39:00.860+0000] {taskinstance.py:2865} INFO - Starting attempt 1 of 1
[2024-11-25T12:39:00.869+0000] {taskinstance.py:2888} INFO - Executing <Task(BashOperator): get_datetime> on 2024-11-25 12:38:00+00:00
[2024-11-25T12:39:00.873+0000] {warnings.py:112} WARNING - /home/***/.local/lib/python3.12/site-packages/***/task/task_runner/standard_task_runner.py:70: DeprecationWarning: This process (pid=10076) is multi-threaded, use of fork() may lead to deadlocks in the child.
  pid = os.fork()

[2024-11-25T12:39:00.874+0000] {standard_task_runner.py:72} INFO - Started process 10080 to run task
[2024-11-25T12:39:00.875+0000] {standard_task_runner.py:104} INFO - Running: ['***', 'tasks', 'run', 'first_***_dag', 'get_datetime', 'scheduled__2024-11-25T12:38:00+00:00', '--job-id', '26593', '--raw', '--subdir', 'DAGS_FOLDER/first_***_dag.py', '--cfg-path', '/tmp/tmp5h68qcrw']
[2024-11-25T12:39:00.876+0000] {standard_task_runner.py:105} INFO - Job 26593: Subtask get_datetime
[2024-11-25T12:39:00.908+0000] {task_command.py:467} INFO - Running <TaskInstance: first_airflow_dag.get_datetime scheduled__2024-11-25T12:38:00+00:00 [running]> on host 5365fe4338c6
[2024-11-25T12:39:00.961+0000] {taskinstance.py:3131} INFO - Exporting env vars: AIRFLOW_CTX_DAG_OWNER='***' AIRFLOW_CTX_DAG_ID='first_***_dag' AIRFLOW_CTX_TASK_ID='get_datetime' AIRFLOW_CTX_EXECUTION_DATE='2024-11-25T12:38:00+00:00' AIRFLOW_CTX_TRY_NUMBER='1' AIRFLOW_CTX_DAG_RUN_ID='scheduled__2024-11-25T12:38:00+00:00'
[2024-11-25T12:39:00.962+0000] {logging_mixin.py:190} INFO - Task instance is in running state
[2024-11-25T12:39:00.963+0000] {logging_mixin.py:190} INFO -  Previous state of the Task instance: queued
[2024-11-25T12:39:00.963+0000] {logging_mixin.py:190} INFO - Current task name:get_datetime state:running start_date:2024-11-25 12:39:00.854593+00:00
[2024-11-25T12:39:00.963+0000] {logging_mixin.py:190} INFO - Dag name:first_***_dag and current dag run status:running
[2024-11-25T12:39:00.963+0000] {taskinstance.py:731} INFO - ::endgroup::
[2024-11-25T12:39:00.963+0000] {subprocess.py:63} INFO - Tmp dir root location: /tmp
[2024-11-25T12:39:00.964+0000] {subprocess.py:75} INFO - Running command: ['/usr/bin/bash', '-c', 'date']
[2024-11-25T12:39:00.974+0000] {subprocess.py:86} INFO - Output:
[2024-11-25T12:39:00.976+0000] {subprocess.py:93} INFO - Mon Nov 25 12:39:00 UTC 2024
[2024-11-25T12:39:00.976+0000] {subprocess.py:97} INFO - Command exited with return code 0
[2024-11-25T12:39:00.991+0000] {taskinstance.py:340} INFO - ::group::Post task execution logs
[2024-11-25T12:39:00.991+0000] {taskinstance.py:352} INFO - Marking task as SUCCESS. dag_id=first_***_dag, task_id=get_datetime, run_id=scheduled__2024-11-25T12:38:00+00:00, execution_date=20241125T123800, start_date=20241125T123900, end_date=20241125T123900
[2024-11-25T12:39:00.997+0000] {logging_mixin.py:190} INFO - Task instance in success state
[2024-11-25T12:39:00.997+0000] {logging_mixin.py:190} INFO -  Previous state of the Task instance: running
[2024-11-25T12:39:00.997+0000] {logging_mixin.py:190} INFO - Dag name:first_***_dag queued_at:2024-11-25 12:39:00.037869+00:00
[2024-11-25T12:39:00.997+0000] {logging_mixin.py:190} INFO - Task hostname:5365fe4338c6 operator:BashOperator
[2024-11-25T12:39:01.007+0000] {local_task_job_runner.py:266} INFO - Task exited with return code 0
[2024-11-25T12:39:01.019+0000] {taskinstance.py:3900} INFO - 0 downstream tasks scheduled from follow-on schedule check
[2024-11-25T12:39:01.020+0000] {local_task_job_runner.py:245} INFO - ::endgroup::
