[2024-12-17T09:12:00.819+0000] {local_task_job_runner.py:123} INFO - ::group::Pre task execution logs
[2024-12-17T09:12:00.827+0000] {taskinstance.py:2612} INFO - Dependencies all met for dep_context=non-requeueable deps ti=<TaskInstance: first_airflow_dag.get_datetime scheduled__2024-12-17T09:11:00+00:00 [queued]>
[2024-12-17T09:12:00.831+0000] {taskinstance.py:2612} INFO - Dependencies all met for dep_context=requeueable deps ti=<TaskInstance: first_airflow_dag.get_datetime scheduled__2024-12-17T09:11:00+00:00 [queued]>
[2024-12-17T09:12:00.831+0000] {taskinstance.py:2865} INFO - Starting attempt 1 of 1
[2024-12-17T09:12:00.839+0000] {taskinstance.py:2888} INFO - Executing <Task(BashOperator): get_datetime> on 2024-12-17 09:11:00+00:00
[2024-12-17T09:12:00.844+0000] {warnings.py:112} WARNING - /home/***/.local/lib/python3.12/site-packages/***/task/task_runner/standard_task_runner.py:70: DeprecationWarning: This process (pid=2671) is multi-threaded, use of fork() may lead to deadlocks in the child.
  pid = os.fork()

[2024-12-17T09:12:00.844+0000] {standard_task_runner.py:72} INFO - Started process 2677 to run task
[2024-12-17T09:12:00.845+0000] {standard_task_runner.py:104} INFO - Running: ['***', 'tasks', 'run', 'first_***_dag', 'get_datetime', 'scheduled__2024-12-17T09:11:00+00:00', '--job-id', '54996', '--raw', '--subdir', 'DAGS_FOLDER/first_***_dag.py', '--cfg-path', '/tmp/tmp81mhpn8c']
[2024-12-17T09:12:00.846+0000] {standard_task_runner.py:105} INFO - Job 54996: Subtask get_datetime
[2024-12-17T09:12:00.872+0000] {task_command.py:467} INFO - Running <TaskInstance: first_airflow_dag.get_datetime scheduled__2024-12-17T09:11:00+00:00 [running]> on host 5365fe4338c6
[2024-12-17T09:12:00.917+0000] {taskinstance.py:3131} INFO - Exporting env vars: AIRFLOW_CTX_DAG_OWNER='***' AIRFLOW_CTX_DAG_ID='first_***_dag' AIRFLOW_CTX_TASK_ID='get_datetime' AIRFLOW_CTX_EXECUTION_DATE='2024-12-17T09:11:00+00:00' AIRFLOW_CTX_TRY_NUMBER='1' AIRFLOW_CTX_DAG_RUN_ID='scheduled__2024-12-17T09:11:00+00:00'
[2024-12-17T09:12:00.918+0000] {logging_mixin.py:190} INFO - Task instance is in running state
[2024-12-17T09:12:00.918+0000] {logging_mixin.py:190} INFO -  Previous state of the Task instance: queued
[2024-12-17T09:12:00.918+0000] {logging_mixin.py:190} INFO - Current task name:get_datetime state:running start_date:2024-12-17 09:12:00.828120+00:00
[2024-12-17T09:12:00.918+0000] {logging_mixin.py:190} INFO - Dag name:first_***_dag and current dag run status:running
[2024-12-17T09:12:00.918+0000] {taskinstance.py:731} INFO - ::endgroup::
[2024-12-17T09:12:00.919+0000] {subprocess.py:63} INFO - Tmp dir root location: /tmp
[2024-12-17T09:12:00.919+0000] {subprocess.py:75} INFO - Running command: ['/usr/bin/bash', '-c', 'date']
[2024-12-17T09:12:00.929+0000] {subprocess.py:86} INFO - Output:
[2024-12-17T09:12:00.931+0000] {subprocess.py:93} INFO - Tue Dec 17 09:12:00 UTC 2024
[2024-12-17T09:12:00.931+0000] {subprocess.py:97} INFO - Command exited with return code 0
[2024-12-17T09:12:00.947+0000] {taskinstance.py:340} INFO - ::group::Post task execution logs
[2024-12-17T09:12:00.947+0000] {taskinstance.py:352} INFO - Marking task as SUCCESS. dag_id=first_***_dag, task_id=get_datetime, run_id=scheduled__2024-12-17T09:11:00+00:00, execution_date=20241217T091100, start_date=20241217T091200, end_date=20241217T091200
[2024-12-17T09:12:00.953+0000] {logging_mixin.py:190} INFO - Task instance in success state
[2024-12-17T09:12:00.953+0000] {logging_mixin.py:190} INFO -  Previous state of the Task instance: running
[2024-12-17T09:12:00.953+0000] {logging_mixin.py:190} INFO - Dag name:first_***_dag queued_at:2024-12-17 09:12:00.016516+00:00
[2024-12-17T09:12:00.953+0000] {logging_mixin.py:190} INFO - Task hostname:5365fe4338c6 operator:BashOperator
[2024-12-17T09:12:00.977+0000] {local_task_job_runner.py:266} INFO - Task exited with return code 0
[2024-12-17T09:12:00.990+0000] {taskinstance.py:3900} INFO - 0 downstream tasks scheduled from follow-on schedule check
[2024-12-17T09:12:00.991+0000] {local_task_job_runner.py:245} INFO - ::endgroup::
