[2024-11-22T13:11:04.473+0000] {local_task_job_runner.py:123} INFO - ::group::Pre task execution logs
[2024-11-22T13:11:04.485+0000] {taskinstance.py:2612} INFO - Dependencies all met for dep_context=non-requeueable deps ti=<TaskInstance: Projet_poubelle.read_csv scheduled__2024-11-22T13:10:00+00:00 [queued]>
[2024-11-22T13:11:04.491+0000] {taskinstance.py:2612} INFO - Dependencies all met for dep_context=requeueable deps ti=<TaskInstance: Projet_poubelle.read_csv scheduled__2024-11-22T13:10:00+00:00 [queued]>
[2024-11-22T13:11:04.492+0000] {taskinstance.py:2865} INFO - Starting attempt 1 of 1
[2024-11-22T13:11:04.501+0000] {taskinstance.py:2888} INFO - Executing <Task(PythonOperator): read_csv> on 2024-11-22 13:10:00+00:00
[2024-11-22T13:11:04.507+0000] {warnings.py:112} WARNING - /home/***/.local/lib/python3.12/site-packages/***/task/task_runner/standard_task_runner.py:70: DeprecationWarning: This process (pid=11298) is multi-threaded, use of fork() may lead to deadlocks in the child.
  pid = os.fork()

[2024-11-22T13:11:04.507+0000] {standard_task_runner.py:72} INFO - Started process 11300 to run task
[2024-11-22T13:11:04.508+0000] {standard_task_runner.py:104} INFO - Running: ['***', 'tasks', 'run', 'Projet_poubelle', 'read_csv', 'scheduled__2024-11-22T13:10:00+00:00', '--job-id', '24069', '--raw', '--subdir', 'DAGS_FOLDER/Projet_poubelle.py', '--cfg-path', '/tmp/tmpn0btn4xo']
[2024-11-22T13:11:04.509+0000] {standard_task_runner.py:105} INFO - Job 24069: Subtask read_csv
[2024-11-22T13:11:04.538+0000] {task_command.py:467} INFO - Running <TaskInstance: Projet_poubelle.read_csv scheduled__2024-11-22T13:10:00+00:00 [running]> on host 5365fe4338c6
[2024-11-22T13:11:04.589+0000] {taskinstance.py:3131} INFO - Exporting env vars: AIRFLOW_CTX_DAG_OWNER='***' AIRFLOW_CTX_DAG_ID='Projet_poubelle' AIRFLOW_CTX_TASK_ID='read_csv' AIRFLOW_CTX_EXECUTION_DATE='2024-11-22T13:10:00+00:00' AIRFLOW_CTX_TRY_NUMBER='1' AIRFLOW_CTX_DAG_RUN_ID='scheduled__2024-11-22T13:10:00+00:00'
[2024-11-22T13:11:04.590+0000] {logging_mixin.py:190} INFO - Task instance is in running state
[2024-11-22T13:11:04.590+0000] {logging_mixin.py:190} INFO -  Previous state of the Task instance: queued
[2024-11-22T13:11:04.590+0000] {logging_mixin.py:190} INFO - Current task name:read_csv state:running start_date:2024-11-22 13:11:04.485756+00:00
[2024-11-22T13:11:04.590+0000] {logging_mixin.py:190} INFO - Dag name:Projet_poubelle and current dag run status:running
[2024-11-22T13:11:04.590+0000] {taskinstance.py:731} INFO - ::endgroup::
[2024-11-22T13:11:04.610+0000] {python.py:240} INFO - Done. Returned value was: None
[2024-11-22T13:11:04.616+0000] {taskinstance.py:340} INFO - ::group::Post task execution logs
[2024-11-22T13:11:04.617+0000] {taskinstance.py:352} INFO - Marking task as SUCCESS. dag_id=Projet_poubelle, task_id=read_csv, run_id=scheduled__2024-11-22T13:10:00+00:00, execution_date=20241122T131000, start_date=20241122T131104, end_date=20241122T131104
[2024-11-22T13:11:04.623+0000] {logging_mixin.py:190} INFO - Task instance in success state
[2024-11-22T13:11:04.624+0000] {logging_mixin.py:190} INFO -  Previous state of the Task instance: running
[2024-11-22T13:11:04.624+0000] {logging_mixin.py:190} INFO - Dag name:Projet_poubelle queued_at:2024-11-22 13:11:00.688050+00:00
[2024-11-22T13:11:04.624+0000] {logging_mixin.py:190} INFO - Task hostname:5365fe4338c6 operator:PythonOperator
[2024-11-22T13:11:04.640+0000] {local_task_job_runner.py:266} INFO - Task exited with return code 0
[2024-11-22T13:11:04.653+0000] {taskinstance.py:3900} INFO - 0 downstream tasks scheduled from follow-on schedule check
[2024-11-22T13:11:04.654+0000] {local_task_job_runner.py:245} INFO - ::endgroup::
