[2025-01-06T08:20:08.838+0000] {processor.py:186} INFO - Started process (PID=81) to work on /home/airflow/.local/lib/python3.12/site-packages/airflow/example_dags/example_datasets.py
[2025-01-06T08:20:08.838+0000] {processor.py:914} INFO - Processing file /home/airflow/.local/lib/python3.12/site-packages/airflow/example_dags/example_datasets.py for tasks to queue
[2025-01-06T08:20:08.840+0000] {logging_mixin.py:190} INFO - [2025-01-06T08:20:08.839+0000] {dagbag.py:588} INFO - Filling up the DagBag from /home/airflow/.local/lib/python3.12/site-packages/airflow/example_dags/example_datasets.py
[2025-01-06T08:20:08.929+0000] {processor.py:925} INFO - DAG(s) 'dataset_consumes_1_never_scheduled', 'dataset_produces_1', 'dataset_produces_2', 'conditional_dataset_and_time_based_timetable', 'dataset_consumes_unknown_never_scheduled', 'consume_1_or_2_with_dataset_expressions', 'consume_1_or_both_2_and_3_with_dataset_expressions', 'dataset_consumes_1', 'dataset_consumes_1_and_2', 'consume_1_and_2_with_dataset_expressions' retrieved from /home/airflow/.local/lib/python3.12/site-packages/airflow/example_dags/example_datasets.py
[2025-01-06T08:20:08.958+0000] {logging_mixin.py:190} INFO - [2025-01-06T08:20:08.958+0000] {dag.py:3239} INFO - Sync 10 DAGs
[2025-01-06T08:20:08.976+0000] {logging_mixin.py:190} INFO - [2025-01-06T08:20:08.976+0000] {dag.py:4180} INFO - Setting next_dagrun for conditional_dataset_and_time_based_timetable to 2025-01-01 01:00:00+00:00, run_after=2025-01-01 01:00:00+00:00
[2025-01-06T08:20:08.978+0000] {logging_mixin.py:190} INFO - [2025-01-06T08:20:08.978+0000] {dag.py:4180} INFO - Setting next_dagrun for consume_1_and_2_with_dataset_expressions to None, run_after=None
[2025-01-06T08:20:08.980+0000] {logging_mixin.py:190} INFO - [2025-01-06T08:20:08.980+0000] {dag.py:4180} INFO - Setting next_dagrun for consume_1_or_2_with_dataset_expressions to None, run_after=None
[2025-01-06T08:20:08.981+0000] {logging_mixin.py:190} INFO - [2025-01-06T08:20:08.981+0000] {dag.py:4180} INFO - Setting next_dagrun for consume_1_or_both_2_and_3_with_dataset_expressions to None, run_after=None
[2025-01-06T08:20:08.982+0000] {logging_mixin.py:190} INFO - [2025-01-06T08:20:08.982+0000] {dag.py:4180} INFO - Setting next_dagrun for dataset_consumes_1 to None, run_after=None
[2025-01-06T08:20:08.983+0000] {logging_mixin.py:190} INFO - [2025-01-06T08:20:08.983+0000] {dag.py:4180} INFO - Setting next_dagrun for dataset_consumes_1_and_2 to None, run_after=None
[2025-01-06T08:20:08.984+0000] {logging_mixin.py:190} INFO - [2025-01-06T08:20:08.983+0000] {dag.py:4180} INFO - Setting next_dagrun for dataset_consumes_1_never_scheduled to None, run_after=None
[2025-01-06T08:20:08.984+0000] {logging_mixin.py:190} INFO - [2025-01-06T08:20:08.984+0000] {dag.py:4180} INFO - Setting next_dagrun for dataset_consumes_unknown_never_scheduled to None, run_after=None
[2025-01-06T08:20:08.986+0000] {logging_mixin.py:190} INFO - [2025-01-06T08:20:08.986+0000] {dag.py:4180} INFO - Setting next_dagrun for dataset_produces_1 to 2025-01-05 00:00:00+00:00, run_after=2025-01-06 00:00:00+00:00
[2025-01-06T08:20:08.987+0000] {logging_mixin.py:190} INFO - [2025-01-06T08:20:08.987+0000] {dag.py:4180} INFO - Setting next_dagrun for dataset_produces_2 to None, run_after=None
[2025-01-06T08:20:09.013+0000] {processor.py:208} INFO - Processing /home/airflow/.local/lib/python3.12/site-packages/airflow/example_dags/example_datasets.py took 0.179 seconds
[2025-01-06T08:20:39.630+0000] {processor.py:186} INFO - Started process (PID=157) to work on /home/airflow/.local/lib/python3.12/site-packages/airflow/example_dags/example_datasets.py
[2025-01-06T08:20:39.631+0000] {processor.py:914} INFO - Processing file /home/airflow/.local/lib/python3.12/site-packages/airflow/example_dags/example_datasets.py for tasks to queue
[2025-01-06T08:20:39.632+0000] {logging_mixin.py:190} INFO - [2025-01-06T08:20:39.632+0000] {dagbag.py:588} INFO - Filling up the DagBag from /home/airflow/.local/lib/python3.12/site-packages/airflow/example_dags/example_datasets.py
[2025-01-06T08:20:39.721+0000] {processor.py:925} INFO - DAG(s) 'consume_1_or_both_2_and_3_with_dataset_expressions', 'dataset_produces_2', 'dataset_consumes_1_and_2', 'consume_1_and_2_with_dataset_expressions', 'dataset_consumes_1_never_scheduled', 'dataset_consumes_unknown_never_scheduled', 'dataset_consumes_1', 'dataset_produces_1', 'consume_1_or_2_with_dataset_expressions', 'conditional_dataset_and_time_based_timetable' retrieved from /home/airflow/.local/lib/python3.12/site-packages/airflow/example_dags/example_datasets.py
[2025-01-06T08:20:39.747+0000] {logging_mixin.py:190} INFO - [2025-01-06T08:20:39.747+0000] {dag.py:3239} INFO - Sync 10 DAGs
[2025-01-06T08:20:39.766+0000] {logging_mixin.py:190} INFO - [2025-01-06T08:20:39.766+0000] {dag.py:4180} INFO - Setting next_dagrun for conditional_dataset_and_time_based_timetable to 2025-01-01 01:00:00+00:00, run_after=2025-01-01 01:00:00+00:00
[2025-01-06T08:20:39.768+0000] {logging_mixin.py:190} INFO - [2025-01-06T08:20:39.768+0000] {dag.py:4180} INFO - Setting next_dagrun for consume_1_and_2_with_dataset_expressions to None, run_after=None
[2025-01-06T08:20:39.768+0000] {logging_mixin.py:190} INFO - [2025-01-06T08:20:39.768+0000] {dag.py:4180} INFO - Setting next_dagrun for consume_1_or_2_with_dataset_expressions to None, run_after=None
[2025-01-06T08:20:39.769+0000] {logging_mixin.py:190} INFO - [2025-01-06T08:20:39.769+0000] {dag.py:4180} INFO - Setting next_dagrun for consume_1_or_both_2_and_3_with_dataset_expressions to None, run_after=None
[2025-01-06T08:20:39.769+0000] {logging_mixin.py:190} INFO - [2025-01-06T08:20:39.769+0000] {dag.py:4180} INFO - Setting next_dagrun for dataset_consumes_1 to None, run_after=None
[2025-01-06T08:20:39.770+0000] {logging_mixin.py:190} INFO - [2025-01-06T08:20:39.770+0000] {dag.py:4180} INFO - Setting next_dagrun for dataset_consumes_1_and_2 to None, run_after=None
[2025-01-06T08:20:39.771+0000] {logging_mixin.py:190} INFO - [2025-01-06T08:20:39.771+0000] {dag.py:4180} INFO - Setting next_dagrun for dataset_consumes_1_never_scheduled to None, run_after=None
[2025-01-06T08:20:39.771+0000] {logging_mixin.py:190} INFO - [2025-01-06T08:20:39.771+0000] {dag.py:4180} INFO - Setting next_dagrun for dataset_consumes_unknown_never_scheduled to None, run_after=None
[2025-01-06T08:20:39.772+0000] {logging_mixin.py:190} INFO - [2025-01-06T08:20:39.772+0000] {dag.py:4180} INFO - Setting next_dagrun for dataset_produces_1 to 2025-01-05 00:00:00+00:00, run_after=2025-01-06 00:00:00+00:00
[2025-01-06T08:20:39.773+0000] {logging_mixin.py:190} INFO - [2025-01-06T08:20:39.773+0000] {dag.py:4180} INFO - Setting next_dagrun for dataset_produces_2 to None, run_after=None
[2025-01-06T08:20:39.788+0000] {processor.py:208} INFO - Processing /home/airflow/.local/lib/python3.12/site-packages/airflow/example_dags/example_datasets.py took 0.162 seconds
[2025-01-06T08:21:10.061+0000] {processor.py:186} INFO - Started process (PID=228) to work on /home/airflow/.local/lib/python3.12/site-packages/airflow/example_dags/example_datasets.py
[2025-01-06T08:21:10.062+0000] {processor.py:914} INFO - Processing file /home/airflow/.local/lib/python3.12/site-packages/airflow/example_dags/example_datasets.py for tasks to queue
[2025-01-06T08:21:10.063+0000] {logging_mixin.py:190} INFO - [2025-01-06T08:21:10.063+0000] {dagbag.py:588} INFO - Filling up the DagBag from /home/airflow/.local/lib/python3.12/site-packages/airflow/example_dags/example_datasets.py
[2025-01-06T08:21:10.147+0000] {processor.py:925} INFO - DAG(s) 'dataset_consumes_1_never_scheduled', 'dataset_consumes_1_and_2', 'dataset_consumes_1', 'consume_1_or_both_2_and_3_with_dataset_expressions', 'consume_1_or_2_with_dataset_expressions', 'dataset_produces_2', 'consume_1_and_2_with_dataset_expressions', 'conditional_dataset_and_time_based_timetable', 'dataset_consumes_unknown_never_scheduled', 'dataset_produces_1' retrieved from /home/airflow/.local/lib/python3.12/site-packages/airflow/example_dags/example_datasets.py
[2025-01-06T08:21:10.169+0000] {logging_mixin.py:190} INFO - [2025-01-06T08:21:10.169+0000] {dag.py:3239} INFO - Sync 10 DAGs
[2025-01-06T08:21:10.184+0000] {logging_mixin.py:190} INFO - [2025-01-06T08:21:10.184+0000] {dag.py:4180} INFO - Setting next_dagrun for conditional_dataset_and_time_based_timetable to 2025-01-01 01:00:00+00:00, run_after=2025-01-01 01:00:00+00:00
[2025-01-06T08:21:10.186+0000] {logging_mixin.py:190} INFO - [2025-01-06T08:21:10.186+0000] {dag.py:4180} INFO - Setting next_dagrun for consume_1_and_2_with_dataset_expressions to None, run_after=None
[2025-01-06T08:21:10.187+0000] {logging_mixin.py:190} INFO - [2025-01-06T08:21:10.186+0000] {dag.py:4180} INFO - Setting next_dagrun for consume_1_or_2_with_dataset_expressions to None, run_after=None
[2025-01-06T08:21:10.187+0000] {logging_mixin.py:190} INFO - [2025-01-06T08:21:10.187+0000] {dag.py:4180} INFO - Setting next_dagrun for consume_1_or_both_2_and_3_with_dataset_expressions to None, run_after=None
[2025-01-06T08:21:10.188+0000] {logging_mixin.py:190} INFO - [2025-01-06T08:21:10.188+0000] {dag.py:4180} INFO - Setting next_dagrun for dataset_consumes_1 to None, run_after=None
[2025-01-06T08:21:10.189+0000] {logging_mixin.py:190} INFO - [2025-01-06T08:21:10.188+0000] {dag.py:4180} INFO - Setting next_dagrun for dataset_consumes_1_and_2 to None, run_after=None
[2025-01-06T08:21:10.189+0000] {logging_mixin.py:190} INFO - [2025-01-06T08:21:10.189+0000] {dag.py:4180} INFO - Setting next_dagrun for dataset_consumes_1_never_scheduled to None, run_after=None
[2025-01-06T08:21:10.190+0000] {logging_mixin.py:190} INFO - [2025-01-06T08:21:10.190+0000] {dag.py:4180} INFO - Setting next_dagrun for dataset_consumes_unknown_never_scheduled to None, run_after=None
[2025-01-06T08:21:10.191+0000] {logging_mixin.py:190} INFO - [2025-01-06T08:21:10.191+0000] {dag.py:4180} INFO - Setting next_dagrun for dataset_produces_1 to 2025-01-05 00:00:00+00:00, run_after=2025-01-06 00:00:00+00:00
[2025-01-06T08:21:10.192+0000] {logging_mixin.py:190} INFO - [2025-01-06T08:21:10.191+0000] {dag.py:4180} INFO - Setting next_dagrun for dataset_produces_2 to None, run_after=None
[2025-01-06T08:21:10.206+0000] {processor.py:208} INFO - Processing /home/airflow/.local/lib/python3.12/site-packages/airflow/example_dags/example_datasets.py took 0.148 seconds
[2025-01-06T08:21:40.462+0000] {processor.py:186} INFO - Started process (PID=294) to work on /home/airflow/.local/lib/python3.12/site-packages/airflow/example_dags/example_datasets.py
[2025-01-06T08:21:40.463+0000] {processor.py:914} INFO - Processing file /home/airflow/.local/lib/python3.12/site-packages/airflow/example_dags/example_datasets.py for tasks to queue
[2025-01-06T08:21:40.464+0000] {logging_mixin.py:190} INFO - [2025-01-06T08:21:40.464+0000] {dagbag.py:588} INFO - Filling up the DagBag from /home/airflow/.local/lib/python3.12/site-packages/airflow/example_dags/example_datasets.py
[2025-01-06T08:21:40.550+0000] {processor.py:925} INFO - DAG(s) 'dataset_consumes_1_and_2', 'dataset_produces_2', 'conditional_dataset_and_time_based_timetable', 'consume_1_or_2_with_dataset_expressions', 'consume_1_and_2_with_dataset_expressions', 'dataset_consumes_1', 'dataset_consumes_1_never_scheduled', 'dataset_produces_1', 'dataset_consumes_unknown_never_scheduled', 'consume_1_or_both_2_and_3_with_dataset_expressions' retrieved from /home/airflow/.local/lib/python3.12/site-packages/airflow/example_dags/example_datasets.py
[2025-01-06T08:21:40.575+0000] {logging_mixin.py:190} INFO - [2025-01-06T08:21:40.575+0000] {dag.py:3239} INFO - Sync 10 DAGs
[2025-01-06T08:21:40.590+0000] {logging_mixin.py:190} INFO - [2025-01-06T08:21:40.590+0000] {dag.py:4180} INFO - Setting next_dagrun for conditional_dataset_and_time_based_timetable to 2025-01-01 01:00:00+00:00, run_after=2025-01-01 01:00:00+00:00
[2025-01-06T08:21:40.592+0000] {logging_mixin.py:190} INFO - [2025-01-06T08:21:40.592+0000] {dag.py:4180} INFO - Setting next_dagrun for consume_1_and_2_with_dataset_expressions to None, run_after=None
[2025-01-06T08:21:40.593+0000] {logging_mixin.py:190} INFO - [2025-01-06T08:21:40.593+0000] {dag.py:4180} INFO - Setting next_dagrun for consume_1_or_2_with_dataset_expressions to None, run_after=None
[2025-01-06T08:21:40.594+0000] {logging_mixin.py:190} INFO - [2025-01-06T08:21:40.593+0000] {dag.py:4180} INFO - Setting next_dagrun for consume_1_or_both_2_and_3_with_dataset_expressions to None, run_after=None
[2025-01-06T08:21:40.594+0000] {logging_mixin.py:190} INFO - [2025-01-06T08:21:40.594+0000] {dag.py:4180} INFO - Setting next_dagrun for dataset_consumes_1 to None, run_after=None
[2025-01-06T08:21:40.596+0000] {logging_mixin.py:190} INFO - [2025-01-06T08:21:40.596+0000] {dag.py:4180} INFO - Setting next_dagrun for dataset_consumes_1_and_2 to None, run_after=None
[2025-01-06T08:21:40.597+0000] {logging_mixin.py:190} INFO - [2025-01-06T08:21:40.597+0000] {dag.py:4180} INFO - Setting next_dagrun for dataset_consumes_1_never_scheduled to None, run_after=None
[2025-01-06T08:21:40.597+0000] {logging_mixin.py:190} INFO - [2025-01-06T08:21:40.597+0000] {dag.py:4180} INFO - Setting next_dagrun for dataset_consumes_unknown_never_scheduled to None, run_after=None
[2025-01-06T08:21:40.598+0000] {logging_mixin.py:190} INFO - [2025-01-06T08:21:40.598+0000] {dag.py:4180} INFO - Setting next_dagrun for dataset_produces_1 to 2025-01-05 00:00:00+00:00, run_after=2025-01-06 00:00:00+00:00
[2025-01-06T08:21:40.599+0000] {logging_mixin.py:190} INFO - [2025-01-06T08:21:40.599+0000] {dag.py:4180} INFO - Setting next_dagrun for dataset_produces_2 to None, run_after=None
[2025-01-06T08:21:40.615+0000] {processor.py:208} INFO - Processing /home/airflow/.local/lib/python3.12/site-packages/airflow/example_dags/example_datasets.py took 0.156 seconds
[2025-01-06T08:22:10.957+0000] {processor.py:186} INFO - Started process (PID=365) to work on /home/airflow/.local/lib/python3.12/site-packages/airflow/example_dags/example_datasets.py
[2025-01-06T08:22:10.957+0000] {processor.py:914} INFO - Processing file /home/airflow/.local/lib/python3.12/site-packages/airflow/example_dags/example_datasets.py for tasks to queue
[2025-01-06T08:22:10.958+0000] {logging_mixin.py:190} INFO - [2025-01-06T08:22:10.958+0000] {dagbag.py:588} INFO - Filling up the DagBag from /home/airflow/.local/lib/python3.12/site-packages/airflow/example_dags/example_datasets.py
[2025-01-06T08:22:11.041+0000] {processor.py:925} INFO - DAG(s) 'dataset_consumes_1_and_2', 'dataset_consumes_unknown_never_scheduled', 'dataset_consumes_1', 'consume_1_or_2_with_dataset_expressions', 'conditional_dataset_and_time_based_timetable', 'consume_1_and_2_with_dataset_expressions', 'dataset_consumes_1_never_scheduled', 'dataset_produces_1', 'dataset_produces_2', 'consume_1_or_both_2_and_3_with_dataset_expressions' retrieved from /home/airflow/.local/lib/python3.12/site-packages/airflow/example_dags/example_datasets.py
[2025-01-06T08:22:11.071+0000] {logging_mixin.py:190} INFO - [2025-01-06T08:22:11.070+0000] {dag.py:3239} INFO - Sync 10 DAGs
[2025-01-06T08:22:11.103+0000] {logging_mixin.py:190} INFO - [2025-01-06T08:22:11.103+0000] {dag.py:4180} INFO - Setting next_dagrun for conditional_dataset_and_time_based_timetable to 2025-01-01 01:00:00+00:00, run_after=2025-01-01 01:00:00+00:00
[2025-01-06T08:22:11.106+0000] {logging_mixin.py:190} INFO - [2025-01-06T08:22:11.106+0000] {dag.py:4180} INFO - Setting next_dagrun for consume_1_and_2_with_dataset_expressions to None, run_after=None
[2025-01-06T08:22:11.107+0000] {logging_mixin.py:190} INFO - [2025-01-06T08:22:11.107+0000] {dag.py:4180} INFO - Setting next_dagrun for consume_1_or_2_with_dataset_expressions to None, run_after=None
[2025-01-06T08:22:11.108+0000] {logging_mixin.py:190} INFO - [2025-01-06T08:22:11.108+0000] {dag.py:4180} INFO - Setting next_dagrun for consume_1_or_both_2_and_3_with_dataset_expressions to None, run_after=None
[2025-01-06T08:22:11.109+0000] {logging_mixin.py:190} INFO - [2025-01-06T08:22:11.108+0000] {dag.py:4180} INFO - Setting next_dagrun for dataset_consumes_1 to None, run_after=None
[2025-01-06T08:22:11.111+0000] {logging_mixin.py:190} INFO - [2025-01-06T08:22:11.111+0000] {dag.py:4180} INFO - Setting next_dagrun for dataset_consumes_1_and_2 to None, run_after=None
[2025-01-06T08:22:11.112+0000] {logging_mixin.py:190} INFO - [2025-01-06T08:22:11.112+0000] {dag.py:4180} INFO - Setting next_dagrun for dataset_consumes_1_never_scheduled to None, run_after=None
[2025-01-06T08:22:11.113+0000] {logging_mixin.py:190} INFO - [2025-01-06T08:22:11.113+0000] {dag.py:4180} INFO - Setting next_dagrun for dataset_consumes_unknown_never_scheduled to None, run_after=None
[2025-01-06T08:22:11.115+0000] {logging_mixin.py:190} INFO - [2025-01-06T08:22:11.115+0000] {dag.py:4180} INFO - Setting next_dagrun for dataset_produces_1 to 2025-01-05 00:00:00+00:00, run_after=2025-01-06 00:00:00+00:00
[2025-01-06T08:22:11.116+0000] {logging_mixin.py:190} INFO - [2025-01-06T08:22:11.116+0000] {dag.py:4180} INFO - Setting next_dagrun for dataset_produces_2 to None, run_after=None
[2025-01-06T08:22:11.140+0000] {processor.py:208} INFO - Processing /home/airflow/.local/lib/python3.12/site-packages/airflow/example_dags/example_datasets.py took 0.186 seconds
[2025-01-06T08:22:41.421+0000] {processor.py:186} INFO - Started process (PID=431) to work on /home/airflow/.local/lib/python3.12/site-packages/airflow/example_dags/example_datasets.py
[2025-01-06T08:22:41.422+0000] {processor.py:914} INFO - Processing file /home/airflow/.local/lib/python3.12/site-packages/airflow/example_dags/example_datasets.py for tasks to queue
[2025-01-06T08:22:41.423+0000] {logging_mixin.py:190} INFO - [2025-01-06T08:22:41.423+0000] {dagbag.py:588} INFO - Filling up the DagBag from /home/airflow/.local/lib/python3.12/site-packages/airflow/example_dags/example_datasets.py
[2025-01-06T08:22:41.508+0000] {processor.py:925} INFO - DAG(s) 'dataset_consumes_1_and_2', 'consume_1_and_2_with_dataset_expressions', 'dataset_consumes_1_never_scheduled', 'consume_1_or_both_2_and_3_with_dataset_expressions', 'dataset_produces_1', 'conditional_dataset_and_time_based_timetable', 'dataset_consumes_1', 'dataset_consumes_unknown_never_scheduled', 'dataset_produces_2', 'consume_1_or_2_with_dataset_expressions' retrieved from /home/airflow/.local/lib/python3.12/site-packages/airflow/example_dags/example_datasets.py
[2025-01-06T08:22:41.529+0000] {logging_mixin.py:190} INFO - [2025-01-06T08:22:41.529+0000] {dag.py:3239} INFO - Sync 10 DAGs
[2025-01-06T08:22:41.547+0000] {logging_mixin.py:190} INFO - [2025-01-06T08:22:41.546+0000] {dag.py:4180} INFO - Setting next_dagrun for conditional_dataset_and_time_based_timetable to 2025-01-01 01:00:00+00:00, run_after=2025-01-01 01:00:00+00:00
[2025-01-06T08:22:41.549+0000] {logging_mixin.py:190} INFO - [2025-01-06T08:22:41.549+0000] {dag.py:4180} INFO - Setting next_dagrun for consume_1_and_2_with_dataset_expressions to None, run_after=None
[2025-01-06T08:22:41.549+0000] {logging_mixin.py:190} INFO - [2025-01-06T08:22:41.549+0000] {dag.py:4180} INFO - Setting next_dagrun for consume_1_or_2_with_dataset_expressions to None, run_after=None
[2025-01-06T08:22:41.550+0000] {logging_mixin.py:190} INFO - [2025-01-06T08:22:41.550+0000] {dag.py:4180} INFO - Setting next_dagrun for consume_1_or_both_2_and_3_with_dataset_expressions to None, run_after=None
[2025-01-06T08:22:41.551+0000] {logging_mixin.py:190} INFO - [2025-01-06T08:22:41.551+0000] {dag.py:4180} INFO - Setting next_dagrun for dataset_consumes_1 to None, run_after=None
[2025-01-06T08:22:41.552+0000] {logging_mixin.py:190} INFO - [2025-01-06T08:22:41.552+0000] {dag.py:4180} INFO - Setting next_dagrun for dataset_consumes_1_and_2 to None, run_after=None
[2025-01-06T08:22:41.553+0000] {logging_mixin.py:190} INFO - [2025-01-06T08:22:41.553+0000] {dag.py:4180} INFO - Setting next_dagrun for dataset_consumes_1_never_scheduled to None, run_after=None
[2025-01-06T08:22:41.553+0000] {logging_mixin.py:190} INFO - [2025-01-06T08:22:41.553+0000] {dag.py:4180} INFO - Setting next_dagrun for dataset_consumes_unknown_never_scheduled to None, run_after=None
[2025-01-06T08:22:41.555+0000] {logging_mixin.py:190} INFO - [2025-01-06T08:22:41.554+0000] {dag.py:4180} INFO - Setting next_dagrun for dataset_produces_1 to 2025-01-05 00:00:00+00:00, run_after=2025-01-06 00:00:00+00:00
[2025-01-06T08:22:41.555+0000] {logging_mixin.py:190} INFO - [2025-01-06T08:22:41.555+0000] {dag.py:4180} INFO - Setting next_dagrun for dataset_produces_2 to None, run_after=None
[2025-01-06T08:22:41.570+0000] {processor.py:208} INFO - Processing /home/airflow/.local/lib/python3.12/site-packages/airflow/example_dags/example_datasets.py took 0.152 seconds
[2025-01-06T08:23:11.832+0000] {processor.py:186} INFO - Started process (PID=502) to work on /home/airflow/.local/lib/python3.12/site-packages/airflow/example_dags/example_datasets.py
[2025-01-06T08:23:11.833+0000] {processor.py:914} INFO - Processing file /home/airflow/.local/lib/python3.12/site-packages/airflow/example_dags/example_datasets.py for tasks to queue
[2025-01-06T08:23:11.834+0000] {logging_mixin.py:190} INFO - [2025-01-06T08:23:11.834+0000] {dagbag.py:588} INFO - Filling up the DagBag from /home/airflow/.local/lib/python3.12/site-packages/airflow/example_dags/example_datasets.py
[2025-01-06T08:23:11.918+0000] {processor.py:925} INFO - DAG(s) 'consume_1_and_2_with_dataset_expressions', 'consume_1_or_2_with_dataset_expressions', 'dataset_produces_1', 'dataset_consumes_1_and_2', 'dataset_consumes_unknown_never_scheduled', 'conditional_dataset_and_time_based_timetable', 'dataset_consumes_1', 'dataset_consumes_1_never_scheduled', 'consume_1_or_both_2_and_3_with_dataset_expressions', 'dataset_produces_2' retrieved from /home/airflow/.local/lib/python3.12/site-packages/airflow/example_dags/example_datasets.py
[2025-01-06T08:23:11.949+0000] {logging_mixin.py:190} INFO - [2025-01-06T08:23:11.949+0000] {dag.py:3239} INFO - Sync 10 DAGs
[2025-01-06T08:23:11.962+0000] {logging_mixin.py:190} INFO - [2025-01-06T08:23:11.962+0000] {dag.py:4180} INFO - Setting next_dagrun for conditional_dataset_and_time_based_timetable to 2025-01-01 01:00:00+00:00, run_after=2025-01-01 01:00:00+00:00
[2025-01-06T08:23:11.964+0000] {logging_mixin.py:190} INFO - [2025-01-06T08:23:11.964+0000] {dag.py:4180} INFO - Setting next_dagrun for consume_1_and_2_with_dataset_expressions to None, run_after=None
[2025-01-06T08:23:11.965+0000] {logging_mixin.py:190} INFO - [2025-01-06T08:23:11.965+0000] {dag.py:4180} INFO - Setting next_dagrun for consume_1_or_2_with_dataset_expressions to None, run_after=None
[2025-01-06T08:23:11.966+0000] {logging_mixin.py:190} INFO - [2025-01-06T08:23:11.965+0000] {dag.py:4180} INFO - Setting next_dagrun for consume_1_or_both_2_and_3_with_dataset_expressions to None, run_after=None
[2025-01-06T08:23:11.966+0000] {logging_mixin.py:190} INFO - [2025-01-06T08:23:11.966+0000] {dag.py:4180} INFO - Setting next_dagrun for dataset_consumes_1 to None, run_after=None
[2025-01-06T08:23:11.968+0000] {logging_mixin.py:190} INFO - [2025-01-06T08:23:11.967+0000] {dag.py:4180} INFO - Setting next_dagrun for dataset_consumes_1_and_2 to None, run_after=None
[2025-01-06T08:23:11.968+0000] {logging_mixin.py:190} INFO - [2025-01-06T08:23:11.968+0000] {dag.py:4180} INFO - Setting next_dagrun for dataset_consumes_1_never_scheduled to None, run_after=None
[2025-01-06T08:23:11.969+0000] {logging_mixin.py:190} INFO - [2025-01-06T08:23:11.969+0000] {dag.py:4180} INFO - Setting next_dagrun for dataset_consumes_unknown_never_scheduled to None, run_after=None
[2025-01-06T08:23:11.970+0000] {logging_mixin.py:190} INFO - [2025-01-06T08:23:11.970+0000] {dag.py:4180} INFO - Setting next_dagrun for dataset_produces_1 to 2025-01-05 00:00:00+00:00, run_after=2025-01-06 00:00:00+00:00
[2025-01-06T08:23:11.970+0000] {logging_mixin.py:190} INFO - [2025-01-06T08:23:11.970+0000] {dag.py:4180} INFO - Setting next_dagrun for dataset_produces_2 to None, run_after=None
[2025-01-06T08:23:11.986+0000] {processor.py:208} INFO - Processing /home/airflow/.local/lib/python3.12/site-packages/airflow/example_dags/example_datasets.py took 0.157 seconds
[2025-01-06T08:23:42.389+0000] {processor.py:186} INFO - Started process (PID=568) to work on /home/airflow/.local/lib/python3.12/site-packages/airflow/example_dags/example_datasets.py
[2025-01-06T08:23:42.389+0000] {processor.py:914} INFO - Processing file /home/airflow/.local/lib/python3.12/site-packages/airflow/example_dags/example_datasets.py for tasks to queue
[2025-01-06T08:23:42.391+0000] {logging_mixin.py:190} INFO - [2025-01-06T08:23:42.390+0000] {dagbag.py:588} INFO - Filling up the DagBag from /home/airflow/.local/lib/python3.12/site-packages/airflow/example_dags/example_datasets.py
[2025-01-06T08:23:42.478+0000] {processor.py:925} INFO - DAG(s) 'consume_1_or_both_2_and_3_with_dataset_expressions', 'conditional_dataset_and_time_based_timetable', 'dataset_produces_2', 'consume_1_and_2_with_dataset_expressions', 'dataset_consumes_1', 'consume_1_or_2_with_dataset_expressions', 'dataset_consumes_1_never_scheduled', 'dataset_produces_1', 'dataset_consumes_unknown_never_scheduled', 'dataset_consumes_1_and_2' retrieved from /home/airflow/.local/lib/python3.12/site-packages/airflow/example_dags/example_datasets.py
[2025-01-06T08:23:42.508+0000] {logging_mixin.py:190} INFO - [2025-01-06T08:23:42.508+0000] {dag.py:3239} INFO - Sync 10 DAGs
[2025-01-06T08:23:42.529+0000] {logging_mixin.py:190} INFO - [2025-01-06T08:23:42.529+0000] {dag.py:4180} INFO - Setting next_dagrun for conditional_dataset_and_time_based_timetable to 2025-01-01 01:00:00+00:00, run_after=2025-01-01 01:00:00+00:00
[2025-01-06T08:23:42.532+0000] {logging_mixin.py:190} INFO - [2025-01-06T08:23:42.532+0000] {dag.py:4180} INFO - Setting next_dagrun for consume_1_and_2_with_dataset_expressions to None, run_after=None
[2025-01-06T08:23:42.533+0000] {logging_mixin.py:190} INFO - [2025-01-06T08:23:42.533+0000] {dag.py:4180} INFO - Setting next_dagrun for consume_1_or_2_with_dataset_expressions to None, run_after=None
[2025-01-06T08:23:42.534+0000] {logging_mixin.py:190} INFO - [2025-01-06T08:23:42.534+0000] {dag.py:4180} INFO - Setting next_dagrun for consume_1_or_both_2_and_3_with_dataset_expressions to None, run_after=None
[2025-01-06T08:23:42.535+0000] {logging_mixin.py:190} INFO - [2025-01-06T08:23:42.535+0000] {dag.py:4180} INFO - Setting next_dagrun for dataset_consumes_1 to None, run_after=None
[2025-01-06T08:23:42.537+0000] {logging_mixin.py:190} INFO - [2025-01-06T08:23:42.537+0000] {dag.py:4180} INFO - Setting next_dagrun for dataset_consumes_1_and_2 to None, run_after=None
[2025-01-06T08:23:42.538+0000] {logging_mixin.py:190} INFO - [2025-01-06T08:23:42.538+0000] {dag.py:4180} INFO - Setting next_dagrun for dataset_consumes_1_never_scheduled to None, run_after=None
[2025-01-06T08:23:42.539+0000] {logging_mixin.py:190} INFO - [2025-01-06T08:23:42.539+0000] {dag.py:4180} INFO - Setting next_dagrun for dataset_consumes_unknown_never_scheduled to None, run_after=None
[2025-01-06T08:23:42.541+0000] {logging_mixin.py:190} INFO - [2025-01-06T08:23:42.541+0000] {dag.py:4180} INFO - Setting next_dagrun for dataset_produces_1 to 2025-01-05 00:00:00+00:00, run_after=2025-01-06 00:00:00+00:00
[2025-01-06T08:23:42.542+0000] {logging_mixin.py:190} INFO - [2025-01-06T08:23:42.542+0000] {dag.py:4180} INFO - Setting next_dagrun for dataset_produces_2 to None, run_after=None
[2025-01-06T08:23:42.565+0000] {processor.py:208} INFO - Processing /home/airflow/.local/lib/python3.12/site-packages/airflow/example_dags/example_datasets.py took 0.179 seconds
[2025-01-06T08:24:12.885+0000] {processor.py:186} INFO - Started process (PID=639) to work on /home/airflow/.local/lib/python3.12/site-packages/airflow/example_dags/example_datasets.py
[2025-01-06T08:24:12.886+0000] {processor.py:914} INFO - Processing file /home/airflow/.local/lib/python3.12/site-packages/airflow/example_dags/example_datasets.py for tasks to queue
[2025-01-06T08:24:12.887+0000] {logging_mixin.py:190} INFO - [2025-01-06T08:24:12.887+0000] {dagbag.py:588} INFO - Filling up the DagBag from /home/airflow/.local/lib/python3.12/site-packages/airflow/example_dags/example_datasets.py
[2025-01-06T08:24:12.972+0000] {processor.py:925} INFO - DAG(s) 'dataset_produces_2', 'dataset_consumes_1_and_2', 'dataset_consumes_1', 'consume_1_and_2_with_dataset_expressions', 'consume_1_or_2_with_dataset_expressions', 'dataset_consumes_1_never_scheduled', 'consume_1_or_both_2_and_3_with_dataset_expressions', 'dataset_produces_1', 'dataset_consumes_unknown_never_scheduled', 'conditional_dataset_and_time_based_timetable' retrieved from /home/airflow/.local/lib/python3.12/site-packages/airflow/example_dags/example_datasets.py
[2025-01-06T08:24:12.994+0000] {logging_mixin.py:190} INFO - [2025-01-06T08:24:12.993+0000] {dag.py:3239} INFO - Sync 10 DAGs
[2025-01-06T08:24:13.007+0000] {logging_mixin.py:190} INFO - [2025-01-06T08:24:13.007+0000] {dag.py:4180} INFO - Setting next_dagrun for conditional_dataset_and_time_based_timetable to 2025-01-01 01:00:00+00:00, run_after=2025-01-01 01:00:00+00:00
[2025-01-06T08:24:13.009+0000] {logging_mixin.py:190} INFO - [2025-01-06T08:24:13.009+0000] {dag.py:4180} INFO - Setting next_dagrun for consume_1_and_2_with_dataset_expressions to None, run_after=None
[2025-01-06T08:24:13.010+0000] {logging_mixin.py:190} INFO - [2025-01-06T08:24:13.010+0000] {dag.py:4180} INFO - Setting next_dagrun for consume_1_or_2_with_dataset_expressions to None, run_after=None
[2025-01-06T08:24:13.010+0000] {logging_mixin.py:190} INFO - [2025-01-06T08:24:13.010+0000] {dag.py:4180} INFO - Setting next_dagrun for consume_1_or_both_2_and_3_with_dataset_expressions to None, run_after=None
[2025-01-06T08:24:13.011+0000] {logging_mixin.py:190} INFO - [2025-01-06T08:24:13.011+0000] {dag.py:4180} INFO - Setting next_dagrun for dataset_consumes_1 to None, run_after=None
[2025-01-06T08:24:13.012+0000] {logging_mixin.py:190} INFO - [2025-01-06T08:24:13.012+0000] {dag.py:4180} INFO - Setting next_dagrun for dataset_consumes_1_and_2 to None, run_after=None
[2025-01-06T08:24:13.013+0000] {logging_mixin.py:190} INFO - [2025-01-06T08:24:13.013+0000] {dag.py:4180} INFO - Setting next_dagrun for dataset_consumes_1_never_scheduled to None, run_after=None
[2025-01-06T08:24:13.013+0000] {logging_mixin.py:190} INFO - [2025-01-06T08:24:13.013+0000] {dag.py:4180} INFO - Setting next_dagrun for dataset_consumes_unknown_never_scheduled to None, run_after=None
[2025-01-06T08:24:13.015+0000] {logging_mixin.py:190} INFO - [2025-01-06T08:24:13.014+0000] {dag.py:4180} INFO - Setting next_dagrun for dataset_produces_1 to 2025-01-05 00:00:00+00:00, run_after=2025-01-06 00:00:00+00:00
[2025-01-06T08:24:13.015+0000] {logging_mixin.py:190} INFO - [2025-01-06T08:24:13.015+0000] {dag.py:4180} INFO - Setting next_dagrun for dataset_produces_2 to None, run_after=None
[2025-01-06T08:24:13.035+0000] {processor.py:208} INFO - Processing /home/airflow/.local/lib/python3.12/site-packages/airflow/example_dags/example_datasets.py took 0.153 seconds
[2025-01-06T08:24:43.174+0000] {processor.py:186} INFO - Started process (PID=705) to work on /home/airflow/.local/lib/python3.12/site-packages/airflow/example_dags/example_datasets.py
[2025-01-06T08:24:43.175+0000] {processor.py:914} INFO - Processing file /home/airflow/.local/lib/python3.12/site-packages/airflow/example_dags/example_datasets.py for tasks to queue
[2025-01-06T08:24:43.176+0000] {logging_mixin.py:190} INFO - [2025-01-06T08:24:43.175+0000] {dagbag.py:588} INFO - Filling up the DagBag from /home/airflow/.local/lib/python3.12/site-packages/airflow/example_dags/example_datasets.py
[2025-01-06T08:24:43.264+0000] {processor.py:925} INFO - DAG(s) 'consume_1_or_both_2_and_3_with_dataset_expressions', 'consume_1_and_2_with_dataset_expressions', 'conditional_dataset_and_time_based_timetable', 'dataset_consumes_1_never_scheduled', 'dataset_produces_2', 'dataset_produces_1', 'consume_1_or_2_with_dataset_expressions', 'dataset_consumes_1', 'dataset_consumes_1_and_2', 'dataset_consumes_unknown_never_scheduled' retrieved from /home/airflow/.local/lib/python3.12/site-packages/airflow/example_dags/example_datasets.py
[2025-01-06T08:24:43.291+0000] {logging_mixin.py:190} INFO - [2025-01-06T08:24:43.291+0000] {dag.py:3239} INFO - Sync 10 DAGs
[2025-01-06T08:24:43.306+0000] {logging_mixin.py:190} INFO - [2025-01-06T08:24:43.306+0000] {dag.py:4180} INFO - Setting next_dagrun for conditional_dataset_and_time_based_timetable to 2025-01-01 01:00:00+00:00, run_after=2025-01-01 01:00:00+00:00
[2025-01-06T08:24:43.308+0000] {logging_mixin.py:190} INFO - [2025-01-06T08:24:43.308+0000] {dag.py:4180} INFO - Setting next_dagrun for consume_1_and_2_with_dataset_expressions to None, run_after=None
[2025-01-06T08:24:43.309+0000] {logging_mixin.py:190} INFO - [2025-01-06T08:24:43.309+0000] {dag.py:4180} INFO - Setting next_dagrun for consume_1_or_2_with_dataset_expressions to None, run_after=None
[2025-01-06T08:24:43.309+0000] {logging_mixin.py:190} INFO - [2025-01-06T08:24:43.309+0000] {dag.py:4180} INFO - Setting next_dagrun for consume_1_or_both_2_and_3_with_dataset_expressions to None, run_after=None
[2025-01-06T08:24:43.310+0000] {logging_mixin.py:190} INFO - [2025-01-06T08:24:43.310+0000] {dag.py:4180} INFO - Setting next_dagrun for dataset_consumes_1 to None, run_after=None
[2025-01-06T08:24:43.311+0000] {logging_mixin.py:190} INFO - [2025-01-06T08:24:43.311+0000] {dag.py:4180} INFO - Setting next_dagrun for dataset_consumes_1_and_2 to None, run_after=None
[2025-01-06T08:24:43.312+0000] {logging_mixin.py:190} INFO - [2025-01-06T08:24:43.312+0000] {dag.py:4180} INFO - Setting next_dagrun for dataset_consumes_1_never_scheduled to None, run_after=None
[2025-01-06T08:24:43.313+0000] {logging_mixin.py:190} INFO - [2025-01-06T08:24:43.313+0000] {dag.py:4180} INFO - Setting next_dagrun for dataset_consumes_unknown_never_scheduled to None, run_after=None
[2025-01-06T08:24:43.314+0000] {logging_mixin.py:190} INFO - [2025-01-06T08:24:43.314+0000] {dag.py:4180} INFO - Setting next_dagrun for dataset_produces_1 to 2025-01-05 00:00:00+00:00, run_after=2025-01-06 00:00:00+00:00
[2025-01-06T08:24:43.314+0000] {logging_mixin.py:190} INFO - [2025-01-06T08:24:43.314+0000] {dag.py:4180} INFO - Setting next_dagrun for dataset_produces_2 to None, run_after=None
[2025-01-06T08:24:43.330+0000] {processor.py:208} INFO - Processing /home/airflow/.local/lib/python3.12/site-packages/airflow/example_dags/example_datasets.py took 0.159 seconds
[2025-01-06T08:25:13.621+0000] {processor.py:186} INFO - Started process (PID=776) to work on /home/airflow/.local/lib/python3.12/site-packages/airflow/example_dags/example_datasets.py
[2025-01-06T08:25:13.622+0000] {processor.py:914} INFO - Processing file /home/airflow/.local/lib/python3.12/site-packages/airflow/example_dags/example_datasets.py for tasks to queue
[2025-01-06T08:25:13.623+0000] {logging_mixin.py:190} INFO - [2025-01-06T08:25:13.623+0000] {dagbag.py:588} INFO - Filling up the DagBag from /home/airflow/.local/lib/python3.12/site-packages/airflow/example_dags/example_datasets.py
[2025-01-06T08:25:13.712+0000] {processor.py:925} INFO - DAG(s) 'dataset_produces_2', 'dataset_consumes_1', 'dataset_produces_1', 'conditional_dataset_and_time_based_timetable', 'consume_1_or_2_with_dataset_expressions', 'dataset_consumes_unknown_never_scheduled', 'dataset_consumes_1_and_2', 'dataset_consumes_1_never_scheduled', 'consume_1_and_2_with_dataset_expressions', 'consume_1_or_both_2_and_3_with_dataset_expressions' retrieved from /home/airflow/.local/lib/python3.12/site-packages/airflow/example_dags/example_datasets.py
[2025-01-06T08:25:13.745+0000] {logging_mixin.py:190} INFO - [2025-01-06T08:25:13.745+0000] {dag.py:3239} INFO - Sync 10 DAGs
[2025-01-06T08:25:13.766+0000] {logging_mixin.py:190} INFO - [2025-01-06T08:25:13.766+0000] {dag.py:4180} INFO - Setting next_dagrun for conditional_dataset_and_time_based_timetable to 2025-01-01 01:00:00+00:00, run_after=2025-01-01 01:00:00+00:00
[2025-01-06T08:25:13.770+0000] {logging_mixin.py:190} INFO - [2025-01-06T08:25:13.769+0000] {dag.py:4180} INFO - Setting next_dagrun for consume_1_and_2_with_dataset_expressions to None, run_after=None
[2025-01-06T08:25:13.771+0000] {logging_mixin.py:190} INFO - [2025-01-06T08:25:13.770+0000] {dag.py:4180} INFO - Setting next_dagrun for consume_1_or_2_with_dataset_expressions to None, run_after=None
[2025-01-06T08:25:13.772+0000] {logging_mixin.py:190} INFO - [2025-01-06T08:25:13.771+0000] {dag.py:4180} INFO - Setting next_dagrun for consume_1_or_both_2_and_3_with_dataset_expressions to None, run_after=None
[2025-01-06T08:25:13.772+0000] {logging_mixin.py:190} INFO - [2025-01-06T08:25:13.772+0000] {dag.py:4180} INFO - Setting next_dagrun for dataset_consumes_1 to None, run_after=None
[2025-01-06T08:25:13.773+0000] {logging_mixin.py:190} INFO - [2025-01-06T08:25:13.773+0000] {dag.py:4180} INFO - Setting next_dagrun for dataset_consumes_1_and_2 to None, run_after=None
[2025-01-06T08:25:13.774+0000] {logging_mixin.py:190} INFO - [2025-01-06T08:25:13.774+0000] {dag.py:4180} INFO - Setting next_dagrun for dataset_consumes_1_never_scheduled to None, run_after=None
[2025-01-06T08:25:13.774+0000] {logging_mixin.py:190} INFO - [2025-01-06T08:25:13.774+0000] {dag.py:4180} INFO - Setting next_dagrun for dataset_consumes_unknown_never_scheduled to None, run_after=None
[2025-01-06T08:25:13.775+0000] {logging_mixin.py:190} INFO - [2025-01-06T08:25:13.775+0000] {dag.py:4180} INFO - Setting next_dagrun for dataset_produces_1 to 2025-01-05 00:00:00+00:00, run_after=2025-01-06 00:00:00+00:00
[2025-01-06T08:25:13.776+0000] {logging_mixin.py:190} INFO - [2025-01-06T08:25:13.776+0000] {dag.py:4180} INFO - Setting next_dagrun for dataset_produces_2 to None, run_after=None
[2025-01-06T08:25:13.792+0000] {processor.py:208} INFO - Processing /home/airflow/.local/lib/python3.12/site-packages/airflow/example_dags/example_datasets.py took 0.176 seconds
[2025-01-06T08:25:44.060+0000] {processor.py:186} INFO - Started process (PID=844) to work on /home/airflow/.local/lib/python3.12/site-packages/airflow/example_dags/example_datasets.py
[2025-01-06T08:25:44.060+0000] {processor.py:914} INFO - Processing file /home/airflow/.local/lib/python3.12/site-packages/airflow/example_dags/example_datasets.py for tasks to queue
[2025-01-06T08:25:44.062+0000] {logging_mixin.py:190} INFO - [2025-01-06T08:25:44.061+0000] {dagbag.py:588} INFO - Filling up the DagBag from /home/airflow/.local/lib/python3.12/site-packages/airflow/example_dags/example_datasets.py
[2025-01-06T08:25:44.148+0000] {processor.py:925} INFO - DAG(s) 'conditional_dataset_and_time_based_timetable', 'dataset_produces_1', 'dataset_consumes_1_never_scheduled', 'consume_1_or_2_with_dataset_expressions', 'consume_1_or_both_2_and_3_with_dataset_expressions', 'dataset_consumes_unknown_never_scheduled', 'dataset_consumes_1', 'consume_1_and_2_with_dataset_expressions', 'dataset_consumes_1_and_2', 'dataset_produces_2' retrieved from /home/airflow/.local/lib/python3.12/site-packages/airflow/example_dags/example_datasets.py
[2025-01-06T08:25:44.173+0000] {logging_mixin.py:190} INFO - [2025-01-06T08:25:44.173+0000] {dag.py:3239} INFO - Sync 10 DAGs
[2025-01-06T08:25:44.189+0000] {logging_mixin.py:190} INFO - [2025-01-06T08:25:44.189+0000] {dag.py:4180} INFO - Setting next_dagrun for conditional_dataset_and_time_based_timetable to 2025-01-01 01:00:00+00:00, run_after=2025-01-01 01:00:00+00:00
[2025-01-06T08:25:44.191+0000] {logging_mixin.py:190} INFO - [2025-01-06T08:25:44.191+0000] {dag.py:4180} INFO - Setting next_dagrun for consume_1_and_2_with_dataset_expressions to None, run_after=None
[2025-01-06T08:25:44.191+0000] {logging_mixin.py:190} INFO - [2025-01-06T08:25:44.191+0000] {dag.py:4180} INFO - Setting next_dagrun for consume_1_or_2_with_dataset_expressions to None, run_after=None
[2025-01-06T08:25:44.192+0000] {logging_mixin.py:190} INFO - [2025-01-06T08:25:44.192+0000] {dag.py:4180} INFO - Setting next_dagrun for consume_1_or_both_2_and_3_with_dataset_expressions to None, run_after=None
[2025-01-06T08:25:44.193+0000] {logging_mixin.py:190} INFO - [2025-01-06T08:25:44.192+0000] {dag.py:4180} INFO - Setting next_dagrun for dataset_consumes_1 to None, run_after=None
[2025-01-06T08:25:44.193+0000] {logging_mixin.py:190} INFO - [2025-01-06T08:25:44.193+0000] {dag.py:4180} INFO - Setting next_dagrun for dataset_consumes_1_and_2 to None, run_after=None
[2025-01-06T08:25:44.194+0000] {logging_mixin.py:190} INFO - [2025-01-06T08:25:44.194+0000] {dag.py:4180} INFO - Setting next_dagrun for dataset_consumes_1_never_scheduled to None, run_after=None
[2025-01-06T08:25:44.194+0000] {logging_mixin.py:190} INFO - [2025-01-06T08:25:44.194+0000] {dag.py:4180} INFO - Setting next_dagrun for dataset_consumes_unknown_never_scheduled to None, run_after=None
[2025-01-06T08:25:44.196+0000] {logging_mixin.py:190} INFO - [2025-01-06T08:25:44.195+0000] {dag.py:4180} INFO - Setting next_dagrun for dataset_produces_1 to 2025-01-05 00:00:00+00:00, run_after=2025-01-06 00:00:00+00:00
[2025-01-06T08:25:44.196+0000] {logging_mixin.py:190} INFO - [2025-01-06T08:25:44.196+0000] {dag.py:4180} INFO - Setting next_dagrun for dataset_produces_2 to None, run_after=None
[2025-01-06T08:25:44.211+0000] {processor.py:208} INFO - Processing /home/airflow/.local/lib/python3.12/site-packages/airflow/example_dags/example_datasets.py took 0.154 seconds
[2025-01-06T08:26:14.478+0000] {processor.py:186} INFO - Started process (PID=915) to work on /home/airflow/.local/lib/python3.12/site-packages/airflow/example_dags/example_datasets.py
[2025-01-06T08:26:14.478+0000] {processor.py:914} INFO - Processing file /home/airflow/.local/lib/python3.12/site-packages/airflow/example_dags/example_datasets.py for tasks to queue
[2025-01-06T08:26:14.479+0000] {logging_mixin.py:190} INFO - [2025-01-06T08:26:14.479+0000] {dagbag.py:588} INFO - Filling up the DagBag from /home/airflow/.local/lib/python3.12/site-packages/airflow/example_dags/example_datasets.py
[2025-01-06T08:26:14.567+0000] {processor.py:925} INFO - DAG(s) 'consume_1_and_2_with_dataset_expressions', 'conditional_dataset_and_time_based_timetable', 'dataset_consumes_1_and_2', 'dataset_consumes_1_never_scheduled', 'consume_1_or_both_2_and_3_with_dataset_expressions', 'consume_1_or_2_with_dataset_expressions', 'dataset_produces_2', 'dataset_consumes_1', 'dataset_produces_1', 'dataset_consumes_unknown_never_scheduled' retrieved from /home/airflow/.local/lib/python3.12/site-packages/airflow/example_dags/example_datasets.py
[2025-01-06T08:26:14.601+0000] {logging_mixin.py:190} INFO - [2025-01-06T08:26:14.601+0000] {dag.py:3239} INFO - Sync 10 DAGs
[2025-01-06T08:26:14.616+0000] {logging_mixin.py:190} INFO - [2025-01-06T08:26:14.616+0000] {dag.py:4180} INFO - Setting next_dagrun for conditional_dataset_and_time_based_timetable to 2025-01-01 01:00:00+00:00, run_after=2025-01-01 01:00:00+00:00
[2025-01-06T08:26:14.618+0000] {logging_mixin.py:190} INFO - [2025-01-06T08:26:14.618+0000] {dag.py:4180} INFO - Setting next_dagrun for consume_1_and_2_with_dataset_expressions to None, run_after=None
[2025-01-06T08:26:14.619+0000] {logging_mixin.py:190} INFO - [2025-01-06T08:26:14.619+0000] {dag.py:4180} INFO - Setting next_dagrun for consume_1_or_2_with_dataset_expressions to None, run_after=None
[2025-01-06T08:26:14.619+0000] {logging_mixin.py:190} INFO - [2025-01-06T08:26:14.619+0000] {dag.py:4180} INFO - Setting next_dagrun for consume_1_or_both_2_and_3_with_dataset_expressions to None, run_after=None
[2025-01-06T08:26:14.620+0000] {logging_mixin.py:190} INFO - [2025-01-06T08:26:14.620+0000] {dag.py:4180} INFO - Setting next_dagrun for dataset_consumes_1 to None, run_after=None
[2025-01-06T08:26:14.621+0000] {logging_mixin.py:190} INFO - [2025-01-06T08:26:14.620+0000] {dag.py:4180} INFO - Setting next_dagrun for dataset_consumes_1_and_2 to None, run_after=None
[2025-01-06T08:26:14.621+0000] {logging_mixin.py:190} INFO - [2025-01-06T08:26:14.621+0000] {dag.py:4180} INFO - Setting next_dagrun for dataset_consumes_1_never_scheduled to None, run_after=None
[2025-01-06T08:26:14.622+0000] {logging_mixin.py:190} INFO - [2025-01-06T08:26:14.622+0000] {dag.py:4180} INFO - Setting next_dagrun for dataset_consumes_unknown_never_scheduled to None, run_after=None
[2025-01-06T08:26:14.623+0000] {logging_mixin.py:190} INFO - [2025-01-06T08:26:14.623+0000] {dag.py:4180} INFO - Setting next_dagrun for dataset_produces_1 to 2025-01-05 00:00:00+00:00, run_after=2025-01-06 00:00:00+00:00
[2025-01-06T08:26:14.623+0000] {logging_mixin.py:190} INFO - [2025-01-06T08:26:14.623+0000] {dag.py:4180} INFO - Setting next_dagrun for dataset_produces_2 to None, run_after=None
[2025-01-06T08:26:14.639+0000] {processor.py:208} INFO - Processing /home/airflow/.local/lib/python3.12/site-packages/airflow/example_dags/example_datasets.py took 0.165 seconds
[2025-01-06T08:26:44.962+0000] {processor.py:186} INFO - Started process (PID=983) to work on /home/airflow/.local/lib/python3.12/site-packages/airflow/example_dags/example_datasets.py
[2025-01-06T08:26:44.962+0000] {processor.py:914} INFO - Processing file /home/airflow/.local/lib/python3.12/site-packages/airflow/example_dags/example_datasets.py for tasks to queue
[2025-01-06T08:26:44.963+0000] {logging_mixin.py:190} INFO - [2025-01-06T08:26:44.963+0000] {dagbag.py:588} INFO - Filling up the DagBag from /home/airflow/.local/lib/python3.12/site-packages/airflow/example_dags/example_datasets.py
[2025-01-06T08:26:45.048+0000] {processor.py:925} INFO - DAG(s) 'dataset_produces_2', 'consume_1_and_2_with_dataset_expressions', 'consume_1_or_both_2_and_3_with_dataset_expressions', 'dataset_consumes_1_never_scheduled', 'dataset_consumes_1', 'consume_1_or_2_with_dataset_expressions', 'dataset_consumes_1_and_2', 'dataset_consumes_unknown_never_scheduled', 'dataset_produces_1', 'conditional_dataset_and_time_based_timetable' retrieved from /home/airflow/.local/lib/python3.12/site-packages/airflow/example_dags/example_datasets.py
[2025-01-06T08:26:45.076+0000] {logging_mixin.py:190} INFO - [2025-01-06T08:26:45.076+0000] {dag.py:3239} INFO - Sync 10 DAGs
[2025-01-06T08:26:45.090+0000] {logging_mixin.py:190} INFO - [2025-01-06T08:26:45.090+0000] {dag.py:4180} INFO - Setting next_dagrun for conditional_dataset_and_time_based_timetable to 2025-01-01 01:00:00+00:00, run_after=2025-01-01 01:00:00+00:00
[2025-01-06T08:26:45.092+0000] {logging_mixin.py:190} INFO - [2025-01-06T08:26:45.092+0000] {dag.py:4180} INFO - Setting next_dagrun for consume_1_and_2_with_dataset_expressions to None, run_after=None
[2025-01-06T08:26:45.093+0000] {logging_mixin.py:190} INFO - [2025-01-06T08:26:45.092+0000] {dag.py:4180} INFO - Setting next_dagrun for consume_1_or_2_with_dataset_expressions to None, run_after=None
[2025-01-06T08:26:45.093+0000] {logging_mixin.py:190} INFO - [2025-01-06T08:26:45.093+0000] {dag.py:4180} INFO - Setting next_dagrun for consume_1_or_both_2_and_3_with_dataset_expressions to None, run_after=None
[2025-01-06T08:26:45.094+0000] {logging_mixin.py:190} INFO - [2025-01-06T08:26:45.094+0000] {dag.py:4180} INFO - Setting next_dagrun for dataset_consumes_1 to None, run_after=None
[2025-01-06T08:26:45.094+0000] {logging_mixin.py:190} INFO - [2025-01-06T08:26:45.094+0000] {dag.py:4180} INFO - Setting next_dagrun for dataset_consumes_1_and_2 to None, run_after=None
[2025-01-06T08:26:45.095+0000] {logging_mixin.py:190} INFO - [2025-01-06T08:26:45.095+0000] {dag.py:4180} INFO - Setting next_dagrun for dataset_consumes_1_never_scheduled to None, run_after=None
[2025-01-06T08:26:45.096+0000] {logging_mixin.py:190} INFO - [2025-01-06T08:26:45.096+0000] {dag.py:4180} INFO - Setting next_dagrun for dataset_consumes_unknown_never_scheduled to None, run_after=None
[2025-01-06T08:26:45.097+0000] {logging_mixin.py:190} INFO - [2025-01-06T08:26:45.097+0000] {dag.py:4180} INFO - Setting next_dagrun for dataset_produces_1 to 2025-01-05 00:00:00+00:00, run_after=2025-01-06 00:00:00+00:00
[2025-01-06T08:26:45.097+0000] {logging_mixin.py:190} INFO - [2025-01-06T08:26:45.097+0000] {dag.py:4180} INFO - Setting next_dagrun for dataset_produces_2 to None, run_after=None
[2025-01-06T08:26:45.113+0000] {processor.py:208} INFO - Processing /home/airflow/.local/lib/python3.12/site-packages/airflow/example_dags/example_datasets.py took 0.155 seconds
[2025-01-06T08:27:15.397+0000] {processor.py:186} INFO - Started process (PID=1055) to work on /home/airflow/.local/lib/python3.12/site-packages/airflow/example_dags/example_datasets.py
[2025-01-06T08:27:15.398+0000] {processor.py:914} INFO - Processing file /home/airflow/.local/lib/python3.12/site-packages/airflow/example_dags/example_datasets.py for tasks to queue
[2025-01-06T08:27:15.399+0000] {logging_mixin.py:190} INFO - [2025-01-06T08:27:15.398+0000] {dagbag.py:588} INFO - Filling up the DagBag from /home/airflow/.local/lib/python3.12/site-packages/airflow/example_dags/example_datasets.py
[2025-01-06T08:27:15.485+0000] {processor.py:925} INFO - DAG(s) 'dataset_consumes_1', 'consume_1_and_2_with_dataset_expressions', 'dataset_consumes_unknown_never_scheduled', 'consume_1_or_both_2_and_3_with_dataset_expressions', 'dataset_produces_1', 'dataset_produces_2', 'consume_1_or_2_with_dataset_expressions', 'conditional_dataset_and_time_based_timetable', 'dataset_consumes_1_never_scheduled', 'dataset_consumes_1_and_2' retrieved from /home/airflow/.local/lib/python3.12/site-packages/airflow/example_dags/example_datasets.py
[2025-01-06T08:27:15.512+0000] {logging_mixin.py:190} INFO - [2025-01-06T08:27:15.511+0000] {dag.py:3239} INFO - Sync 10 DAGs
[2025-01-06T08:27:15.527+0000] {logging_mixin.py:190} INFO - [2025-01-06T08:27:15.526+0000] {dag.py:4180} INFO - Setting next_dagrun for conditional_dataset_and_time_based_timetable to 2025-01-01 01:00:00+00:00, run_after=2025-01-01 01:00:00+00:00
[2025-01-06T08:27:15.528+0000] {logging_mixin.py:190} INFO - [2025-01-06T08:27:15.528+0000] {dag.py:4180} INFO - Setting next_dagrun for consume_1_and_2_with_dataset_expressions to None, run_after=None
[2025-01-06T08:27:15.529+0000] {logging_mixin.py:190} INFO - [2025-01-06T08:27:15.529+0000] {dag.py:4180} INFO - Setting next_dagrun for consume_1_or_2_with_dataset_expressions to None, run_after=None
[2025-01-06T08:27:15.530+0000] {logging_mixin.py:190} INFO - [2025-01-06T08:27:15.530+0000] {dag.py:4180} INFO - Setting next_dagrun for consume_1_or_both_2_and_3_with_dataset_expressions to None, run_after=None
[2025-01-06T08:27:15.530+0000] {logging_mixin.py:190} INFO - [2025-01-06T08:27:15.530+0000] {dag.py:4180} INFO - Setting next_dagrun for dataset_consumes_1 to None, run_after=None
[2025-01-06T08:27:15.531+0000] {logging_mixin.py:190} INFO - [2025-01-06T08:27:15.531+0000] {dag.py:4180} INFO - Setting next_dagrun for dataset_consumes_1_and_2 to None, run_after=None
[2025-01-06T08:27:15.531+0000] {logging_mixin.py:190} INFO - [2025-01-06T08:27:15.531+0000] {dag.py:4180} INFO - Setting next_dagrun for dataset_consumes_1_never_scheduled to None, run_after=None
[2025-01-06T08:27:15.532+0000] {logging_mixin.py:190} INFO - [2025-01-06T08:27:15.532+0000] {dag.py:4180} INFO - Setting next_dagrun for dataset_consumes_unknown_never_scheduled to None, run_after=None
[2025-01-06T08:27:15.533+0000] {logging_mixin.py:190} INFO - [2025-01-06T08:27:15.533+0000] {dag.py:4180} INFO - Setting next_dagrun for dataset_produces_1 to 2025-01-05 00:00:00+00:00, run_after=2025-01-06 00:00:00+00:00
[2025-01-06T08:27:15.534+0000] {logging_mixin.py:190} INFO - [2025-01-06T08:27:15.533+0000] {dag.py:4180} INFO - Setting next_dagrun for dataset_produces_2 to None, run_after=None
[2025-01-06T08:27:15.548+0000] {processor.py:208} INFO - Processing /home/airflow/.local/lib/python3.12/site-packages/airflow/example_dags/example_datasets.py took 0.154 seconds
[2025-01-06T08:27:45.649+0000] {processor.py:186} INFO - Started process (PID=1117) to work on /home/airflow/.local/lib/python3.12/site-packages/airflow/example_dags/example_datasets.py
[2025-01-06T08:27:45.650+0000] {processor.py:914} INFO - Processing file /home/airflow/.local/lib/python3.12/site-packages/airflow/example_dags/example_datasets.py for tasks to queue
[2025-01-06T08:27:45.651+0000] {logging_mixin.py:190} INFO - [2025-01-06T08:27:45.651+0000] {dagbag.py:588} INFO - Filling up the DagBag from /home/airflow/.local/lib/python3.12/site-packages/airflow/example_dags/example_datasets.py
[2025-01-06T08:27:45.733+0000] {processor.py:925} INFO - DAG(s) 'dataset_produces_1', 'dataset_produces_2', 'consume_1_and_2_with_dataset_expressions', 'conditional_dataset_and_time_based_timetable', 'dataset_consumes_1', 'dataset_consumes_1_and_2', 'consume_1_or_both_2_and_3_with_dataset_expressions', 'dataset_consumes_1_never_scheduled', 'consume_1_or_2_with_dataset_expressions', 'dataset_consumes_unknown_never_scheduled' retrieved from /home/airflow/.local/lib/python3.12/site-packages/airflow/example_dags/example_datasets.py
[2025-01-06T08:27:45.771+0000] {logging_mixin.py:190} INFO - [2025-01-06T08:27:45.771+0000] {dag.py:3239} INFO - Sync 10 DAGs
[2025-01-06T08:27:45.808+0000] {logging_mixin.py:190} INFO - [2025-01-06T08:27:45.807+0000] {dag.py:4180} INFO - Setting next_dagrun for conditional_dataset_and_time_based_timetable to 2025-01-01 01:00:00+00:00, run_after=2025-01-01 01:00:00+00:00
[2025-01-06T08:27:45.813+0000] {logging_mixin.py:190} INFO - [2025-01-06T08:27:45.813+0000] {dag.py:4180} INFO - Setting next_dagrun for consume_1_and_2_with_dataset_expressions to None, run_after=None
[2025-01-06T08:27:45.815+0000] {logging_mixin.py:190} INFO - [2025-01-06T08:27:45.814+0000] {dag.py:4180} INFO - Setting next_dagrun for consume_1_or_2_with_dataset_expressions to None, run_after=None
[2025-01-06T08:27:45.816+0000] {logging_mixin.py:190} INFO - [2025-01-06T08:27:45.816+0000] {dag.py:4180} INFO - Setting next_dagrun for consume_1_or_both_2_and_3_with_dataset_expressions to None, run_after=None
[2025-01-06T08:27:45.817+0000] {logging_mixin.py:190} INFO - [2025-01-06T08:27:45.817+0000] {dag.py:4180} INFO - Setting next_dagrun for dataset_consumes_1 to None, run_after=None
[2025-01-06T08:27:45.818+0000] {logging_mixin.py:190} INFO - [2025-01-06T08:27:45.818+0000] {dag.py:4180} INFO - Setting next_dagrun for dataset_consumes_1_and_2 to None, run_after=None
[2025-01-06T08:27:45.819+0000] {logging_mixin.py:190} INFO - [2025-01-06T08:27:45.819+0000] {dag.py:4180} INFO - Setting next_dagrun for dataset_consumes_1_never_scheduled to None, run_after=None
[2025-01-06T08:27:45.820+0000] {logging_mixin.py:190} INFO - [2025-01-06T08:27:45.820+0000] {dag.py:4180} INFO - Setting next_dagrun for dataset_consumes_unknown_never_scheduled to None, run_after=None
[2025-01-06T08:27:45.823+0000] {logging_mixin.py:190} INFO - [2025-01-06T08:27:45.823+0000] {dag.py:4180} INFO - Setting next_dagrun for dataset_produces_1 to 2025-01-05 00:00:00+00:00, run_after=2025-01-06 00:00:00+00:00
[2025-01-06T08:27:45.824+0000] {logging_mixin.py:190} INFO - [2025-01-06T08:27:45.824+0000] {dag.py:4180} INFO - Setting next_dagrun for dataset_produces_2 to None, run_after=None
[2025-01-06T08:27:45.852+0000] {processor.py:208} INFO - Processing /home/airflow/.local/lib/python3.12/site-packages/airflow/example_dags/example_datasets.py took 0.207 seconds
[2025-01-06T08:28:15.923+0000] {processor.py:186} INFO - Started process (PID=1187) to work on /home/airflow/.local/lib/python3.12/site-packages/airflow/example_dags/example_datasets.py
[2025-01-06T08:28:15.924+0000] {processor.py:914} INFO - Processing file /home/airflow/.local/lib/python3.12/site-packages/airflow/example_dags/example_datasets.py for tasks to queue
[2025-01-06T08:28:15.925+0000] {logging_mixin.py:190} INFO - [2025-01-06T08:28:15.925+0000] {dagbag.py:588} INFO - Filling up the DagBag from /home/airflow/.local/lib/python3.12/site-packages/airflow/example_dags/example_datasets.py
[2025-01-06T08:28:16.011+0000] {processor.py:925} INFO - DAG(s) 'consume_1_and_2_with_dataset_expressions', 'dataset_consumes_1_and_2', 'dataset_consumes_1', 'consume_1_or_2_with_dataset_expressions', 'conditional_dataset_and_time_based_timetable', 'dataset_produces_1', 'dataset_consumes_1_never_scheduled', 'dataset_consumes_unknown_never_scheduled', 'dataset_produces_2', 'consume_1_or_both_2_and_3_with_dataset_expressions' retrieved from /home/airflow/.local/lib/python3.12/site-packages/airflow/example_dags/example_datasets.py
[2025-01-06T08:28:16.039+0000] {logging_mixin.py:190} INFO - [2025-01-06T08:28:16.039+0000] {dag.py:3239} INFO - Sync 10 DAGs
[2025-01-06T08:28:16.053+0000] {logging_mixin.py:190} INFO - [2025-01-06T08:28:16.053+0000] {dag.py:4180} INFO - Setting next_dagrun for conditional_dataset_and_time_based_timetable to 2025-01-01 01:00:00+00:00, run_after=2025-01-01 01:00:00+00:00
[2025-01-06T08:28:16.055+0000] {logging_mixin.py:190} INFO - [2025-01-06T08:28:16.055+0000] {dag.py:4180} INFO - Setting next_dagrun for consume_1_and_2_with_dataset_expressions to None, run_after=None
[2025-01-06T08:28:16.056+0000] {logging_mixin.py:190} INFO - [2025-01-06T08:28:16.056+0000] {dag.py:4180} INFO - Setting next_dagrun for consume_1_or_2_with_dataset_expressions to None, run_after=None
[2025-01-06T08:28:16.057+0000] {logging_mixin.py:190} INFO - [2025-01-06T08:28:16.056+0000] {dag.py:4180} INFO - Setting next_dagrun for consume_1_or_both_2_and_3_with_dataset_expressions to None, run_after=None
[2025-01-06T08:28:16.057+0000] {logging_mixin.py:190} INFO - [2025-01-06T08:28:16.057+0000] {dag.py:4180} INFO - Setting next_dagrun for dataset_consumes_1 to None, run_after=None
[2025-01-06T08:28:16.059+0000] {logging_mixin.py:190} INFO - [2025-01-06T08:28:16.059+0000] {dag.py:4180} INFO - Setting next_dagrun for dataset_consumes_1_and_2 to None, run_after=None
[2025-01-06T08:28:16.059+0000] {logging_mixin.py:190} INFO - [2025-01-06T08:28:16.059+0000] {dag.py:4180} INFO - Setting next_dagrun for dataset_consumes_1_never_scheduled to None, run_after=None
[2025-01-06T08:28:16.060+0000] {logging_mixin.py:190} INFO - [2025-01-06T08:28:16.060+0000] {dag.py:4180} INFO - Setting next_dagrun for dataset_consumes_unknown_never_scheduled to None, run_after=None
[2025-01-06T08:28:16.061+0000] {logging_mixin.py:190} INFO - [2025-01-06T08:28:16.061+0000] {dag.py:4180} INFO - Setting next_dagrun for dataset_produces_1 to 2025-01-05 00:00:00+00:00, run_after=2025-01-06 00:00:00+00:00
[2025-01-06T08:28:16.062+0000] {logging_mixin.py:190} INFO - [2025-01-06T08:28:16.062+0000] {dag.py:4180} INFO - Setting next_dagrun for dataset_produces_2 to None, run_after=None
[2025-01-06T08:28:16.077+0000] {processor.py:208} INFO - Processing /home/airflow/.local/lib/python3.12/site-packages/airflow/example_dags/example_datasets.py took 0.158 seconds
[2025-01-06T08:28:46.476+0000] {processor.py:186} INFO - Started process (PID=1253) to work on /home/airflow/.local/lib/python3.12/site-packages/airflow/example_dags/example_datasets.py
[2025-01-06T08:28:46.476+0000] {processor.py:914} INFO - Processing file /home/airflow/.local/lib/python3.12/site-packages/airflow/example_dags/example_datasets.py for tasks to queue
[2025-01-06T08:28:46.477+0000] {logging_mixin.py:190} INFO - [2025-01-06T08:28:46.477+0000] {dagbag.py:588} INFO - Filling up the DagBag from /home/airflow/.local/lib/python3.12/site-packages/airflow/example_dags/example_datasets.py
[2025-01-06T08:28:46.561+0000] {processor.py:925} INFO - DAG(s) 'dataset_consumes_unknown_never_scheduled', 'conditional_dataset_and_time_based_timetable', 'dataset_consumes_1_and_2', 'dataset_produces_2', 'consume_1_or_2_with_dataset_expressions', 'consume_1_or_both_2_and_3_with_dataset_expressions', 'dataset_consumes_1_never_scheduled', 'consume_1_and_2_with_dataset_expressions', 'dataset_produces_1', 'dataset_consumes_1' retrieved from /home/airflow/.local/lib/python3.12/site-packages/airflow/example_dags/example_datasets.py
[2025-01-06T08:28:46.590+0000] {logging_mixin.py:190} INFO - [2025-01-06T08:28:46.590+0000] {dag.py:3239} INFO - Sync 10 DAGs
[2025-01-06T08:28:46.606+0000] {logging_mixin.py:190} INFO - [2025-01-06T08:28:46.606+0000] {dag.py:4180} INFO - Setting next_dagrun for conditional_dataset_and_time_based_timetable to 2025-01-01 01:00:00+00:00, run_after=2025-01-01 01:00:00+00:00
[2025-01-06T08:28:46.608+0000] {logging_mixin.py:190} INFO - [2025-01-06T08:28:46.608+0000] {dag.py:4180} INFO - Setting next_dagrun for consume_1_and_2_with_dataset_expressions to None, run_after=None
[2025-01-06T08:28:46.609+0000] {logging_mixin.py:190} INFO - [2025-01-06T08:28:46.609+0000] {dag.py:4180} INFO - Setting next_dagrun for consume_1_or_2_with_dataset_expressions to None, run_after=None
[2025-01-06T08:28:46.609+0000] {logging_mixin.py:190} INFO - [2025-01-06T08:28:46.609+0000] {dag.py:4180} INFO - Setting next_dagrun for consume_1_or_both_2_and_3_with_dataset_expressions to None, run_after=None
[2025-01-06T08:28:46.610+0000] {logging_mixin.py:190} INFO - [2025-01-06T08:28:46.610+0000] {dag.py:4180} INFO - Setting next_dagrun for dataset_consumes_1 to None, run_after=None
[2025-01-06T08:28:46.611+0000] {logging_mixin.py:190} INFO - [2025-01-06T08:28:46.611+0000] {dag.py:4180} INFO - Setting next_dagrun for dataset_consumes_1_and_2 to None, run_after=None
[2025-01-06T08:28:46.612+0000] {logging_mixin.py:190} INFO - [2025-01-06T08:28:46.612+0000] {dag.py:4180} INFO - Setting next_dagrun for dataset_consumes_1_never_scheduled to None, run_after=None
[2025-01-06T08:28:46.613+0000] {logging_mixin.py:190} INFO - [2025-01-06T08:28:46.613+0000] {dag.py:4180} INFO - Setting next_dagrun for dataset_consumes_unknown_never_scheduled to None, run_after=None
[2025-01-06T08:28:46.614+0000] {logging_mixin.py:190} INFO - [2025-01-06T08:28:46.614+0000] {dag.py:4180} INFO - Setting next_dagrun for dataset_produces_1 to 2025-01-05 00:00:00+00:00, run_after=2025-01-06 00:00:00+00:00
[2025-01-06T08:28:46.614+0000] {logging_mixin.py:190} INFO - [2025-01-06T08:28:46.614+0000] {dag.py:4180} INFO - Setting next_dagrun for dataset_produces_2 to None, run_after=None
[2025-01-06T08:28:46.629+0000] {processor.py:208} INFO - Processing /home/airflow/.local/lib/python3.12/site-packages/airflow/example_dags/example_datasets.py took 0.156 seconds
[2025-01-06T08:29:16.875+0000] {processor.py:186} INFO - Started process (PID=1323) to work on /home/airflow/.local/lib/python3.12/site-packages/airflow/example_dags/example_datasets.py
[2025-01-06T08:29:16.876+0000] {processor.py:914} INFO - Processing file /home/airflow/.local/lib/python3.12/site-packages/airflow/example_dags/example_datasets.py for tasks to queue
[2025-01-06T08:29:16.878+0000] {logging_mixin.py:190} INFO - [2025-01-06T08:29:16.877+0000] {dagbag.py:588} INFO - Filling up the DagBag from /home/airflow/.local/lib/python3.12/site-packages/airflow/example_dags/example_datasets.py
[2025-01-06T08:29:16.972+0000] {processor.py:925} INFO - DAG(s) 'dataset_consumes_1', 'consume_1_and_2_with_dataset_expressions', 'dataset_consumes_unknown_never_scheduled', 'dataset_produces_1', 'dataset_consumes_1_and_2', 'consume_1_or_both_2_and_3_with_dataset_expressions', 'dataset_consumes_1_never_scheduled', 'conditional_dataset_and_time_based_timetable', 'consume_1_or_2_with_dataset_expressions', 'dataset_produces_2' retrieved from /home/airflow/.local/lib/python3.12/site-packages/airflow/example_dags/example_datasets.py
[2025-01-06T08:29:16.999+0000] {logging_mixin.py:190} INFO - [2025-01-06T08:29:16.999+0000] {dag.py:3239} INFO - Sync 10 DAGs
[2025-01-06T08:29:17.014+0000] {logging_mixin.py:190} INFO - [2025-01-06T08:29:17.014+0000] {dag.py:4180} INFO - Setting next_dagrun for conditional_dataset_and_time_based_timetable to 2025-01-01 01:00:00+00:00, run_after=2025-01-01 01:00:00+00:00
[2025-01-06T08:29:17.016+0000] {logging_mixin.py:190} INFO - [2025-01-06T08:29:17.016+0000] {dag.py:4180} INFO - Setting next_dagrun for consume_1_and_2_with_dataset_expressions to None, run_after=None
[2025-01-06T08:29:17.017+0000] {logging_mixin.py:190} INFO - [2025-01-06T08:29:17.017+0000] {dag.py:4180} INFO - Setting next_dagrun for consume_1_or_2_with_dataset_expressions to None, run_after=None
[2025-01-06T08:29:17.017+0000] {logging_mixin.py:190} INFO - [2025-01-06T08:29:17.017+0000] {dag.py:4180} INFO - Setting next_dagrun for consume_1_or_both_2_and_3_with_dataset_expressions to None, run_after=None
[2025-01-06T08:29:17.018+0000] {logging_mixin.py:190} INFO - [2025-01-06T08:29:17.018+0000] {dag.py:4180} INFO - Setting next_dagrun for dataset_consumes_1 to None, run_after=None
[2025-01-06T08:29:17.019+0000] {logging_mixin.py:190} INFO - [2025-01-06T08:29:17.019+0000] {dag.py:4180} INFO - Setting next_dagrun for dataset_consumes_1_and_2 to None, run_after=None
[2025-01-06T08:29:17.020+0000] {logging_mixin.py:190} INFO - [2025-01-06T08:29:17.020+0000] {dag.py:4180} INFO - Setting next_dagrun for dataset_consumes_1_never_scheduled to None, run_after=None
[2025-01-06T08:29:17.020+0000] {logging_mixin.py:190} INFO - [2025-01-06T08:29:17.020+0000] {dag.py:4180} INFO - Setting next_dagrun for dataset_consumes_unknown_never_scheduled to None, run_after=None
[2025-01-06T08:29:17.022+0000] {logging_mixin.py:190} INFO - [2025-01-06T08:29:17.021+0000] {dag.py:4180} INFO - Setting next_dagrun for dataset_produces_1 to 2025-01-05 00:00:00+00:00, run_after=2025-01-06 00:00:00+00:00
[2025-01-06T08:29:17.022+0000] {logging_mixin.py:190} INFO - [2025-01-06T08:29:17.022+0000] {dag.py:4180} INFO - Setting next_dagrun for dataset_produces_2 to None, run_after=None
[2025-01-06T08:29:17.038+0000] {processor.py:208} INFO - Processing /home/airflow/.local/lib/python3.12/site-packages/airflow/example_dags/example_datasets.py took 0.168 seconds
[2025-01-06T08:29:47.330+0000] {processor.py:186} INFO - Started process (PID=1389) to work on /home/airflow/.local/lib/python3.12/site-packages/airflow/example_dags/example_datasets.py
[2025-01-06T08:29:47.330+0000] {processor.py:914} INFO - Processing file /home/airflow/.local/lib/python3.12/site-packages/airflow/example_dags/example_datasets.py for tasks to queue
[2025-01-06T08:29:47.331+0000] {logging_mixin.py:190} INFO - [2025-01-06T08:29:47.331+0000] {dagbag.py:588} INFO - Filling up the DagBag from /home/airflow/.local/lib/python3.12/site-packages/airflow/example_dags/example_datasets.py
[2025-01-06T08:29:47.415+0000] {processor.py:925} INFO - DAG(s) 'dataset_consumes_unknown_never_scheduled', 'dataset_produces_2', 'consume_1_and_2_with_dataset_expressions', 'dataset_consumes_1', 'consume_1_or_both_2_and_3_with_dataset_expressions', 'conditional_dataset_and_time_based_timetable', 'dataset_consumes_1_never_scheduled', 'dataset_produces_1', 'dataset_consumes_1_and_2', 'consume_1_or_2_with_dataset_expressions' retrieved from /home/airflow/.local/lib/python3.12/site-packages/airflow/example_dags/example_datasets.py
[2025-01-06T08:29:47.446+0000] {logging_mixin.py:190} INFO - [2025-01-06T08:29:47.446+0000] {dag.py:3239} INFO - Sync 10 DAGs
[2025-01-06T08:29:47.462+0000] {logging_mixin.py:190} INFO - [2025-01-06T08:29:47.462+0000] {dag.py:4180} INFO - Setting next_dagrun for conditional_dataset_and_time_based_timetable to 2025-01-01 01:00:00+00:00, run_after=2025-01-01 01:00:00+00:00
[2025-01-06T08:29:47.464+0000] {logging_mixin.py:190} INFO - [2025-01-06T08:29:47.464+0000] {dag.py:4180} INFO - Setting next_dagrun for consume_1_and_2_with_dataset_expressions to None, run_after=None
[2025-01-06T08:29:47.464+0000] {logging_mixin.py:190} INFO - [2025-01-06T08:29:47.464+0000] {dag.py:4180} INFO - Setting next_dagrun for consume_1_or_2_with_dataset_expressions to None, run_after=None
[2025-01-06T08:29:47.465+0000] {logging_mixin.py:190} INFO - [2025-01-06T08:29:47.465+0000] {dag.py:4180} INFO - Setting next_dagrun for consume_1_or_both_2_and_3_with_dataset_expressions to None, run_after=None
[2025-01-06T08:29:47.466+0000] {logging_mixin.py:190} INFO - [2025-01-06T08:29:47.466+0000] {dag.py:4180} INFO - Setting next_dagrun for dataset_consumes_1 to None, run_after=None
[2025-01-06T08:29:47.467+0000] {logging_mixin.py:190} INFO - [2025-01-06T08:29:47.467+0000] {dag.py:4180} INFO - Setting next_dagrun for dataset_consumes_1_and_2 to None, run_after=None
[2025-01-06T08:29:47.468+0000] {logging_mixin.py:190} INFO - [2025-01-06T08:29:47.468+0000] {dag.py:4180} INFO - Setting next_dagrun for dataset_consumes_1_never_scheduled to None, run_after=None
[2025-01-06T08:29:47.469+0000] {logging_mixin.py:190} INFO - [2025-01-06T08:29:47.468+0000] {dag.py:4180} INFO - Setting next_dagrun for dataset_consumes_unknown_never_scheduled to None, run_after=None
[2025-01-06T08:29:47.470+0000] {logging_mixin.py:190} INFO - [2025-01-06T08:29:47.470+0000] {dag.py:4180} INFO - Setting next_dagrun for dataset_produces_1 to 2025-01-05 00:00:00+00:00, run_after=2025-01-06 00:00:00+00:00
[2025-01-06T08:29:47.470+0000] {logging_mixin.py:190} INFO - [2025-01-06T08:29:47.470+0000] {dag.py:4180} INFO - Setting next_dagrun for dataset_produces_2 to None, run_after=None
[2025-01-06T08:29:47.486+0000] {processor.py:208} INFO - Processing /home/airflow/.local/lib/python3.12/site-packages/airflow/example_dags/example_datasets.py took 0.160 seconds
[2025-01-06T08:30:17.786+0000] {processor.py:186} INFO - Started process (PID=1465) to work on /home/airflow/.local/lib/python3.12/site-packages/airflow/example_dags/example_datasets.py
[2025-01-06T08:30:17.786+0000] {processor.py:914} INFO - Processing file /home/airflow/.local/lib/python3.12/site-packages/airflow/example_dags/example_datasets.py for tasks to queue
[2025-01-06T08:30:17.788+0000] {logging_mixin.py:190} INFO - [2025-01-06T08:30:17.787+0000] {dagbag.py:588} INFO - Filling up the DagBag from /home/airflow/.local/lib/python3.12/site-packages/airflow/example_dags/example_datasets.py
[2025-01-06T08:30:17.876+0000] {processor.py:925} INFO - DAG(s) 'consume_1_and_2_with_dataset_expressions', 'dataset_consumes_1_never_scheduled', 'dataset_produces_1', 'conditional_dataset_and_time_based_timetable', 'dataset_consumes_unknown_never_scheduled', 'dataset_produces_2', 'dataset_consumes_1', 'consume_1_or_both_2_and_3_with_dataset_expressions', 'dataset_consumes_1_and_2', 'consume_1_or_2_with_dataset_expressions' retrieved from /home/airflow/.local/lib/python3.12/site-packages/airflow/example_dags/example_datasets.py
[2025-01-06T08:30:17.909+0000] {logging_mixin.py:190} INFO - [2025-01-06T08:30:17.909+0000] {dag.py:3239} INFO - Sync 10 DAGs
[2025-01-06T08:30:17.929+0000] {logging_mixin.py:190} INFO - [2025-01-06T08:30:17.929+0000] {dag.py:4180} INFO - Setting next_dagrun for conditional_dataset_and_time_based_timetable to 2025-01-01 01:00:00+00:00, run_after=2025-01-01 01:00:00+00:00
[2025-01-06T08:30:17.932+0000] {logging_mixin.py:190} INFO - [2025-01-06T08:30:17.931+0000] {dag.py:4180} INFO - Setting next_dagrun for consume_1_and_2_with_dataset_expressions to None, run_after=None
[2025-01-06T08:30:17.932+0000] {logging_mixin.py:190} INFO - [2025-01-06T08:30:17.932+0000] {dag.py:4180} INFO - Setting next_dagrun for consume_1_or_2_with_dataset_expressions to None, run_after=None
[2025-01-06T08:30:17.933+0000] {logging_mixin.py:190} INFO - [2025-01-06T08:30:17.933+0000] {dag.py:4180} INFO - Setting next_dagrun for consume_1_or_both_2_and_3_with_dataset_expressions to None, run_after=None
[2025-01-06T08:30:17.934+0000] {logging_mixin.py:190} INFO - [2025-01-06T08:30:17.934+0000] {dag.py:4180} INFO - Setting next_dagrun for dataset_consumes_1 to None, run_after=None
[2025-01-06T08:30:17.935+0000] {logging_mixin.py:190} INFO - [2025-01-06T08:30:17.935+0000] {dag.py:4180} INFO - Setting next_dagrun for dataset_consumes_1_and_2 to None, run_after=None
[2025-01-06T08:30:17.936+0000] {logging_mixin.py:190} INFO - [2025-01-06T08:30:17.936+0000] {dag.py:4180} INFO - Setting next_dagrun for dataset_consumes_1_never_scheduled to None, run_after=None
[2025-01-06T08:30:17.937+0000] {logging_mixin.py:190} INFO - [2025-01-06T08:30:17.937+0000] {dag.py:4180} INFO - Setting next_dagrun for dataset_consumes_unknown_never_scheduled to None, run_after=None
[2025-01-06T08:30:17.938+0000] {logging_mixin.py:190} INFO - [2025-01-06T08:30:17.938+0000] {dag.py:4180} INFO - Setting next_dagrun for dataset_produces_1 to 2025-01-05 00:00:00+00:00, run_after=2025-01-06 00:00:00+00:00
[2025-01-06T08:30:17.939+0000] {logging_mixin.py:190} INFO - [2025-01-06T08:30:17.939+0000] {dag.py:4180} INFO - Setting next_dagrun for dataset_produces_2 to None, run_after=None
[2025-01-06T08:30:17.958+0000] {processor.py:208} INFO - Processing /home/airflow/.local/lib/python3.12/site-packages/airflow/example_dags/example_datasets.py took 0.176 seconds
[2025-01-06T08:30:48.211+0000] {processor.py:186} INFO - Started process (PID=1531) to work on /home/airflow/.local/lib/python3.12/site-packages/airflow/example_dags/example_datasets.py
[2025-01-06T08:30:48.212+0000] {processor.py:914} INFO - Processing file /home/airflow/.local/lib/python3.12/site-packages/airflow/example_dags/example_datasets.py for tasks to queue
[2025-01-06T08:30:48.213+0000] {logging_mixin.py:190} INFO - [2025-01-06T08:30:48.213+0000] {dagbag.py:588} INFO - Filling up the DagBag from /home/airflow/.local/lib/python3.12/site-packages/airflow/example_dags/example_datasets.py
[2025-01-06T08:30:48.295+0000] {processor.py:925} INFO - DAG(s) 'dataset_produces_1', 'consume_1_and_2_with_dataset_expressions', 'dataset_produces_2', 'consume_1_or_2_with_dataset_expressions', 'dataset_consumes_1', 'consume_1_or_both_2_and_3_with_dataset_expressions', 'dataset_consumes_1_and_2', 'dataset_consumes_unknown_never_scheduled', 'dataset_consumes_1_never_scheduled', 'conditional_dataset_and_time_based_timetable' retrieved from /home/airflow/.local/lib/python3.12/site-packages/airflow/example_dags/example_datasets.py
[2025-01-06T08:30:48.319+0000] {logging_mixin.py:190} INFO - [2025-01-06T08:30:48.318+0000] {dag.py:3239} INFO - Sync 10 DAGs
[2025-01-06T08:30:48.333+0000] {logging_mixin.py:190} INFO - [2025-01-06T08:30:48.333+0000] {dag.py:4180} INFO - Setting next_dagrun for conditional_dataset_and_time_based_timetable to 2025-01-01 01:00:00+00:00, run_after=2025-01-01 01:00:00+00:00
[2025-01-06T08:30:48.335+0000] {logging_mixin.py:190} INFO - [2025-01-06T08:30:48.335+0000] {dag.py:4180} INFO - Setting next_dagrun for consume_1_and_2_with_dataset_expressions to None, run_after=None
[2025-01-06T08:30:48.336+0000] {logging_mixin.py:190} INFO - [2025-01-06T08:30:48.336+0000] {dag.py:4180} INFO - Setting next_dagrun for consume_1_or_2_with_dataset_expressions to None, run_after=None
[2025-01-06T08:30:48.336+0000] {logging_mixin.py:190} INFO - [2025-01-06T08:30:48.336+0000] {dag.py:4180} INFO - Setting next_dagrun for consume_1_or_both_2_and_3_with_dataset_expressions to None, run_after=None
[2025-01-06T08:30:48.337+0000] {logging_mixin.py:190} INFO - [2025-01-06T08:30:48.337+0000] {dag.py:4180} INFO - Setting next_dagrun for dataset_consumes_1 to None, run_after=None
[2025-01-06T08:30:48.339+0000] {logging_mixin.py:190} INFO - [2025-01-06T08:30:48.339+0000] {dag.py:4180} INFO - Setting next_dagrun for dataset_consumes_1_and_2 to None, run_after=None
[2025-01-06T08:30:48.339+0000] {logging_mixin.py:190} INFO - [2025-01-06T08:30:48.339+0000] {dag.py:4180} INFO - Setting next_dagrun for dataset_consumes_1_never_scheduled to None, run_after=None
[2025-01-06T08:30:48.340+0000] {logging_mixin.py:190} INFO - [2025-01-06T08:30:48.340+0000] {dag.py:4180} INFO - Setting next_dagrun for dataset_consumes_unknown_never_scheduled to None, run_after=None
[2025-01-06T08:30:48.341+0000] {logging_mixin.py:190} INFO - [2025-01-06T08:30:48.341+0000] {dag.py:4180} INFO - Setting next_dagrun for dataset_produces_1 to 2025-01-05 00:00:00+00:00, run_after=2025-01-06 00:00:00+00:00
[2025-01-06T08:30:48.342+0000] {logging_mixin.py:190} INFO - [2025-01-06T08:30:48.342+0000] {dag.py:4180} INFO - Setting next_dagrun for dataset_produces_2 to None, run_after=None
[2025-01-06T08:30:48.358+0000] {processor.py:208} INFO - Processing /home/airflow/.local/lib/python3.12/site-packages/airflow/example_dags/example_datasets.py took 0.150 seconds
[2025-01-06T08:31:18.637+0000] {processor.py:186} INFO - Started process (PID=1602) to work on /home/airflow/.local/lib/python3.12/site-packages/airflow/example_dags/example_datasets.py
[2025-01-06T08:31:18.638+0000] {processor.py:914} INFO - Processing file /home/airflow/.local/lib/python3.12/site-packages/airflow/example_dags/example_datasets.py for tasks to queue
[2025-01-06T08:31:18.639+0000] {logging_mixin.py:190} INFO - [2025-01-06T08:31:18.639+0000] {dagbag.py:588} INFO - Filling up the DagBag from /home/airflow/.local/lib/python3.12/site-packages/airflow/example_dags/example_datasets.py
[2025-01-06T08:31:18.725+0000] {processor.py:925} INFO - DAG(s) 'dataset_produces_1', 'dataset_consumes_1_and_2', 'dataset_consumes_1_never_scheduled', 'consume_1_or_2_with_dataset_expressions', 'dataset_produces_2', 'consume_1_and_2_with_dataset_expressions', 'dataset_consumes_1', 'dataset_consumes_unknown_never_scheduled', 'conditional_dataset_and_time_based_timetable', 'consume_1_or_both_2_and_3_with_dataset_expressions' retrieved from /home/airflow/.local/lib/python3.12/site-packages/airflow/example_dags/example_datasets.py
[2025-01-06T08:31:18.749+0000] {logging_mixin.py:190} INFO - [2025-01-06T08:31:18.749+0000] {dag.py:3239} INFO - Sync 10 DAGs
[2025-01-06T08:31:18.763+0000] {logging_mixin.py:190} INFO - [2025-01-06T08:31:18.763+0000] {dag.py:4180} INFO - Setting next_dagrun for conditional_dataset_and_time_based_timetable to 2025-01-01 01:00:00+00:00, run_after=2025-01-01 01:00:00+00:00
[2025-01-06T08:31:18.765+0000] {logging_mixin.py:190} INFO - [2025-01-06T08:31:18.765+0000] {dag.py:4180} INFO - Setting next_dagrun for consume_1_and_2_with_dataset_expressions to None, run_after=None
[2025-01-06T08:31:18.766+0000] {logging_mixin.py:190} INFO - [2025-01-06T08:31:18.765+0000] {dag.py:4180} INFO - Setting next_dagrun for consume_1_or_2_with_dataset_expressions to None, run_after=None
[2025-01-06T08:31:18.766+0000] {logging_mixin.py:190} INFO - [2025-01-06T08:31:18.766+0000] {dag.py:4180} INFO - Setting next_dagrun for consume_1_or_both_2_and_3_with_dataset_expressions to None, run_after=None
[2025-01-06T08:31:18.767+0000] {logging_mixin.py:190} INFO - [2025-01-06T08:31:18.767+0000] {dag.py:4180} INFO - Setting next_dagrun for dataset_consumes_1 to None, run_after=None
[2025-01-06T08:31:18.768+0000] {logging_mixin.py:190} INFO - [2025-01-06T08:31:18.768+0000] {dag.py:4180} INFO - Setting next_dagrun for dataset_consumes_1_and_2 to None, run_after=None
[2025-01-06T08:31:18.769+0000] {logging_mixin.py:190} INFO - [2025-01-06T08:31:18.769+0000] {dag.py:4180} INFO - Setting next_dagrun for dataset_consumes_1_never_scheduled to None, run_after=None
[2025-01-06T08:31:18.769+0000] {logging_mixin.py:190} INFO - [2025-01-06T08:31:18.769+0000] {dag.py:4180} INFO - Setting next_dagrun for dataset_consumes_unknown_never_scheduled to None, run_after=None
[2025-01-06T08:31:18.770+0000] {logging_mixin.py:190} INFO - [2025-01-06T08:31:18.770+0000] {dag.py:4180} INFO - Setting next_dagrun for dataset_produces_1 to 2025-01-05 00:00:00+00:00, run_after=2025-01-06 00:00:00+00:00
[2025-01-06T08:31:18.771+0000] {logging_mixin.py:190} INFO - [2025-01-06T08:31:18.771+0000] {dag.py:4180} INFO - Setting next_dagrun for dataset_produces_2 to None, run_after=None
[2025-01-06T08:31:18.786+0000] {processor.py:208} INFO - Processing /home/airflow/.local/lib/python3.12/site-packages/airflow/example_dags/example_datasets.py took 0.151 seconds
[2025-01-06T08:31:49.013+0000] {processor.py:186} INFO - Started process (PID=1668) to work on /home/airflow/.local/lib/python3.12/site-packages/airflow/example_dags/example_datasets.py
[2025-01-06T08:31:49.014+0000] {processor.py:914} INFO - Processing file /home/airflow/.local/lib/python3.12/site-packages/airflow/example_dags/example_datasets.py for tasks to queue
[2025-01-06T08:31:49.015+0000] {logging_mixin.py:190} INFO - [2025-01-06T08:31:49.015+0000] {dagbag.py:588} INFO - Filling up the DagBag from /home/airflow/.local/lib/python3.12/site-packages/airflow/example_dags/example_datasets.py
[2025-01-06T08:31:49.101+0000] {processor.py:925} INFO - DAG(s) 'consume_1_or_2_with_dataset_expressions', 'consume_1_and_2_with_dataset_expressions', 'dataset_consumes_1_never_scheduled', 'dataset_produces_1', 'consume_1_or_both_2_and_3_with_dataset_expressions', 'dataset_produces_2', 'dataset_consumes_unknown_never_scheduled', 'conditional_dataset_and_time_based_timetable', 'dataset_consumes_1', 'dataset_consumes_1_and_2' retrieved from /home/airflow/.local/lib/python3.12/site-packages/airflow/example_dags/example_datasets.py
[2025-01-06T08:31:49.123+0000] {logging_mixin.py:190} INFO - [2025-01-06T08:31:49.123+0000] {dag.py:3239} INFO - Sync 10 DAGs
[2025-01-06T08:31:49.138+0000] {logging_mixin.py:190} INFO - [2025-01-06T08:31:49.137+0000] {dag.py:4180} INFO - Setting next_dagrun for conditional_dataset_and_time_based_timetable to 2025-01-01 01:00:00+00:00, run_after=2025-01-01 01:00:00+00:00
[2025-01-06T08:31:49.140+0000] {logging_mixin.py:190} INFO - [2025-01-06T08:31:49.139+0000] {dag.py:4180} INFO - Setting next_dagrun for consume_1_and_2_with_dataset_expressions to None, run_after=None
[2025-01-06T08:31:49.140+0000] {logging_mixin.py:190} INFO - [2025-01-06T08:31:49.140+0000] {dag.py:4180} INFO - Setting next_dagrun for consume_1_or_2_with_dataset_expressions to None, run_after=None
[2025-01-06T08:31:49.141+0000] {logging_mixin.py:190} INFO - [2025-01-06T08:31:49.141+0000] {dag.py:4180} INFO - Setting next_dagrun for consume_1_or_both_2_and_3_with_dataset_expressions to None, run_after=None
[2025-01-06T08:31:49.142+0000] {logging_mixin.py:190} INFO - [2025-01-06T08:31:49.141+0000] {dag.py:4180} INFO - Setting next_dagrun for dataset_consumes_1 to None, run_after=None
[2025-01-06T08:31:49.143+0000] {logging_mixin.py:190} INFO - [2025-01-06T08:31:49.143+0000] {dag.py:4180} INFO - Setting next_dagrun for dataset_consumes_1_and_2 to None, run_after=None
[2025-01-06T08:31:49.144+0000] {logging_mixin.py:190} INFO - [2025-01-06T08:31:49.144+0000] {dag.py:4180} INFO - Setting next_dagrun for dataset_consumes_1_never_scheduled to None, run_after=None
[2025-01-06T08:31:49.145+0000] {logging_mixin.py:190} INFO - [2025-01-06T08:31:49.144+0000] {dag.py:4180} INFO - Setting next_dagrun for dataset_consumes_unknown_never_scheduled to None, run_after=None
[2025-01-06T08:31:49.146+0000] {logging_mixin.py:190} INFO - [2025-01-06T08:31:49.146+0000] {dag.py:4180} INFO - Setting next_dagrun for dataset_produces_1 to 2025-01-05 00:00:00+00:00, run_after=2025-01-06 00:00:00+00:00
[2025-01-06T08:31:49.146+0000] {logging_mixin.py:190} INFO - [2025-01-06T08:31:49.146+0000] {dag.py:4180} INFO - Setting next_dagrun for dataset_produces_2 to None, run_after=None
[2025-01-06T08:31:49.284+0000] {processor.py:208} INFO - Processing /home/airflow/.local/lib/python3.12/site-packages/airflow/example_dags/example_datasets.py took 0.274 seconds
[2025-01-06T08:32:19.550+0000] {processor.py:186} INFO - Started process (PID=1739) to work on /home/airflow/.local/lib/python3.12/site-packages/airflow/example_dags/example_datasets.py
[2025-01-06T08:32:19.551+0000] {processor.py:914} INFO - Processing file /home/airflow/.local/lib/python3.12/site-packages/airflow/example_dags/example_datasets.py for tasks to queue
[2025-01-06T08:32:19.552+0000] {logging_mixin.py:190} INFO - [2025-01-06T08:32:19.552+0000] {dagbag.py:588} INFO - Filling up the DagBag from /home/airflow/.local/lib/python3.12/site-packages/airflow/example_dags/example_datasets.py
[2025-01-06T08:32:19.636+0000] {processor.py:925} INFO - DAG(s) 'conditional_dataset_and_time_based_timetable', 'dataset_consumes_1_never_scheduled', 'dataset_consumes_unknown_never_scheduled', 'dataset_consumes_1', 'consume_1_and_2_with_dataset_expressions', 'dataset_produces_1', 'consume_1_or_2_with_dataset_expressions', 'dataset_produces_2', 'consume_1_or_both_2_and_3_with_dataset_expressions', 'dataset_consumes_1_and_2' retrieved from /home/airflow/.local/lib/python3.12/site-packages/airflow/example_dags/example_datasets.py
[2025-01-06T08:32:19.658+0000] {logging_mixin.py:190} INFO - [2025-01-06T08:32:19.657+0000] {dag.py:3239} INFO - Sync 10 DAGs
[2025-01-06T08:32:19.671+0000] {logging_mixin.py:190} INFO - [2025-01-06T08:32:19.671+0000] {dag.py:4180} INFO - Setting next_dagrun for conditional_dataset_and_time_based_timetable to 2025-01-01 01:00:00+00:00, run_after=2025-01-01 01:00:00+00:00
[2025-01-06T08:32:19.673+0000] {logging_mixin.py:190} INFO - [2025-01-06T08:32:19.673+0000] {dag.py:4180} INFO - Setting next_dagrun for consume_1_and_2_with_dataset_expressions to None, run_after=None
[2025-01-06T08:32:19.674+0000] {logging_mixin.py:190} INFO - [2025-01-06T08:32:19.673+0000] {dag.py:4180} INFO - Setting next_dagrun for consume_1_or_2_with_dataset_expressions to None, run_after=None
[2025-01-06T08:32:19.674+0000] {logging_mixin.py:190} INFO - [2025-01-06T08:32:19.674+0000] {dag.py:4180} INFO - Setting next_dagrun for consume_1_or_both_2_and_3_with_dataset_expressions to None, run_after=None
[2025-01-06T08:32:19.675+0000] {logging_mixin.py:190} INFO - [2025-01-06T08:32:19.675+0000] {dag.py:4180} INFO - Setting next_dagrun for dataset_consumes_1 to None, run_after=None
[2025-01-06T08:32:19.676+0000] {logging_mixin.py:190} INFO - [2025-01-06T08:32:19.676+0000] {dag.py:4180} INFO - Setting next_dagrun for dataset_consumes_1_and_2 to None, run_after=None
[2025-01-06T08:32:19.677+0000] {logging_mixin.py:190} INFO - [2025-01-06T08:32:19.677+0000] {dag.py:4180} INFO - Setting next_dagrun for dataset_consumes_1_never_scheduled to None, run_after=None
[2025-01-06T08:32:19.677+0000] {logging_mixin.py:190} INFO - [2025-01-06T08:32:19.677+0000] {dag.py:4180} INFO - Setting next_dagrun for dataset_consumes_unknown_never_scheduled to None, run_after=None
[2025-01-06T08:32:19.678+0000] {logging_mixin.py:190} INFO - [2025-01-06T08:32:19.678+0000] {dag.py:4180} INFO - Setting next_dagrun for dataset_produces_1 to 2025-01-05 00:00:00+00:00, run_after=2025-01-06 00:00:00+00:00
[2025-01-06T08:32:19.679+0000] {logging_mixin.py:190} INFO - [2025-01-06T08:32:19.679+0000] {dag.py:4180} INFO - Setting next_dagrun for dataset_produces_2 to None, run_after=None
[2025-01-06T08:32:19.804+0000] {processor.py:208} INFO - Processing /home/airflow/.local/lib/python3.12/site-packages/airflow/example_dags/example_datasets.py took 0.257 seconds
[2025-01-06T08:32:50.025+0000] {processor.py:186} INFO - Started process (PID=1805) to work on /home/airflow/.local/lib/python3.12/site-packages/airflow/example_dags/example_datasets.py
[2025-01-06T08:32:50.026+0000] {processor.py:914} INFO - Processing file /home/airflow/.local/lib/python3.12/site-packages/airflow/example_dags/example_datasets.py for tasks to queue
[2025-01-06T08:32:50.027+0000] {logging_mixin.py:190} INFO - [2025-01-06T08:32:50.026+0000] {dagbag.py:588} INFO - Filling up the DagBag from /home/airflow/.local/lib/python3.12/site-packages/airflow/example_dags/example_datasets.py
[2025-01-06T08:32:50.115+0000] {processor.py:925} INFO - DAG(s) 'consume_1_and_2_with_dataset_expressions', 'dataset_consumes_1_never_scheduled', 'dataset_consumes_unknown_never_scheduled', 'dataset_produces_1', 'dataset_produces_2', 'dataset_consumes_1_and_2', 'conditional_dataset_and_time_based_timetable', 'consume_1_or_2_with_dataset_expressions', 'consume_1_or_both_2_and_3_with_dataset_expressions', 'dataset_consumes_1' retrieved from /home/airflow/.local/lib/python3.12/site-packages/airflow/example_dags/example_datasets.py
[2025-01-06T08:32:50.137+0000] {logging_mixin.py:190} INFO - [2025-01-06T08:32:50.137+0000] {dag.py:3239} INFO - Sync 10 DAGs
[2025-01-06T08:32:50.152+0000] {logging_mixin.py:190} INFO - [2025-01-06T08:32:50.152+0000] {dag.py:4180} INFO - Setting next_dagrun for conditional_dataset_and_time_based_timetable to 2025-01-01 01:00:00+00:00, run_after=2025-01-01 01:00:00+00:00
[2025-01-06T08:32:50.154+0000] {logging_mixin.py:190} INFO - [2025-01-06T08:32:50.154+0000] {dag.py:4180} INFO - Setting next_dagrun for consume_1_and_2_with_dataset_expressions to None, run_after=None
[2025-01-06T08:32:50.155+0000] {logging_mixin.py:190} INFO - [2025-01-06T08:32:50.154+0000] {dag.py:4180} INFO - Setting next_dagrun for consume_1_or_2_with_dataset_expressions to None, run_after=None
[2025-01-06T08:32:50.155+0000] {logging_mixin.py:190} INFO - [2025-01-06T08:32:50.155+0000] {dag.py:4180} INFO - Setting next_dagrun for consume_1_or_both_2_and_3_with_dataset_expressions to None, run_after=None
[2025-01-06T08:32:50.156+0000] {logging_mixin.py:190} INFO - [2025-01-06T08:32:50.156+0000] {dag.py:4180} INFO - Setting next_dagrun for dataset_consumes_1 to None, run_after=None
[2025-01-06T08:32:50.157+0000] {logging_mixin.py:190} INFO - [2025-01-06T08:32:50.157+0000] {dag.py:4180} INFO - Setting next_dagrun for dataset_consumes_1_and_2 to None, run_after=None
[2025-01-06T08:32:50.158+0000] {logging_mixin.py:190} INFO - [2025-01-06T08:32:50.158+0000] {dag.py:4180} INFO - Setting next_dagrun for dataset_consumes_1_never_scheduled to None, run_after=None
[2025-01-06T08:32:50.158+0000] {logging_mixin.py:190} INFO - [2025-01-06T08:32:50.158+0000] {dag.py:4180} INFO - Setting next_dagrun for dataset_consumes_unknown_never_scheduled to None, run_after=None
[2025-01-06T08:32:50.160+0000] {logging_mixin.py:190} INFO - [2025-01-06T08:32:50.159+0000] {dag.py:4180} INFO - Setting next_dagrun for dataset_produces_1 to 2025-01-05 00:00:00+00:00, run_after=2025-01-06 00:00:00+00:00
[2025-01-06T08:32:50.160+0000] {logging_mixin.py:190} INFO - [2025-01-06T08:32:50.160+0000] {dag.py:4180} INFO - Setting next_dagrun for dataset_produces_2 to None, run_after=None
[2025-01-06T08:32:50.294+0000] {processor.py:208} INFO - Processing /home/airflow/.local/lib/python3.12/site-packages/airflow/example_dags/example_datasets.py took 0.272 seconds
[2025-01-06T08:33:20.484+0000] {processor.py:186} INFO - Started process (PID=1878) to work on /home/airflow/.local/lib/python3.12/site-packages/airflow/example_dags/example_datasets.py
[2025-01-06T08:33:20.485+0000] {processor.py:914} INFO - Processing file /home/airflow/.local/lib/python3.12/site-packages/airflow/example_dags/example_datasets.py for tasks to queue
[2025-01-06T08:33:20.486+0000] {logging_mixin.py:190} INFO - [2025-01-06T08:33:20.486+0000] {dagbag.py:588} INFO - Filling up the DagBag from /home/airflow/.local/lib/python3.12/site-packages/airflow/example_dags/example_datasets.py
[2025-01-06T08:33:20.580+0000] {processor.py:925} INFO - DAG(s) 'dataset_consumes_unknown_never_scheduled', 'dataset_produces_2', 'dataset_consumes_1_and_2', 'dataset_consumes_1_never_scheduled', 'dataset_consumes_1', 'consume_1_and_2_with_dataset_expressions', 'consume_1_or_both_2_and_3_with_dataset_expressions', 'conditional_dataset_and_time_based_timetable', 'consume_1_or_2_with_dataset_expressions', 'dataset_produces_1' retrieved from /home/airflow/.local/lib/python3.12/site-packages/airflow/example_dags/example_datasets.py
[2025-01-06T08:33:20.613+0000] {logging_mixin.py:190} INFO - [2025-01-06T08:33:20.613+0000] {dag.py:3239} INFO - Sync 10 DAGs
[2025-01-06T08:33:20.630+0000] {logging_mixin.py:190} INFO - [2025-01-06T08:33:20.630+0000] {dag.py:4180} INFO - Setting next_dagrun for conditional_dataset_and_time_based_timetable to 2025-01-01 01:00:00+00:00, run_after=2025-01-01 01:00:00+00:00
[2025-01-06T08:33:20.633+0000] {logging_mixin.py:190} INFO - [2025-01-06T08:33:20.633+0000] {dag.py:4180} INFO - Setting next_dagrun for consume_1_and_2_with_dataset_expressions to None, run_after=None
[2025-01-06T08:33:20.634+0000] {logging_mixin.py:190} INFO - [2025-01-06T08:33:20.634+0000] {dag.py:4180} INFO - Setting next_dagrun for consume_1_or_2_with_dataset_expressions to None, run_after=None
[2025-01-06T08:33:20.635+0000] {logging_mixin.py:190} INFO - [2025-01-06T08:33:20.634+0000] {dag.py:4180} INFO - Setting next_dagrun for consume_1_or_both_2_and_3_with_dataset_expressions to None, run_after=None
[2025-01-06T08:33:20.635+0000] {logging_mixin.py:190} INFO - [2025-01-06T08:33:20.635+0000] {dag.py:4180} INFO - Setting next_dagrun for dataset_consumes_1 to None, run_after=None
[2025-01-06T08:33:20.754+0000] {logging_mixin.py:190} INFO - [2025-01-06T08:33:20.753+0000] {dag.py:4180} INFO - Setting next_dagrun for dataset_consumes_1_and_2 to None, run_after=None
[2025-01-06T08:33:20.755+0000] {logging_mixin.py:190} INFO - [2025-01-06T08:33:20.755+0000] {dag.py:4180} INFO - Setting next_dagrun for dataset_consumes_1_never_scheduled to None, run_after=None
[2025-01-06T08:33:20.756+0000] {logging_mixin.py:190} INFO - [2025-01-06T08:33:20.756+0000] {dag.py:4180} INFO - Setting next_dagrun for dataset_consumes_unknown_never_scheduled to None, run_after=None
[2025-01-06T08:33:20.758+0000] {logging_mixin.py:190} INFO - [2025-01-06T08:33:20.757+0000] {dag.py:4180} INFO - Setting next_dagrun for dataset_produces_1 to 2025-01-05 00:00:00+00:00, run_after=2025-01-06 00:00:00+00:00
[2025-01-06T08:33:20.758+0000] {logging_mixin.py:190} INFO - [2025-01-06T08:33:20.758+0000] {dag.py:4180} INFO - Setting next_dagrun for dataset_produces_2 to None, run_after=None
[2025-01-06T08:33:20.773+0000] {processor.py:208} INFO - Processing /home/airflow/.local/lib/python3.12/site-packages/airflow/example_dags/example_datasets.py took 0.294 seconds
