[2025-01-06T08:20:10.404+0000] {processor.py:186} INFO - Started process (PID=116) to work on /home/airflow/.local/lib/python3.12/site-packages/airflow/example_dags/example_outlet_event_extra.py
[2025-01-06T08:20:10.404+0000] {processor.py:914} INFO - Processing file /home/airflow/.local/lib/python3.12/site-packages/airflow/example_dags/example_outlet_event_extra.py for tasks to queue
[2025-01-06T08:20:10.405+0000] {logging_mixin.py:190} INFO - [2025-01-06T08:20:10.405+0000] {dagbag.py:588} INFO - Filling up the DagBag from /home/airflow/.local/lib/python3.12/site-packages/airflow/example_dags/example_outlet_event_extra.py
[2025-01-06T08:20:10.491+0000] {processor.py:925} INFO - DAG(s) 'dataset_with_extra_from_classic_operator', 'dataset_with_extra_by_context', 'dataset_with_extra_by_yield' retrieved from /home/airflow/.local/lib/python3.12/site-packages/airflow/example_dags/example_outlet_event_extra.py
[2025-01-06T08:20:10.511+0000] {logging_mixin.py:190} INFO - [2025-01-06T08:20:10.511+0000] {dag.py:3239} INFO - Sync 3 DAGs
[2025-01-06T08:20:10.526+0000] {logging_mixin.py:190} INFO - [2025-01-06T08:20:10.526+0000] {dag.py:4180} INFO - Setting next_dagrun for dataset_with_extra_by_context to 2025-01-05 00:00:00+00:00, run_after=2025-01-06 00:00:00+00:00
[2025-01-06T08:20:10.529+0000] {logging_mixin.py:190} INFO - [2025-01-06T08:20:10.529+0000] {dag.py:4180} INFO - Setting next_dagrun for dataset_with_extra_by_yield to 2025-01-05 00:00:00+00:00, run_after=2025-01-06 00:00:00+00:00
[2025-01-06T08:20:10.531+0000] {logging_mixin.py:190} INFO - [2025-01-06T08:20:10.530+0000] {dag.py:4180} INFO - Setting next_dagrun for dataset_with_extra_from_classic_operator to 2025-01-05 00:00:00+00:00, run_after=2025-01-06 00:00:00+00:00
[2025-01-06T08:20:10.545+0000] {processor.py:208} INFO - Processing /home/airflow/.local/lib/python3.12/site-packages/airflow/example_dags/example_outlet_event_extra.py took 0.144 seconds
[2025-01-06T08:20:40.932+0000] {processor.py:186} INFO - Started process (PID=192) to work on /home/airflow/.local/lib/python3.12/site-packages/airflow/example_dags/example_outlet_event_extra.py
[2025-01-06T08:20:40.933+0000] {processor.py:914} INFO - Processing file /home/airflow/.local/lib/python3.12/site-packages/airflow/example_dags/example_outlet_event_extra.py for tasks to queue
[2025-01-06T08:20:40.934+0000] {logging_mixin.py:190} INFO - [2025-01-06T08:20:40.934+0000] {dagbag.py:588} INFO - Filling up the DagBag from /home/airflow/.local/lib/python3.12/site-packages/airflow/example_dags/example_outlet_event_extra.py
[2025-01-06T08:20:41.014+0000] {processor.py:925} INFO - DAG(s) 'dataset_with_extra_from_classic_operator', 'dataset_with_extra_by_yield', 'dataset_with_extra_by_context' retrieved from /home/airflow/.local/lib/python3.12/site-packages/airflow/example_dags/example_outlet_event_extra.py
[2025-01-06T08:20:41.027+0000] {logging_mixin.py:190} INFO - [2025-01-06T08:20:41.027+0000] {dag.py:3239} INFO - Sync 3 DAGs
[2025-01-06T08:20:41.040+0000] {logging_mixin.py:190} INFO - [2025-01-06T08:20:41.040+0000] {dag.py:4180} INFO - Setting next_dagrun for dataset_with_extra_by_context to 2025-01-05 00:00:00+00:00, run_after=2025-01-06 00:00:00+00:00
[2025-01-06T08:20:41.043+0000] {logging_mixin.py:190} INFO - [2025-01-06T08:20:41.043+0000] {dag.py:4180} INFO - Setting next_dagrun for dataset_with_extra_by_yield to 2025-01-05 00:00:00+00:00, run_after=2025-01-06 00:00:00+00:00
[2025-01-06T08:20:41.044+0000] {logging_mixin.py:190} INFO - [2025-01-06T08:20:41.044+0000] {dag.py:4180} INFO - Setting next_dagrun for dataset_with_extra_from_classic_operator to 2025-01-05 00:00:00+00:00, run_after=2025-01-06 00:00:00+00:00
[2025-01-06T08:20:41.054+0000] {processor.py:208} INFO - Processing /home/airflow/.local/lib/python3.12/site-packages/airflow/example_dags/example_outlet_event_extra.py took 0.125 seconds
[2025-01-06T08:21:11.402+0000] {processor.py:186} INFO - Started process (PID=263) to work on /home/airflow/.local/lib/python3.12/site-packages/airflow/example_dags/example_outlet_event_extra.py
[2025-01-06T08:21:11.402+0000] {processor.py:914} INFO - Processing file /home/airflow/.local/lib/python3.12/site-packages/airflow/example_dags/example_outlet_event_extra.py for tasks to queue
[2025-01-06T08:21:11.403+0000] {logging_mixin.py:190} INFO - [2025-01-06T08:21:11.403+0000] {dagbag.py:588} INFO - Filling up the DagBag from /home/airflow/.local/lib/python3.12/site-packages/airflow/example_dags/example_outlet_event_extra.py
[2025-01-06T08:21:11.485+0000] {processor.py:925} INFO - DAG(s) 'dataset_with_extra_by_context', 'dataset_with_extra_by_yield', 'dataset_with_extra_from_classic_operator' retrieved from /home/airflow/.local/lib/python3.12/site-packages/airflow/example_dags/example_outlet_event_extra.py
[2025-01-06T08:21:11.504+0000] {logging_mixin.py:190} INFO - [2025-01-06T08:21:11.503+0000] {dag.py:3239} INFO - Sync 3 DAGs
[2025-01-06T08:21:11.523+0000] {logging_mixin.py:190} INFO - [2025-01-06T08:21:11.523+0000] {dag.py:4180} INFO - Setting next_dagrun for dataset_with_extra_by_context to 2025-01-05 00:00:00+00:00, run_after=2025-01-06 00:00:00+00:00
[2025-01-06T08:21:11.526+0000] {logging_mixin.py:190} INFO - [2025-01-06T08:21:11.526+0000] {dag.py:4180} INFO - Setting next_dagrun for dataset_with_extra_by_yield to 2025-01-05 00:00:00+00:00, run_after=2025-01-06 00:00:00+00:00
[2025-01-06T08:21:11.528+0000] {logging_mixin.py:190} INFO - [2025-01-06T08:21:11.528+0000] {dag.py:4180} INFO - Setting next_dagrun for dataset_with_extra_from_classic_operator to 2025-01-05 00:00:00+00:00, run_after=2025-01-06 00:00:00+00:00
[2025-01-06T08:21:11.543+0000] {processor.py:208} INFO - Processing /home/airflow/.local/lib/python3.12/site-packages/airflow/example_dags/example_outlet_event_extra.py took 0.145 seconds
[2025-01-06T08:21:41.872+0000] {processor.py:186} INFO - Started process (PID=329) to work on /home/airflow/.local/lib/python3.12/site-packages/airflow/example_dags/example_outlet_event_extra.py
[2025-01-06T08:21:41.873+0000] {processor.py:914} INFO - Processing file /home/airflow/.local/lib/python3.12/site-packages/airflow/example_dags/example_outlet_event_extra.py for tasks to queue
[2025-01-06T08:21:41.874+0000] {logging_mixin.py:190} INFO - [2025-01-06T08:21:41.874+0000] {dagbag.py:588} INFO - Filling up the DagBag from /home/airflow/.local/lib/python3.12/site-packages/airflow/example_dags/example_outlet_event_extra.py
[2025-01-06T08:21:41.957+0000] {processor.py:925} INFO - DAG(s) 'dataset_with_extra_by_yield', 'dataset_with_extra_from_classic_operator', 'dataset_with_extra_by_context' retrieved from /home/airflow/.local/lib/python3.12/site-packages/airflow/example_dags/example_outlet_event_extra.py
[2025-01-06T08:21:41.971+0000] {logging_mixin.py:190} INFO - [2025-01-06T08:21:41.971+0000] {dag.py:3239} INFO - Sync 3 DAGs
[2025-01-06T08:21:41.984+0000] {logging_mixin.py:190} INFO - [2025-01-06T08:21:41.984+0000] {dag.py:4180} INFO - Setting next_dagrun for dataset_with_extra_by_context to 2025-01-05 00:00:00+00:00, run_after=2025-01-06 00:00:00+00:00
[2025-01-06T08:21:41.987+0000] {logging_mixin.py:190} INFO - [2025-01-06T08:21:41.986+0000] {dag.py:4180} INFO - Setting next_dagrun for dataset_with_extra_by_yield to 2025-01-05 00:00:00+00:00, run_after=2025-01-06 00:00:00+00:00
[2025-01-06T08:21:41.988+0000] {logging_mixin.py:190} INFO - [2025-01-06T08:21:41.988+0000] {dag.py:4180} INFO - Setting next_dagrun for dataset_with_extra_from_classic_operator to 2025-01-05 00:00:00+00:00, run_after=2025-01-06 00:00:00+00:00
[2025-01-06T08:21:41.998+0000] {processor.py:208} INFO - Processing /home/airflow/.local/lib/python3.12/site-packages/airflow/example_dags/example_outlet_event_extra.py took 0.131 seconds
[2025-01-06T08:22:12.271+0000] {processor.py:186} INFO - Started process (PID=400) to work on /home/airflow/.local/lib/python3.12/site-packages/airflow/example_dags/example_outlet_event_extra.py
[2025-01-06T08:22:12.271+0000] {processor.py:914} INFO - Processing file /home/airflow/.local/lib/python3.12/site-packages/airflow/example_dags/example_outlet_event_extra.py for tasks to queue
[2025-01-06T08:22:12.273+0000] {logging_mixin.py:190} INFO - [2025-01-06T08:22:12.272+0000] {dagbag.py:588} INFO - Filling up the DagBag from /home/airflow/.local/lib/python3.12/site-packages/airflow/example_dags/example_outlet_event_extra.py
[2025-01-06T08:22:12.353+0000] {processor.py:925} INFO - DAG(s) 'dataset_with_extra_by_context', 'dataset_with_extra_by_yield', 'dataset_with_extra_from_classic_operator' retrieved from /home/airflow/.local/lib/python3.12/site-packages/airflow/example_dags/example_outlet_event_extra.py
[2025-01-06T08:22:12.368+0000] {logging_mixin.py:190} INFO - [2025-01-06T08:22:12.368+0000] {dag.py:3239} INFO - Sync 3 DAGs
[2025-01-06T08:22:12.384+0000] {logging_mixin.py:190} INFO - [2025-01-06T08:22:12.384+0000] {dag.py:4180} INFO - Setting next_dagrun for dataset_with_extra_by_context to 2025-01-05 00:00:00+00:00, run_after=2025-01-06 00:00:00+00:00
[2025-01-06T08:22:12.387+0000] {logging_mixin.py:190} INFO - [2025-01-06T08:22:12.387+0000] {dag.py:4180} INFO - Setting next_dagrun for dataset_with_extra_by_yield to 2025-01-05 00:00:00+00:00, run_after=2025-01-06 00:00:00+00:00
[2025-01-06T08:22:12.389+0000] {logging_mixin.py:190} INFO - [2025-01-06T08:22:12.389+0000] {dag.py:4180} INFO - Setting next_dagrun for dataset_with_extra_from_classic_operator to 2025-01-05 00:00:00+00:00, run_after=2025-01-06 00:00:00+00:00
[2025-01-06T08:22:12.400+0000] {processor.py:208} INFO - Processing /home/airflow/.local/lib/python3.12/site-packages/airflow/example_dags/example_outlet_event_extra.py took 0.132 seconds
[2025-01-06T08:22:42.673+0000] {processor.py:186} INFO - Started process (PID=466) to work on /home/airflow/.local/lib/python3.12/site-packages/airflow/example_dags/example_outlet_event_extra.py
[2025-01-06T08:22:42.674+0000] {processor.py:914} INFO - Processing file /home/airflow/.local/lib/python3.12/site-packages/airflow/example_dags/example_outlet_event_extra.py for tasks to queue
[2025-01-06T08:22:42.675+0000] {logging_mixin.py:190} INFO - [2025-01-06T08:22:42.675+0000] {dagbag.py:588} INFO - Filling up the DagBag from /home/airflow/.local/lib/python3.12/site-packages/airflow/example_dags/example_outlet_event_extra.py
[2025-01-06T08:22:42.759+0000] {processor.py:925} INFO - DAG(s) 'dataset_with_extra_by_context', 'dataset_with_extra_from_classic_operator', 'dataset_with_extra_by_yield' retrieved from /home/airflow/.local/lib/python3.12/site-packages/airflow/example_dags/example_outlet_event_extra.py
[2025-01-06T08:22:42.775+0000] {logging_mixin.py:190} INFO - [2025-01-06T08:22:42.774+0000] {dag.py:3239} INFO - Sync 3 DAGs
[2025-01-06T08:22:42.789+0000] {logging_mixin.py:190} INFO - [2025-01-06T08:22:42.789+0000] {dag.py:4180} INFO - Setting next_dagrun for dataset_with_extra_by_context to 2025-01-05 00:00:00+00:00, run_after=2025-01-06 00:00:00+00:00
[2025-01-06T08:22:42.792+0000] {logging_mixin.py:190} INFO - [2025-01-06T08:22:42.792+0000] {dag.py:4180} INFO - Setting next_dagrun for dataset_with_extra_by_yield to 2025-01-05 00:00:00+00:00, run_after=2025-01-06 00:00:00+00:00
[2025-01-06T08:22:42.793+0000] {logging_mixin.py:190} INFO - [2025-01-06T08:22:42.793+0000] {dag.py:4180} INFO - Setting next_dagrun for dataset_with_extra_from_classic_operator to 2025-01-05 00:00:00+00:00, run_after=2025-01-06 00:00:00+00:00
[2025-01-06T08:22:42.805+0000] {processor.py:208} INFO - Processing /home/airflow/.local/lib/python3.12/site-packages/airflow/example_dags/example_outlet_event_extra.py took 0.135 seconds
[2025-01-06T08:23:13.222+0000] {processor.py:186} INFO - Started process (PID=537) to work on /home/airflow/.local/lib/python3.12/site-packages/airflow/example_dags/example_outlet_event_extra.py
[2025-01-06T08:23:13.223+0000] {processor.py:914} INFO - Processing file /home/airflow/.local/lib/python3.12/site-packages/airflow/example_dags/example_outlet_event_extra.py for tasks to queue
[2025-01-06T08:23:13.224+0000] {logging_mixin.py:190} INFO - [2025-01-06T08:23:13.224+0000] {dagbag.py:588} INFO - Filling up the DagBag from /home/airflow/.local/lib/python3.12/site-packages/airflow/example_dags/example_outlet_event_extra.py
[2025-01-06T08:23:13.305+0000] {processor.py:925} INFO - DAG(s) 'dataset_with_extra_by_context', 'dataset_with_extra_from_classic_operator', 'dataset_with_extra_by_yield' retrieved from /home/airflow/.local/lib/python3.12/site-packages/airflow/example_dags/example_outlet_event_extra.py
[2025-01-06T08:23:13.319+0000] {logging_mixin.py:190} INFO - [2025-01-06T08:23:13.319+0000] {dag.py:3239} INFO - Sync 3 DAGs
[2025-01-06T08:23:13.333+0000] {logging_mixin.py:190} INFO - [2025-01-06T08:23:13.333+0000] {dag.py:4180} INFO - Setting next_dagrun for dataset_with_extra_by_context to 2025-01-05 00:00:00+00:00, run_after=2025-01-06 00:00:00+00:00
[2025-01-06T08:23:13.336+0000] {logging_mixin.py:190} INFO - [2025-01-06T08:23:13.336+0000] {dag.py:4180} INFO - Setting next_dagrun for dataset_with_extra_by_yield to 2025-01-05 00:00:00+00:00, run_after=2025-01-06 00:00:00+00:00
[2025-01-06T08:23:13.337+0000] {logging_mixin.py:190} INFO - [2025-01-06T08:23:13.337+0000] {dag.py:4180} INFO - Setting next_dagrun for dataset_with_extra_from_classic_operator to 2025-01-05 00:00:00+00:00, run_after=2025-01-06 00:00:00+00:00
[2025-01-06T08:23:13.348+0000] {processor.py:208} INFO - Processing /home/airflow/.local/lib/python3.12/site-packages/airflow/example_dags/example_outlet_event_extra.py took 0.130 seconds
[2025-01-06T08:23:43.918+0000] {processor.py:186} INFO - Started process (PID=603) to work on /home/airflow/.local/lib/python3.12/site-packages/airflow/example_dags/example_outlet_event_extra.py
[2025-01-06T08:23:43.919+0000] {processor.py:914} INFO - Processing file /home/airflow/.local/lib/python3.12/site-packages/airflow/example_dags/example_outlet_event_extra.py for tasks to queue
[2025-01-06T08:23:43.920+0000] {logging_mixin.py:190} INFO - [2025-01-06T08:23:43.920+0000] {dagbag.py:588} INFO - Filling up the DagBag from /home/airflow/.local/lib/python3.12/site-packages/airflow/example_dags/example_outlet_event_extra.py
[2025-01-06T08:23:43.999+0000] {processor.py:925} INFO - DAG(s) 'dataset_with_extra_by_context', 'dataset_with_extra_from_classic_operator', 'dataset_with_extra_by_yield' retrieved from /home/airflow/.local/lib/python3.12/site-packages/airflow/example_dags/example_outlet_event_extra.py
[2025-01-06T08:23:44.019+0000] {logging_mixin.py:190} INFO - [2025-01-06T08:23:44.019+0000] {dag.py:3239} INFO - Sync 3 DAGs
[2025-01-06T08:23:44.036+0000] {logging_mixin.py:190} INFO - [2025-01-06T08:23:44.036+0000] {dag.py:4180} INFO - Setting next_dagrun for dataset_with_extra_by_context to 2025-01-05 00:00:00+00:00, run_after=2025-01-06 00:00:00+00:00
[2025-01-06T08:23:44.039+0000] {logging_mixin.py:190} INFO - [2025-01-06T08:23:44.038+0000] {dag.py:4180} INFO - Setting next_dagrun for dataset_with_extra_by_yield to 2025-01-05 00:00:00+00:00, run_after=2025-01-06 00:00:00+00:00
[2025-01-06T08:23:44.040+0000] {logging_mixin.py:190} INFO - [2025-01-06T08:23:44.040+0000] {dag.py:4180} INFO - Setting next_dagrun for dataset_with_extra_from_classic_operator to 2025-01-05 00:00:00+00:00, run_after=2025-01-06 00:00:00+00:00
[2025-01-06T08:23:44.051+0000] {processor.py:208} INFO - Processing /home/airflow/.local/lib/python3.12/site-packages/airflow/example_dags/example_outlet_event_extra.py took 0.136 seconds
[2025-01-06T08:24:14.178+0000] {processor.py:186} INFO - Started process (PID=674) to work on /home/airflow/.local/lib/python3.12/site-packages/airflow/example_dags/example_outlet_event_extra.py
[2025-01-06T08:24:14.178+0000] {processor.py:914} INFO - Processing file /home/airflow/.local/lib/python3.12/site-packages/airflow/example_dags/example_outlet_event_extra.py for tasks to queue
[2025-01-06T08:24:14.180+0000] {logging_mixin.py:190} INFO - [2025-01-06T08:24:14.179+0000] {dagbag.py:588} INFO - Filling up the DagBag from /home/airflow/.local/lib/python3.12/site-packages/airflow/example_dags/example_outlet_event_extra.py
[2025-01-06T08:24:14.262+0000] {processor.py:925} INFO - DAG(s) 'dataset_with_extra_by_yield', 'dataset_with_extra_by_context', 'dataset_with_extra_from_classic_operator' retrieved from /home/airflow/.local/lib/python3.12/site-packages/airflow/example_dags/example_outlet_event_extra.py
[2025-01-06T08:24:14.275+0000] {logging_mixin.py:190} INFO - [2025-01-06T08:24:14.275+0000] {dag.py:3239} INFO - Sync 3 DAGs
[2025-01-06T08:24:14.288+0000] {logging_mixin.py:190} INFO - [2025-01-06T08:24:14.288+0000] {dag.py:4180} INFO - Setting next_dagrun for dataset_with_extra_by_context to 2025-01-05 00:00:00+00:00, run_after=2025-01-06 00:00:00+00:00
[2025-01-06T08:24:14.290+0000] {logging_mixin.py:190} INFO - [2025-01-06T08:24:14.290+0000] {dag.py:4180} INFO - Setting next_dagrun for dataset_with_extra_by_yield to 2025-01-05 00:00:00+00:00, run_after=2025-01-06 00:00:00+00:00
[2025-01-06T08:24:14.292+0000] {logging_mixin.py:190} INFO - [2025-01-06T08:24:14.292+0000] {dag.py:4180} INFO - Setting next_dagrun for dataset_with_extra_from_classic_operator to 2025-01-05 00:00:00+00:00, run_after=2025-01-06 00:00:00+00:00
[2025-01-06T08:24:14.303+0000] {processor.py:208} INFO - Processing /home/airflow/.local/lib/python3.12/site-packages/airflow/example_dags/example_outlet_event_extra.py took 0.131 seconds
[2025-01-06T08:24:44.556+0000] {processor.py:186} INFO - Started process (PID=740) to work on /home/airflow/.local/lib/python3.12/site-packages/airflow/example_dags/example_outlet_event_extra.py
[2025-01-06T08:24:44.556+0000] {processor.py:914} INFO - Processing file /home/airflow/.local/lib/python3.12/site-packages/airflow/example_dags/example_outlet_event_extra.py for tasks to queue
[2025-01-06T08:24:44.557+0000] {logging_mixin.py:190} INFO - [2025-01-06T08:24:44.557+0000] {dagbag.py:588} INFO - Filling up the DagBag from /home/airflow/.local/lib/python3.12/site-packages/airflow/example_dags/example_outlet_event_extra.py
[2025-01-06T08:24:44.636+0000] {processor.py:925} INFO - DAG(s) 'dataset_with_extra_by_yield', 'dataset_with_extra_from_classic_operator', 'dataset_with_extra_by_context' retrieved from /home/airflow/.local/lib/python3.12/site-packages/airflow/example_dags/example_outlet_event_extra.py
[2025-01-06T08:24:44.655+0000] {logging_mixin.py:190} INFO - [2025-01-06T08:24:44.655+0000] {dag.py:3239} INFO - Sync 3 DAGs
[2025-01-06T08:24:44.672+0000] {logging_mixin.py:190} INFO - [2025-01-06T08:24:44.672+0000] {dag.py:4180} INFO - Setting next_dagrun for dataset_with_extra_by_context to 2025-01-05 00:00:00+00:00, run_after=2025-01-06 00:00:00+00:00
[2025-01-06T08:24:44.676+0000] {logging_mixin.py:190} INFO - [2025-01-06T08:24:44.675+0000] {dag.py:4180} INFO - Setting next_dagrun for dataset_with_extra_by_yield to 2025-01-05 00:00:00+00:00, run_after=2025-01-06 00:00:00+00:00
[2025-01-06T08:24:44.677+0000] {logging_mixin.py:190} INFO - [2025-01-06T08:24:44.677+0000] {dag.py:4180} INFO - Setting next_dagrun for dataset_with_extra_from_classic_operator to 2025-01-05 00:00:00+00:00, run_after=2025-01-06 00:00:00+00:00
[2025-01-06T08:24:44.692+0000] {processor.py:208} INFO - Processing /home/airflow/.local/lib/python3.12/site-packages/airflow/example_dags/example_outlet_event_extra.py took 0.139 seconds
[2025-01-06T08:25:14.991+0000] {processor.py:186} INFO - Started process (PID=811) to work on /home/airflow/.local/lib/python3.12/site-packages/airflow/example_dags/example_outlet_event_extra.py
[2025-01-06T08:25:14.992+0000] {processor.py:914} INFO - Processing file /home/airflow/.local/lib/python3.12/site-packages/airflow/example_dags/example_outlet_event_extra.py for tasks to queue
[2025-01-06T08:25:14.993+0000] {logging_mixin.py:190} INFO - [2025-01-06T08:25:14.993+0000] {dagbag.py:588} INFO - Filling up the DagBag from /home/airflow/.local/lib/python3.12/site-packages/airflow/example_dags/example_outlet_event_extra.py
[2025-01-06T08:25:15.081+0000] {processor.py:925} INFO - DAG(s) 'dataset_with_extra_by_yield', 'dataset_with_extra_by_context', 'dataset_with_extra_from_classic_operator' retrieved from /home/airflow/.local/lib/python3.12/site-packages/airflow/example_dags/example_outlet_event_extra.py
[2025-01-06T08:25:15.099+0000] {logging_mixin.py:190} INFO - [2025-01-06T08:25:15.098+0000] {dag.py:3239} INFO - Sync 3 DAGs
[2025-01-06T08:25:15.113+0000] {logging_mixin.py:190} INFO - [2025-01-06T08:25:15.113+0000] {dag.py:4180} INFO - Setting next_dagrun for dataset_with_extra_by_context to 2025-01-05 00:00:00+00:00, run_after=2025-01-06 00:00:00+00:00
[2025-01-06T08:25:15.116+0000] {logging_mixin.py:190} INFO - [2025-01-06T08:25:15.116+0000] {dag.py:4180} INFO - Setting next_dagrun for dataset_with_extra_by_yield to 2025-01-05 00:00:00+00:00, run_after=2025-01-06 00:00:00+00:00
[2025-01-06T08:25:15.117+0000] {logging_mixin.py:190} INFO - [2025-01-06T08:25:15.117+0000] {dag.py:4180} INFO - Setting next_dagrun for dataset_with_extra_from_classic_operator to 2025-01-05 00:00:00+00:00, run_after=2025-01-06 00:00:00+00:00
[2025-01-06T08:25:15.127+0000] {processor.py:208} INFO - Processing /home/airflow/.local/lib/python3.12/site-packages/airflow/example_dags/example_outlet_event_extra.py took 0.140 seconds
[2025-01-06T08:25:45.301+0000] {processor.py:186} INFO - Started process (PID=877) to work on /home/airflow/.local/lib/python3.12/site-packages/airflow/example_dags/example_outlet_event_extra.py
[2025-01-06T08:25:45.302+0000] {processor.py:914} INFO - Processing file /home/airflow/.local/lib/python3.12/site-packages/airflow/example_dags/example_outlet_event_extra.py for tasks to queue
[2025-01-06T08:25:45.304+0000] {logging_mixin.py:190} INFO - [2025-01-06T08:25:45.304+0000] {dagbag.py:588} INFO - Filling up the DagBag from /home/airflow/.local/lib/python3.12/site-packages/airflow/example_dags/example_outlet_event_extra.py
[2025-01-06T08:25:45.389+0000] {processor.py:925} INFO - DAG(s) 'dataset_with_extra_by_yield', 'dataset_with_extra_from_classic_operator', 'dataset_with_extra_by_context' retrieved from /home/airflow/.local/lib/python3.12/site-packages/airflow/example_dags/example_outlet_event_extra.py
[2025-01-06T08:25:45.409+0000] {logging_mixin.py:190} INFO - [2025-01-06T08:25:45.409+0000] {dag.py:3239} INFO - Sync 3 DAGs
[2025-01-06T08:25:45.428+0000] {logging_mixin.py:190} INFO - [2025-01-06T08:25:45.428+0000] {dag.py:4180} INFO - Setting next_dagrun for dataset_with_extra_by_context to 2025-01-05 00:00:00+00:00, run_after=2025-01-06 00:00:00+00:00
[2025-01-06T08:25:45.431+0000] {logging_mixin.py:190} INFO - [2025-01-06T08:25:45.431+0000] {dag.py:4180} INFO - Setting next_dagrun for dataset_with_extra_by_yield to 2025-01-05 00:00:00+00:00, run_after=2025-01-06 00:00:00+00:00
[2025-01-06T08:25:45.432+0000] {logging_mixin.py:190} INFO - [2025-01-06T08:25:45.432+0000] {dag.py:4180} INFO - Setting next_dagrun for dataset_with_extra_from_classic_operator to 2025-01-05 00:00:00+00:00, run_after=2025-01-06 00:00:00+00:00
[2025-01-06T08:25:45.444+0000] {processor.py:208} INFO - Processing /home/airflow/.local/lib/python3.12/site-packages/airflow/example_dags/example_outlet_event_extra.py took 0.147 seconds
[2025-01-06T08:26:15.718+0000] {processor.py:186} INFO - Started process (PID=948) to work on /home/airflow/.local/lib/python3.12/site-packages/airflow/example_dags/example_outlet_event_extra.py
[2025-01-06T08:26:15.718+0000] {processor.py:914} INFO - Processing file /home/airflow/.local/lib/python3.12/site-packages/airflow/example_dags/example_outlet_event_extra.py for tasks to queue
[2025-01-06T08:26:15.719+0000] {logging_mixin.py:190} INFO - [2025-01-06T08:26:15.719+0000] {dagbag.py:588} INFO - Filling up the DagBag from /home/airflow/.local/lib/python3.12/site-packages/airflow/example_dags/example_outlet_event_extra.py
[2025-01-06T08:26:15.801+0000] {processor.py:925} INFO - DAG(s) 'dataset_with_extra_by_context', 'dataset_with_extra_from_classic_operator', 'dataset_with_extra_by_yield' retrieved from /home/airflow/.local/lib/python3.12/site-packages/airflow/example_dags/example_outlet_event_extra.py
[2025-01-06T08:26:15.823+0000] {logging_mixin.py:190} INFO - [2025-01-06T08:26:15.823+0000] {dag.py:3239} INFO - Sync 3 DAGs
[2025-01-06T08:26:15.847+0000] {logging_mixin.py:190} INFO - [2025-01-06T08:26:15.847+0000] {dag.py:4180} INFO - Setting next_dagrun for dataset_with_extra_by_context to 2025-01-05 00:00:00+00:00, run_after=2025-01-06 00:00:00+00:00
[2025-01-06T08:26:15.850+0000] {logging_mixin.py:190} INFO - [2025-01-06T08:26:15.850+0000] {dag.py:4180} INFO - Setting next_dagrun for dataset_with_extra_by_yield to 2025-01-05 00:00:00+00:00, run_after=2025-01-06 00:00:00+00:00
[2025-01-06T08:26:15.852+0000] {logging_mixin.py:190} INFO - [2025-01-06T08:26:15.852+0000] {dag.py:4180} INFO - Setting next_dagrun for dataset_with_extra_from_classic_operator to 2025-01-05 00:00:00+00:00, run_after=2025-01-06 00:00:00+00:00
[2025-01-06T08:26:15.868+0000] {processor.py:208} INFO - Processing /home/airflow/.local/lib/python3.12/site-packages/airflow/example_dags/example_outlet_event_extra.py took 0.153 seconds
[2025-01-06T08:26:46.128+0000] {processor.py:186} INFO - Started process (PID=1014) to work on /home/airflow/.local/lib/python3.12/site-packages/airflow/example_dags/example_outlet_event_extra.py
[2025-01-06T08:26:46.128+0000] {processor.py:914} INFO - Processing file /home/airflow/.local/lib/python3.12/site-packages/airflow/example_dags/example_outlet_event_extra.py for tasks to queue
[2025-01-06T08:26:46.130+0000] {logging_mixin.py:190} INFO - [2025-01-06T08:26:46.129+0000] {dagbag.py:588} INFO - Filling up the DagBag from /home/airflow/.local/lib/python3.12/site-packages/airflow/example_dags/example_outlet_event_extra.py
[2025-01-06T08:26:46.222+0000] {processor.py:925} INFO - DAG(s) 'dataset_with_extra_by_context', 'dataset_with_extra_by_yield', 'dataset_with_extra_from_classic_operator' retrieved from /home/airflow/.local/lib/python3.12/site-packages/airflow/example_dags/example_outlet_event_extra.py
[2025-01-06T08:26:46.238+0000] {logging_mixin.py:190} INFO - [2025-01-06T08:26:46.238+0000] {dag.py:3239} INFO - Sync 3 DAGs
[2025-01-06T08:26:46.253+0000] {logging_mixin.py:190} INFO - [2025-01-06T08:26:46.253+0000] {dag.py:4180} INFO - Setting next_dagrun for dataset_with_extra_by_context to 2025-01-05 00:00:00+00:00, run_after=2025-01-06 00:00:00+00:00
[2025-01-06T08:26:46.257+0000] {logging_mixin.py:190} INFO - [2025-01-06T08:26:46.257+0000] {dag.py:4180} INFO - Setting next_dagrun for dataset_with_extra_by_yield to 2025-01-05 00:00:00+00:00, run_after=2025-01-06 00:00:00+00:00
[2025-01-06T08:26:46.259+0000] {logging_mixin.py:190} INFO - [2025-01-06T08:26:46.259+0000] {dag.py:4180} INFO - Setting next_dagrun for dataset_with_extra_from_classic_operator to 2025-01-05 00:00:00+00:00, run_after=2025-01-06 00:00:00+00:00
[2025-01-06T08:26:46.276+0000] {processor.py:208} INFO - Processing /home/airflow/.local/lib/python3.12/site-packages/airflow/example_dags/example_outlet_event_extra.py took 0.151 seconds
[2025-01-06T08:27:16.497+0000] {processor.py:186} INFO - Started process (PID=1085) to work on /home/airflow/.local/lib/python3.12/site-packages/airflow/example_dags/example_outlet_event_extra.py
[2025-01-06T08:27:16.498+0000] {processor.py:914} INFO - Processing file /home/airflow/.local/lib/python3.12/site-packages/airflow/example_dags/example_outlet_event_extra.py for tasks to queue
[2025-01-06T08:27:16.501+0000] {logging_mixin.py:190} INFO - [2025-01-06T08:27:16.501+0000] {dagbag.py:588} INFO - Filling up the DagBag from /home/airflow/.local/lib/python3.12/site-packages/airflow/example_dags/example_outlet_event_extra.py
[2025-01-06T08:27:16.583+0000] {processor.py:925} INFO - DAG(s) 'dataset_with_extra_from_classic_operator', 'dataset_with_extra_by_yield', 'dataset_with_extra_by_context' retrieved from /home/airflow/.local/lib/python3.12/site-packages/airflow/example_dags/example_outlet_event_extra.py
[2025-01-06T08:27:16.597+0000] {logging_mixin.py:190} INFO - [2025-01-06T08:27:16.597+0000] {dag.py:3239} INFO - Sync 3 DAGs
[2025-01-06T08:27:16.611+0000] {logging_mixin.py:190} INFO - [2025-01-06T08:27:16.610+0000] {dag.py:4180} INFO - Setting next_dagrun for dataset_with_extra_by_context to 2025-01-05 00:00:00+00:00, run_after=2025-01-06 00:00:00+00:00
[2025-01-06T08:27:16.613+0000] {logging_mixin.py:190} INFO - [2025-01-06T08:27:16.613+0000] {dag.py:4180} INFO - Setting next_dagrun for dataset_with_extra_by_yield to 2025-01-05 00:00:00+00:00, run_after=2025-01-06 00:00:00+00:00
[2025-01-06T08:27:16.614+0000] {logging_mixin.py:190} INFO - [2025-01-06T08:27:16.614+0000] {dag.py:4180} INFO - Setting next_dagrun for dataset_with_extra_from_classic_operator to 2025-01-05 00:00:00+00:00, run_after=2025-01-06 00:00:00+00:00
[2025-01-06T08:27:16.624+0000] {processor.py:208} INFO - Processing /home/airflow/.local/lib/python3.12/site-packages/airflow/example_dags/example_outlet_event_extra.py took 0.132 seconds
[2025-01-06T08:27:46.900+0000] {processor.py:186} INFO - Started process (PID=1151) to work on /home/airflow/.local/lib/python3.12/site-packages/airflow/example_dags/example_outlet_event_extra.py
[2025-01-06T08:27:46.901+0000] {processor.py:914} INFO - Processing file /home/airflow/.local/lib/python3.12/site-packages/airflow/example_dags/example_outlet_event_extra.py for tasks to queue
[2025-01-06T08:27:46.902+0000] {logging_mixin.py:190} INFO - [2025-01-06T08:27:46.902+0000] {dagbag.py:588} INFO - Filling up the DagBag from /home/airflow/.local/lib/python3.12/site-packages/airflow/example_dags/example_outlet_event_extra.py
[2025-01-06T08:27:46.982+0000] {processor.py:925} INFO - DAG(s) 'dataset_with_extra_by_context', 'dataset_with_extra_by_yield', 'dataset_with_extra_from_classic_operator' retrieved from /home/airflow/.local/lib/python3.12/site-packages/airflow/example_dags/example_outlet_event_extra.py
[2025-01-06T08:27:46.999+0000] {logging_mixin.py:190} INFO - [2025-01-06T08:27:46.999+0000] {dag.py:3239} INFO - Sync 3 DAGs
[2025-01-06T08:27:47.017+0000] {logging_mixin.py:190} INFO - [2025-01-06T08:27:47.016+0000] {dag.py:4180} INFO - Setting next_dagrun for dataset_with_extra_by_context to 2025-01-05 00:00:00+00:00, run_after=2025-01-06 00:00:00+00:00
[2025-01-06T08:27:47.020+0000] {logging_mixin.py:190} INFO - [2025-01-06T08:27:47.020+0000] {dag.py:4180} INFO - Setting next_dagrun for dataset_with_extra_by_yield to 2025-01-05 00:00:00+00:00, run_after=2025-01-06 00:00:00+00:00
[2025-01-06T08:27:47.022+0000] {logging_mixin.py:190} INFO - [2025-01-06T08:27:47.022+0000] {dag.py:4180} INFO - Setting next_dagrun for dataset_with_extra_from_classic_operator to 2025-01-05 00:00:00+00:00, run_after=2025-01-06 00:00:00+00:00
[2025-01-06T08:27:47.037+0000] {processor.py:208} INFO - Processing /home/airflow/.local/lib/python3.12/site-packages/airflow/example_dags/example_outlet_event_extra.py took 0.139 seconds
[2025-01-06T08:28:17.183+0000] {processor.py:186} INFO - Started process (PID=1223) to work on /home/airflow/.local/lib/python3.12/site-packages/airflow/example_dags/example_outlet_event_extra.py
[2025-01-06T08:28:17.183+0000] {processor.py:914} INFO - Processing file /home/airflow/.local/lib/python3.12/site-packages/airflow/example_dags/example_outlet_event_extra.py for tasks to queue
[2025-01-06T08:28:17.185+0000] {logging_mixin.py:190} INFO - [2025-01-06T08:28:17.184+0000] {dagbag.py:588} INFO - Filling up the DagBag from /home/airflow/.local/lib/python3.12/site-packages/airflow/example_dags/example_outlet_event_extra.py
[2025-01-06T08:28:17.264+0000] {processor.py:925} INFO - DAG(s) 'dataset_with_extra_by_yield', 'dataset_with_extra_by_context', 'dataset_with_extra_from_classic_operator' retrieved from /home/airflow/.local/lib/python3.12/site-packages/airflow/example_dags/example_outlet_event_extra.py
[2025-01-06T08:28:17.279+0000] {logging_mixin.py:190} INFO - [2025-01-06T08:28:17.278+0000] {dag.py:3239} INFO - Sync 3 DAGs
[2025-01-06T08:28:17.292+0000] {logging_mixin.py:190} INFO - [2025-01-06T08:28:17.292+0000] {dag.py:4180} INFO - Setting next_dagrun for dataset_with_extra_by_context to 2025-01-05 00:00:00+00:00, run_after=2025-01-06 00:00:00+00:00
[2025-01-06T08:28:17.295+0000] {logging_mixin.py:190} INFO - [2025-01-06T08:28:17.294+0000] {dag.py:4180} INFO - Setting next_dagrun for dataset_with_extra_by_yield to 2025-01-05 00:00:00+00:00, run_after=2025-01-06 00:00:00+00:00
[2025-01-06T08:28:17.296+0000] {logging_mixin.py:190} INFO - [2025-01-06T08:28:17.296+0000] {dag.py:4180} INFO - Setting next_dagrun for dataset_with_extra_from_classic_operator to 2025-01-05 00:00:00+00:00, run_after=2025-01-06 00:00:00+00:00
[2025-01-06T08:28:17.307+0000] {processor.py:208} INFO - Processing /home/airflow/.local/lib/python3.12/site-packages/airflow/example_dags/example_outlet_event_extra.py took 0.127 seconds
[2025-01-06T08:28:47.789+0000] {processor.py:186} INFO - Started process (PID=1288) to work on /home/airflow/.local/lib/python3.12/site-packages/airflow/example_dags/example_outlet_event_extra.py
[2025-01-06T08:28:47.789+0000] {processor.py:914} INFO - Processing file /home/airflow/.local/lib/python3.12/site-packages/airflow/example_dags/example_outlet_event_extra.py for tasks to queue
[2025-01-06T08:28:47.790+0000] {logging_mixin.py:190} INFO - [2025-01-06T08:28:47.790+0000] {dagbag.py:588} INFO - Filling up the DagBag from /home/airflow/.local/lib/python3.12/site-packages/airflow/example_dags/example_outlet_event_extra.py
[2025-01-06T08:28:47.869+0000] {processor.py:925} INFO - DAG(s) 'dataset_with_extra_from_classic_operator', 'dataset_with_extra_by_yield', 'dataset_with_extra_by_context' retrieved from /home/airflow/.local/lib/python3.12/site-packages/airflow/example_dags/example_outlet_event_extra.py
[2025-01-06T08:28:47.887+0000] {logging_mixin.py:190} INFO - [2025-01-06T08:28:47.887+0000] {dag.py:3239} INFO - Sync 3 DAGs
[2025-01-06T08:28:47.903+0000] {logging_mixin.py:190} INFO - [2025-01-06T08:28:47.903+0000] {dag.py:4180} INFO - Setting next_dagrun for dataset_with_extra_by_context to 2025-01-05 00:00:00+00:00, run_after=2025-01-06 00:00:00+00:00
[2025-01-06T08:28:47.906+0000] {logging_mixin.py:190} INFO - [2025-01-06T08:28:47.906+0000] {dag.py:4180} INFO - Setting next_dagrun for dataset_with_extra_by_yield to 2025-01-05 00:00:00+00:00, run_after=2025-01-06 00:00:00+00:00
[2025-01-06T08:28:47.907+0000] {logging_mixin.py:190} INFO - [2025-01-06T08:28:47.907+0000] {dag.py:4180} INFO - Setting next_dagrun for dataset_with_extra_from_classic_operator to 2025-01-05 00:00:00+00:00, run_after=2025-01-06 00:00:00+00:00
[2025-01-06T08:28:47.918+0000] {processor.py:208} INFO - Processing /home/airflow/.local/lib/python3.12/site-packages/airflow/example_dags/example_outlet_event_extra.py took 0.133 seconds
[2025-01-06T08:29:18.290+0000] {processor.py:186} INFO - Started process (PID=1359) to work on /home/airflow/.local/lib/python3.12/site-packages/airflow/example_dags/example_outlet_event_extra.py
[2025-01-06T08:29:18.290+0000] {processor.py:914} INFO - Processing file /home/airflow/.local/lib/python3.12/site-packages/airflow/example_dags/example_outlet_event_extra.py for tasks to queue
[2025-01-06T08:29:18.292+0000] {logging_mixin.py:190} INFO - [2025-01-06T08:29:18.292+0000] {dagbag.py:588} INFO - Filling up the DagBag from /home/airflow/.local/lib/python3.12/site-packages/airflow/example_dags/example_outlet_event_extra.py
[2025-01-06T08:29:18.373+0000] {processor.py:925} INFO - DAG(s) 'dataset_with_extra_by_yield', 'dataset_with_extra_from_classic_operator', 'dataset_with_extra_by_context' retrieved from /home/airflow/.local/lib/python3.12/site-packages/airflow/example_dags/example_outlet_event_extra.py
[2025-01-06T08:29:18.391+0000] {logging_mixin.py:190} INFO - [2025-01-06T08:29:18.390+0000] {dag.py:3239} INFO - Sync 3 DAGs
[2025-01-06T08:29:18.406+0000] {logging_mixin.py:190} INFO - [2025-01-06T08:29:18.406+0000] {dag.py:4180} INFO - Setting next_dagrun for dataset_with_extra_by_context to 2025-01-05 00:00:00+00:00, run_after=2025-01-06 00:00:00+00:00
[2025-01-06T08:29:18.409+0000] {logging_mixin.py:190} INFO - [2025-01-06T08:29:18.409+0000] {dag.py:4180} INFO - Setting next_dagrun for dataset_with_extra_by_yield to 2025-01-05 00:00:00+00:00, run_after=2025-01-06 00:00:00+00:00
[2025-01-06T08:29:18.410+0000] {logging_mixin.py:190} INFO - [2025-01-06T08:29:18.410+0000] {dag.py:4180} INFO - Setting next_dagrun for dataset_with_extra_from_classic_operator to 2025-01-05 00:00:00+00:00, run_after=2025-01-06 00:00:00+00:00
[2025-01-06T08:29:18.421+0000] {processor.py:208} INFO - Processing /home/airflow/.local/lib/python3.12/site-packages/airflow/example_dags/example_outlet_event_extra.py took 0.135 seconds
[2025-01-06T08:29:48.674+0000] {processor.py:186} INFO - Started process (PID=1426) to work on /home/airflow/.local/lib/python3.12/site-packages/airflow/example_dags/example_outlet_event_extra.py
[2025-01-06T08:29:48.675+0000] {processor.py:914} INFO - Processing file /home/airflow/.local/lib/python3.12/site-packages/airflow/example_dags/example_outlet_event_extra.py for tasks to queue
[2025-01-06T08:29:48.676+0000] {logging_mixin.py:190} INFO - [2025-01-06T08:29:48.676+0000] {dagbag.py:588} INFO - Filling up the DagBag from /home/airflow/.local/lib/python3.12/site-packages/airflow/example_dags/example_outlet_event_extra.py
[2025-01-06T08:29:48.763+0000] {processor.py:925} INFO - DAG(s) 'dataset_with_extra_from_classic_operator', 'dataset_with_extra_by_context', 'dataset_with_extra_by_yield' retrieved from /home/airflow/.local/lib/python3.12/site-packages/airflow/example_dags/example_outlet_event_extra.py
[2025-01-06T08:29:48.783+0000] {logging_mixin.py:190} INFO - [2025-01-06T08:29:48.783+0000] {dag.py:3239} INFO - Sync 3 DAGs
[2025-01-06T08:29:48.802+0000] {logging_mixin.py:190} INFO - [2025-01-06T08:29:48.802+0000] {dag.py:4180} INFO - Setting next_dagrun for dataset_with_extra_by_context to 2025-01-05 00:00:00+00:00, run_after=2025-01-06 00:00:00+00:00
[2025-01-06T08:29:48.806+0000] {logging_mixin.py:190} INFO - [2025-01-06T08:29:48.806+0000] {dag.py:4180} INFO - Setting next_dagrun for dataset_with_extra_by_yield to 2025-01-05 00:00:00+00:00, run_after=2025-01-06 00:00:00+00:00
[2025-01-06T08:29:48.808+0000] {logging_mixin.py:190} INFO - [2025-01-06T08:29:48.808+0000] {dag.py:4180} INFO - Setting next_dagrun for dataset_with_extra_from_classic_operator to 2025-01-05 00:00:00+00:00, run_after=2025-01-06 00:00:00+00:00
[2025-01-06T08:29:48.824+0000] {processor.py:208} INFO - Processing /home/airflow/.local/lib/python3.12/site-packages/airflow/example_dags/example_outlet_event_extra.py took 0.153 seconds
[2025-01-06T08:30:19.187+0000] {processor.py:186} INFO - Started process (PID=1500) to work on /home/airflow/.local/lib/python3.12/site-packages/airflow/example_dags/example_outlet_event_extra.py
[2025-01-06T08:30:19.187+0000] {processor.py:914} INFO - Processing file /home/airflow/.local/lib/python3.12/site-packages/airflow/example_dags/example_outlet_event_extra.py for tasks to queue
[2025-01-06T08:30:19.189+0000] {logging_mixin.py:190} INFO - [2025-01-06T08:30:19.188+0000] {dagbag.py:588} INFO - Filling up the DagBag from /home/airflow/.local/lib/python3.12/site-packages/airflow/example_dags/example_outlet_event_extra.py
[2025-01-06T08:30:19.268+0000] {processor.py:925} INFO - DAG(s) 'dataset_with_extra_by_yield', 'dataset_with_extra_from_classic_operator', 'dataset_with_extra_by_context' retrieved from /home/airflow/.local/lib/python3.12/site-packages/airflow/example_dags/example_outlet_event_extra.py
[2025-01-06T08:30:19.284+0000] {logging_mixin.py:190} INFO - [2025-01-06T08:30:19.283+0000] {dag.py:3239} INFO - Sync 3 DAGs
[2025-01-06T08:30:19.297+0000] {logging_mixin.py:190} INFO - [2025-01-06T08:30:19.297+0000] {dag.py:4180} INFO - Setting next_dagrun for dataset_with_extra_by_context to 2025-01-05 00:00:00+00:00, run_after=2025-01-06 00:00:00+00:00
[2025-01-06T08:30:19.300+0000] {logging_mixin.py:190} INFO - [2025-01-06T08:30:19.300+0000] {dag.py:4180} INFO - Setting next_dagrun for dataset_with_extra_by_yield to 2025-01-05 00:00:00+00:00, run_after=2025-01-06 00:00:00+00:00
[2025-01-06T08:30:19.302+0000] {logging_mixin.py:190} INFO - [2025-01-06T08:30:19.301+0000] {dag.py:4180} INFO - Setting next_dagrun for dataset_with_extra_from_classic_operator to 2025-01-05 00:00:00+00:00, run_after=2025-01-06 00:00:00+00:00
[2025-01-06T08:30:19.313+0000] {processor.py:208} INFO - Processing /home/airflow/.local/lib/python3.12/site-packages/airflow/example_dags/example_outlet_event_extra.py took 0.131 seconds
[2025-01-06T08:30:49.518+0000] {processor.py:186} INFO - Started process (PID=1567) to work on /home/airflow/.local/lib/python3.12/site-packages/airflow/example_dags/example_outlet_event_extra.py
[2025-01-06T08:30:49.518+0000] {processor.py:914} INFO - Processing file /home/airflow/.local/lib/python3.12/site-packages/airflow/example_dags/example_outlet_event_extra.py for tasks to queue
[2025-01-06T08:30:49.519+0000] {logging_mixin.py:190} INFO - [2025-01-06T08:30:49.519+0000] {dagbag.py:588} INFO - Filling up the DagBag from /home/airflow/.local/lib/python3.12/site-packages/airflow/example_dags/example_outlet_event_extra.py
[2025-01-06T08:30:49.601+0000] {processor.py:925} INFO - DAG(s) 'dataset_with_extra_by_yield', 'dataset_with_extra_by_context', 'dataset_with_extra_from_classic_operator' retrieved from /home/airflow/.local/lib/python3.12/site-packages/airflow/example_dags/example_outlet_event_extra.py
[2025-01-06T08:30:49.620+0000] {logging_mixin.py:190} INFO - [2025-01-06T08:30:49.619+0000] {dag.py:3239} INFO - Sync 3 DAGs
[2025-01-06T08:30:49.637+0000] {logging_mixin.py:190} INFO - [2025-01-06T08:30:49.637+0000] {dag.py:4180} INFO - Setting next_dagrun for dataset_with_extra_by_context to 2025-01-05 00:00:00+00:00, run_after=2025-01-06 00:00:00+00:00
[2025-01-06T08:30:49.642+0000] {logging_mixin.py:190} INFO - [2025-01-06T08:30:49.642+0000] {dag.py:4180} INFO - Setting next_dagrun for dataset_with_extra_by_yield to 2025-01-05 00:00:00+00:00, run_after=2025-01-06 00:00:00+00:00
[2025-01-06T08:30:49.644+0000] {logging_mixin.py:190} INFO - [2025-01-06T08:30:49.644+0000] {dag.py:4180} INFO - Setting next_dagrun for dataset_with_extra_from_classic_operator to 2025-01-05 00:00:00+00:00, run_after=2025-01-06 00:00:00+00:00
[2025-01-06T08:30:49.659+0000] {processor.py:208} INFO - Processing /home/airflow/.local/lib/python3.12/site-packages/airflow/example_dags/example_outlet_event_extra.py took 0.145 seconds
[2025-01-06T08:31:19.993+0000] {processor.py:186} INFO - Started process (PID=1637) to work on /home/airflow/.local/lib/python3.12/site-packages/airflow/example_dags/example_outlet_event_extra.py
[2025-01-06T08:31:19.993+0000] {processor.py:914} INFO - Processing file /home/airflow/.local/lib/python3.12/site-packages/airflow/example_dags/example_outlet_event_extra.py for tasks to queue
[2025-01-06T08:31:19.994+0000] {logging_mixin.py:190} INFO - [2025-01-06T08:31:19.994+0000] {dagbag.py:588} INFO - Filling up the DagBag from /home/airflow/.local/lib/python3.12/site-packages/airflow/example_dags/example_outlet_event_extra.py
[2025-01-06T08:31:20.075+0000] {processor.py:925} INFO - DAG(s) 'dataset_with_extra_by_yield', 'dataset_with_extra_from_classic_operator', 'dataset_with_extra_by_context' retrieved from /home/airflow/.local/lib/python3.12/site-packages/airflow/example_dags/example_outlet_event_extra.py
[2025-01-06T08:31:20.093+0000] {logging_mixin.py:190} INFO - [2025-01-06T08:31:20.093+0000] {dag.py:3239} INFO - Sync 3 DAGs
[2025-01-06T08:31:20.111+0000] {logging_mixin.py:190} INFO - [2025-01-06T08:31:20.111+0000] {dag.py:4180} INFO - Setting next_dagrun for dataset_with_extra_by_context to 2025-01-05 00:00:00+00:00, run_after=2025-01-06 00:00:00+00:00
[2025-01-06T08:31:20.116+0000] {logging_mixin.py:190} INFO - [2025-01-06T08:31:20.115+0000] {dag.py:4180} INFO - Setting next_dagrun for dataset_with_extra_by_yield to 2025-01-05 00:00:00+00:00, run_after=2025-01-06 00:00:00+00:00
[2025-01-06T08:31:20.118+0000] {logging_mixin.py:190} INFO - [2025-01-06T08:31:20.117+0000] {dag.py:4180} INFO - Setting next_dagrun for dataset_with_extra_from_classic_operator to 2025-01-05 00:00:00+00:00, run_after=2025-01-06 00:00:00+00:00
[2025-01-06T08:31:20.133+0000] {processor.py:208} INFO - Processing /home/airflow/.local/lib/python3.12/site-packages/airflow/example_dags/example_outlet_event_extra.py took 0.143 seconds
[2025-01-06T08:31:50.538+0000] {processor.py:186} INFO - Started process (PID=1704) to work on /home/airflow/.local/lib/python3.12/site-packages/airflow/example_dags/example_outlet_event_extra.py
[2025-01-06T08:31:50.538+0000] {processor.py:914} INFO - Processing file /home/airflow/.local/lib/python3.12/site-packages/airflow/example_dags/example_outlet_event_extra.py for tasks to queue
[2025-01-06T08:31:50.539+0000] {logging_mixin.py:190} INFO - [2025-01-06T08:31:50.539+0000] {dagbag.py:588} INFO - Filling up the DagBag from /home/airflow/.local/lib/python3.12/site-packages/airflow/example_dags/example_outlet_event_extra.py
[2025-01-06T08:31:50.625+0000] {processor.py:925} INFO - DAG(s) 'dataset_with_extra_by_context', 'dataset_with_extra_by_yield', 'dataset_with_extra_from_classic_operator' retrieved from /home/airflow/.local/lib/python3.12/site-packages/airflow/example_dags/example_outlet_event_extra.py
[2025-01-06T08:31:50.640+0000] {logging_mixin.py:190} INFO - [2025-01-06T08:31:50.639+0000] {dag.py:3239} INFO - Sync 3 DAGs
[2025-01-06T08:31:50.654+0000] {logging_mixin.py:190} INFO - [2025-01-06T08:31:50.653+0000] {dag.py:4180} INFO - Setting next_dagrun for dataset_with_extra_by_context to 2025-01-05 00:00:00+00:00, run_after=2025-01-06 00:00:00+00:00
[2025-01-06T08:31:50.656+0000] {logging_mixin.py:190} INFO - [2025-01-06T08:31:50.656+0000] {dag.py:4180} INFO - Setting next_dagrun for dataset_with_extra_by_yield to 2025-01-05 00:00:00+00:00, run_after=2025-01-06 00:00:00+00:00
[2025-01-06T08:31:50.658+0000] {logging_mixin.py:190} INFO - [2025-01-06T08:31:50.657+0000] {dag.py:4180} INFO - Setting next_dagrun for dataset_with_extra_from_classic_operator to 2025-01-05 00:00:00+00:00, run_after=2025-01-06 00:00:00+00:00
[2025-01-06T08:31:50.669+0000] {processor.py:208} INFO - Processing /home/airflow/.local/lib/python3.12/site-packages/airflow/example_dags/example_outlet_event_extra.py took 0.135 seconds
[2025-01-06T08:32:21.032+0000] {processor.py:186} INFO - Started process (PID=1774) to work on /home/airflow/.local/lib/python3.12/site-packages/airflow/example_dags/example_outlet_event_extra.py
[2025-01-06T08:32:21.033+0000] {processor.py:914} INFO - Processing file /home/airflow/.local/lib/python3.12/site-packages/airflow/example_dags/example_outlet_event_extra.py for tasks to queue
[2025-01-06T08:32:21.034+0000] {logging_mixin.py:190} INFO - [2025-01-06T08:32:21.034+0000] {dagbag.py:588} INFO - Filling up the DagBag from /home/airflow/.local/lib/python3.12/site-packages/airflow/example_dags/example_outlet_event_extra.py
[2025-01-06T08:32:21.114+0000] {processor.py:925} INFO - DAG(s) 'dataset_with_extra_from_classic_operator', 'dataset_with_extra_by_context', 'dataset_with_extra_by_yield' retrieved from /home/airflow/.local/lib/python3.12/site-packages/airflow/example_dags/example_outlet_event_extra.py
[2025-01-06T08:32:21.128+0000] {logging_mixin.py:190} INFO - [2025-01-06T08:32:21.128+0000] {dag.py:3239} INFO - Sync 3 DAGs
[2025-01-06T08:32:21.141+0000] {logging_mixin.py:190} INFO - [2025-01-06T08:32:21.141+0000] {dag.py:4180} INFO - Setting next_dagrun for dataset_with_extra_by_context to 2025-01-05 00:00:00+00:00, run_after=2025-01-06 00:00:00+00:00
[2025-01-06T08:32:21.144+0000] {logging_mixin.py:190} INFO - [2025-01-06T08:32:21.144+0000] {dag.py:4180} INFO - Setting next_dagrun for dataset_with_extra_by_yield to 2025-01-05 00:00:00+00:00, run_after=2025-01-06 00:00:00+00:00
[2025-01-06T08:32:21.145+0000] {logging_mixin.py:190} INFO - [2025-01-06T08:32:21.145+0000] {dag.py:4180} INFO - Setting next_dagrun for dataset_with_extra_from_classic_operator to 2025-01-05 00:00:00+00:00, run_after=2025-01-06 00:00:00+00:00
[2025-01-06T08:32:21.156+0000] {processor.py:208} INFO - Processing /home/airflow/.local/lib/python3.12/site-packages/airflow/example_dags/example_outlet_event_extra.py took 0.127 seconds
[2025-01-06T08:32:51.332+0000] {processor.py:186} INFO - Started process (PID=1840) to work on /home/airflow/.local/lib/python3.12/site-packages/airflow/example_dags/example_outlet_event_extra.py
[2025-01-06T08:32:51.333+0000] {processor.py:914} INFO - Processing file /home/airflow/.local/lib/python3.12/site-packages/airflow/example_dags/example_outlet_event_extra.py for tasks to queue
[2025-01-06T08:32:51.334+0000] {logging_mixin.py:190} INFO - [2025-01-06T08:32:51.334+0000] {dagbag.py:588} INFO - Filling up the DagBag from /home/airflow/.local/lib/python3.12/site-packages/airflow/example_dags/example_outlet_event_extra.py
[2025-01-06T08:32:51.421+0000] {processor.py:925} INFO - DAG(s) 'dataset_with_extra_by_yield', 'dataset_with_extra_by_context', 'dataset_with_extra_from_classic_operator' retrieved from /home/airflow/.local/lib/python3.12/site-packages/airflow/example_dags/example_outlet_event_extra.py
[2025-01-06T08:32:51.436+0000] {logging_mixin.py:190} INFO - [2025-01-06T08:32:51.436+0000] {dag.py:3239} INFO - Sync 3 DAGs
[2025-01-06T08:32:51.451+0000] {logging_mixin.py:190} INFO - [2025-01-06T08:32:51.450+0000] {dag.py:4180} INFO - Setting next_dagrun for dataset_with_extra_by_context to 2025-01-05 00:00:00+00:00, run_after=2025-01-06 00:00:00+00:00
[2025-01-06T08:32:51.453+0000] {logging_mixin.py:190} INFO - [2025-01-06T08:32:51.453+0000] {dag.py:4180} INFO - Setting next_dagrun for dataset_with_extra_by_yield to 2025-01-05 00:00:00+00:00, run_after=2025-01-06 00:00:00+00:00
[2025-01-06T08:32:51.454+0000] {logging_mixin.py:190} INFO - [2025-01-06T08:32:51.454+0000] {dag.py:4180} INFO - Setting next_dagrun for dataset_with_extra_from_classic_operator to 2025-01-05 00:00:00+00:00, run_after=2025-01-06 00:00:00+00:00
[2025-01-06T08:32:51.465+0000] {processor.py:208} INFO - Processing /home/airflow/.local/lib/python3.12/site-packages/airflow/example_dags/example_outlet_event_extra.py took 0.136 seconds
[2025-01-06T08:33:21.836+0000] {processor.py:186} INFO - Started process (PID=1911) to work on /home/airflow/.local/lib/python3.12/site-packages/airflow/example_dags/example_outlet_event_extra.py
[2025-01-06T08:33:21.836+0000] {processor.py:914} INFO - Processing file /home/airflow/.local/lib/python3.12/site-packages/airflow/example_dags/example_outlet_event_extra.py for tasks to queue
[2025-01-06T08:33:21.838+0000] {logging_mixin.py:190} INFO - [2025-01-06T08:33:21.837+0000] {dagbag.py:588} INFO - Filling up the DagBag from /home/airflow/.local/lib/python3.12/site-packages/airflow/example_dags/example_outlet_event_extra.py
[2025-01-06T08:33:21.918+0000] {processor.py:925} INFO - DAG(s) 'dataset_with_extra_by_yield', 'dataset_with_extra_from_classic_operator', 'dataset_with_extra_by_context' retrieved from /home/airflow/.local/lib/python3.12/site-packages/airflow/example_dags/example_outlet_event_extra.py
[2025-01-06T08:33:21.933+0000] {logging_mixin.py:190} INFO - [2025-01-06T08:33:21.933+0000] {dag.py:3239} INFO - Sync 3 DAGs
[2025-01-06T08:33:22.055+0000] {logging_mixin.py:190} INFO - [2025-01-06T08:33:22.055+0000] {dag.py:4180} INFO - Setting next_dagrun for dataset_with_extra_by_context to 2025-01-05 00:00:00+00:00, run_after=2025-01-06 00:00:00+00:00
[2025-01-06T08:33:22.058+0000] {logging_mixin.py:190} INFO - [2025-01-06T08:33:22.057+0000] {dag.py:4180} INFO - Setting next_dagrun for dataset_with_extra_by_yield to 2025-01-05 00:00:00+00:00, run_after=2025-01-06 00:00:00+00:00
[2025-01-06T08:33:22.059+0000] {logging_mixin.py:190} INFO - [2025-01-06T08:33:22.059+0000] {dag.py:4180} INFO - Setting next_dagrun for dataset_with_extra_from_classic_operator to 2025-01-05 00:00:00+00:00, run_after=2025-01-06 00:00:00+00:00
[2025-01-06T08:33:22.071+0000] {processor.py:208} INFO - Processing /home/airflow/.local/lib/python3.12/site-packages/airflow/example_dags/example_outlet_event_extra.py took 0.239 seconds
