[2025-01-06T08:20:08.590+0000] {processor.py:186} INFO - Started process (PID=70) to work on /home/airflow/.local/lib/python3.12/site-packages/airflow/example_dags/example_latest_only_with_trigger.py
[2025-01-06T08:20:08.591+0000] {processor.py:914} INFO - Processing file /home/airflow/.local/lib/python3.12/site-packages/airflow/example_dags/example_latest_only_with_trigger.py for tasks to queue
[2025-01-06T08:20:08.593+0000] {logging_mixin.py:190} INFO - [2025-01-06T08:20:08.593+0000] {dagbag.py:588} INFO - Filling up the DagBag from /home/airflow/.local/lib/python3.12/site-packages/airflow/example_dags/example_latest_only_with_trigger.py
[2025-01-06T08:20:08.598+0000] {processor.py:925} INFO - DAG(s) 'latest_only_with_trigger' retrieved from /home/airflow/.local/lib/python3.12/site-packages/airflow/example_dags/example_latest_only_with_trigger.py
[2025-01-06T08:20:08.614+0000] {logging_mixin.py:190} INFO - [2025-01-06T08:20:08.614+0000] {dag.py:3239} INFO - Sync 1 DAGs
[2025-01-06T08:20:08.627+0000] {logging_mixin.py:190} INFO - [2025-01-06T08:20:08.627+0000] {dag.py:4180} INFO - Setting next_dagrun for latest_only_with_trigger to 2025-01-06 04:00:00+00:00, run_after=2025-01-06 08:00:00+00:00
[2025-01-06T08:20:08.637+0000] {processor.py:208} INFO - Processing /home/airflow/.local/lib/python3.12/site-packages/airflow/example_dags/example_latest_only_with_trigger.py took 0.052 seconds
[2025-01-06T08:20:39.429+0000] {processor.py:186} INFO - Started process (PID=152) to work on /home/airflow/.local/lib/python3.12/site-packages/airflow/example_dags/example_latest_only_with_trigger.py
[2025-01-06T08:20:39.429+0000] {processor.py:914} INFO - Processing file /home/airflow/.local/lib/python3.12/site-packages/airflow/example_dags/example_latest_only_with_trigger.py for tasks to queue
[2025-01-06T08:20:39.430+0000] {logging_mixin.py:190} INFO - [2025-01-06T08:20:39.430+0000] {dagbag.py:588} INFO - Filling up the DagBag from /home/airflow/.local/lib/python3.12/site-packages/airflow/example_dags/example_latest_only_with_trigger.py
[2025-01-06T08:20:39.435+0000] {processor.py:925} INFO - DAG(s) 'latest_only_with_trigger' retrieved from /home/airflow/.local/lib/python3.12/site-packages/airflow/example_dags/example_latest_only_with_trigger.py
[2025-01-06T08:20:39.447+0000] {logging_mixin.py:190} INFO - [2025-01-06T08:20:39.447+0000] {dag.py:3239} INFO - Sync 1 DAGs
[2025-01-06T08:20:39.462+0000] {logging_mixin.py:190} INFO - [2025-01-06T08:20:39.462+0000] {dag.py:4180} INFO - Setting next_dagrun for latest_only_with_trigger to 2025-01-06 04:00:00+00:00, run_after=2025-01-06 08:00:00+00:00
[2025-01-06T08:20:39.472+0000] {processor.py:208} INFO - Processing /home/airflow/.local/lib/python3.12/site-packages/airflow/example_dags/example_latest_only_with_trigger.py took 0.047 seconds
[2025-01-06T08:21:09.848+0000] {processor.py:186} INFO - Started process (PID=223) to work on /home/airflow/.local/lib/python3.12/site-packages/airflow/example_dags/example_latest_only_with_trigger.py
[2025-01-06T08:21:09.849+0000] {processor.py:914} INFO - Processing file /home/airflow/.local/lib/python3.12/site-packages/airflow/example_dags/example_latest_only_with_trigger.py for tasks to queue
[2025-01-06T08:21:09.850+0000] {logging_mixin.py:190} INFO - [2025-01-06T08:21:09.850+0000] {dagbag.py:588} INFO - Filling up the DagBag from /home/airflow/.local/lib/python3.12/site-packages/airflow/example_dags/example_latest_only_with_trigger.py
[2025-01-06T08:21:09.854+0000] {processor.py:925} INFO - DAG(s) 'latest_only_with_trigger' retrieved from /home/airflow/.local/lib/python3.12/site-packages/airflow/example_dags/example_latest_only_with_trigger.py
[2025-01-06T08:21:09.883+0000] {logging_mixin.py:190} INFO - [2025-01-06T08:21:09.883+0000] {dag.py:3239} INFO - Sync 1 DAGs
[2025-01-06T08:21:09.901+0000] {logging_mixin.py:190} INFO - [2025-01-06T08:21:09.901+0000] {dag.py:4180} INFO - Setting next_dagrun for latest_only_with_trigger to 2025-01-06 04:00:00+00:00, run_after=2025-01-06 08:00:00+00:00
[2025-01-06T08:21:09.915+0000] {processor.py:208} INFO - Processing /home/airflow/.local/lib/python3.12/site-packages/airflow/example_dags/example_latest_only_with_trigger.py took 0.071 seconds
[2025-01-06T08:21:40.231+0000] {processor.py:186} INFO - Started process (PID=289) to work on /home/airflow/.local/lib/python3.12/site-packages/airflow/example_dags/example_latest_only_with_trigger.py
[2025-01-06T08:21:40.232+0000] {processor.py:914} INFO - Processing file /home/airflow/.local/lib/python3.12/site-packages/airflow/example_dags/example_latest_only_with_trigger.py for tasks to queue
[2025-01-06T08:21:40.233+0000] {logging_mixin.py:190} INFO - [2025-01-06T08:21:40.233+0000] {dagbag.py:588} INFO - Filling up the DagBag from /home/airflow/.local/lib/python3.12/site-packages/airflow/example_dags/example_latest_only_with_trigger.py
[2025-01-06T08:21:40.237+0000] {processor.py:925} INFO - DAG(s) 'latest_only_with_trigger' retrieved from /home/airflow/.local/lib/python3.12/site-packages/airflow/example_dags/example_latest_only_with_trigger.py
[2025-01-06T08:21:40.250+0000] {logging_mixin.py:190} INFO - [2025-01-06T08:21:40.250+0000] {dag.py:3239} INFO - Sync 1 DAGs
[2025-01-06T08:21:40.269+0000] {logging_mixin.py:190} INFO - [2025-01-06T08:21:40.269+0000] {dag.py:4180} INFO - Setting next_dagrun for latest_only_with_trigger to 2025-01-06 04:00:00+00:00, run_after=2025-01-06 08:00:00+00:00
[2025-01-06T08:21:40.281+0000] {processor.py:208} INFO - Processing /home/airflow/.local/lib/python3.12/site-packages/airflow/example_dags/example_latest_only_with_trigger.py took 0.053 seconds
[2025-01-06T08:22:10.727+0000] {processor.py:186} INFO - Started process (PID=360) to work on /home/airflow/.local/lib/python3.12/site-packages/airflow/example_dags/example_latest_only_with_trigger.py
[2025-01-06T08:22:10.728+0000] {processor.py:914} INFO - Processing file /home/airflow/.local/lib/python3.12/site-packages/airflow/example_dags/example_latest_only_with_trigger.py for tasks to queue
[2025-01-06T08:22:10.729+0000] {logging_mixin.py:190} INFO - [2025-01-06T08:22:10.728+0000] {dagbag.py:588} INFO - Filling up the DagBag from /home/airflow/.local/lib/python3.12/site-packages/airflow/example_dags/example_latest_only_with_trigger.py
[2025-01-06T08:22:10.732+0000] {processor.py:925} INFO - DAG(s) 'latest_only_with_trigger' retrieved from /home/airflow/.local/lib/python3.12/site-packages/airflow/example_dags/example_latest_only_with_trigger.py
[2025-01-06T08:22:10.748+0000] {logging_mixin.py:190} INFO - [2025-01-06T08:22:10.748+0000] {dag.py:3239} INFO - Sync 1 DAGs
[2025-01-06T08:22:10.779+0000] {logging_mixin.py:190} INFO - [2025-01-06T08:22:10.778+0000] {dag.py:4180} INFO - Setting next_dagrun for latest_only_with_trigger to 2025-01-06 04:00:00+00:00, run_after=2025-01-06 08:00:00+00:00
[2025-01-06T08:22:10.791+0000] {processor.py:208} INFO - Processing /home/airflow/.local/lib/python3.12/site-packages/airflow/example_dags/example_latest_only_with_trigger.py took 0.067 seconds
[2025-01-06T08:22:41.170+0000] {processor.py:186} INFO - Started process (PID=426) to work on /home/airflow/.local/lib/python3.12/site-packages/airflow/example_dags/example_latest_only_with_trigger.py
[2025-01-06T08:22:41.171+0000] {processor.py:914} INFO - Processing file /home/airflow/.local/lib/python3.12/site-packages/airflow/example_dags/example_latest_only_with_trigger.py for tasks to queue
[2025-01-06T08:22:41.172+0000] {logging_mixin.py:190} INFO - [2025-01-06T08:22:41.172+0000] {dagbag.py:588} INFO - Filling up the DagBag from /home/airflow/.local/lib/python3.12/site-packages/airflow/example_dags/example_latest_only_with_trigger.py
[2025-01-06T08:22:41.176+0000] {processor.py:925} INFO - DAG(s) 'latest_only_with_trigger' retrieved from /home/airflow/.local/lib/python3.12/site-packages/airflow/example_dags/example_latest_only_with_trigger.py
[2025-01-06T08:22:41.186+0000] {logging_mixin.py:190} INFO - [2025-01-06T08:22:41.186+0000] {dag.py:3239} INFO - Sync 1 DAGs
[2025-01-06T08:22:41.198+0000] {logging_mixin.py:190} INFO - [2025-01-06T08:22:41.198+0000] {dag.py:4180} INFO - Setting next_dagrun for latest_only_with_trigger to 2025-01-06 04:00:00+00:00, run_after=2025-01-06 08:00:00+00:00
[2025-01-06T08:22:41.207+0000] {processor.py:208} INFO - Processing /home/airflow/.local/lib/python3.12/site-packages/airflow/example_dags/example_latest_only_with_trigger.py took 0.040 seconds
[2025-01-06T08:23:11.651+0000] {processor.py:186} INFO - Started process (PID=497) to work on /home/airflow/.local/lib/python3.12/site-packages/airflow/example_dags/example_latest_only_with_trigger.py
[2025-01-06T08:23:11.652+0000] {processor.py:914} INFO - Processing file /home/airflow/.local/lib/python3.12/site-packages/airflow/example_dags/example_latest_only_with_trigger.py for tasks to queue
[2025-01-06T08:23:11.653+0000] {logging_mixin.py:190} INFO - [2025-01-06T08:23:11.653+0000] {dagbag.py:588} INFO - Filling up the DagBag from /home/airflow/.local/lib/python3.12/site-packages/airflow/example_dags/example_latest_only_with_trigger.py
[2025-01-06T08:23:11.658+0000] {processor.py:925} INFO - DAG(s) 'latest_only_with_trigger' retrieved from /home/airflow/.local/lib/python3.12/site-packages/airflow/example_dags/example_latest_only_with_trigger.py
[2025-01-06T08:23:11.670+0000] {logging_mixin.py:190} INFO - [2025-01-06T08:23:11.669+0000] {dag.py:3239} INFO - Sync 1 DAGs
[2025-01-06T08:23:11.681+0000] {logging_mixin.py:190} INFO - [2025-01-06T08:23:11.681+0000] {dag.py:4180} INFO - Setting next_dagrun for latest_only_with_trigger to 2025-01-06 04:00:00+00:00, run_after=2025-01-06 08:00:00+00:00
[2025-01-06T08:23:11.691+0000] {processor.py:208} INFO - Processing /home/airflow/.local/lib/python3.12/site-packages/airflow/example_dags/example_latest_only_with_trigger.py took 0.045 seconds
[2025-01-06T08:23:42.198+0000] {processor.py:186} INFO - Started process (PID=563) to work on /home/airflow/.local/lib/python3.12/site-packages/airflow/example_dags/example_latest_only_with_trigger.py
[2025-01-06T08:23:42.198+0000] {processor.py:914} INFO - Processing file /home/airflow/.local/lib/python3.12/site-packages/airflow/example_dags/example_latest_only_with_trigger.py for tasks to queue
[2025-01-06T08:23:42.199+0000] {logging_mixin.py:190} INFO - [2025-01-06T08:23:42.199+0000] {dagbag.py:588} INFO - Filling up the DagBag from /home/airflow/.local/lib/python3.12/site-packages/airflow/example_dags/example_latest_only_with_trigger.py
[2025-01-06T08:23:42.203+0000] {processor.py:925} INFO - DAG(s) 'latest_only_with_trigger' retrieved from /home/airflow/.local/lib/python3.12/site-packages/airflow/example_dags/example_latest_only_with_trigger.py
[2025-01-06T08:23:42.218+0000] {logging_mixin.py:190} INFO - [2025-01-06T08:23:42.218+0000] {dag.py:3239} INFO - Sync 1 DAGs
[2025-01-06T08:23:42.234+0000] {logging_mixin.py:190} INFO - [2025-01-06T08:23:42.234+0000] {dag.py:4180} INFO - Setting next_dagrun for latest_only_with_trigger to 2025-01-06 04:00:00+00:00, run_after=2025-01-06 08:00:00+00:00
[2025-01-06T08:23:42.244+0000] {processor.py:208} INFO - Processing /home/airflow/.local/lib/python3.12/site-packages/airflow/example_dags/example_latest_only_with_trigger.py took 0.051 seconds
[2025-01-06T08:24:12.698+0000] {processor.py:186} INFO - Started process (PID=634) to work on /home/airflow/.local/lib/python3.12/site-packages/airflow/example_dags/example_latest_only_with_trigger.py
[2025-01-06T08:24:12.698+0000] {processor.py:914} INFO - Processing file /home/airflow/.local/lib/python3.12/site-packages/airflow/example_dags/example_latest_only_with_trigger.py for tasks to queue
[2025-01-06T08:24:12.699+0000] {logging_mixin.py:190} INFO - [2025-01-06T08:24:12.699+0000] {dagbag.py:588} INFO - Filling up the DagBag from /home/airflow/.local/lib/python3.12/site-packages/airflow/example_dags/example_latest_only_with_trigger.py
[2025-01-06T08:24:12.704+0000] {processor.py:925} INFO - DAG(s) 'latest_only_with_trigger' retrieved from /home/airflow/.local/lib/python3.12/site-packages/airflow/example_dags/example_latest_only_with_trigger.py
[2025-01-06T08:24:12.718+0000] {logging_mixin.py:190} INFO - [2025-01-06T08:24:12.718+0000] {dag.py:3239} INFO - Sync 1 DAGs
[2025-01-06T08:24:12.736+0000] {logging_mixin.py:190} INFO - [2025-01-06T08:24:12.735+0000] {dag.py:4180} INFO - Setting next_dagrun for latest_only_with_trigger to 2025-01-06 04:00:00+00:00, run_after=2025-01-06 08:00:00+00:00
[2025-01-06T08:24:12.746+0000] {processor.py:208} INFO - Processing /home/airflow/.local/lib/python3.12/site-packages/airflow/example_dags/example_latest_only_with_trigger.py took 0.052 seconds
[2025-01-06T08:24:42.962+0000] {processor.py:186} INFO - Started process (PID=700) to work on /home/airflow/.local/lib/python3.12/site-packages/airflow/example_dags/example_latest_only_with_trigger.py
[2025-01-06T08:24:42.962+0000] {processor.py:914} INFO - Processing file /home/airflow/.local/lib/python3.12/site-packages/airflow/example_dags/example_latest_only_with_trigger.py for tasks to queue
[2025-01-06T08:24:42.963+0000] {logging_mixin.py:190} INFO - [2025-01-06T08:24:42.963+0000] {dagbag.py:588} INFO - Filling up the DagBag from /home/airflow/.local/lib/python3.12/site-packages/airflow/example_dags/example_latest_only_with_trigger.py
[2025-01-06T08:24:42.967+0000] {processor.py:925} INFO - DAG(s) 'latest_only_with_trigger' retrieved from /home/airflow/.local/lib/python3.12/site-packages/airflow/example_dags/example_latest_only_with_trigger.py
[2025-01-06T08:24:42.981+0000] {logging_mixin.py:190} INFO - [2025-01-06T08:24:42.980+0000] {dag.py:3239} INFO - Sync 1 DAGs
[2025-01-06T08:24:42.994+0000] {logging_mixin.py:190} INFO - [2025-01-06T08:24:42.994+0000] {dag.py:4180} INFO - Setting next_dagrun for latest_only_with_trigger to 2025-01-06 04:00:00+00:00, run_after=2025-01-06 08:00:00+00:00
[2025-01-06T08:24:43.004+0000] {processor.py:208} INFO - Processing /home/airflow/.local/lib/python3.12/site-packages/airflow/example_dags/example_latest_only_with_trigger.py took 0.046 seconds
[2025-01-06T08:25:13.412+0000] {processor.py:186} INFO - Started process (PID=771) to work on /home/airflow/.local/lib/python3.12/site-packages/airflow/example_dags/example_latest_only_with_trigger.py
[2025-01-06T08:25:13.413+0000] {processor.py:914} INFO - Processing file /home/airflow/.local/lib/python3.12/site-packages/airflow/example_dags/example_latest_only_with_trigger.py for tasks to queue
[2025-01-06T08:25:13.414+0000] {logging_mixin.py:190} INFO - [2025-01-06T08:25:13.414+0000] {dagbag.py:588} INFO - Filling up the DagBag from /home/airflow/.local/lib/python3.12/site-packages/airflow/example_dags/example_latest_only_with_trigger.py
[2025-01-06T08:25:13.418+0000] {processor.py:925} INFO - DAG(s) 'latest_only_with_trigger' retrieved from /home/airflow/.local/lib/python3.12/site-packages/airflow/example_dags/example_latest_only_with_trigger.py
[2025-01-06T08:25:13.431+0000] {logging_mixin.py:190} INFO - [2025-01-06T08:25:13.430+0000] {dag.py:3239} INFO - Sync 1 DAGs
[2025-01-06T08:25:13.444+0000] {logging_mixin.py:190} INFO - [2025-01-06T08:25:13.443+0000] {dag.py:4180} INFO - Setting next_dagrun for latest_only_with_trigger to 2025-01-06 04:00:00+00:00, run_after=2025-01-06 08:00:00+00:00
[2025-01-06T08:25:13.454+0000] {processor.py:208} INFO - Processing /home/airflow/.local/lib/python3.12/site-packages/airflow/example_dags/example_latest_only_with_trigger.py took 0.044 seconds
[2025-01-06T08:25:43.807+0000] {processor.py:186} INFO - Started process (PID=837) to work on /home/airflow/.local/lib/python3.12/site-packages/airflow/example_dags/example_latest_only_with_trigger.py
[2025-01-06T08:25:43.808+0000] {processor.py:914} INFO - Processing file /home/airflow/.local/lib/python3.12/site-packages/airflow/example_dags/example_latest_only_with_trigger.py for tasks to queue
[2025-01-06T08:25:43.809+0000] {logging_mixin.py:190} INFO - [2025-01-06T08:25:43.809+0000] {dagbag.py:588} INFO - Filling up the DagBag from /home/airflow/.local/lib/python3.12/site-packages/airflow/example_dags/example_latest_only_with_trigger.py
[2025-01-06T08:25:43.813+0000] {processor.py:925} INFO - DAG(s) 'latest_only_with_trigger' retrieved from /home/airflow/.local/lib/python3.12/site-packages/airflow/example_dags/example_latest_only_with_trigger.py
[2025-01-06T08:25:43.829+0000] {logging_mixin.py:190} INFO - [2025-01-06T08:25:43.829+0000] {dag.py:3239} INFO - Sync 1 DAGs
[2025-01-06T08:25:43.842+0000] {logging_mixin.py:190} INFO - [2025-01-06T08:25:43.842+0000] {dag.py:4180} INFO - Setting next_dagrun for latest_only_with_trigger to 2025-01-06 04:00:00+00:00, run_after=2025-01-06 08:00:00+00:00
[2025-01-06T08:25:43.852+0000] {processor.py:208} INFO - Processing /home/airflow/.local/lib/python3.12/site-packages/airflow/example_dags/example_latest_only_with_trigger.py took 0.049 seconds
[2025-01-06T08:26:14.169+0000] {processor.py:186} INFO - Started process (PID=908) to work on /home/airflow/.local/lib/python3.12/site-packages/airflow/example_dags/example_latest_only_with_trigger.py
[2025-01-06T08:26:14.170+0000] {processor.py:914} INFO - Processing file /home/airflow/.local/lib/python3.12/site-packages/airflow/example_dags/example_latest_only_with_trigger.py for tasks to queue
[2025-01-06T08:26:14.173+0000] {logging_mixin.py:190} INFO - [2025-01-06T08:26:14.172+0000] {dagbag.py:588} INFO - Filling up the DagBag from /home/airflow/.local/lib/python3.12/site-packages/airflow/example_dags/example_latest_only_with_trigger.py
[2025-01-06T08:26:14.179+0000] {processor.py:925} INFO - DAG(s) 'latest_only_with_trigger' retrieved from /home/airflow/.local/lib/python3.12/site-packages/airflow/example_dags/example_latest_only_with_trigger.py
[2025-01-06T08:26:14.215+0000] {logging_mixin.py:190} INFO - [2025-01-06T08:26:14.215+0000] {dag.py:3239} INFO - Sync 1 DAGs
[2025-01-06T08:26:14.241+0000] {logging_mixin.py:190} INFO - [2025-01-06T08:26:14.241+0000] {dag.py:4180} INFO - Setting next_dagrun for latest_only_with_trigger to 2025-01-06 04:00:00+00:00, run_after=2025-01-06 08:00:00+00:00
[2025-01-06T08:26:14.252+0000] {processor.py:208} INFO - Processing /home/airflow/.local/lib/python3.12/site-packages/airflow/example_dags/example_latest_only_with_trigger.py took 0.088 seconds
[2025-01-06T08:26:44.656+0000] {processor.py:186} INFO - Started process (PID=974) to work on /home/airflow/.local/lib/python3.12/site-packages/airflow/example_dags/example_latest_only_with_trigger.py
[2025-01-06T08:26:44.657+0000] {processor.py:914} INFO - Processing file /home/airflow/.local/lib/python3.12/site-packages/airflow/example_dags/example_latest_only_with_trigger.py for tasks to queue
[2025-01-06T08:26:44.658+0000] {logging_mixin.py:190} INFO - [2025-01-06T08:26:44.658+0000] {dagbag.py:588} INFO - Filling up the DagBag from /home/airflow/.local/lib/python3.12/site-packages/airflow/example_dags/example_latest_only_with_trigger.py
[2025-01-06T08:26:44.662+0000] {processor.py:925} INFO - DAG(s) 'latest_only_with_trigger' retrieved from /home/airflow/.local/lib/python3.12/site-packages/airflow/example_dags/example_latest_only_with_trigger.py
[2025-01-06T08:26:44.676+0000] {logging_mixin.py:190} INFO - [2025-01-06T08:26:44.676+0000] {dag.py:3239} INFO - Sync 1 DAGs
[2025-01-06T08:26:44.691+0000] {logging_mixin.py:190} INFO - [2025-01-06T08:26:44.691+0000] {dag.py:4180} INFO - Setting next_dagrun for latest_only_with_trigger to 2025-01-06 04:00:00+00:00, run_after=2025-01-06 08:00:00+00:00
[2025-01-06T08:26:44.700+0000] {processor.py:208} INFO - Processing /home/airflow/.local/lib/python3.12/site-packages/airflow/example_dags/example_latest_only_with_trigger.py took 0.050 seconds
[2025-01-06T08:27:15.052+0000] {processor.py:186} INFO - Started process (PID=1045) to work on /home/airflow/.local/lib/python3.12/site-packages/airflow/example_dags/example_latest_only_with_trigger.py
[2025-01-06T08:27:15.052+0000] {processor.py:914} INFO - Processing file /home/airflow/.local/lib/python3.12/site-packages/airflow/example_dags/example_latest_only_with_trigger.py for tasks to queue
[2025-01-06T08:27:15.053+0000] {logging_mixin.py:190} INFO - [2025-01-06T08:27:15.053+0000] {dagbag.py:588} INFO - Filling up the DagBag from /home/airflow/.local/lib/python3.12/site-packages/airflow/example_dags/example_latest_only_with_trigger.py
[2025-01-06T08:27:15.058+0000] {processor.py:925} INFO - DAG(s) 'latest_only_with_trigger' retrieved from /home/airflow/.local/lib/python3.12/site-packages/airflow/example_dags/example_latest_only_with_trigger.py
[2025-01-06T08:27:15.071+0000] {logging_mixin.py:190} INFO - [2025-01-06T08:27:15.071+0000] {dag.py:3239} INFO - Sync 1 DAGs
[2025-01-06T08:27:15.084+0000] {logging_mixin.py:190} INFO - [2025-01-06T08:27:15.083+0000] {dag.py:4180} INFO - Setting next_dagrun for latest_only_with_trigger to 2025-01-06 04:00:00+00:00, run_after=2025-01-06 08:00:00+00:00
[2025-01-06T08:27:15.092+0000] {processor.py:208} INFO - Processing /home/airflow/.local/lib/python3.12/site-packages/airflow/example_dags/example_latest_only_with_trigger.py took 0.044 seconds
[2025-01-06T08:27:45.396+0000] {processor.py:186} INFO - Started process (PID=1111) to work on /home/airflow/.local/lib/python3.12/site-packages/airflow/example_dags/example_latest_only_with_trigger.py
[2025-01-06T08:27:45.396+0000] {processor.py:914} INFO - Processing file /home/airflow/.local/lib/python3.12/site-packages/airflow/example_dags/example_latest_only_with_trigger.py for tasks to queue
[2025-01-06T08:27:45.398+0000] {logging_mixin.py:190} INFO - [2025-01-06T08:27:45.398+0000] {dagbag.py:588} INFO - Filling up the DagBag from /home/airflow/.local/lib/python3.12/site-packages/airflow/example_dags/example_latest_only_with_trigger.py
[2025-01-06T08:27:45.402+0000] {processor.py:925} INFO - DAG(s) 'latest_only_with_trigger' retrieved from /home/airflow/.local/lib/python3.12/site-packages/airflow/example_dags/example_latest_only_with_trigger.py
[2025-01-06T08:27:45.422+0000] {logging_mixin.py:190} INFO - [2025-01-06T08:27:45.422+0000] {dag.py:3239} INFO - Sync 1 DAGs
[2025-01-06T08:27:45.438+0000] {logging_mixin.py:190} INFO - [2025-01-06T08:27:45.438+0000] {dag.py:4180} INFO - Setting next_dagrun for latest_only_with_trigger to 2025-01-06 04:00:00+00:00, run_after=2025-01-06 08:00:00+00:00
[2025-01-06T08:27:45.450+0000] {processor.py:208} INFO - Processing /home/airflow/.local/lib/python3.12/site-packages/airflow/example_dags/example_latest_only_with_trigger.py took 0.059 seconds
[2025-01-06T08:28:15.720+0000] {processor.py:186} INFO - Started process (PID=1182) to work on /home/airflow/.local/lib/python3.12/site-packages/airflow/example_dags/example_latest_only_with_trigger.py
[2025-01-06T08:28:15.721+0000] {processor.py:914} INFO - Processing file /home/airflow/.local/lib/python3.12/site-packages/airflow/example_dags/example_latest_only_with_trigger.py for tasks to queue
[2025-01-06T08:28:15.722+0000] {logging_mixin.py:190} INFO - [2025-01-06T08:28:15.722+0000] {dagbag.py:588} INFO - Filling up the DagBag from /home/airflow/.local/lib/python3.12/site-packages/airflow/example_dags/example_latest_only_with_trigger.py
[2025-01-06T08:28:15.726+0000] {processor.py:925} INFO - DAG(s) 'latest_only_with_trigger' retrieved from /home/airflow/.local/lib/python3.12/site-packages/airflow/example_dags/example_latest_only_with_trigger.py
[2025-01-06T08:28:15.739+0000] {logging_mixin.py:190} INFO - [2025-01-06T08:28:15.738+0000] {dag.py:3239} INFO - Sync 1 DAGs
[2025-01-06T08:28:15.754+0000] {logging_mixin.py:190} INFO - [2025-01-06T08:28:15.754+0000] {dag.py:4180} INFO - Setting next_dagrun for latest_only_with_trigger to 2025-01-06 04:00:00+00:00, run_after=2025-01-06 08:00:00+00:00
[2025-01-06T08:28:15.765+0000] {processor.py:208} INFO - Processing /home/airflow/.local/lib/python3.12/site-packages/airflow/example_dags/example_latest_only_with_trigger.py took 0.048 seconds
[2025-01-06T08:28:46.236+0000] {processor.py:186} INFO - Started process (PID=1248) to work on /home/airflow/.local/lib/python3.12/site-packages/airflow/example_dags/example_latest_only_with_trigger.py
[2025-01-06T08:28:46.237+0000] {processor.py:914} INFO - Processing file /home/airflow/.local/lib/python3.12/site-packages/airflow/example_dags/example_latest_only_with_trigger.py for tasks to queue
[2025-01-06T08:28:46.238+0000] {logging_mixin.py:190} INFO - [2025-01-06T08:28:46.238+0000] {dagbag.py:588} INFO - Filling up the DagBag from /home/airflow/.local/lib/python3.12/site-packages/airflow/example_dags/example_latest_only_with_trigger.py
[2025-01-06T08:28:46.242+0000] {processor.py:925} INFO - DAG(s) 'latest_only_with_trigger' retrieved from /home/airflow/.local/lib/python3.12/site-packages/airflow/example_dags/example_latest_only_with_trigger.py
[2025-01-06T08:28:46.255+0000] {logging_mixin.py:190} INFO - [2025-01-06T08:28:46.254+0000] {dag.py:3239} INFO - Sync 1 DAGs
[2025-01-06T08:28:46.284+0000] {logging_mixin.py:190} INFO - [2025-01-06T08:28:46.284+0000] {dag.py:4180} INFO - Setting next_dagrun for latest_only_with_trigger to 2025-01-06 04:00:00+00:00, run_after=2025-01-06 08:00:00+00:00
[2025-01-06T08:28:46.294+0000] {processor.py:208} INFO - Processing /home/airflow/.local/lib/python3.12/site-packages/airflow/example_dags/example_latest_only_with_trigger.py took 0.061 seconds
[2025-01-06T08:29:16.662+0000] {processor.py:186} INFO - Started process (PID=1318) to work on /home/airflow/.local/lib/python3.12/site-packages/airflow/example_dags/example_latest_only_with_trigger.py
[2025-01-06T08:29:16.663+0000] {processor.py:914} INFO - Processing file /home/airflow/.local/lib/python3.12/site-packages/airflow/example_dags/example_latest_only_with_trigger.py for tasks to queue
[2025-01-06T08:29:16.664+0000] {logging_mixin.py:190} INFO - [2025-01-06T08:29:16.664+0000] {dagbag.py:588} INFO - Filling up the DagBag from /home/airflow/.local/lib/python3.12/site-packages/airflow/example_dags/example_latest_only_with_trigger.py
[2025-01-06T08:29:16.668+0000] {processor.py:925} INFO - DAG(s) 'latest_only_with_trigger' retrieved from /home/airflow/.local/lib/python3.12/site-packages/airflow/example_dags/example_latest_only_with_trigger.py
[2025-01-06T08:29:16.682+0000] {logging_mixin.py:190} INFO - [2025-01-06T08:29:16.682+0000] {dag.py:3239} INFO - Sync 1 DAGs
[2025-01-06T08:29:16.702+0000] {logging_mixin.py:190} INFO - [2025-01-06T08:29:16.701+0000] {dag.py:4180} INFO - Setting next_dagrun for latest_only_with_trigger to 2025-01-06 04:00:00+00:00, run_after=2025-01-06 08:00:00+00:00
[2025-01-06T08:29:16.714+0000] {processor.py:208} INFO - Processing /home/airflow/.local/lib/python3.12/site-packages/airflow/example_dags/example_latest_only_with_trigger.py took 0.055 seconds
[2025-01-06T08:29:47.133+0000] {processor.py:186} INFO - Started process (PID=1384) to work on /home/airflow/.local/lib/python3.12/site-packages/airflow/example_dags/example_latest_only_with_trigger.py
[2025-01-06T08:29:47.134+0000] {processor.py:914} INFO - Processing file /home/airflow/.local/lib/python3.12/site-packages/airflow/example_dags/example_latest_only_with_trigger.py for tasks to queue
[2025-01-06T08:29:47.135+0000] {logging_mixin.py:190} INFO - [2025-01-06T08:29:47.135+0000] {dagbag.py:588} INFO - Filling up the DagBag from /home/airflow/.local/lib/python3.12/site-packages/airflow/example_dags/example_latest_only_with_trigger.py
[2025-01-06T08:29:47.140+0000] {processor.py:925} INFO - DAG(s) 'latest_only_with_trigger' retrieved from /home/airflow/.local/lib/python3.12/site-packages/airflow/example_dags/example_latest_only_with_trigger.py
[2025-01-06T08:29:47.156+0000] {logging_mixin.py:190} INFO - [2025-01-06T08:29:47.155+0000] {dag.py:3239} INFO - Sync 1 DAGs
[2025-01-06T08:29:47.174+0000] {logging_mixin.py:190} INFO - [2025-01-06T08:29:47.174+0000] {dag.py:4180} INFO - Setting next_dagrun for latest_only_with_trigger to 2025-01-06 04:00:00+00:00, run_after=2025-01-06 08:00:00+00:00
[2025-01-06T08:29:47.187+0000] {processor.py:208} INFO - Processing /home/airflow/.local/lib/python3.12/site-packages/airflow/example_dags/example_latest_only_with_trigger.py took 0.057 seconds
[2025-01-06T08:30:17.578+0000] {processor.py:186} INFO - Started process (PID=1460) to work on /home/airflow/.local/lib/python3.12/site-packages/airflow/example_dags/example_latest_only_with_trigger.py
[2025-01-06T08:30:17.579+0000] {processor.py:914} INFO - Processing file /home/airflow/.local/lib/python3.12/site-packages/airflow/example_dags/example_latest_only_with_trigger.py for tasks to queue
[2025-01-06T08:30:17.580+0000] {logging_mixin.py:190} INFO - [2025-01-06T08:30:17.580+0000] {dagbag.py:588} INFO - Filling up the DagBag from /home/airflow/.local/lib/python3.12/site-packages/airflow/example_dags/example_latest_only_with_trigger.py
[2025-01-06T08:30:17.586+0000] {processor.py:925} INFO - DAG(s) 'latest_only_with_trigger' retrieved from /home/airflow/.local/lib/python3.12/site-packages/airflow/example_dags/example_latest_only_with_trigger.py
[2025-01-06T08:30:17.600+0000] {logging_mixin.py:190} INFO - [2025-01-06T08:30:17.600+0000] {dag.py:3239} INFO - Sync 1 DAGs
[2025-01-06T08:30:17.614+0000] {logging_mixin.py:190} INFO - [2025-01-06T08:30:17.614+0000] {dag.py:4180} INFO - Setting next_dagrun for latest_only_with_trigger to 2025-01-06 04:00:00+00:00, run_after=2025-01-06 08:00:00+00:00
[2025-01-06T08:30:17.625+0000] {processor.py:208} INFO - Processing /home/airflow/.local/lib/python3.12/site-packages/airflow/example_dags/example_latest_only_with_trigger.py took 0.051 seconds
[2025-01-06T08:30:47.987+0000] {processor.py:186} INFO - Started process (PID=1526) to work on /home/airflow/.local/lib/python3.12/site-packages/airflow/example_dags/example_latest_only_with_trigger.py
[2025-01-06T08:30:47.988+0000] {processor.py:914} INFO - Processing file /home/airflow/.local/lib/python3.12/site-packages/airflow/example_dags/example_latest_only_with_trigger.py for tasks to queue
[2025-01-06T08:30:47.989+0000] {logging_mixin.py:190} INFO - [2025-01-06T08:30:47.989+0000] {dagbag.py:588} INFO - Filling up the DagBag from /home/airflow/.local/lib/python3.12/site-packages/airflow/example_dags/example_latest_only_with_trigger.py
[2025-01-06T08:30:47.993+0000] {processor.py:925} INFO - DAG(s) 'latest_only_with_trigger' retrieved from /home/airflow/.local/lib/python3.12/site-packages/airflow/example_dags/example_latest_only_with_trigger.py
[2025-01-06T08:30:48.005+0000] {logging_mixin.py:190} INFO - [2025-01-06T08:30:48.005+0000] {dag.py:3239} INFO - Sync 1 DAGs
[2025-01-06T08:30:48.022+0000] {logging_mixin.py:190} INFO - [2025-01-06T08:30:48.022+0000] {dag.py:4180} INFO - Setting next_dagrun for latest_only_with_trigger to 2025-01-06 04:00:00+00:00, run_after=2025-01-06 08:00:00+00:00
[2025-01-06T08:30:48.034+0000] {processor.py:208} INFO - Processing /home/airflow/.local/lib/python3.12/site-packages/airflow/example_dags/example_latest_only_with_trigger.py took 0.050 seconds
[2025-01-06T08:31:18.428+0000] {processor.py:186} INFO - Started process (PID=1597) to work on /home/airflow/.local/lib/python3.12/site-packages/airflow/example_dags/example_latest_only_with_trigger.py
[2025-01-06T08:31:18.428+0000] {processor.py:914} INFO - Processing file /home/airflow/.local/lib/python3.12/site-packages/airflow/example_dags/example_latest_only_with_trigger.py for tasks to queue
[2025-01-06T08:31:18.430+0000] {logging_mixin.py:190} INFO - [2025-01-06T08:31:18.429+0000] {dagbag.py:588} INFO - Filling up the DagBag from /home/airflow/.local/lib/python3.12/site-packages/airflow/example_dags/example_latest_only_with_trigger.py
[2025-01-06T08:31:18.434+0000] {processor.py:925} INFO - DAG(s) 'latest_only_with_trigger' retrieved from /home/airflow/.local/lib/python3.12/site-packages/airflow/example_dags/example_latest_only_with_trigger.py
[2025-01-06T08:31:18.448+0000] {logging_mixin.py:190} INFO - [2025-01-06T08:31:18.447+0000] {dag.py:3239} INFO - Sync 1 DAGs
[2025-01-06T08:31:18.466+0000] {logging_mixin.py:190} INFO - [2025-01-06T08:31:18.465+0000] {dag.py:4180} INFO - Setting next_dagrun for latest_only_with_trigger to 2025-01-06 04:00:00+00:00, run_after=2025-01-06 08:00:00+00:00
[2025-01-06T08:31:18.478+0000] {processor.py:208} INFO - Processing /home/airflow/.local/lib/python3.12/site-packages/airflow/example_dags/example_latest_only_with_trigger.py took 0.053 seconds
[2025-01-06T08:31:48.829+0000] {processor.py:186} INFO - Started process (PID=1663) to work on /home/airflow/.local/lib/python3.12/site-packages/airflow/example_dags/example_latest_only_with_trigger.py
[2025-01-06T08:31:48.830+0000] {processor.py:914} INFO - Processing file /home/airflow/.local/lib/python3.12/site-packages/airflow/example_dags/example_latest_only_with_trigger.py for tasks to queue
[2025-01-06T08:31:48.831+0000] {logging_mixin.py:190} INFO - [2025-01-06T08:31:48.831+0000] {dagbag.py:588} INFO - Filling up the DagBag from /home/airflow/.local/lib/python3.12/site-packages/airflow/example_dags/example_latest_only_with_trigger.py
[2025-01-06T08:31:48.835+0000] {processor.py:925} INFO - DAG(s) 'latest_only_with_trigger' retrieved from /home/airflow/.local/lib/python3.12/site-packages/airflow/example_dags/example_latest_only_with_trigger.py
[2025-01-06T08:31:48.848+0000] {logging_mixin.py:190} INFO - [2025-01-06T08:31:48.847+0000] {dag.py:3239} INFO - Sync 1 DAGs
[2025-01-06T08:31:48.862+0000] {logging_mixin.py:190} INFO - [2025-01-06T08:31:48.862+0000] {dag.py:4180} INFO - Setting next_dagrun for latest_only_with_trigger to 2025-01-06 04:00:00+00:00, run_after=2025-01-06 08:00:00+00:00
[2025-01-06T08:31:48.871+0000] {processor.py:208} INFO - Processing /home/airflow/.local/lib/python3.12/site-packages/airflow/example_dags/example_latest_only_with_trigger.py took 0.045 seconds
[2025-01-06T08:32:19.368+0000] {processor.py:186} INFO - Started process (PID=1734) to work on /home/airflow/.local/lib/python3.12/site-packages/airflow/example_dags/example_latest_only_with_trigger.py
[2025-01-06T08:32:19.368+0000] {processor.py:914} INFO - Processing file /home/airflow/.local/lib/python3.12/site-packages/airflow/example_dags/example_latest_only_with_trigger.py for tasks to queue
[2025-01-06T08:32:19.369+0000] {logging_mixin.py:190} INFO - [2025-01-06T08:32:19.369+0000] {dagbag.py:588} INFO - Filling up the DagBag from /home/airflow/.local/lib/python3.12/site-packages/airflow/example_dags/example_latest_only_with_trigger.py
[2025-01-06T08:32:19.373+0000] {processor.py:925} INFO - DAG(s) 'latest_only_with_trigger' retrieved from /home/airflow/.local/lib/python3.12/site-packages/airflow/example_dags/example_latest_only_with_trigger.py
[2025-01-06T08:32:19.387+0000] {logging_mixin.py:190} INFO - [2025-01-06T08:32:19.387+0000] {dag.py:3239} INFO - Sync 1 DAGs
[2025-01-06T08:32:19.411+0000] {logging_mixin.py:190} INFO - [2025-01-06T08:32:19.410+0000] {dag.py:4180} INFO - Setting next_dagrun for latest_only_with_trigger to 2025-01-06 04:00:00+00:00, run_after=2025-01-06 08:00:00+00:00
[2025-01-06T08:32:19.422+0000] {processor.py:208} INFO - Processing /home/airflow/.local/lib/python3.12/site-packages/airflow/example_dags/example_latest_only_with_trigger.py took 0.057 seconds
[2025-01-06T08:32:49.843+0000] {processor.py:186} INFO - Started process (PID=1800) to work on /home/airflow/.local/lib/python3.12/site-packages/airflow/example_dags/example_latest_only_with_trigger.py
[2025-01-06T08:32:49.843+0000] {processor.py:914} INFO - Processing file /home/airflow/.local/lib/python3.12/site-packages/airflow/example_dags/example_latest_only_with_trigger.py for tasks to queue
[2025-01-06T08:32:49.844+0000] {logging_mixin.py:190} INFO - [2025-01-06T08:32:49.844+0000] {dagbag.py:588} INFO - Filling up the DagBag from /home/airflow/.local/lib/python3.12/site-packages/airflow/example_dags/example_latest_only_with_trigger.py
[2025-01-06T08:32:49.849+0000] {processor.py:925} INFO - DAG(s) 'latest_only_with_trigger' retrieved from /home/airflow/.local/lib/python3.12/site-packages/airflow/example_dags/example_latest_only_with_trigger.py
[2025-01-06T08:32:49.862+0000] {logging_mixin.py:190} INFO - [2025-01-06T08:32:49.862+0000] {dag.py:3239} INFO - Sync 1 DAGs
[2025-01-06T08:32:49.879+0000] {logging_mixin.py:190} INFO - [2025-01-06T08:32:49.879+0000] {dag.py:4180} INFO - Setting next_dagrun for latest_only_with_trigger to 2025-01-06 04:00:00+00:00, run_after=2025-01-06 08:00:00+00:00
[2025-01-06T08:32:49.892+0000] {processor.py:208} INFO - Processing /home/airflow/.local/lib/python3.12/site-packages/airflow/example_dags/example_latest_only_with_trigger.py took 0.052 seconds
[2025-01-06T08:33:20.206+0000] {processor.py:186} INFO - Started process (PID=1871) to work on /home/airflow/.local/lib/python3.12/site-packages/airflow/example_dags/example_latest_only_with_trigger.py
[2025-01-06T08:33:20.207+0000] {processor.py:914} INFO - Processing file /home/airflow/.local/lib/python3.12/site-packages/airflow/example_dags/example_latest_only_with_trigger.py for tasks to queue
[2025-01-06T08:33:20.208+0000] {logging_mixin.py:190} INFO - [2025-01-06T08:33:20.208+0000] {dagbag.py:588} INFO - Filling up the DagBag from /home/airflow/.local/lib/python3.12/site-packages/airflow/example_dags/example_latest_only_with_trigger.py
[2025-01-06T08:33:20.214+0000] {processor.py:925} INFO - DAG(s) 'latest_only_with_trigger' retrieved from /home/airflow/.local/lib/python3.12/site-packages/airflow/example_dags/example_latest_only_with_trigger.py
[2025-01-06T08:33:20.227+0000] {logging_mixin.py:190} INFO - [2025-01-06T08:33:20.227+0000] {dag.py:3239} INFO - Sync 1 DAGs
[2025-01-06T08:33:20.240+0000] {logging_mixin.py:190} INFO - [2025-01-06T08:33:20.240+0000] {dag.py:4180} INFO - Setting next_dagrun for latest_only_with_trigger to 2025-01-06 04:00:00+00:00, run_after=2025-01-06 08:00:00+00:00
[2025-01-06T08:33:20.251+0000] {processor.py:208} INFO - Processing /home/airflow/.local/lib/python3.12/site-packages/airflow/example_dags/example_latest_only_with_trigger.py took 0.050 seconds
