[2025-01-06T08:20:08.385+0000] {processor.py:186} INFO - Started process (PID=60) to work on /home/airflow/.local/lib/python3.12/site-packages/airflow/example_dags/example_python_decorator.py
[2025-01-06T08:20:08.385+0000] {processor.py:914} INFO - Processing file /home/airflow/.local/lib/python3.12/site-packages/airflow/example_dags/example_python_decorator.py for tasks to queue
[2025-01-06T08:20:08.387+0000] {logging_mixin.py:190} INFO - [2025-01-06T08:20:08.387+0000] {dagbag.py:588} INFO - Filling up the DagBag from /home/airflow/.local/lib/python3.12/site-packages/airflow/example_dags/example_python_decorator.py
[2025-01-06T08:20:08.396+0000] {processor.py:925} INFO - DAG(s) 'example_python_decorator' retrieved from /home/airflow/.local/lib/python3.12/site-packages/airflow/example_dags/example_python_decorator.py
[2025-01-06T08:20:08.491+0000] {logging_mixin.py:190} INFO - [2025-01-06T08:20:08.491+0000] {dag.py:3239} INFO - Sync 1 DAGs
[2025-01-06T08:20:08.499+0000] {logging_mixin.py:190} INFO - [2025-01-06T08:20:08.499+0000] {dag.py:4180} INFO - Setting next_dagrun for example_python_decorator to None, run_after=None
[2025-01-06T08:20:08.516+0000] {processor.py:208} INFO - Processing /home/airflow/.local/lib/python3.12/site-packages/airflow/example_dags/example_python_decorator.py took 0.135 seconds
[2025-01-06T08:20:39.320+0000] {processor.py:186} INFO - Started process (PID=148) to work on /home/airflow/.local/lib/python3.12/site-packages/airflow/example_dags/example_python_decorator.py
[2025-01-06T08:20:39.321+0000] {processor.py:914} INFO - Processing file /home/airflow/.local/lib/python3.12/site-packages/airflow/example_dags/example_python_decorator.py for tasks to queue
[2025-01-06T08:20:39.322+0000] {logging_mixin.py:190} INFO - [2025-01-06T08:20:39.322+0000] {dagbag.py:588} INFO - Filling up the DagBag from /home/airflow/.local/lib/python3.12/site-packages/airflow/example_dags/example_python_decorator.py
[2025-01-06T08:20:39.329+0000] {processor.py:925} INFO - DAG(s) 'example_python_decorator' retrieved from /home/airflow/.local/lib/python3.12/site-packages/airflow/example_dags/example_python_decorator.py
[2025-01-06T08:20:39.340+0000] {logging_mixin.py:190} INFO - [2025-01-06T08:20:39.340+0000] {dag.py:3239} INFO - Sync 1 DAGs
[2025-01-06T08:20:39.347+0000] {logging_mixin.py:190} INFO - [2025-01-06T08:20:39.347+0000] {dag.py:4180} INFO - Setting next_dagrun for example_python_decorator to None, run_after=None
[2025-01-06T08:20:39.357+0000] {processor.py:208} INFO - Processing /home/airflow/.local/lib/python3.12/site-packages/airflow/example_dags/example_python_decorator.py took 0.040 seconds
[2025-01-06T08:21:09.730+0000] {processor.py:186} INFO - Started process (PID=219) to work on /home/airflow/.local/lib/python3.12/site-packages/airflow/example_dags/example_python_decorator.py
[2025-01-06T08:21:09.730+0000] {processor.py:914} INFO - Processing file /home/airflow/.local/lib/python3.12/site-packages/airflow/example_dags/example_python_decorator.py for tasks to queue
[2025-01-06T08:21:09.731+0000] {logging_mixin.py:190} INFO - [2025-01-06T08:21:09.731+0000] {dagbag.py:588} INFO - Filling up the DagBag from /home/airflow/.local/lib/python3.12/site-packages/airflow/example_dags/example_python_decorator.py
[2025-01-06T08:21:09.739+0000] {processor.py:925} INFO - DAG(s) 'example_python_decorator' retrieved from /home/airflow/.local/lib/python3.12/site-packages/airflow/example_dags/example_python_decorator.py
[2025-01-06T08:21:09.757+0000] {logging_mixin.py:190} INFO - [2025-01-06T08:21:09.757+0000] {dag.py:3239} INFO - Sync 1 DAGs
[2025-01-06T08:21:09.767+0000] {logging_mixin.py:190} INFO - [2025-01-06T08:21:09.767+0000] {dag.py:4180} INFO - Setting next_dagrun for example_python_decorator to None, run_after=None
[2025-01-06T08:21:09.778+0000] {processor.py:208} INFO - Processing /home/airflow/.local/lib/python3.12/site-packages/airflow/example_dags/example_python_decorator.py took 0.051 seconds
[2025-01-06T08:21:40.105+0000] {processor.py:186} INFO - Started process (PID=285) to work on /home/airflow/.local/lib/python3.12/site-packages/airflow/example_dags/example_python_decorator.py
[2025-01-06T08:21:40.106+0000] {processor.py:914} INFO - Processing file /home/airflow/.local/lib/python3.12/site-packages/airflow/example_dags/example_python_decorator.py for tasks to queue
[2025-01-06T08:21:40.107+0000] {logging_mixin.py:190} INFO - [2025-01-06T08:21:40.107+0000] {dagbag.py:588} INFO - Filling up the DagBag from /home/airflow/.local/lib/python3.12/site-packages/airflow/example_dags/example_python_decorator.py
[2025-01-06T08:21:40.116+0000] {processor.py:925} INFO - DAG(s) 'example_python_decorator' retrieved from /home/airflow/.local/lib/python3.12/site-packages/airflow/example_dags/example_python_decorator.py
[2025-01-06T08:21:40.128+0000] {logging_mixin.py:190} INFO - [2025-01-06T08:21:40.128+0000] {dag.py:3239} INFO - Sync 1 DAGs
[2025-01-06T08:21:40.136+0000] {logging_mixin.py:190} INFO - [2025-01-06T08:21:40.136+0000] {dag.py:4180} INFO - Setting next_dagrun for example_python_decorator to None, run_after=None
[2025-01-06T08:21:40.146+0000] {processor.py:208} INFO - Processing /home/airflow/.local/lib/python3.12/site-packages/airflow/example_dags/example_python_decorator.py took 0.045 seconds
[2025-01-06T08:22:10.604+0000] {processor.py:186} INFO - Started process (PID=356) to work on /home/airflow/.local/lib/python3.12/site-packages/airflow/example_dags/example_python_decorator.py
[2025-01-06T08:22:10.604+0000] {processor.py:914} INFO - Processing file /home/airflow/.local/lib/python3.12/site-packages/airflow/example_dags/example_python_decorator.py for tasks to queue
[2025-01-06T08:22:10.605+0000] {logging_mixin.py:190} INFO - [2025-01-06T08:22:10.605+0000] {dagbag.py:588} INFO - Filling up the DagBag from /home/airflow/.local/lib/python3.12/site-packages/airflow/example_dags/example_python_decorator.py
[2025-01-06T08:22:10.613+0000] {processor.py:925} INFO - DAG(s) 'example_python_decorator' retrieved from /home/airflow/.local/lib/python3.12/site-packages/airflow/example_dags/example_python_decorator.py
[2025-01-06T08:22:10.630+0000] {logging_mixin.py:190} INFO - [2025-01-06T08:22:10.630+0000] {dag.py:3239} INFO - Sync 1 DAGs
[2025-01-06T08:22:10.642+0000] {logging_mixin.py:190} INFO - [2025-01-06T08:22:10.642+0000] {dag.py:4180} INFO - Setting next_dagrun for example_python_decorator to None, run_after=None
[2025-01-06T08:22:10.654+0000] {processor.py:208} INFO - Processing /home/airflow/.local/lib/python3.12/site-packages/airflow/example_dags/example_python_decorator.py took 0.054 seconds
[2025-01-06T08:22:41.058+0000] {processor.py:186} INFO - Started process (PID=422) to work on /home/airflow/.local/lib/python3.12/site-packages/airflow/example_dags/example_python_decorator.py
[2025-01-06T08:22:41.058+0000] {processor.py:914} INFO - Processing file /home/airflow/.local/lib/python3.12/site-packages/airflow/example_dags/example_python_decorator.py for tasks to queue
[2025-01-06T08:22:41.060+0000] {logging_mixin.py:190} INFO - [2025-01-06T08:22:41.060+0000] {dagbag.py:588} INFO - Filling up the DagBag from /home/airflow/.local/lib/python3.12/site-packages/airflow/example_dags/example_python_decorator.py
[2025-01-06T08:22:41.068+0000] {processor.py:925} INFO - DAG(s) 'example_python_decorator' retrieved from /home/airflow/.local/lib/python3.12/site-packages/airflow/example_dags/example_python_decorator.py
[2025-01-06T08:22:41.083+0000] {logging_mixin.py:190} INFO - [2025-01-06T08:22:41.083+0000] {dag.py:3239} INFO - Sync 1 DAGs
[2025-01-06T08:22:41.092+0000] {logging_mixin.py:190} INFO - [2025-01-06T08:22:41.092+0000] {dag.py:4180} INFO - Setting next_dagrun for example_python_decorator to None, run_after=None
[2025-01-06T08:22:41.104+0000] {processor.py:208} INFO - Processing /home/airflow/.local/lib/python3.12/site-packages/airflow/example_dags/example_python_decorator.py took 0.050 seconds
[2025-01-06T08:23:11.483+0000] {processor.py:186} INFO - Started process (PID=493) to work on /home/airflow/.local/lib/python3.12/site-packages/airflow/example_dags/example_python_decorator.py
[2025-01-06T08:23:11.483+0000] {processor.py:914} INFO - Processing file /home/airflow/.local/lib/python3.12/site-packages/airflow/example_dags/example_python_decorator.py for tasks to queue
[2025-01-06T08:23:11.485+0000] {logging_mixin.py:190} INFO - [2025-01-06T08:23:11.484+0000] {dagbag.py:588} INFO - Filling up the DagBag from /home/airflow/.local/lib/python3.12/site-packages/airflow/example_dags/example_python_decorator.py
[2025-01-06T08:23:11.494+0000] {processor.py:925} INFO - DAG(s) 'example_python_decorator' retrieved from /home/airflow/.local/lib/python3.12/site-packages/airflow/example_dags/example_python_decorator.py
[2025-01-06T08:23:11.507+0000] {logging_mixin.py:190} INFO - [2025-01-06T08:23:11.507+0000] {dag.py:3239} INFO - Sync 1 DAGs
[2025-01-06T08:23:11.515+0000] {logging_mixin.py:190} INFO - [2025-01-06T08:23:11.515+0000] {dag.py:4180} INFO - Setting next_dagrun for example_python_decorator to None, run_after=None
[2025-01-06T08:23:11.527+0000] {processor.py:208} INFO - Processing /home/airflow/.local/lib/python3.12/site-packages/airflow/example_dags/example_python_decorator.py took 0.052 seconds
[2025-01-06T08:23:42.072+0000] {processor.py:186} INFO - Started process (PID=559) to work on /home/airflow/.local/lib/python3.12/site-packages/airflow/example_dags/example_python_decorator.py
[2025-01-06T08:23:42.073+0000] {processor.py:914} INFO - Processing file /home/airflow/.local/lib/python3.12/site-packages/airflow/example_dags/example_python_decorator.py for tasks to queue
[2025-01-06T08:23:42.074+0000] {logging_mixin.py:190} INFO - [2025-01-06T08:23:42.073+0000] {dagbag.py:588} INFO - Filling up the DagBag from /home/airflow/.local/lib/python3.12/site-packages/airflow/example_dags/example_python_decorator.py
[2025-01-06T08:23:42.081+0000] {processor.py:925} INFO - DAG(s) 'example_python_decorator' retrieved from /home/airflow/.local/lib/python3.12/site-packages/airflow/example_dags/example_python_decorator.py
[2025-01-06T08:23:42.094+0000] {logging_mixin.py:190} INFO - [2025-01-06T08:23:42.094+0000] {dag.py:3239} INFO - Sync 1 DAGs
[2025-01-06T08:23:42.103+0000] {logging_mixin.py:190} INFO - [2025-01-06T08:23:42.103+0000] {dag.py:4180} INFO - Setting next_dagrun for example_python_decorator to None, run_after=None
[2025-01-06T08:23:42.116+0000] {processor.py:208} INFO - Processing /home/airflow/.local/lib/python3.12/site-packages/airflow/example_dags/example_python_decorator.py took 0.047 seconds
[2025-01-06T08:24:12.585+0000] {processor.py:186} INFO - Started process (PID=630) to work on /home/airflow/.local/lib/python3.12/site-packages/airflow/example_dags/example_python_decorator.py
[2025-01-06T08:24:12.585+0000] {processor.py:914} INFO - Processing file /home/airflow/.local/lib/python3.12/site-packages/airflow/example_dags/example_python_decorator.py for tasks to queue
[2025-01-06T08:24:12.586+0000] {logging_mixin.py:190} INFO - [2025-01-06T08:24:12.586+0000] {dagbag.py:588} INFO - Filling up the DagBag from /home/airflow/.local/lib/python3.12/site-packages/airflow/example_dags/example_python_decorator.py
[2025-01-06T08:24:12.594+0000] {processor.py:925} INFO - DAG(s) 'example_python_decorator' retrieved from /home/airflow/.local/lib/python3.12/site-packages/airflow/example_dags/example_python_decorator.py
[2025-01-06T08:24:12.607+0000] {logging_mixin.py:190} INFO - [2025-01-06T08:24:12.607+0000] {dag.py:3239} INFO - Sync 1 DAGs
[2025-01-06T08:24:12.615+0000] {logging_mixin.py:190} INFO - [2025-01-06T08:24:12.615+0000] {dag.py:4180} INFO - Setting next_dagrun for example_python_decorator to None, run_after=None
[2025-01-06T08:24:12.625+0000] {processor.py:208} INFO - Processing /home/airflow/.local/lib/python3.12/site-packages/airflow/example_dags/example_python_decorator.py took 0.043 seconds
[2025-01-06T08:24:42.860+0000] {processor.py:186} INFO - Started process (PID=696) to work on /home/airflow/.local/lib/python3.12/site-packages/airflow/example_dags/example_python_decorator.py
[2025-01-06T08:24:42.860+0000] {processor.py:914} INFO - Processing file /home/airflow/.local/lib/python3.12/site-packages/airflow/example_dags/example_python_decorator.py for tasks to queue
[2025-01-06T08:24:42.861+0000] {logging_mixin.py:190} INFO - [2025-01-06T08:24:42.861+0000] {dagbag.py:588} INFO - Filling up the DagBag from /home/airflow/.local/lib/python3.12/site-packages/airflow/example_dags/example_python_decorator.py
[2025-01-06T08:24:42.869+0000] {processor.py:925} INFO - DAG(s) 'example_python_decorator' retrieved from /home/airflow/.local/lib/python3.12/site-packages/airflow/example_dags/example_python_decorator.py
[2025-01-06T08:24:42.881+0000] {logging_mixin.py:190} INFO - [2025-01-06T08:24:42.881+0000] {dag.py:3239} INFO - Sync 1 DAGs
[2025-01-06T08:24:42.889+0000] {logging_mixin.py:190} INFO - [2025-01-06T08:24:42.889+0000] {dag.py:4180} INFO - Setting next_dagrun for example_python_decorator to None, run_after=None
[2025-01-06T08:24:42.899+0000] {processor.py:208} INFO - Processing /home/airflow/.local/lib/python3.12/site-packages/airflow/example_dags/example_python_decorator.py took 0.042 seconds
[2025-01-06T08:25:13.288+0000] {processor.py:186} INFO - Started process (PID=767) to work on /home/airflow/.local/lib/python3.12/site-packages/airflow/example_dags/example_python_decorator.py
[2025-01-06T08:25:13.289+0000] {processor.py:914} INFO - Processing file /home/airflow/.local/lib/python3.12/site-packages/airflow/example_dags/example_python_decorator.py for tasks to queue
[2025-01-06T08:25:13.290+0000] {logging_mixin.py:190} INFO - [2025-01-06T08:25:13.290+0000] {dagbag.py:588} INFO - Filling up the DagBag from /home/airflow/.local/lib/python3.12/site-packages/airflow/example_dags/example_python_decorator.py
[2025-01-06T08:25:13.298+0000] {processor.py:925} INFO - DAG(s) 'example_python_decorator' retrieved from /home/airflow/.local/lib/python3.12/site-packages/airflow/example_dags/example_python_decorator.py
[2025-01-06T08:25:13.314+0000] {logging_mixin.py:190} INFO - [2025-01-06T08:25:13.314+0000] {dag.py:3239} INFO - Sync 1 DAGs
[2025-01-06T08:25:13.323+0000] {logging_mixin.py:190} INFO - [2025-01-06T08:25:13.322+0000] {dag.py:4180} INFO - Setting next_dagrun for example_python_decorator to None, run_after=None
[2025-01-06T08:25:13.336+0000] {processor.py:208} INFO - Processing /home/airflow/.local/lib/python3.12/site-packages/airflow/example_dags/example_python_decorator.py took 0.051 seconds
[2025-01-06T08:25:43.684+0000] {processor.py:186} INFO - Started process (PID=833) to work on /home/airflow/.local/lib/python3.12/site-packages/airflow/example_dags/example_python_decorator.py
[2025-01-06T08:25:43.685+0000] {processor.py:914} INFO - Processing file /home/airflow/.local/lib/python3.12/site-packages/airflow/example_dags/example_python_decorator.py for tasks to queue
[2025-01-06T08:25:43.686+0000] {logging_mixin.py:190} INFO - [2025-01-06T08:25:43.686+0000] {dagbag.py:588} INFO - Filling up the DagBag from /home/airflow/.local/lib/python3.12/site-packages/airflow/example_dags/example_python_decorator.py
[2025-01-06T08:25:43.694+0000] {processor.py:925} INFO - DAG(s) 'example_python_decorator' retrieved from /home/airflow/.local/lib/python3.12/site-packages/airflow/example_dags/example_python_decorator.py
[2025-01-06T08:25:43.713+0000] {logging_mixin.py:190} INFO - [2025-01-06T08:25:43.713+0000] {dag.py:3239} INFO - Sync 1 DAGs
[2025-01-06T08:25:43.728+0000] {logging_mixin.py:190} INFO - [2025-01-06T08:25:43.728+0000] {dag.py:4180} INFO - Setting next_dagrun for example_python_decorator to None, run_after=None
[2025-01-06T08:25:43.738+0000] {processor.py:208} INFO - Processing /home/airflow/.local/lib/python3.12/site-packages/airflow/example_dags/example_python_decorator.py took 0.057 seconds
[2025-01-06T08:26:14.053+0000] {processor.py:186} INFO - Started process (PID=904) to work on /home/airflow/.local/lib/python3.12/site-packages/airflow/example_dags/example_python_decorator.py
[2025-01-06T08:26:14.054+0000] {processor.py:914} INFO - Processing file /home/airflow/.local/lib/python3.12/site-packages/airflow/example_dags/example_python_decorator.py for tasks to queue
[2025-01-06T08:26:14.055+0000] {logging_mixin.py:190} INFO - [2025-01-06T08:26:14.055+0000] {dagbag.py:588} INFO - Filling up the DagBag from /home/airflow/.local/lib/python3.12/site-packages/airflow/example_dags/example_python_decorator.py
[2025-01-06T08:26:14.063+0000] {processor.py:925} INFO - DAG(s) 'example_python_decorator' retrieved from /home/airflow/.local/lib/python3.12/site-packages/airflow/example_dags/example_python_decorator.py
[2025-01-06T08:26:14.077+0000] {logging_mixin.py:190} INFO - [2025-01-06T08:26:14.077+0000] {dag.py:3239} INFO - Sync 1 DAGs
[2025-01-06T08:26:14.086+0000] {logging_mixin.py:190} INFO - [2025-01-06T08:26:14.086+0000] {dag.py:4180} INFO - Setting next_dagrun for example_python_decorator to None, run_after=None
[2025-01-06T08:26:14.097+0000] {processor.py:208} INFO - Processing /home/airflow/.local/lib/python3.12/site-packages/airflow/example_dags/example_python_decorator.py took 0.047 seconds
[2025-01-06T08:26:44.442+0000] {processor.py:186} INFO - Started process (PID=970) to work on /home/airflow/.local/lib/python3.12/site-packages/airflow/example_dags/example_python_decorator.py
[2025-01-06T08:26:44.443+0000] {processor.py:914} INFO - Processing file /home/airflow/.local/lib/python3.12/site-packages/airflow/example_dags/example_python_decorator.py for tasks to queue
[2025-01-06T08:26:44.444+0000] {logging_mixin.py:190} INFO - [2025-01-06T08:26:44.444+0000] {dagbag.py:588} INFO - Filling up the DagBag from /home/airflow/.local/lib/python3.12/site-packages/airflow/example_dags/example_python_decorator.py
[2025-01-06T08:26:44.452+0000] {processor.py:925} INFO - DAG(s) 'example_python_decorator' retrieved from /home/airflow/.local/lib/python3.12/site-packages/airflow/example_dags/example_python_decorator.py
[2025-01-06T08:26:44.466+0000] {logging_mixin.py:190} INFO - [2025-01-06T08:26:44.466+0000] {dag.py:3239} INFO - Sync 1 DAGs
[2025-01-06T08:26:44.478+0000] {logging_mixin.py:190} INFO - [2025-01-06T08:26:44.477+0000] {dag.py:4180} INFO - Setting next_dagrun for example_python_decorator to None, run_after=None
[2025-01-06T08:26:44.494+0000] {processor.py:208} INFO - Processing /home/airflow/.local/lib/python3.12/site-packages/airflow/example_dags/example_python_decorator.py took 0.055 seconds
[2025-01-06T08:27:14.943+0000] {processor.py:186} INFO - Started process (PID=1041) to work on /home/airflow/.local/lib/python3.12/site-packages/airflow/example_dags/example_python_decorator.py
[2025-01-06T08:27:14.944+0000] {processor.py:914} INFO - Processing file /home/airflow/.local/lib/python3.12/site-packages/airflow/example_dags/example_python_decorator.py for tasks to queue
[2025-01-06T08:27:14.945+0000] {logging_mixin.py:190} INFO - [2025-01-06T08:27:14.945+0000] {dagbag.py:588} INFO - Filling up the DagBag from /home/airflow/.local/lib/python3.12/site-packages/airflow/example_dags/example_python_decorator.py
[2025-01-06T08:27:14.955+0000] {processor.py:925} INFO - DAG(s) 'example_python_decorator' retrieved from /home/airflow/.local/lib/python3.12/site-packages/airflow/example_dags/example_python_decorator.py
[2025-01-06T08:27:14.969+0000] {logging_mixin.py:190} INFO - [2025-01-06T08:27:14.969+0000] {dag.py:3239} INFO - Sync 1 DAGs
[2025-01-06T08:27:14.979+0000] {logging_mixin.py:190} INFO - [2025-01-06T08:27:14.978+0000] {dag.py:4180} INFO - Setting next_dagrun for example_python_decorator to None, run_after=None
[2025-01-06T08:27:14.991+0000] {processor.py:208} INFO - Processing /home/airflow/.local/lib/python3.12/site-packages/airflow/example_dags/example_python_decorator.py took 0.053 seconds
[2025-01-06T08:27:45.281+0000] {processor.py:186} INFO - Started process (PID=1107) to work on /home/airflow/.local/lib/python3.12/site-packages/airflow/example_dags/example_python_decorator.py
[2025-01-06T08:27:45.282+0000] {processor.py:914} INFO - Processing file /home/airflow/.local/lib/python3.12/site-packages/airflow/example_dags/example_python_decorator.py for tasks to queue
[2025-01-06T08:27:45.284+0000] {logging_mixin.py:190} INFO - [2025-01-06T08:27:45.284+0000] {dagbag.py:588} INFO - Filling up the DagBag from /home/airflow/.local/lib/python3.12/site-packages/airflow/example_dags/example_python_decorator.py
[2025-01-06T08:27:45.294+0000] {processor.py:925} INFO - DAG(s) 'example_python_decorator' retrieved from /home/airflow/.local/lib/python3.12/site-packages/airflow/example_dags/example_python_decorator.py
[2025-01-06T08:27:45.310+0000] {logging_mixin.py:190} INFO - [2025-01-06T08:27:45.309+0000] {dag.py:3239} INFO - Sync 1 DAGs
[2025-01-06T08:27:45.319+0000] {logging_mixin.py:190} INFO - [2025-01-06T08:27:45.318+0000] {dag.py:4180} INFO - Setting next_dagrun for example_python_decorator to None, run_after=None
[2025-01-06T08:27:45.328+0000] {processor.py:208} INFO - Processing /home/airflow/.local/lib/python3.12/site-packages/airflow/example_dags/example_python_decorator.py took 0.052 seconds
[2025-01-06T08:28:15.594+0000] {processor.py:186} INFO - Started process (PID=1178) to work on /home/airflow/.local/lib/python3.12/site-packages/airflow/example_dags/example_python_decorator.py
[2025-01-06T08:28:15.594+0000] {processor.py:914} INFO - Processing file /home/airflow/.local/lib/python3.12/site-packages/airflow/example_dags/example_python_decorator.py for tasks to queue
[2025-01-06T08:28:15.595+0000] {logging_mixin.py:190} INFO - [2025-01-06T08:28:15.595+0000] {dagbag.py:588} INFO - Filling up the DagBag from /home/airflow/.local/lib/python3.12/site-packages/airflow/example_dags/example_python_decorator.py
[2025-01-06T08:28:15.603+0000] {processor.py:925} INFO - DAG(s) 'example_python_decorator' retrieved from /home/airflow/.local/lib/python3.12/site-packages/airflow/example_dags/example_python_decorator.py
[2025-01-06T08:28:15.618+0000] {logging_mixin.py:190} INFO - [2025-01-06T08:28:15.618+0000] {dag.py:3239} INFO - Sync 1 DAGs
[2025-01-06T08:28:15.627+0000] {logging_mixin.py:190} INFO - [2025-01-06T08:28:15.627+0000] {dag.py:4180} INFO - Setting next_dagrun for example_python_decorator to None, run_after=None
[2025-01-06T08:28:15.642+0000] {processor.py:208} INFO - Processing /home/airflow/.local/lib/python3.12/site-packages/airflow/example_dags/example_python_decorator.py took 0.052 seconds
[2025-01-06T08:28:46.123+0000] {processor.py:186} INFO - Started process (PID=1244) to work on /home/airflow/.local/lib/python3.12/site-packages/airflow/example_dags/example_python_decorator.py
[2025-01-06T08:28:46.123+0000] {processor.py:914} INFO - Processing file /home/airflow/.local/lib/python3.12/site-packages/airflow/example_dags/example_python_decorator.py for tasks to queue
[2025-01-06T08:28:46.125+0000] {logging_mixin.py:190} INFO - [2025-01-06T08:28:46.124+0000] {dagbag.py:588} INFO - Filling up the DagBag from /home/airflow/.local/lib/python3.12/site-packages/airflow/example_dags/example_python_decorator.py
[2025-01-06T08:28:46.132+0000] {processor.py:925} INFO - DAG(s) 'example_python_decorator' retrieved from /home/airflow/.local/lib/python3.12/site-packages/airflow/example_dags/example_python_decorator.py
[2025-01-06T08:28:46.144+0000] {logging_mixin.py:190} INFO - [2025-01-06T08:28:46.144+0000] {dag.py:3239} INFO - Sync 1 DAGs
[2025-01-06T08:28:46.152+0000] {logging_mixin.py:190} INFO - [2025-01-06T08:28:46.152+0000] {dag.py:4180} INFO - Setting next_dagrun for example_python_decorator to None, run_after=None
[2025-01-06T08:28:46.161+0000] {processor.py:208} INFO - Processing /home/airflow/.local/lib/python3.12/site-packages/airflow/example_dags/example_python_decorator.py took 0.041 seconds
[2025-01-06T08:29:16.535+0000] {processor.py:186} INFO - Started process (PID=1314) to work on /home/airflow/.local/lib/python3.12/site-packages/airflow/example_dags/example_python_decorator.py
[2025-01-06T08:29:16.535+0000] {processor.py:914} INFO - Processing file /home/airflow/.local/lib/python3.12/site-packages/airflow/example_dags/example_python_decorator.py for tasks to queue
[2025-01-06T08:29:16.536+0000] {logging_mixin.py:190} INFO - [2025-01-06T08:29:16.536+0000] {dagbag.py:588} INFO - Filling up the DagBag from /home/airflow/.local/lib/python3.12/site-packages/airflow/example_dags/example_python_decorator.py
[2025-01-06T08:29:16.544+0000] {processor.py:925} INFO - DAG(s) 'example_python_decorator' retrieved from /home/airflow/.local/lib/python3.12/site-packages/airflow/example_dags/example_python_decorator.py
[2025-01-06T08:29:16.560+0000] {logging_mixin.py:190} INFO - [2025-01-06T08:29:16.560+0000] {dag.py:3239} INFO - Sync 1 DAGs
[2025-01-06T08:29:16.569+0000] {logging_mixin.py:190} INFO - [2025-01-06T08:29:16.569+0000] {dag.py:4180} INFO - Setting next_dagrun for example_python_decorator to None, run_after=None
[2025-01-06T08:29:16.581+0000] {processor.py:208} INFO - Processing /home/airflow/.local/lib/python3.12/site-packages/airflow/example_dags/example_python_decorator.py took 0.050 seconds
[2025-01-06T08:29:47.032+0000] {processor.py:186} INFO - Started process (PID=1380) to work on /home/airflow/.local/lib/python3.12/site-packages/airflow/example_dags/example_python_decorator.py
[2025-01-06T08:29:47.033+0000] {processor.py:914} INFO - Processing file /home/airflow/.local/lib/python3.12/site-packages/airflow/example_dags/example_python_decorator.py for tasks to queue
[2025-01-06T08:29:47.034+0000] {logging_mixin.py:190} INFO - [2025-01-06T08:29:47.034+0000] {dagbag.py:588} INFO - Filling up the DagBag from /home/airflow/.local/lib/python3.12/site-packages/airflow/example_dags/example_python_decorator.py
[2025-01-06T08:29:47.042+0000] {processor.py:925} INFO - DAG(s) 'example_python_decorator' retrieved from /home/airflow/.local/lib/python3.12/site-packages/airflow/example_dags/example_python_decorator.py
[2025-01-06T08:29:47.053+0000] {logging_mixin.py:190} INFO - [2025-01-06T08:29:47.053+0000] {dag.py:3239} INFO - Sync 1 DAGs
[2025-01-06T08:29:47.060+0000] {logging_mixin.py:190} INFO - [2025-01-06T08:29:47.060+0000] {dag.py:4180} INFO - Setting next_dagrun for example_python_decorator to None, run_after=None
[2025-01-06T08:29:47.070+0000] {processor.py:208} INFO - Processing /home/airflow/.local/lib/python3.12/site-packages/airflow/example_dags/example_python_decorator.py took 0.042 seconds
[2025-01-06T08:30:17.451+0000] {processor.py:186} INFO - Started process (PID=1456) to work on /home/airflow/.local/lib/python3.12/site-packages/airflow/example_dags/example_python_decorator.py
[2025-01-06T08:30:17.452+0000] {processor.py:914} INFO - Processing file /home/airflow/.local/lib/python3.12/site-packages/airflow/example_dags/example_python_decorator.py for tasks to queue
[2025-01-06T08:30:17.453+0000] {logging_mixin.py:190} INFO - [2025-01-06T08:30:17.453+0000] {dagbag.py:588} INFO - Filling up the DagBag from /home/airflow/.local/lib/python3.12/site-packages/airflow/example_dags/example_python_decorator.py
[2025-01-06T08:30:17.463+0000] {processor.py:925} INFO - DAG(s) 'example_python_decorator' retrieved from /home/airflow/.local/lib/python3.12/site-packages/airflow/example_dags/example_python_decorator.py
[2025-01-06T08:30:17.475+0000] {logging_mixin.py:190} INFO - [2025-01-06T08:30:17.475+0000] {dag.py:3239} INFO - Sync 1 DAGs
[2025-01-06T08:30:17.483+0000] {logging_mixin.py:190} INFO - [2025-01-06T08:30:17.483+0000] {dag.py:4180} INFO - Setting next_dagrun for example_python_decorator to None, run_after=None
[2025-01-06T08:30:17.497+0000] {processor.py:208} INFO - Processing /home/airflow/.local/lib/python3.12/site-packages/airflow/example_dags/example_python_decorator.py took 0.050 seconds
[2025-01-06T08:30:47.857+0000] {processor.py:186} INFO - Started process (PID=1522) to work on /home/airflow/.local/lib/python3.12/site-packages/airflow/example_dags/example_python_decorator.py
[2025-01-06T08:30:47.858+0000] {processor.py:914} INFO - Processing file /home/airflow/.local/lib/python3.12/site-packages/airflow/example_dags/example_python_decorator.py for tasks to queue
[2025-01-06T08:30:47.859+0000] {logging_mixin.py:190} INFO - [2025-01-06T08:30:47.859+0000] {dagbag.py:588} INFO - Filling up the DagBag from /home/airflow/.local/lib/python3.12/site-packages/airflow/example_dags/example_python_decorator.py
[2025-01-06T08:30:47.868+0000] {processor.py:925} INFO - DAG(s) 'example_python_decorator' retrieved from /home/airflow/.local/lib/python3.12/site-packages/airflow/example_dags/example_python_decorator.py
[2025-01-06T08:30:47.883+0000] {logging_mixin.py:190} INFO - [2025-01-06T08:30:47.883+0000] {dag.py:3239} INFO - Sync 1 DAGs
[2025-01-06T08:30:47.892+0000] {logging_mixin.py:190} INFO - [2025-01-06T08:30:47.892+0000] {dag.py:4180} INFO - Setting next_dagrun for example_python_decorator to None, run_after=None
[2025-01-06T08:30:47.906+0000] {processor.py:208} INFO - Processing /home/airflow/.local/lib/python3.12/site-packages/airflow/example_dags/example_python_decorator.py took 0.053 seconds
[2025-01-06T08:31:18.321+0000] {processor.py:186} INFO - Started process (PID=1593) to work on /home/airflow/.local/lib/python3.12/site-packages/airflow/example_dags/example_python_decorator.py
[2025-01-06T08:31:18.321+0000] {processor.py:914} INFO - Processing file /home/airflow/.local/lib/python3.12/site-packages/airflow/example_dags/example_python_decorator.py for tasks to queue
[2025-01-06T08:31:18.323+0000] {logging_mixin.py:190} INFO - [2025-01-06T08:31:18.322+0000] {dagbag.py:588} INFO - Filling up the DagBag from /home/airflow/.local/lib/python3.12/site-packages/airflow/example_dags/example_python_decorator.py
[2025-01-06T08:31:18.331+0000] {processor.py:925} INFO - DAG(s) 'example_python_decorator' retrieved from /home/airflow/.local/lib/python3.12/site-packages/airflow/example_dags/example_python_decorator.py
[2025-01-06T08:31:18.342+0000] {logging_mixin.py:190} INFO - [2025-01-06T08:31:18.342+0000] {dag.py:3239} INFO - Sync 1 DAGs
[2025-01-06T08:31:18.350+0000] {logging_mixin.py:190} INFO - [2025-01-06T08:31:18.350+0000] {dag.py:4180} INFO - Setting next_dagrun for example_python_decorator to None, run_after=None
[2025-01-06T08:31:18.360+0000] {processor.py:208} INFO - Processing /home/airflow/.local/lib/python3.12/site-packages/airflow/example_dags/example_python_decorator.py took 0.043 seconds
[2025-01-06T08:31:48.711+0000] {processor.py:186} INFO - Started process (PID=1659) to work on /home/airflow/.local/lib/python3.12/site-packages/airflow/example_dags/example_python_decorator.py
[2025-01-06T08:31:48.711+0000] {processor.py:914} INFO - Processing file /home/airflow/.local/lib/python3.12/site-packages/airflow/example_dags/example_python_decorator.py for tasks to queue
[2025-01-06T08:31:48.712+0000] {logging_mixin.py:190} INFO - [2025-01-06T08:31:48.712+0000] {dagbag.py:588} INFO - Filling up the DagBag from /home/airflow/.local/lib/python3.12/site-packages/airflow/example_dags/example_python_decorator.py
[2025-01-06T08:31:48.720+0000] {processor.py:925} INFO - DAG(s) 'example_python_decorator' retrieved from /home/airflow/.local/lib/python3.12/site-packages/airflow/example_dags/example_python_decorator.py
[2025-01-06T08:31:48.734+0000] {logging_mixin.py:190} INFO - [2025-01-06T08:31:48.734+0000] {dag.py:3239} INFO - Sync 1 DAGs
[2025-01-06T08:31:48.743+0000] {logging_mixin.py:190} INFO - [2025-01-06T08:31:48.743+0000] {dag.py:4180} INFO - Setting next_dagrun for example_python_decorator to None, run_after=None
[2025-01-06T08:31:48.757+0000] {processor.py:208} INFO - Processing /home/airflow/.local/lib/python3.12/site-packages/airflow/example_dags/example_python_decorator.py took 0.050 seconds
[2025-01-06T08:32:19.183+0000] {processor.py:186} INFO - Started process (PID=1730) to work on /home/airflow/.local/lib/python3.12/site-packages/airflow/example_dags/example_python_decorator.py
[2025-01-06T08:32:19.183+0000] {processor.py:914} INFO - Processing file /home/airflow/.local/lib/python3.12/site-packages/airflow/example_dags/example_python_decorator.py for tasks to queue
[2025-01-06T08:32:19.184+0000] {logging_mixin.py:190} INFO - [2025-01-06T08:32:19.184+0000] {dagbag.py:588} INFO - Filling up the DagBag from /home/airflow/.local/lib/python3.12/site-packages/airflow/example_dags/example_python_decorator.py
[2025-01-06T08:32:19.192+0000] {processor.py:925} INFO - DAG(s) 'example_python_decorator' retrieved from /home/airflow/.local/lib/python3.12/site-packages/airflow/example_dags/example_python_decorator.py
[2025-01-06T08:32:19.206+0000] {logging_mixin.py:190} INFO - [2025-01-06T08:32:19.206+0000] {dag.py:3239} INFO - Sync 1 DAGs
[2025-01-06T08:32:19.213+0000] {logging_mixin.py:190} INFO - [2025-01-06T08:32:19.213+0000] {dag.py:4180} INFO - Setting next_dagrun for example_python_decorator to None, run_after=None
[2025-01-06T08:32:19.223+0000] {processor.py:208} INFO - Processing /home/airflow/.local/lib/python3.12/site-packages/airflow/example_dags/example_python_decorator.py took 0.043 seconds
[2025-01-06T08:32:49.726+0000] {processor.py:186} INFO - Started process (PID=1796) to work on /home/airflow/.local/lib/python3.12/site-packages/airflow/example_dags/example_python_decorator.py
[2025-01-06T08:32:49.727+0000] {processor.py:914} INFO - Processing file /home/airflow/.local/lib/python3.12/site-packages/airflow/example_dags/example_python_decorator.py for tasks to queue
[2025-01-06T08:32:49.728+0000] {logging_mixin.py:190} INFO - [2025-01-06T08:32:49.728+0000] {dagbag.py:588} INFO - Filling up the DagBag from /home/airflow/.local/lib/python3.12/site-packages/airflow/example_dags/example_python_decorator.py
[2025-01-06T08:32:49.736+0000] {processor.py:925} INFO - DAG(s) 'example_python_decorator' retrieved from /home/airflow/.local/lib/python3.12/site-packages/airflow/example_dags/example_python_decorator.py
[2025-01-06T08:32:49.748+0000] {logging_mixin.py:190} INFO - [2025-01-06T08:32:49.748+0000] {dag.py:3239} INFO - Sync 1 DAGs
[2025-01-06T08:32:49.756+0000] {logging_mixin.py:190} INFO - [2025-01-06T08:32:49.756+0000] {dag.py:4180} INFO - Setting next_dagrun for example_python_decorator to None, run_after=None
[2025-01-06T08:32:49.766+0000] {processor.py:208} INFO - Processing /home/airflow/.local/lib/python3.12/site-packages/airflow/example_dags/example_python_decorator.py took 0.043 seconds
[2025-01-06T08:33:20.062+0000] {processor.py:186} INFO - Started process (PID=1867) to work on /home/airflow/.local/lib/python3.12/site-packages/airflow/example_dags/example_python_decorator.py
[2025-01-06T08:33:20.063+0000] {processor.py:914} INFO - Processing file /home/airflow/.local/lib/python3.12/site-packages/airflow/example_dags/example_python_decorator.py for tasks to queue
[2025-01-06T08:33:20.064+0000] {logging_mixin.py:190} INFO - [2025-01-06T08:33:20.064+0000] {dagbag.py:588} INFO - Filling up the DagBag from /home/airflow/.local/lib/python3.12/site-packages/airflow/example_dags/example_python_decorator.py
[2025-01-06T08:33:20.073+0000] {processor.py:925} INFO - DAG(s) 'example_python_decorator' retrieved from /home/airflow/.local/lib/python3.12/site-packages/airflow/example_dags/example_python_decorator.py
[2025-01-06T08:33:20.089+0000] {logging_mixin.py:190} INFO - [2025-01-06T08:33:20.089+0000] {dag.py:3239} INFO - Sync 1 DAGs
[2025-01-06T08:33:20.100+0000] {logging_mixin.py:190} INFO - [2025-01-06T08:33:20.100+0000] {dag.py:4180} INFO - Setting next_dagrun for example_python_decorator to None, run_after=None
[2025-01-06T08:33:20.116+0000] {processor.py:208} INFO - Processing /home/airflow/.local/lib/python3.12/site-packages/airflow/example_dags/example_python_decorator.py took 0.058 seconds
