[2025-01-06T08:20:08.514+0000] {processor.py:186} INFO - Started process (PID=62) to work on /home/airflow/.local/lib/python3.12/site-packages/airflow/example_dags/example_short_circuit_decorator.py
[2025-01-06T08:20:08.515+0000] {processor.py:914} INFO - Processing file /home/airflow/.local/lib/python3.12/site-packages/airflow/example_dags/example_short_circuit_decorator.py for tasks to queue
[2025-01-06T08:20:08.516+0000] {logging_mixin.py:190} INFO - [2025-01-06T08:20:08.516+0000] {dagbag.py:588} INFO - Filling up the DagBag from /home/airflow/.local/lib/python3.12/site-packages/airflow/example_dags/example_short_circuit_decorator.py
[2025-01-06T08:20:08.523+0000] {processor.py:925} INFO - DAG(s) 'example_short_circuit_decorator' retrieved from /home/airflow/.local/lib/python3.12/site-packages/airflow/example_dags/example_short_circuit_decorator.py
[2025-01-06T08:20:08.543+0000] {logging_mixin.py:190} INFO - [2025-01-06T08:20:08.543+0000] {dag.py:3239} INFO - Sync 1 DAGs
[2025-01-06T08:20:08.554+0000] {logging_mixin.py:190} INFO - [2025-01-06T08:20:08.554+0000] {dag.py:4180} INFO - Setting next_dagrun for example_short_circuit_decorator to None, run_after=None
[2025-01-06T08:20:08.570+0000] {processor.py:208} INFO - Processing /home/airflow/.local/lib/python3.12/site-packages/airflow/example_dags/example_short_circuit_decorator.py took 0.059 seconds
[2025-01-06T08:20:39.371+0000] {processor.py:186} INFO - Started process (PID=150) to work on /home/airflow/.local/lib/python3.12/site-packages/airflow/example_dags/example_short_circuit_decorator.py
[2025-01-06T08:20:39.371+0000] {processor.py:914} INFO - Processing file /home/airflow/.local/lib/python3.12/site-packages/airflow/example_dags/example_short_circuit_decorator.py for tasks to queue
[2025-01-06T08:20:39.372+0000] {logging_mixin.py:190} INFO - [2025-01-06T08:20:39.372+0000] {dagbag.py:588} INFO - Filling up the DagBag from /home/airflow/.local/lib/python3.12/site-packages/airflow/example_dags/example_short_circuit_decorator.py
[2025-01-06T08:20:39.377+0000] {processor.py:925} INFO - DAG(s) 'example_short_circuit_decorator' retrieved from /home/airflow/.local/lib/python3.12/site-packages/airflow/example_dags/example_short_circuit_decorator.py
[2025-01-06T08:20:39.392+0000] {logging_mixin.py:190} INFO - [2025-01-06T08:20:39.392+0000] {dag.py:3239} INFO - Sync 1 DAGs
[2025-01-06T08:20:39.400+0000] {logging_mixin.py:190} INFO - [2025-01-06T08:20:39.399+0000] {dag.py:4180} INFO - Setting next_dagrun for example_short_circuit_decorator to None, run_after=None
[2025-01-06T08:20:39.413+0000] {processor.py:208} INFO - Processing /home/airflow/.local/lib/python3.12/site-packages/airflow/example_dags/example_short_circuit_decorator.py took 0.045 seconds
[2025-01-06T08:21:09.795+0000] {processor.py:186} INFO - Started process (PID=221) to work on /home/airflow/.local/lib/python3.12/site-packages/airflow/example_dags/example_short_circuit_decorator.py
[2025-01-06T08:21:09.796+0000] {processor.py:914} INFO - Processing file /home/airflow/.local/lib/python3.12/site-packages/airflow/example_dags/example_short_circuit_decorator.py for tasks to queue
[2025-01-06T08:21:09.797+0000] {logging_mixin.py:190} INFO - [2025-01-06T08:21:09.797+0000] {dagbag.py:588} INFO - Filling up the DagBag from /home/airflow/.local/lib/python3.12/site-packages/airflow/example_dags/example_short_circuit_decorator.py
[2025-01-06T08:21:09.802+0000] {processor.py:925} INFO - DAG(s) 'example_short_circuit_decorator' retrieved from /home/airflow/.local/lib/python3.12/site-packages/airflow/example_dags/example_short_circuit_decorator.py
[2025-01-06T08:21:09.815+0000] {logging_mixin.py:190} INFO - [2025-01-06T08:21:09.815+0000] {dag.py:3239} INFO - Sync 1 DAGs
[2025-01-06T08:21:09.822+0000] {logging_mixin.py:190} INFO - [2025-01-06T08:21:09.822+0000] {dag.py:4180} INFO - Setting next_dagrun for example_short_circuit_decorator to None, run_after=None
[2025-01-06T08:21:09.831+0000] {processor.py:208} INFO - Processing /home/airflow/.local/lib/python3.12/site-packages/airflow/example_dags/example_short_circuit_decorator.py took 0.041 seconds
[2025-01-06T08:21:40.165+0000] {processor.py:186} INFO - Started process (PID=287) to work on /home/airflow/.local/lib/python3.12/site-packages/airflow/example_dags/example_short_circuit_decorator.py
[2025-01-06T08:21:40.165+0000] {processor.py:914} INFO - Processing file /home/airflow/.local/lib/python3.12/site-packages/airflow/example_dags/example_short_circuit_decorator.py for tasks to queue
[2025-01-06T08:21:40.167+0000] {logging_mixin.py:190} INFO - [2025-01-06T08:21:40.166+0000] {dagbag.py:588} INFO - Filling up the DagBag from /home/airflow/.local/lib/python3.12/site-packages/airflow/example_dags/example_short_circuit_decorator.py
[2025-01-06T08:21:40.173+0000] {processor.py:925} INFO - DAG(s) 'example_short_circuit_decorator' retrieved from /home/airflow/.local/lib/python3.12/site-packages/airflow/example_dags/example_short_circuit_decorator.py
[2025-01-06T08:21:40.188+0000] {logging_mixin.py:190} INFO - [2025-01-06T08:21:40.188+0000] {dag.py:3239} INFO - Sync 1 DAGs
[2025-01-06T08:21:40.200+0000] {logging_mixin.py:190} INFO - [2025-01-06T08:21:40.200+0000] {dag.py:4180} INFO - Setting next_dagrun for example_short_circuit_decorator to None, run_after=None
[2025-01-06T08:21:40.214+0000] {processor.py:208} INFO - Processing /home/airflow/.local/lib/python3.12/site-packages/airflow/example_dags/example_short_circuit_decorator.py took 0.054 seconds
[2025-01-06T08:22:10.668+0000] {processor.py:186} INFO - Started process (PID=358) to work on /home/airflow/.local/lib/python3.12/site-packages/airflow/example_dags/example_short_circuit_decorator.py
[2025-01-06T08:22:10.669+0000] {processor.py:914} INFO - Processing file /home/airflow/.local/lib/python3.12/site-packages/airflow/example_dags/example_short_circuit_decorator.py for tasks to queue
[2025-01-06T08:22:10.670+0000] {logging_mixin.py:190} INFO - [2025-01-06T08:22:10.670+0000] {dagbag.py:588} INFO - Filling up the DagBag from /home/airflow/.local/lib/python3.12/site-packages/airflow/example_dags/example_short_circuit_decorator.py
[2025-01-06T08:22:10.677+0000] {processor.py:925} INFO - DAG(s) 'example_short_circuit_decorator' retrieved from /home/airflow/.local/lib/python3.12/site-packages/airflow/example_dags/example_short_circuit_decorator.py
[2025-01-06T08:22:10.692+0000] {logging_mixin.py:190} INFO - [2025-01-06T08:22:10.692+0000] {dag.py:3239} INFO - Sync 1 DAGs
[2025-01-06T08:22:10.704+0000] {logging_mixin.py:190} INFO - [2025-01-06T08:22:10.703+0000] {dag.py:4180} INFO - Setting next_dagrun for example_short_circuit_decorator to None, run_after=None
[2025-01-06T08:22:10.714+0000] {processor.py:208} INFO - Processing /home/airflow/.local/lib/python3.12/site-packages/airflow/example_dags/example_short_circuit_decorator.py took 0.048 seconds
[2025-01-06T08:22:41.117+0000] {processor.py:186} INFO - Started process (PID=424) to work on /home/airflow/.local/lib/python3.12/site-packages/airflow/example_dags/example_short_circuit_decorator.py
[2025-01-06T08:22:41.117+0000] {processor.py:914} INFO - Processing file /home/airflow/.local/lib/python3.12/site-packages/airflow/example_dags/example_short_circuit_decorator.py for tasks to queue
[2025-01-06T08:22:41.119+0000] {logging_mixin.py:190} INFO - [2025-01-06T08:22:41.118+0000] {dagbag.py:588} INFO - Filling up the DagBag from /home/airflow/.local/lib/python3.12/site-packages/airflow/example_dags/example_short_circuit_decorator.py
[2025-01-06T08:22:41.124+0000] {processor.py:925} INFO - DAG(s) 'example_short_circuit_decorator' retrieved from /home/airflow/.local/lib/python3.12/site-packages/airflow/example_dags/example_short_circuit_decorator.py
[2025-01-06T08:22:41.136+0000] {logging_mixin.py:190} INFO - [2025-01-06T08:22:41.136+0000] {dag.py:3239} INFO - Sync 1 DAGs
[2025-01-06T08:22:41.144+0000] {logging_mixin.py:190} INFO - [2025-01-06T08:22:41.144+0000] {dag.py:4180} INFO - Setting next_dagrun for example_short_circuit_decorator to None, run_after=None
[2025-01-06T08:22:41.153+0000] {processor.py:208} INFO - Processing /home/airflow/.local/lib/python3.12/site-packages/airflow/example_dags/example_short_circuit_decorator.py took 0.040 seconds
[2025-01-06T08:23:11.541+0000] {processor.py:186} INFO - Started process (PID=495) to work on /home/airflow/.local/lib/python3.12/site-packages/airflow/example_dags/example_short_circuit_decorator.py
[2025-01-06T08:23:11.542+0000] {processor.py:914} INFO - Processing file /home/airflow/.local/lib/python3.12/site-packages/airflow/example_dags/example_short_circuit_decorator.py for tasks to queue
[2025-01-06T08:23:11.544+0000] {logging_mixin.py:190} INFO - [2025-01-06T08:23:11.543+0000] {dagbag.py:588} INFO - Filling up the DagBag from /home/airflow/.local/lib/python3.12/site-packages/airflow/example_dags/example_short_circuit_decorator.py
[2025-01-06T08:23:11.551+0000] {processor.py:925} INFO - DAG(s) 'example_short_circuit_decorator' retrieved from /home/airflow/.local/lib/python3.12/site-packages/airflow/example_dags/example_short_circuit_decorator.py
[2025-01-06T08:23:11.588+0000] {logging_mixin.py:190} INFO - [2025-01-06T08:23:11.587+0000] {dag.py:3239} INFO - Sync 1 DAGs
[2025-01-06T08:23:11.616+0000] {logging_mixin.py:190} INFO - [2025-01-06T08:23:11.615+0000] {dag.py:4180} INFO - Setting next_dagrun for example_short_circuit_decorator to None, run_after=None
[2025-01-06T08:23:11.631+0000] {processor.py:208} INFO - Processing /home/airflow/.local/lib/python3.12/site-packages/airflow/example_dags/example_short_circuit_decorator.py took 0.093 seconds
[2025-01-06T08:23:42.133+0000] {processor.py:186} INFO - Started process (PID=561) to work on /home/airflow/.local/lib/python3.12/site-packages/airflow/example_dags/example_short_circuit_decorator.py
[2025-01-06T08:23:42.134+0000] {processor.py:914} INFO - Processing file /home/airflow/.local/lib/python3.12/site-packages/airflow/example_dags/example_short_circuit_decorator.py for tasks to queue
[2025-01-06T08:23:42.135+0000] {logging_mixin.py:190} INFO - [2025-01-06T08:23:42.135+0000] {dagbag.py:588} INFO - Filling up the DagBag from /home/airflow/.local/lib/python3.12/site-packages/airflow/example_dags/example_short_circuit_decorator.py
[2025-01-06T08:23:42.141+0000] {processor.py:925} INFO - DAG(s) 'example_short_circuit_decorator' retrieved from /home/airflow/.local/lib/python3.12/site-packages/airflow/example_dags/example_short_circuit_decorator.py
[2025-01-06T08:23:42.156+0000] {logging_mixin.py:190} INFO - [2025-01-06T08:23:42.156+0000] {dag.py:3239} INFO - Sync 1 DAGs
[2025-01-06T08:23:42.168+0000] {logging_mixin.py:190} INFO - [2025-01-06T08:23:42.168+0000] {dag.py:4180} INFO - Setting next_dagrun for example_short_circuit_decorator to None, run_after=None
[2025-01-06T08:23:42.181+0000] {processor.py:208} INFO - Processing /home/airflow/.local/lib/python3.12/site-packages/airflow/example_dags/example_short_circuit_decorator.py took 0.053 seconds
[2025-01-06T08:24:12.641+0000] {processor.py:186} INFO - Started process (PID=632) to work on /home/airflow/.local/lib/python3.12/site-packages/airflow/example_dags/example_short_circuit_decorator.py
[2025-01-06T08:24:12.642+0000] {processor.py:914} INFO - Processing file /home/airflow/.local/lib/python3.12/site-packages/airflow/example_dags/example_short_circuit_decorator.py for tasks to queue
[2025-01-06T08:24:12.643+0000] {logging_mixin.py:190} INFO - [2025-01-06T08:24:12.643+0000] {dagbag.py:588} INFO - Filling up the DagBag from /home/airflow/.local/lib/python3.12/site-packages/airflow/example_dags/example_short_circuit_decorator.py
[2025-01-06T08:24:12.649+0000] {processor.py:925} INFO - DAG(s) 'example_short_circuit_decorator' retrieved from /home/airflow/.local/lib/python3.12/site-packages/airflow/example_dags/example_short_circuit_decorator.py
[2025-01-06T08:24:12.662+0000] {logging_mixin.py:190} INFO - [2025-01-06T08:24:12.662+0000] {dag.py:3239} INFO - Sync 1 DAGs
[2025-01-06T08:24:12.670+0000] {logging_mixin.py:190} INFO - [2025-01-06T08:24:12.670+0000] {dag.py:4180} INFO - Setting next_dagrun for example_short_circuit_decorator to None, run_after=None
[2025-01-06T08:24:12.680+0000] {processor.py:208} INFO - Processing /home/airflow/.local/lib/python3.12/site-packages/airflow/example_dags/example_short_circuit_decorator.py took 0.042 seconds
[2025-01-06T08:24:42.908+0000] {processor.py:186} INFO - Started process (PID=698) to work on /home/airflow/.local/lib/python3.12/site-packages/airflow/example_dags/example_short_circuit_decorator.py
[2025-01-06T08:24:42.909+0000] {processor.py:914} INFO - Processing file /home/airflow/.local/lib/python3.12/site-packages/airflow/example_dags/example_short_circuit_decorator.py for tasks to queue
[2025-01-06T08:24:42.910+0000] {logging_mixin.py:190} INFO - [2025-01-06T08:24:42.910+0000] {dagbag.py:588} INFO - Filling up the DagBag from /home/airflow/.local/lib/python3.12/site-packages/airflow/example_dags/example_short_circuit_decorator.py
[2025-01-06T08:24:42.915+0000] {processor.py:925} INFO - DAG(s) 'example_short_circuit_decorator' retrieved from /home/airflow/.local/lib/python3.12/site-packages/airflow/example_dags/example_short_circuit_decorator.py
[2025-01-06T08:24:42.928+0000] {logging_mixin.py:190} INFO - [2025-01-06T08:24:42.928+0000] {dag.py:3239} INFO - Sync 1 DAGs
[2025-01-06T08:24:42.936+0000] {logging_mixin.py:190} INFO - [2025-01-06T08:24:42.935+0000] {dag.py:4180} INFO - Setting next_dagrun for example_short_circuit_decorator to None, run_after=None
[2025-01-06T08:24:42.945+0000] {processor.py:208} INFO - Processing /home/airflow/.local/lib/python3.12/site-packages/airflow/example_dags/example_short_circuit_decorator.py took 0.039 seconds
[2025-01-06T08:25:13.346+0000] {processor.py:186} INFO - Started process (PID=769) to work on /home/airflow/.local/lib/python3.12/site-packages/airflow/example_dags/example_short_circuit_decorator.py
[2025-01-06T08:25:13.347+0000] {processor.py:914} INFO - Processing file /home/airflow/.local/lib/python3.12/site-packages/airflow/example_dags/example_short_circuit_decorator.py for tasks to queue
[2025-01-06T08:25:13.348+0000] {logging_mixin.py:190} INFO - [2025-01-06T08:25:13.348+0000] {dagbag.py:588} INFO - Filling up the DagBag from /home/airflow/.local/lib/python3.12/site-packages/airflow/example_dags/example_short_circuit_decorator.py
[2025-01-06T08:25:13.355+0000] {processor.py:925} INFO - DAG(s) 'example_short_circuit_decorator' retrieved from /home/airflow/.local/lib/python3.12/site-packages/airflow/example_dags/example_short_circuit_decorator.py
[2025-01-06T08:25:13.371+0000] {logging_mixin.py:190} INFO - [2025-01-06T08:25:13.371+0000] {dag.py:3239} INFO - Sync 1 DAGs
[2025-01-06T08:25:13.380+0000] {logging_mixin.py:190} INFO - [2025-01-06T08:25:13.380+0000] {dag.py:4180} INFO - Setting next_dagrun for example_short_circuit_decorator to None, run_after=None
[2025-01-06T08:25:13.391+0000] {processor.py:208} INFO - Processing /home/airflow/.local/lib/python3.12/site-packages/airflow/example_dags/example_short_circuit_decorator.py took 0.048 seconds
[2025-01-06T08:25:43.751+0000] {processor.py:186} INFO - Started process (PID=835) to work on /home/airflow/.local/lib/python3.12/site-packages/airflow/example_dags/example_short_circuit_decorator.py
[2025-01-06T08:25:43.752+0000] {processor.py:914} INFO - Processing file /home/airflow/.local/lib/python3.12/site-packages/airflow/example_dags/example_short_circuit_decorator.py for tasks to queue
[2025-01-06T08:25:43.753+0000] {logging_mixin.py:190} INFO - [2025-01-06T08:25:43.753+0000] {dagbag.py:588} INFO - Filling up the DagBag from /home/airflow/.local/lib/python3.12/site-packages/airflow/example_dags/example_short_circuit_decorator.py
[2025-01-06T08:25:43.759+0000] {processor.py:925} INFO - DAG(s) 'example_short_circuit_decorator' retrieved from /home/airflow/.local/lib/python3.12/site-packages/airflow/example_dags/example_short_circuit_decorator.py
[2025-01-06T08:25:43.772+0000] {logging_mixin.py:190} INFO - [2025-01-06T08:25:43.771+0000] {dag.py:3239} INFO - Sync 1 DAGs
[2025-01-06T08:25:43.779+0000] {logging_mixin.py:190} INFO - [2025-01-06T08:25:43.779+0000] {dag.py:4180} INFO - Setting next_dagrun for example_short_circuit_decorator to None, run_after=None
[2025-01-06T08:25:43.788+0000] {processor.py:208} INFO - Processing /home/airflow/.local/lib/python3.12/site-packages/airflow/example_dags/example_short_circuit_decorator.py took 0.040 seconds
[2025-01-06T08:26:14.107+0000] {processor.py:186} INFO - Started process (PID=906) to work on /home/airflow/.local/lib/python3.12/site-packages/airflow/example_dags/example_short_circuit_decorator.py
[2025-01-06T08:26:14.107+0000] {processor.py:914} INFO - Processing file /home/airflow/.local/lib/python3.12/site-packages/airflow/example_dags/example_short_circuit_decorator.py for tasks to queue
[2025-01-06T08:26:14.108+0000] {logging_mixin.py:190} INFO - [2025-01-06T08:26:14.108+0000] {dagbag.py:588} INFO - Filling up the DagBag from /home/airflow/.local/lib/python3.12/site-packages/airflow/example_dags/example_short_circuit_decorator.py
[2025-01-06T08:26:14.113+0000] {processor.py:925} INFO - DAG(s) 'example_short_circuit_decorator' retrieved from /home/airflow/.local/lib/python3.12/site-packages/airflow/example_dags/example_short_circuit_decorator.py
[2025-01-06T08:26:14.130+0000] {logging_mixin.py:190} INFO - [2025-01-06T08:26:14.129+0000] {dag.py:3239} INFO - Sync 1 DAGs
[2025-01-06T08:26:14.139+0000] {logging_mixin.py:190} INFO - [2025-01-06T08:26:14.139+0000] {dag.py:4180} INFO - Setting next_dagrun for example_short_circuit_decorator to None, run_after=None
[2025-01-06T08:26:14.151+0000] {processor.py:208} INFO - Processing /home/airflow/.local/lib/python3.12/site-packages/airflow/example_dags/example_short_circuit_decorator.py took 0.049 seconds
[2025-01-06T08:26:44.507+0000] {processor.py:186} INFO - Started process (PID=972) to work on /home/airflow/.local/lib/python3.12/site-packages/airflow/example_dags/example_short_circuit_decorator.py
[2025-01-06T08:26:44.508+0000] {processor.py:914} INFO - Processing file /home/airflow/.local/lib/python3.12/site-packages/airflow/example_dags/example_short_circuit_decorator.py for tasks to queue
[2025-01-06T08:26:44.509+0000] {logging_mixin.py:190} INFO - [2025-01-06T08:26:44.509+0000] {dagbag.py:588} INFO - Filling up the DagBag from /home/airflow/.local/lib/python3.12/site-packages/airflow/example_dags/example_short_circuit_decorator.py
[2025-01-06T08:26:44.516+0000] {processor.py:925} INFO - DAG(s) 'example_short_circuit_decorator' retrieved from /home/airflow/.local/lib/python3.12/site-packages/airflow/example_dags/example_short_circuit_decorator.py
[2025-01-06T08:26:44.533+0000] {logging_mixin.py:190} INFO - [2025-01-06T08:26:44.532+0000] {dag.py:3239} INFO - Sync 1 DAGs
[2025-01-06T08:26:44.541+0000] {logging_mixin.py:190} INFO - [2025-01-06T08:26:44.541+0000] {dag.py:4180} INFO - Setting next_dagrun for example_short_circuit_decorator to None, run_after=None
[2025-01-06T08:26:44.555+0000] {processor.py:208} INFO - Processing /home/airflow/.local/lib/python3.12/site-packages/airflow/example_dags/example_short_circuit_decorator.py took 0.051 seconds
[2025-01-06T08:27:14.997+0000] {processor.py:186} INFO - Started process (PID=1043) to work on /home/airflow/.local/lib/python3.12/site-packages/airflow/example_dags/example_short_circuit_decorator.py
[2025-01-06T08:27:14.997+0000] {processor.py:914} INFO - Processing file /home/airflow/.local/lib/python3.12/site-packages/airflow/example_dags/example_short_circuit_decorator.py for tasks to queue
[2025-01-06T08:27:14.999+0000] {logging_mixin.py:190} INFO - [2025-01-06T08:27:14.998+0000] {dagbag.py:588} INFO - Filling up the DagBag from /home/airflow/.local/lib/python3.12/site-packages/airflow/example_dags/example_short_circuit_decorator.py
[2025-01-06T08:27:15.004+0000] {processor.py:925} INFO - DAG(s) 'example_short_circuit_decorator' retrieved from /home/airflow/.local/lib/python3.12/site-packages/airflow/example_dags/example_short_circuit_decorator.py
[2025-01-06T08:27:15.016+0000] {logging_mixin.py:190} INFO - [2025-01-06T08:27:15.016+0000] {dag.py:3239} INFO - Sync 1 DAGs
[2025-01-06T08:27:15.025+0000] {logging_mixin.py:190} INFO - [2025-01-06T08:27:15.025+0000] {dag.py:4180} INFO - Setting next_dagrun for example_short_circuit_decorator to None, run_after=None
[2025-01-06T08:27:15.036+0000] {processor.py:208} INFO - Processing /home/airflow/.local/lib/python3.12/site-packages/airflow/example_dags/example_short_circuit_decorator.py took 0.043 seconds
[2025-01-06T08:27:45.335+0000] {processor.py:186} INFO - Started process (PID=1109) to work on /home/airflow/.local/lib/python3.12/site-packages/airflow/example_dags/example_short_circuit_decorator.py
[2025-01-06T08:27:45.335+0000] {processor.py:914} INFO - Processing file /home/airflow/.local/lib/python3.12/site-packages/airflow/example_dags/example_short_circuit_decorator.py for tasks to queue
[2025-01-06T08:27:45.337+0000] {logging_mixin.py:190} INFO - [2025-01-06T08:27:45.337+0000] {dagbag.py:588} INFO - Filling up the DagBag from /home/airflow/.local/lib/python3.12/site-packages/airflow/example_dags/example_short_circuit_decorator.py
[2025-01-06T08:27:45.344+0000] {processor.py:925} INFO - DAG(s) 'example_short_circuit_decorator' retrieved from /home/airflow/.local/lib/python3.12/site-packages/airflow/example_dags/example_short_circuit_decorator.py
[2025-01-06T08:27:45.360+0000] {logging_mixin.py:190} INFO - [2025-01-06T08:27:45.360+0000] {dag.py:3239} INFO - Sync 1 DAGs
[2025-01-06T08:27:45.369+0000] {logging_mixin.py:190} INFO - [2025-01-06T08:27:45.369+0000] {dag.py:4180} INFO - Setting next_dagrun for example_short_circuit_decorator to None, run_after=None
[2025-01-06T08:27:45.379+0000] {processor.py:208} INFO - Processing /home/airflow/.local/lib/python3.12/site-packages/airflow/example_dags/example_short_circuit_decorator.py took 0.048 seconds
[2025-01-06T08:28:15.661+0000] {processor.py:186} INFO - Started process (PID=1180) to work on /home/airflow/.local/lib/python3.12/site-packages/airflow/example_dags/example_short_circuit_decorator.py
[2025-01-06T08:28:15.662+0000] {processor.py:914} INFO - Processing file /home/airflow/.local/lib/python3.12/site-packages/airflow/example_dags/example_short_circuit_decorator.py for tasks to queue
[2025-01-06T08:28:15.664+0000] {logging_mixin.py:190} INFO - [2025-01-06T08:28:15.663+0000] {dagbag.py:588} INFO - Filling up the DagBag from /home/airflow/.local/lib/python3.12/site-packages/airflow/example_dags/example_short_circuit_decorator.py
[2025-01-06T08:28:15.670+0000] {processor.py:925} INFO - DAG(s) 'example_short_circuit_decorator' retrieved from /home/airflow/.local/lib/python3.12/site-packages/airflow/example_dags/example_short_circuit_decorator.py
[2025-01-06T08:28:15.683+0000] {logging_mixin.py:190} INFO - [2025-01-06T08:28:15.683+0000] {dag.py:3239} INFO - Sync 1 DAGs
[2025-01-06T08:28:15.691+0000] {logging_mixin.py:190} INFO - [2025-01-06T08:28:15.691+0000] {dag.py:4180} INFO - Setting next_dagrun for example_short_circuit_decorator to None, run_after=None
[2025-01-06T08:28:15.703+0000] {processor.py:208} INFO - Processing /home/airflow/.local/lib/python3.12/site-packages/airflow/example_dags/example_short_circuit_decorator.py took 0.045 seconds
[2025-01-06T08:28:46.177+0000] {processor.py:186} INFO - Started process (PID=1246) to work on /home/airflow/.local/lib/python3.12/site-packages/airflow/example_dags/example_short_circuit_decorator.py
[2025-01-06T08:28:46.177+0000] {processor.py:914} INFO - Processing file /home/airflow/.local/lib/python3.12/site-packages/airflow/example_dags/example_short_circuit_decorator.py for tasks to queue
[2025-01-06T08:28:46.179+0000] {logging_mixin.py:190} INFO - [2025-01-06T08:28:46.178+0000] {dagbag.py:588} INFO - Filling up the DagBag from /home/airflow/.local/lib/python3.12/site-packages/airflow/example_dags/example_short_circuit_decorator.py
[2025-01-06T08:28:46.185+0000] {processor.py:925} INFO - DAG(s) 'example_short_circuit_decorator' retrieved from /home/airflow/.local/lib/python3.12/site-packages/airflow/example_dags/example_short_circuit_decorator.py
[2025-01-06T08:28:46.199+0000] {logging_mixin.py:190} INFO - [2025-01-06T08:28:46.199+0000] {dag.py:3239} INFO - Sync 1 DAGs
[2025-01-06T08:28:46.206+0000] {logging_mixin.py:190} INFO - [2025-01-06T08:28:46.206+0000] {dag.py:4180} INFO - Setting next_dagrun for example_short_circuit_decorator to None, run_after=None
[2025-01-06T08:28:46.217+0000] {processor.py:208} INFO - Processing /home/airflow/.local/lib/python3.12/site-packages/airflow/example_dags/example_short_circuit_decorator.py took 0.045 seconds
[2025-01-06T08:29:16.596+0000] {processor.py:186} INFO - Started process (PID=1316) to work on /home/airflow/.local/lib/python3.12/site-packages/airflow/example_dags/example_short_circuit_decorator.py
[2025-01-06T08:29:16.596+0000] {processor.py:914} INFO - Processing file /home/airflow/.local/lib/python3.12/site-packages/airflow/example_dags/example_short_circuit_decorator.py for tasks to queue
[2025-01-06T08:29:16.597+0000] {logging_mixin.py:190} INFO - [2025-01-06T08:29:16.597+0000] {dagbag.py:588} INFO - Filling up the DagBag from /home/airflow/.local/lib/python3.12/site-packages/airflow/example_dags/example_short_circuit_decorator.py
[2025-01-06T08:29:16.604+0000] {processor.py:925} INFO - DAG(s) 'example_short_circuit_decorator' retrieved from /home/airflow/.local/lib/python3.12/site-packages/airflow/example_dags/example_short_circuit_decorator.py
[2025-01-06T08:29:16.620+0000] {logging_mixin.py:190} INFO - [2025-01-06T08:29:16.620+0000] {dag.py:3239} INFO - Sync 1 DAGs
[2025-01-06T08:29:16.631+0000] {logging_mixin.py:190} INFO - [2025-01-06T08:29:16.631+0000] {dag.py:4180} INFO - Setting next_dagrun for example_short_circuit_decorator to None, run_after=None
[2025-01-06T08:29:16.645+0000] {processor.py:208} INFO - Processing /home/airflow/.local/lib/python3.12/site-packages/airflow/example_dags/example_short_circuit_decorator.py took 0.053 seconds
[2025-01-06T08:29:47.081+0000] {processor.py:186} INFO - Started process (PID=1382) to work on /home/airflow/.local/lib/python3.12/site-packages/airflow/example_dags/example_short_circuit_decorator.py
[2025-01-06T08:29:47.081+0000] {processor.py:914} INFO - Processing file /home/airflow/.local/lib/python3.12/site-packages/airflow/example_dags/example_short_circuit_decorator.py for tasks to queue
[2025-01-06T08:29:47.082+0000] {logging_mixin.py:190} INFO - [2025-01-06T08:29:47.082+0000] {dagbag.py:588} INFO - Filling up the DagBag from /home/airflow/.local/lib/python3.12/site-packages/airflow/example_dags/example_short_circuit_decorator.py
[2025-01-06T08:29:47.087+0000] {processor.py:925} INFO - DAG(s) 'example_short_circuit_decorator' retrieved from /home/airflow/.local/lib/python3.12/site-packages/airflow/example_dags/example_short_circuit_decorator.py
[2025-01-06T08:29:47.100+0000] {logging_mixin.py:190} INFO - [2025-01-06T08:29:47.100+0000] {dag.py:3239} INFO - Sync 1 DAGs
[2025-01-06T08:29:47.107+0000] {logging_mixin.py:190} INFO - [2025-01-06T08:29:47.107+0000] {dag.py:4180} INFO - Setting next_dagrun for example_short_circuit_decorator to None, run_after=None
[2025-01-06T08:29:47.116+0000] {processor.py:208} INFO - Processing /home/airflow/.local/lib/python3.12/site-packages/airflow/example_dags/example_short_circuit_decorator.py took 0.039 seconds
[2025-01-06T08:30:17.510+0000] {processor.py:186} INFO - Started process (PID=1458) to work on /home/airflow/.local/lib/python3.12/site-packages/airflow/example_dags/example_short_circuit_decorator.py
[2025-01-06T08:30:17.510+0000] {processor.py:914} INFO - Processing file /home/airflow/.local/lib/python3.12/site-packages/airflow/example_dags/example_short_circuit_decorator.py for tasks to queue
[2025-01-06T08:30:17.511+0000] {logging_mixin.py:190} INFO - [2025-01-06T08:30:17.511+0000] {dagbag.py:588} INFO - Filling up the DagBag from /home/airflow/.local/lib/python3.12/site-packages/airflow/example_dags/example_short_circuit_decorator.py
[2025-01-06T08:30:17.517+0000] {processor.py:925} INFO - DAG(s) 'example_short_circuit_decorator' retrieved from /home/airflow/.local/lib/python3.12/site-packages/airflow/example_dags/example_short_circuit_decorator.py
[2025-01-06T08:30:17.532+0000] {logging_mixin.py:190} INFO - [2025-01-06T08:30:17.532+0000] {dag.py:3239} INFO - Sync 1 DAGs
[2025-01-06T08:30:17.542+0000] {logging_mixin.py:190} INFO - [2025-01-06T08:30:17.542+0000] {dag.py:4180} INFO - Setting next_dagrun for example_short_circuit_decorator to None, run_after=None
[2025-01-06T08:30:17.557+0000] {processor.py:208} INFO - Processing /home/airflow/.local/lib/python3.12/site-packages/airflow/example_dags/example_short_circuit_decorator.py took 0.050 seconds
[2025-01-06T08:30:47.924+0000] {processor.py:186} INFO - Started process (PID=1524) to work on /home/airflow/.local/lib/python3.12/site-packages/airflow/example_dags/example_short_circuit_decorator.py
[2025-01-06T08:30:47.925+0000] {processor.py:914} INFO - Processing file /home/airflow/.local/lib/python3.12/site-packages/airflow/example_dags/example_short_circuit_decorator.py for tasks to queue
[2025-01-06T08:30:47.926+0000] {logging_mixin.py:190} INFO - [2025-01-06T08:30:47.926+0000] {dagbag.py:588} INFO - Filling up the DagBag from /home/airflow/.local/lib/python3.12/site-packages/airflow/example_dags/example_short_circuit_decorator.py
[2025-01-06T08:30:47.932+0000] {processor.py:925} INFO - DAG(s) 'example_short_circuit_decorator' retrieved from /home/airflow/.local/lib/python3.12/site-packages/airflow/example_dags/example_short_circuit_decorator.py
[2025-01-06T08:30:47.947+0000] {logging_mixin.py:190} INFO - [2025-01-06T08:30:47.947+0000] {dag.py:3239} INFO - Sync 1 DAGs
[2025-01-06T08:30:47.958+0000] {logging_mixin.py:190} INFO - [2025-01-06T08:30:47.958+0000] {dag.py:4180} INFO - Setting next_dagrun for example_short_circuit_decorator to None, run_after=None
[2025-01-06T08:30:47.971+0000] {processor.py:208} INFO - Processing /home/airflow/.local/lib/python3.12/site-packages/airflow/example_dags/example_short_circuit_decorator.py took 0.051 seconds
[2025-01-06T08:31:18.374+0000] {processor.py:186} INFO - Started process (PID=1595) to work on /home/airflow/.local/lib/python3.12/site-packages/airflow/example_dags/example_short_circuit_decorator.py
[2025-01-06T08:31:18.375+0000] {processor.py:914} INFO - Processing file /home/airflow/.local/lib/python3.12/site-packages/airflow/example_dags/example_short_circuit_decorator.py for tasks to queue
[2025-01-06T08:31:18.376+0000] {logging_mixin.py:190} INFO - [2025-01-06T08:31:18.376+0000] {dagbag.py:588} INFO - Filling up the DagBag from /home/airflow/.local/lib/python3.12/site-packages/airflow/example_dags/example_short_circuit_decorator.py
[2025-01-06T08:31:18.381+0000] {processor.py:925} INFO - DAG(s) 'example_short_circuit_decorator' retrieved from /home/airflow/.local/lib/python3.12/site-packages/airflow/example_dags/example_short_circuit_decorator.py
[2025-01-06T08:31:18.395+0000] {logging_mixin.py:190} INFO - [2025-01-06T08:31:18.395+0000] {dag.py:3239} INFO - Sync 1 DAGs
[2025-01-06T08:31:18.405+0000] {logging_mixin.py:190} INFO - [2025-01-06T08:31:18.405+0000] {dag.py:4180} INFO - Setting next_dagrun for example_short_circuit_decorator to None, run_after=None
[2025-01-06T08:31:18.418+0000] {processor.py:208} INFO - Processing /home/airflow/.local/lib/python3.12/site-packages/airflow/example_dags/example_short_circuit_decorator.py took 0.047 seconds
[2025-01-06T08:31:48.773+0000] {processor.py:186} INFO - Started process (PID=1661) to work on /home/airflow/.local/lib/python3.12/site-packages/airflow/example_dags/example_short_circuit_decorator.py
[2025-01-06T08:31:48.773+0000] {processor.py:914} INFO - Processing file /home/airflow/.local/lib/python3.12/site-packages/airflow/example_dags/example_short_circuit_decorator.py for tasks to queue
[2025-01-06T08:31:48.774+0000] {logging_mixin.py:190} INFO - [2025-01-06T08:31:48.774+0000] {dagbag.py:588} INFO - Filling up the DagBag from /home/airflow/.local/lib/python3.12/site-packages/airflow/example_dags/example_short_circuit_decorator.py
[2025-01-06T08:31:48.780+0000] {processor.py:925} INFO - DAG(s) 'example_short_circuit_decorator' retrieved from /home/airflow/.local/lib/python3.12/site-packages/airflow/example_dags/example_short_circuit_decorator.py
[2025-01-06T08:31:48.793+0000] {logging_mixin.py:190} INFO - [2025-01-06T08:31:48.793+0000] {dag.py:3239} INFO - Sync 1 DAGs
[2025-01-06T08:31:48.804+0000] {logging_mixin.py:190} INFO - [2025-01-06T08:31:48.804+0000] {dag.py:4180} INFO - Setting next_dagrun for example_short_circuit_decorator to None, run_after=None
[2025-01-06T08:31:48.815+0000] {processor.py:208} INFO - Processing /home/airflow/.local/lib/python3.12/site-packages/airflow/example_dags/example_short_circuit_decorator.py took 0.046 seconds
[2025-01-06T08:32:19.313+0000] {processor.py:186} INFO - Started process (PID=1732) to work on /home/airflow/.local/lib/python3.12/site-packages/airflow/example_dags/example_short_circuit_decorator.py
[2025-01-06T08:32:19.313+0000] {processor.py:914} INFO - Processing file /home/airflow/.local/lib/python3.12/site-packages/airflow/example_dags/example_short_circuit_decorator.py for tasks to queue
[2025-01-06T08:32:19.314+0000] {logging_mixin.py:190} INFO - [2025-01-06T08:32:19.314+0000] {dagbag.py:588} INFO - Filling up the DagBag from /home/airflow/.local/lib/python3.12/site-packages/airflow/example_dags/example_short_circuit_decorator.py
[2025-01-06T08:32:19.320+0000] {processor.py:925} INFO - DAG(s) 'example_short_circuit_decorator' retrieved from /home/airflow/.local/lib/python3.12/site-packages/airflow/example_dags/example_short_circuit_decorator.py
[2025-01-06T08:32:19.338+0000] {logging_mixin.py:190} INFO - [2025-01-06T08:32:19.337+0000] {dag.py:3239} INFO - Sync 1 DAGs
[2025-01-06T08:32:19.346+0000] {logging_mixin.py:190} INFO - [2025-01-06T08:32:19.346+0000] {dag.py:4180} INFO - Setting next_dagrun for example_short_circuit_decorator to None, run_after=None
[2025-01-06T08:32:19.360+0000] {processor.py:208} INFO - Processing /home/airflow/.local/lib/python3.12/site-packages/airflow/example_dags/example_short_circuit_decorator.py took 0.051 seconds
[2025-01-06T08:32:49.780+0000] {processor.py:186} INFO - Started process (PID=1798) to work on /home/airflow/.local/lib/python3.12/site-packages/airflow/example_dags/example_short_circuit_decorator.py
[2025-01-06T08:32:49.781+0000] {processor.py:914} INFO - Processing file /home/airflow/.local/lib/python3.12/site-packages/airflow/example_dags/example_short_circuit_decorator.py for tasks to queue
[2025-01-06T08:32:49.782+0000] {logging_mixin.py:190} INFO - [2025-01-06T08:32:49.782+0000] {dagbag.py:588} INFO - Filling up the DagBag from /home/airflow/.local/lib/python3.12/site-packages/airflow/example_dags/example_short_circuit_decorator.py
[2025-01-06T08:32:49.787+0000] {processor.py:925} INFO - DAG(s) 'example_short_circuit_decorator' retrieved from /home/airflow/.local/lib/python3.12/site-packages/airflow/example_dags/example_short_circuit_decorator.py
[2025-01-06T08:32:49.802+0000] {logging_mixin.py:190} INFO - [2025-01-06T08:32:49.801+0000] {dag.py:3239} INFO - Sync 1 DAGs
[2025-01-06T08:32:49.813+0000] {logging_mixin.py:190} INFO - [2025-01-06T08:32:49.813+0000] {dag.py:4180} INFO - Setting next_dagrun for example_short_circuit_decorator to None, run_after=None
[2025-01-06T08:32:49.828+0000] {processor.py:208} INFO - Processing /home/airflow/.local/lib/python3.12/site-packages/airflow/example_dags/example_short_circuit_decorator.py took 0.051 seconds
[2025-01-06T08:33:20.138+0000] {processor.py:186} INFO - Started process (PID=1869) to work on /home/airflow/.local/lib/python3.12/site-packages/airflow/example_dags/example_short_circuit_decorator.py
[2025-01-06T08:33:20.139+0000] {processor.py:914} INFO - Processing file /home/airflow/.local/lib/python3.12/site-packages/airflow/example_dags/example_short_circuit_decorator.py for tasks to queue
[2025-01-06T08:33:20.140+0000] {logging_mixin.py:190} INFO - [2025-01-06T08:33:20.140+0000] {dagbag.py:588} INFO - Filling up the DagBag from /home/airflow/.local/lib/python3.12/site-packages/airflow/example_dags/example_short_circuit_decorator.py
[2025-01-06T08:33:20.149+0000] {processor.py:925} INFO - DAG(s) 'example_short_circuit_decorator' retrieved from /home/airflow/.local/lib/python3.12/site-packages/airflow/example_dags/example_short_circuit_decorator.py
[2025-01-06T08:33:20.165+0000] {logging_mixin.py:190} INFO - [2025-01-06T08:33:20.165+0000] {dag.py:3239} INFO - Sync 1 DAGs
[2025-01-06T08:33:20.174+0000] {logging_mixin.py:190} INFO - [2025-01-06T08:33:20.174+0000] {dag.py:4180} INFO - Setting next_dagrun for example_short_circuit_decorator to None, run_after=None
[2025-01-06T08:33:20.186+0000] {processor.py:208} INFO - Processing /home/airflow/.local/lib/python3.12/site-packages/airflow/example_dags/example_short_circuit_decorator.py took 0.053 seconds
