[2025-01-06T08:20:09.541+0000] {processor.py:186} INFO - Started process (PID=97) to work on /home/airflow/.local/lib/python3.12/site-packages/airflow/example_dags/example_dag_decorator.py
[2025-01-06T08:20:09.542+0000] {processor.py:914} INFO - Processing file /home/airflow/.local/lib/python3.12/site-packages/airflow/example_dags/example_dag_decorator.py for tasks to queue
[2025-01-06T08:20:09.543+0000] {logging_mixin.py:190} INFO - [2025-01-06T08:20:09.543+0000] {dagbag.py:588} INFO - Filling up the DagBag from /home/airflow/.local/lib/python3.12/site-packages/airflow/example_dags/example_dag_decorator.py
[2025-01-06T08:20:09.549+0000] {processor.py:925} INFO - DAG(s) 'example_dag_decorator' retrieved from /home/airflow/.local/lib/python3.12/site-packages/airflow/example_dags/example_dag_decorator.py
[2025-01-06T08:20:09.630+0000] {logging_mixin.py:190} INFO - [2025-01-06T08:20:09.630+0000] {dag.py:3239} INFO - Sync 1 DAGs
[2025-01-06T08:20:09.641+0000] {logging_mixin.py:190} INFO - [2025-01-06T08:20:09.641+0000] {dag.py:4180} INFO - Setting next_dagrun for example_dag_decorator to None, run_after=None
[2025-01-06T08:20:09.654+0000] {processor.py:208} INFO - Processing /home/airflow/.local/lib/python3.12/site-packages/airflow/example_dags/example_dag_decorator.py took 0.116 seconds
[2025-01-06T08:20:40.285+0000] {processor.py:186} INFO - Started process (PID=173) to work on /home/airflow/.local/lib/python3.12/site-packages/airflow/example_dags/example_dag_decorator.py
[2025-01-06T08:20:40.285+0000] {processor.py:914} INFO - Processing file /home/airflow/.local/lib/python3.12/site-packages/airflow/example_dags/example_dag_decorator.py for tasks to queue
[2025-01-06T08:20:40.286+0000] {logging_mixin.py:190} INFO - [2025-01-06T08:20:40.286+0000] {dagbag.py:588} INFO - Filling up the DagBag from /home/airflow/.local/lib/python3.12/site-packages/airflow/example_dags/example_dag_decorator.py
[2025-01-06T08:20:40.292+0000] {processor.py:925} INFO - DAG(s) 'example_dag_decorator' retrieved from /home/airflow/.local/lib/python3.12/site-packages/airflow/example_dags/example_dag_decorator.py
[2025-01-06T08:20:40.363+0000] {logging_mixin.py:190} INFO - [2025-01-06T08:20:40.362+0000] {dag.py:3239} INFO - Sync 1 DAGs
[2025-01-06T08:20:40.371+0000] {logging_mixin.py:190} INFO - [2025-01-06T08:20:40.371+0000] {dag.py:4180} INFO - Setting next_dagrun for example_dag_decorator to None, run_after=None
[2025-01-06T08:20:40.385+0000] {processor.py:208} INFO - Processing /home/airflow/.local/lib/python3.12/site-packages/airflow/example_dags/example_dag_decorator.py took 0.104 seconds
[2025-01-06T08:21:10.778+0000] {processor.py:186} INFO - Started process (PID=244) to work on /home/airflow/.local/lib/python3.12/site-packages/airflow/example_dags/example_dag_decorator.py
[2025-01-06T08:21:10.779+0000] {processor.py:914} INFO - Processing file /home/airflow/.local/lib/python3.12/site-packages/airflow/example_dags/example_dag_decorator.py for tasks to queue
[2025-01-06T08:21:10.780+0000] {logging_mixin.py:190} INFO - [2025-01-06T08:21:10.779+0000] {dagbag.py:588} INFO - Filling up the DagBag from /home/airflow/.local/lib/python3.12/site-packages/airflow/example_dags/example_dag_decorator.py
[2025-01-06T08:21:10.786+0000] {processor.py:925} INFO - DAG(s) 'example_dag_decorator' retrieved from /home/airflow/.local/lib/python3.12/site-packages/airflow/example_dags/example_dag_decorator.py
[2025-01-06T08:21:10.852+0000] {logging_mixin.py:190} INFO - [2025-01-06T08:21:10.852+0000] {dag.py:3239} INFO - Sync 1 DAGs
[2025-01-06T08:21:10.860+0000] {logging_mixin.py:190} INFO - [2025-01-06T08:21:10.860+0000] {dag.py:4180} INFO - Setting next_dagrun for example_dag_decorator to None, run_after=None
[2025-01-06T08:21:10.871+0000] {processor.py:208} INFO - Processing /home/airflow/.local/lib/python3.12/site-packages/airflow/example_dags/example_dag_decorator.py took 0.096 seconds
[2025-01-06T08:21:41.057+0000] {processor.py:186} INFO - Started process (PID=310) to work on /home/airflow/.local/lib/python3.12/site-packages/airflow/example_dags/example_dag_decorator.py
[2025-01-06T08:21:41.058+0000] {processor.py:914} INFO - Processing file /home/airflow/.local/lib/python3.12/site-packages/airflow/example_dags/example_dag_decorator.py for tasks to queue
[2025-01-06T08:21:41.059+0000] {logging_mixin.py:190} INFO - [2025-01-06T08:21:41.059+0000] {dagbag.py:588} INFO - Filling up the DagBag from /home/airflow/.local/lib/python3.12/site-packages/airflow/example_dags/example_dag_decorator.py
[2025-01-06T08:21:41.066+0000] {processor.py:925} INFO - DAG(s) 'example_dag_decorator' retrieved from /home/airflow/.local/lib/python3.12/site-packages/airflow/example_dags/example_dag_decorator.py
[2025-01-06T08:21:41.130+0000] {logging_mixin.py:190} INFO - [2025-01-06T08:21:41.130+0000] {dag.py:3239} INFO - Sync 1 DAGs
[2025-01-06T08:21:41.140+0000] {logging_mixin.py:190} INFO - [2025-01-06T08:21:41.139+0000] {dag.py:4180} INFO - Setting next_dagrun for example_dag_decorator to None, run_after=None
[2025-01-06T08:21:41.154+0000] {processor.py:208} INFO - Processing /home/airflow/.local/lib/python3.12/site-packages/airflow/example_dags/example_dag_decorator.py took 0.100 seconds
[2025-01-06T08:22:11.551+0000] {processor.py:186} INFO - Started process (PID=381) to work on /home/airflow/.local/lib/python3.12/site-packages/airflow/example_dags/example_dag_decorator.py
[2025-01-06T08:22:11.552+0000] {processor.py:914} INFO - Processing file /home/airflow/.local/lib/python3.12/site-packages/airflow/example_dags/example_dag_decorator.py for tasks to queue
[2025-01-06T08:22:11.553+0000] {logging_mixin.py:190} INFO - [2025-01-06T08:22:11.553+0000] {dagbag.py:588} INFO - Filling up the DagBag from /home/airflow/.local/lib/python3.12/site-packages/airflow/example_dags/example_dag_decorator.py
[2025-01-06T08:22:11.559+0000] {processor.py:925} INFO - DAG(s) 'example_dag_decorator' retrieved from /home/airflow/.local/lib/python3.12/site-packages/airflow/example_dags/example_dag_decorator.py
[2025-01-06T08:22:11.621+0000] {logging_mixin.py:190} INFO - [2025-01-06T08:22:11.621+0000] {dag.py:3239} INFO - Sync 1 DAGs
[2025-01-06T08:22:11.628+0000] {logging_mixin.py:190} INFO - [2025-01-06T08:22:11.628+0000] {dag.py:4180} INFO - Setting next_dagrun for example_dag_decorator to None, run_after=None
[2025-01-06T08:22:11.637+0000] {processor.py:208} INFO - Processing /home/airflow/.local/lib/python3.12/site-packages/airflow/example_dags/example_dag_decorator.py took 0.089 seconds
[2025-01-06T08:22:42.016+0000] {processor.py:186} INFO - Started process (PID=448) to work on /home/airflow/.local/lib/python3.12/site-packages/airflow/example_dags/example_dag_decorator.py
[2025-01-06T08:22:42.016+0000] {processor.py:914} INFO - Processing file /home/airflow/.local/lib/python3.12/site-packages/airflow/example_dags/example_dag_decorator.py for tasks to queue
[2025-01-06T08:22:42.018+0000] {logging_mixin.py:190} INFO - [2025-01-06T08:22:42.017+0000] {dagbag.py:588} INFO - Filling up the DagBag from /home/airflow/.local/lib/python3.12/site-packages/airflow/example_dags/example_dag_decorator.py
[2025-01-06T08:22:42.024+0000] {processor.py:925} INFO - DAG(s) 'example_dag_decorator' retrieved from /home/airflow/.local/lib/python3.12/site-packages/airflow/example_dags/example_dag_decorator.py
[2025-01-06T08:22:42.084+0000] {logging_mixin.py:190} INFO - [2025-01-06T08:22:42.083+0000] {dag.py:3239} INFO - Sync 1 DAGs
[2025-01-06T08:22:42.090+0000] {logging_mixin.py:190} INFO - [2025-01-06T08:22:42.090+0000] {dag.py:4180} INFO - Setting next_dagrun for example_dag_decorator to None, run_after=None
[2025-01-06T08:22:42.099+0000] {processor.py:208} INFO - Processing /home/airflow/.local/lib/python3.12/site-packages/airflow/example_dags/example_dag_decorator.py took 0.088 seconds
[2025-01-06T08:23:12.493+0000] {processor.py:186} INFO - Started process (PID=518) to work on /home/airflow/.local/lib/python3.12/site-packages/airflow/example_dags/example_dag_decorator.py
[2025-01-06T08:23:12.493+0000] {processor.py:914} INFO - Processing file /home/airflow/.local/lib/python3.12/site-packages/airflow/example_dags/example_dag_decorator.py for tasks to queue
[2025-01-06T08:23:12.495+0000] {logging_mixin.py:190} INFO - [2025-01-06T08:23:12.495+0000] {dagbag.py:588} INFO - Filling up the DagBag from /home/airflow/.local/lib/python3.12/site-packages/airflow/example_dags/example_dag_decorator.py
[2025-01-06T08:23:12.503+0000] {processor.py:925} INFO - DAG(s) 'example_dag_decorator' retrieved from /home/airflow/.local/lib/python3.12/site-packages/airflow/example_dags/example_dag_decorator.py
[2025-01-06T08:23:12.567+0000] {logging_mixin.py:190} INFO - [2025-01-06T08:23:12.567+0000] {dag.py:3239} INFO - Sync 1 DAGs
[2025-01-06T08:23:12.574+0000] {logging_mixin.py:190} INFO - [2025-01-06T08:23:12.573+0000] {dag.py:4180} INFO - Setting next_dagrun for example_dag_decorator to None, run_after=None
[2025-01-06T08:23:12.583+0000] {processor.py:208} INFO - Processing /home/airflow/.local/lib/python3.12/site-packages/airflow/example_dags/example_dag_decorator.py took 0.094 seconds
[2025-01-06T08:23:43.068+0000] {processor.py:186} INFO - Started process (PID=584) to work on /home/airflow/.local/lib/python3.12/site-packages/airflow/example_dags/example_dag_decorator.py
[2025-01-06T08:23:43.069+0000] {processor.py:914} INFO - Processing file /home/airflow/.local/lib/python3.12/site-packages/airflow/example_dags/example_dag_decorator.py for tasks to queue
[2025-01-06T08:23:43.070+0000] {logging_mixin.py:190} INFO - [2025-01-06T08:23:43.070+0000] {dagbag.py:588} INFO - Filling up the DagBag from /home/airflow/.local/lib/python3.12/site-packages/airflow/example_dags/example_dag_decorator.py
[2025-01-06T08:23:43.077+0000] {processor.py:925} INFO - DAG(s) 'example_dag_decorator' retrieved from /home/airflow/.local/lib/python3.12/site-packages/airflow/example_dags/example_dag_decorator.py
[2025-01-06T08:23:43.145+0000] {logging_mixin.py:190} INFO - [2025-01-06T08:23:43.145+0000] {dag.py:3239} INFO - Sync 1 DAGs
[2025-01-06T08:23:43.151+0000] {logging_mixin.py:190} INFO - [2025-01-06T08:23:43.151+0000] {dag.py:4180} INFO - Setting next_dagrun for example_dag_decorator to None, run_after=None
[2025-01-06T08:23:43.161+0000] {processor.py:208} INFO - Processing /home/airflow/.local/lib/python3.12/site-packages/airflow/example_dags/example_dag_decorator.py took 0.097 seconds
[2025-01-06T08:24:13.484+0000] {processor.py:186} INFO - Started process (PID=655) to work on /home/airflow/.local/lib/python3.12/site-packages/airflow/example_dags/example_dag_decorator.py
[2025-01-06T08:24:13.484+0000] {processor.py:914} INFO - Processing file /home/airflow/.local/lib/python3.12/site-packages/airflow/example_dags/example_dag_decorator.py for tasks to queue
[2025-01-06T08:24:13.485+0000] {logging_mixin.py:190} INFO - [2025-01-06T08:24:13.485+0000] {dagbag.py:588} INFO - Filling up the DagBag from /home/airflow/.local/lib/python3.12/site-packages/airflow/example_dags/example_dag_decorator.py
[2025-01-06T08:24:13.491+0000] {processor.py:925} INFO - DAG(s) 'example_dag_decorator' retrieved from /home/airflow/.local/lib/python3.12/site-packages/airflow/example_dags/example_dag_decorator.py
[2025-01-06T08:24:13.553+0000] {logging_mixin.py:190} INFO - [2025-01-06T08:24:13.553+0000] {dag.py:3239} INFO - Sync 1 DAGs
[2025-01-06T08:24:13.559+0000] {logging_mixin.py:190} INFO - [2025-01-06T08:24:13.559+0000] {dag.py:4180} INFO - Setting next_dagrun for example_dag_decorator to None, run_after=None
[2025-01-06T08:24:13.569+0000] {processor.py:208} INFO - Processing /home/airflow/.local/lib/python3.12/site-packages/airflow/example_dags/example_dag_decorator.py took 0.089 seconds
[2025-01-06T08:24:43.874+0000] {processor.py:186} INFO - Started process (PID=721) to work on /home/airflow/.local/lib/python3.12/site-packages/airflow/example_dags/example_dag_decorator.py
[2025-01-06T08:24:43.874+0000] {processor.py:914} INFO - Processing file /home/airflow/.local/lib/python3.12/site-packages/airflow/example_dags/example_dag_decorator.py for tasks to queue
[2025-01-06T08:24:43.876+0000] {logging_mixin.py:190} INFO - [2025-01-06T08:24:43.876+0000] {dagbag.py:588} INFO - Filling up the DagBag from /home/airflow/.local/lib/python3.12/site-packages/airflow/example_dags/example_dag_decorator.py
[2025-01-06T08:24:43.883+0000] {processor.py:925} INFO - DAG(s) 'example_dag_decorator' retrieved from /home/airflow/.local/lib/python3.12/site-packages/airflow/example_dags/example_dag_decorator.py
[2025-01-06T08:24:43.957+0000] {logging_mixin.py:190} INFO - [2025-01-06T08:24:43.957+0000] {dag.py:3239} INFO - Sync 1 DAGs
[2025-01-06T08:24:43.964+0000] {logging_mixin.py:190} INFO - [2025-01-06T08:24:43.963+0000] {dag.py:4180} INFO - Setting next_dagrun for example_dag_decorator to None, run_after=None
[2025-01-06T08:24:43.973+0000] {processor.py:208} INFO - Processing /home/airflow/.local/lib/python3.12/site-packages/airflow/example_dags/example_dag_decorator.py took 0.104 seconds
[2025-01-06T08:25:14.293+0000] {processor.py:186} INFO - Started process (PID=792) to work on /home/airflow/.local/lib/python3.12/site-packages/airflow/example_dags/example_dag_decorator.py
[2025-01-06T08:25:14.294+0000] {processor.py:914} INFO - Processing file /home/airflow/.local/lib/python3.12/site-packages/airflow/example_dags/example_dag_decorator.py for tasks to queue
[2025-01-06T08:25:14.295+0000] {logging_mixin.py:190} INFO - [2025-01-06T08:25:14.295+0000] {dagbag.py:588} INFO - Filling up the DagBag from /home/airflow/.local/lib/python3.12/site-packages/airflow/example_dags/example_dag_decorator.py
[2025-01-06T08:25:14.302+0000] {processor.py:925} INFO - DAG(s) 'example_dag_decorator' retrieved from /home/airflow/.local/lib/python3.12/site-packages/airflow/example_dags/example_dag_decorator.py
[2025-01-06T08:25:14.364+0000] {logging_mixin.py:190} INFO - [2025-01-06T08:25:14.364+0000] {dag.py:3239} INFO - Sync 1 DAGs
[2025-01-06T08:25:14.371+0000] {logging_mixin.py:190} INFO - [2025-01-06T08:25:14.371+0000] {dag.py:4180} INFO - Setting next_dagrun for example_dag_decorator to None, run_after=None
[2025-01-06T08:25:14.382+0000] {processor.py:208} INFO - Processing /home/airflow/.local/lib/python3.12/site-packages/airflow/example_dags/example_dag_decorator.py took 0.092 seconds
[2025-01-06T08:25:44.563+0000] {processor.py:186} INFO - Started process (PID=858) to work on /home/airflow/.local/lib/python3.12/site-packages/airflow/example_dags/example_dag_decorator.py
[2025-01-06T08:25:44.564+0000] {processor.py:914} INFO - Processing file /home/airflow/.local/lib/python3.12/site-packages/airflow/example_dags/example_dag_decorator.py for tasks to queue
[2025-01-06T08:25:44.565+0000] {logging_mixin.py:190} INFO - [2025-01-06T08:25:44.565+0000] {dagbag.py:588} INFO - Filling up the DagBag from /home/airflow/.local/lib/python3.12/site-packages/airflow/example_dags/example_dag_decorator.py
[2025-01-06T08:25:44.571+0000] {processor.py:925} INFO - DAG(s) 'example_dag_decorator' retrieved from /home/airflow/.local/lib/python3.12/site-packages/airflow/example_dags/example_dag_decorator.py
[2025-01-06T08:25:44.644+0000] {logging_mixin.py:190} INFO - [2025-01-06T08:25:44.644+0000] {dag.py:3239} INFO - Sync 1 DAGs
[2025-01-06T08:25:44.652+0000] {logging_mixin.py:190} INFO - [2025-01-06T08:25:44.652+0000] {dag.py:4180} INFO - Setting next_dagrun for example_dag_decorator to None, run_after=None
[2025-01-06T08:25:44.661+0000] {processor.py:208} INFO - Processing /home/airflow/.local/lib/python3.12/site-packages/airflow/example_dags/example_dag_decorator.py took 0.101 seconds
[2025-01-06T08:26:15.003+0000] {processor.py:186} INFO - Started process (PID=929) to work on /home/airflow/.local/lib/python3.12/site-packages/airflow/example_dags/example_dag_decorator.py
[2025-01-06T08:26:15.003+0000] {processor.py:914} INFO - Processing file /home/airflow/.local/lib/python3.12/site-packages/airflow/example_dags/example_dag_decorator.py for tasks to queue
[2025-01-06T08:26:15.005+0000] {logging_mixin.py:190} INFO - [2025-01-06T08:26:15.004+0000] {dagbag.py:588} INFO - Filling up the DagBag from /home/airflow/.local/lib/python3.12/site-packages/airflow/example_dags/example_dag_decorator.py
[2025-01-06T08:26:15.013+0000] {processor.py:925} INFO - DAG(s) 'example_dag_decorator' retrieved from /home/airflow/.local/lib/python3.12/site-packages/airflow/example_dags/example_dag_decorator.py
[2025-01-06T08:26:15.112+0000] {logging_mixin.py:190} INFO - [2025-01-06T08:26:15.112+0000] {dag.py:3239} INFO - Sync 1 DAGs
[2025-01-06T08:26:15.122+0000] {logging_mixin.py:190} INFO - [2025-01-06T08:26:15.121+0000] {dag.py:4180} INFO - Setting next_dagrun for example_dag_decorator to None, run_after=None
[2025-01-06T08:26:15.134+0000] {processor.py:208} INFO - Processing /home/airflow/.local/lib/python3.12/site-packages/airflow/example_dags/example_dag_decorator.py took 0.135 seconds
[2025-01-06T08:26:45.403+0000] {processor.py:186} INFO - Started process (PID=995) to work on /home/airflow/.local/lib/python3.12/site-packages/airflow/example_dags/example_dag_decorator.py
[2025-01-06T08:26:45.404+0000] {processor.py:914} INFO - Processing file /home/airflow/.local/lib/python3.12/site-packages/airflow/example_dags/example_dag_decorator.py for tasks to queue
[2025-01-06T08:26:45.405+0000] {logging_mixin.py:190} INFO - [2025-01-06T08:26:45.405+0000] {dagbag.py:588} INFO - Filling up the DagBag from /home/airflow/.local/lib/python3.12/site-packages/airflow/example_dags/example_dag_decorator.py
[2025-01-06T08:26:45.411+0000] {processor.py:925} INFO - DAG(s) 'example_dag_decorator' retrieved from /home/airflow/.local/lib/python3.12/site-packages/airflow/example_dags/example_dag_decorator.py
[2025-01-06T08:26:45.424+0000] {logging_mixin.py:190} INFO - [2025-01-06T08:26:45.424+0000] {dag.py:3239} INFO - Sync 1 DAGs
[2025-01-06T08:26:45.432+0000] {logging_mixin.py:190} INFO - [2025-01-06T08:26:45.431+0000] {dag.py:4180} INFO - Setting next_dagrun for example_dag_decorator to None, run_after=None
[2025-01-06T08:26:45.441+0000] {processor.py:208} INFO - Processing /home/airflow/.local/lib/python3.12/site-packages/airflow/example_dags/example_dag_decorator.py took 0.041 seconds
[2025-01-06T08:27:15.831+0000] {processor.py:186} INFO - Started process (PID=1066) to work on /home/airflow/.local/lib/python3.12/site-packages/airflow/example_dags/example_dag_decorator.py
[2025-01-06T08:27:15.831+0000] {processor.py:914} INFO - Processing file /home/airflow/.local/lib/python3.12/site-packages/airflow/example_dags/example_dag_decorator.py for tasks to queue
[2025-01-06T08:27:15.833+0000] {logging_mixin.py:190} INFO - [2025-01-06T08:27:15.832+0000] {dagbag.py:588} INFO - Filling up the DagBag from /home/airflow/.local/lib/python3.12/site-packages/airflow/example_dags/example_dag_decorator.py
[2025-01-06T08:27:15.840+0000] {processor.py:925} INFO - DAG(s) 'example_dag_decorator' retrieved from /home/airflow/.local/lib/python3.12/site-packages/airflow/example_dags/example_dag_decorator.py
[2025-01-06T08:27:15.866+0000] {logging_mixin.py:190} INFO - [2025-01-06T08:27:15.865+0000] {dag.py:3239} INFO - Sync 1 DAGs
[2025-01-06T08:27:15.873+0000] {logging_mixin.py:190} INFO - [2025-01-06T08:27:15.873+0000] {dag.py:4180} INFO - Setting next_dagrun for example_dag_decorator to None, run_after=None
[2025-01-06T08:27:15.883+0000] {processor.py:208} INFO - Processing /home/airflow/.local/lib/python3.12/site-packages/airflow/example_dags/example_dag_decorator.py took 0.055 seconds
[2025-01-06T08:27:46.243+0000] {processor.py:186} INFO - Started process (PID=1132) to work on /home/airflow/.local/lib/python3.12/site-packages/airflow/example_dags/example_dag_decorator.py
[2025-01-06T08:27:46.244+0000] {processor.py:914} INFO - Processing file /home/airflow/.local/lib/python3.12/site-packages/airflow/example_dags/example_dag_decorator.py for tasks to queue
[2025-01-06T08:27:46.245+0000] {logging_mixin.py:190} INFO - [2025-01-06T08:27:46.245+0000] {dagbag.py:588} INFO - Filling up the DagBag from /home/airflow/.local/lib/python3.12/site-packages/airflow/example_dags/example_dag_decorator.py
[2025-01-06T08:27:46.253+0000] {processor.py:925} INFO - DAG(s) 'example_dag_decorator' retrieved from /home/airflow/.local/lib/python3.12/site-packages/airflow/example_dags/example_dag_decorator.py
[2025-01-06T08:27:46.312+0000] {logging_mixin.py:190} INFO - [2025-01-06T08:27:46.312+0000] {dag.py:3239} INFO - Sync 1 DAGs
[2025-01-06T08:27:46.318+0000] {logging_mixin.py:190} INFO - [2025-01-06T08:27:46.318+0000] {dag.py:4180} INFO - Setting next_dagrun for example_dag_decorator to None, run_after=None
[2025-01-06T08:27:46.328+0000] {processor.py:208} INFO - Processing /home/airflow/.local/lib/python3.12/site-packages/airflow/example_dags/example_dag_decorator.py took 0.089 seconds
[2025-01-06T08:28:16.460+0000] {processor.py:186} INFO - Started process (PID=1203) to work on /home/airflow/.local/lib/python3.12/site-packages/airflow/example_dags/example_dag_decorator.py
[2025-01-06T08:28:16.461+0000] {processor.py:914} INFO - Processing file /home/airflow/.local/lib/python3.12/site-packages/airflow/example_dags/example_dag_decorator.py for tasks to queue
[2025-01-06T08:28:16.462+0000] {logging_mixin.py:190} INFO - [2025-01-06T08:28:16.462+0000] {dagbag.py:588} INFO - Filling up the DagBag from /home/airflow/.local/lib/python3.12/site-packages/airflow/example_dags/example_dag_decorator.py
[2025-01-06T08:28:16.469+0000] {processor.py:925} INFO - DAG(s) 'example_dag_decorator' retrieved from /home/airflow/.local/lib/python3.12/site-packages/airflow/example_dags/example_dag_decorator.py
[2025-01-06T08:28:16.485+0000] {logging_mixin.py:190} INFO - [2025-01-06T08:28:16.484+0000] {dag.py:3239} INFO - Sync 1 DAGs
[2025-01-06T08:28:16.495+0000] {logging_mixin.py:190} INFO - [2025-01-06T08:28:16.495+0000] {dag.py:4180} INFO - Setting next_dagrun for example_dag_decorator to None, run_after=None
[2025-01-06T08:28:16.510+0000] {processor.py:208} INFO - Processing /home/airflow/.local/lib/python3.12/site-packages/airflow/example_dags/example_dag_decorator.py took 0.053 seconds
[2025-01-06T08:28:47.091+0000] {processor.py:186} INFO - Started process (PID=1269) to work on /home/airflow/.local/lib/python3.12/site-packages/airflow/example_dags/example_dag_decorator.py
[2025-01-06T08:28:47.091+0000] {processor.py:914} INFO - Processing file /home/airflow/.local/lib/python3.12/site-packages/airflow/example_dags/example_dag_decorator.py for tasks to queue
[2025-01-06T08:28:47.093+0000] {logging_mixin.py:190} INFO - [2025-01-06T08:28:47.092+0000] {dagbag.py:588} INFO - Filling up the DagBag from /home/airflow/.local/lib/python3.12/site-packages/airflow/example_dags/example_dag_decorator.py
[2025-01-06T08:28:47.100+0000] {processor.py:925} INFO - DAG(s) 'example_dag_decorator' retrieved from /home/airflow/.local/lib/python3.12/site-packages/airflow/example_dags/example_dag_decorator.py
[2025-01-06T08:28:47.115+0000] {logging_mixin.py:190} INFO - [2025-01-06T08:28:47.115+0000] {dag.py:3239} INFO - Sync 1 DAGs
[2025-01-06T08:28:47.126+0000] {logging_mixin.py:190} INFO - [2025-01-06T08:28:47.126+0000] {dag.py:4180} INFO - Setting next_dagrun for example_dag_decorator to None, run_after=None
[2025-01-06T08:28:47.139+0000] {processor.py:208} INFO - Processing /home/airflow/.local/lib/python3.12/site-packages/airflow/example_dags/example_dag_decorator.py took 0.051 seconds
[2025-01-06T08:29:17.545+0000] {processor.py:186} INFO - Started process (PID=1339) to work on /home/airflow/.local/lib/python3.12/site-packages/airflow/example_dags/example_dag_decorator.py
[2025-01-06T08:29:17.545+0000] {processor.py:914} INFO - Processing file /home/airflow/.local/lib/python3.12/site-packages/airflow/example_dags/example_dag_decorator.py for tasks to queue
[2025-01-06T08:29:17.546+0000] {logging_mixin.py:190} INFO - [2025-01-06T08:29:17.546+0000] {dagbag.py:588} INFO - Filling up the DagBag from /home/airflow/.local/lib/python3.12/site-packages/airflow/example_dags/example_dag_decorator.py
[2025-01-06T08:29:17.552+0000] {processor.py:925} INFO - DAG(s) 'example_dag_decorator' retrieved from /home/airflow/.local/lib/python3.12/site-packages/airflow/example_dags/example_dag_decorator.py
[2025-01-06T08:29:17.621+0000] {logging_mixin.py:190} INFO - [2025-01-06T08:29:17.620+0000] {dag.py:3239} INFO - Sync 1 DAGs
[2025-01-06T08:29:17.627+0000] {logging_mixin.py:190} INFO - [2025-01-06T08:29:17.627+0000] {dag.py:4180} INFO - Setting next_dagrun for example_dag_decorator to None, run_after=None
[2025-01-06T08:29:17.636+0000] {processor.py:208} INFO - Processing /home/airflow/.local/lib/python3.12/site-packages/airflow/example_dags/example_dag_decorator.py took 0.095 seconds
[2025-01-06T08:29:47.882+0000] {processor.py:186} INFO - Started process (PID=1405) to work on /home/airflow/.local/lib/python3.12/site-packages/airflow/example_dags/example_dag_decorator.py
[2025-01-06T08:29:47.882+0000] {processor.py:914} INFO - Processing file /home/airflow/.local/lib/python3.12/site-packages/airflow/example_dags/example_dag_decorator.py for tasks to queue
[2025-01-06T08:29:47.884+0000] {logging_mixin.py:190} INFO - [2025-01-06T08:29:47.883+0000] {dagbag.py:588} INFO - Filling up the DagBag from /home/airflow/.local/lib/python3.12/site-packages/airflow/example_dags/example_dag_decorator.py
[2025-01-06T08:29:47.890+0000] {processor.py:925} INFO - DAG(s) 'example_dag_decorator' retrieved from /home/airflow/.local/lib/python3.12/site-packages/airflow/example_dags/example_dag_decorator.py
[2025-01-06T08:29:47.952+0000] {logging_mixin.py:190} INFO - [2025-01-06T08:29:47.952+0000] {dag.py:3239} INFO - Sync 1 DAGs
[2025-01-06T08:29:47.958+0000] {logging_mixin.py:190} INFO - [2025-01-06T08:29:47.958+0000] {dag.py:4180} INFO - Setting next_dagrun for example_dag_decorator to None, run_after=None
[2025-01-06T08:29:47.970+0000] {processor.py:208} INFO - Processing /home/airflow/.local/lib/python3.12/site-packages/airflow/example_dags/example_dag_decorator.py took 0.091 seconds
[2025-01-06T08:30:18.405+0000] {processor.py:186} INFO - Started process (PID=1481) to work on /home/airflow/.local/lib/python3.12/site-packages/airflow/example_dags/example_dag_decorator.py
[2025-01-06T08:30:18.406+0000] {processor.py:914} INFO - Processing file /home/airflow/.local/lib/python3.12/site-packages/airflow/example_dags/example_dag_decorator.py for tasks to queue
[2025-01-06T08:30:18.407+0000] {logging_mixin.py:190} INFO - [2025-01-06T08:30:18.407+0000] {dagbag.py:588} INFO - Filling up the DagBag from /home/airflow/.local/lib/python3.12/site-packages/airflow/example_dags/example_dag_decorator.py
[2025-01-06T08:30:18.417+0000] {processor.py:925} INFO - DAG(s) 'example_dag_decorator' retrieved from /home/airflow/.local/lib/python3.12/site-packages/airflow/example_dags/example_dag_decorator.py
[2025-01-06T08:30:18.493+0000] {logging_mixin.py:190} INFO - [2025-01-06T08:30:18.493+0000] {dag.py:3239} INFO - Sync 1 DAGs
[2025-01-06T08:30:18.503+0000] {logging_mixin.py:190} INFO - [2025-01-06T08:30:18.503+0000] {dag.py:4180} INFO - Setting next_dagrun for example_dag_decorator to None, run_after=None
[2025-01-06T08:30:18.515+0000] {processor.py:208} INFO - Processing /home/airflow/.local/lib/python3.12/site-packages/airflow/example_dags/example_dag_decorator.py took 0.115 seconds
[2025-01-06T08:30:48.751+0000] {processor.py:186} INFO - Started process (PID=1547) to work on /home/airflow/.local/lib/python3.12/site-packages/airflow/example_dags/example_dag_decorator.py
[2025-01-06T08:30:48.751+0000] {processor.py:914} INFO - Processing file /home/airflow/.local/lib/python3.12/site-packages/airflow/example_dags/example_dag_decorator.py for tasks to queue
[2025-01-06T08:30:48.752+0000] {logging_mixin.py:190} INFO - [2025-01-06T08:30:48.752+0000] {dagbag.py:588} INFO - Filling up the DagBag from /home/airflow/.local/lib/python3.12/site-packages/airflow/example_dags/example_dag_decorator.py
[2025-01-06T08:30:48.758+0000] {processor.py:925} INFO - DAG(s) 'example_dag_decorator' retrieved from /home/airflow/.local/lib/python3.12/site-packages/airflow/example_dags/example_dag_decorator.py
[2025-01-06T08:30:48.825+0000] {logging_mixin.py:190} INFO - [2025-01-06T08:30:48.825+0000] {dag.py:3239} INFO - Sync 1 DAGs
[2025-01-06T08:30:48.832+0000] {logging_mixin.py:190} INFO - [2025-01-06T08:30:48.831+0000] {dag.py:4180} INFO - Setting next_dagrun for example_dag_decorator to None, run_after=None
[2025-01-06T08:30:48.841+0000] {processor.py:208} INFO - Processing /home/airflow/.local/lib/python3.12/site-packages/airflow/example_dags/example_dag_decorator.py took 0.093 seconds
[2025-01-06T08:31:19.204+0000] {processor.py:186} INFO - Started process (PID=1618) to work on /home/airflow/.local/lib/python3.12/site-packages/airflow/example_dags/example_dag_decorator.py
[2025-01-06T08:31:19.204+0000] {processor.py:914} INFO - Processing file /home/airflow/.local/lib/python3.12/site-packages/airflow/example_dags/example_dag_decorator.py for tasks to queue
[2025-01-06T08:31:19.205+0000] {logging_mixin.py:190} INFO - [2025-01-06T08:31:19.205+0000] {dagbag.py:588} INFO - Filling up the DagBag from /home/airflow/.local/lib/python3.12/site-packages/airflow/example_dags/example_dag_decorator.py
[2025-01-06T08:31:19.212+0000] {processor.py:925} INFO - DAG(s) 'example_dag_decorator' retrieved from /home/airflow/.local/lib/python3.12/site-packages/airflow/example_dags/example_dag_decorator.py
[2025-01-06T08:31:19.276+0000] {logging_mixin.py:190} INFO - [2025-01-06T08:31:19.276+0000] {dag.py:3239} INFO - Sync 1 DAGs
[2025-01-06T08:31:19.282+0000] {logging_mixin.py:190} INFO - [2025-01-06T08:31:19.282+0000] {dag.py:4180} INFO - Setting next_dagrun for example_dag_decorator to None, run_after=None
[2025-01-06T08:31:19.292+0000] {processor.py:208} INFO - Processing /home/airflow/.local/lib/python3.12/site-packages/airflow/example_dags/example_dag_decorator.py took 0.091 seconds
[2025-01-06T08:31:49.675+0000] {processor.py:186} INFO - Started process (PID=1684) to work on /home/airflow/.local/lib/python3.12/site-packages/airflow/example_dags/example_dag_decorator.py
[2025-01-06T08:31:49.676+0000] {processor.py:914} INFO - Processing file /home/airflow/.local/lib/python3.12/site-packages/airflow/example_dags/example_dag_decorator.py for tasks to queue
[2025-01-06T08:31:49.677+0000] {logging_mixin.py:190} INFO - [2025-01-06T08:31:49.677+0000] {dagbag.py:588} INFO - Filling up the DagBag from /home/airflow/.local/lib/python3.12/site-packages/airflow/example_dags/example_dag_decorator.py
[2025-01-06T08:31:49.684+0000] {processor.py:925} INFO - DAG(s) 'example_dag_decorator' retrieved from /home/airflow/.local/lib/python3.12/site-packages/airflow/example_dags/example_dag_decorator.py
[2025-01-06T08:31:49.753+0000] {logging_mixin.py:190} INFO - [2025-01-06T08:31:49.753+0000] {dag.py:3239} INFO - Sync 1 DAGs
[2025-01-06T08:31:49.759+0000] {logging_mixin.py:190} INFO - [2025-01-06T08:31:49.759+0000] {dag.py:4180} INFO - Setting next_dagrun for example_dag_decorator to None, run_after=None
[2025-01-06T08:31:49.769+0000] {processor.py:208} INFO - Processing /home/airflow/.local/lib/python3.12/site-packages/airflow/example_dags/example_dag_decorator.py took 0.097 seconds
[2025-01-06T08:32:20.256+0000] {processor.py:186} INFO - Started process (PID=1755) to work on /home/airflow/.local/lib/python3.12/site-packages/airflow/example_dags/example_dag_decorator.py
[2025-01-06T08:32:20.256+0000] {processor.py:914} INFO - Processing file /home/airflow/.local/lib/python3.12/site-packages/airflow/example_dags/example_dag_decorator.py for tasks to queue
[2025-01-06T08:32:20.258+0000] {logging_mixin.py:190} INFO - [2025-01-06T08:32:20.258+0000] {dagbag.py:588} INFO - Filling up the DagBag from /home/airflow/.local/lib/python3.12/site-packages/airflow/example_dags/example_dag_decorator.py
[2025-01-06T08:32:20.269+0000] {processor.py:925} INFO - DAG(s) 'example_dag_decorator' retrieved from /home/airflow/.local/lib/python3.12/site-packages/airflow/example_dags/example_dag_decorator.py
[2025-01-06T08:32:20.357+0000] {logging_mixin.py:190} INFO - [2025-01-06T08:32:20.357+0000] {dag.py:3239} INFO - Sync 1 DAGs
[2025-01-06T08:32:20.363+0000] {logging_mixin.py:190} INFO - [2025-01-06T08:32:20.363+0000] {dag.py:4180} INFO - Setting next_dagrun for example_dag_decorator to None, run_after=None
[2025-01-06T08:32:20.374+0000] {processor.py:208} INFO - Processing /home/airflow/.local/lib/python3.12/site-packages/airflow/example_dags/example_dag_decorator.py took 0.124 seconds
[2025-01-06T08:32:50.675+0000] {processor.py:186} INFO - Started process (PID=1821) to work on /home/airflow/.local/lib/python3.12/site-packages/airflow/example_dags/example_dag_decorator.py
[2025-01-06T08:32:50.676+0000] {processor.py:914} INFO - Processing file /home/airflow/.local/lib/python3.12/site-packages/airflow/example_dags/example_dag_decorator.py for tasks to queue
[2025-01-06T08:32:50.677+0000] {logging_mixin.py:190} INFO - [2025-01-06T08:32:50.676+0000] {dagbag.py:588} INFO - Filling up the DagBag from /home/airflow/.local/lib/python3.12/site-packages/airflow/example_dags/example_dag_decorator.py
[2025-01-06T08:32:50.683+0000] {processor.py:925} INFO - DAG(s) 'example_dag_decorator' retrieved from /home/airflow/.local/lib/python3.12/site-packages/airflow/example_dags/example_dag_decorator.py
[2025-01-06T08:32:50.754+0000] {logging_mixin.py:190} INFO - [2025-01-06T08:32:50.753+0000] {dag.py:3239} INFO - Sync 1 DAGs
[2025-01-06T08:32:50.761+0000] {logging_mixin.py:190} INFO - [2025-01-06T08:32:50.761+0000] {dag.py:4180} INFO - Setting next_dagrun for example_dag_decorator to None, run_after=None
[2025-01-06T08:32:50.771+0000] {processor.py:208} INFO - Processing /home/airflow/.local/lib/python3.12/site-packages/airflow/example_dags/example_dag_decorator.py took 0.100 seconds
[2025-01-06T08:33:21.084+0000] {processor.py:186} INFO - Started process (PID=1892) to work on /home/airflow/.local/lib/python3.12/site-packages/airflow/example_dags/example_dag_decorator.py
[2025-01-06T08:33:21.085+0000] {processor.py:914} INFO - Processing file /home/airflow/.local/lib/python3.12/site-packages/airflow/example_dags/example_dag_decorator.py for tasks to queue
[2025-01-06T08:33:21.086+0000] {logging_mixin.py:190} INFO - [2025-01-06T08:33:21.086+0000] {dagbag.py:588} INFO - Filling up the DagBag from /home/airflow/.local/lib/python3.12/site-packages/airflow/example_dags/example_dag_decorator.py
[2025-01-06T08:33:21.092+0000] {processor.py:925} INFO - DAG(s) 'example_dag_decorator' retrieved from /home/airflow/.local/lib/python3.12/site-packages/airflow/example_dags/example_dag_decorator.py
[2025-01-06T08:33:21.160+0000] {logging_mixin.py:190} INFO - [2025-01-06T08:33:21.160+0000] {dag.py:3239} INFO - Sync 1 DAGs
[2025-01-06T08:33:21.167+0000] {logging_mixin.py:190} INFO - [2025-01-06T08:33:21.167+0000] {dag.py:4180} INFO - Setting next_dagrun for example_dag_decorator to None, run_after=None
[2025-01-06T08:33:21.178+0000] {processor.py:208} INFO - Processing /home/airflow/.local/lib/python3.12/site-packages/airflow/example_dags/example_dag_decorator.py took 0.096 seconds
