[2025-01-06T08:20:08.374+0000] {processor.py:186} INFO - Started process (PID=59) to work on /home/airflow/.local/lib/python3.12/site-packages/airflow/example_dags/example_task_group.py
[2025-01-06T08:20:08.375+0000] {processor.py:914} INFO - Processing file /home/airflow/.local/lib/python3.12/site-packages/airflow/example_dags/example_task_group.py for tasks to queue
[2025-01-06T08:20:08.376+0000] {logging_mixin.py:190} INFO - [2025-01-06T08:20:08.376+0000] {dagbag.py:588} INFO - Filling up the DagBag from /home/airflow/.local/lib/python3.12/site-packages/airflow/example_dags/example_task_group.py
[2025-01-06T08:20:08.382+0000] {processor.py:925} INFO - DAG(s) 'example_task_group' retrieved from /home/airflow/.local/lib/python3.12/site-packages/airflow/example_dags/example_task_group.py
[2025-01-06T08:20:08.401+0000] {logging_mixin.py:190} INFO - [2025-01-06T08:20:08.401+0000] {dag.py:3239} INFO - Sync 1 DAGs
[2025-01-06T08:20:08.415+0000] {logging_mixin.py:190} INFO - [2025-01-06T08:20:08.414+0000] {dag.py:4180} INFO - Setting next_dagrun for example_task_group to None, run_after=None
[2025-01-06T08:20:08.427+0000] {processor.py:208} INFO - Processing /home/airflow/.local/lib/python3.12/site-packages/airflow/example_dags/example_task_group.py took 0.058 seconds
[2025-01-06T08:20:39.313+0000] {processor.py:186} INFO - Started process (PID=147) to work on /home/airflow/.local/lib/python3.12/site-packages/airflow/example_dags/example_task_group.py
[2025-01-06T08:20:39.314+0000] {processor.py:914} INFO - Processing file /home/airflow/.local/lib/python3.12/site-packages/airflow/example_dags/example_task_group.py for tasks to queue
[2025-01-06T08:20:39.315+0000] {logging_mixin.py:190} INFO - [2025-01-06T08:20:39.314+0000] {dagbag.py:588} INFO - Filling up the DagBag from /home/airflow/.local/lib/python3.12/site-packages/airflow/example_dags/example_task_group.py
[2025-01-06T08:20:39.319+0000] {processor.py:925} INFO - DAG(s) 'example_task_group' retrieved from /home/airflow/.local/lib/python3.12/site-packages/airflow/example_dags/example_task_group.py
[2025-01-06T08:20:39.331+0000] {logging_mixin.py:190} INFO - [2025-01-06T08:20:39.331+0000] {dag.py:3239} INFO - Sync 1 DAGs
[2025-01-06T08:20:39.338+0000] {logging_mixin.py:190} INFO - [2025-01-06T08:20:39.338+0000] {dag.py:4180} INFO - Setting next_dagrun for example_task_group to None, run_after=None
[2025-01-06T08:20:39.348+0000] {processor.py:208} INFO - Processing /home/airflow/.local/lib/python3.12/site-packages/airflow/example_dags/example_task_group.py took 0.038 seconds
[2025-01-06T08:21:09.721+0000] {processor.py:186} INFO - Started process (PID=218) to work on /home/airflow/.local/lib/python3.12/site-packages/airflow/example_dags/example_task_group.py
[2025-01-06T08:21:09.721+0000] {processor.py:914} INFO - Processing file /home/airflow/.local/lib/python3.12/site-packages/airflow/example_dags/example_task_group.py for tasks to queue
[2025-01-06T08:21:09.722+0000] {logging_mixin.py:190} INFO - [2025-01-06T08:21:09.722+0000] {dagbag.py:588} INFO - Filling up the DagBag from /home/airflow/.local/lib/python3.12/site-packages/airflow/example_dags/example_task_group.py
[2025-01-06T08:21:09.727+0000] {processor.py:925} INFO - DAG(s) 'example_task_group' retrieved from /home/airflow/.local/lib/python3.12/site-packages/airflow/example_dags/example_task_group.py
[2025-01-06T08:21:09.740+0000] {logging_mixin.py:190} INFO - [2025-01-06T08:21:09.740+0000] {dag.py:3239} INFO - Sync 1 DAGs
[2025-01-06T08:21:09.751+0000] {logging_mixin.py:190} INFO - [2025-01-06T08:21:09.751+0000] {dag.py:4180} INFO - Setting next_dagrun for example_task_group to None, run_after=None
[2025-01-06T08:21:09.764+0000] {processor.py:208} INFO - Processing /home/airflow/.local/lib/python3.12/site-packages/airflow/example_dags/example_task_group.py took 0.047 seconds
[2025-01-06T08:21:40.094+0000] {processor.py:186} INFO - Started process (PID=284) to work on /home/airflow/.local/lib/python3.12/site-packages/airflow/example_dags/example_task_group.py
[2025-01-06T08:21:40.094+0000] {processor.py:914} INFO - Processing file /home/airflow/.local/lib/python3.12/site-packages/airflow/example_dags/example_task_group.py for tasks to queue
[2025-01-06T08:21:40.095+0000] {logging_mixin.py:190} INFO - [2025-01-06T08:21:40.095+0000] {dagbag.py:588} INFO - Filling up the DagBag from /home/airflow/.local/lib/python3.12/site-packages/airflow/example_dags/example_task_group.py
[2025-01-06T08:21:40.100+0000] {processor.py:925} INFO - DAG(s) 'example_task_group' retrieved from /home/airflow/.local/lib/python3.12/site-packages/airflow/example_dags/example_task_group.py
[2025-01-06T08:21:40.112+0000] {logging_mixin.py:190} INFO - [2025-01-06T08:21:40.112+0000] {dag.py:3239} INFO - Sync 1 DAGs
[2025-01-06T08:21:40.119+0000] {logging_mixin.py:190} INFO - [2025-01-06T08:21:40.119+0000] {dag.py:4180} INFO - Setting next_dagrun for example_task_group to None, run_after=None
[2025-01-06T08:21:40.128+0000] {processor.py:208} INFO - Processing /home/airflow/.local/lib/python3.12/site-packages/airflow/example_dags/example_task_group.py took 0.038 seconds
[2025-01-06T08:22:10.566+0000] {processor.py:186} INFO - Started process (PID=355) to work on /home/airflow/.local/lib/python3.12/site-packages/airflow/example_dags/example_task_group.py
[2025-01-06T08:22:10.567+0000] {processor.py:914} INFO - Processing file /home/airflow/.local/lib/python3.12/site-packages/airflow/example_dags/example_task_group.py for tasks to queue
[2025-01-06T08:22:10.568+0000] {logging_mixin.py:190} INFO - [2025-01-06T08:22:10.568+0000] {dagbag.py:588} INFO - Filling up the DagBag from /home/airflow/.local/lib/python3.12/site-packages/airflow/example_dags/example_task_group.py
[2025-01-06T08:22:10.573+0000] {processor.py:925} INFO - DAG(s) 'example_task_group' retrieved from /home/airflow/.local/lib/python3.12/site-packages/airflow/example_dags/example_task_group.py
[2025-01-06T08:22:10.587+0000] {logging_mixin.py:190} INFO - [2025-01-06T08:22:10.586+0000] {dag.py:3239} INFO - Sync 1 DAGs
[2025-01-06T08:22:10.595+0000] {logging_mixin.py:190} INFO - [2025-01-06T08:22:10.595+0000] {dag.py:4180} INFO - Setting next_dagrun for example_task_group to None, run_after=None
[2025-01-06T08:22:10.605+0000] {processor.py:208} INFO - Processing /home/airflow/.local/lib/python3.12/site-packages/airflow/example_dags/example_task_group.py took 0.042 seconds
[2025-01-06T08:22:41.014+0000] {processor.py:186} INFO - Started process (PID=421) to work on /home/airflow/.local/lib/python3.12/site-packages/airflow/example_dags/example_task_group.py
[2025-01-06T08:22:41.014+0000] {processor.py:914} INFO - Processing file /home/airflow/.local/lib/python3.12/site-packages/airflow/example_dags/example_task_group.py for tasks to queue
[2025-01-06T08:22:41.016+0000] {logging_mixin.py:190} INFO - [2025-01-06T08:22:41.016+0000] {dagbag.py:588} INFO - Filling up the DagBag from /home/airflow/.local/lib/python3.12/site-packages/airflow/example_dags/example_task_group.py
[2025-01-06T08:22:41.022+0000] {processor.py:925} INFO - DAG(s) 'example_task_group' retrieved from /home/airflow/.local/lib/python3.12/site-packages/airflow/example_dags/example_task_group.py
[2025-01-06T08:22:41.034+0000] {logging_mixin.py:190} INFO - [2025-01-06T08:22:41.033+0000] {dag.py:3239} INFO - Sync 1 DAGs
[2025-01-06T08:22:41.041+0000] {logging_mixin.py:190} INFO - [2025-01-06T08:22:41.041+0000] {dag.py:4180} INFO - Setting next_dagrun for example_task_group to None, run_after=None
[2025-01-06T08:22:41.051+0000] {processor.py:208} INFO - Processing /home/airflow/.local/lib/python3.12/site-packages/airflow/example_dags/example_task_group.py took 0.041 seconds
[2025-01-06T08:23:11.385+0000] {processor.py:186} INFO - Started process (PID=492) to work on /home/airflow/.local/lib/python3.12/site-packages/airflow/example_dags/example_task_group.py
[2025-01-06T08:23:11.386+0000] {processor.py:914} INFO - Processing file /home/airflow/.local/lib/python3.12/site-packages/airflow/example_dags/example_task_group.py for tasks to queue
[2025-01-06T08:23:11.387+0000] {logging_mixin.py:190} INFO - [2025-01-06T08:23:11.387+0000] {dagbag.py:588} INFO - Filling up the DagBag from /home/airflow/.local/lib/python3.12/site-packages/airflow/example_dags/example_task_group.py
[2025-01-06T08:23:11.393+0000] {processor.py:925} INFO - DAG(s) 'example_task_group' retrieved from /home/airflow/.local/lib/python3.12/site-packages/airflow/example_dags/example_task_group.py
[2025-01-06T08:23:11.411+0000] {logging_mixin.py:190} INFO - [2025-01-06T08:23:11.410+0000] {dag.py:3239} INFO - Sync 1 DAGs
[2025-01-06T08:23:11.430+0000] {logging_mixin.py:190} INFO - [2025-01-06T08:23:11.429+0000] {dag.py:4180} INFO - Setting next_dagrun for example_task_group to None, run_after=None
[2025-01-06T08:23:11.449+0000] {processor.py:208} INFO - Processing /home/airflow/.local/lib/python3.12/site-packages/airflow/example_dags/example_task_group.py took 0.067 seconds
[2025-01-06T08:23:42.065+0000] {processor.py:186} INFO - Started process (PID=558) to work on /home/airflow/.local/lib/python3.12/site-packages/airflow/example_dags/example_task_group.py
[2025-01-06T08:23:42.065+0000] {processor.py:914} INFO - Processing file /home/airflow/.local/lib/python3.12/site-packages/airflow/example_dags/example_task_group.py for tasks to queue
[2025-01-06T08:23:42.067+0000] {logging_mixin.py:190} INFO - [2025-01-06T08:23:42.066+0000] {dagbag.py:588} INFO - Filling up the DagBag from /home/airflow/.local/lib/python3.12/site-packages/airflow/example_dags/example_task_group.py
[2025-01-06T08:23:42.071+0000] {processor.py:925} INFO - DAG(s) 'example_task_group' retrieved from /home/airflow/.local/lib/python3.12/site-packages/airflow/example_dags/example_task_group.py
[2025-01-06T08:23:42.083+0000] {logging_mixin.py:190} INFO - [2025-01-06T08:23:42.083+0000] {dag.py:3239} INFO - Sync 1 DAGs
[2025-01-06T08:23:42.091+0000] {logging_mixin.py:190} INFO - [2025-01-06T08:23:42.091+0000] {dag.py:4180} INFO - Setting next_dagrun for example_task_group to None, run_after=None
[2025-01-06T08:23:42.101+0000] {processor.py:208} INFO - Processing /home/airflow/.local/lib/python3.12/site-packages/airflow/example_dags/example_task_group.py took 0.039 seconds
[2025-01-06T08:24:12.576+0000] {processor.py:186} INFO - Started process (PID=629) to work on /home/airflow/.local/lib/python3.12/site-packages/airflow/example_dags/example_task_group.py
[2025-01-06T08:24:12.576+0000] {processor.py:914} INFO - Processing file /home/airflow/.local/lib/python3.12/site-packages/airflow/example_dags/example_task_group.py for tasks to queue
[2025-01-06T08:24:12.577+0000] {logging_mixin.py:190} INFO - [2025-01-06T08:24:12.577+0000] {dagbag.py:588} INFO - Filling up the DagBag from /home/airflow/.local/lib/python3.12/site-packages/airflow/example_dags/example_task_group.py
[2025-01-06T08:24:12.582+0000] {processor.py:925} INFO - DAG(s) 'example_task_group' retrieved from /home/airflow/.local/lib/python3.12/site-packages/airflow/example_dags/example_task_group.py
[2025-01-06T08:24:12.595+0000] {logging_mixin.py:190} INFO - [2025-01-06T08:24:12.595+0000] {dag.py:3239} INFO - Sync 1 DAGs
[2025-01-06T08:24:12.603+0000] {logging_mixin.py:190} INFO - [2025-01-06T08:24:12.603+0000] {dag.py:4180} INFO - Setting next_dagrun for example_task_group to None, run_after=None
[2025-01-06T08:24:12.614+0000] {processor.py:208} INFO - Processing /home/airflow/.local/lib/python3.12/site-packages/airflow/example_dags/example_task_group.py took 0.041 seconds
[2025-01-06T08:24:42.812+0000] {processor.py:186} INFO - Started process (PID=695) to work on /home/airflow/.local/lib/python3.12/site-packages/airflow/example_dags/example_task_group.py
[2025-01-06T08:24:42.812+0000] {processor.py:914} INFO - Processing file /home/airflow/.local/lib/python3.12/site-packages/airflow/example_dags/example_task_group.py for tasks to queue
[2025-01-06T08:24:42.814+0000] {logging_mixin.py:190} INFO - [2025-01-06T08:24:42.813+0000] {dagbag.py:588} INFO - Filling up the DagBag from /home/airflow/.local/lib/python3.12/site-packages/airflow/example_dags/example_task_group.py
[2025-01-06T08:24:42.819+0000] {processor.py:925} INFO - DAG(s) 'example_task_group' retrieved from /home/airflow/.local/lib/python3.12/site-packages/airflow/example_dags/example_task_group.py
[2025-01-06T08:24:42.830+0000] {logging_mixin.py:190} INFO - [2025-01-06T08:24:42.830+0000] {dag.py:3239} INFO - Sync 1 DAGs
[2025-01-06T08:24:42.838+0000] {logging_mixin.py:190} INFO - [2025-01-06T08:24:42.837+0000] {dag.py:4180} INFO - Setting next_dagrun for example_task_group to None, run_after=None
[2025-01-06T08:24:42.846+0000] {processor.py:208} INFO - Processing /home/airflow/.local/lib/python3.12/site-packages/airflow/example_dags/example_task_group.py took 0.038 seconds
[2025-01-06T08:25:13.236+0000] {processor.py:186} INFO - Started process (PID=766) to work on /home/airflow/.local/lib/python3.12/site-packages/airflow/example_dags/example_task_group.py
[2025-01-06T08:25:13.236+0000] {processor.py:914} INFO - Processing file /home/airflow/.local/lib/python3.12/site-packages/airflow/example_dags/example_task_group.py for tasks to queue
[2025-01-06T08:25:13.237+0000] {logging_mixin.py:190} INFO - [2025-01-06T08:25:13.237+0000] {dagbag.py:588} INFO - Filling up the DagBag from /home/airflow/.local/lib/python3.12/site-packages/airflow/example_dags/example_task_group.py
[2025-01-06T08:25:13.242+0000] {processor.py:925} INFO - DAG(s) 'example_task_group' retrieved from /home/airflow/.local/lib/python3.12/site-packages/airflow/example_dags/example_task_group.py
[2025-01-06T08:25:13.256+0000] {logging_mixin.py:190} INFO - [2025-01-06T08:25:13.256+0000] {dag.py:3239} INFO - Sync 1 DAGs
[2025-01-06T08:25:13.264+0000] {logging_mixin.py:190} INFO - [2025-01-06T08:25:13.264+0000] {dag.py:4180} INFO - Setting next_dagrun for example_task_group to None, run_after=None
[2025-01-06T08:25:13.274+0000] {processor.py:208} INFO - Processing /home/airflow/.local/lib/python3.12/site-packages/airflow/example_dags/example_task_group.py took 0.042 seconds
[2025-01-06T08:25:43.632+0000] {processor.py:186} INFO - Started process (PID=832) to work on /home/airflow/.local/lib/python3.12/site-packages/airflow/example_dags/example_task_group.py
[2025-01-06T08:25:43.633+0000] {processor.py:914} INFO - Processing file /home/airflow/.local/lib/python3.12/site-packages/airflow/example_dags/example_task_group.py for tasks to queue
[2025-01-06T08:25:43.634+0000] {logging_mixin.py:190} INFO - [2025-01-06T08:25:43.634+0000] {dagbag.py:588} INFO - Filling up the DagBag from /home/airflow/.local/lib/python3.12/site-packages/airflow/example_dags/example_task_group.py
[2025-01-06T08:25:43.639+0000] {processor.py:925} INFO - DAG(s) 'example_task_group' retrieved from /home/airflow/.local/lib/python3.12/site-packages/airflow/example_dags/example_task_group.py
[2025-01-06T08:25:43.652+0000] {logging_mixin.py:190} INFO - [2025-01-06T08:25:43.652+0000] {dag.py:3239} INFO - Sync 1 DAGs
[2025-01-06T08:25:43.660+0000] {logging_mixin.py:190} INFO - [2025-01-06T08:25:43.660+0000] {dag.py:4180} INFO - Setting next_dagrun for example_task_group to None, run_after=None
[2025-01-06T08:25:43.670+0000] {processor.py:208} INFO - Processing /home/airflow/.local/lib/python3.12/site-packages/airflow/example_dags/example_task_group.py took 0.041 seconds
[2025-01-06T08:26:14.004+0000] {processor.py:186} INFO - Started process (PID=903) to work on /home/airflow/.local/lib/python3.12/site-packages/airflow/example_dags/example_task_group.py
[2025-01-06T08:26:14.005+0000] {processor.py:914} INFO - Processing file /home/airflow/.local/lib/python3.12/site-packages/airflow/example_dags/example_task_group.py for tasks to queue
[2025-01-06T08:26:14.006+0000] {logging_mixin.py:190} INFO - [2025-01-06T08:26:14.006+0000] {dagbag.py:588} INFO - Filling up the DagBag from /home/airflow/.local/lib/python3.12/site-packages/airflow/example_dags/example_task_group.py
[2025-01-06T08:26:14.010+0000] {processor.py:925} INFO - DAG(s) 'example_task_group' retrieved from /home/airflow/.local/lib/python3.12/site-packages/airflow/example_dags/example_task_group.py
[2025-01-06T08:26:14.022+0000] {logging_mixin.py:190} INFO - [2025-01-06T08:26:14.022+0000] {dag.py:3239} INFO - Sync 1 DAGs
[2025-01-06T08:26:14.029+0000] {logging_mixin.py:190} INFO - [2025-01-06T08:26:14.029+0000] {dag.py:4180} INFO - Setting next_dagrun for example_task_group to None, run_after=None
[2025-01-06T08:26:14.039+0000] {processor.py:208} INFO - Processing /home/airflow/.local/lib/python3.12/site-packages/airflow/example_dags/example_task_group.py took 0.038 seconds
[2025-01-06T08:26:44.399+0000] {processor.py:186} INFO - Started process (PID=969) to work on /home/airflow/.local/lib/python3.12/site-packages/airflow/example_dags/example_task_group.py
[2025-01-06T08:26:44.400+0000] {processor.py:914} INFO - Processing file /home/airflow/.local/lib/python3.12/site-packages/airflow/example_dags/example_task_group.py for tasks to queue
[2025-01-06T08:26:44.401+0000] {logging_mixin.py:190} INFO - [2025-01-06T08:26:44.401+0000] {dagbag.py:588} INFO - Filling up the DagBag from /home/airflow/.local/lib/python3.12/site-packages/airflow/example_dags/example_task_group.py
[2025-01-06T08:26:44.406+0000] {processor.py:925} INFO - DAG(s) 'example_task_group' retrieved from /home/airflow/.local/lib/python3.12/site-packages/airflow/example_dags/example_task_group.py
[2025-01-06T08:26:44.418+0000] {logging_mixin.py:190} INFO - [2025-01-06T08:26:44.418+0000] {dag.py:3239} INFO - Sync 1 DAGs
[2025-01-06T08:26:44.426+0000] {logging_mixin.py:190} INFO - [2025-01-06T08:26:44.426+0000] {dag.py:4180} INFO - Setting next_dagrun for example_task_group to None, run_after=None
[2025-01-06T08:26:44.435+0000] {processor.py:208} INFO - Processing /home/airflow/.local/lib/python3.12/site-packages/airflow/example_dags/example_task_group.py took 0.039 seconds
[2025-01-06T08:27:14.881+0000] {processor.py:186} INFO - Started process (PID=1040) to work on /home/airflow/.local/lib/python3.12/site-packages/airflow/example_dags/example_task_group.py
[2025-01-06T08:27:14.881+0000] {processor.py:914} INFO - Processing file /home/airflow/.local/lib/python3.12/site-packages/airflow/example_dags/example_task_group.py for tasks to queue
[2025-01-06T08:27:14.883+0000] {logging_mixin.py:190} INFO - [2025-01-06T08:27:14.882+0000] {dagbag.py:588} INFO - Filling up the DagBag from /home/airflow/.local/lib/python3.12/site-packages/airflow/example_dags/example_task_group.py
[2025-01-06T08:27:14.888+0000] {processor.py:925} INFO - DAG(s) 'example_task_group' retrieved from /home/airflow/.local/lib/python3.12/site-packages/airflow/example_dags/example_task_group.py
[2025-01-06T08:27:14.903+0000] {logging_mixin.py:190} INFO - [2025-01-06T08:27:14.903+0000] {dag.py:3239} INFO - Sync 1 DAGs
[2025-01-06T08:27:14.913+0000] {logging_mixin.py:190} INFO - [2025-01-06T08:27:14.913+0000] {dag.py:4180} INFO - Setting next_dagrun for example_task_group to None, run_after=None
[2025-01-06T08:27:14.926+0000] {processor.py:208} INFO - Processing /home/airflow/.local/lib/python3.12/site-packages/airflow/example_dags/example_task_group.py took 0.049 seconds
[2025-01-06T08:27:45.224+0000] {processor.py:186} INFO - Started process (PID=1106) to work on /home/airflow/.local/lib/python3.12/site-packages/airflow/example_dags/example_task_group.py
[2025-01-06T08:27:45.225+0000] {processor.py:914} INFO - Processing file /home/airflow/.local/lib/python3.12/site-packages/airflow/example_dags/example_task_group.py for tasks to queue
[2025-01-06T08:27:45.227+0000] {logging_mixin.py:190} INFO - [2025-01-06T08:27:45.226+0000] {dagbag.py:588} INFO - Filling up the DagBag from /home/airflow/.local/lib/python3.12/site-packages/airflow/example_dags/example_task_group.py
[2025-01-06T08:27:45.231+0000] {processor.py:925} INFO - DAG(s) 'example_task_group' retrieved from /home/airflow/.local/lib/python3.12/site-packages/airflow/example_dags/example_task_group.py
[2025-01-06T08:27:45.245+0000] {logging_mixin.py:190} INFO - [2025-01-06T08:27:45.244+0000] {dag.py:3239} INFO - Sync 1 DAGs
[2025-01-06T08:27:45.252+0000] {logging_mixin.py:190} INFO - [2025-01-06T08:27:45.252+0000] {dag.py:4180} INFO - Setting next_dagrun for example_task_group to None, run_after=None
[2025-01-06T08:27:45.262+0000] {processor.py:208} INFO - Processing /home/airflow/.local/lib/python3.12/site-packages/airflow/example_dags/example_task_group.py took 0.043 seconds
[2025-01-06T08:28:15.584+0000] {processor.py:186} INFO - Started process (PID=1177) to work on /home/airflow/.local/lib/python3.12/site-packages/airflow/example_dags/example_task_group.py
[2025-01-06T08:28:15.584+0000] {processor.py:914} INFO - Processing file /home/airflow/.local/lib/python3.12/site-packages/airflow/example_dags/example_task_group.py for tasks to queue
[2025-01-06T08:28:15.586+0000] {logging_mixin.py:190} INFO - [2025-01-06T08:28:15.586+0000] {dagbag.py:588} INFO - Filling up the DagBag from /home/airflow/.local/lib/python3.12/site-packages/airflow/example_dags/example_task_group.py
[2025-01-06T08:28:15.592+0000] {processor.py:925} INFO - DAG(s) 'example_task_group' retrieved from /home/airflow/.local/lib/python3.12/site-packages/airflow/example_dags/example_task_group.py
[2025-01-06T08:28:15.607+0000] {logging_mixin.py:190} INFO - [2025-01-06T08:28:15.607+0000] {dag.py:3239} INFO - Sync 1 DAGs
[2025-01-06T08:28:15.616+0000] {logging_mixin.py:190} INFO - [2025-01-06T08:28:15.616+0000] {dag.py:4180} INFO - Setting next_dagrun for example_task_group to None, run_after=None
[2025-01-06T08:28:15.626+0000] {processor.py:208} INFO - Processing /home/airflow/.local/lib/python3.12/site-packages/airflow/example_dags/example_task_group.py took 0.047 seconds
[2025-01-06T08:28:46.059+0000] {processor.py:186} INFO - Started process (PID=1243) to work on /home/airflow/.local/lib/python3.12/site-packages/airflow/example_dags/example_task_group.py
[2025-01-06T08:28:46.060+0000] {processor.py:914} INFO - Processing file /home/airflow/.local/lib/python3.12/site-packages/airflow/example_dags/example_task_group.py for tasks to queue
[2025-01-06T08:28:46.061+0000] {logging_mixin.py:190} INFO - [2025-01-06T08:28:46.061+0000] {dagbag.py:588} INFO - Filling up the DagBag from /home/airflow/.local/lib/python3.12/site-packages/airflow/example_dags/example_task_group.py
[2025-01-06T08:28:46.067+0000] {processor.py:925} INFO - DAG(s) 'example_task_group' retrieved from /home/airflow/.local/lib/python3.12/site-packages/airflow/example_dags/example_task_group.py
[2025-01-06T08:28:46.086+0000] {logging_mixin.py:190} INFO - [2025-01-06T08:28:46.086+0000] {dag.py:3239} INFO - Sync 1 DAGs
[2025-01-06T08:28:46.099+0000] {logging_mixin.py:190} INFO - [2025-01-06T08:28:46.098+0000] {dag.py:4180} INFO - Setting next_dagrun for example_task_group to None, run_after=None
[2025-01-06T08:28:46.108+0000] {processor.py:208} INFO - Processing /home/airflow/.local/lib/python3.12/site-packages/airflow/example_dags/example_task_group.py took 0.052 seconds
[2025-01-06T08:29:16.492+0000] {processor.py:186} INFO - Started process (PID=1313) to work on /home/airflow/.local/lib/python3.12/site-packages/airflow/example_dags/example_task_group.py
[2025-01-06T08:29:16.493+0000] {processor.py:914} INFO - Processing file /home/airflow/.local/lib/python3.12/site-packages/airflow/example_dags/example_task_group.py for tasks to queue
[2025-01-06T08:29:16.494+0000] {logging_mixin.py:190} INFO - [2025-01-06T08:29:16.494+0000] {dagbag.py:588} INFO - Filling up the DagBag from /home/airflow/.local/lib/python3.12/site-packages/airflow/example_dags/example_task_group.py
[2025-01-06T08:29:16.499+0000] {processor.py:925} INFO - DAG(s) 'example_task_group' retrieved from /home/airflow/.local/lib/python3.12/site-packages/airflow/example_dags/example_task_group.py
[2025-01-06T08:29:16.512+0000] {logging_mixin.py:190} INFO - [2025-01-06T08:29:16.512+0000] {dag.py:3239} INFO - Sync 1 DAGs
[2025-01-06T08:29:16.521+0000] {logging_mixin.py:190} INFO - [2025-01-06T08:29:16.521+0000] {dag.py:4180} INFO - Setting next_dagrun for example_task_group to None, run_after=None
[2025-01-06T08:29:16.532+0000] {processor.py:208} INFO - Processing /home/airflow/.local/lib/python3.12/site-packages/airflow/example_dags/example_task_group.py took 0.043 seconds
[2025-01-06T08:29:46.968+0000] {processor.py:186} INFO - Started process (PID=1379) to work on /home/airflow/.local/lib/python3.12/site-packages/airflow/example_dags/example_task_group.py
[2025-01-06T08:29:46.968+0000] {processor.py:914} INFO - Processing file /home/airflow/.local/lib/python3.12/site-packages/airflow/example_dags/example_task_group.py for tasks to queue
[2025-01-06T08:29:46.970+0000] {logging_mixin.py:190} INFO - [2025-01-06T08:29:46.969+0000] {dagbag.py:588} INFO - Filling up the DagBag from /home/airflow/.local/lib/python3.12/site-packages/airflow/example_dags/example_task_group.py
[2025-01-06T08:29:46.974+0000] {processor.py:925} INFO - DAG(s) 'example_task_group' retrieved from /home/airflow/.local/lib/python3.12/site-packages/airflow/example_dags/example_task_group.py
[2025-01-06T08:29:46.989+0000] {logging_mixin.py:190} INFO - [2025-01-06T08:29:46.988+0000] {dag.py:3239} INFO - Sync 1 DAGs
[2025-01-06T08:29:47.002+0000] {logging_mixin.py:190} INFO - [2025-01-06T08:29:47.002+0000] {dag.py:4180} INFO - Setting next_dagrun for example_task_group to None, run_after=None
[2025-01-06T08:29:47.016+0000] {processor.py:208} INFO - Processing /home/airflow/.local/lib/python3.12/site-packages/airflow/example_dags/example_task_group.py took 0.052 seconds
[2025-01-06T08:30:17.393+0000] {processor.py:186} INFO - Started process (PID=1455) to work on /home/airflow/.local/lib/python3.12/site-packages/airflow/example_dags/example_task_group.py
[2025-01-06T08:30:17.394+0000] {processor.py:914} INFO - Processing file /home/airflow/.local/lib/python3.12/site-packages/airflow/example_dags/example_task_group.py for tasks to queue
[2025-01-06T08:30:17.395+0000] {logging_mixin.py:190} INFO - [2025-01-06T08:30:17.395+0000] {dagbag.py:588} INFO - Filling up the DagBag from /home/airflow/.local/lib/python3.12/site-packages/airflow/example_dags/example_task_group.py
[2025-01-06T08:30:17.400+0000] {processor.py:925} INFO - DAG(s) 'example_task_group' retrieved from /home/airflow/.local/lib/python3.12/site-packages/airflow/example_dags/example_task_group.py
[2025-01-06T08:30:17.413+0000] {logging_mixin.py:190} INFO - [2025-01-06T08:30:17.413+0000] {dag.py:3239} INFO - Sync 1 DAGs
[2025-01-06T08:30:17.421+0000] {logging_mixin.py:190} INFO - [2025-01-06T08:30:17.421+0000] {dag.py:4180} INFO - Setting next_dagrun for example_task_group to None, run_after=None
[2025-01-06T08:30:17.432+0000] {processor.py:208} INFO - Processing /home/airflow/.local/lib/python3.12/site-packages/airflow/example_dags/example_task_group.py took 0.042 seconds
[2025-01-06T08:30:47.854+0000] {processor.py:186} INFO - Started process (PID=1521) to work on /home/airflow/.local/lib/python3.12/site-packages/airflow/example_dags/example_task_group.py
[2025-01-06T08:30:47.854+0000] {processor.py:914} INFO - Processing file /home/airflow/.local/lib/python3.12/site-packages/airflow/example_dags/example_task_group.py for tasks to queue
[2025-01-06T08:30:47.856+0000] {logging_mixin.py:190} INFO - [2025-01-06T08:30:47.856+0000] {dagbag.py:588} INFO - Filling up the DagBag from /home/airflow/.local/lib/python3.12/site-packages/airflow/example_dags/example_task_group.py
[2025-01-06T08:30:47.862+0000] {processor.py:925} INFO - DAG(s) 'example_task_group' retrieved from /home/airflow/.local/lib/python3.12/site-packages/airflow/example_dags/example_task_group.py
[2025-01-06T08:30:47.878+0000] {logging_mixin.py:190} INFO - [2025-01-06T08:30:47.878+0000] {dag.py:3239} INFO - Sync 1 DAGs
[2025-01-06T08:30:47.887+0000] {logging_mixin.py:190} INFO - [2025-01-06T08:30:47.887+0000] {dag.py:4180} INFO - Setting next_dagrun for example_task_group to None, run_after=None
[2025-01-06T08:30:47.900+0000] {processor.py:208} INFO - Processing /home/airflow/.local/lib/python3.12/site-packages/airflow/example_dags/example_task_group.py took 0.051 seconds
[2025-01-06T08:31:18.267+0000] {processor.py:186} INFO - Started process (PID=1592) to work on /home/airflow/.local/lib/python3.12/site-packages/airflow/example_dags/example_task_group.py
[2025-01-06T08:31:18.268+0000] {processor.py:914} INFO - Processing file /home/airflow/.local/lib/python3.12/site-packages/airflow/example_dags/example_task_group.py for tasks to queue
[2025-01-06T08:31:18.270+0000] {logging_mixin.py:190} INFO - [2025-01-06T08:31:18.269+0000] {dagbag.py:588} INFO - Filling up the DagBag from /home/airflow/.local/lib/python3.12/site-packages/airflow/example_dags/example_task_group.py
[2025-01-06T08:31:18.276+0000] {processor.py:925} INFO - DAG(s) 'example_task_group' retrieved from /home/airflow/.local/lib/python3.12/site-packages/airflow/example_dags/example_task_group.py
[2025-01-06T08:31:18.288+0000] {logging_mixin.py:190} INFO - [2025-01-06T08:31:18.288+0000] {dag.py:3239} INFO - Sync 1 DAGs
[2025-01-06T08:31:18.296+0000] {logging_mixin.py:190} INFO - [2025-01-06T08:31:18.295+0000] {dag.py:4180} INFO - Setting next_dagrun for example_task_group to None, run_after=None
[2025-01-06T08:31:18.305+0000] {processor.py:208} INFO - Processing /home/airflow/.local/lib/python3.12/site-packages/airflow/example_dags/example_task_group.py took 0.042 seconds
[2025-01-06T08:31:48.700+0000] {processor.py:186} INFO - Started process (PID=1658) to work on /home/airflow/.local/lib/python3.12/site-packages/airflow/example_dags/example_task_group.py
[2025-01-06T08:31:48.701+0000] {processor.py:914} INFO - Processing file /home/airflow/.local/lib/python3.12/site-packages/airflow/example_dags/example_task_group.py for tasks to queue
[2025-01-06T08:31:48.702+0000] {logging_mixin.py:190} INFO - [2025-01-06T08:31:48.702+0000] {dagbag.py:588} INFO - Filling up the DagBag from /home/airflow/.local/lib/python3.12/site-packages/airflow/example_dags/example_task_group.py
[2025-01-06T08:31:48.707+0000] {processor.py:925} INFO - DAG(s) 'example_task_group' retrieved from /home/airflow/.local/lib/python3.12/site-packages/airflow/example_dags/example_task_group.py
[2025-01-06T08:31:48.720+0000] {logging_mixin.py:190} INFO - [2025-01-06T08:31:48.719+0000] {dag.py:3239} INFO - Sync 1 DAGs
[2025-01-06T08:31:48.731+0000] {logging_mixin.py:190} INFO - [2025-01-06T08:31:48.731+0000] {dag.py:4180} INFO - Setting next_dagrun for example_task_group to None, run_after=None
[2025-01-06T08:31:48.745+0000] {processor.py:208} INFO - Processing /home/airflow/.local/lib/python3.12/site-packages/airflow/example_dags/example_task_group.py took 0.048 seconds
[2025-01-06T08:32:19.180+0000] {processor.py:186} INFO - Started process (PID=1729) to work on /home/airflow/.local/lib/python3.12/site-packages/airflow/example_dags/example_task_group.py
[2025-01-06T08:32:19.181+0000] {processor.py:914} INFO - Processing file /home/airflow/.local/lib/python3.12/site-packages/airflow/example_dags/example_task_group.py for tasks to queue
[2025-01-06T08:32:19.182+0000] {logging_mixin.py:190} INFO - [2025-01-06T08:32:19.182+0000] {dagbag.py:588} INFO - Filling up the DagBag from /home/airflow/.local/lib/python3.12/site-packages/airflow/example_dags/example_task_group.py
[2025-01-06T08:32:19.188+0000] {processor.py:925} INFO - DAG(s) 'example_task_group' retrieved from /home/airflow/.local/lib/python3.12/site-packages/airflow/example_dags/example_task_group.py
[2025-01-06T08:32:19.201+0000] {logging_mixin.py:190} INFO - [2025-01-06T08:32:19.201+0000] {dag.py:3239} INFO - Sync 1 DAGs
[2025-01-06T08:32:19.211+0000] {logging_mixin.py:190} INFO - [2025-01-06T08:32:19.211+0000] {dag.py:4180} INFO - Setting next_dagrun for example_task_group to None, run_after=None
[2025-01-06T08:32:19.224+0000] {processor.py:208} INFO - Processing /home/airflow/.local/lib/python3.12/site-packages/airflow/example_dags/example_task_group.py took 0.048 seconds
[2025-01-06T08:32:49.688+0000] {processor.py:186} INFO - Started process (PID=1795) to work on /home/airflow/.local/lib/python3.12/site-packages/airflow/example_dags/example_task_group.py
[2025-01-06T08:32:49.688+0000] {processor.py:914} INFO - Processing file /home/airflow/.local/lib/python3.12/site-packages/airflow/example_dags/example_task_group.py for tasks to queue
[2025-01-06T08:32:49.689+0000] {logging_mixin.py:190} INFO - [2025-01-06T08:32:49.689+0000] {dagbag.py:588} INFO - Filling up the DagBag from /home/airflow/.local/lib/python3.12/site-packages/airflow/example_dags/example_task_group.py
[2025-01-06T08:32:49.694+0000] {processor.py:925} INFO - DAG(s) 'example_task_group' retrieved from /home/airflow/.local/lib/python3.12/site-packages/airflow/example_dags/example_task_group.py
[2025-01-06T08:32:49.708+0000] {logging_mixin.py:190} INFO - [2025-01-06T08:32:49.708+0000] {dag.py:3239} INFO - Sync 1 DAGs
[2025-01-06T08:32:49.719+0000] {logging_mixin.py:190} INFO - [2025-01-06T08:32:49.718+0000] {dag.py:4180} INFO - Setting next_dagrun for example_task_group to None, run_after=None
[2025-01-06T08:32:49.732+0000] {processor.py:208} INFO - Processing /home/airflow/.local/lib/python3.12/site-packages/airflow/example_dags/example_task_group.py took 0.048 seconds
[2025-01-06T08:33:20.057+0000] {processor.py:186} INFO - Started process (PID=1866) to work on /home/airflow/.local/lib/python3.12/site-packages/airflow/example_dags/example_task_group.py
[2025-01-06T08:33:20.058+0000] {processor.py:914} INFO - Processing file /home/airflow/.local/lib/python3.12/site-packages/airflow/example_dags/example_task_group.py for tasks to queue
[2025-01-06T08:33:20.059+0000] {logging_mixin.py:190} INFO - [2025-01-06T08:33:20.059+0000] {dagbag.py:588} INFO - Filling up the DagBag from /home/airflow/.local/lib/python3.12/site-packages/airflow/example_dags/example_task_group.py
[2025-01-06T08:33:20.065+0000] {processor.py:925} INFO - DAG(s) 'example_task_group' retrieved from /home/airflow/.local/lib/python3.12/site-packages/airflow/example_dags/example_task_group.py
[2025-01-06T08:33:20.081+0000] {logging_mixin.py:190} INFO - [2025-01-06T08:33:20.080+0000] {dag.py:3239} INFO - Sync 1 DAGs
[2025-01-06T08:33:20.089+0000] {logging_mixin.py:190} INFO - [2025-01-06T08:33:20.089+0000] {dag.py:4180} INFO - Setting next_dagrun for example_task_group to None, run_after=None
[2025-01-06T08:33:20.101+0000] {processor.py:208} INFO - Processing /home/airflow/.local/lib/python3.12/site-packages/airflow/example_dags/example_task_group.py took 0.048 seconds
