[2025-01-06T08:20:09.893+0000] {processor.py:186} INFO - Started process (PID=105) to work on /home/airflow/.local/lib/python3.12/site-packages/airflow/example_dags/example_time_delta_sensor_async.py
[2025-01-06T08:20:09.893+0000] {processor.py:914} INFO - Processing file /home/airflow/.local/lib/python3.12/site-packages/airflow/example_dags/example_time_delta_sensor_async.py for tasks to queue
[2025-01-06T08:20:09.895+0000] {logging_mixin.py:190} INFO - [2025-01-06T08:20:09.895+0000] {dagbag.py:588} INFO - Filling up the DagBag from /home/airflow/.local/lib/python3.12/site-packages/airflow/example_dags/example_time_delta_sensor_async.py
[2025-01-06T08:20:09.899+0000] {processor.py:925} INFO - DAG(s) 'example_time_delta_sensor_async' retrieved from /home/airflow/.local/lib/python3.12/site-packages/airflow/example_dags/example_time_delta_sensor_async.py
[2025-01-06T08:20:09.914+0000] {logging_mixin.py:190} INFO - [2025-01-06T08:20:09.913+0000] {dag.py:3239} INFO - Sync 1 DAGs
[2025-01-06T08:20:09.924+0000] {logging_mixin.py:190} INFO - [2025-01-06T08:20:09.924+0000] {dag.py:4180} INFO - Setting next_dagrun for example_time_delta_sensor_async to None, run_after=None
[2025-01-06T08:20:09.935+0000] {processor.py:208} INFO - Processing /home/airflow/.local/lib/python3.12/site-packages/airflow/example_dags/example_time_delta_sensor_async.py took 0.046 seconds
[2025-01-06T08:20:40.612+0000] {processor.py:186} INFO - Started process (PID=181) to work on /home/airflow/.local/lib/python3.12/site-packages/airflow/example_dags/example_time_delta_sensor_async.py
[2025-01-06T08:20:40.613+0000] {processor.py:914} INFO - Processing file /home/airflow/.local/lib/python3.12/site-packages/airflow/example_dags/example_time_delta_sensor_async.py for tasks to queue
[2025-01-06T08:20:40.614+0000] {logging_mixin.py:190} INFO - [2025-01-06T08:20:40.614+0000] {dagbag.py:588} INFO - Filling up the DagBag from /home/airflow/.local/lib/python3.12/site-packages/airflow/example_dags/example_time_delta_sensor_async.py
[2025-01-06T08:20:40.617+0000] {processor.py:925} INFO - DAG(s) 'example_time_delta_sensor_async' retrieved from /home/airflow/.local/lib/python3.12/site-packages/airflow/example_dags/example_time_delta_sensor_async.py
[2025-01-06T08:20:40.629+0000] {logging_mixin.py:190} INFO - [2025-01-06T08:20:40.629+0000] {dag.py:3239} INFO - Sync 1 DAGs
[2025-01-06T08:20:40.638+0000] {logging_mixin.py:190} INFO - [2025-01-06T08:20:40.638+0000] {dag.py:4180} INFO - Setting next_dagrun for example_time_delta_sensor_async to None, run_after=None
[2025-01-06T08:20:40.655+0000] {processor.py:208} INFO - Processing /home/airflow/.local/lib/python3.12/site-packages/airflow/example_dags/example_time_delta_sensor_async.py took 0.046 seconds
[2025-01-06T08:21:11.078+0000] {processor.py:186} INFO - Started process (PID=252) to work on /home/airflow/.local/lib/python3.12/site-packages/airflow/example_dags/example_time_delta_sensor_async.py
[2025-01-06T08:21:11.078+0000] {processor.py:914} INFO - Processing file /home/airflow/.local/lib/python3.12/site-packages/airflow/example_dags/example_time_delta_sensor_async.py for tasks to queue
[2025-01-06T08:21:11.079+0000] {logging_mixin.py:190} INFO - [2025-01-06T08:21:11.079+0000] {dagbag.py:588} INFO - Filling up the DagBag from /home/airflow/.local/lib/python3.12/site-packages/airflow/example_dags/example_time_delta_sensor_async.py
[2025-01-06T08:21:11.083+0000] {processor.py:925} INFO - DAG(s) 'example_time_delta_sensor_async' retrieved from /home/airflow/.local/lib/python3.12/site-packages/airflow/example_dags/example_time_delta_sensor_async.py
[2025-01-06T08:21:11.095+0000] {logging_mixin.py:190} INFO - [2025-01-06T08:21:11.095+0000] {dag.py:3239} INFO - Sync 1 DAGs
[2025-01-06T08:21:11.104+0000] {logging_mixin.py:190} INFO - [2025-01-06T08:21:11.104+0000] {dag.py:4180} INFO - Setting next_dagrun for example_time_delta_sensor_async to None, run_after=None
[2025-01-06T08:21:11.114+0000] {processor.py:208} INFO - Processing /home/airflow/.local/lib/python3.12/site-packages/airflow/example_dags/example_time_delta_sensor_async.py took 0.040 seconds
[2025-01-06T08:21:41.440+0000] {processor.py:186} INFO - Started process (PID=318) to work on /home/airflow/.local/lib/python3.12/site-packages/airflow/example_dags/example_time_delta_sensor_async.py
[2025-01-06T08:21:41.441+0000] {processor.py:914} INFO - Processing file /home/airflow/.local/lib/python3.12/site-packages/airflow/example_dags/example_time_delta_sensor_async.py for tasks to queue
[2025-01-06T08:21:41.442+0000] {logging_mixin.py:190} INFO - [2025-01-06T08:21:41.442+0000] {dagbag.py:588} INFO - Filling up the DagBag from /home/airflow/.local/lib/python3.12/site-packages/airflow/example_dags/example_time_delta_sensor_async.py
[2025-01-06T08:21:41.446+0000] {processor.py:925} INFO - DAG(s) 'example_time_delta_sensor_async' retrieved from /home/airflow/.local/lib/python3.12/site-packages/airflow/example_dags/example_time_delta_sensor_async.py
[2025-01-06T08:21:41.457+0000] {logging_mixin.py:190} INFO - [2025-01-06T08:21:41.457+0000] {dag.py:3239} INFO - Sync 1 DAGs
[2025-01-06T08:21:41.465+0000] {logging_mixin.py:190} INFO - [2025-01-06T08:21:41.465+0000] {dag.py:4180} INFO - Setting next_dagrun for example_time_delta_sensor_async to None, run_after=None
[2025-01-06T08:21:41.474+0000] {processor.py:208} INFO - Processing /home/airflow/.local/lib/python3.12/site-packages/airflow/example_dags/example_time_delta_sensor_async.py took 0.038 seconds
[2025-01-06T08:22:11.824+0000] {processor.py:186} INFO - Started process (PID=389) to work on /home/airflow/.local/lib/python3.12/site-packages/airflow/example_dags/example_time_delta_sensor_async.py
[2025-01-06T08:22:11.824+0000] {processor.py:914} INFO - Processing file /home/airflow/.local/lib/python3.12/site-packages/airflow/example_dags/example_time_delta_sensor_async.py for tasks to queue
[2025-01-06T08:22:11.825+0000] {logging_mixin.py:190} INFO - [2025-01-06T08:22:11.825+0000] {dagbag.py:588} INFO - Filling up the DagBag from /home/airflow/.local/lib/python3.12/site-packages/airflow/example_dags/example_time_delta_sensor_async.py
[2025-01-06T08:22:11.829+0000] {processor.py:925} INFO - DAG(s) 'example_time_delta_sensor_async' retrieved from /home/airflow/.local/lib/python3.12/site-packages/airflow/example_dags/example_time_delta_sensor_async.py
[2025-01-06T08:22:11.841+0000] {logging_mixin.py:190} INFO - [2025-01-06T08:22:11.841+0000] {dag.py:3239} INFO - Sync 1 DAGs
[2025-01-06T08:22:11.848+0000] {logging_mixin.py:190} INFO - [2025-01-06T08:22:11.848+0000] {dag.py:4180} INFO - Setting next_dagrun for example_time_delta_sensor_async to None, run_after=None
[2025-01-06T08:22:11.858+0000] {processor.py:208} INFO - Processing /home/airflow/.local/lib/python3.12/site-packages/airflow/example_dags/example_time_delta_sensor_async.py took 0.037 seconds
[2025-01-06T08:22:42.317+0000] {processor.py:186} INFO - Started process (PID=455) to work on /home/airflow/.local/lib/python3.12/site-packages/airflow/example_dags/example_time_delta_sensor_async.py
[2025-01-06T08:22:42.318+0000] {processor.py:914} INFO - Processing file /home/airflow/.local/lib/python3.12/site-packages/airflow/example_dags/example_time_delta_sensor_async.py for tasks to queue
[2025-01-06T08:22:42.320+0000] {logging_mixin.py:190} INFO - [2025-01-06T08:22:42.319+0000] {dagbag.py:588} INFO - Filling up the DagBag from /home/airflow/.local/lib/python3.12/site-packages/airflow/example_dags/example_time_delta_sensor_async.py
[2025-01-06T08:22:42.324+0000] {processor.py:925} INFO - DAG(s) 'example_time_delta_sensor_async' retrieved from /home/airflow/.local/lib/python3.12/site-packages/airflow/example_dags/example_time_delta_sensor_async.py
[2025-01-06T08:22:42.339+0000] {logging_mixin.py:190} INFO - [2025-01-06T08:22:42.338+0000] {dag.py:3239} INFO - Sync 1 DAGs
[2025-01-06T08:22:42.348+0000] {logging_mixin.py:190} INFO - [2025-01-06T08:22:42.348+0000] {dag.py:4180} INFO - Setting next_dagrun for example_time_delta_sensor_async to None, run_after=None
[2025-01-06T08:22:42.361+0000] {processor.py:208} INFO - Processing /home/airflow/.local/lib/python3.12/site-packages/airflow/example_dags/example_time_delta_sensor_async.py took 0.047 seconds
[2025-01-06T08:23:12.832+0000] {processor.py:186} INFO - Started process (PID=526) to work on /home/airflow/.local/lib/python3.12/site-packages/airflow/example_dags/example_time_delta_sensor_async.py
[2025-01-06T08:23:12.832+0000] {processor.py:914} INFO - Processing file /home/airflow/.local/lib/python3.12/site-packages/airflow/example_dags/example_time_delta_sensor_async.py for tasks to queue
[2025-01-06T08:23:12.834+0000] {logging_mixin.py:190} INFO - [2025-01-06T08:23:12.833+0000] {dagbag.py:588} INFO - Filling up the DagBag from /home/airflow/.local/lib/python3.12/site-packages/airflow/example_dags/example_time_delta_sensor_async.py
[2025-01-06T08:23:12.837+0000] {processor.py:925} INFO - DAG(s) 'example_time_delta_sensor_async' retrieved from /home/airflow/.local/lib/python3.12/site-packages/airflow/example_dags/example_time_delta_sensor_async.py
[2025-01-06T08:23:12.850+0000] {logging_mixin.py:190} INFO - [2025-01-06T08:23:12.850+0000] {dag.py:3239} INFO - Sync 1 DAGs
[2025-01-06T08:23:12.859+0000] {logging_mixin.py:190} INFO - [2025-01-06T08:23:12.858+0000] {dag.py:4180} INFO - Setting next_dagrun for example_time_delta_sensor_async to None, run_after=None
[2025-01-06T08:23:12.871+0000] {processor.py:208} INFO - Processing /home/airflow/.local/lib/python3.12/site-packages/airflow/example_dags/example_time_delta_sensor_async.py took 0.042 seconds
[2025-01-06T08:23:43.454+0000] {processor.py:186} INFO - Started process (PID=592) to work on /home/airflow/.local/lib/python3.12/site-packages/airflow/example_dags/example_time_delta_sensor_async.py
[2025-01-06T08:23:43.455+0000] {processor.py:914} INFO - Processing file /home/airflow/.local/lib/python3.12/site-packages/airflow/example_dags/example_time_delta_sensor_async.py for tasks to queue
[2025-01-06T08:23:43.457+0000] {logging_mixin.py:190} INFO - [2025-01-06T08:23:43.456+0000] {dagbag.py:588} INFO - Filling up the DagBag from /home/airflow/.local/lib/python3.12/site-packages/airflow/example_dags/example_time_delta_sensor_async.py
[2025-01-06T08:23:43.461+0000] {processor.py:925} INFO - DAG(s) 'example_time_delta_sensor_async' retrieved from /home/airflow/.local/lib/python3.12/site-packages/airflow/example_dags/example_time_delta_sensor_async.py
[2025-01-06T08:23:43.488+0000] {logging_mixin.py:190} INFO - [2025-01-06T08:23:43.488+0000] {dag.py:3239} INFO - Sync 1 DAGs
[2025-01-06T08:23:43.502+0000] {logging_mixin.py:190} INFO - [2025-01-06T08:23:43.502+0000] {dag.py:4180} INFO - Setting next_dagrun for example_time_delta_sensor_async to None, run_after=None
[2025-01-06T08:23:43.512+0000] {processor.py:208} INFO - Processing /home/airflow/.local/lib/python3.12/site-packages/airflow/example_dags/example_time_delta_sensor_async.py took 0.062 seconds
[2025-01-06T08:24:13.786+0000] {processor.py:186} INFO - Started process (PID=663) to work on /home/airflow/.local/lib/python3.12/site-packages/airflow/example_dags/example_time_delta_sensor_async.py
[2025-01-06T08:24:13.787+0000] {processor.py:914} INFO - Processing file /home/airflow/.local/lib/python3.12/site-packages/airflow/example_dags/example_time_delta_sensor_async.py for tasks to queue
[2025-01-06T08:24:13.789+0000] {logging_mixin.py:190} INFO - [2025-01-06T08:24:13.788+0000] {dagbag.py:588} INFO - Filling up the DagBag from /home/airflow/.local/lib/python3.12/site-packages/airflow/example_dags/example_time_delta_sensor_async.py
[2025-01-06T08:24:13.793+0000] {processor.py:925} INFO - DAG(s) 'example_time_delta_sensor_async' retrieved from /home/airflow/.local/lib/python3.12/site-packages/airflow/example_dags/example_time_delta_sensor_async.py
[2025-01-06T08:24:13.806+0000] {logging_mixin.py:190} INFO - [2025-01-06T08:24:13.806+0000] {dag.py:3239} INFO - Sync 1 DAGs
[2025-01-06T08:24:13.815+0000] {logging_mixin.py:190} INFO - [2025-01-06T08:24:13.814+0000] {dag.py:4180} INFO - Setting next_dagrun for example_time_delta_sensor_async to None, run_after=None
[2025-01-06T08:24:13.824+0000] {processor.py:208} INFO - Processing /home/airflow/.local/lib/python3.12/site-packages/airflow/example_dags/example_time_delta_sensor_async.py took 0.041 seconds
[2025-01-06T08:24:44.211+0000] {processor.py:186} INFO - Started process (PID=729) to work on /home/airflow/.local/lib/python3.12/site-packages/airflow/example_dags/example_time_delta_sensor_async.py
[2025-01-06T08:24:44.211+0000] {processor.py:914} INFO - Processing file /home/airflow/.local/lib/python3.12/site-packages/airflow/example_dags/example_time_delta_sensor_async.py for tasks to queue
[2025-01-06T08:24:44.212+0000] {logging_mixin.py:190} INFO - [2025-01-06T08:24:44.212+0000] {dagbag.py:588} INFO - Filling up the DagBag from /home/airflow/.local/lib/python3.12/site-packages/airflow/example_dags/example_time_delta_sensor_async.py
[2025-01-06T08:24:44.216+0000] {processor.py:925} INFO - DAG(s) 'example_time_delta_sensor_async' retrieved from /home/airflow/.local/lib/python3.12/site-packages/airflow/example_dags/example_time_delta_sensor_async.py
[2025-01-06T08:24:44.228+0000] {logging_mixin.py:190} INFO - [2025-01-06T08:24:44.228+0000] {dag.py:3239} INFO - Sync 1 DAGs
[2025-01-06T08:24:44.237+0000] {logging_mixin.py:190} INFO - [2025-01-06T08:24:44.236+0000] {dag.py:4180} INFO - Setting next_dagrun for example_time_delta_sensor_async to None, run_after=None
[2025-01-06T08:24:44.250+0000] {processor.py:208} INFO - Processing /home/airflow/.local/lib/python3.12/site-packages/airflow/example_dags/example_time_delta_sensor_async.py took 0.043 seconds
[2025-01-06T08:25:14.587+0000] {processor.py:186} INFO - Started process (PID=800) to work on /home/airflow/.local/lib/python3.12/site-packages/airflow/example_dags/example_time_delta_sensor_async.py
[2025-01-06T08:25:14.587+0000] {processor.py:914} INFO - Processing file /home/airflow/.local/lib/python3.12/site-packages/airflow/example_dags/example_time_delta_sensor_async.py for tasks to queue
[2025-01-06T08:25:14.588+0000] {logging_mixin.py:190} INFO - [2025-01-06T08:25:14.588+0000] {dagbag.py:588} INFO - Filling up the DagBag from /home/airflow/.local/lib/python3.12/site-packages/airflow/example_dags/example_time_delta_sensor_async.py
[2025-01-06T08:25:14.592+0000] {processor.py:925} INFO - DAG(s) 'example_time_delta_sensor_async' retrieved from /home/airflow/.local/lib/python3.12/site-packages/airflow/example_dags/example_time_delta_sensor_async.py
[2025-01-06T08:25:14.605+0000] {logging_mixin.py:190} INFO - [2025-01-06T08:25:14.604+0000] {dag.py:3239} INFO - Sync 1 DAGs
[2025-01-06T08:25:14.616+0000] {logging_mixin.py:190} INFO - [2025-01-06T08:25:14.615+0000] {dag.py:4180} INFO - Setting next_dagrun for example_time_delta_sensor_async to None, run_after=None
[2025-01-06T08:25:14.626+0000] {processor.py:208} INFO - Processing /home/airflow/.local/lib/python3.12/site-packages/airflow/example_dags/example_time_delta_sensor_async.py took 0.042 seconds
[2025-01-06T08:25:44.958+0000] {processor.py:186} INFO - Started process (PID=866) to work on /home/airflow/.local/lib/python3.12/site-packages/airflow/example_dags/example_time_delta_sensor_async.py
[2025-01-06T08:25:44.958+0000] {processor.py:914} INFO - Processing file /home/airflow/.local/lib/python3.12/site-packages/airflow/example_dags/example_time_delta_sensor_async.py for tasks to queue
[2025-01-06T08:25:44.959+0000] {logging_mixin.py:190} INFO - [2025-01-06T08:25:44.959+0000] {dagbag.py:588} INFO - Filling up the DagBag from /home/airflow/.local/lib/python3.12/site-packages/airflow/example_dags/example_time_delta_sensor_async.py
[2025-01-06T08:25:44.963+0000] {processor.py:925} INFO - DAG(s) 'example_time_delta_sensor_async' retrieved from /home/airflow/.local/lib/python3.12/site-packages/airflow/example_dags/example_time_delta_sensor_async.py
[2025-01-06T08:25:44.975+0000] {logging_mixin.py:190} INFO - [2025-01-06T08:25:44.975+0000] {dag.py:3239} INFO - Sync 1 DAGs
[2025-01-06T08:25:44.983+0000] {logging_mixin.py:190} INFO - [2025-01-06T08:25:44.983+0000] {dag.py:4180} INFO - Setting next_dagrun for example_time_delta_sensor_async to None, run_after=None
[2025-01-06T08:25:44.995+0000] {processor.py:208} INFO - Processing /home/airflow/.local/lib/python3.12/site-packages/airflow/example_dags/example_time_delta_sensor_async.py took 0.040 seconds
[2025-01-06T08:26:15.381+0000] {processor.py:186} INFO - Started process (PID=937) to work on /home/airflow/.local/lib/python3.12/site-packages/airflow/example_dags/example_time_delta_sensor_async.py
[2025-01-06T08:26:15.381+0000] {processor.py:914} INFO - Processing file /home/airflow/.local/lib/python3.12/site-packages/airflow/example_dags/example_time_delta_sensor_async.py for tasks to queue
[2025-01-06T08:26:15.382+0000] {logging_mixin.py:190} INFO - [2025-01-06T08:26:15.382+0000] {dagbag.py:588} INFO - Filling up the DagBag from /home/airflow/.local/lib/python3.12/site-packages/airflow/example_dags/example_time_delta_sensor_async.py
[2025-01-06T08:26:15.386+0000] {processor.py:925} INFO - DAG(s) 'example_time_delta_sensor_async' retrieved from /home/airflow/.local/lib/python3.12/site-packages/airflow/example_dags/example_time_delta_sensor_async.py
[2025-01-06T08:26:15.397+0000] {logging_mixin.py:190} INFO - [2025-01-06T08:26:15.397+0000] {dag.py:3239} INFO - Sync 1 DAGs
[2025-01-06T08:26:15.404+0000] {logging_mixin.py:190} INFO - [2025-01-06T08:26:15.404+0000] {dag.py:4180} INFO - Setting next_dagrun for example_time_delta_sensor_async to None, run_after=None
[2025-01-06T08:26:15.414+0000] {processor.py:208} INFO - Processing /home/airflow/.local/lib/python3.12/site-packages/airflow/example_dags/example_time_delta_sensor_async.py took 0.037 seconds
[2025-01-06T08:26:45.772+0000] {processor.py:186} INFO - Started process (PID=1003) to work on /home/airflow/.local/lib/python3.12/site-packages/airflow/example_dags/example_time_delta_sensor_async.py
[2025-01-06T08:26:45.773+0000] {processor.py:914} INFO - Processing file /home/airflow/.local/lib/python3.12/site-packages/airflow/example_dags/example_time_delta_sensor_async.py for tasks to queue
[2025-01-06T08:26:45.774+0000] {logging_mixin.py:190} INFO - [2025-01-06T08:26:45.774+0000] {dagbag.py:588} INFO - Filling up the DagBag from /home/airflow/.local/lib/python3.12/site-packages/airflow/example_dags/example_time_delta_sensor_async.py
[2025-01-06T08:26:45.777+0000] {processor.py:925} INFO - DAG(s) 'example_time_delta_sensor_async' retrieved from /home/airflow/.local/lib/python3.12/site-packages/airflow/example_dags/example_time_delta_sensor_async.py
[2025-01-06T08:26:45.790+0000] {logging_mixin.py:190} INFO - [2025-01-06T08:26:45.790+0000] {dag.py:3239} INFO - Sync 1 DAGs
[2025-01-06T08:26:45.799+0000] {logging_mixin.py:190} INFO - [2025-01-06T08:26:45.799+0000] {dag.py:4180} INFO - Setting next_dagrun for example_time_delta_sensor_async to None, run_after=None
[2025-01-06T08:26:45.810+0000] {processor.py:208} INFO - Processing /home/airflow/.local/lib/python3.12/site-packages/airflow/example_dags/example_time_delta_sensor_async.py took 0.042 seconds
[2025-01-06T08:27:16.121+0000] {processor.py:186} INFO - Started process (PID=1074) to work on /home/airflow/.local/lib/python3.12/site-packages/airflow/example_dags/example_time_delta_sensor_async.py
[2025-01-06T08:27:16.121+0000] {processor.py:914} INFO - Processing file /home/airflow/.local/lib/python3.12/site-packages/airflow/example_dags/example_time_delta_sensor_async.py for tasks to queue
[2025-01-06T08:27:16.122+0000] {logging_mixin.py:190} INFO - [2025-01-06T08:27:16.122+0000] {dagbag.py:588} INFO - Filling up the DagBag from /home/airflow/.local/lib/python3.12/site-packages/airflow/example_dags/example_time_delta_sensor_async.py
[2025-01-06T08:27:16.126+0000] {processor.py:925} INFO - DAG(s) 'example_time_delta_sensor_async' retrieved from /home/airflow/.local/lib/python3.12/site-packages/airflow/example_dags/example_time_delta_sensor_async.py
[2025-01-06T08:27:16.139+0000] {logging_mixin.py:190} INFO - [2025-01-06T08:27:16.139+0000] {dag.py:3239} INFO - Sync 1 DAGs
[2025-01-06T08:27:16.149+0000] {logging_mixin.py:190} INFO - [2025-01-06T08:27:16.149+0000] {dag.py:4180} INFO - Setting next_dagrun for example_time_delta_sensor_async to None, run_after=None
[2025-01-06T08:27:16.161+0000] {processor.py:208} INFO - Processing /home/airflow/.local/lib/python3.12/site-packages/airflow/example_dags/example_time_delta_sensor_async.py took 0.043 seconds
[2025-01-06T08:27:46.602+0000] {processor.py:186} INFO - Started process (PID=1140) to work on /home/airflow/.local/lib/python3.12/site-packages/airflow/example_dags/example_time_delta_sensor_async.py
[2025-01-06T08:27:46.602+0000] {processor.py:914} INFO - Processing file /home/airflow/.local/lib/python3.12/site-packages/airflow/example_dags/example_time_delta_sensor_async.py for tasks to queue
[2025-01-06T08:27:46.603+0000] {logging_mixin.py:190} INFO - [2025-01-06T08:27:46.603+0000] {dagbag.py:588} INFO - Filling up the DagBag from /home/airflow/.local/lib/python3.12/site-packages/airflow/example_dags/example_time_delta_sensor_async.py
[2025-01-06T08:27:46.607+0000] {processor.py:925} INFO - DAG(s) 'example_time_delta_sensor_async' retrieved from /home/airflow/.local/lib/python3.12/site-packages/airflow/example_dags/example_time_delta_sensor_async.py
[2025-01-06T08:27:46.617+0000] {logging_mixin.py:190} INFO - [2025-01-06T08:27:46.617+0000] {dag.py:3239} INFO - Sync 1 DAGs
[2025-01-06T08:27:46.625+0000] {logging_mixin.py:190} INFO - [2025-01-06T08:27:46.625+0000] {dag.py:4180} INFO - Setting next_dagrun for example_time_delta_sensor_async to None, run_after=None
[2025-01-06T08:27:46.634+0000] {processor.py:208} INFO - Processing /home/airflow/.local/lib/python3.12/site-packages/airflow/example_dags/example_time_delta_sensor_async.py took 0.036 seconds
[2025-01-06T08:28:16.799+0000] {processor.py:186} INFO - Started process (PID=1211) to work on /home/airflow/.local/lib/python3.12/site-packages/airflow/example_dags/example_time_delta_sensor_async.py
[2025-01-06T08:28:16.800+0000] {processor.py:914} INFO - Processing file /home/airflow/.local/lib/python3.12/site-packages/airflow/example_dags/example_time_delta_sensor_async.py for tasks to queue
[2025-01-06T08:28:16.801+0000] {logging_mixin.py:190} INFO - [2025-01-06T08:28:16.801+0000] {dagbag.py:588} INFO - Filling up the DagBag from /home/airflow/.local/lib/python3.12/site-packages/airflow/example_dags/example_time_delta_sensor_async.py
[2025-01-06T08:28:16.806+0000] {processor.py:925} INFO - DAG(s) 'example_time_delta_sensor_async' retrieved from /home/airflow/.local/lib/python3.12/site-packages/airflow/example_dags/example_time_delta_sensor_async.py
[2025-01-06T08:28:16.820+0000] {logging_mixin.py:190} INFO - [2025-01-06T08:28:16.819+0000] {dag.py:3239} INFO - Sync 1 DAGs
[2025-01-06T08:28:16.830+0000] {logging_mixin.py:190} INFO - [2025-01-06T08:28:16.829+0000] {dag.py:4180} INFO - Setting next_dagrun for example_time_delta_sensor_async to None, run_after=None
[2025-01-06T08:28:16.842+0000] {processor.py:208} INFO - Processing /home/airflow/.local/lib/python3.12/site-packages/airflow/example_dags/example_time_delta_sensor_async.py took 0.047 seconds
[2025-01-06T08:28:47.421+0000] {processor.py:186} INFO - Started process (PID=1277) to work on /home/airflow/.local/lib/python3.12/site-packages/airflow/example_dags/example_time_delta_sensor_async.py
[2025-01-06T08:28:47.421+0000] {processor.py:914} INFO - Processing file /home/airflow/.local/lib/python3.12/site-packages/airflow/example_dags/example_time_delta_sensor_async.py for tasks to queue
[2025-01-06T08:28:47.422+0000] {logging_mixin.py:190} INFO - [2025-01-06T08:28:47.422+0000] {dagbag.py:588} INFO - Filling up the DagBag from /home/airflow/.local/lib/python3.12/site-packages/airflow/example_dags/example_time_delta_sensor_async.py
[2025-01-06T08:28:47.426+0000] {processor.py:925} INFO - DAG(s) 'example_time_delta_sensor_async' retrieved from /home/airflow/.local/lib/python3.12/site-packages/airflow/example_dags/example_time_delta_sensor_async.py
[2025-01-06T08:28:47.439+0000] {logging_mixin.py:190} INFO - [2025-01-06T08:28:47.439+0000] {dag.py:3239} INFO - Sync 1 DAGs
[2025-01-06T08:28:47.449+0000] {logging_mixin.py:190} INFO - [2025-01-06T08:28:47.449+0000] {dag.py:4180} INFO - Setting next_dagrun for example_time_delta_sensor_async to None, run_after=None
[2025-01-06T08:28:47.463+0000] {processor.py:208} INFO - Processing /home/airflow/.local/lib/python3.12/site-packages/airflow/example_dags/example_time_delta_sensor_async.py took 0.046 seconds
[2025-01-06T08:29:17.868+0000] {processor.py:186} INFO - Started process (PID=1347) to work on /home/airflow/.local/lib/python3.12/site-packages/airflow/example_dags/example_time_delta_sensor_async.py
[2025-01-06T08:29:17.869+0000] {processor.py:914} INFO - Processing file /home/airflow/.local/lib/python3.12/site-packages/airflow/example_dags/example_time_delta_sensor_async.py for tasks to queue
[2025-01-06T08:29:17.870+0000] {logging_mixin.py:190} INFO - [2025-01-06T08:29:17.870+0000] {dagbag.py:588} INFO - Filling up the DagBag from /home/airflow/.local/lib/python3.12/site-packages/airflow/example_dags/example_time_delta_sensor_async.py
[2025-01-06T08:29:17.874+0000] {processor.py:925} INFO - DAG(s) 'example_time_delta_sensor_async' retrieved from /home/airflow/.local/lib/python3.12/site-packages/airflow/example_dags/example_time_delta_sensor_async.py
[2025-01-06T08:29:17.886+0000] {logging_mixin.py:190} INFO - [2025-01-06T08:29:17.886+0000] {dag.py:3239} INFO - Sync 1 DAGs
[2025-01-06T08:29:17.897+0000] {logging_mixin.py:190} INFO - [2025-01-06T08:29:17.897+0000] {dag.py:4180} INFO - Setting next_dagrun for example_time_delta_sensor_async to None, run_after=None
[2025-01-06T08:29:17.912+0000] {processor.py:208} INFO - Processing /home/airflow/.local/lib/python3.12/site-packages/airflow/example_dags/example_time_delta_sensor_async.py took 0.047 seconds
[2025-01-06T08:29:48.188+0000] {processor.py:186} INFO - Started process (PID=1413) to work on /home/airflow/.local/lib/python3.12/site-packages/airflow/example_dags/example_time_delta_sensor_async.py
[2025-01-06T08:29:48.189+0000] {processor.py:914} INFO - Processing file /home/airflow/.local/lib/python3.12/site-packages/airflow/example_dags/example_time_delta_sensor_async.py for tasks to queue
[2025-01-06T08:29:48.190+0000] {logging_mixin.py:190} INFO - [2025-01-06T08:29:48.190+0000] {dagbag.py:588} INFO - Filling up the DagBag from /home/airflow/.local/lib/python3.12/site-packages/airflow/example_dags/example_time_delta_sensor_async.py
[2025-01-06T08:29:48.194+0000] {processor.py:925} INFO - DAG(s) 'example_time_delta_sensor_async' retrieved from /home/airflow/.local/lib/python3.12/site-packages/airflow/example_dags/example_time_delta_sensor_async.py
[2025-01-06T08:29:48.206+0000] {logging_mixin.py:190} INFO - [2025-01-06T08:29:48.206+0000] {dag.py:3239} INFO - Sync 1 DAGs
[2025-01-06T08:29:48.216+0000] {logging_mixin.py:190} INFO - [2025-01-06T08:29:48.216+0000] {dag.py:4180} INFO - Setting next_dagrun for example_time_delta_sensor_async to None, run_after=None
[2025-01-06T08:29:48.229+0000] {processor.py:208} INFO - Processing /home/airflow/.local/lib/python3.12/site-packages/airflow/example_dags/example_time_delta_sensor_async.py took 0.045 seconds
[2025-01-06T08:30:18.718+0000] {processor.py:186} INFO - Started process (PID=1489) to work on /home/airflow/.local/lib/python3.12/site-packages/airflow/example_dags/example_time_delta_sensor_async.py
[2025-01-06T08:30:18.719+0000] {processor.py:914} INFO - Processing file /home/airflow/.local/lib/python3.12/site-packages/airflow/example_dags/example_time_delta_sensor_async.py for tasks to queue
[2025-01-06T08:30:18.720+0000] {logging_mixin.py:190} INFO - [2025-01-06T08:30:18.720+0000] {dagbag.py:588} INFO - Filling up the DagBag from /home/airflow/.local/lib/python3.12/site-packages/airflow/example_dags/example_time_delta_sensor_async.py
[2025-01-06T08:30:18.724+0000] {processor.py:925} INFO - DAG(s) 'example_time_delta_sensor_async' retrieved from /home/airflow/.local/lib/python3.12/site-packages/airflow/example_dags/example_time_delta_sensor_async.py
[2025-01-06T08:30:18.737+0000] {logging_mixin.py:190} INFO - [2025-01-06T08:30:18.737+0000] {dag.py:3239} INFO - Sync 1 DAGs
[2025-01-06T08:30:18.746+0000] {logging_mixin.py:190} INFO - [2025-01-06T08:30:18.746+0000] {dag.py:4180} INFO - Setting next_dagrun for example_time_delta_sensor_async to None, run_after=None
[2025-01-06T08:30:18.761+0000] {processor.py:208} INFO - Processing /home/airflow/.local/lib/python3.12/site-packages/airflow/example_dags/example_time_delta_sensor_async.py took 0.046 seconds
[2025-01-06T08:30:49.088+0000] {processor.py:186} INFO - Started process (PID=1555) to work on /home/airflow/.local/lib/python3.12/site-packages/airflow/example_dags/example_time_delta_sensor_async.py
[2025-01-06T08:30:49.089+0000] {processor.py:914} INFO - Processing file /home/airflow/.local/lib/python3.12/site-packages/airflow/example_dags/example_time_delta_sensor_async.py for tasks to queue
[2025-01-06T08:30:49.090+0000] {logging_mixin.py:190} INFO - [2025-01-06T08:30:49.090+0000] {dagbag.py:588} INFO - Filling up the DagBag from /home/airflow/.local/lib/python3.12/site-packages/airflow/example_dags/example_time_delta_sensor_async.py
[2025-01-06T08:30:49.094+0000] {processor.py:925} INFO - DAG(s) 'example_time_delta_sensor_async' retrieved from /home/airflow/.local/lib/python3.12/site-packages/airflow/example_dags/example_time_delta_sensor_async.py
[2025-01-06T08:30:49.104+0000] {logging_mixin.py:190} INFO - [2025-01-06T08:30:49.104+0000] {dag.py:3239} INFO - Sync 1 DAGs
[2025-01-06T08:30:49.112+0000] {logging_mixin.py:190} INFO - [2025-01-06T08:30:49.112+0000] {dag.py:4180} INFO - Setting next_dagrun for example_time_delta_sensor_async to None, run_after=None
[2025-01-06T08:30:49.121+0000] {processor.py:208} INFO - Processing /home/airflow/.local/lib/python3.12/site-packages/airflow/example_dags/example_time_delta_sensor_async.py took 0.036 seconds
[2025-01-06T08:31:19.563+0000] {processor.py:186} INFO - Started process (PID=1626) to work on /home/airflow/.local/lib/python3.12/site-packages/airflow/example_dags/example_time_delta_sensor_async.py
[2025-01-06T08:31:19.564+0000] {processor.py:914} INFO - Processing file /home/airflow/.local/lib/python3.12/site-packages/airflow/example_dags/example_time_delta_sensor_async.py for tasks to queue
[2025-01-06T08:31:19.565+0000] {logging_mixin.py:190} INFO - [2025-01-06T08:31:19.565+0000] {dagbag.py:588} INFO - Filling up the DagBag from /home/airflow/.local/lib/python3.12/site-packages/airflow/example_dags/example_time_delta_sensor_async.py
[2025-01-06T08:31:19.569+0000] {processor.py:925} INFO - DAG(s) 'example_time_delta_sensor_async' retrieved from /home/airflow/.local/lib/python3.12/site-packages/airflow/example_dags/example_time_delta_sensor_async.py
[2025-01-06T08:31:19.582+0000] {logging_mixin.py:190} INFO - [2025-01-06T08:31:19.582+0000] {dag.py:3239} INFO - Sync 1 DAGs
[2025-01-06T08:31:19.590+0000] {logging_mixin.py:190} INFO - [2025-01-06T08:31:19.590+0000] {dag.py:4180} INFO - Setting next_dagrun for example_time_delta_sensor_async to None, run_after=None
[2025-01-06T08:31:19.599+0000] {processor.py:208} INFO - Processing /home/airflow/.local/lib/python3.12/site-packages/airflow/example_dags/example_time_delta_sensor_async.py took 0.039 seconds
[2025-01-06T08:31:49.970+0000] {processor.py:186} INFO - Started process (PID=1692) to work on /home/airflow/.local/lib/python3.12/site-packages/airflow/example_dags/example_time_delta_sensor_async.py
[2025-01-06T08:31:49.970+0000] {processor.py:914} INFO - Processing file /home/airflow/.local/lib/python3.12/site-packages/airflow/example_dags/example_time_delta_sensor_async.py for tasks to queue
[2025-01-06T08:31:49.971+0000] {logging_mixin.py:190} INFO - [2025-01-06T08:31:49.971+0000] {dagbag.py:588} INFO - Filling up the DagBag from /home/airflow/.local/lib/python3.12/site-packages/airflow/example_dags/example_time_delta_sensor_async.py
[2025-01-06T08:31:49.975+0000] {processor.py:925} INFO - DAG(s) 'example_time_delta_sensor_async' retrieved from /home/airflow/.local/lib/python3.12/site-packages/airflow/example_dags/example_time_delta_sensor_async.py
[2025-01-06T08:31:49.987+0000] {logging_mixin.py:190} INFO - [2025-01-06T08:31:49.987+0000] {dag.py:3239} INFO - Sync 1 DAGs
[2025-01-06T08:31:49.998+0000] {logging_mixin.py:190} INFO - [2025-01-06T08:31:49.998+0000] {dag.py:4180} INFO - Setting next_dagrun for example_time_delta_sensor_async to None, run_after=None
[2025-01-06T08:31:50.021+0000] {processor.py:208} INFO - Processing /home/airflow/.local/lib/python3.12/site-packages/airflow/example_dags/example_time_delta_sensor_async.py took 0.055 seconds
[2025-01-06T08:32:20.656+0000] {processor.py:186} INFO - Started process (PID=1763) to work on /home/airflow/.local/lib/python3.12/site-packages/airflow/example_dags/example_time_delta_sensor_async.py
[2025-01-06T08:32:20.657+0000] {processor.py:914} INFO - Processing file /home/airflow/.local/lib/python3.12/site-packages/airflow/example_dags/example_time_delta_sensor_async.py for tasks to queue
[2025-01-06T08:32:20.658+0000] {logging_mixin.py:190} INFO - [2025-01-06T08:32:20.658+0000] {dagbag.py:588} INFO - Filling up the DagBag from /home/airflow/.local/lib/python3.12/site-packages/airflow/example_dags/example_time_delta_sensor_async.py
[2025-01-06T08:32:20.663+0000] {processor.py:925} INFO - DAG(s) 'example_time_delta_sensor_async' retrieved from /home/airflow/.local/lib/python3.12/site-packages/airflow/example_dags/example_time_delta_sensor_async.py
[2025-01-06T08:32:20.680+0000] {logging_mixin.py:190} INFO - [2025-01-06T08:32:20.680+0000] {dag.py:3239} INFO - Sync 1 DAGs
[2025-01-06T08:32:20.692+0000] {logging_mixin.py:190} INFO - [2025-01-06T08:32:20.692+0000] {dag.py:4180} INFO - Setting next_dagrun for example_time_delta_sensor_async to None, run_after=None
[2025-01-06T08:32:20.703+0000] {processor.py:208} INFO - Processing /home/airflow/.local/lib/python3.12/site-packages/airflow/example_dags/example_time_delta_sensor_async.py took 0.051 seconds
[2025-01-06T08:32:51.007+0000] {processor.py:186} INFO - Started process (PID=1829) to work on /home/airflow/.local/lib/python3.12/site-packages/airflow/example_dags/example_time_delta_sensor_async.py
[2025-01-06T08:32:51.008+0000] {processor.py:914} INFO - Processing file /home/airflow/.local/lib/python3.12/site-packages/airflow/example_dags/example_time_delta_sensor_async.py for tasks to queue
[2025-01-06T08:32:51.009+0000] {logging_mixin.py:190} INFO - [2025-01-06T08:32:51.009+0000] {dagbag.py:588} INFO - Filling up the DagBag from /home/airflow/.local/lib/python3.12/site-packages/airflow/example_dags/example_time_delta_sensor_async.py
[2025-01-06T08:32:51.013+0000] {processor.py:925} INFO - DAG(s) 'example_time_delta_sensor_async' retrieved from /home/airflow/.local/lib/python3.12/site-packages/airflow/example_dags/example_time_delta_sensor_async.py
[2025-01-06T08:32:51.023+0000] {logging_mixin.py:190} INFO - [2025-01-06T08:32:51.023+0000] {dag.py:3239} INFO - Sync 1 DAGs
[2025-01-06T08:32:51.031+0000] {logging_mixin.py:190} INFO - [2025-01-06T08:32:51.031+0000] {dag.py:4180} INFO - Setting next_dagrun for example_time_delta_sensor_async to None, run_after=None
[2025-01-06T08:32:51.043+0000] {processor.py:208} INFO - Processing /home/airflow/.local/lib/python3.12/site-packages/airflow/example_dags/example_time_delta_sensor_async.py took 0.040 seconds
[2025-01-06T08:33:21.448+0000] {processor.py:186} INFO - Started process (PID=1900) to work on /home/airflow/.local/lib/python3.12/site-packages/airflow/example_dags/example_time_delta_sensor_async.py
[2025-01-06T08:33:21.449+0000] {processor.py:914} INFO - Processing file /home/airflow/.local/lib/python3.12/site-packages/airflow/example_dags/example_time_delta_sensor_async.py for tasks to queue
[2025-01-06T08:33:21.450+0000] {logging_mixin.py:190} INFO - [2025-01-06T08:33:21.450+0000] {dagbag.py:588} INFO - Filling up the DagBag from /home/airflow/.local/lib/python3.12/site-packages/airflow/example_dags/example_time_delta_sensor_async.py
[2025-01-06T08:33:21.454+0000] {processor.py:925} INFO - DAG(s) 'example_time_delta_sensor_async' retrieved from /home/airflow/.local/lib/python3.12/site-packages/airflow/example_dags/example_time_delta_sensor_async.py
[2025-01-06T08:33:21.468+0000] {logging_mixin.py:190} INFO - [2025-01-06T08:33:21.467+0000] {dag.py:3239} INFO - Sync 1 DAGs
[2025-01-06T08:33:21.478+0000] {logging_mixin.py:190} INFO - [2025-01-06T08:33:21.478+0000] {dag.py:4180} INFO - Setting next_dagrun for example_time_delta_sensor_async to None, run_after=None
[2025-01-06T08:33:21.492+0000] {processor.py:208} INFO - Processing /home/airflow/.local/lib/python3.12/site-packages/airflow/example_dags/example_time_delta_sensor_async.py took 0.047 seconds
