[2025-01-06T08:20:09.032+0000] {processor.py:186} INFO - Started process (PID=85) to work on /home/airflow/.local/lib/python3.12/site-packages/airflow/example_dags/example_latest_only.py
[2025-01-06T08:20:09.033+0000] {processor.py:914} INFO - Processing file /home/airflow/.local/lib/python3.12/site-packages/airflow/example_dags/example_latest_only.py for tasks to queue
[2025-01-06T08:20:09.034+0000] {logging_mixin.py:190} INFO - [2025-01-06T08:20:09.034+0000] {dagbag.py:588} INFO - Filling up the DagBag from /home/airflow/.local/lib/python3.12/site-packages/airflow/example_dags/example_latest_only.py
[2025-01-06T08:20:09.038+0000] {processor.py:925} INFO - DAG(s) 'latest_only' retrieved from /home/airflow/.local/lib/python3.12/site-packages/airflow/example_dags/example_latest_only.py
[2025-01-06T08:20:09.051+0000] {logging_mixin.py:190} INFO - [2025-01-06T08:20:09.050+0000] {dag.py:3239} INFO - Sync 1 DAGs
[2025-01-06T08:20:09.066+0000] {logging_mixin.py:190} INFO - [2025-01-06T08:20:09.065+0000] {dag.py:4180} INFO - Setting next_dagrun for latest_only to 2025-01-06 04:00:00+00:00, run_after=2025-01-06 08:00:00+00:00
[2025-01-06T08:20:09.076+0000] {processor.py:208} INFO - Processing /home/airflow/.local/lib/python3.12/site-packages/airflow/example_dags/example_latest_only.py took 0.047 seconds
[2025-01-06T08:20:39.814+0000] {processor.py:186} INFO - Started process (PID=161) to work on /home/airflow/.local/lib/python3.12/site-packages/airflow/example_dags/example_latest_only.py
[2025-01-06T08:20:39.815+0000] {processor.py:914} INFO - Processing file /home/airflow/.local/lib/python3.12/site-packages/airflow/example_dags/example_latest_only.py for tasks to queue
[2025-01-06T08:20:39.816+0000] {logging_mixin.py:190} INFO - [2025-01-06T08:20:39.816+0000] {dagbag.py:588} INFO - Filling up the DagBag from /home/airflow/.local/lib/python3.12/site-packages/airflow/example_dags/example_latest_only.py
[2025-01-06T08:20:39.820+0000] {processor.py:925} INFO - DAG(s) 'latest_only' retrieved from /home/airflow/.local/lib/python3.12/site-packages/airflow/example_dags/example_latest_only.py
[2025-01-06T08:20:39.830+0000] {logging_mixin.py:190} INFO - [2025-01-06T08:20:39.830+0000] {dag.py:3239} INFO - Sync 1 DAGs
[2025-01-06T08:20:39.843+0000] {logging_mixin.py:190} INFO - [2025-01-06T08:20:39.843+0000] {dag.py:4180} INFO - Setting next_dagrun for latest_only to 2025-01-06 04:00:00+00:00, run_after=2025-01-06 08:00:00+00:00
[2025-01-06T08:20:39.852+0000] {processor.py:208} INFO - Processing /home/airflow/.local/lib/python3.12/site-packages/airflow/example_dags/example_latest_only.py took 0.041 seconds
[2025-01-06T08:21:10.337+0000] {processor.py:186} INFO - Started process (PID=232) to work on /home/airflow/.local/lib/python3.12/site-packages/airflow/example_dags/example_latest_only.py
[2025-01-06T08:21:10.338+0000] {processor.py:914} INFO - Processing file /home/airflow/.local/lib/python3.12/site-packages/airflow/example_dags/example_latest_only.py for tasks to queue
[2025-01-06T08:21:10.339+0000] {logging_mixin.py:190} INFO - [2025-01-06T08:21:10.339+0000] {dagbag.py:588} INFO - Filling up the DagBag from /home/airflow/.local/lib/python3.12/site-packages/airflow/example_dags/example_latest_only.py
[2025-01-06T08:21:10.343+0000] {processor.py:925} INFO - DAG(s) 'latest_only' retrieved from /home/airflow/.local/lib/python3.12/site-packages/airflow/example_dags/example_latest_only.py
[2025-01-06T08:21:10.366+0000] {logging_mixin.py:190} INFO - [2025-01-06T08:21:10.366+0000] {dag.py:3239} INFO - Sync 1 DAGs
[2025-01-06T08:21:10.397+0000] {logging_mixin.py:190} INFO - [2025-01-06T08:21:10.397+0000] {dag.py:4180} INFO - Setting next_dagrun for latest_only to 2025-01-06 04:00:00+00:00, run_after=2025-01-06 08:00:00+00:00
[2025-01-06T08:21:10.418+0000] {processor.py:208} INFO - Processing /home/airflow/.local/lib/python3.12/site-packages/airflow/example_dags/example_latest_only.py took 0.085 seconds
[2025-01-06T08:21:40.631+0000] {processor.py:186} INFO - Started process (PID=298) to work on /home/airflow/.local/lib/python3.12/site-packages/airflow/example_dags/example_latest_only.py
[2025-01-06T08:21:40.631+0000] {processor.py:914} INFO - Processing file /home/airflow/.local/lib/python3.12/site-packages/airflow/example_dags/example_latest_only.py for tasks to queue
[2025-01-06T08:21:40.632+0000] {logging_mixin.py:190} INFO - [2025-01-06T08:21:40.632+0000] {dagbag.py:588} INFO - Filling up the DagBag from /home/airflow/.local/lib/python3.12/site-packages/airflow/example_dags/example_latest_only.py
[2025-01-06T08:21:40.636+0000] {processor.py:925} INFO - DAG(s) 'latest_only' retrieved from /home/airflow/.local/lib/python3.12/site-packages/airflow/example_dags/example_latest_only.py
[2025-01-06T08:21:40.647+0000] {logging_mixin.py:190} INFO - [2025-01-06T08:21:40.647+0000] {dag.py:3239} INFO - Sync 1 DAGs
[2025-01-06T08:21:40.660+0000] {logging_mixin.py:190} INFO - [2025-01-06T08:21:40.660+0000] {dag.py:4180} INFO - Setting next_dagrun for latest_only to 2025-01-06 04:00:00+00:00, run_after=2025-01-06 08:00:00+00:00
[2025-01-06T08:21:40.670+0000] {processor.py:208} INFO - Processing /home/airflow/.local/lib/python3.12/site-packages/airflow/example_dags/example_latest_only.py took 0.042 seconds
[2025-01-06T08:22:11.158+0000] {processor.py:186} INFO - Started process (PID=369) to work on /home/airflow/.local/lib/python3.12/site-packages/airflow/example_dags/example_latest_only.py
[2025-01-06T08:22:11.158+0000] {processor.py:914} INFO - Processing file /home/airflow/.local/lib/python3.12/site-packages/airflow/example_dags/example_latest_only.py for tasks to queue
[2025-01-06T08:22:11.159+0000] {logging_mixin.py:190} INFO - [2025-01-06T08:22:11.159+0000] {dagbag.py:588} INFO - Filling up the DagBag from /home/airflow/.local/lib/python3.12/site-packages/airflow/example_dags/example_latest_only.py
[2025-01-06T08:22:11.163+0000] {processor.py:925} INFO - DAG(s) 'latest_only' retrieved from /home/airflow/.local/lib/python3.12/site-packages/airflow/example_dags/example_latest_only.py
[2025-01-06T08:22:11.176+0000] {logging_mixin.py:190} INFO - [2025-01-06T08:22:11.176+0000] {dag.py:3239} INFO - Sync 1 DAGs
[2025-01-06T08:22:11.189+0000] {logging_mixin.py:190} INFO - [2025-01-06T08:22:11.189+0000] {dag.py:4180} INFO - Setting next_dagrun for latest_only to 2025-01-06 04:00:00+00:00, run_after=2025-01-06 08:00:00+00:00
[2025-01-06T08:22:11.199+0000] {processor.py:208} INFO - Processing /home/airflow/.local/lib/python3.12/site-packages/airflow/example_dags/example_latest_only.py took 0.045 seconds
[2025-01-06T08:22:41.603+0000] {processor.py:186} INFO - Started process (PID=435) to work on /home/airflow/.local/lib/python3.12/site-packages/airflow/example_dags/example_latest_only.py
[2025-01-06T08:22:41.604+0000] {processor.py:914} INFO - Processing file /home/airflow/.local/lib/python3.12/site-packages/airflow/example_dags/example_latest_only.py for tasks to queue
[2025-01-06T08:22:41.605+0000] {logging_mixin.py:190} INFO - [2025-01-06T08:22:41.605+0000] {dagbag.py:588} INFO - Filling up the DagBag from /home/airflow/.local/lib/python3.12/site-packages/airflow/example_dags/example_latest_only.py
[2025-01-06T08:22:41.609+0000] {processor.py:925} INFO - DAG(s) 'latest_only' retrieved from /home/airflow/.local/lib/python3.12/site-packages/airflow/example_dags/example_latest_only.py
[2025-01-06T08:22:41.622+0000] {logging_mixin.py:190} INFO - [2025-01-06T08:22:41.621+0000] {dag.py:3239} INFO - Sync 1 DAGs
[2025-01-06T08:22:41.638+0000] {logging_mixin.py:190} INFO - [2025-01-06T08:22:41.638+0000] {dag.py:4180} INFO - Setting next_dagrun for latest_only to 2025-01-06 04:00:00+00:00, run_after=2025-01-06 08:00:00+00:00
[2025-01-06T08:22:41.648+0000] {processor.py:208} INFO - Processing /home/airflow/.local/lib/python3.12/site-packages/airflow/example_dags/example_latest_only.py took 0.048 seconds
[2025-01-06T08:23:12.005+0000] {processor.py:186} INFO - Started process (PID=506) to work on /home/airflow/.local/lib/python3.12/site-packages/airflow/example_dags/example_latest_only.py
[2025-01-06T08:23:12.005+0000] {processor.py:914} INFO - Processing file /home/airflow/.local/lib/python3.12/site-packages/airflow/example_dags/example_latest_only.py for tasks to queue
[2025-01-06T08:23:12.007+0000] {logging_mixin.py:190} INFO - [2025-01-06T08:23:12.006+0000] {dagbag.py:588} INFO - Filling up the DagBag from /home/airflow/.local/lib/python3.12/site-packages/airflow/example_dags/example_latest_only.py
[2025-01-06T08:23:12.011+0000] {processor.py:925} INFO - DAG(s) 'latest_only' retrieved from /home/airflow/.local/lib/python3.12/site-packages/airflow/example_dags/example_latest_only.py
[2025-01-06T08:23:12.021+0000] {logging_mixin.py:190} INFO - [2025-01-06T08:23:12.021+0000] {dag.py:3239} INFO - Sync 1 DAGs
[2025-01-06T08:23:12.033+0000] {logging_mixin.py:190} INFO - [2025-01-06T08:23:12.033+0000] {dag.py:4180} INFO - Setting next_dagrun for latest_only to 2025-01-06 04:00:00+00:00, run_after=2025-01-06 08:00:00+00:00
[2025-01-06T08:23:12.042+0000] {processor.py:208} INFO - Processing /home/airflow/.local/lib/python3.12/site-packages/airflow/example_dags/example_latest_only.py took 0.041 seconds
[2025-01-06T08:23:42.583+0000] {processor.py:186} INFO - Started process (PID=572) to work on /home/airflow/.local/lib/python3.12/site-packages/airflow/example_dags/example_latest_only.py
[2025-01-06T08:23:42.583+0000] {processor.py:914} INFO - Processing file /home/airflow/.local/lib/python3.12/site-packages/airflow/example_dags/example_latest_only.py for tasks to queue
[2025-01-06T08:23:42.584+0000] {logging_mixin.py:190} INFO - [2025-01-06T08:23:42.584+0000] {dagbag.py:588} INFO - Filling up the DagBag from /home/airflow/.local/lib/python3.12/site-packages/airflow/example_dags/example_latest_only.py
[2025-01-06T08:23:42.588+0000] {processor.py:925} INFO - DAG(s) 'latest_only' retrieved from /home/airflow/.local/lib/python3.12/site-packages/airflow/example_dags/example_latest_only.py
[2025-01-06T08:23:42.602+0000] {logging_mixin.py:190} INFO - [2025-01-06T08:23:42.601+0000] {dag.py:3239} INFO - Sync 1 DAGs
[2025-01-06T08:23:42.617+0000] {logging_mixin.py:190} INFO - [2025-01-06T08:23:42.617+0000] {dag.py:4180} INFO - Setting next_dagrun for latest_only to 2025-01-06 04:00:00+00:00, run_after=2025-01-06 08:00:00+00:00
[2025-01-06T08:23:42.629+0000] {processor.py:208} INFO - Processing /home/airflow/.local/lib/python3.12/site-packages/airflow/example_dags/example_latest_only.py took 0.050 seconds
[2025-01-06T08:24:13.051+0000] {processor.py:186} INFO - Started process (PID=643) to work on /home/airflow/.local/lib/python3.12/site-packages/airflow/example_dags/example_latest_only.py
[2025-01-06T08:24:13.052+0000] {processor.py:914} INFO - Processing file /home/airflow/.local/lib/python3.12/site-packages/airflow/example_dags/example_latest_only.py for tasks to queue
[2025-01-06T08:24:13.053+0000] {logging_mixin.py:190} INFO - [2025-01-06T08:24:13.053+0000] {dagbag.py:588} INFO - Filling up the DagBag from /home/airflow/.local/lib/python3.12/site-packages/airflow/example_dags/example_latest_only.py
[2025-01-06T08:24:13.057+0000] {processor.py:925} INFO - DAG(s) 'latest_only' retrieved from /home/airflow/.local/lib/python3.12/site-packages/airflow/example_dags/example_latest_only.py
[2025-01-06T08:24:13.068+0000] {logging_mixin.py:190} INFO - [2025-01-06T08:24:13.068+0000] {dag.py:3239} INFO - Sync 1 DAGs
[2025-01-06T08:24:13.084+0000] {logging_mixin.py:190} INFO - [2025-01-06T08:24:13.084+0000] {dag.py:4180} INFO - Setting next_dagrun for latest_only to 2025-01-06 04:00:00+00:00, run_after=2025-01-06 08:00:00+00:00
[2025-01-06T08:24:13.093+0000] {processor.py:208} INFO - Processing /home/airflow/.local/lib/python3.12/site-packages/airflow/example_dags/example_latest_only.py took 0.046 seconds
[2025-01-06T08:24:43.405+0000] {processor.py:186} INFO - Started process (PID=709) to work on /home/airflow/.local/lib/python3.12/site-packages/airflow/example_dags/example_latest_only.py
[2025-01-06T08:24:43.406+0000] {processor.py:914} INFO - Processing file /home/airflow/.local/lib/python3.12/site-packages/airflow/example_dags/example_latest_only.py for tasks to queue
[2025-01-06T08:24:43.407+0000] {logging_mixin.py:190} INFO - [2025-01-06T08:24:43.407+0000] {dagbag.py:588} INFO - Filling up the DagBag from /home/airflow/.local/lib/python3.12/site-packages/airflow/example_dags/example_latest_only.py
[2025-01-06T08:24:43.411+0000] {processor.py:925} INFO - DAG(s) 'latest_only' retrieved from /home/airflow/.local/lib/python3.12/site-packages/airflow/example_dags/example_latest_only.py
[2025-01-06T08:24:43.424+0000] {logging_mixin.py:190} INFO - [2025-01-06T08:24:43.424+0000] {dag.py:3239} INFO - Sync 1 DAGs
[2025-01-06T08:24:43.441+0000] {logging_mixin.py:190} INFO - [2025-01-06T08:24:43.440+0000] {dag.py:4180} INFO - Setting next_dagrun for latest_only to 2025-01-06 04:00:00+00:00, run_after=2025-01-06 08:00:00+00:00
[2025-01-06T08:24:43.455+0000] {processor.py:208} INFO - Processing /home/airflow/.local/lib/python3.12/site-packages/airflow/example_dags/example_latest_only.py took 0.053 seconds
[2025-01-06T08:25:13.810+0000] {processor.py:186} INFO - Started process (PID=780) to work on /home/airflow/.local/lib/python3.12/site-packages/airflow/example_dags/example_latest_only.py
[2025-01-06T08:25:13.811+0000] {processor.py:914} INFO - Processing file /home/airflow/.local/lib/python3.12/site-packages/airflow/example_dags/example_latest_only.py for tasks to queue
[2025-01-06T08:25:13.813+0000] {logging_mixin.py:190} INFO - [2025-01-06T08:25:13.812+0000] {dagbag.py:588} INFO - Filling up the DagBag from /home/airflow/.local/lib/python3.12/site-packages/airflow/example_dags/example_latest_only.py
[2025-01-06T08:25:13.818+0000] {processor.py:925} INFO - DAG(s) 'latest_only' retrieved from /home/airflow/.local/lib/python3.12/site-packages/airflow/example_dags/example_latest_only.py
[2025-01-06T08:25:13.831+0000] {logging_mixin.py:190} INFO - [2025-01-06T08:25:13.831+0000] {dag.py:3239} INFO - Sync 1 DAGs
[2025-01-06T08:25:13.846+0000] {logging_mixin.py:190} INFO - [2025-01-06T08:25:13.845+0000] {dag.py:4180} INFO - Setting next_dagrun for latest_only to 2025-01-06 04:00:00+00:00, run_after=2025-01-06 08:00:00+00:00
[2025-01-06T08:25:13.855+0000] {processor.py:208} INFO - Processing /home/airflow/.local/lib/python3.12/site-packages/airflow/example_dags/example_latest_only.py took 0.049 seconds
[2025-01-06T08:25:44.138+0000] {processor.py:186} INFO - Started process (PID=846) to work on /home/airflow/.local/lib/python3.12/site-packages/airflow/example_dags/example_latest_only.py
[2025-01-06T08:25:44.138+0000] {processor.py:914} INFO - Processing file /home/airflow/.local/lib/python3.12/site-packages/airflow/example_dags/example_latest_only.py for tasks to queue
[2025-01-06T08:25:44.140+0000] {logging_mixin.py:190} INFO - [2025-01-06T08:25:44.139+0000] {dagbag.py:588} INFO - Filling up the DagBag from /home/airflow/.local/lib/python3.12/site-packages/airflow/example_dags/example_latest_only.py
[2025-01-06T08:25:44.143+0000] {processor.py:925} INFO - DAG(s) 'latest_only' retrieved from /home/airflow/.local/lib/python3.12/site-packages/airflow/example_dags/example_latest_only.py
[2025-01-06T08:25:44.153+0000] {logging_mixin.py:190} INFO - [2025-01-06T08:25:44.153+0000] {dag.py:3239} INFO - Sync 1 DAGs
[2025-01-06T08:25:44.166+0000] {logging_mixin.py:190} INFO - [2025-01-06T08:25:44.166+0000] {dag.py:4180} INFO - Setting next_dagrun for latest_only to 2025-01-06 04:00:00+00:00, run_after=2025-01-06 08:00:00+00:00
[2025-01-06T08:25:44.175+0000] {processor.py:208} INFO - Processing /home/airflow/.local/lib/python3.12/site-packages/airflow/example_dags/example_latest_only.py took 0.039 seconds
[2025-01-06T08:26:14.571+0000] {processor.py:186} INFO - Started process (PID=917) to work on /home/airflow/.local/lib/python3.12/site-packages/airflow/example_dags/example_latest_only.py
[2025-01-06T08:26:14.572+0000] {processor.py:914} INFO - Processing file /home/airflow/.local/lib/python3.12/site-packages/airflow/example_dags/example_latest_only.py for tasks to queue
[2025-01-06T08:26:14.573+0000] {logging_mixin.py:190} INFO - [2025-01-06T08:26:14.573+0000] {dagbag.py:588} INFO - Filling up the DagBag from /home/airflow/.local/lib/python3.12/site-packages/airflow/example_dags/example_latest_only.py
[2025-01-06T08:26:14.578+0000] {processor.py:925} INFO - DAG(s) 'latest_only' retrieved from /home/airflow/.local/lib/python3.12/site-packages/airflow/example_dags/example_latest_only.py
[2025-01-06T08:26:14.593+0000] {logging_mixin.py:190} INFO - [2025-01-06T08:26:14.592+0000] {dag.py:3239} INFO - Sync 1 DAGs
[2025-01-06T08:26:14.608+0000] {logging_mixin.py:190} INFO - [2025-01-06T08:26:14.608+0000] {dag.py:4180} INFO - Setting next_dagrun for latest_only to 2025-01-06 04:00:00+00:00, run_after=2025-01-06 08:00:00+00:00
[2025-01-06T08:26:14.621+0000] {processor.py:208} INFO - Processing /home/airflow/.local/lib/python3.12/site-packages/airflow/example_dags/example_latest_only.py took 0.053 seconds
[2025-01-06T08:26:44.941+0000] {processor.py:186} INFO - Started process (PID=982) to work on /home/airflow/.local/lib/python3.12/site-packages/airflow/example_dags/example_latest_only.py
[2025-01-06T08:26:44.942+0000] {processor.py:914} INFO - Processing file /home/airflow/.local/lib/python3.12/site-packages/airflow/example_dags/example_latest_only.py for tasks to queue
[2025-01-06T08:26:44.943+0000] {logging_mixin.py:190} INFO - [2025-01-06T08:26:44.943+0000] {dagbag.py:588} INFO - Filling up the DagBag from /home/airflow/.local/lib/python3.12/site-packages/airflow/example_dags/example_latest_only.py
[2025-01-06T08:26:44.947+0000] {processor.py:925} INFO - DAG(s) 'latest_only' retrieved from /home/airflow/.local/lib/python3.12/site-packages/airflow/example_dags/example_latest_only.py
[2025-01-06T08:26:44.957+0000] {logging_mixin.py:190} INFO - [2025-01-06T08:26:44.957+0000] {dag.py:3239} INFO - Sync 1 DAGs
[2025-01-06T08:26:44.970+0000] {logging_mixin.py:190} INFO - [2025-01-06T08:26:44.970+0000] {dag.py:4180} INFO - Setting next_dagrun for latest_only to 2025-01-06 04:00:00+00:00, run_after=2025-01-06 08:00:00+00:00
[2025-01-06T08:26:44.980+0000] {processor.py:208} INFO - Processing /home/airflow/.local/lib/python3.12/site-packages/airflow/example_dags/example_latest_only.py took 0.041 seconds
[2025-01-06T08:27:15.345+0000] {processor.py:186} INFO - Started process (PID=1053) to work on /home/airflow/.local/lib/python3.12/site-packages/airflow/example_dags/example_latest_only.py
[2025-01-06T08:27:15.346+0000] {processor.py:914} INFO - Processing file /home/airflow/.local/lib/python3.12/site-packages/airflow/example_dags/example_latest_only.py for tasks to queue
[2025-01-06T08:27:15.347+0000] {logging_mixin.py:190} INFO - [2025-01-06T08:27:15.347+0000] {dagbag.py:588} INFO - Filling up the DagBag from /home/airflow/.local/lib/python3.12/site-packages/airflow/example_dags/example_latest_only.py
[2025-01-06T08:27:15.351+0000] {processor.py:925} INFO - DAG(s) 'latest_only' retrieved from /home/airflow/.local/lib/python3.12/site-packages/airflow/example_dags/example_latest_only.py
[2025-01-06T08:27:15.361+0000] {logging_mixin.py:190} INFO - [2025-01-06T08:27:15.361+0000] {dag.py:3239} INFO - Sync 1 DAGs
[2025-01-06T08:27:15.374+0000] {logging_mixin.py:190} INFO - [2025-01-06T08:27:15.373+0000] {dag.py:4180} INFO - Setting next_dagrun for latest_only to 2025-01-06 04:00:00+00:00, run_after=2025-01-06 08:00:00+00:00
[2025-01-06T08:27:15.383+0000] {processor.py:208} INFO - Processing /home/airflow/.local/lib/python3.12/site-packages/airflow/example_dags/example_latest_only.py took 0.040 seconds
[2025-01-06T08:27:45.853+0000] {processor.py:186} INFO - Started process (PID=1120) to work on /home/airflow/.local/lib/python3.12/site-packages/airflow/example_dags/example_latest_only.py
[2025-01-06T08:27:45.853+0000] {processor.py:914} INFO - Processing file /home/airflow/.local/lib/python3.12/site-packages/airflow/example_dags/example_latest_only.py for tasks to queue
[2025-01-06T08:27:45.854+0000] {logging_mixin.py:190} INFO - [2025-01-06T08:27:45.854+0000] {dagbag.py:588} INFO - Filling up the DagBag from /home/airflow/.local/lib/python3.12/site-packages/airflow/example_dags/example_latest_only.py
[2025-01-06T08:27:45.858+0000] {processor.py:925} INFO - DAG(s) 'latest_only' retrieved from /home/airflow/.local/lib/python3.12/site-packages/airflow/example_dags/example_latest_only.py
[2025-01-06T08:27:45.873+0000] {logging_mixin.py:190} INFO - [2025-01-06T08:27:45.873+0000] {dag.py:3239} INFO - Sync 1 DAGs
[2025-01-06T08:27:45.888+0000] {logging_mixin.py:190} INFO - [2025-01-06T08:27:45.888+0000] {dag.py:4180} INFO - Setting next_dagrun for latest_only to 2025-01-06 04:00:00+00:00, run_after=2025-01-06 08:00:00+00:00
[2025-01-06T08:27:45.898+0000] {processor.py:208} INFO - Processing /home/airflow/.local/lib/python3.12/site-packages/airflow/example_dags/example_latest_only.py took 0.049 seconds
[2025-01-06T08:28:16.093+0000] {processor.py:186} INFO - Started process (PID=1191) to work on /home/airflow/.local/lib/python3.12/site-packages/airflow/example_dags/example_latest_only.py
[2025-01-06T08:28:16.093+0000] {processor.py:914} INFO - Processing file /home/airflow/.local/lib/python3.12/site-packages/airflow/example_dags/example_latest_only.py for tasks to queue
[2025-01-06T08:28:16.095+0000] {logging_mixin.py:190} INFO - [2025-01-06T08:28:16.094+0000] {dagbag.py:588} INFO - Filling up the DagBag from /home/airflow/.local/lib/python3.12/site-packages/airflow/example_dags/example_latest_only.py
[2025-01-06T08:28:16.100+0000] {processor.py:925} INFO - DAG(s) 'latest_only' retrieved from /home/airflow/.local/lib/python3.12/site-packages/airflow/example_dags/example_latest_only.py
[2025-01-06T08:28:16.114+0000] {logging_mixin.py:190} INFO - [2025-01-06T08:28:16.114+0000] {dag.py:3239} INFO - Sync 1 DAGs
[2025-01-06T08:28:16.130+0000] {logging_mixin.py:190} INFO - [2025-01-06T08:28:16.129+0000] {dag.py:4180} INFO - Setting next_dagrun for latest_only to 2025-01-06 04:00:00+00:00, run_after=2025-01-06 08:00:00+00:00
[2025-01-06T08:28:16.138+0000] {processor.py:208} INFO - Processing /home/airflow/.local/lib/python3.12/site-packages/airflow/example_dags/example_latest_only.py took 0.050 seconds
[2025-01-06T08:28:46.656+0000] {processor.py:186} INFO - Started process (PID=1257) to work on /home/airflow/.local/lib/python3.12/site-packages/airflow/example_dags/example_latest_only.py
[2025-01-06T08:28:46.657+0000] {processor.py:914} INFO - Processing file /home/airflow/.local/lib/python3.12/site-packages/airflow/example_dags/example_latest_only.py for tasks to queue
[2025-01-06T08:28:46.658+0000] {logging_mixin.py:190} INFO - [2025-01-06T08:28:46.658+0000] {dagbag.py:588} INFO - Filling up the DagBag from /home/airflow/.local/lib/python3.12/site-packages/airflow/example_dags/example_latest_only.py
[2025-01-06T08:28:46.662+0000] {processor.py:925} INFO - DAG(s) 'latest_only' retrieved from /home/airflow/.local/lib/python3.12/site-packages/airflow/example_dags/example_latest_only.py
[2025-01-06T08:28:46.675+0000] {logging_mixin.py:190} INFO - [2025-01-06T08:28:46.675+0000] {dag.py:3239} INFO - Sync 1 DAGs
[2025-01-06T08:28:46.691+0000] {logging_mixin.py:190} INFO - [2025-01-06T08:28:46.691+0000] {dag.py:4180} INFO - Setting next_dagrun for latest_only to 2025-01-06 04:00:00+00:00, run_after=2025-01-06 08:00:00+00:00
[2025-01-06T08:28:46.704+0000] {processor.py:208} INFO - Processing /home/airflow/.local/lib/python3.12/site-packages/airflow/example_dags/example_latest_only.py took 0.051 seconds
[2025-01-06T08:29:17.116+0000] {processor.py:186} INFO - Started process (PID=1327) to work on /home/airflow/.local/lib/python3.12/site-packages/airflow/example_dags/example_latest_only.py
[2025-01-06T08:29:17.117+0000] {processor.py:914} INFO - Processing file /home/airflow/.local/lib/python3.12/site-packages/airflow/example_dags/example_latest_only.py for tasks to queue
[2025-01-06T08:29:17.118+0000] {logging_mixin.py:190} INFO - [2025-01-06T08:29:17.118+0000] {dagbag.py:588} INFO - Filling up the DagBag from /home/airflow/.local/lib/python3.12/site-packages/airflow/example_dags/example_latest_only.py
[2025-01-06T08:29:17.122+0000] {processor.py:925} INFO - DAG(s) 'latest_only' retrieved from /home/airflow/.local/lib/python3.12/site-packages/airflow/example_dags/example_latest_only.py
[2025-01-06T08:29:17.132+0000] {logging_mixin.py:190} INFO - [2025-01-06T08:29:17.132+0000] {dag.py:3239} INFO - Sync 1 DAGs
[2025-01-06T08:29:17.145+0000] {logging_mixin.py:190} INFO - [2025-01-06T08:29:17.145+0000] {dag.py:4180} INFO - Setting next_dagrun for latest_only to 2025-01-06 04:00:00+00:00, run_after=2025-01-06 08:00:00+00:00
[2025-01-06T08:29:17.154+0000] {processor.py:208} INFO - Processing /home/airflow/.local/lib/python3.12/site-packages/airflow/example_dags/example_latest_only.py took 0.041 seconds
[2025-01-06T08:29:47.501+0000] {processor.py:186} INFO - Started process (PID=1393) to work on /home/airflow/.local/lib/python3.12/site-packages/airflow/example_dags/example_latest_only.py
[2025-01-06T08:29:47.502+0000] {processor.py:914} INFO - Processing file /home/airflow/.local/lib/python3.12/site-packages/airflow/example_dags/example_latest_only.py for tasks to queue
[2025-01-06T08:29:47.503+0000] {logging_mixin.py:190} INFO - [2025-01-06T08:29:47.503+0000] {dagbag.py:588} INFO - Filling up the DagBag from /home/airflow/.local/lib/python3.12/site-packages/airflow/example_dags/example_latest_only.py
[2025-01-06T08:29:47.506+0000] {processor.py:925} INFO - DAG(s) 'latest_only' retrieved from /home/airflow/.local/lib/python3.12/site-packages/airflow/example_dags/example_latest_only.py
[2025-01-06T08:29:47.516+0000] {logging_mixin.py:190} INFO - [2025-01-06T08:29:47.516+0000] {dag.py:3239} INFO - Sync 1 DAGs
[2025-01-06T08:29:47.528+0000] {logging_mixin.py:190} INFO - [2025-01-06T08:29:47.528+0000] {dag.py:4180} INFO - Setting next_dagrun for latest_only to 2025-01-06 04:00:00+00:00, run_after=2025-01-06 08:00:00+00:00
[2025-01-06T08:29:47.537+0000] {processor.py:208} INFO - Processing /home/airflow/.local/lib/python3.12/site-packages/airflow/example_dags/example_latest_only.py took 0.039 seconds
[2025-01-06T08:30:17.975+0000] {processor.py:186} INFO - Started process (PID=1469) to work on /home/airflow/.local/lib/python3.12/site-packages/airflow/example_dags/example_latest_only.py
[2025-01-06T08:30:17.975+0000] {processor.py:914} INFO - Processing file /home/airflow/.local/lib/python3.12/site-packages/airflow/example_dags/example_latest_only.py for tasks to queue
[2025-01-06T08:30:17.976+0000] {logging_mixin.py:190} INFO - [2025-01-06T08:30:17.976+0000] {dagbag.py:588} INFO - Filling up the DagBag from /home/airflow/.local/lib/python3.12/site-packages/airflow/example_dags/example_latest_only.py
[2025-01-06T08:30:17.980+0000] {processor.py:925} INFO - DAG(s) 'latest_only' retrieved from /home/airflow/.local/lib/python3.12/site-packages/airflow/example_dags/example_latest_only.py
[2025-01-06T08:30:17.995+0000] {logging_mixin.py:190} INFO - [2025-01-06T08:30:17.994+0000] {dag.py:3239} INFO - Sync 1 DAGs
[2025-01-06T08:30:18.014+0000] {logging_mixin.py:190} INFO - [2025-01-06T08:30:18.014+0000] {dag.py:4180} INFO - Setting next_dagrun for latest_only to 2025-01-06 04:00:00+00:00, run_after=2025-01-06 08:00:00+00:00
[2025-01-06T08:30:18.027+0000] {processor.py:208} INFO - Processing /home/airflow/.local/lib/python3.12/site-packages/airflow/example_dags/example_latest_only.py took 0.055 seconds
[2025-01-06T08:30:48.374+0000] {processor.py:186} INFO - Started process (PID=1535) to work on /home/airflow/.local/lib/python3.12/site-packages/airflow/example_dags/example_latest_only.py
[2025-01-06T08:30:48.374+0000] {processor.py:914} INFO - Processing file /home/airflow/.local/lib/python3.12/site-packages/airflow/example_dags/example_latest_only.py for tasks to queue
[2025-01-06T08:30:48.375+0000] {logging_mixin.py:190} INFO - [2025-01-06T08:30:48.375+0000] {dagbag.py:588} INFO - Filling up the DagBag from /home/airflow/.local/lib/python3.12/site-packages/airflow/example_dags/example_latest_only.py
[2025-01-06T08:30:48.379+0000] {processor.py:925} INFO - DAG(s) 'latest_only' retrieved from /home/airflow/.local/lib/python3.12/site-packages/airflow/example_dags/example_latest_only.py
[2025-01-06T08:30:48.390+0000] {logging_mixin.py:190} INFO - [2025-01-06T08:30:48.390+0000] {dag.py:3239} INFO - Sync 1 DAGs
[2025-01-06T08:30:48.403+0000] {logging_mixin.py:190} INFO - [2025-01-06T08:30:48.403+0000] {dag.py:4180} INFO - Setting next_dagrun for latest_only to 2025-01-06 04:00:00+00:00, run_after=2025-01-06 08:00:00+00:00
[2025-01-06T08:30:48.413+0000] {processor.py:208} INFO - Processing /home/airflow/.local/lib/python3.12/site-packages/airflow/example_dags/example_latest_only.py took 0.042 seconds
[2025-01-06T08:31:18.802+0000] {processor.py:186} INFO - Started process (PID=1606) to work on /home/airflow/.local/lib/python3.12/site-packages/airflow/example_dags/example_latest_only.py
[2025-01-06T08:31:18.802+0000] {processor.py:914} INFO - Processing file /home/airflow/.local/lib/python3.12/site-packages/airflow/example_dags/example_latest_only.py for tasks to queue
[2025-01-06T08:31:18.803+0000] {logging_mixin.py:190} INFO - [2025-01-06T08:31:18.803+0000] {dagbag.py:588} INFO - Filling up the DagBag from /home/airflow/.local/lib/python3.12/site-packages/airflow/example_dags/example_latest_only.py
[2025-01-06T08:31:18.807+0000] {processor.py:925} INFO - DAG(s) 'latest_only' retrieved from /home/airflow/.local/lib/python3.12/site-packages/airflow/example_dags/example_latest_only.py
[2025-01-06T08:31:18.817+0000] {logging_mixin.py:190} INFO - [2025-01-06T08:31:18.816+0000] {dag.py:3239} INFO - Sync 1 DAGs
[2025-01-06T08:31:18.829+0000] {logging_mixin.py:190} INFO - [2025-01-06T08:31:18.829+0000] {dag.py:4180} INFO - Setting next_dagrun for latest_only to 2025-01-06 04:00:00+00:00, run_after=2025-01-06 08:00:00+00:00
[2025-01-06T08:31:18.838+0000] {processor.py:208} INFO - Processing /home/airflow/.local/lib/python3.12/site-packages/airflow/example_dags/example_latest_only.py took 0.040 seconds
[2025-01-06T08:31:49.262+0000] {processor.py:186} INFO - Started process (PID=1672) to work on /home/airflow/.local/lib/python3.12/site-packages/airflow/example_dags/example_latest_only.py
[2025-01-06T08:31:49.262+0000] {processor.py:914} INFO - Processing file /home/airflow/.local/lib/python3.12/site-packages/airflow/example_dags/example_latest_only.py for tasks to queue
[2025-01-06T08:31:49.264+0000] {logging_mixin.py:190} INFO - [2025-01-06T08:31:49.263+0000] {dagbag.py:588} INFO - Filling up the DagBag from /home/airflow/.local/lib/python3.12/site-packages/airflow/example_dags/example_latest_only.py
[2025-01-06T08:31:49.268+0000] {processor.py:925} INFO - DAG(s) 'latest_only' retrieved from /home/airflow/.local/lib/python3.12/site-packages/airflow/example_dags/example_latest_only.py
[2025-01-06T08:31:49.280+0000] {logging_mixin.py:190} INFO - [2025-01-06T08:31:49.280+0000] {dag.py:3239} INFO - Sync 1 DAGs
[2025-01-06T08:31:49.294+0000] {logging_mixin.py:190} INFO - [2025-01-06T08:31:49.294+0000] {dag.py:4180} INFO - Setting next_dagrun for latest_only to 2025-01-06 04:00:00+00:00, run_after=2025-01-06 08:00:00+00:00
[2025-01-06T08:31:49.306+0000] {processor.py:208} INFO - Processing /home/airflow/.local/lib/python3.12/site-packages/airflow/example_dags/example_latest_only.py took 0.048 seconds
[2025-01-06T08:32:19.776+0000] {processor.py:186} INFO - Started process (PID=1743) to work on /home/airflow/.local/lib/python3.12/site-packages/airflow/example_dags/example_latest_only.py
[2025-01-06T08:32:19.776+0000] {processor.py:914} INFO - Processing file /home/airflow/.local/lib/python3.12/site-packages/airflow/example_dags/example_latest_only.py for tasks to queue
[2025-01-06T08:32:19.778+0000] {logging_mixin.py:190} INFO - [2025-01-06T08:32:19.778+0000] {dagbag.py:588} INFO - Filling up the DagBag from /home/airflow/.local/lib/python3.12/site-packages/airflow/example_dags/example_latest_only.py
[2025-01-06T08:32:19.782+0000] {processor.py:925} INFO - DAG(s) 'latest_only' retrieved from /home/airflow/.local/lib/python3.12/site-packages/airflow/example_dags/example_latest_only.py
[2025-01-06T08:32:19.793+0000] {logging_mixin.py:190} INFO - [2025-01-06T08:32:19.793+0000] {dag.py:3239} INFO - Sync 1 DAGs
[2025-01-06T08:32:19.805+0000] {logging_mixin.py:190} INFO - [2025-01-06T08:32:19.805+0000] {dag.py:4180} INFO - Setting next_dagrun for latest_only to 2025-01-06 04:00:00+00:00, run_after=2025-01-06 08:00:00+00:00
[2025-01-06T08:32:19.814+0000] {processor.py:208} INFO - Processing /home/airflow/.local/lib/python3.12/site-packages/airflow/example_dags/example_latest_only.py took 0.042 seconds
[2025-01-06T08:32:50.250+0000] {processor.py:186} INFO - Started process (PID=1809) to work on /home/airflow/.local/lib/python3.12/site-packages/airflow/example_dags/example_latest_only.py
[2025-01-06T08:32:50.251+0000] {processor.py:914} INFO - Processing file /home/airflow/.local/lib/python3.12/site-packages/airflow/example_dags/example_latest_only.py for tasks to queue
[2025-01-06T08:32:50.252+0000] {logging_mixin.py:190} INFO - [2025-01-06T08:32:50.252+0000] {dagbag.py:588} INFO - Filling up the DagBag from /home/airflow/.local/lib/python3.12/site-packages/airflow/example_dags/example_latest_only.py
[2025-01-06T08:32:50.257+0000] {processor.py:925} INFO - DAG(s) 'latest_only' retrieved from /home/airflow/.local/lib/python3.12/site-packages/airflow/example_dags/example_latest_only.py
[2025-01-06T08:32:50.268+0000] {logging_mixin.py:190} INFO - [2025-01-06T08:32:50.267+0000] {dag.py:3239} INFO - Sync 1 DAGs
[2025-01-06T08:32:50.281+0000] {logging_mixin.py:190} INFO - [2025-01-06T08:32:50.281+0000] {dag.py:4180} INFO - Setting next_dagrun for latest_only to 2025-01-06 04:00:00+00:00, run_after=2025-01-06 08:00:00+00:00
[2025-01-06T08:32:50.290+0000] {processor.py:208} INFO - Processing /home/airflow/.local/lib/python3.12/site-packages/airflow/example_dags/example_latest_only.py took 0.043 seconds
[2025-01-06T08:33:20.591+0000] {processor.py:186} INFO - Started process (PID=1880) to work on /home/airflow/.local/lib/python3.12/site-packages/airflow/example_dags/example_latest_only.py
[2025-01-06T08:33:20.592+0000] {processor.py:914} INFO - Processing file /home/airflow/.local/lib/python3.12/site-packages/airflow/example_dags/example_latest_only.py for tasks to queue
[2025-01-06T08:33:20.593+0000] {logging_mixin.py:190} INFO - [2025-01-06T08:33:20.593+0000] {dagbag.py:588} INFO - Filling up the DagBag from /home/airflow/.local/lib/python3.12/site-packages/airflow/example_dags/example_latest_only.py
[2025-01-06T08:33:20.598+0000] {processor.py:925} INFO - DAG(s) 'latest_only' retrieved from /home/airflow/.local/lib/python3.12/site-packages/airflow/example_dags/example_latest_only.py
[2025-01-06T08:33:20.612+0000] {logging_mixin.py:190} INFO - [2025-01-06T08:33:20.611+0000] {dag.py:3239} INFO - Sync 1 DAGs
[2025-01-06T08:33:20.630+0000] {logging_mixin.py:190} INFO - [2025-01-06T08:33:20.630+0000] {dag.py:4180} INFO - Setting next_dagrun for latest_only to 2025-01-06 04:00:00+00:00, run_after=2025-01-06 08:00:00+00:00
[2025-01-06T08:33:20.644+0000] {processor.py:208} INFO - Processing /home/airflow/.local/lib/python3.12/site-packages/airflow/example_dags/example_latest_only.py took 0.057 seconds
