[2025-01-06T08:20:09.672+0000] {processor.py:186} INFO - Started process (PID=100) to work on /home/airflow/.local/lib/python3.12/site-packages/airflow/example_dags/example_skip_dag.py
[2025-01-06T08:20:09.672+0000] {processor.py:914} INFO - Processing file /home/airflow/.local/lib/python3.12/site-packages/airflow/example_dags/example_skip_dag.py for tasks to queue
[2025-01-06T08:20:09.673+0000] {logging_mixin.py:190} INFO - [2025-01-06T08:20:09.673+0000] {dagbag.py:588} INFO - Filling up the DagBag from /home/airflow/.local/lib/python3.12/site-packages/airflow/example_dags/example_skip_dag.py
[2025-01-06T08:20:09.677+0000] {processor.py:925} INFO - DAG(s) 'example_skip_dag' retrieved from /home/airflow/.local/lib/python3.12/site-packages/airflow/example_dags/example_skip_dag.py
[2025-01-06T08:20:09.691+0000] {logging_mixin.py:190} INFO - [2025-01-06T08:20:09.691+0000] {dag.py:3239} INFO - Sync 1 DAGs
[2025-01-06T08:20:09.706+0000] {logging_mixin.py:190} INFO - [2025-01-06T08:20:09.706+0000] {dag.py:4180} INFO - Setting next_dagrun for example_skip_dag to 2025-01-05 00:00:00+00:00, run_after=2025-01-06 00:00:00+00:00
[2025-01-06T08:20:09.717+0000] {processor.py:208} INFO - Processing /home/airflow/.local/lib/python3.12/site-packages/airflow/example_dags/example_skip_dag.py took 0.049 seconds
[2025-01-06T08:20:40.404+0000] {processor.py:186} INFO - Started process (PID=176) to work on /home/airflow/.local/lib/python3.12/site-packages/airflow/example_dags/example_skip_dag.py
[2025-01-06T08:20:40.405+0000] {processor.py:914} INFO - Processing file /home/airflow/.local/lib/python3.12/site-packages/airflow/example_dags/example_skip_dag.py for tasks to queue
[2025-01-06T08:20:40.406+0000] {logging_mixin.py:190} INFO - [2025-01-06T08:20:40.406+0000] {dagbag.py:588} INFO - Filling up the DagBag from /home/airflow/.local/lib/python3.12/site-packages/airflow/example_dags/example_skip_dag.py
[2025-01-06T08:20:40.411+0000] {processor.py:925} INFO - DAG(s) 'example_skip_dag' retrieved from /home/airflow/.local/lib/python3.12/site-packages/airflow/example_dags/example_skip_dag.py
[2025-01-06T08:20:40.426+0000] {logging_mixin.py:190} INFO - [2025-01-06T08:20:40.426+0000] {dag.py:3239} INFO - Sync 1 DAGs
[2025-01-06T08:20:40.440+0000] {logging_mixin.py:190} INFO - [2025-01-06T08:20:40.440+0000] {dag.py:4180} INFO - Setting next_dagrun for example_skip_dag to 2025-01-05 00:00:00+00:00, run_after=2025-01-06 00:00:00+00:00
[2025-01-06T08:20:40.451+0000] {processor.py:208} INFO - Processing /home/airflow/.local/lib/python3.12/site-packages/airflow/example_dags/example_skip_dag.py took 0.051 seconds
[2025-01-06T08:21:10.885+0000] {processor.py:186} INFO - Started process (PID=247) to work on /home/airflow/.local/lib/python3.12/site-packages/airflow/example_dags/example_skip_dag.py
[2025-01-06T08:21:10.885+0000] {processor.py:914} INFO - Processing file /home/airflow/.local/lib/python3.12/site-packages/airflow/example_dags/example_skip_dag.py for tasks to queue
[2025-01-06T08:21:10.886+0000] {logging_mixin.py:190} INFO - [2025-01-06T08:21:10.886+0000] {dagbag.py:588} INFO - Filling up the DagBag from /home/airflow/.local/lib/python3.12/site-packages/airflow/example_dags/example_skip_dag.py
[2025-01-06T08:21:10.890+0000] {processor.py:925} INFO - DAG(s) 'example_skip_dag' retrieved from /home/airflow/.local/lib/python3.12/site-packages/airflow/example_dags/example_skip_dag.py
[2025-01-06T08:21:10.901+0000] {logging_mixin.py:190} INFO - [2025-01-06T08:21:10.901+0000] {dag.py:3239} INFO - Sync 1 DAGs
[2025-01-06T08:21:10.913+0000] {logging_mixin.py:190} INFO - [2025-01-06T08:21:10.913+0000] {dag.py:4180} INFO - Setting next_dagrun for example_skip_dag to 2025-01-05 00:00:00+00:00, run_after=2025-01-06 00:00:00+00:00
[2025-01-06T08:21:10.922+0000] {processor.py:208} INFO - Processing /home/airflow/.local/lib/python3.12/site-packages/airflow/example_dags/example_skip_dag.py took 0.040 seconds
[2025-01-06T08:21:41.232+0000] {processor.py:186} INFO - Started process (PID=313) to work on /home/airflow/.local/lib/python3.12/site-packages/airflow/example_dags/example_skip_dag.py
[2025-01-06T08:21:41.233+0000] {processor.py:914} INFO - Processing file /home/airflow/.local/lib/python3.12/site-packages/airflow/example_dags/example_skip_dag.py for tasks to queue
[2025-01-06T08:21:41.234+0000] {logging_mixin.py:190} INFO - [2025-01-06T08:21:41.234+0000] {dagbag.py:588} INFO - Filling up the DagBag from /home/airflow/.local/lib/python3.12/site-packages/airflow/example_dags/example_skip_dag.py
[2025-01-06T08:21:41.240+0000] {processor.py:925} INFO - DAG(s) 'example_skip_dag' retrieved from /home/airflow/.local/lib/python3.12/site-packages/airflow/example_dags/example_skip_dag.py
[2025-01-06T08:21:41.256+0000] {logging_mixin.py:190} INFO - [2025-01-06T08:21:41.256+0000] {dag.py:3239} INFO - Sync 1 DAGs
[2025-01-06T08:21:41.272+0000] {logging_mixin.py:190} INFO - [2025-01-06T08:21:41.272+0000] {dag.py:4180} INFO - Setting next_dagrun for example_skip_dag to 2025-01-05 00:00:00+00:00, run_after=2025-01-06 00:00:00+00:00
[2025-01-06T08:21:41.284+0000] {processor.py:208} INFO - Processing /home/airflow/.local/lib/python3.12/site-packages/airflow/example_dags/example_skip_dag.py took 0.056 seconds
[2025-01-06T08:22:11.651+0000] {processor.py:186} INFO - Started process (PID=384) to work on /home/airflow/.local/lib/python3.12/site-packages/airflow/example_dags/example_skip_dag.py
[2025-01-06T08:22:11.652+0000] {processor.py:914} INFO - Processing file /home/airflow/.local/lib/python3.12/site-packages/airflow/example_dags/example_skip_dag.py for tasks to queue
[2025-01-06T08:22:11.653+0000] {logging_mixin.py:190} INFO - [2025-01-06T08:22:11.653+0000] {dagbag.py:588} INFO - Filling up the DagBag from /home/airflow/.local/lib/python3.12/site-packages/airflow/example_dags/example_skip_dag.py
[2025-01-06T08:22:11.657+0000] {processor.py:925} INFO - DAG(s) 'example_skip_dag' retrieved from /home/airflow/.local/lib/python3.12/site-packages/airflow/example_dags/example_skip_dag.py
[2025-01-06T08:22:11.673+0000] {logging_mixin.py:190} INFO - [2025-01-06T08:22:11.672+0000] {dag.py:3239} INFO - Sync 1 DAGs
[2025-01-06T08:22:11.686+0000] {logging_mixin.py:190} INFO - [2025-01-06T08:22:11.686+0000] {dag.py:4180} INFO - Setting next_dagrun for example_skip_dag to 2025-01-05 00:00:00+00:00, run_after=2025-01-06 00:00:00+00:00
[2025-01-06T08:22:11.696+0000] {processor.py:208} INFO - Processing /home/airflow/.local/lib/python3.12/site-packages/airflow/example_dags/example_skip_dag.py took 0.048 seconds
[2025-01-06T08:22:42.116+0000] {processor.py:186} INFO - Started process (PID=450) to work on /home/airflow/.local/lib/python3.12/site-packages/airflow/example_dags/example_skip_dag.py
[2025-01-06T08:22:42.117+0000] {processor.py:914} INFO - Processing file /home/airflow/.local/lib/python3.12/site-packages/airflow/example_dags/example_skip_dag.py for tasks to queue
[2025-01-06T08:22:42.118+0000] {logging_mixin.py:190} INFO - [2025-01-06T08:22:42.118+0000] {dagbag.py:588} INFO - Filling up the DagBag from /home/airflow/.local/lib/python3.12/site-packages/airflow/example_dags/example_skip_dag.py
[2025-01-06T08:22:42.123+0000] {processor.py:925} INFO - DAG(s) 'example_skip_dag' retrieved from /home/airflow/.local/lib/python3.12/site-packages/airflow/example_dags/example_skip_dag.py
[2025-01-06T08:22:42.136+0000] {logging_mixin.py:190} INFO - [2025-01-06T08:22:42.136+0000] {dag.py:3239} INFO - Sync 1 DAGs
[2025-01-06T08:22:42.158+0000] {logging_mixin.py:190} INFO - [2025-01-06T08:22:42.158+0000] {dag.py:4180} INFO - Setting next_dagrun for example_skip_dag to 2025-01-05 00:00:00+00:00, run_after=2025-01-06 00:00:00+00:00
[2025-01-06T08:22:42.170+0000] {processor.py:208} INFO - Processing /home/airflow/.local/lib/python3.12/site-packages/airflow/example_dags/example_skip_dag.py took 0.057 seconds
[2025-01-06T08:23:12.649+0000] {processor.py:186} INFO - Started process (PID=521) to work on /home/airflow/.local/lib/python3.12/site-packages/airflow/example_dags/example_skip_dag.py
[2025-01-06T08:23:12.649+0000] {processor.py:914} INFO - Processing file /home/airflow/.local/lib/python3.12/site-packages/airflow/example_dags/example_skip_dag.py for tasks to queue
[2025-01-06T08:23:12.650+0000] {logging_mixin.py:190} INFO - [2025-01-06T08:23:12.650+0000] {dagbag.py:588} INFO - Filling up the DagBag from /home/airflow/.local/lib/python3.12/site-packages/airflow/example_dags/example_skip_dag.py
[2025-01-06T08:23:12.654+0000] {processor.py:925} INFO - DAG(s) 'example_skip_dag' retrieved from /home/airflow/.local/lib/python3.12/site-packages/airflow/example_dags/example_skip_dag.py
[2025-01-06T08:23:12.666+0000] {logging_mixin.py:190} INFO - [2025-01-06T08:23:12.666+0000] {dag.py:3239} INFO - Sync 1 DAGs
[2025-01-06T08:23:12.678+0000] {logging_mixin.py:190} INFO - [2025-01-06T08:23:12.678+0000] {dag.py:4180} INFO - Setting next_dagrun for example_skip_dag to 2025-01-05 00:00:00+00:00, run_after=2025-01-06 00:00:00+00:00
[2025-01-06T08:23:12.687+0000] {processor.py:208} INFO - Processing /home/airflow/.local/lib/python3.12/site-packages/airflow/example_dags/example_skip_dag.py took 0.042 seconds
[2025-01-06T08:23:43.254+0000] {processor.py:186} INFO - Started process (PID=587) to work on /home/airflow/.local/lib/python3.12/site-packages/airflow/example_dags/example_skip_dag.py
[2025-01-06T08:23:43.254+0000] {processor.py:914} INFO - Processing file /home/airflow/.local/lib/python3.12/site-packages/airflow/example_dags/example_skip_dag.py for tasks to queue
[2025-01-06T08:23:43.256+0000] {logging_mixin.py:190} INFO - [2025-01-06T08:23:43.256+0000] {dagbag.py:588} INFO - Filling up the DagBag from /home/airflow/.local/lib/python3.12/site-packages/airflow/example_dags/example_skip_dag.py
[2025-01-06T08:23:43.261+0000] {processor.py:925} INFO - DAG(s) 'example_skip_dag' retrieved from /home/airflow/.local/lib/python3.12/site-packages/airflow/example_dags/example_skip_dag.py
[2025-01-06T08:23:43.282+0000] {logging_mixin.py:190} INFO - [2025-01-06T08:23:43.281+0000] {dag.py:3239} INFO - Sync 1 DAGs
[2025-01-06T08:23:43.294+0000] {logging_mixin.py:190} INFO - [2025-01-06T08:23:43.294+0000] {dag.py:4180} INFO - Setting next_dagrun for example_skip_dag to 2025-01-05 00:00:00+00:00, run_after=2025-01-06 00:00:00+00:00
[2025-01-06T08:23:43.304+0000] {processor.py:208} INFO - Processing /home/airflow/.local/lib/python3.12/site-packages/airflow/example_dags/example_skip_dag.py took 0.054 seconds
[2025-01-06T08:24:13.585+0000] {processor.py:186} INFO - Started process (PID=658) to work on /home/airflow/.local/lib/python3.12/site-packages/airflow/example_dags/example_skip_dag.py
[2025-01-06T08:24:13.586+0000] {processor.py:914} INFO - Processing file /home/airflow/.local/lib/python3.12/site-packages/airflow/example_dags/example_skip_dag.py for tasks to queue
[2025-01-06T08:24:13.587+0000] {logging_mixin.py:190} INFO - [2025-01-06T08:24:13.587+0000] {dagbag.py:588} INFO - Filling up the DagBag from /home/airflow/.local/lib/python3.12/site-packages/airflow/example_dags/example_skip_dag.py
[2025-01-06T08:24:13.591+0000] {processor.py:925} INFO - DAG(s) 'example_skip_dag' retrieved from /home/airflow/.local/lib/python3.12/site-packages/airflow/example_dags/example_skip_dag.py
[2025-01-06T08:24:13.603+0000] {logging_mixin.py:190} INFO - [2025-01-06T08:24:13.603+0000] {dag.py:3239} INFO - Sync 1 DAGs
[2025-01-06T08:24:13.616+0000] {logging_mixin.py:190} INFO - [2025-01-06T08:24:13.616+0000] {dag.py:4180} INFO - Setting next_dagrun for example_skip_dag to 2025-01-05 00:00:00+00:00, run_after=2025-01-06 00:00:00+00:00
[2025-01-06T08:24:13.625+0000] {processor.py:208} INFO - Processing /home/airflow/.local/lib/python3.12/site-packages/airflow/example_dags/example_skip_dag.py took 0.044 seconds
[2025-01-06T08:24:43.988+0000] {processor.py:186} INFO - Started process (PID=724) to work on /home/airflow/.local/lib/python3.12/site-packages/airflow/example_dags/example_skip_dag.py
[2025-01-06T08:24:43.988+0000] {processor.py:914} INFO - Processing file /home/airflow/.local/lib/python3.12/site-packages/airflow/example_dags/example_skip_dag.py for tasks to queue
[2025-01-06T08:24:43.989+0000] {logging_mixin.py:190} INFO - [2025-01-06T08:24:43.989+0000] {dagbag.py:588} INFO - Filling up the DagBag from /home/airflow/.local/lib/python3.12/site-packages/airflow/example_dags/example_skip_dag.py
[2025-01-06T08:24:43.993+0000] {processor.py:925} INFO - DAG(s) 'example_skip_dag' retrieved from /home/airflow/.local/lib/python3.12/site-packages/airflow/example_dags/example_skip_dag.py
[2025-01-06T08:24:44.009+0000] {logging_mixin.py:190} INFO - [2025-01-06T08:24:44.009+0000] {dag.py:3239} INFO - Sync 1 DAGs
[2025-01-06T08:24:44.025+0000] {logging_mixin.py:190} INFO - [2025-01-06T08:24:44.024+0000] {dag.py:4180} INFO - Setting next_dagrun for example_skip_dag to 2025-01-05 00:00:00+00:00, run_after=2025-01-06 00:00:00+00:00
[2025-01-06T08:24:44.035+0000] {processor.py:208} INFO - Processing /home/airflow/.local/lib/python3.12/site-packages/airflow/example_dags/example_skip_dag.py took 0.051 seconds
[2025-01-06T08:25:14.396+0000] {processor.py:186} INFO - Started process (PID=795) to work on /home/airflow/.local/lib/python3.12/site-packages/airflow/example_dags/example_skip_dag.py
[2025-01-06T08:25:14.397+0000] {processor.py:914} INFO - Processing file /home/airflow/.local/lib/python3.12/site-packages/airflow/example_dags/example_skip_dag.py for tasks to queue
[2025-01-06T08:25:14.398+0000] {logging_mixin.py:190} INFO - [2025-01-06T08:25:14.398+0000] {dagbag.py:588} INFO - Filling up the DagBag from /home/airflow/.local/lib/python3.12/site-packages/airflow/example_dags/example_skip_dag.py
[2025-01-06T08:25:14.402+0000] {processor.py:925} INFO - DAG(s) 'example_skip_dag' retrieved from /home/airflow/.local/lib/python3.12/site-packages/airflow/example_dags/example_skip_dag.py
[2025-01-06T08:25:14.414+0000] {logging_mixin.py:190} INFO - [2025-01-06T08:25:14.414+0000] {dag.py:3239} INFO - Sync 1 DAGs
[2025-01-06T08:25:14.427+0000] {logging_mixin.py:190} INFO - [2025-01-06T08:25:14.426+0000] {dag.py:4180} INFO - Setting next_dagrun for example_skip_dag to 2025-01-05 00:00:00+00:00, run_after=2025-01-06 00:00:00+00:00
[2025-01-06T08:25:14.436+0000] {processor.py:208} INFO - Processing /home/airflow/.local/lib/python3.12/site-packages/airflow/example_dags/example_skip_dag.py took 0.043 seconds
[2025-01-06T08:25:44.746+0000] {processor.py:186} INFO - Started process (PID=861) to work on /home/airflow/.local/lib/python3.12/site-packages/airflow/example_dags/example_skip_dag.py
[2025-01-06T08:25:44.747+0000] {processor.py:914} INFO - Processing file /home/airflow/.local/lib/python3.12/site-packages/airflow/example_dags/example_skip_dag.py for tasks to queue
[2025-01-06T08:25:44.748+0000] {logging_mixin.py:190} INFO - [2025-01-06T08:25:44.747+0000] {dagbag.py:588} INFO - Filling up the DagBag from /home/airflow/.local/lib/python3.12/site-packages/airflow/example_dags/example_skip_dag.py
[2025-01-06T08:25:44.752+0000] {processor.py:925} INFO - DAG(s) 'example_skip_dag' retrieved from /home/airflow/.local/lib/python3.12/site-packages/airflow/example_dags/example_skip_dag.py
[2025-01-06T08:25:44.763+0000] {logging_mixin.py:190} INFO - [2025-01-06T08:25:44.763+0000] {dag.py:3239} INFO - Sync 1 DAGs
[2025-01-06T08:25:44.778+0000] {logging_mixin.py:190} INFO - [2025-01-06T08:25:44.777+0000] {dag.py:4180} INFO - Setting next_dagrun for example_skip_dag to 2025-01-05 00:00:00+00:00, run_after=2025-01-06 00:00:00+00:00
[2025-01-06T08:25:44.786+0000] {processor.py:208} INFO - Processing /home/airflow/.local/lib/python3.12/site-packages/airflow/example_dags/example_skip_dag.py took 0.044 seconds
[2025-01-06T08:26:15.212+0000] {processor.py:186} INFO - Started process (PID=932) to work on /home/airflow/.local/lib/python3.12/site-packages/airflow/example_dags/example_skip_dag.py
[2025-01-06T08:26:15.213+0000] {processor.py:914} INFO - Processing file /home/airflow/.local/lib/python3.12/site-packages/airflow/example_dags/example_skip_dag.py for tasks to queue
[2025-01-06T08:26:15.214+0000] {logging_mixin.py:190} INFO - [2025-01-06T08:26:15.214+0000] {dagbag.py:588} INFO - Filling up the DagBag from /home/airflow/.local/lib/python3.12/site-packages/airflow/example_dags/example_skip_dag.py
[2025-01-06T08:26:15.220+0000] {processor.py:925} INFO - DAG(s) 'example_skip_dag' retrieved from /home/airflow/.local/lib/python3.12/site-packages/airflow/example_dags/example_skip_dag.py
[2025-01-06T08:26:15.233+0000] {logging_mixin.py:190} INFO - [2025-01-06T08:26:15.232+0000] {dag.py:3239} INFO - Sync 1 DAGs
[2025-01-06T08:26:15.245+0000] {logging_mixin.py:190} INFO - [2025-01-06T08:26:15.245+0000] {dag.py:4180} INFO - Setting next_dagrun for example_skip_dag to 2025-01-05 00:00:00+00:00, run_after=2025-01-06 00:00:00+00:00
[2025-01-06T08:26:15.254+0000] {processor.py:208} INFO - Processing /home/airflow/.local/lib/python3.12/site-packages/airflow/example_dags/example_skip_dag.py took 0.045 seconds
[2025-01-06T08:26:45.466+0000] {processor.py:186} INFO - Started process (PID=998) to work on /home/airflow/.local/lib/python3.12/site-packages/airflow/example_dags/example_skip_dag.py
[2025-01-06T08:26:45.466+0000] {processor.py:914} INFO - Processing file /home/airflow/.local/lib/python3.12/site-packages/airflow/example_dags/example_skip_dag.py for tasks to queue
[2025-01-06T08:26:45.467+0000] {logging_mixin.py:190} INFO - [2025-01-06T08:26:45.467+0000] {dagbag.py:588} INFO - Filling up the DagBag from /home/airflow/.local/lib/python3.12/site-packages/airflow/example_dags/example_skip_dag.py
[2025-01-06T08:26:45.472+0000] {processor.py:925} INFO - DAG(s) 'example_skip_dag' retrieved from /home/airflow/.local/lib/python3.12/site-packages/airflow/example_dags/example_skip_dag.py
[2025-01-06T08:26:45.487+0000] {logging_mixin.py:190} INFO - [2025-01-06T08:26:45.487+0000] {dag.py:3239} INFO - Sync 1 DAGs
[2025-01-06T08:26:45.504+0000] {logging_mixin.py:190} INFO - [2025-01-06T08:26:45.504+0000] {dag.py:4180} INFO - Setting next_dagrun for example_skip_dag to 2025-01-05 00:00:00+00:00, run_after=2025-01-06 00:00:00+00:00
[2025-01-06T08:26:45.517+0000] {processor.py:208} INFO - Processing /home/airflow/.local/lib/python3.12/site-packages/airflow/example_dags/example_skip_dag.py took 0.055 seconds
[2025-01-06T08:27:15.951+0000] {processor.py:186} INFO - Started process (PID=1069) to work on /home/airflow/.local/lib/python3.12/site-packages/airflow/example_dags/example_skip_dag.py
[2025-01-06T08:27:15.951+0000] {processor.py:914} INFO - Processing file /home/airflow/.local/lib/python3.12/site-packages/airflow/example_dags/example_skip_dag.py for tasks to queue
[2025-01-06T08:27:15.953+0000] {logging_mixin.py:190} INFO - [2025-01-06T08:27:15.953+0000] {dagbag.py:588} INFO - Filling up the DagBag from /home/airflow/.local/lib/python3.12/site-packages/airflow/example_dags/example_skip_dag.py
[2025-01-06T08:27:15.957+0000] {processor.py:925} INFO - DAG(s) 'example_skip_dag' retrieved from /home/airflow/.local/lib/python3.12/site-packages/airflow/example_dags/example_skip_dag.py
[2025-01-06T08:27:15.970+0000] {logging_mixin.py:190} INFO - [2025-01-06T08:27:15.970+0000] {dag.py:3239} INFO - Sync 1 DAGs
[2025-01-06T08:27:15.983+0000] {logging_mixin.py:190} INFO - [2025-01-06T08:27:15.983+0000] {dag.py:4180} INFO - Setting next_dagrun for example_skip_dag to 2025-01-05 00:00:00+00:00, run_after=2025-01-06 00:00:00+00:00
[2025-01-06T08:27:15.993+0000] {processor.py:208} INFO - Processing /home/airflow/.local/lib/python3.12/site-packages/airflow/example_dags/example_skip_dag.py took 0.046 seconds
[2025-01-06T08:27:46.402+0000] {processor.py:186} INFO - Started process (PID=1135) to work on /home/airflow/.local/lib/python3.12/site-packages/airflow/example_dags/example_skip_dag.py
[2025-01-06T08:27:46.402+0000] {processor.py:914} INFO - Processing file /home/airflow/.local/lib/python3.12/site-packages/airflow/example_dags/example_skip_dag.py for tasks to queue
[2025-01-06T08:27:46.403+0000] {logging_mixin.py:190} INFO - [2025-01-06T08:27:46.403+0000] {dagbag.py:588} INFO - Filling up the DagBag from /home/airflow/.local/lib/python3.12/site-packages/airflow/example_dags/example_skip_dag.py
[2025-01-06T08:27:46.408+0000] {processor.py:925} INFO - DAG(s) 'example_skip_dag' retrieved from /home/airflow/.local/lib/python3.12/site-packages/airflow/example_dags/example_skip_dag.py
[2025-01-06T08:27:46.425+0000] {logging_mixin.py:190} INFO - [2025-01-06T08:27:46.425+0000] {dag.py:3239} INFO - Sync 1 DAGs
[2025-01-06T08:27:46.443+0000] {logging_mixin.py:190} INFO - [2025-01-06T08:27:46.442+0000] {dag.py:4180} INFO - Setting next_dagrun for example_skip_dag to 2025-01-05 00:00:00+00:00, run_after=2025-01-06 00:00:00+00:00
[2025-01-06T08:27:46.455+0000] {processor.py:208} INFO - Processing /home/airflow/.local/lib/python3.12/site-packages/airflow/example_dags/example_skip_dag.py took 0.057 seconds
[2025-01-06T08:28:16.538+0000] {processor.py:186} INFO - Started process (PID=1206) to work on /home/airflow/.local/lib/python3.12/site-packages/airflow/example_dags/example_skip_dag.py
[2025-01-06T08:28:16.538+0000] {processor.py:914} INFO - Processing file /home/airflow/.local/lib/python3.12/site-packages/airflow/example_dags/example_skip_dag.py for tasks to queue
[2025-01-06T08:28:16.540+0000] {logging_mixin.py:190} INFO - [2025-01-06T08:28:16.539+0000] {dagbag.py:588} INFO - Filling up the DagBag from /home/airflow/.local/lib/python3.12/site-packages/airflow/example_dags/example_skip_dag.py
[2025-01-06T08:28:16.544+0000] {processor.py:925} INFO - DAG(s) 'example_skip_dag' retrieved from /home/airflow/.local/lib/python3.12/site-packages/airflow/example_dags/example_skip_dag.py
[2025-01-06T08:28:16.558+0000] {logging_mixin.py:190} INFO - [2025-01-06T08:28:16.558+0000] {dag.py:3239} INFO - Sync 1 DAGs
[2025-01-06T08:28:16.571+0000] {logging_mixin.py:190} INFO - [2025-01-06T08:28:16.570+0000] {dag.py:4180} INFO - Setting next_dagrun for example_skip_dag to 2025-01-05 00:00:00+00:00, run_after=2025-01-06 00:00:00+00:00
[2025-01-06T08:28:16.579+0000] {processor.py:208} INFO - Processing /home/airflow/.local/lib/python3.12/site-packages/airflow/example_dags/example_skip_dag.py took 0.045 seconds
[2025-01-06T08:28:47.216+0000] {processor.py:186} INFO - Started process (PID=1272) to work on /home/airflow/.local/lib/python3.12/site-packages/airflow/example_dags/example_skip_dag.py
[2025-01-06T08:28:47.217+0000] {processor.py:914} INFO - Processing file /home/airflow/.local/lib/python3.12/site-packages/airflow/example_dags/example_skip_dag.py for tasks to queue
[2025-01-06T08:28:47.218+0000] {logging_mixin.py:190} INFO - [2025-01-06T08:28:47.218+0000] {dagbag.py:588} INFO - Filling up the DagBag from /home/airflow/.local/lib/python3.12/site-packages/airflow/example_dags/example_skip_dag.py
[2025-01-06T08:28:47.222+0000] {processor.py:925} INFO - DAG(s) 'example_skip_dag' retrieved from /home/airflow/.local/lib/python3.12/site-packages/airflow/example_dags/example_skip_dag.py
[2025-01-06T08:28:47.234+0000] {logging_mixin.py:190} INFO - [2025-01-06T08:28:47.234+0000] {dag.py:3239} INFO - Sync 1 DAGs
[2025-01-06T08:28:47.248+0000] {logging_mixin.py:190} INFO - [2025-01-06T08:28:47.248+0000] {dag.py:4180} INFO - Setting next_dagrun for example_skip_dag to 2025-01-05 00:00:00+00:00, run_after=2025-01-06 00:00:00+00:00
[2025-01-06T08:28:47.257+0000] {processor.py:208} INFO - Processing /home/airflow/.local/lib/python3.12/site-packages/airflow/example_dags/example_skip_dag.py took 0.044 seconds
[2025-01-06T08:29:17.652+0000] {processor.py:186} INFO - Started process (PID=1342) to work on /home/airflow/.local/lib/python3.12/site-packages/airflow/example_dags/example_skip_dag.py
[2025-01-06T08:29:17.653+0000] {processor.py:914} INFO - Processing file /home/airflow/.local/lib/python3.12/site-packages/airflow/example_dags/example_skip_dag.py for tasks to queue
[2025-01-06T08:29:17.654+0000] {logging_mixin.py:190} INFO - [2025-01-06T08:29:17.654+0000] {dagbag.py:588} INFO - Filling up the DagBag from /home/airflow/.local/lib/python3.12/site-packages/airflow/example_dags/example_skip_dag.py
[2025-01-06T08:29:17.658+0000] {processor.py:925} INFO - DAG(s) 'example_skip_dag' retrieved from /home/airflow/.local/lib/python3.12/site-packages/airflow/example_dags/example_skip_dag.py
[2025-01-06T08:29:17.673+0000] {logging_mixin.py:190} INFO - [2025-01-06T08:29:17.672+0000] {dag.py:3239} INFO - Sync 1 DAGs
[2025-01-06T08:29:17.691+0000] {logging_mixin.py:190} INFO - [2025-01-06T08:29:17.690+0000] {dag.py:4180} INFO - Setting next_dagrun for example_skip_dag to 2025-01-05 00:00:00+00:00, run_after=2025-01-06 00:00:00+00:00
[2025-01-06T08:29:17.704+0000] {processor.py:208} INFO - Processing /home/airflow/.local/lib/python3.12/site-packages/airflow/example_dags/example_skip_dag.py took 0.054 seconds
[2025-01-06T08:29:47.987+0000] {processor.py:186} INFO - Started process (PID=1408) to work on /home/airflow/.local/lib/python3.12/site-packages/airflow/example_dags/example_skip_dag.py
[2025-01-06T08:29:47.987+0000] {processor.py:914} INFO - Processing file /home/airflow/.local/lib/python3.12/site-packages/airflow/example_dags/example_skip_dag.py for tasks to queue
[2025-01-06T08:29:47.989+0000] {logging_mixin.py:190} INFO - [2025-01-06T08:29:47.988+0000] {dagbag.py:588} INFO - Filling up the DagBag from /home/airflow/.local/lib/python3.12/site-packages/airflow/example_dags/example_skip_dag.py
[2025-01-06T08:29:47.993+0000] {processor.py:925} INFO - DAG(s) 'example_skip_dag' retrieved from /home/airflow/.local/lib/python3.12/site-packages/airflow/example_dags/example_skip_dag.py
[2025-01-06T08:29:48.010+0000] {logging_mixin.py:190} INFO - [2025-01-06T08:29:48.009+0000] {dag.py:3239} INFO - Sync 1 DAGs
[2025-01-06T08:29:48.028+0000] {logging_mixin.py:190} INFO - [2025-01-06T08:29:48.027+0000] {dag.py:4180} INFO - Setting next_dagrun for example_skip_dag to 2025-01-05 00:00:00+00:00, run_after=2025-01-06 00:00:00+00:00
[2025-01-06T08:29:48.040+0000] {processor.py:208} INFO - Processing /home/airflow/.local/lib/python3.12/site-packages/airflow/example_dags/example_skip_dag.py took 0.058 seconds
[2025-01-06T08:30:18.530+0000] {processor.py:186} INFO - Started process (PID=1484) to work on /home/airflow/.local/lib/python3.12/site-packages/airflow/example_dags/example_skip_dag.py
[2025-01-06T08:30:18.531+0000] {processor.py:914} INFO - Processing file /home/airflow/.local/lib/python3.12/site-packages/airflow/example_dags/example_skip_dag.py for tasks to queue
[2025-01-06T08:30:18.532+0000] {logging_mixin.py:190} INFO - [2025-01-06T08:30:18.532+0000] {dagbag.py:588} INFO - Filling up the DagBag from /home/airflow/.local/lib/python3.12/site-packages/airflow/example_dags/example_skip_dag.py
[2025-01-06T08:30:18.536+0000] {processor.py:925} INFO - DAG(s) 'example_skip_dag' retrieved from /home/airflow/.local/lib/python3.12/site-packages/airflow/example_dags/example_skip_dag.py
[2025-01-06T08:30:18.550+0000] {logging_mixin.py:190} INFO - [2025-01-06T08:30:18.550+0000] {dag.py:3239} INFO - Sync 1 DAGs
[2025-01-06T08:30:18.567+0000] {logging_mixin.py:190} INFO - [2025-01-06T08:30:18.567+0000] {dag.py:4180} INFO - Setting next_dagrun for example_skip_dag to 2025-01-05 00:00:00+00:00, run_after=2025-01-06 00:00:00+00:00
[2025-01-06T08:30:18.576+0000] {processor.py:208} INFO - Processing /home/airflow/.local/lib/python3.12/site-packages/airflow/example_dags/example_skip_dag.py took 0.049 seconds
[2025-01-06T08:30:48.905+0000] {processor.py:186} INFO - Started process (PID=1550) to work on /home/airflow/.local/lib/python3.12/site-packages/airflow/example_dags/example_skip_dag.py
[2025-01-06T08:30:48.905+0000] {processor.py:914} INFO - Processing file /home/airflow/.local/lib/python3.12/site-packages/airflow/example_dags/example_skip_dag.py for tasks to queue
[2025-01-06T08:30:48.907+0000] {logging_mixin.py:190} INFO - [2025-01-06T08:30:48.906+0000] {dagbag.py:588} INFO - Filling up the DagBag from /home/airflow/.local/lib/python3.12/site-packages/airflow/example_dags/example_skip_dag.py
[2025-01-06T08:30:48.911+0000] {processor.py:925} INFO - DAG(s) 'example_skip_dag' retrieved from /home/airflow/.local/lib/python3.12/site-packages/airflow/example_dags/example_skip_dag.py
[2025-01-06T08:30:48.923+0000] {logging_mixin.py:190} INFO - [2025-01-06T08:30:48.923+0000] {dag.py:3239} INFO - Sync 1 DAGs
[2025-01-06T08:30:48.936+0000] {logging_mixin.py:190} INFO - [2025-01-06T08:30:48.936+0000] {dag.py:4180} INFO - Setting next_dagrun for example_skip_dag to 2025-01-05 00:00:00+00:00, run_after=2025-01-06 00:00:00+00:00
[2025-01-06T08:30:48.945+0000] {processor.py:208} INFO - Processing /home/airflow/.local/lib/python3.12/site-packages/airflow/example_dags/example_skip_dag.py took 0.043 seconds
[2025-01-06T08:31:19.365+0000] {processor.py:186} INFO - Started process (PID=1621) to work on /home/airflow/.local/lib/python3.12/site-packages/airflow/example_dags/example_skip_dag.py
[2025-01-06T08:31:19.365+0000] {processor.py:914} INFO - Processing file /home/airflow/.local/lib/python3.12/site-packages/airflow/example_dags/example_skip_dag.py for tasks to queue
[2025-01-06T08:31:19.367+0000] {logging_mixin.py:190} INFO - [2025-01-06T08:31:19.366+0000] {dagbag.py:588} INFO - Filling up the DagBag from /home/airflow/.local/lib/python3.12/site-packages/airflow/example_dags/example_skip_dag.py
[2025-01-06T08:31:19.371+0000] {processor.py:925} INFO - DAG(s) 'example_skip_dag' retrieved from /home/airflow/.local/lib/python3.12/site-packages/airflow/example_dags/example_skip_dag.py
[2025-01-06T08:31:19.382+0000] {logging_mixin.py:190} INFO - [2025-01-06T08:31:19.382+0000] {dag.py:3239} INFO - Sync 1 DAGs
[2025-01-06T08:31:19.395+0000] {logging_mixin.py:190} INFO - [2025-01-06T08:31:19.395+0000] {dag.py:4180} INFO - Setting next_dagrun for example_skip_dag to 2025-01-05 00:00:00+00:00, run_after=2025-01-06 00:00:00+00:00
[2025-01-06T08:31:19.403+0000] {processor.py:208} INFO - Processing /home/airflow/.local/lib/python3.12/site-packages/airflow/example_dags/example_skip_dag.py took 0.043 seconds
[2025-01-06T08:31:49.783+0000] {processor.py:186} INFO - Started process (PID=1687) to work on /home/airflow/.local/lib/python3.12/site-packages/airflow/example_dags/example_skip_dag.py
[2025-01-06T08:31:49.784+0000] {processor.py:914} INFO - Processing file /home/airflow/.local/lib/python3.12/site-packages/airflow/example_dags/example_skip_dag.py for tasks to queue
[2025-01-06T08:31:49.785+0000] {logging_mixin.py:190} INFO - [2025-01-06T08:31:49.785+0000] {dagbag.py:588} INFO - Filling up the DagBag from /home/airflow/.local/lib/python3.12/site-packages/airflow/example_dags/example_skip_dag.py
[2025-01-06T08:31:49.789+0000] {processor.py:925} INFO - DAG(s) 'example_skip_dag' retrieved from /home/airflow/.local/lib/python3.12/site-packages/airflow/example_dags/example_skip_dag.py
[2025-01-06T08:31:49.804+0000] {logging_mixin.py:190} INFO - [2025-01-06T08:31:49.804+0000] {dag.py:3239} INFO - Sync 1 DAGs
[2025-01-06T08:31:49.817+0000] {logging_mixin.py:190} INFO - [2025-01-06T08:31:49.817+0000] {dag.py:4180} INFO - Setting next_dagrun for example_skip_dag to 2025-01-05 00:00:00+00:00, run_after=2025-01-06 00:00:00+00:00
[2025-01-06T08:31:49.825+0000] {processor.py:208} INFO - Processing /home/airflow/.local/lib/python3.12/site-packages/airflow/example_dags/example_skip_dag.py took 0.045 seconds
[2025-01-06T08:32:20.461+0000] {processor.py:186} INFO - Started process (PID=1758) to work on /home/airflow/.local/lib/python3.12/site-packages/airflow/example_dags/example_skip_dag.py
[2025-01-06T08:32:20.461+0000] {processor.py:914} INFO - Processing file /home/airflow/.local/lib/python3.12/site-packages/airflow/example_dags/example_skip_dag.py for tasks to queue
[2025-01-06T08:32:20.463+0000] {logging_mixin.py:190} INFO - [2025-01-06T08:32:20.463+0000] {dagbag.py:588} INFO - Filling up the DagBag from /home/airflow/.local/lib/python3.12/site-packages/airflow/example_dags/example_skip_dag.py
[2025-01-06T08:32:20.467+0000] {processor.py:925} INFO - DAG(s) 'example_skip_dag' retrieved from /home/airflow/.local/lib/python3.12/site-packages/airflow/example_dags/example_skip_dag.py
[2025-01-06T08:32:20.478+0000] {logging_mixin.py:190} INFO - [2025-01-06T08:32:20.478+0000] {dag.py:3239} INFO - Sync 1 DAGs
[2025-01-06T08:32:20.490+0000] {logging_mixin.py:190} INFO - [2025-01-06T08:32:20.490+0000] {dag.py:4180} INFO - Setting next_dagrun for example_skip_dag to 2025-01-05 00:00:00+00:00, run_after=2025-01-06 00:00:00+00:00
[2025-01-06T08:32:20.498+0000] {processor.py:208} INFO - Processing /home/airflow/.local/lib/python3.12/site-packages/airflow/example_dags/example_skip_dag.py took 0.042 seconds
[2025-01-06T08:32:50.787+0000] {processor.py:186} INFO - Started process (PID=1824) to work on /home/airflow/.local/lib/python3.12/site-packages/airflow/example_dags/example_skip_dag.py
[2025-01-06T08:32:50.788+0000] {processor.py:914} INFO - Processing file /home/airflow/.local/lib/python3.12/site-packages/airflow/example_dags/example_skip_dag.py for tasks to queue
[2025-01-06T08:32:50.789+0000] {logging_mixin.py:190} INFO - [2025-01-06T08:32:50.789+0000] {dagbag.py:588} INFO - Filling up the DagBag from /home/airflow/.local/lib/python3.12/site-packages/airflow/example_dags/example_skip_dag.py
[2025-01-06T08:32:50.794+0000] {processor.py:925} INFO - DAG(s) 'example_skip_dag' retrieved from /home/airflow/.local/lib/python3.12/site-packages/airflow/example_dags/example_skip_dag.py
[2025-01-06T08:32:50.809+0000] {logging_mixin.py:190} INFO - [2025-01-06T08:32:50.809+0000] {dag.py:3239} INFO - Sync 1 DAGs
[2025-01-06T08:32:50.824+0000] {logging_mixin.py:190} INFO - [2025-01-06T08:32:50.823+0000] {dag.py:4180} INFO - Setting next_dagrun for example_skip_dag to 2025-01-05 00:00:00+00:00, run_after=2025-01-06 00:00:00+00:00
[2025-01-06T08:32:50.836+0000] {processor.py:208} INFO - Processing /home/airflow/.local/lib/python3.12/site-packages/airflow/example_dags/example_skip_dag.py took 0.053 seconds
[2025-01-06T08:33:21.260+0000] {processor.py:186} INFO - Started process (PID=1895) to work on /home/airflow/.local/lib/python3.12/site-packages/airflow/example_dags/example_skip_dag.py
[2025-01-06T08:33:21.260+0000] {processor.py:914} INFO - Processing file /home/airflow/.local/lib/python3.12/site-packages/airflow/example_dags/example_skip_dag.py for tasks to queue
[2025-01-06T08:33:21.261+0000] {logging_mixin.py:190} INFO - [2025-01-06T08:33:21.261+0000] {dagbag.py:588} INFO - Filling up the DagBag from /home/airflow/.local/lib/python3.12/site-packages/airflow/example_dags/example_skip_dag.py
[2025-01-06T08:33:21.265+0000] {processor.py:925} INFO - DAG(s) 'example_skip_dag' retrieved from /home/airflow/.local/lib/python3.12/site-packages/airflow/example_dags/example_skip_dag.py
[2025-01-06T08:33:21.278+0000] {logging_mixin.py:190} INFO - [2025-01-06T08:33:21.278+0000] {dag.py:3239} INFO - Sync 1 DAGs
[2025-01-06T08:33:21.291+0000] {logging_mixin.py:190} INFO - [2025-01-06T08:33:21.291+0000] {dag.py:4180} INFO - Setting next_dagrun for example_skip_dag to 2025-01-05 00:00:00+00:00, run_after=2025-01-06 00:00:00+00:00
[2025-01-06T08:33:21.300+0000] {processor.py:208} INFO - Processing /home/airflow/.local/lib/python3.12/site-packages/airflow/example_dags/example_skip_dag.py took 0.045 seconds
