[2025-01-06T08:20:10.124+0000] {processor.py:186} INFO - Started process (PID=110) to work on /home/airflow/.local/lib/python3.12/site-packages/airflow/example_dags/example_task_group_decorator.py
[2025-01-06T08:20:10.124+0000] {processor.py:914} INFO - Processing file /home/airflow/.local/lib/python3.12/site-packages/airflow/example_dags/example_task_group_decorator.py for tasks to queue
[2025-01-06T08:20:10.125+0000] {logging_mixin.py:190} INFO - [2025-01-06T08:20:10.125+0000] {dagbag.py:588} INFO - Filling up the DagBag from /home/airflow/.local/lib/python3.12/site-packages/airflow/example_dags/example_task_group_decorator.py
[2025-01-06T08:20:10.135+0000] {processor.py:925} INFO - DAG(s) 'example_task_group_decorator' retrieved from /home/airflow/.local/lib/python3.12/site-packages/airflow/example_dags/example_task_group_decorator.py
[2025-01-06T08:20:10.152+0000] {logging_mixin.py:190} INFO - [2025-01-06T08:20:10.152+0000] {dag.py:3239} INFO - Sync 1 DAGs
[2025-01-06T08:20:10.164+0000] {logging_mixin.py:190} INFO - [2025-01-06T08:20:10.164+0000] {dag.py:4180} INFO - Setting next_dagrun for example_task_group_decorator to None, run_after=None
[2025-01-06T08:20:10.177+0000] {processor.py:208} INFO - Processing /home/airflow/.local/lib/python3.12/site-packages/airflow/example_dags/example_task_group_decorator.py took 0.057 seconds
[2025-01-06T08:20:40.770+0000] {processor.py:186} INFO - Started process (PID=186) to work on /home/airflow/.local/lib/python3.12/site-packages/airflow/example_dags/example_task_group_decorator.py
[2025-01-06T08:20:40.771+0000] {processor.py:914} INFO - Processing file /home/airflow/.local/lib/python3.12/site-packages/airflow/example_dags/example_task_group_decorator.py for tasks to queue
[2025-01-06T08:20:40.772+0000] {logging_mixin.py:190} INFO - [2025-01-06T08:20:40.772+0000] {dagbag.py:588} INFO - Filling up the DagBag from /home/airflow/.local/lib/python3.12/site-packages/airflow/example_dags/example_task_group_decorator.py
[2025-01-06T08:20:40.780+0000] {processor.py:925} INFO - DAG(s) 'example_task_group_decorator' retrieved from /home/airflow/.local/lib/python3.12/site-packages/airflow/example_dags/example_task_group_decorator.py
[2025-01-06T08:20:40.794+0000] {logging_mixin.py:190} INFO - [2025-01-06T08:20:40.793+0000] {dag.py:3239} INFO - Sync 1 DAGs
[2025-01-06T08:20:40.801+0000] {logging_mixin.py:190} INFO - [2025-01-06T08:20:40.801+0000] {dag.py:4180} INFO - Setting next_dagrun for example_task_group_decorator to None, run_after=None
[2025-01-06T08:20:40.810+0000] {processor.py:208} INFO - Processing /home/airflow/.local/lib/python3.12/site-packages/airflow/example_dags/example_task_group_decorator.py took 0.043 seconds
[2025-01-06T08:21:11.224+0000] {processor.py:186} INFO - Started process (PID=257) to work on /home/airflow/.local/lib/python3.12/site-packages/airflow/example_dags/example_task_group_decorator.py
[2025-01-06T08:21:11.225+0000] {processor.py:914} INFO - Processing file /home/airflow/.local/lib/python3.12/site-packages/airflow/example_dags/example_task_group_decorator.py for tasks to queue
[2025-01-06T08:21:11.226+0000] {logging_mixin.py:190} INFO - [2025-01-06T08:21:11.226+0000] {dagbag.py:588} INFO - Filling up the DagBag from /home/airflow/.local/lib/python3.12/site-packages/airflow/example_dags/example_task_group_decorator.py
[2025-01-06T08:21:11.234+0000] {processor.py:925} INFO - DAG(s) 'example_task_group_decorator' retrieved from /home/airflow/.local/lib/python3.12/site-packages/airflow/example_dags/example_task_group_decorator.py
[2025-01-06T08:21:11.251+0000] {logging_mixin.py:190} INFO - [2025-01-06T08:21:11.250+0000] {dag.py:3239} INFO - Sync 1 DAGs
[2025-01-06T08:21:11.258+0000] {logging_mixin.py:190} INFO - [2025-01-06T08:21:11.258+0000] {dag.py:4180} INFO - Setting next_dagrun for example_task_group_decorator to None, run_after=None
[2025-01-06T08:21:11.268+0000] {processor.py:208} INFO - Processing /home/airflow/.local/lib/python3.12/site-packages/airflow/example_dags/example_task_group_decorator.py took 0.047 seconds
[2025-01-06T08:21:41.626+0000] {processor.py:186} INFO - Started process (PID=323) to work on /home/airflow/.local/lib/python3.12/site-packages/airflow/example_dags/example_task_group_decorator.py
[2025-01-06T08:21:41.627+0000] {processor.py:914} INFO - Processing file /home/airflow/.local/lib/python3.12/site-packages/airflow/example_dags/example_task_group_decorator.py for tasks to queue
[2025-01-06T08:21:41.629+0000] {logging_mixin.py:190} INFO - [2025-01-06T08:21:41.628+0000] {dagbag.py:588} INFO - Filling up the DagBag from /home/airflow/.local/lib/python3.12/site-packages/airflow/example_dags/example_task_group_decorator.py
[2025-01-06T08:21:41.638+0000] {processor.py:925} INFO - DAG(s) 'example_task_group_decorator' retrieved from /home/airflow/.local/lib/python3.12/site-packages/airflow/example_dags/example_task_group_decorator.py
[2025-01-06T08:21:41.656+0000] {logging_mixin.py:190} INFO - [2025-01-06T08:21:41.655+0000] {dag.py:3239} INFO - Sync 1 DAGs
[2025-01-06T08:21:41.665+0000] {logging_mixin.py:190} INFO - [2025-01-06T08:21:41.665+0000] {dag.py:4180} INFO - Setting next_dagrun for example_task_group_decorator to None, run_after=None
[2025-01-06T08:21:41.677+0000] {processor.py:208} INFO - Processing /home/airflow/.local/lib/python3.12/site-packages/airflow/example_dags/example_task_group_decorator.py took 0.055 seconds
[2025-01-06T08:22:12.057+0000] {processor.py:186} INFO - Started process (PID=394) to work on /home/airflow/.local/lib/python3.12/site-packages/airflow/example_dags/example_task_group_decorator.py
[2025-01-06T08:22:12.058+0000] {processor.py:914} INFO - Processing file /home/airflow/.local/lib/python3.12/site-packages/airflow/example_dags/example_task_group_decorator.py for tasks to queue
[2025-01-06T08:22:12.059+0000] {logging_mixin.py:190} INFO - [2025-01-06T08:22:12.059+0000] {dagbag.py:588} INFO - Filling up the DagBag from /home/airflow/.local/lib/python3.12/site-packages/airflow/example_dags/example_task_group_decorator.py
[2025-01-06T08:22:12.067+0000] {processor.py:925} INFO - DAG(s) 'example_task_group_decorator' retrieved from /home/airflow/.local/lib/python3.12/site-packages/airflow/example_dags/example_task_group_decorator.py
[2025-01-06T08:22:12.082+0000] {logging_mixin.py:190} INFO - [2025-01-06T08:22:12.082+0000] {dag.py:3239} INFO - Sync 1 DAGs
[2025-01-06T08:22:12.089+0000] {logging_mixin.py:190} INFO - [2025-01-06T08:22:12.089+0000] {dag.py:4180} INFO - Setting next_dagrun for example_task_group_decorator to None, run_after=None
[2025-01-06T08:22:12.099+0000] {processor.py:208} INFO - Processing /home/airflow/.local/lib/python3.12/site-packages/airflow/example_dags/example_task_group_decorator.py took 0.045 seconds
[2025-01-06T08:22:42.488+0000] {processor.py:186} INFO - Started process (PID=460) to work on /home/airflow/.local/lib/python3.12/site-packages/airflow/example_dags/example_task_group_decorator.py
[2025-01-06T08:22:42.489+0000] {processor.py:914} INFO - Processing file /home/airflow/.local/lib/python3.12/site-packages/airflow/example_dags/example_task_group_decorator.py for tasks to queue
[2025-01-06T08:22:42.490+0000] {logging_mixin.py:190} INFO - [2025-01-06T08:22:42.490+0000] {dagbag.py:588} INFO - Filling up the DagBag from /home/airflow/.local/lib/python3.12/site-packages/airflow/example_dags/example_task_group_decorator.py
[2025-01-06T08:22:42.498+0000] {processor.py:925} INFO - DAG(s) 'example_task_group_decorator' retrieved from /home/airflow/.local/lib/python3.12/site-packages/airflow/example_dags/example_task_group_decorator.py
[2025-01-06T08:22:42.513+0000] {logging_mixin.py:190} INFO - [2025-01-06T08:22:42.513+0000] {dag.py:3239} INFO - Sync 1 DAGs
[2025-01-06T08:22:42.523+0000] {logging_mixin.py:190} INFO - [2025-01-06T08:22:42.523+0000] {dag.py:4180} INFO - Setting next_dagrun for example_task_group_decorator to None, run_after=None
[2025-01-06T08:22:42.536+0000] {processor.py:208} INFO - Processing /home/airflow/.local/lib/python3.12/site-packages/airflow/example_dags/example_task_group_decorator.py took 0.052 seconds
[2025-01-06T08:23:13.046+0000] {processor.py:186} INFO - Started process (PID=531) to work on /home/airflow/.local/lib/python3.12/site-packages/airflow/example_dags/example_task_group_decorator.py
[2025-01-06T08:23:13.046+0000] {processor.py:914} INFO - Processing file /home/airflow/.local/lib/python3.12/site-packages/airflow/example_dags/example_task_group_decorator.py for tasks to queue
[2025-01-06T08:23:13.047+0000] {logging_mixin.py:190} INFO - [2025-01-06T08:23:13.047+0000] {dagbag.py:588} INFO - Filling up the DagBag from /home/airflow/.local/lib/python3.12/site-packages/airflow/example_dags/example_task_group_decorator.py
[2025-01-06T08:23:13.055+0000] {processor.py:925} INFO - DAG(s) 'example_task_group_decorator' retrieved from /home/airflow/.local/lib/python3.12/site-packages/airflow/example_dags/example_task_group_decorator.py
[2025-01-06T08:23:13.072+0000] {logging_mixin.py:190} INFO - [2025-01-06T08:23:13.072+0000] {dag.py:3239} INFO - Sync 1 DAGs
[2025-01-06T08:23:13.081+0000] {logging_mixin.py:190} INFO - [2025-01-06T08:23:13.081+0000] {dag.py:4180} INFO - Setting next_dagrun for example_task_group_decorator to None, run_after=None
[2025-01-06T08:23:13.094+0000] {processor.py:208} INFO - Processing /home/airflow/.local/lib/python3.12/site-packages/airflow/example_dags/example_task_group_decorator.py took 0.051 seconds
[2025-01-06T08:23:43.672+0000] {processor.py:186} INFO - Started process (PID=597) to work on /home/airflow/.local/lib/python3.12/site-packages/airflow/example_dags/example_task_group_decorator.py
[2025-01-06T08:23:43.672+0000] {processor.py:914} INFO - Processing file /home/airflow/.local/lib/python3.12/site-packages/airflow/example_dags/example_task_group_decorator.py for tasks to queue
[2025-01-06T08:23:43.673+0000] {logging_mixin.py:190} INFO - [2025-01-06T08:23:43.673+0000] {dagbag.py:588} INFO - Filling up the DagBag from /home/airflow/.local/lib/python3.12/site-packages/airflow/example_dags/example_task_group_decorator.py
[2025-01-06T08:23:43.682+0000] {processor.py:925} INFO - DAG(s) 'example_task_group_decorator' retrieved from /home/airflow/.local/lib/python3.12/site-packages/airflow/example_dags/example_task_group_decorator.py
[2025-01-06T08:23:43.698+0000] {logging_mixin.py:190} INFO - [2025-01-06T08:23:43.698+0000] {dag.py:3239} INFO - Sync 1 DAGs
[2025-01-06T08:23:43.706+0000] {logging_mixin.py:190} INFO - [2025-01-06T08:23:43.706+0000] {dag.py:4180} INFO - Setting next_dagrun for example_task_group_decorator to None, run_after=None
[2025-01-06T08:23:43.719+0000] {processor.py:208} INFO - Processing /home/airflow/.local/lib/python3.12/site-packages/airflow/example_dags/example_task_group_decorator.py took 0.050 seconds
[2025-01-06T08:24:13.927+0000] {processor.py:186} INFO - Started process (PID=668) to work on /home/airflow/.local/lib/python3.12/site-packages/airflow/example_dags/example_task_group_decorator.py
[2025-01-06T08:24:13.927+0000] {processor.py:914} INFO - Processing file /home/airflow/.local/lib/python3.12/site-packages/airflow/example_dags/example_task_group_decorator.py for tasks to queue
[2025-01-06T08:24:13.929+0000] {logging_mixin.py:190} INFO - [2025-01-06T08:24:13.928+0000] {dagbag.py:588} INFO - Filling up the DagBag from /home/airflow/.local/lib/python3.12/site-packages/airflow/example_dags/example_task_group_decorator.py
[2025-01-06T08:24:13.937+0000] {processor.py:925} INFO - DAG(s) 'example_task_group_decorator' retrieved from /home/airflow/.local/lib/python3.12/site-packages/airflow/example_dags/example_task_group_decorator.py
[2025-01-06T08:24:13.954+0000] {logging_mixin.py:190} INFO - [2025-01-06T08:24:13.953+0000] {dag.py:3239} INFO - Sync 1 DAGs
[2025-01-06T08:24:13.964+0000] {logging_mixin.py:190} INFO - [2025-01-06T08:24:13.964+0000] {dag.py:4180} INFO - Setting next_dagrun for example_task_group_decorator to None, run_after=None
[2025-01-06T08:24:13.979+0000] {processor.py:208} INFO - Processing /home/airflow/.local/lib/python3.12/site-packages/airflow/example_dags/example_task_group_decorator.py took 0.055 seconds
[2025-01-06T08:24:44.393+0000] {processor.py:186} INFO - Started process (PID=734) to work on /home/airflow/.local/lib/python3.12/site-packages/airflow/example_dags/example_task_group_decorator.py
[2025-01-06T08:24:44.393+0000] {processor.py:914} INFO - Processing file /home/airflow/.local/lib/python3.12/site-packages/airflow/example_dags/example_task_group_decorator.py for tasks to queue
[2025-01-06T08:24:44.394+0000] {logging_mixin.py:190} INFO - [2025-01-06T08:24:44.394+0000] {dagbag.py:588} INFO - Filling up the DagBag from /home/airflow/.local/lib/python3.12/site-packages/airflow/example_dags/example_task_group_decorator.py
[2025-01-06T08:24:44.402+0000] {processor.py:925} INFO - DAG(s) 'example_task_group_decorator' retrieved from /home/airflow/.local/lib/python3.12/site-packages/airflow/example_dags/example_task_group_decorator.py
[2025-01-06T08:24:44.416+0000] {logging_mixin.py:190} INFO - [2025-01-06T08:24:44.415+0000] {dag.py:3239} INFO - Sync 1 DAGs
[2025-01-06T08:24:44.424+0000] {logging_mixin.py:190} INFO - [2025-01-06T08:24:44.423+0000] {dag.py:4180} INFO - Setting next_dagrun for example_task_group_decorator to None, run_after=None
[2025-01-06T08:24:44.433+0000] {processor.py:208} INFO - Processing /home/airflow/.local/lib/python3.12/site-packages/airflow/example_dags/example_task_group_decorator.py took 0.044 seconds
[2025-01-06T08:25:14.825+0000] {processor.py:186} INFO - Started process (PID=805) to work on /home/airflow/.local/lib/python3.12/site-packages/airflow/example_dags/example_task_group_decorator.py
[2025-01-06T08:25:14.825+0000] {processor.py:914} INFO - Processing file /home/airflow/.local/lib/python3.12/site-packages/airflow/example_dags/example_task_group_decorator.py for tasks to queue
[2025-01-06T08:25:14.827+0000] {logging_mixin.py:190} INFO - [2025-01-06T08:25:14.827+0000] {dagbag.py:588} INFO - Filling up the DagBag from /home/airflow/.local/lib/python3.12/site-packages/airflow/example_dags/example_task_group_decorator.py
[2025-01-06T08:25:14.836+0000] {processor.py:925} INFO - DAG(s) 'example_task_group_decorator' retrieved from /home/airflow/.local/lib/python3.12/site-packages/airflow/example_dags/example_task_group_decorator.py
[2025-01-06T08:25:14.850+0000] {logging_mixin.py:190} INFO - [2025-01-06T08:25:14.850+0000] {dag.py:3239} INFO - Sync 1 DAGs
[2025-01-06T08:25:14.857+0000] {logging_mixin.py:190} INFO - [2025-01-06T08:25:14.857+0000] {dag.py:4180} INFO - Setting next_dagrun for example_task_group_decorator to None, run_after=None
[2025-01-06T08:25:14.867+0000] {processor.py:208} INFO - Processing /home/airflow/.local/lib/python3.12/site-packages/airflow/example_dags/example_task_group_decorator.py took 0.046 seconds
[2025-01-06T08:25:45.113+0000] {processor.py:186} INFO - Started process (PID=871) to work on /home/airflow/.local/lib/python3.12/site-packages/airflow/example_dags/example_task_group_decorator.py
[2025-01-06T08:25:45.114+0000] {processor.py:914} INFO - Processing file /home/airflow/.local/lib/python3.12/site-packages/airflow/example_dags/example_task_group_decorator.py for tasks to queue
[2025-01-06T08:25:45.115+0000] {logging_mixin.py:190} INFO - [2025-01-06T08:25:45.115+0000] {dagbag.py:588} INFO - Filling up the DagBag from /home/airflow/.local/lib/python3.12/site-packages/airflow/example_dags/example_task_group_decorator.py
[2025-01-06T08:25:45.125+0000] {processor.py:925} INFO - DAG(s) 'example_task_group_decorator' retrieved from /home/airflow/.local/lib/python3.12/site-packages/airflow/example_dags/example_task_group_decorator.py
[2025-01-06T08:25:45.140+0000] {logging_mixin.py:190} INFO - [2025-01-06T08:25:45.139+0000] {dag.py:3239} INFO - Sync 1 DAGs
[2025-01-06T08:25:45.148+0000] {logging_mixin.py:190} INFO - [2025-01-06T08:25:45.147+0000] {dag.py:4180} INFO - Setting next_dagrun for example_task_group_decorator to None, run_after=None
[2025-01-06T08:25:45.158+0000] {processor.py:208} INFO - Processing /home/airflow/.local/lib/python3.12/site-packages/airflow/example_dags/example_task_group_decorator.py took 0.048 seconds
[2025-01-06T08:26:15.543+0000] {processor.py:186} INFO - Started process (PID=942) to work on /home/airflow/.local/lib/python3.12/site-packages/airflow/example_dags/example_task_group_decorator.py
[2025-01-06T08:26:15.544+0000] {processor.py:914} INFO - Processing file /home/airflow/.local/lib/python3.12/site-packages/airflow/example_dags/example_task_group_decorator.py for tasks to queue
[2025-01-06T08:26:15.545+0000] {logging_mixin.py:190} INFO - [2025-01-06T08:26:15.545+0000] {dagbag.py:588} INFO - Filling up the DagBag from /home/airflow/.local/lib/python3.12/site-packages/airflow/example_dags/example_task_group_decorator.py
[2025-01-06T08:26:15.553+0000] {processor.py:925} INFO - DAG(s) 'example_task_group_decorator' retrieved from /home/airflow/.local/lib/python3.12/site-packages/airflow/example_dags/example_task_group_decorator.py
[2025-01-06T08:26:15.569+0000] {logging_mixin.py:190} INFO - [2025-01-06T08:26:15.569+0000] {dag.py:3239} INFO - Sync 1 DAGs
[2025-01-06T08:26:15.580+0000] {logging_mixin.py:190} INFO - [2025-01-06T08:26:15.580+0000] {dag.py:4180} INFO - Setting next_dagrun for example_task_group_decorator to None, run_after=None
[2025-01-06T08:26:15.590+0000] {processor.py:208} INFO - Processing /home/airflow/.local/lib/python3.12/site-packages/airflow/example_dags/example_task_group_decorator.py took 0.049 seconds
[2025-01-06T08:26:45.959+0000] {processor.py:186} INFO - Started process (PID=1008) to work on /home/airflow/.local/lib/python3.12/site-packages/airflow/example_dags/example_task_group_decorator.py
[2025-01-06T08:26:45.960+0000] {processor.py:914} INFO - Processing file /home/airflow/.local/lib/python3.12/site-packages/airflow/example_dags/example_task_group_decorator.py for tasks to queue
[2025-01-06T08:26:45.962+0000] {logging_mixin.py:190} INFO - [2025-01-06T08:26:45.961+0000] {dagbag.py:588} INFO - Filling up the DagBag from /home/airflow/.local/lib/python3.12/site-packages/airflow/example_dags/example_task_group_decorator.py
[2025-01-06T08:26:45.973+0000] {processor.py:925} INFO - DAG(s) 'example_task_group_decorator' retrieved from /home/airflow/.local/lib/python3.12/site-packages/airflow/example_dags/example_task_group_decorator.py
[2025-01-06T08:26:45.990+0000] {logging_mixin.py:190} INFO - [2025-01-06T08:26:45.989+0000] {dag.py:3239} INFO - Sync 1 DAGs
[2025-01-06T08:26:45.998+0000] {logging_mixin.py:190} INFO - [2025-01-06T08:26:45.998+0000] {dag.py:4180} INFO - Setting next_dagrun for example_task_group_decorator to None, run_after=None
[2025-01-06T08:26:46.008+0000] {processor.py:208} INFO - Processing /home/airflow/.local/lib/python3.12/site-packages/airflow/example_dags/example_task_group_decorator.py took 0.054 seconds
[2025-01-06T08:27:16.318+0000] {processor.py:186} INFO - Started process (PID=1079) to work on /home/airflow/.local/lib/python3.12/site-packages/airflow/example_dags/example_task_group_decorator.py
[2025-01-06T08:27:16.319+0000] {processor.py:914} INFO - Processing file /home/airflow/.local/lib/python3.12/site-packages/airflow/example_dags/example_task_group_decorator.py for tasks to queue
[2025-01-06T08:27:16.320+0000] {logging_mixin.py:190} INFO - [2025-01-06T08:27:16.320+0000] {dagbag.py:588} INFO - Filling up the DagBag from /home/airflow/.local/lib/python3.12/site-packages/airflow/example_dags/example_task_group_decorator.py
[2025-01-06T08:27:16.328+0000] {processor.py:925} INFO - DAG(s) 'example_task_group_decorator' retrieved from /home/airflow/.local/lib/python3.12/site-packages/airflow/example_dags/example_task_group_decorator.py
[2025-01-06T08:27:16.346+0000] {logging_mixin.py:190} INFO - [2025-01-06T08:27:16.346+0000] {dag.py:3239} INFO - Sync 1 DAGs
[2025-01-06T08:27:16.357+0000] {logging_mixin.py:190} INFO - [2025-01-06T08:27:16.356+0000] {dag.py:4180} INFO - Setting next_dagrun for example_task_group_decorator to None, run_after=None
[2025-01-06T08:27:16.369+0000] {processor.py:208} INFO - Processing /home/airflow/.local/lib/python3.12/site-packages/airflow/example_dags/example_task_group_decorator.py took 0.054 seconds
[2025-01-06T08:27:46.731+0000] {processor.py:186} INFO - Started process (PID=1145) to work on /home/airflow/.local/lib/python3.12/site-packages/airflow/example_dags/example_task_group_decorator.py
[2025-01-06T08:27:46.731+0000] {processor.py:914} INFO - Processing file /home/airflow/.local/lib/python3.12/site-packages/airflow/example_dags/example_task_group_decorator.py for tasks to queue
[2025-01-06T08:27:46.732+0000] {logging_mixin.py:190} INFO - [2025-01-06T08:27:46.732+0000] {dagbag.py:588} INFO - Filling up the DagBag from /home/airflow/.local/lib/python3.12/site-packages/airflow/example_dags/example_task_group_decorator.py
[2025-01-06T08:27:46.740+0000] {processor.py:925} INFO - DAG(s) 'example_task_group_decorator' retrieved from /home/airflow/.local/lib/python3.12/site-packages/airflow/example_dags/example_task_group_decorator.py
[2025-01-06T08:27:46.755+0000] {logging_mixin.py:190} INFO - [2025-01-06T08:27:46.755+0000] {dag.py:3239} INFO - Sync 1 DAGs
[2025-01-06T08:27:46.764+0000] {logging_mixin.py:190} INFO - [2025-01-06T08:27:46.764+0000] {dag.py:4180} INFO - Setting next_dagrun for example_task_group_decorator to None, run_after=None
[2025-01-06T08:27:46.773+0000] {processor.py:208} INFO - Processing /home/airflow/.local/lib/python3.12/site-packages/airflow/example_dags/example_task_group_decorator.py took 0.047 seconds
[2025-01-06T08:28:16.957+0000] {processor.py:186} INFO - Started process (PID=1216) to work on /home/airflow/.local/lib/python3.12/site-packages/airflow/example_dags/example_task_group_decorator.py
[2025-01-06T08:28:16.957+0000] {processor.py:914} INFO - Processing file /home/airflow/.local/lib/python3.12/site-packages/airflow/example_dags/example_task_group_decorator.py for tasks to queue
[2025-01-06T08:28:16.958+0000] {logging_mixin.py:190} INFO - [2025-01-06T08:28:16.958+0000] {dagbag.py:588} INFO - Filling up the DagBag from /home/airflow/.local/lib/python3.12/site-packages/airflow/example_dags/example_task_group_decorator.py
[2025-01-06T08:28:16.966+0000] {processor.py:925} INFO - DAG(s) 'example_task_group_decorator' retrieved from /home/airflow/.local/lib/python3.12/site-packages/airflow/example_dags/example_task_group_decorator.py
[2025-01-06T08:28:16.980+0000] {logging_mixin.py:190} INFO - [2025-01-06T08:28:16.980+0000] {dag.py:3239} INFO - Sync 1 DAGs
[2025-01-06T08:28:16.988+0000] {logging_mixin.py:190} INFO - [2025-01-06T08:28:16.988+0000] {dag.py:4180} INFO - Setting next_dagrun for example_task_group_decorator to None, run_after=None
[2025-01-06T08:28:16.998+0000] {processor.py:208} INFO - Processing /home/airflow/.local/lib/python3.12/site-packages/airflow/example_dags/example_task_group_decorator.py took 0.045 seconds
[2025-01-06T08:28:47.615+0000] {processor.py:186} INFO - Started process (PID=1282) to work on /home/airflow/.local/lib/python3.12/site-packages/airflow/example_dags/example_task_group_decorator.py
[2025-01-06T08:28:47.616+0000] {processor.py:914} INFO - Processing file /home/airflow/.local/lib/python3.12/site-packages/airflow/example_dags/example_task_group_decorator.py for tasks to queue
[2025-01-06T08:28:47.617+0000] {logging_mixin.py:190} INFO - [2025-01-06T08:28:47.617+0000] {dagbag.py:588} INFO - Filling up the DagBag from /home/airflow/.local/lib/python3.12/site-packages/airflow/example_dags/example_task_group_decorator.py
[2025-01-06T08:28:47.625+0000] {processor.py:925} INFO - DAG(s) 'example_task_group_decorator' retrieved from /home/airflow/.local/lib/python3.12/site-packages/airflow/example_dags/example_task_group_decorator.py
[2025-01-06T08:28:47.642+0000] {logging_mixin.py:190} INFO - [2025-01-06T08:28:47.642+0000] {dag.py:3239} INFO - Sync 1 DAGs
[2025-01-06T08:28:47.650+0000] {logging_mixin.py:190} INFO - [2025-01-06T08:28:47.650+0000] {dag.py:4180} INFO - Setting next_dagrun for example_task_group_decorator to None, run_after=None
[2025-01-06T08:28:47.660+0000] {processor.py:208} INFO - Processing /home/airflow/.local/lib/python3.12/site-packages/airflow/example_dags/example_task_group_decorator.py took 0.048 seconds
[2025-01-06T08:29:18.038+0000] {processor.py:186} INFO - Started process (PID=1352) to work on /home/airflow/.local/lib/python3.12/site-packages/airflow/example_dags/example_task_group_decorator.py
[2025-01-06T08:29:18.038+0000] {processor.py:914} INFO - Processing file /home/airflow/.local/lib/python3.12/site-packages/airflow/example_dags/example_task_group_decorator.py for tasks to queue
[2025-01-06T08:29:18.039+0000] {logging_mixin.py:190} INFO - [2025-01-06T08:29:18.039+0000] {dagbag.py:588} INFO - Filling up the DagBag from /home/airflow/.local/lib/python3.12/site-packages/airflow/example_dags/example_task_group_decorator.py
[2025-01-06T08:29:18.048+0000] {processor.py:925} INFO - DAG(s) 'example_task_group_decorator' retrieved from /home/airflow/.local/lib/python3.12/site-packages/airflow/example_dags/example_task_group_decorator.py
[2025-01-06T08:29:18.065+0000] {logging_mixin.py:190} INFO - [2025-01-06T08:29:18.065+0000] {dag.py:3239} INFO - Sync 1 DAGs
[2025-01-06T08:29:18.075+0000] {logging_mixin.py:190} INFO - [2025-01-06T08:29:18.075+0000] {dag.py:4180} INFO - Setting next_dagrun for example_task_group_decorator to None, run_after=None
[2025-01-06T08:29:18.088+0000] {processor.py:208} INFO - Processing /home/airflow/.local/lib/python3.12/site-packages/airflow/example_dags/example_task_group_decorator.py took 0.054 seconds
[2025-01-06T08:29:48.388+0000] {processor.py:186} INFO - Started process (PID=1418) to work on /home/airflow/.local/lib/python3.12/site-packages/airflow/example_dags/example_task_group_decorator.py
[2025-01-06T08:29:48.389+0000] {processor.py:914} INFO - Processing file /home/airflow/.local/lib/python3.12/site-packages/airflow/example_dags/example_task_group_decorator.py for tasks to queue
[2025-01-06T08:29:48.390+0000] {logging_mixin.py:190} INFO - [2025-01-06T08:29:48.390+0000] {dagbag.py:588} INFO - Filling up the DagBag from /home/airflow/.local/lib/python3.12/site-packages/airflow/example_dags/example_task_group_decorator.py
[2025-01-06T08:29:48.398+0000] {processor.py:925} INFO - DAG(s) 'example_task_group_decorator' retrieved from /home/airflow/.local/lib/python3.12/site-packages/airflow/example_dags/example_task_group_decorator.py
[2025-01-06T08:29:48.414+0000] {logging_mixin.py:190} INFO - [2025-01-06T08:29:48.414+0000] {dag.py:3239} INFO - Sync 1 DAGs
[2025-01-06T08:29:48.421+0000] {logging_mixin.py:190} INFO - [2025-01-06T08:29:48.421+0000] {dag.py:4180} INFO - Setting next_dagrun for example_task_group_decorator to None, run_after=None
[2025-01-06T08:29:48.431+0000] {processor.py:208} INFO - Processing /home/airflow/.local/lib/python3.12/site-packages/airflow/example_dags/example_task_group_decorator.py took 0.047 seconds
[2025-01-06T08:30:18.882+0000] {processor.py:186} INFO - Started process (PID=1494) to work on /home/airflow/.local/lib/python3.12/site-packages/airflow/example_dags/example_task_group_decorator.py
[2025-01-06T08:30:18.883+0000] {processor.py:914} INFO - Processing file /home/airflow/.local/lib/python3.12/site-packages/airflow/example_dags/example_task_group_decorator.py for tasks to queue
[2025-01-06T08:30:18.884+0000] {logging_mixin.py:190} INFO - [2025-01-06T08:30:18.884+0000] {dagbag.py:588} INFO - Filling up the DagBag from /home/airflow/.local/lib/python3.12/site-packages/airflow/example_dags/example_task_group_decorator.py
[2025-01-06T08:30:18.892+0000] {processor.py:925} INFO - DAG(s) 'example_task_group_decorator' retrieved from /home/airflow/.local/lib/python3.12/site-packages/airflow/example_dags/example_task_group_decorator.py
[2025-01-06T08:30:18.909+0000] {logging_mixin.py:190} INFO - [2025-01-06T08:30:18.909+0000] {dag.py:3239} INFO - Sync 1 DAGs
[2025-01-06T08:30:18.916+0000] {logging_mixin.py:190} INFO - [2025-01-06T08:30:18.916+0000] {dag.py:4180} INFO - Setting next_dagrun for example_task_group_decorator to None, run_after=None
[2025-01-06T08:30:18.926+0000] {processor.py:208} INFO - Processing /home/airflow/.local/lib/python3.12/site-packages/airflow/example_dags/example_task_group_decorator.py took 0.047 seconds
[2025-01-06T08:30:49.268+0000] {processor.py:186} INFO - Started process (PID=1560) to work on /home/airflow/.local/lib/python3.12/site-packages/airflow/example_dags/example_task_group_decorator.py
[2025-01-06T08:30:49.268+0000] {processor.py:914} INFO - Processing file /home/airflow/.local/lib/python3.12/site-packages/airflow/example_dags/example_task_group_decorator.py for tasks to queue
[2025-01-06T08:30:49.270+0000] {logging_mixin.py:190} INFO - [2025-01-06T08:30:49.270+0000] {dagbag.py:588} INFO - Filling up the DagBag from /home/airflow/.local/lib/python3.12/site-packages/airflow/example_dags/example_task_group_decorator.py
[2025-01-06T08:30:49.283+0000] {processor.py:925} INFO - DAG(s) 'example_task_group_decorator' retrieved from /home/airflow/.local/lib/python3.12/site-packages/airflow/example_dags/example_task_group_decorator.py
[2025-01-06T08:30:49.301+0000] {logging_mixin.py:190} INFO - [2025-01-06T08:30:49.301+0000] {dag.py:3239} INFO - Sync 1 DAGs
[2025-01-06T08:30:49.313+0000] {logging_mixin.py:190} INFO - [2025-01-06T08:30:49.313+0000] {dag.py:4180} INFO - Setting next_dagrun for example_task_group_decorator to None, run_after=None
[2025-01-06T08:30:49.327+0000] {processor.py:208} INFO - Processing /home/airflow/.local/lib/python3.12/site-packages/airflow/example_dags/example_task_group_decorator.py took 0.064 seconds
[2025-01-06T08:31:19.742+0000] {processor.py:186} INFO - Started process (PID=1631) to work on /home/airflow/.local/lib/python3.12/site-packages/airflow/example_dags/example_task_group_decorator.py
[2025-01-06T08:31:19.742+0000] {processor.py:914} INFO - Processing file /home/airflow/.local/lib/python3.12/site-packages/airflow/example_dags/example_task_group_decorator.py for tasks to queue
[2025-01-06T08:31:19.744+0000] {logging_mixin.py:190} INFO - [2025-01-06T08:31:19.743+0000] {dagbag.py:588} INFO - Filling up the DagBag from /home/airflow/.local/lib/python3.12/site-packages/airflow/example_dags/example_task_group_decorator.py
[2025-01-06T08:31:19.752+0000] {processor.py:925} INFO - DAG(s) 'example_task_group_decorator' retrieved from /home/airflow/.local/lib/python3.12/site-packages/airflow/example_dags/example_task_group_decorator.py
[2025-01-06T08:31:19.768+0000] {logging_mixin.py:190} INFO - [2025-01-06T08:31:19.767+0000] {dag.py:3239} INFO - Sync 1 DAGs
[2025-01-06T08:31:19.779+0000] {logging_mixin.py:190} INFO - [2025-01-06T08:31:19.779+0000] {dag.py:4180} INFO - Setting next_dagrun for example_task_group_decorator to None, run_after=None
[2025-01-06T08:31:19.792+0000] {processor.py:208} INFO - Processing /home/airflow/.local/lib/python3.12/site-packages/airflow/example_dags/example_task_group_decorator.py took 0.054 seconds
[2025-01-06T08:31:50.232+0000] {processor.py:186} INFO - Started process (PID=1697) to work on /home/airflow/.local/lib/python3.12/site-packages/airflow/example_dags/example_task_group_decorator.py
[2025-01-06T08:31:50.232+0000] {processor.py:914} INFO - Processing file /home/airflow/.local/lib/python3.12/site-packages/airflow/example_dags/example_task_group_decorator.py for tasks to queue
[2025-01-06T08:31:50.233+0000] {logging_mixin.py:190} INFO - [2025-01-06T08:31:50.233+0000] {dagbag.py:588} INFO - Filling up the DagBag from /home/airflow/.local/lib/python3.12/site-packages/airflow/example_dags/example_task_group_decorator.py
[2025-01-06T08:31:50.242+0000] {processor.py:925} INFO - DAG(s) 'example_task_group_decorator' retrieved from /home/airflow/.local/lib/python3.12/site-packages/airflow/example_dags/example_task_group_decorator.py
[2025-01-06T08:31:50.256+0000] {logging_mixin.py:190} INFO - [2025-01-06T08:31:50.256+0000] {dag.py:3239} INFO - Sync 1 DAGs
[2025-01-06T08:31:50.264+0000] {logging_mixin.py:190} INFO - [2025-01-06T08:31:50.264+0000] {dag.py:4180} INFO - Setting next_dagrun for example_task_group_decorator to None, run_after=None
[2025-01-06T08:31:50.276+0000] {processor.py:208} INFO - Processing /home/airflow/.local/lib/python3.12/site-packages/airflow/example_dags/example_task_group_decorator.py took 0.047 seconds
[2025-01-06T08:32:20.857+0000] {processor.py:186} INFO - Started process (PID=1768) to work on /home/airflow/.local/lib/python3.12/site-packages/airflow/example_dags/example_task_group_decorator.py
[2025-01-06T08:32:20.857+0000] {processor.py:914} INFO - Processing file /home/airflow/.local/lib/python3.12/site-packages/airflow/example_dags/example_task_group_decorator.py for tasks to queue
[2025-01-06T08:32:20.859+0000] {logging_mixin.py:190} INFO - [2025-01-06T08:32:20.858+0000] {dagbag.py:588} INFO - Filling up the DagBag from /home/airflow/.local/lib/python3.12/site-packages/airflow/example_dags/example_task_group_decorator.py
[2025-01-06T08:32:20.870+0000] {processor.py:925} INFO - DAG(s) 'example_task_group_decorator' retrieved from /home/airflow/.local/lib/python3.12/site-packages/airflow/example_dags/example_task_group_decorator.py
[2025-01-06T08:32:20.887+0000] {logging_mixin.py:190} INFO - [2025-01-06T08:32:20.887+0000] {dag.py:3239} INFO - Sync 1 DAGs
[2025-01-06T08:32:20.895+0000] {logging_mixin.py:190} INFO - [2025-01-06T08:32:20.894+0000] {dag.py:4180} INFO - Setting next_dagrun for example_task_group_decorator to None, run_after=None
[2025-01-06T08:32:20.904+0000] {processor.py:208} INFO - Processing /home/airflow/.local/lib/python3.12/site-packages/airflow/example_dags/example_task_group_decorator.py took 0.051 seconds
[2025-01-06T08:32:51.147+0000] {processor.py:186} INFO - Started process (PID=1834) to work on /home/airflow/.local/lib/python3.12/site-packages/airflow/example_dags/example_task_group_decorator.py
[2025-01-06T08:32:51.147+0000] {processor.py:914} INFO - Processing file /home/airflow/.local/lib/python3.12/site-packages/airflow/example_dags/example_task_group_decorator.py for tasks to queue
[2025-01-06T08:32:51.148+0000] {logging_mixin.py:190} INFO - [2025-01-06T08:32:51.148+0000] {dagbag.py:588} INFO - Filling up the DagBag from /home/airflow/.local/lib/python3.12/site-packages/airflow/example_dags/example_task_group_decorator.py
[2025-01-06T08:32:51.157+0000] {processor.py:925} INFO - DAG(s) 'example_task_group_decorator' retrieved from /home/airflow/.local/lib/python3.12/site-packages/airflow/example_dags/example_task_group_decorator.py
[2025-01-06T08:32:51.171+0000] {logging_mixin.py:190} INFO - [2025-01-06T08:32:51.171+0000] {dag.py:3239} INFO - Sync 1 DAGs
[2025-01-06T08:32:51.179+0000] {logging_mixin.py:190} INFO - [2025-01-06T08:32:51.179+0000] {dag.py:4180} INFO - Setting next_dagrun for example_task_group_decorator to None, run_after=None
[2025-01-06T08:32:51.192+0000] {processor.py:208} INFO - Processing /home/airflow/.local/lib/python3.12/site-packages/airflow/example_dags/example_task_group_decorator.py took 0.048 seconds
[2025-01-06T08:33:21.653+0000] {processor.py:186} INFO - Started process (PID=1905) to work on /home/airflow/.local/lib/python3.12/site-packages/airflow/example_dags/example_task_group_decorator.py
[2025-01-06T08:33:21.654+0000] {processor.py:914} INFO - Processing file /home/airflow/.local/lib/python3.12/site-packages/airflow/example_dags/example_task_group_decorator.py for tasks to queue
[2025-01-06T08:33:21.655+0000] {logging_mixin.py:190} INFO - [2025-01-06T08:33:21.655+0000] {dagbag.py:588} INFO - Filling up the DagBag from /home/airflow/.local/lib/python3.12/site-packages/airflow/example_dags/example_task_group_decorator.py
[2025-01-06T08:33:21.664+0000] {processor.py:925} INFO - DAG(s) 'example_task_group_decorator' retrieved from /home/airflow/.local/lib/python3.12/site-packages/airflow/example_dags/example_task_group_decorator.py
[2025-01-06T08:33:21.677+0000] {logging_mixin.py:190} INFO - [2025-01-06T08:33:21.677+0000] {dag.py:3239} INFO - Sync 1 DAGs
[2025-01-06T08:33:21.685+0000] {logging_mixin.py:190} INFO - [2025-01-06T08:33:21.685+0000] {dag.py:4180} INFO - Setting next_dagrun for example_task_group_decorator to None, run_after=None
[2025-01-06T08:33:21.695+0000] {processor.py:208} INFO - Processing /home/airflow/.local/lib/python3.12/site-packages/airflow/example_dags/example_task_group_decorator.py took 0.045 seconds
