[2025-01-06T08:20:09.272+0000] {processor.py:186} INFO - Started process (PID=92) to work on /home/airflow/.local/lib/python3.12/site-packages/airflow/example_dags/example_display_name.py
[2025-01-06T08:20:09.272+0000] {processor.py:914} INFO - Processing file /home/airflow/.local/lib/python3.12/site-packages/airflow/example_dags/example_display_name.py for tasks to queue
[2025-01-06T08:20:09.274+0000] {logging_mixin.py:190} INFO - [2025-01-06T08:20:09.274+0000] {dagbag.py:588} INFO - Filling up the DagBag from /home/airflow/.local/lib/python3.12/site-packages/airflow/example_dags/example_display_name.py
[2025-01-06T08:20:09.278+0000] {processor.py:925} INFO - DAG(s) 'example_display_name' retrieved from /home/airflow/.local/lib/python3.12/site-packages/airflow/example_dags/example_display_name.py
[2025-01-06T08:20:09.292+0000] {logging_mixin.py:190} INFO - [2025-01-06T08:20:09.292+0000] {dag.py:3239} INFO - Sync 1 DAGs
[2025-01-06T08:20:09.303+0000] {logging_mixin.py:190} INFO - [2025-01-06T08:20:09.303+0000] {dag.py:4180} INFO - Setting next_dagrun for example_display_name to None, run_after=None
[2025-01-06T08:20:09.312+0000] {processor.py:208} INFO - Processing /home/airflow/.local/lib/python3.12/site-packages/airflow/example_dags/example_display_name.py took 0.044 seconds
[2025-01-06T08:20:40.101+0000] {processor.py:186} INFO - Started process (PID=168) to work on /home/airflow/.local/lib/python3.12/site-packages/airflow/example_dags/example_display_name.py
[2025-01-06T08:20:40.102+0000] {processor.py:914} INFO - Processing file /home/airflow/.local/lib/python3.12/site-packages/airflow/example_dags/example_display_name.py for tasks to queue
[2025-01-06T08:20:40.103+0000] {logging_mixin.py:190} INFO - [2025-01-06T08:20:40.103+0000] {dagbag.py:588} INFO - Filling up the DagBag from /home/airflow/.local/lib/python3.12/site-packages/airflow/example_dags/example_display_name.py
[2025-01-06T08:20:40.107+0000] {processor.py:925} INFO - DAG(s) 'example_display_name' retrieved from /home/airflow/.local/lib/python3.12/site-packages/airflow/example_dags/example_display_name.py
[2025-01-06T08:20:40.117+0000] {logging_mixin.py:190} INFO - [2025-01-06T08:20:40.117+0000] {dag.py:3239} INFO - Sync 1 DAGs
[2025-01-06T08:20:40.125+0000] {logging_mixin.py:190} INFO - [2025-01-06T08:20:40.125+0000] {dag.py:4180} INFO - Setting next_dagrun for example_display_name to None, run_after=None
[2025-01-06T08:20:40.135+0000] {processor.py:208} INFO - Processing /home/airflow/.local/lib/python3.12/site-packages/airflow/example_dags/example_display_name.py took 0.038 seconds
[2025-01-06T08:21:10.605+0000] {processor.py:186} INFO - Started process (PID=239) to work on /home/airflow/.local/lib/python3.12/site-packages/airflow/example_dags/example_display_name.py
[2025-01-06T08:21:10.606+0000] {processor.py:914} INFO - Processing file /home/airflow/.local/lib/python3.12/site-packages/airflow/example_dags/example_display_name.py for tasks to queue
[2025-01-06T08:21:10.607+0000] {logging_mixin.py:190} INFO - [2025-01-06T08:21:10.607+0000] {dagbag.py:588} INFO - Filling up the DagBag from /home/airflow/.local/lib/python3.12/site-packages/airflow/example_dags/example_display_name.py
[2025-01-06T08:21:10.611+0000] {processor.py:925} INFO - DAG(s) 'example_display_name' retrieved from /home/airflow/.local/lib/python3.12/site-packages/airflow/example_dags/example_display_name.py
[2025-01-06T08:21:10.622+0000] {logging_mixin.py:190} INFO - [2025-01-06T08:21:10.621+0000] {dag.py:3239} INFO - Sync 1 DAGs
[2025-01-06T08:21:10.629+0000] {logging_mixin.py:190} INFO - [2025-01-06T08:21:10.629+0000] {dag.py:4180} INFO - Setting next_dagrun for example_display_name to None, run_after=None
[2025-01-06T08:21:10.638+0000] {processor.py:208} INFO - Processing /home/airflow/.local/lib/python3.12/site-packages/airflow/example_dags/example_display_name.py took 0.037 seconds
[2025-01-06T08:21:40.891+0000] {processor.py:186} INFO - Started process (PID=305) to work on /home/airflow/.local/lib/python3.12/site-packages/airflow/example_dags/example_display_name.py
[2025-01-06T08:21:40.892+0000] {processor.py:914} INFO - Processing file /home/airflow/.local/lib/python3.12/site-packages/airflow/example_dags/example_display_name.py for tasks to queue
[2025-01-06T08:21:40.893+0000] {logging_mixin.py:190} INFO - [2025-01-06T08:21:40.893+0000] {dagbag.py:588} INFO - Filling up the DagBag from /home/airflow/.local/lib/python3.12/site-packages/airflow/example_dags/example_display_name.py
[2025-01-06T08:21:40.898+0000] {processor.py:925} INFO - DAG(s) 'example_display_name' retrieved from /home/airflow/.local/lib/python3.12/site-packages/airflow/example_dags/example_display_name.py
[2025-01-06T08:21:40.909+0000] {logging_mixin.py:190} INFO - [2025-01-06T08:21:40.909+0000] {dag.py:3239} INFO - Sync 1 DAGs
[2025-01-06T08:21:40.917+0000] {logging_mixin.py:190} INFO - [2025-01-06T08:21:40.917+0000] {dag.py:4180} INFO - Setting next_dagrun for example_display_name to None, run_after=None
[2025-01-06T08:21:40.927+0000] {processor.py:208} INFO - Processing /home/airflow/.local/lib/python3.12/site-packages/airflow/example_dags/example_display_name.py took 0.041 seconds
[2025-01-06T08:22:11.407+0000] {processor.py:186} INFO - Started process (PID=376) to work on /home/airflow/.local/lib/python3.12/site-packages/airflow/example_dags/example_display_name.py
[2025-01-06T08:22:11.407+0000] {processor.py:914} INFO - Processing file /home/airflow/.local/lib/python3.12/site-packages/airflow/example_dags/example_display_name.py for tasks to queue
[2025-01-06T08:22:11.409+0000] {logging_mixin.py:190} INFO - [2025-01-06T08:22:11.408+0000] {dagbag.py:588} INFO - Filling up the DagBag from /home/airflow/.local/lib/python3.12/site-packages/airflow/example_dags/example_display_name.py
[2025-01-06T08:22:11.413+0000] {processor.py:925} INFO - DAG(s) 'example_display_name' retrieved from /home/airflow/.local/lib/python3.12/site-packages/airflow/example_dags/example_display_name.py
[2025-01-06T08:22:11.422+0000] {logging_mixin.py:190} INFO - [2025-01-06T08:22:11.422+0000] {dag.py:3239} INFO - Sync 1 DAGs
[2025-01-06T08:22:11.430+0000] {logging_mixin.py:190} INFO - [2025-01-06T08:22:11.430+0000] {dag.py:4180} INFO - Setting next_dagrun for example_display_name to None, run_after=None
[2025-01-06T08:22:11.440+0000] {processor.py:208} INFO - Processing /home/airflow/.local/lib/python3.12/site-packages/airflow/example_dags/example_display_name.py took 0.036 seconds
[2025-01-06T08:22:41.851+0000] {processor.py:186} INFO - Started process (PID=442) to work on /home/airflow/.local/lib/python3.12/site-packages/airflow/example_dags/example_display_name.py
[2025-01-06T08:22:41.851+0000] {processor.py:914} INFO - Processing file /home/airflow/.local/lib/python3.12/site-packages/airflow/example_dags/example_display_name.py for tasks to queue
[2025-01-06T08:22:41.853+0000] {logging_mixin.py:190} INFO - [2025-01-06T08:22:41.853+0000] {dagbag.py:588} INFO - Filling up the DagBag from /home/airflow/.local/lib/python3.12/site-packages/airflow/example_dags/example_display_name.py
[2025-01-06T08:22:41.858+0000] {processor.py:925} INFO - DAG(s) 'example_display_name' retrieved from /home/airflow/.local/lib/python3.12/site-packages/airflow/example_dags/example_display_name.py
[2025-01-06T08:22:41.872+0000] {logging_mixin.py:190} INFO - [2025-01-06T08:22:41.871+0000] {dag.py:3239} INFO - Sync 1 DAGs
[2025-01-06T08:22:41.881+0000] {logging_mixin.py:190} INFO - [2025-01-06T08:22:41.881+0000] {dag.py:4180} INFO - Setting next_dagrun for example_display_name to None, run_after=None
[2025-01-06T08:22:41.894+0000] {processor.py:208} INFO - Processing /home/airflow/.local/lib/python3.12/site-packages/airflow/example_dags/example_display_name.py took 0.047 seconds
[2025-01-06T08:23:12.316+0000] {processor.py:186} INFO - Started process (PID=513) to work on /home/airflow/.local/lib/python3.12/site-packages/airflow/example_dags/example_display_name.py
[2025-01-06T08:23:12.316+0000] {processor.py:914} INFO - Processing file /home/airflow/.local/lib/python3.12/site-packages/airflow/example_dags/example_display_name.py for tasks to queue
[2025-01-06T08:23:12.318+0000] {logging_mixin.py:190} INFO - [2025-01-06T08:23:12.317+0000] {dagbag.py:588} INFO - Filling up the DagBag from /home/airflow/.local/lib/python3.12/site-packages/airflow/example_dags/example_display_name.py
[2025-01-06T08:23:12.322+0000] {processor.py:925} INFO - DAG(s) 'example_display_name' retrieved from /home/airflow/.local/lib/python3.12/site-packages/airflow/example_dags/example_display_name.py
[2025-01-06T08:23:12.336+0000] {logging_mixin.py:190} INFO - [2025-01-06T08:23:12.335+0000] {dag.py:3239} INFO - Sync 1 DAGs
[2025-01-06T08:23:12.346+0000] {logging_mixin.py:190} INFO - [2025-01-06T08:23:12.346+0000] {dag.py:4180} INFO - Setting next_dagrun for example_display_name to None, run_after=None
[2025-01-06T08:23:12.355+0000] {processor.py:208} INFO - Processing /home/airflow/.local/lib/python3.12/site-packages/airflow/example_dags/example_display_name.py took 0.043 seconds
[2025-01-06T08:23:42.899+0000] {processor.py:186} INFO - Started process (PID=579) to work on /home/airflow/.local/lib/python3.12/site-packages/airflow/example_dags/example_display_name.py
[2025-01-06T08:23:42.899+0000] {processor.py:914} INFO - Processing file /home/airflow/.local/lib/python3.12/site-packages/airflow/example_dags/example_display_name.py for tasks to queue
[2025-01-06T08:23:42.900+0000] {logging_mixin.py:190} INFO - [2025-01-06T08:23:42.900+0000] {dagbag.py:588} INFO - Filling up the DagBag from /home/airflow/.local/lib/python3.12/site-packages/airflow/example_dags/example_display_name.py
[2025-01-06T08:23:42.904+0000] {processor.py:925} INFO - DAG(s) 'example_display_name' retrieved from /home/airflow/.local/lib/python3.12/site-packages/airflow/example_dags/example_display_name.py
[2025-01-06T08:23:42.915+0000] {logging_mixin.py:190} INFO - [2025-01-06T08:23:42.915+0000] {dag.py:3239} INFO - Sync 1 DAGs
[2025-01-06T08:23:42.924+0000] {logging_mixin.py:190} INFO - [2025-01-06T08:23:42.923+0000] {dag.py:4180} INFO - Setting next_dagrun for example_display_name to None, run_after=None
[2025-01-06T08:23:42.934+0000] {processor.py:208} INFO - Processing /home/airflow/.local/lib/python3.12/site-packages/airflow/example_dags/example_display_name.py took 0.039 seconds
[2025-01-06T08:24:13.313+0000] {processor.py:186} INFO - Started process (PID=650) to work on /home/airflow/.local/lib/python3.12/site-packages/airflow/example_dags/example_display_name.py
[2025-01-06T08:24:13.314+0000] {processor.py:914} INFO - Processing file /home/airflow/.local/lib/python3.12/site-packages/airflow/example_dags/example_display_name.py for tasks to queue
[2025-01-06T08:24:13.315+0000] {logging_mixin.py:190} INFO - [2025-01-06T08:24:13.315+0000] {dagbag.py:588} INFO - Filling up the DagBag from /home/airflow/.local/lib/python3.12/site-packages/airflow/example_dags/example_display_name.py
[2025-01-06T08:24:13.319+0000] {processor.py:925} INFO - DAG(s) 'example_display_name' retrieved from /home/airflow/.local/lib/python3.12/site-packages/airflow/example_dags/example_display_name.py
[2025-01-06T08:24:13.328+0000] {logging_mixin.py:190} INFO - [2025-01-06T08:24:13.328+0000] {dag.py:3239} INFO - Sync 1 DAGs
[2025-01-06T08:24:13.336+0000] {logging_mixin.py:190} INFO - [2025-01-06T08:24:13.336+0000] {dag.py:4180} INFO - Setting next_dagrun for example_display_name to None, run_after=None
[2025-01-06T08:24:13.345+0000] {processor.py:208} INFO - Processing /home/airflow/.local/lib/python3.12/site-packages/airflow/example_dags/example_display_name.py took 0.035 seconds
[2025-01-06T08:24:43.668+0000] {processor.py:186} INFO - Started process (PID=716) to work on /home/airflow/.local/lib/python3.12/site-packages/airflow/example_dags/example_display_name.py
[2025-01-06T08:24:43.669+0000] {processor.py:914} INFO - Processing file /home/airflow/.local/lib/python3.12/site-packages/airflow/example_dags/example_display_name.py for tasks to queue
[2025-01-06T08:24:43.670+0000] {logging_mixin.py:190} INFO - [2025-01-06T08:24:43.670+0000] {dagbag.py:588} INFO - Filling up the DagBag from /home/airflow/.local/lib/python3.12/site-packages/airflow/example_dags/example_display_name.py
[2025-01-06T08:24:43.675+0000] {processor.py:925} INFO - DAG(s) 'example_display_name' retrieved from /home/airflow/.local/lib/python3.12/site-packages/airflow/example_dags/example_display_name.py
[2025-01-06T08:24:43.686+0000] {logging_mixin.py:190} INFO - [2025-01-06T08:24:43.686+0000] {dag.py:3239} INFO - Sync 1 DAGs
[2025-01-06T08:24:43.695+0000] {logging_mixin.py:190} INFO - [2025-01-06T08:24:43.695+0000] {dag.py:4180} INFO - Setting next_dagrun for example_display_name to None, run_after=None
[2025-01-06T08:24:43.707+0000] {processor.py:208} INFO - Processing /home/airflow/.local/lib/python3.12/site-packages/airflow/example_dags/example_display_name.py took 0.043 seconds
[2025-01-06T08:25:14.143+0000] {processor.py:186} INFO - Started process (PID=787) to work on /home/airflow/.local/lib/python3.12/site-packages/airflow/example_dags/example_display_name.py
[2025-01-06T08:25:14.143+0000] {processor.py:914} INFO - Processing file /home/airflow/.local/lib/python3.12/site-packages/airflow/example_dags/example_display_name.py for tasks to queue
[2025-01-06T08:25:14.145+0000] {logging_mixin.py:190} INFO - [2025-01-06T08:25:14.145+0000] {dagbag.py:588} INFO - Filling up the DagBag from /home/airflow/.local/lib/python3.12/site-packages/airflow/example_dags/example_display_name.py
[2025-01-06T08:25:14.150+0000] {processor.py:925} INFO - DAG(s) 'example_display_name' retrieved from /home/airflow/.local/lib/python3.12/site-packages/airflow/example_dags/example_display_name.py
[2025-01-06T08:25:14.162+0000] {logging_mixin.py:190} INFO - [2025-01-06T08:25:14.162+0000] {dag.py:3239} INFO - Sync 1 DAGs
[2025-01-06T08:25:14.171+0000] {logging_mixin.py:190} INFO - [2025-01-06T08:25:14.171+0000] {dag.py:4180} INFO - Setting next_dagrun for example_display_name to None, run_after=None
[2025-01-06T08:25:14.183+0000] {processor.py:208} INFO - Processing /home/airflow/.local/lib/python3.12/site-packages/airflow/example_dags/example_display_name.py took 0.044 seconds
[2025-01-06T08:25:44.363+0000] {processor.py:186} INFO - Started process (PID=853) to work on /home/airflow/.local/lib/python3.12/site-packages/airflow/example_dags/example_display_name.py
[2025-01-06T08:25:44.363+0000] {processor.py:914} INFO - Processing file /home/airflow/.local/lib/python3.12/site-packages/airflow/example_dags/example_display_name.py for tasks to queue
[2025-01-06T08:25:44.364+0000] {logging_mixin.py:190} INFO - [2025-01-06T08:25:44.364+0000] {dagbag.py:588} INFO - Filling up the DagBag from /home/airflow/.local/lib/python3.12/site-packages/airflow/example_dags/example_display_name.py
[2025-01-06T08:25:44.368+0000] {processor.py:925} INFO - DAG(s) 'example_display_name' retrieved from /home/airflow/.local/lib/python3.12/site-packages/airflow/example_dags/example_display_name.py
[2025-01-06T08:25:44.378+0000] {logging_mixin.py:190} INFO - [2025-01-06T08:25:44.377+0000] {dag.py:3239} INFO - Sync 1 DAGs
[2025-01-06T08:25:44.385+0000] {logging_mixin.py:190} INFO - [2025-01-06T08:25:44.385+0000] {dag.py:4180} INFO - Setting next_dagrun for example_display_name to None, run_after=None
[2025-01-06T08:25:44.394+0000] {processor.py:208} INFO - Processing /home/airflow/.local/lib/python3.12/site-packages/airflow/example_dags/example_display_name.py took 0.035 seconds
[2025-01-06T08:26:14.836+0000] {processor.py:186} INFO - Started process (PID=924) to work on /home/airflow/.local/lib/python3.12/site-packages/airflow/example_dags/example_display_name.py
[2025-01-06T08:26:14.836+0000] {processor.py:914} INFO - Processing file /home/airflow/.local/lib/python3.12/site-packages/airflow/example_dags/example_display_name.py for tasks to queue
[2025-01-06T08:26:14.838+0000] {logging_mixin.py:190} INFO - [2025-01-06T08:26:14.837+0000] {dagbag.py:588} INFO - Filling up the DagBag from /home/airflow/.local/lib/python3.12/site-packages/airflow/example_dags/example_display_name.py
[2025-01-06T08:26:14.842+0000] {processor.py:925} INFO - DAG(s) 'example_display_name' retrieved from /home/airflow/.local/lib/python3.12/site-packages/airflow/example_dags/example_display_name.py
[2025-01-06T08:26:14.854+0000] {logging_mixin.py:190} INFO - [2025-01-06T08:26:14.853+0000] {dag.py:3239} INFO - Sync 1 DAGs
[2025-01-06T08:26:14.862+0000] {logging_mixin.py:190} INFO - [2025-01-06T08:26:14.862+0000] {dag.py:4180} INFO - Setting next_dagrun for example_display_name to None, run_after=None
[2025-01-06T08:26:14.872+0000] {processor.py:208} INFO - Processing /home/airflow/.local/lib/python3.12/site-packages/airflow/example_dags/example_display_name.py took 0.040 seconds
[2025-01-06T08:26:45.261+0000] {processor.py:186} INFO - Started process (PID=990) to work on /home/airflow/.local/lib/python3.12/site-packages/airflow/example_dags/example_display_name.py
[2025-01-06T08:26:45.261+0000] {processor.py:914} INFO - Processing file /home/airflow/.local/lib/python3.12/site-packages/airflow/example_dags/example_display_name.py for tasks to queue
[2025-01-06T08:26:45.262+0000] {logging_mixin.py:190} INFO - [2025-01-06T08:26:45.262+0000] {dagbag.py:588} INFO - Filling up the DagBag from /home/airflow/.local/lib/python3.12/site-packages/airflow/example_dags/example_display_name.py
[2025-01-06T08:26:45.266+0000] {processor.py:925} INFO - DAG(s) 'example_display_name' retrieved from /home/airflow/.local/lib/python3.12/site-packages/airflow/example_dags/example_display_name.py
[2025-01-06T08:26:45.280+0000] {logging_mixin.py:190} INFO - [2025-01-06T08:26:45.279+0000] {dag.py:3239} INFO - Sync 1 DAGs
[2025-01-06T08:26:45.287+0000] {logging_mixin.py:190} INFO - [2025-01-06T08:26:45.287+0000] {dag.py:4180} INFO - Setting next_dagrun for example_display_name to None, run_after=None
[2025-01-06T08:26:45.297+0000] {processor.py:208} INFO - Processing /home/airflow/.local/lib/python3.12/site-packages/airflow/example_dags/example_display_name.py took 0.039 seconds
[2025-01-06T08:27:15.645+0000] {processor.py:186} INFO - Started process (PID=1061) to work on /home/airflow/.local/lib/python3.12/site-packages/airflow/example_dags/example_display_name.py
[2025-01-06T08:27:15.645+0000] {processor.py:914} INFO - Processing file /home/airflow/.local/lib/python3.12/site-packages/airflow/example_dags/example_display_name.py for tasks to queue
[2025-01-06T08:27:15.646+0000] {logging_mixin.py:190} INFO - [2025-01-06T08:27:15.646+0000] {dagbag.py:588} INFO - Filling up the DagBag from /home/airflow/.local/lib/python3.12/site-packages/airflow/example_dags/example_display_name.py
[2025-01-06T08:27:15.651+0000] {processor.py:925} INFO - DAG(s) 'example_display_name' retrieved from /home/airflow/.local/lib/python3.12/site-packages/airflow/example_dags/example_display_name.py
[2025-01-06T08:27:15.666+0000] {logging_mixin.py:190} INFO - [2025-01-06T08:27:15.666+0000] {dag.py:3239} INFO - Sync 1 DAGs
[2025-01-06T08:27:15.674+0000] {logging_mixin.py:190} INFO - [2025-01-06T08:27:15.674+0000] {dag.py:4180} INFO - Setting next_dagrun for example_display_name to None, run_after=None
[2025-01-06T08:27:15.683+0000] {processor.py:208} INFO - Processing /home/airflow/.local/lib/python3.12/site-packages/airflow/example_dags/example_display_name.py took 0.042 seconds
[2025-01-06T08:27:46.084+0000] {processor.py:186} INFO - Started process (PID=1127) to work on /home/airflow/.local/lib/python3.12/site-packages/airflow/example_dags/example_display_name.py
[2025-01-06T08:27:46.085+0000] {processor.py:914} INFO - Processing file /home/airflow/.local/lib/python3.12/site-packages/airflow/example_dags/example_display_name.py for tasks to queue
[2025-01-06T08:27:46.086+0000] {logging_mixin.py:190} INFO - [2025-01-06T08:27:46.086+0000] {dagbag.py:588} INFO - Filling up the DagBag from /home/airflow/.local/lib/python3.12/site-packages/airflow/example_dags/example_display_name.py
[2025-01-06T08:27:46.090+0000] {processor.py:925} INFO - DAG(s) 'example_display_name' retrieved from /home/airflow/.local/lib/python3.12/site-packages/airflow/example_dags/example_display_name.py
[2025-01-06T08:27:46.100+0000] {logging_mixin.py:190} INFO - [2025-01-06T08:27:46.100+0000] {dag.py:3239} INFO - Sync 1 DAGs
[2025-01-06T08:27:46.108+0000] {logging_mixin.py:190} INFO - [2025-01-06T08:27:46.108+0000] {dag.py:4180} INFO - Setting next_dagrun for example_display_name to None, run_after=None
[2025-01-06T08:27:46.117+0000] {processor.py:208} INFO - Processing /home/airflow/.local/lib/python3.12/site-packages/airflow/example_dags/example_display_name.py took 0.036 seconds
[2025-01-06T08:28:16.312+0000] {processor.py:186} INFO - Started process (PID=1198) to work on /home/airflow/.local/lib/python3.12/site-packages/airflow/example_dags/example_display_name.py
[2025-01-06T08:28:16.312+0000] {processor.py:914} INFO - Processing file /home/airflow/.local/lib/python3.12/site-packages/airflow/example_dags/example_display_name.py for tasks to queue
[2025-01-06T08:28:16.314+0000] {logging_mixin.py:190} INFO - [2025-01-06T08:28:16.313+0000] {dagbag.py:588} INFO - Filling up the DagBag from /home/airflow/.local/lib/python3.12/site-packages/airflow/example_dags/example_display_name.py
[2025-01-06T08:28:16.318+0000] {processor.py:925} INFO - DAG(s) 'example_display_name' retrieved from /home/airflow/.local/lib/python3.12/site-packages/airflow/example_dags/example_display_name.py
[2025-01-06T08:28:16.331+0000] {logging_mixin.py:190} INFO - [2025-01-06T08:28:16.331+0000] {dag.py:3239} INFO - Sync 1 DAGs
[2025-01-06T08:28:16.341+0000] {logging_mixin.py:190} INFO - [2025-01-06T08:28:16.340+0000] {dag.py:4180} INFO - Setting next_dagrun for example_display_name to None, run_after=None
[2025-01-06T08:28:16.349+0000] {processor.py:208} INFO - Processing /home/airflow/.local/lib/python3.12/site-packages/airflow/example_dags/example_display_name.py took 0.041 seconds
[2025-01-06T08:28:46.904+0000] {processor.py:186} INFO - Started process (PID=1264) to work on /home/airflow/.local/lib/python3.12/site-packages/airflow/example_dags/example_display_name.py
[2025-01-06T08:28:46.904+0000] {processor.py:914} INFO - Processing file /home/airflow/.local/lib/python3.12/site-packages/airflow/example_dags/example_display_name.py for tasks to queue
[2025-01-06T08:28:46.906+0000] {logging_mixin.py:190} INFO - [2025-01-06T08:28:46.905+0000] {dagbag.py:588} INFO - Filling up the DagBag from /home/airflow/.local/lib/python3.12/site-packages/airflow/example_dags/example_display_name.py
[2025-01-06T08:28:46.910+0000] {processor.py:925} INFO - DAG(s) 'example_display_name' retrieved from /home/airflow/.local/lib/python3.12/site-packages/airflow/example_dags/example_display_name.py
[2025-01-06T08:28:46.922+0000] {logging_mixin.py:190} INFO - [2025-01-06T08:28:46.922+0000] {dag.py:3239} INFO - Sync 1 DAGs
[2025-01-06T08:28:46.932+0000] {logging_mixin.py:190} INFO - [2025-01-06T08:28:46.932+0000] {dag.py:4180} INFO - Setting next_dagrun for example_display_name to None, run_after=None
[2025-01-06T08:28:46.943+0000] {processor.py:208} INFO - Processing /home/airflow/.local/lib/python3.12/site-packages/airflow/example_dags/example_display_name.py took 0.042 seconds
[2025-01-06T08:29:17.362+0000] {processor.py:186} INFO - Started process (PID=1334) to work on /home/airflow/.local/lib/python3.12/site-packages/airflow/example_dags/example_display_name.py
[2025-01-06T08:29:17.363+0000] {processor.py:914} INFO - Processing file /home/airflow/.local/lib/python3.12/site-packages/airflow/example_dags/example_display_name.py for tasks to queue
[2025-01-06T08:29:17.364+0000] {logging_mixin.py:190} INFO - [2025-01-06T08:29:17.364+0000] {dagbag.py:588} INFO - Filling up the DagBag from /home/airflow/.local/lib/python3.12/site-packages/airflow/example_dags/example_display_name.py
[2025-01-06T08:29:17.368+0000] {processor.py:925} INFO - DAG(s) 'example_display_name' retrieved from /home/airflow/.local/lib/python3.12/site-packages/airflow/example_dags/example_display_name.py
[2025-01-06T08:29:17.380+0000] {logging_mixin.py:190} INFO - [2025-01-06T08:29:17.380+0000] {dag.py:3239} INFO - Sync 1 DAGs
[2025-01-06T08:29:17.388+0000] {logging_mixin.py:190} INFO - [2025-01-06T08:29:17.388+0000] {dag.py:4180} INFO - Setting next_dagrun for example_display_name to None, run_after=None
[2025-01-06T08:29:17.397+0000] {processor.py:208} INFO - Processing /home/airflow/.local/lib/python3.12/site-packages/airflow/example_dags/example_display_name.py took 0.038 seconds
[2025-01-06T08:29:47.728+0000] {processor.py:186} INFO - Started process (PID=1400) to work on /home/airflow/.local/lib/python3.12/site-packages/airflow/example_dags/example_display_name.py
[2025-01-06T08:29:47.728+0000] {processor.py:914} INFO - Processing file /home/airflow/.local/lib/python3.12/site-packages/airflow/example_dags/example_display_name.py for tasks to queue
[2025-01-06T08:29:47.729+0000] {logging_mixin.py:190} INFO - [2025-01-06T08:29:47.729+0000] {dagbag.py:588} INFO - Filling up the DagBag from /home/airflow/.local/lib/python3.12/site-packages/airflow/example_dags/example_display_name.py
[2025-01-06T08:29:47.733+0000] {processor.py:925} INFO - DAG(s) 'example_display_name' retrieved from /home/airflow/.local/lib/python3.12/site-packages/airflow/example_dags/example_display_name.py
[2025-01-06T08:29:47.746+0000] {logging_mixin.py:190} INFO - [2025-01-06T08:29:47.746+0000] {dag.py:3239} INFO - Sync 1 DAGs
[2025-01-06T08:29:47.755+0000] {logging_mixin.py:190} INFO - [2025-01-06T08:29:47.755+0000] {dag.py:4180} INFO - Setting next_dagrun for example_display_name to None, run_after=None
[2025-01-06T08:29:47.768+0000] {processor.py:208} INFO - Processing /home/airflow/.local/lib/python3.12/site-packages/airflow/example_dags/example_display_name.py took 0.044 seconds
[2025-01-06T08:30:18.229+0000] {processor.py:186} INFO - Started process (PID=1476) to work on /home/airflow/.local/lib/python3.12/site-packages/airflow/example_dags/example_display_name.py
[2025-01-06T08:30:18.229+0000] {processor.py:914} INFO - Processing file /home/airflow/.local/lib/python3.12/site-packages/airflow/example_dags/example_display_name.py for tasks to queue
[2025-01-06T08:30:18.230+0000] {logging_mixin.py:190} INFO - [2025-01-06T08:30:18.230+0000] {dagbag.py:588} INFO - Filling up the DagBag from /home/airflow/.local/lib/python3.12/site-packages/airflow/example_dags/example_display_name.py
[2025-01-06T08:30:18.234+0000] {processor.py:925} INFO - DAG(s) 'example_display_name' retrieved from /home/airflow/.local/lib/python3.12/site-packages/airflow/example_dags/example_display_name.py
[2025-01-06T08:30:18.244+0000] {logging_mixin.py:190} INFO - [2025-01-06T08:30:18.244+0000] {dag.py:3239} INFO - Sync 1 DAGs
[2025-01-06T08:30:18.252+0000] {logging_mixin.py:190} INFO - [2025-01-06T08:30:18.252+0000] {dag.py:4180} INFO - Setting next_dagrun for example_display_name to None, run_after=None
[2025-01-06T08:30:18.260+0000] {processor.py:208} INFO - Processing /home/airflow/.local/lib/python3.12/site-packages/airflow/example_dags/example_display_name.py took 0.035 seconds
[2025-01-06T08:30:48.589+0000] {processor.py:186} INFO - Started process (PID=1542) to work on /home/airflow/.local/lib/python3.12/site-packages/airflow/example_dags/example_display_name.py
[2025-01-06T08:30:48.589+0000] {processor.py:914} INFO - Processing file /home/airflow/.local/lib/python3.12/site-packages/airflow/example_dags/example_display_name.py for tasks to queue
[2025-01-06T08:30:48.591+0000] {logging_mixin.py:190} INFO - [2025-01-06T08:30:48.590+0000] {dagbag.py:588} INFO - Filling up the DagBag from /home/airflow/.local/lib/python3.12/site-packages/airflow/example_dags/example_display_name.py
[2025-01-06T08:30:48.595+0000] {processor.py:925} INFO - DAG(s) 'example_display_name' retrieved from /home/airflow/.local/lib/python3.12/site-packages/airflow/example_dags/example_display_name.py
[2025-01-06T08:30:48.608+0000] {logging_mixin.py:190} INFO - [2025-01-06T08:30:48.608+0000] {dag.py:3239} INFO - Sync 1 DAGs
[2025-01-06T08:30:48.616+0000] {logging_mixin.py:190} INFO - [2025-01-06T08:30:48.616+0000] {dag.py:4180} INFO - Setting next_dagrun for example_display_name to None, run_after=None
[2025-01-06T08:30:48.625+0000] {processor.py:208} INFO - Processing /home/airflow/.local/lib/python3.12/site-packages/airflow/example_dags/example_display_name.py took 0.039 seconds
[2025-01-06T08:31:19.030+0000] {processor.py:186} INFO - Started process (PID=1613) to work on /home/airflow/.local/lib/python3.12/site-packages/airflow/example_dags/example_display_name.py
[2025-01-06T08:31:19.030+0000] {processor.py:914} INFO - Processing file /home/airflow/.local/lib/python3.12/site-packages/airflow/example_dags/example_display_name.py for tasks to queue
[2025-01-06T08:31:19.031+0000] {logging_mixin.py:190} INFO - [2025-01-06T08:31:19.031+0000] {dagbag.py:588} INFO - Filling up the DagBag from /home/airflow/.local/lib/python3.12/site-packages/airflow/example_dags/example_display_name.py
[2025-01-06T08:31:19.036+0000] {processor.py:925} INFO - DAG(s) 'example_display_name' retrieved from /home/airflow/.local/lib/python3.12/site-packages/airflow/example_dags/example_display_name.py
[2025-01-06T08:31:19.048+0000] {logging_mixin.py:190} INFO - [2025-01-06T08:31:19.048+0000] {dag.py:3239} INFO - Sync 1 DAGs
[2025-01-06T08:31:19.057+0000] {logging_mixin.py:190} INFO - [2025-01-06T08:31:19.057+0000] {dag.py:4180} INFO - Setting next_dagrun for example_display_name to None, run_after=None
[2025-01-06T08:31:19.069+0000] {processor.py:208} INFO - Processing /home/airflow/.local/lib/python3.12/site-packages/airflow/example_dags/example_display_name.py took 0.043 seconds
[2025-01-06T08:31:49.508+0000] {processor.py:186} INFO - Started process (PID=1679) to work on /home/airflow/.local/lib/python3.12/site-packages/airflow/example_dags/example_display_name.py
[2025-01-06T08:31:49.509+0000] {processor.py:914} INFO - Processing file /home/airflow/.local/lib/python3.12/site-packages/airflow/example_dags/example_display_name.py for tasks to queue
[2025-01-06T08:31:49.510+0000] {logging_mixin.py:190} INFO - [2025-01-06T08:31:49.510+0000] {dagbag.py:588} INFO - Filling up the DagBag from /home/airflow/.local/lib/python3.12/site-packages/airflow/example_dags/example_display_name.py
[2025-01-06T08:31:49.515+0000] {processor.py:925} INFO - DAG(s) 'example_display_name' retrieved from /home/airflow/.local/lib/python3.12/site-packages/airflow/example_dags/example_display_name.py
[2025-01-06T08:31:49.532+0000] {logging_mixin.py:190} INFO - [2025-01-06T08:31:49.532+0000] {dag.py:3239} INFO - Sync 1 DAGs
[2025-01-06T08:31:49.541+0000] {logging_mixin.py:190} INFO - [2025-01-06T08:31:49.541+0000] {dag.py:4180} INFO - Setting next_dagrun for example_display_name to None, run_after=None
[2025-01-06T08:31:49.554+0000] {processor.py:208} INFO - Processing /home/airflow/.local/lib/python3.12/site-packages/airflow/example_dags/example_display_name.py took 0.050 seconds
[2025-01-06T08:32:20.006+0000] {processor.py:186} INFO - Started process (PID=1750) to work on /home/airflow/.local/lib/python3.12/site-packages/airflow/example_dags/example_display_name.py
[2025-01-06T08:32:20.007+0000] {processor.py:914} INFO - Processing file /home/airflow/.local/lib/python3.12/site-packages/airflow/example_dags/example_display_name.py for tasks to queue
[2025-01-06T08:32:20.008+0000] {logging_mixin.py:190} INFO - [2025-01-06T08:32:20.008+0000] {dagbag.py:588} INFO - Filling up the DagBag from /home/airflow/.local/lib/python3.12/site-packages/airflow/example_dags/example_display_name.py
[2025-01-06T08:32:20.013+0000] {processor.py:925} INFO - DAG(s) 'example_display_name' retrieved from /home/airflow/.local/lib/python3.12/site-packages/airflow/example_dags/example_display_name.py
[2025-01-06T08:32:20.042+0000] {logging_mixin.py:190} INFO - [2025-01-06T08:32:20.041+0000] {dag.py:3239} INFO - Sync 1 DAGs
[2025-01-06T08:32:20.068+0000] {logging_mixin.py:190} INFO - [2025-01-06T08:32:20.067+0000] {dag.py:4180} INFO - Setting next_dagrun for example_display_name to None, run_after=None
[2025-01-06T08:32:20.093+0000] {processor.py:208} INFO - Processing /home/airflow/.local/lib/python3.12/site-packages/airflow/example_dags/example_display_name.py took 0.092 seconds
[2025-01-06T08:32:50.492+0000] {processor.py:186} INFO - Started process (PID=1816) to work on /home/airflow/.local/lib/python3.12/site-packages/airflow/example_dags/example_display_name.py
[2025-01-06T08:32:50.492+0000] {processor.py:914} INFO - Processing file /home/airflow/.local/lib/python3.12/site-packages/airflow/example_dags/example_display_name.py for tasks to queue
[2025-01-06T08:32:50.494+0000] {logging_mixin.py:190} INFO - [2025-01-06T08:32:50.494+0000] {dagbag.py:588} INFO - Filling up the DagBag from /home/airflow/.local/lib/python3.12/site-packages/airflow/example_dags/example_display_name.py
[2025-01-06T08:32:50.499+0000] {processor.py:925} INFO - DAG(s) 'example_display_name' retrieved from /home/airflow/.local/lib/python3.12/site-packages/airflow/example_dags/example_display_name.py
[2025-01-06T08:32:50.511+0000] {logging_mixin.py:190} INFO - [2025-01-06T08:32:50.511+0000] {dag.py:3239} INFO - Sync 1 DAGs
[2025-01-06T08:32:50.520+0000] {logging_mixin.py:190} INFO - [2025-01-06T08:32:50.520+0000] {dag.py:4180} INFO - Setting next_dagrun for example_display_name to None, run_after=None
[2025-01-06T08:32:50.530+0000] {processor.py:208} INFO - Processing /home/airflow/.local/lib/python3.12/site-packages/airflow/example_dags/example_display_name.py took 0.042 seconds
[2025-01-06T08:33:20.905+0000] {processor.py:186} INFO - Started process (PID=1887) to work on /home/airflow/.local/lib/python3.12/site-packages/airflow/example_dags/example_display_name.py
[2025-01-06T08:33:20.906+0000] {processor.py:914} INFO - Processing file /home/airflow/.local/lib/python3.12/site-packages/airflow/example_dags/example_display_name.py for tasks to queue
[2025-01-06T08:33:20.907+0000] {logging_mixin.py:190} INFO - [2025-01-06T08:33:20.907+0000] {dagbag.py:588} INFO - Filling up the DagBag from /home/airflow/.local/lib/python3.12/site-packages/airflow/example_dags/example_display_name.py
[2025-01-06T08:33:20.911+0000] {processor.py:925} INFO - DAG(s) 'example_display_name' retrieved from /home/airflow/.local/lib/python3.12/site-packages/airflow/example_dags/example_display_name.py
[2025-01-06T08:33:20.924+0000] {logging_mixin.py:190} INFO - [2025-01-06T08:33:20.924+0000] {dag.py:3239} INFO - Sync 1 DAGs
[2025-01-06T08:33:20.934+0000] {logging_mixin.py:190} INFO - [2025-01-06T08:33:20.933+0000] {dag.py:4180} INFO - Setting next_dagrun for example_display_name to None, run_after=None
[2025-01-06T08:33:20.943+0000] {processor.py:208} INFO - Processing /home/airflow/.local/lib/python3.12/site-packages/airflow/example_dags/example_display_name.py took 0.041 seconds
