[2025-01-06T08:20:10.199+0000] {processor.py:186} INFO - Started process (PID=112) to work on /home/airflow/.local/lib/python3.12/site-packages/airflow/example_dags/example_branch_day_of_week_operator.py
[2025-01-06T08:20:10.199+0000] {processor.py:914} INFO - Processing file /home/airflow/.local/lib/python3.12/site-packages/airflow/example_dags/example_branch_day_of_week_operator.py for tasks to queue
[2025-01-06T08:20:10.201+0000] {logging_mixin.py:190} INFO - [2025-01-06T08:20:10.200+0000] {dagbag.py:588} INFO - Filling up the DagBag from /home/airflow/.local/lib/python3.12/site-packages/airflow/example_dags/example_branch_day_of_week_operator.py
[2025-01-06T08:20:10.207+0000] {processor.py:925} INFO - DAG(s) 'example_weekday_branch_operator' retrieved from /home/airflow/.local/lib/python3.12/site-packages/airflow/example_dags/example_branch_day_of_week_operator.py
[2025-01-06T08:20:10.223+0000] {logging_mixin.py:190} INFO - [2025-01-06T08:20:10.223+0000] {dag.py:3239} INFO - Sync 1 DAGs
[2025-01-06T08:20:10.238+0000] {logging_mixin.py:190} INFO - [2025-01-06T08:20:10.238+0000] {dag.py:4180} INFO - Setting next_dagrun for example_weekday_branch_operator to 2025-01-05 00:00:00+00:00, run_after=2025-01-06 00:00:00+00:00
[2025-01-06T08:20:10.249+0000] {processor.py:208} INFO - Processing /home/airflow/.local/lib/python3.12/site-packages/airflow/example_dags/example_branch_day_of_week_operator.py took 0.054 seconds
[2025-01-06T08:20:40.825+0000] {processor.py:186} INFO - Started process (PID=188) to work on /home/airflow/.local/lib/python3.12/site-packages/airflow/example_dags/example_branch_day_of_week_operator.py
[2025-01-06T08:20:40.825+0000] {processor.py:914} INFO - Processing file /home/airflow/.local/lib/python3.12/site-packages/airflow/example_dags/example_branch_day_of_week_operator.py for tasks to queue
[2025-01-06T08:20:40.827+0000] {logging_mixin.py:190} INFO - [2025-01-06T08:20:40.826+0000] {dagbag.py:588} INFO - Filling up the DagBag from /home/airflow/.local/lib/python3.12/site-packages/airflow/example_dags/example_branch_day_of_week_operator.py
[2025-01-06T08:20:40.832+0000] {processor.py:925} INFO - DAG(s) 'example_weekday_branch_operator' retrieved from /home/airflow/.local/lib/python3.12/site-packages/airflow/example_dags/example_branch_day_of_week_operator.py
[2025-01-06T08:20:40.845+0000] {logging_mixin.py:190} INFO - [2025-01-06T08:20:40.845+0000] {dag.py:3239} INFO - Sync 1 DAGs
[2025-01-06T08:20:40.859+0000] {logging_mixin.py:190} INFO - [2025-01-06T08:20:40.859+0000] {dag.py:4180} INFO - Setting next_dagrun for example_weekday_branch_operator to 2025-01-05 00:00:00+00:00, run_after=2025-01-06 00:00:00+00:00
[2025-01-06T08:20:40.869+0000] {processor.py:208} INFO - Processing /home/airflow/.local/lib/python3.12/site-packages/airflow/example_dags/example_branch_day_of_week_operator.py took 0.048 seconds
[2025-01-06T08:21:11.283+0000] {processor.py:186} INFO - Started process (PID=259) to work on /home/airflow/.local/lib/python3.12/site-packages/airflow/example_dags/example_branch_day_of_week_operator.py
[2025-01-06T08:21:11.284+0000] {processor.py:914} INFO - Processing file /home/airflow/.local/lib/python3.12/site-packages/airflow/example_dags/example_branch_day_of_week_operator.py for tasks to queue
[2025-01-06T08:21:11.286+0000] {logging_mixin.py:190} INFO - [2025-01-06T08:21:11.285+0000] {dagbag.py:588} INFO - Filling up the DagBag from /home/airflow/.local/lib/python3.12/site-packages/airflow/example_dags/example_branch_day_of_week_operator.py
[2025-01-06T08:21:11.292+0000] {processor.py:925} INFO - DAG(s) 'example_weekday_branch_operator' retrieved from /home/airflow/.local/lib/python3.12/site-packages/airflow/example_dags/example_branch_day_of_week_operator.py
[2025-01-06T08:21:11.303+0000] {logging_mixin.py:190} INFO - [2025-01-06T08:21:11.303+0000] {dag.py:3239} INFO - Sync 1 DAGs
[2025-01-06T08:21:11.317+0000] {logging_mixin.py:190} INFO - [2025-01-06T08:21:11.317+0000] {dag.py:4180} INFO - Setting next_dagrun for example_weekday_branch_operator to 2025-01-05 00:00:00+00:00, run_after=2025-01-06 00:00:00+00:00
[2025-01-06T08:21:11.327+0000] {processor.py:208} INFO - Processing /home/airflow/.local/lib/python3.12/site-packages/airflow/example_dags/example_branch_day_of_week_operator.py took 0.048 seconds
[2025-01-06T08:21:41.758+0000] {processor.py:186} INFO - Started process (PID=325) to work on /home/airflow/.local/lib/python3.12/site-packages/airflow/example_dags/example_branch_day_of_week_operator.py
[2025-01-06T08:21:41.758+0000] {processor.py:914} INFO - Processing file /home/airflow/.local/lib/python3.12/site-packages/airflow/example_dags/example_branch_day_of_week_operator.py for tasks to queue
[2025-01-06T08:21:41.759+0000] {logging_mixin.py:190} INFO - [2025-01-06T08:21:41.759+0000] {dagbag.py:588} INFO - Filling up the DagBag from /home/airflow/.local/lib/python3.12/site-packages/airflow/example_dags/example_branch_day_of_week_operator.py
[2025-01-06T08:21:41.765+0000] {processor.py:925} INFO - DAG(s) 'example_weekday_branch_operator' retrieved from /home/airflow/.local/lib/python3.12/site-packages/airflow/example_dags/example_branch_day_of_week_operator.py
[2025-01-06T08:21:41.777+0000] {logging_mixin.py:190} INFO - [2025-01-06T08:21:41.776+0000] {dag.py:3239} INFO - Sync 1 DAGs
[2025-01-06T08:21:41.790+0000] {logging_mixin.py:190} INFO - [2025-01-06T08:21:41.790+0000] {dag.py:4180} INFO - Setting next_dagrun for example_weekday_branch_operator to 2025-01-05 00:00:00+00:00, run_after=2025-01-06 00:00:00+00:00
[2025-01-06T08:21:41.799+0000] {processor.py:208} INFO - Processing /home/airflow/.local/lib/python3.12/site-packages/airflow/example_dags/example_branch_day_of_week_operator.py took 0.045 seconds
[2025-01-06T08:22:12.117+0000] {processor.py:186} INFO - Started process (PID=396) to work on /home/airflow/.local/lib/python3.12/site-packages/airflow/example_dags/example_branch_day_of_week_operator.py
[2025-01-06T08:22:12.118+0000] {processor.py:914} INFO - Processing file /home/airflow/.local/lib/python3.12/site-packages/airflow/example_dags/example_branch_day_of_week_operator.py for tasks to queue
[2025-01-06T08:22:12.119+0000] {logging_mixin.py:190} INFO - [2025-01-06T08:22:12.118+0000] {dagbag.py:588} INFO - Filling up the DagBag from /home/airflow/.local/lib/python3.12/site-packages/airflow/example_dags/example_branch_day_of_week_operator.py
[2025-01-06T08:22:12.124+0000] {processor.py:925} INFO - DAG(s) 'example_weekday_branch_operator' retrieved from /home/airflow/.local/lib/python3.12/site-packages/airflow/example_dags/example_branch_day_of_week_operator.py
[2025-01-06T08:22:12.137+0000] {logging_mixin.py:190} INFO - [2025-01-06T08:22:12.136+0000] {dag.py:3239} INFO - Sync 1 DAGs
[2025-01-06T08:22:12.150+0000] {logging_mixin.py:190} INFO - [2025-01-06T08:22:12.149+0000] {dag.py:4180} INFO - Setting next_dagrun for example_weekday_branch_operator to 2025-01-05 00:00:00+00:00, run_after=2025-01-06 00:00:00+00:00
[2025-01-06T08:22:12.159+0000] {processor.py:208} INFO - Processing /home/airflow/.local/lib/python3.12/site-packages/airflow/example_dags/example_branch_day_of_week_operator.py took 0.046 seconds
[2025-01-06T08:22:42.552+0000] {processor.py:186} INFO - Started process (PID=462) to work on /home/airflow/.local/lib/python3.12/site-packages/airflow/example_dags/example_branch_day_of_week_operator.py
[2025-01-06T08:22:42.552+0000] {processor.py:914} INFO - Processing file /home/airflow/.local/lib/python3.12/site-packages/airflow/example_dags/example_branch_day_of_week_operator.py for tasks to queue
[2025-01-06T08:22:42.554+0000] {logging_mixin.py:190} INFO - [2025-01-06T08:22:42.553+0000] {dagbag.py:588} INFO - Filling up the DagBag from /home/airflow/.local/lib/python3.12/site-packages/airflow/example_dags/example_branch_day_of_week_operator.py
[2025-01-06T08:22:42.561+0000] {processor.py:925} INFO - DAG(s) 'example_weekday_branch_operator' retrieved from /home/airflow/.local/lib/python3.12/site-packages/airflow/example_dags/example_branch_day_of_week_operator.py
[2025-01-06T08:22:42.575+0000] {logging_mixin.py:190} INFO - [2025-01-06T08:22:42.575+0000] {dag.py:3239} INFO - Sync 1 DAGs
[2025-01-06T08:22:42.594+0000] {logging_mixin.py:190} INFO - [2025-01-06T08:22:42.593+0000] {dag.py:4180} INFO - Setting next_dagrun for example_weekday_branch_operator to 2025-01-05 00:00:00+00:00, run_after=2025-01-06 00:00:00+00:00
[2025-01-06T08:22:42.607+0000] {processor.py:208} INFO - Processing /home/airflow/.local/lib/python3.12/site-packages/airflow/example_dags/example_branch_day_of_week_operator.py took 0.059 seconds
[2025-01-06T08:23:13.109+0000] {processor.py:186} INFO - Started process (PID=533) to work on /home/airflow/.local/lib/python3.12/site-packages/airflow/example_dags/example_branch_day_of_week_operator.py
[2025-01-06T08:23:13.109+0000] {processor.py:914} INFO - Processing file /home/airflow/.local/lib/python3.12/site-packages/airflow/example_dags/example_branch_day_of_week_operator.py for tasks to queue
[2025-01-06T08:23:13.111+0000] {logging_mixin.py:190} INFO - [2025-01-06T08:23:13.110+0000] {dagbag.py:588} INFO - Filling up the DagBag from /home/airflow/.local/lib/python3.12/site-packages/airflow/example_dags/example_branch_day_of_week_operator.py
[2025-01-06T08:23:13.116+0000] {processor.py:925} INFO - DAG(s) 'example_weekday_branch_operator' retrieved from /home/airflow/.local/lib/python3.12/site-packages/airflow/example_dags/example_branch_day_of_week_operator.py
[2025-01-06T08:23:13.127+0000] {logging_mixin.py:190} INFO - [2025-01-06T08:23:13.127+0000] {dag.py:3239} INFO - Sync 1 DAGs
[2025-01-06T08:23:13.141+0000] {logging_mixin.py:190} INFO - [2025-01-06T08:23:13.141+0000] {dag.py:4180} INFO - Setting next_dagrun for example_weekday_branch_operator to 2025-01-05 00:00:00+00:00, run_after=2025-01-06 00:00:00+00:00
[2025-01-06T08:23:13.155+0000] {processor.py:208} INFO - Processing /home/airflow/.local/lib/python3.12/site-packages/airflow/example_dags/example_branch_day_of_week_operator.py took 0.050 seconds
[2025-01-06T08:23:43.803+0000] {processor.py:186} INFO - Started process (PID=599) to work on /home/airflow/.local/lib/python3.12/site-packages/airflow/example_dags/example_branch_day_of_week_operator.py
[2025-01-06T08:23:43.803+0000] {processor.py:914} INFO - Processing file /home/airflow/.local/lib/python3.12/site-packages/airflow/example_dags/example_branch_day_of_week_operator.py for tasks to queue
[2025-01-06T08:23:43.805+0000] {logging_mixin.py:190} INFO - [2025-01-06T08:23:43.804+0000] {dagbag.py:588} INFO - Filling up the DagBag from /home/airflow/.local/lib/python3.12/site-packages/airflow/example_dags/example_branch_day_of_week_operator.py
[2025-01-06T08:23:43.810+0000] {processor.py:925} INFO - DAG(s) 'example_weekday_branch_operator' retrieved from /home/airflow/.local/lib/python3.12/site-packages/airflow/example_dags/example_branch_day_of_week_operator.py
[2025-01-06T08:23:43.827+0000] {logging_mixin.py:190} INFO - [2025-01-06T08:23:43.827+0000] {dag.py:3239} INFO - Sync 1 DAGs
[2025-01-06T08:23:43.843+0000] {logging_mixin.py:190} INFO - [2025-01-06T08:23:43.843+0000] {dag.py:4180} INFO - Setting next_dagrun for example_weekday_branch_operator to 2025-01-05 00:00:00+00:00, run_after=2025-01-06 00:00:00+00:00
[2025-01-06T08:23:43.855+0000] {processor.py:208} INFO - Processing /home/airflow/.local/lib/python3.12/site-packages/airflow/example_dags/example_branch_day_of_week_operator.py took 0.055 seconds
[2025-01-06T08:24:13.996+0000] {processor.py:186} INFO - Started process (PID=670) to work on /home/airflow/.local/lib/python3.12/site-packages/airflow/example_dags/example_branch_day_of_week_operator.py
[2025-01-06T08:24:13.996+0000] {processor.py:914} INFO - Processing file /home/airflow/.local/lib/python3.12/site-packages/airflow/example_dags/example_branch_day_of_week_operator.py for tasks to queue
[2025-01-06T08:24:13.997+0000] {logging_mixin.py:190} INFO - [2025-01-06T08:24:13.997+0000] {dagbag.py:588} INFO - Filling up the DagBag from /home/airflow/.local/lib/python3.12/site-packages/airflow/example_dags/example_branch_day_of_week_operator.py
[2025-01-06T08:24:14.003+0000] {processor.py:925} INFO - DAG(s) 'example_weekday_branch_operator' retrieved from /home/airflow/.local/lib/python3.12/site-packages/airflow/example_dags/example_branch_day_of_week_operator.py
[2025-01-06T08:24:14.016+0000] {logging_mixin.py:190} INFO - [2025-01-06T08:24:14.016+0000] {dag.py:3239} INFO - Sync 1 DAGs
[2025-01-06T08:24:14.032+0000] {logging_mixin.py:190} INFO - [2025-01-06T08:24:14.032+0000] {dag.py:4180} INFO - Setting next_dagrun for example_weekday_branch_operator to 2025-01-05 00:00:00+00:00, run_after=2025-01-06 00:00:00+00:00
[2025-01-06T08:24:14.041+0000] {processor.py:208} INFO - Processing /home/airflow/.local/lib/python3.12/site-packages/airflow/example_dags/example_branch_day_of_week_operator.py took 0.050 seconds
[2025-01-06T08:24:44.447+0000] {processor.py:186} INFO - Started process (PID=736) to work on /home/airflow/.local/lib/python3.12/site-packages/airflow/example_dags/example_branch_day_of_week_operator.py
[2025-01-06T08:24:44.448+0000] {processor.py:914} INFO - Processing file /home/airflow/.local/lib/python3.12/site-packages/airflow/example_dags/example_branch_day_of_week_operator.py for tasks to queue
[2025-01-06T08:24:44.449+0000] {logging_mixin.py:190} INFO - [2025-01-06T08:24:44.449+0000] {dagbag.py:588} INFO - Filling up the DagBag from /home/airflow/.local/lib/python3.12/site-packages/airflow/example_dags/example_branch_day_of_week_operator.py
[2025-01-06T08:24:44.454+0000] {processor.py:925} INFO - DAG(s) 'example_weekday_branch_operator' retrieved from /home/airflow/.local/lib/python3.12/site-packages/airflow/example_dags/example_branch_day_of_week_operator.py
[2025-01-06T08:24:44.465+0000] {logging_mixin.py:190} INFO - [2025-01-06T08:24:44.465+0000] {dag.py:3239} INFO - Sync 1 DAGs
[2025-01-06T08:24:44.479+0000] {logging_mixin.py:190} INFO - [2025-01-06T08:24:44.479+0000] {dag.py:4180} INFO - Setting next_dagrun for example_weekday_branch_operator to 2025-01-05 00:00:00+00:00, run_after=2025-01-06 00:00:00+00:00
[2025-01-06T08:24:44.491+0000] {processor.py:208} INFO - Processing /home/airflow/.local/lib/python3.12/site-packages/airflow/example_dags/example_branch_day_of_week_operator.py took 0.047 seconds
[2025-01-06T08:25:14.882+0000] {processor.py:186} INFO - Started process (PID=807) to work on /home/airflow/.local/lib/python3.12/site-packages/airflow/example_dags/example_branch_day_of_week_operator.py
[2025-01-06T08:25:14.882+0000] {processor.py:914} INFO - Processing file /home/airflow/.local/lib/python3.12/site-packages/airflow/example_dags/example_branch_day_of_week_operator.py for tasks to queue
[2025-01-06T08:25:14.883+0000] {logging_mixin.py:190} INFO - [2025-01-06T08:25:14.883+0000] {dagbag.py:588} INFO - Filling up the DagBag from /home/airflow/.local/lib/python3.12/site-packages/airflow/example_dags/example_branch_day_of_week_operator.py
[2025-01-06T08:25:14.889+0000] {processor.py:925} INFO - DAG(s) 'example_weekday_branch_operator' retrieved from /home/airflow/.local/lib/python3.12/site-packages/airflow/example_dags/example_branch_day_of_week_operator.py
[2025-01-06T08:25:14.901+0000] {logging_mixin.py:190} INFO - [2025-01-06T08:25:14.901+0000] {dag.py:3239} INFO - Sync 1 DAGs
[2025-01-06T08:25:14.914+0000] {logging_mixin.py:190} INFO - [2025-01-06T08:25:14.914+0000] {dag.py:4180} INFO - Setting next_dagrun for example_weekday_branch_operator to 2025-01-05 00:00:00+00:00, run_after=2025-01-06 00:00:00+00:00
[2025-01-06T08:25:14.923+0000] {processor.py:208} INFO - Processing /home/airflow/.local/lib/python3.12/site-packages/airflow/example_dags/example_branch_day_of_week_operator.py took 0.045 seconds
[2025-01-06T08:25:45.175+0000] {processor.py:186} INFO - Started process (PID=873) to work on /home/airflow/.local/lib/python3.12/site-packages/airflow/example_dags/example_branch_day_of_week_operator.py
[2025-01-06T08:25:45.176+0000] {processor.py:914} INFO - Processing file /home/airflow/.local/lib/python3.12/site-packages/airflow/example_dags/example_branch_day_of_week_operator.py for tasks to queue
[2025-01-06T08:25:45.178+0000] {logging_mixin.py:190} INFO - [2025-01-06T08:25:45.177+0000] {dagbag.py:588} INFO - Filling up the DagBag from /home/airflow/.local/lib/python3.12/site-packages/airflow/example_dags/example_branch_day_of_week_operator.py
[2025-01-06T08:25:45.185+0000] {processor.py:925} INFO - DAG(s) 'example_weekday_branch_operator' retrieved from /home/airflow/.local/lib/python3.12/site-packages/airflow/example_dags/example_branch_day_of_week_operator.py
[2025-01-06T08:25:45.199+0000] {logging_mixin.py:190} INFO - [2025-01-06T08:25:45.199+0000] {dag.py:3239} INFO - Sync 1 DAGs
[2025-01-06T08:25:45.213+0000] {logging_mixin.py:190} INFO - [2025-01-06T08:25:45.213+0000] {dag.py:4180} INFO - Setting next_dagrun for example_weekday_branch_operator to 2025-01-05 00:00:00+00:00, run_after=2025-01-06 00:00:00+00:00
[2025-01-06T08:25:45.225+0000] {processor.py:208} INFO - Processing /home/airflow/.local/lib/python3.12/site-packages/airflow/example_dags/example_branch_day_of_week_operator.py took 0.054 seconds
[2025-01-06T08:26:15.605+0000] {processor.py:186} INFO - Started process (PID=944) to work on /home/airflow/.local/lib/python3.12/site-packages/airflow/example_dags/example_branch_day_of_week_operator.py
[2025-01-06T08:26:15.605+0000] {processor.py:914} INFO - Processing file /home/airflow/.local/lib/python3.12/site-packages/airflow/example_dags/example_branch_day_of_week_operator.py for tasks to queue
[2025-01-06T08:26:15.606+0000] {logging_mixin.py:190} INFO - [2025-01-06T08:26:15.606+0000] {dagbag.py:588} INFO - Filling up the DagBag from /home/airflow/.local/lib/python3.12/site-packages/airflow/example_dags/example_branch_day_of_week_operator.py
[2025-01-06T08:26:15.612+0000] {processor.py:925} INFO - DAG(s) 'example_weekday_branch_operator' retrieved from /home/airflow/.local/lib/python3.12/site-packages/airflow/example_dags/example_branch_day_of_week_operator.py
[2025-01-06T08:26:15.628+0000] {logging_mixin.py:190} INFO - [2025-01-06T08:26:15.628+0000] {dag.py:3239} INFO - Sync 1 DAGs
[2025-01-06T08:26:15.646+0000] {logging_mixin.py:190} INFO - [2025-01-06T08:26:15.646+0000] {dag.py:4180} INFO - Setting next_dagrun for example_weekday_branch_operator to 2025-01-05 00:00:00+00:00, run_after=2025-01-06 00:00:00+00:00
[2025-01-06T08:26:15.656+0000] {processor.py:208} INFO - Processing /home/airflow/.local/lib/python3.12/site-packages/airflow/example_dags/example_branch_day_of_week_operator.py took 0.054 seconds
[2025-01-06T08:26:46.022+0000] {processor.py:186} INFO - Started process (PID=1010) to work on /home/airflow/.local/lib/python3.12/site-packages/airflow/example_dags/example_branch_day_of_week_operator.py
[2025-01-06T08:26:46.022+0000] {processor.py:914} INFO - Processing file /home/airflow/.local/lib/python3.12/site-packages/airflow/example_dags/example_branch_day_of_week_operator.py for tasks to queue
[2025-01-06T08:26:46.023+0000] {logging_mixin.py:190} INFO - [2025-01-06T08:26:46.023+0000] {dagbag.py:588} INFO - Filling up the DagBag from /home/airflow/.local/lib/python3.12/site-packages/airflow/example_dags/example_branch_day_of_week_operator.py
[2025-01-06T08:26:46.029+0000] {processor.py:925} INFO - DAG(s) 'example_weekday_branch_operator' retrieved from /home/airflow/.local/lib/python3.12/site-packages/airflow/example_dags/example_branch_day_of_week_operator.py
[2025-01-06T08:26:46.041+0000] {logging_mixin.py:190} INFO - [2025-01-06T08:26:46.041+0000] {dag.py:3239} INFO - Sync 1 DAGs
[2025-01-06T08:26:46.055+0000] {logging_mixin.py:190} INFO - [2025-01-06T08:26:46.055+0000] {dag.py:4180} INFO - Setting next_dagrun for example_weekday_branch_operator to 2025-01-05 00:00:00+00:00, run_after=2025-01-06 00:00:00+00:00
[2025-01-06T08:26:46.065+0000] {processor.py:208} INFO - Processing /home/airflow/.local/lib/python3.12/site-packages/airflow/example_dags/example_branch_day_of_week_operator.py took 0.046 seconds
[2025-01-06T08:27:16.383+0000] {processor.py:186} INFO - Started process (PID=1081) to work on /home/airflow/.local/lib/python3.12/site-packages/airflow/example_dags/example_branch_day_of_week_operator.py
[2025-01-06T08:27:16.384+0000] {processor.py:914} INFO - Processing file /home/airflow/.local/lib/python3.12/site-packages/airflow/example_dags/example_branch_day_of_week_operator.py for tasks to queue
[2025-01-06T08:27:16.385+0000] {logging_mixin.py:190} INFO - [2025-01-06T08:27:16.385+0000] {dagbag.py:588} INFO - Filling up the DagBag from /home/airflow/.local/lib/python3.12/site-packages/airflow/example_dags/example_branch_day_of_week_operator.py
[2025-01-06T08:27:16.390+0000] {processor.py:925} INFO - DAG(s) 'example_weekday_branch_operator' retrieved from /home/airflow/.local/lib/python3.12/site-packages/airflow/example_dags/example_branch_day_of_week_operator.py
[2025-01-06T08:27:16.402+0000] {logging_mixin.py:190} INFO - [2025-01-06T08:27:16.401+0000] {dag.py:3239} INFO - Sync 1 DAGs
[2025-01-06T08:27:16.414+0000] {logging_mixin.py:190} INFO - [2025-01-06T08:27:16.414+0000] {dag.py:4180} INFO - Setting next_dagrun for example_weekday_branch_operator to 2025-01-05 00:00:00+00:00, run_after=2025-01-06 00:00:00+00:00
[2025-01-06T08:27:16.424+0000] {processor.py:208} INFO - Processing /home/airflow/.local/lib/python3.12/site-packages/airflow/example_dags/example_branch_day_of_week_operator.py took 0.044 seconds
[2025-01-06T08:27:46.789+0000] {processor.py:186} INFO - Started process (PID=1147) to work on /home/airflow/.local/lib/python3.12/site-packages/airflow/example_dags/example_branch_day_of_week_operator.py
[2025-01-06T08:27:46.790+0000] {processor.py:914} INFO - Processing file /home/airflow/.local/lib/python3.12/site-packages/airflow/example_dags/example_branch_day_of_week_operator.py for tasks to queue
[2025-01-06T08:27:46.791+0000] {logging_mixin.py:190} INFO - [2025-01-06T08:27:46.791+0000] {dagbag.py:588} INFO - Filling up the DagBag from /home/airflow/.local/lib/python3.12/site-packages/airflow/example_dags/example_branch_day_of_week_operator.py
[2025-01-06T08:27:46.796+0000] {processor.py:925} INFO - DAG(s) 'example_weekday_branch_operator' retrieved from /home/airflow/.local/lib/python3.12/site-packages/airflow/example_dags/example_branch_day_of_week_operator.py
[2025-01-06T08:27:46.807+0000] {logging_mixin.py:190} INFO - [2025-01-06T08:27:46.807+0000] {dag.py:3239} INFO - Sync 1 DAGs
[2025-01-06T08:27:46.819+0000] {logging_mixin.py:190} INFO - [2025-01-06T08:27:46.819+0000] {dag.py:4180} INFO - Setting next_dagrun for example_weekday_branch_operator to 2025-01-05 00:00:00+00:00, run_after=2025-01-06 00:00:00+00:00
[2025-01-06T08:27:46.829+0000] {processor.py:208} INFO - Processing /home/airflow/.local/lib/python3.12/site-packages/airflow/example_dags/example_branch_day_of_week_operator.py took 0.043 seconds
[2025-01-06T08:28:17.014+0000] {processor.py:186} INFO - Started process (PID=1218) to work on /home/airflow/.local/lib/python3.12/site-packages/airflow/example_dags/example_branch_day_of_week_operator.py
[2025-01-06T08:28:17.015+0000] {processor.py:914} INFO - Processing file /home/airflow/.local/lib/python3.12/site-packages/airflow/example_dags/example_branch_day_of_week_operator.py for tasks to queue
[2025-01-06T08:28:17.016+0000] {logging_mixin.py:190} INFO - [2025-01-06T08:28:17.016+0000] {dagbag.py:588} INFO - Filling up the DagBag from /home/airflow/.local/lib/python3.12/site-packages/airflow/example_dags/example_branch_day_of_week_operator.py
[2025-01-06T08:28:17.023+0000] {processor.py:925} INFO - DAG(s) 'example_weekday_branch_operator' retrieved from /home/airflow/.local/lib/python3.12/site-packages/airflow/example_dags/example_branch_day_of_week_operator.py
[2025-01-06T08:28:17.034+0000] {logging_mixin.py:190} INFO - [2025-01-06T08:28:17.034+0000] {dag.py:3239} INFO - Sync 1 DAGs
[2025-01-06T08:28:17.048+0000] {logging_mixin.py:190} INFO - [2025-01-06T08:28:17.048+0000] {dag.py:4180} INFO - Setting next_dagrun for example_weekday_branch_operator to 2025-01-05 00:00:00+00:00, run_after=2025-01-06 00:00:00+00:00
[2025-01-06T08:28:17.057+0000] {processor.py:208} INFO - Processing /home/airflow/.local/lib/python3.12/site-packages/airflow/example_dags/example_branch_day_of_week_operator.py took 0.047 seconds
[2025-01-06T08:28:47.676+0000] {processor.py:186} INFO - Started process (PID=1284) to work on /home/airflow/.local/lib/python3.12/site-packages/airflow/example_dags/example_branch_day_of_week_operator.py
[2025-01-06T08:28:47.677+0000] {processor.py:914} INFO - Processing file /home/airflow/.local/lib/python3.12/site-packages/airflow/example_dags/example_branch_day_of_week_operator.py for tasks to queue
[2025-01-06T08:28:47.678+0000] {logging_mixin.py:190} INFO - [2025-01-06T08:28:47.678+0000] {dagbag.py:588} INFO - Filling up the DagBag from /home/airflow/.local/lib/python3.12/site-packages/airflow/example_dags/example_branch_day_of_week_operator.py
[2025-01-06T08:28:47.684+0000] {processor.py:925} INFO - DAG(s) 'example_weekday_branch_operator' retrieved from /home/airflow/.local/lib/python3.12/site-packages/airflow/example_dags/example_branch_day_of_week_operator.py
[2025-01-06T08:28:47.694+0000] {logging_mixin.py:190} INFO - [2025-01-06T08:28:47.694+0000] {dag.py:3239} INFO - Sync 1 DAGs
[2025-01-06T08:28:47.708+0000] {logging_mixin.py:190} INFO - [2025-01-06T08:28:47.708+0000] {dag.py:4180} INFO - Setting next_dagrun for example_weekday_branch_operator to 2025-01-05 00:00:00+00:00, run_after=2025-01-06 00:00:00+00:00
[2025-01-06T08:28:47.718+0000] {processor.py:208} INFO - Processing /home/airflow/.local/lib/python3.12/site-packages/airflow/example_dags/example_branch_day_of_week_operator.py took 0.046 seconds
[2025-01-06T08:29:18.105+0000] {processor.py:186} INFO - Started process (PID=1354) to work on /home/airflow/.local/lib/python3.12/site-packages/airflow/example_dags/example_branch_day_of_week_operator.py
[2025-01-06T08:29:18.105+0000] {processor.py:914} INFO - Processing file /home/airflow/.local/lib/python3.12/site-packages/airflow/example_dags/example_branch_day_of_week_operator.py for tasks to queue
[2025-01-06T08:29:18.107+0000] {logging_mixin.py:190} INFO - [2025-01-06T08:29:18.106+0000] {dagbag.py:588} INFO - Filling up the DagBag from /home/airflow/.local/lib/python3.12/site-packages/airflow/example_dags/example_branch_day_of_week_operator.py
[2025-01-06T08:29:18.113+0000] {processor.py:925} INFO - DAG(s) 'example_weekday_branch_operator' retrieved from /home/airflow/.local/lib/python3.12/site-packages/airflow/example_dags/example_branch_day_of_week_operator.py
[2025-01-06T08:29:18.133+0000] {logging_mixin.py:190} INFO - [2025-01-06T08:29:18.133+0000] {dag.py:3239} INFO - Sync 1 DAGs
[2025-01-06T08:29:18.151+0000] {logging_mixin.py:190} INFO - [2025-01-06T08:29:18.150+0000] {dag.py:4180} INFO - Setting next_dagrun for example_weekday_branch_operator to 2025-01-05 00:00:00+00:00, run_after=2025-01-06 00:00:00+00:00
[2025-01-06T08:29:18.160+0000] {processor.py:208} INFO - Processing /home/airflow/.local/lib/python3.12/site-packages/airflow/example_dags/example_branch_day_of_week_operator.py took 0.060 seconds
[2025-01-06T08:29:48.504+0000] {processor.py:186} INFO - Started process (PID=1420) to work on /home/airflow/.local/lib/python3.12/site-packages/airflow/example_dags/example_branch_day_of_week_operator.py
[2025-01-06T08:29:48.505+0000] {processor.py:914} INFO - Processing file /home/airflow/.local/lib/python3.12/site-packages/airflow/example_dags/example_branch_day_of_week_operator.py for tasks to queue
[2025-01-06T08:29:48.506+0000] {logging_mixin.py:190} INFO - [2025-01-06T08:29:48.506+0000] {dagbag.py:588} INFO - Filling up the DagBag from /home/airflow/.local/lib/python3.12/site-packages/airflow/example_dags/example_branch_day_of_week_operator.py
[2025-01-06T08:29:48.511+0000] {processor.py:925} INFO - DAG(s) 'example_weekday_branch_operator' retrieved from /home/airflow/.local/lib/python3.12/site-packages/airflow/example_dags/example_branch_day_of_week_operator.py
[2025-01-06T08:29:48.523+0000] {logging_mixin.py:190} INFO - [2025-01-06T08:29:48.523+0000] {dag.py:3239} INFO - Sync 1 DAGs
[2025-01-06T08:29:48.537+0000] {logging_mixin.py:190} INFO - [2025-01-06T08:29:48.537+0000] {dag.py:4180} INFO - Setting next_dagrun for example_weekday_branch_operator to 2025-01-05 00:00:00+00:00, run_after=2025-01-06 00:00:00+00:00
[2025-01-06T08:29:48.547+0000] {processor.py:208} INFO - Processing /home/airflow/.local/lib/python3.12/site-packages/airflow/example_dags/example_branch_day_of_week_operator.py took 0.046 seconds
[2025-01-06T08:30:19.007+0000] {processor.py:186} INFO - Started process (PID=1496) to work on /home/airflow/.local/lib/python3.12/site-packages/airflow/example_dags/example_branch_day_of_week_operator.py
[2025-01-06T08:30:19.008+0000] {processor.py:914} INFO - Processing file /home/airflow/.local/lib/python3.12/site-packages/airflow/example_dags/example_branch_day_of_week_operator.py for tasks to queue
[2025-01-06T08:30:19.009+0000] {logging_mixin.py:190} INFO - [2025-01-06T08:30:19.009+0000] {dagbag.py:588} INFO - Filling up the DagBag from /home/airflow/.local/lib/python3.12/site-packages/airflow/example_dags/example_branch_day_of_week_operator.py
[2025-01-06T08:30:19.014+0000] {processor.py:925} INFO - DAG(s) 'example_weekday_branch_operator' retrieved from /home/airflow/.local/lib/python3.12/site-packages/airflow/example_dags/example_branch_day_of_week_operator.py
[2025-01-06T08:30:19.036+0000] {logging_mixin.py:190} INFO - [2025-01-06T08:30:19.035+0000] {dag.py:3239} INFO - Sync 1 DAGs
[2025-01-06T08:30:19.061+0000] {logging_mixin.py:190} INFO - [2025-01-06T08:30:19.061+0000] {dag.py:4180} INFO - Setting next_dagrun for example_weekday_branch_operator to 2025-01-05 00:00:00+00:00, run_after=2025-01-06 00:00:00+00:00
[2025-01-06T08:30:19.091+0000] {processor.py:208} INFO - Processing /home/airflow/.local/lib/python3.12/site-packages/airflow/example_dags/example_branch_day_of_week_operator.py took 0.087 seconds
[2025-01-06T08:30:49.344+0000] {processor.py:186} INFO - Started process (PID=1562) to work on /home/airflow/.local/lib/python3.12/site-packages/airflow/example_dags/example_branch_day_of_week_operator.py
[2025-01-06T08:30:49.345+0000] {processor.py:914} INFO - Processing file /home/airflow/.local/lib/python3.12/site-packages/airflow/example_dags/example_branch_day_of_week_operator.py for tasks to queue
[2025-01-06T08:30:49.346+0000] {logging_mixin.py:190} INFO - [2025-01-06T08:30:49.346+0000] {dagbag.py:588} INFO - Filling up the DagBag from /home/airflow/.local/lib/python3.12/site-packages/airflow/example_dags/example_branch_day_of_week_operator.py
[2025-01-06T08:30:49.352+0000] {processor.py:925} INFO - DAG(s) 'example_weekday_branch_operator' retrieved from /home/airflow/.local/lib/python3.12/site-packages/airflow/example_dags/example_branch_day_of_week_operator.py
[2025-01-06T08:30:49.366+0000] {logging_mixin.py:190} INFO - [2025-01-06T08:30:49.366+0000] {dag.py:3239} INFO - Sync 1 DAGs
[2025-01-06T08:30:49.385+0000] {logging_mixin.py:190} INFO - [2025-01-06T08:30:49.385+0000] {dag.py:4180} INFO - Setting next_dagrun for example_weekday_branch_operator to 2025-01-05 00:00:00+00:00, run_after=2025-01-06 00:00:00+00:00
[2025-01-06T08:30:49.396+0000] {processor.py:208} INFO - Processing /home/airflow/.local/lib/python3.12/site-packages/airflow/example_dags/example_branch_day_of_week_operator.py took 0.055 seconds
[2025-01-06T08:31:19.807+0000] {processor.py:186} INFO - Started process (PID=1633) to work on /home/airflow/.local/lib/python3.12/site-packages/airflow/example_dags/example_branch_day_of_week_operator.py
[2025-01-06T08:31:19.807+0000] {processor.py:914} INFO - Processing file /home/airflow/.local/lib/python3.12/site-packages/airflow/example_dags/example_branch_day_of_week_operator.py for tasks to queue
[2025-01-06T08:31:19.809+0000] {logging_mixin.py:190} INFO - [2025-01-06T08:31:19.808+0000] {dagbag.py:588} INFO - Filling up the DagBag from /home/airflow/.local/lib/python3.12/site-packages/airflow/example_dags/example_branch_day_of_week_operator.py
[2025-01-06T08:31:19.814+0000] {processor.py:925} INFO - DAG(s) 'example_weekday_branch_operator' retrieved from /home/airflow/.local/lib/python3.12/site-packages/airflow/example_dags/example_branch_day_of_week_operator.py
[2025-01-06T08:31:19.828+0000] {logging_mixin.py:190} INFO - [2025-01-06T08:31:19.828+0000] {dag.py:3239} INFO - Sync 1 DAGs
[2025-01-06T08:31:19.847+0000] {logging_mixin.py:190} INFO - [2025-01-06T08:31:19.847+0000] {dag.py:4180} INFO - Setting next_dagrun for example_weekday_branch_operator to 2025-01-05 00:00:00+00:00, run_after=2025-01-06 00:00:00+00:00
[2025-01-06T08:31:19.858+0000] {processor.py:208} INFO - Processing /home/airflow/.local/lib/python3.12/site-packages/airflow/example_dags/example_branch_day_of_week_operator.py took 0.054 seconds
[2025-01-06T08:31:50.291+0000] {processor.py:186} INFO - Started process (PID=1699) to work on /home/airflow/.local/lib/python3.12/site-packages/airflow/example_dags/example_branch_day_of_week_operator.py
[2025-01-06T08:31:50.292+0000] {processor.py:914} INFO - Processing file /home/airflow/.local/lib/python3.12/site-packages/airflow/example_dags/example_branch_day_of_week_operator.py for tasks to queue
[2025-01-06T08:31:50.294+0000] {logging_mixin.py:190} INFO - [2025-01-06T08:31:50.293+0000] {dagbag.py:588} INFO - Filling up the DagBag from /home/airflow/.local/lib/python3.12/site-packages/airflow/example_dags/example_branch_day_of_week_operator.py
[2025-01-06T08:31:50.301+0000] {processor.py:925} INFO - DAG(s) 'example_weekday_branch_operator' retrieved from /home/airflow/.local/lib/python3.12/site-packages/airflow/example_dags/example_branch_day_of_week_operator.py
[2025-01-06T08:31:50.313+0000] {logging_mixin.py:190} INFO - [2025-01-06T08:31:50.313+0000] {dag.py:3239} INFO - Sync 1 DAGs
[2025-01-06T08:31:50.327+0000] {logging_mixin.py:190} INFO - [2025-01-06T08:31:50.327+0000] {dag.py:4180} INFO - Setting next_dagrun for example_weekday_branch_operator to 2025-01-05 00:00:00+00:00, run_after=2025-01-06 00:00:00+00:00
[2025-01-06T08:31:50.337+0000] {processor.py:208} INFO - Processing /home/airflow/.local/lib/python3.12/site-packages/airflow/example_dags/example_branch_day_of_week_operator.py took 0.050 seconds
[2025-01-06T08:32:20.918+0000] {processor.py:186} INFO - Started process (PID=1770) to work on /home/airflow/.local/lib/python3.12/site-packages/airflow/example_dags/example_branch_day_of_week_operator.py
[2025-01-06T08:32:20.918+0000] {processor.py:914} INFO - Processing file /home/airflow/.local/lib/python3.12/site-packages/airflow/example_dags/example_branch_day_of_week_operator.py for tasks to queue
[2025-01-06T08:32:20.920+0000] {logging_mixin.py:190} INFO - [2025-01-06T08:32:20.919+0000] {dagbag.py:588} INFO - Filling up the DagBag from /home/airflow/.local/lib/python3.12/site-packages/airflow/example_dags/example_branch_day_of_week_operator.py
[2025-01-06T08:32:20.925+0000] {processor.py:925} INFO - DAG(s) 'example_weekday_branch_operator' retrieved from /home/airflow/.local/lib/python3.12/site-packages/airflow/example_dags/example_branch_day_of_week_operator.py
[2025-01-06T08:32:20.936+0000] {logging_mixin.py:190} INFO - [2025-01-06T08:32:20.936+0000] {dag.py:3239} INFO - Sync 1 DAGs
[2025-01-06T08:32:20.949+0000] {logging_mixin.py:190} INFO - [2025-01-06T08:32:20.949+0000] {dag.py:4180} INFO - Setting next_dagrun for example_weekday_branch_operator to 2025-01-05 00:00:00+00:00, run_after=2025-01-06 00:00:00+00:00
[2025-01-06T08:32:20.959+0000] {processor.py:208} INFO - Processing /home/airflow/.local/lib/python3.12/site-packages/airflow/example_dags/example_branch_day_of_week_operator.py took 0.045 seconds
[2025-01-06T08:32:51.209+0000] {processor.py:186} INFO - Started process (PID=1836) to work on /home/airflow/.local/lib/python3.12/site-packages/airflow/example_dags/example_branch_day_of_week_operator.py
[2025-01-06T08:32:51.210+0000] {processor.py:914} INFO - Processing file /home/airflow/.local/lib/python3.12/site-packages/airflow/example_dags/example_branch_day_of_week_operator.py for tasks to queue
[2025-01-06T08:32:51.211+0000] {logging_mixin.py:190} INFO - [2025-01-06T08:32:51.211+0000] {dagbag.py:588} INFO - Filling up the DagBag from /home/airflow/.local/lib/python3.12/site-packages/airflow/example_dags/example_branch_day_of_week_operator.py
[2025-01-06T08:32:51.216+0000] {processor.py:925} INFO - DAG(s) 'example_weekday_branch_operator' retrieved from /home/airflow/.local/lib/python3.12/site-packages/airflow/example_dags/example_branch_day_of_week_operator.py
[2025-01-06T08:32:51.228+0000] {logging_mixin.py:190} INFO - [2025-01-06T08:32:51.228+0000] {dag.py:3239} INFO - Sync 1 DAGs
[2025-01-06T08:32:51.245+0000] {logging_mixin.py:190} INFO - [2025-01-06T08:32:51.245+0000] {dag.py:4180} INFO - Setting next_dagrun for example_weekday_branch_operator to 2025-01-05 00:00:00+00:00, run_after=2025-01-06 00:00:00+00:00
[2025-01-06T08:32:51.256+0000] {processor.py:208} INFO - Processing /home/airflow/.local/lib/python3.12/site-packages/airflow/example_dags/example_branch_day_of_week_operator.py took 0.050 seconds
[2025-01-06T08:33:21.709+0000] {processor.py:186} INFO - Started process (PID=1907) to work on /home/airflow/.local/lib/python3.12/site-packages/airflow/example_dags/example_branch_day_of_week_operator.py
[2025-01-06T08:33:21.710+0000] {processor.py:914} INFO - Processing file /home/airflow/.local/lib/python3.12/site-packages/airflow/example_dags/example_branch_day_of_week_operator.py for tasks to queue
[2025-01-06T08:33:21.711+0000] {logging_mixin.py:190} INFO - [2025-01-06T08:33:21.711+0000] {dagbag.py:588} INFO - Filling up the DagBag from /home/airflow/.local/lib/python3.12/site-packages/airflow/example_dags/example_branch_day_of_week_operator.py
[2025-01-06T08:33:21.717+0000] {processor.py:925} INFO - DAG(s) 'example_weekday_branch_operator' retrieved from /home/airflow/.local/lib/python3.12/site-packages/airflow/example_dags/example_branch_day_of_week_operator.py
[2025-01-06T08:33:21.730+0000] {logging_mixin.py:190} INFO - [2025-01-06T08:33:21.730+0000] {dag.py:3239} INFO - Sync 1 DAGs
[2025-01-06T08:33:21.745+0000] {logging_mixin.py:190} INFO - [2025-01-06T08:33:21.745+0000] {dag.py:4180} INFO - Setting next_dagrun for example_weekday_branch_operator to 2025-01-05 00:00:00+00:00, run_after=2025-01-06 00:00:00+00:00
[2025-01-06T08:33:21.759+0000] {processor.py:208} INFO - Processing /home/airflow/.local/lib/python3.12/site-packages/airflow/example_dags/example_branch_day_of_week_operator.py took 0.053 seconds
