[2025-01-06T08:20:09.732+0000] {processor.py:186} INFO - Started process (PID=102) to work on /home/airflow/.local/lib/python3.12/site-packages/airflow/example_dags/example_dataset_alias.py
[2025-01-06T08:20:09.733+0000] {processor.py:914} INFO - Processing file /home/airflow/.local/lib/python3.12/site-packages/airflow/example_dags/example_dataset_alias.py for tasks to queue
[2025-01-06T08:20:09.734+0000] {logging_mixin.py:190} INFO - [2025-01-06T08:20:09.734+0000] {dagbag.py:588} INFO - Filling up the DagBag from /home/airflow/.local/lib/python3.12/site-packages/airflow/example_dags/example_dataset_alias.py
[2025-01-06T08:20:09.826+0000] {processor.py:925} INFO - DAG(s) 'dataset_alias_example_alias_consumer', 'dataset_alias_example_alias_producer', 'dataset_s3_bucket_producer', 'dataset_s3_bucket_consumer' retrieved from /home/airflow/.local/lib/python3.12/site-packages/airflow/example_dags/example_dataset_alias.py
[2025-01-06T08:20:09.846+0000] {logging_mixin.py:190} INFO - [2025-01-06T08:20:09.846+0000] {dag.py:3239} INFO - Sync 4 DAGs
[2025-01-06T08:20:09.859+0000] {logging_mixin.py:190} INFO - [2025-01-06T08:20:09.859+0000] {dag.py:4180} INFO - Setting next_dagrun for dataset_alias_example_alias_consumer to None, run_after=None
[2025-01-06T08:20:09.861+0000] {logging_mixin.py:190} INFO - [2025-01-06T08:20:09.861+0000] {dag.py:4180} INFO - Setting next_dagrun for dataset_alias_example_alias_producer to None, run_after=None
[2025-01-06T08:20:09.861+0000] {logging_mixin.py:190} INFO - [2025-01-06T08:20:09.861+0000] {dag.py:4180} INFO - Setting next_dagrun for dataset_s3_bucket_consumer to None, run_after=None
[2025-01-06T08:20:09.862+0000] {logging_mixin.py:190} INFO - [2025-01-06T08:20:09.862+0000] {dag.py:4180} INFO - Setting next_dagrun for dataset_s3_bucket_producer to None, run_after=None
[2025-01-06T08:20:09.873+0000] {processor.py:208} INFO - Processing /home/airflow/.local/lib/python3.12/site-packages/airflow/example_dags/example_dataset_alias.py took 0.144 seconds
[2025-01-06T08:20:40.467+0000] {processor.py:186} INFO - Started process (PID=178) to work on /home/airflow/.local/lib/python3.12/site-packages/airflow/example_dags/example_dataset_alias.py
[2025-01-06T08:20:40.468+0000] {processor.py:914} INFO - Processing file /home/airflow/.local/lib/python3.12/site-packages/airflow/example_dags/example_dataset_alias.py for tasks to queue
[2025-01-06T08:20:40.469+0000] {logging_mixin.py:190} INFO - [2025-01-06T08:20:40.469+0000] {dagbag.py:588} INFO - Filling up the DagBag from /home/airflow/.local/lib/python3.12/site-packages/airflow/example_dags/example_dataset_alias.py
[2025-01-06T08:20:40.561+0000] {processor.py:925} INFO - DAG(s) 'dataset_s3_bucket_producer', 'dataset_alias_example_alias_producer', 'dataset_alias_example_alias_consumer', 'dataset_s3_bucket_consumer' retrieved from /home/airflow/.local/lib/python3.12/site-packages/airflow/example_dags/example_dataset_alias.py
[2025-01-06T08:20:40.573+0000] {logging_mixin.py:190} INFO - [2025-01-06T08:20:40.573+0000] {dag.py:3239} INFO - Sync 4 DAGs
[2025-01-06T08:20:40.585+0000] {logging_mixin.py:190} INFO - [2025-01-06T08:20:40.585+0000] {dag.py:4180} INFO - Setting next_dagrun for dataset_alias_example_alias_consumer to None, run_after=None
[2025-01-06T08:20:40.586+0000] {logging_mixin.py:190} INFO - [2025-01-06T08:20:40.586+0000] {dag.py:4180} INFO - Setting next_dagrun for dataset_alias_example_alias_producer to None, run_after=None
[2025-01-06T08:20:40.587+0000] {logging_mixin.py:190} INFO - [2025-01-06T08:20:40.587+0000] {dag.py:4180} INFO - Setting next_dagrun for dataset_s3_bucket_consumer to None, run_after=None
[2025-01-06T08:20:40.587+0000] {logging_mixin.py:190} INFO - [2025-01-06T08:20:40.587+0000] {dag.py:4180} INFO - Setting next_dagrun for dataset_s3_bucket_producer to None, run_after=None
[2025-01-06T08:20:40.597+0000] {processor.py:208} INFO - Processing /home/airflow/.local/lib/python3.12/site-packages/airflow/example_dags/example_dataset_alias.py took 0.133 seconds
[2025-01-06T08:21:10.939+0000] {processor.py:186} INFO - Started process (PID=249) to work on /home/airflow/.local/lib/python3.12/site-packages/airflow/example_dags/example_dataset_alias.py
[2025-01-06T08:21:10.939+0000] {processor.py:914} INFO - Processing file /home/airflow/.local/lib/python3.12/site-packages/airflow/example_dags/example_dataset_alias.py for tasks to queue
[2025-01-06T08:21:10.940+0000] {logging_mixin.py:190} INFO - [2025-01-06T08:21:10.940+0000] {dagbag.py:588} INFO - Filling up the DagBag from /home/airflow/.local/lib/python3.12/site-packages/airflow/example_dags/example_dataset_alias.py
[2025-01-06T08:21:11.027+0000] {processor.py:925} INFO - DAG(s) 'dataset_s3_bucket_consumer', 'dataset_s3_bucket_producer', 'dataset_alias_example_alias_producer', 'dataset_alias_example_alias_consumer' retrieved from /home/airflow/.local/lib/python3.12/site-packages/airflow/example_dags/example_dataset_alias.py
[2025-01-06T08:21:11.037+0000] {logging_mixin.py:190} INFO - [2025-01-06T08:21:11.037+0000] {dag.py:3239} INFO - Sync 4 DAGs
[2025-01-06T08:21:11.050+0000] {logging_mixin.py:190} INFO - [2025-01-06T08:21:11.050+0000] {dag.py:4180} INFO - Setting next_dagrun for dataset_alias_example_alias_consumer to None, run_after=None
[2025-01-06T08:21:11.052+0000] {logging_mixin.py:190} INFO - [2025-01-06T08:21:11.052+0000] {dag.py:4180} INFO - Setting next_dagrun for dataset_alias_example_alias_producer to None, run_after=None
[2025-01-06T08:21:11.052+0000] {logging_mixin.py:190} INFO - [2025-01-06T08:21:11.052+0000] {dag.py:4180} INFO - Setting next_dagrun for dataset_s3_bucket_consumer to None, run_after=None
[2025-01-06T08:21:11.053+0000] {logging_mixin.py:190} INFO - [2025-01-06T08:21:11.053+0000] {dag.py:4180} INFO - Setting next_dagrun for dataset_s3_bucket_producer to None, run_after=None
[2025-01-06T08:21:11.063+0000] {processor.py:208} INFO - Processing /home/airflow/.local/lib/python3.12/site-packages/airflow/example_dags/example_dataset_alias.py took 0.128 seconds
[2025-01-06T08:21:41.301+0000] {processor.py:186} INFO - Started process (PID=315) to work on /home/airflow/.local/lib/python3.12/site-packages/airflow/example_dags/example_dataset_alias.py
[2025-01-06T08:21:41.302+0000] {processor.py:914} INFO - Processing file /home/airflow/.local/lib/python3.12/site-packages/airflow/example_dags/example_dataset_alias.py for tasks to queue
[2025-01-06T08:21:41.303+0000] {logging_mixin.py:190} INFO - [2025-01-06T08:21:41.303+0000] {dagbag.py:588} INFO - Filling up the DagBag from /home/airflow/.local/lib/python3.12/site-packages/airflow/example_dags/example_dataset_alias.py
[2025-01-06T08:21:41.393+0000] {processor.py:925} INFO - DAG(s) 'dataset_s3_bucket_consumer', 'dataset_alias_example_alias_producer', 'dataset_s3_bucket_producer', 'dataset_alias_example_alias_consumer' retrieved from /home/airflow/.local/lib/python3.12/site-packages/airflow/example_dags/example_dataset_alias.py
[2025-01-06T08:21:41.403+0000] {logging_mixin.py:190} INFO - [2025-01-06T08:21:41.403+0000] {dag.py:3239} INFO - Sync 4 DAGs
[2025-01-06T08:21:41.417+0000] {logging_mixin.py:190} INFO - [2025-01-06T08:21:41.417+0000] {dag.py:4180} INFO - Setting next_dagrun for dataset_alias_example_alias_consumer to None, run_after=None
[2025-01-06T08:21:41.418+0000] {logging_mixin.py:190} INFO - [2025-01-06T08:21:41.418+0000] {dag.py:4180} INFO - Setting next_dagrun for dataset_alias_example_alias_producer to None, run_after=None
[2025-01-06T08:21:41.419+0000] {logging_mixin.py:190} INFO - [2025-01-06T08:21:41.419+0000] {dag.py:4180} INFO - Setting next_dagrun for dataset_s3_bucket_consumer to None, run_after=None
[2025-01-06T08:21:41.419+0000] {logging_mixin.py:190} INFO - [2025-01-06T08:21:41.419+0000] {dag.py:4180} INFO - Setting next_dagrun for dataset_s3_bucket_producer to None, run_after=None
[2025-01-06T08:21:41.429+0000] {processor.py:208} INFO - Processing /home/airflow/.local/lib/python3.12/site-packages/airflow/example_dags/example_dataset_alias.py took 0.131 seconds
[2025-01-06T08:22:11.739+0000] {processor.py:186} INFO - Started process (PID=387) to work on /home/airflow/.local/lib/python3.12/site-packages/airflow/example_dags/example_dataset_alias.py
[2025-01-06T08:22:11.739+0000] {processor.py:914} INFO - Processing file /home/airflow/.local/lib/python3.12/site-packages/airflow/example_dags/example_dataset_alias.py for tasks to queue
[2025-01-06T08:22:11.741+0000] {logging_mixin.py:190} INFO - [2025-01-06T08:22:11.740+0000] {dagbag.py:588} INFO - Filling up the DagBag from /home/airflow/.local/lib/python3.12/site-packages/airflow/example_dags/example_dataset_alias.py
[2025-01-06T08:22:11.827+0000] {processor.py:925} INFO - DAG(s) 'dataset_alias_example_alias_producer', 'dataset_alias_example_alias_consumer', 'dataset_s3_bucket_consumer', 'dataset_s3_bucket_producer' retrieved from /home/airflow/.local/lib/python3.12/site-packages/airflow/example_dags/example_dataset_alias.py
[2025-01-06T08:22:11.838+0000] {logging_mixin.py:190} INFO - [2025-01-06T08:22:11.838+0000] {dag.py:3239} INFO - Sync 4 DAGs
[2025-01-06T08:22:11.851+0000] {logging_mixin.py:190} INFO - [2025-01-06T08:22:11.851+0000] {dag.py:4180} INFO - Setting next_dagrun for dataset_alias_example_alias_consumer to None, run_after=None
[2025-01-06T08:22:11.852+0000] {logging_mixin.py:190} INFO - [2025-01-06T08:22:11.852+0000] {dag.py:4180} INFO - Setting next_dagrun for dataset_alias_example_alias_producer to None, run_after=None
[2025-01-06T08:22:11.853+0000] {logging_mixin.py:190} INFO - [2025-01-06T08:22:11.853+0000] {dag.py:4180} INFO - Setting next_dagrun for dataset_s3_bucket_consumer to None, run_after=None
[2025-01-06T08:22:11.853+0000] {logging_mixin.py:190} INFO - [2025-01-06T08:22:11.853+0000] {dag.py:4180} INFO - Setting next_dagrun for dataset_s3_bucket_producer to None, run_after=None
[2025-01-06T08:22:11.863+0000] {processor.py:208} INFO - Processing /home/airflow/.local/lib/python3.12/site-packages/airflow/example_dags/example_dataset_alias.py took 0.127 seconds
[2025-01-06T08:22:42.188+0000] {processor.py:186} INFO - Started process (PID=452) to work on /home/airflow/.local/lib/python3.12/site-packages/airflow/example_dags/example_dataset_alias.py
[2025-01-06T08:22:42.188+0000] {processor.py:914} INFO - Processing file /home/airflow/.local/lib/python3.12/site-packages/airflow/example_dags/example_dataset_alias.py for tasks to queue
[2025-01-06T08:22:42.190+0000] {logging_mixin.py:190} INFO - [2025-01-06T08:22:42.189+0000] {dagbag.py:588} INFO - Filling up the DagBag from /home/airflow/.local/lib/python3.12/site-packages/airflow/example_dags/example_dataset_alias.py
[2025-01-06T08:22:42.279+0000] {processor.py:925} INFO - DAG(s) 'dataset_s3_bucket_consumer', 'dataset_s3_bucket_producer', 'dataset_alias_example_alias_producer', 'dataset_alias_example_alias_consumer' retrieved from /home/airflow/.local/lib/python3.12/site-packages/airflow/example_dags/example_dataset_alias.py
[2025-01-06T08:22:42.294+0000] {logging_mixin.py:190} INFO - [2025-01-06T08:22:42.293+0000] {dag.py:3239} INFO - Sync 4 DAGs
[2025-01-06T08:22:42.310+0000] {logging_mixin.py:190} INFO - [2025-01-06T08:22:42.310+0000] {dag.py:4180} INFO - Setting next_dagrun for dataset_alias_example_alias_consumer to None, run_after=None
[2025-01-06T08:22:42.313+0000] {logging_mixin.py:190} INFO - [2025-01-06T08:22:42.312+0000] {dag.py:4180} INFO - Setting next_dagrun for dataset_alias_example_alias_producer to None, run_after=None
[2025-01-06T08:22:42.314+0000] {logging_mixin.py:190} INFO - [2025-01-06T08:22:42.314+0000] {dag.py:4180} INFO - Setting next_dagrun for dataset_s3_bucket_consumer to None, run_after=None
[2025-01-06T08:22:42.315+0000] {logging_mixin.py:190} INFO - [2025-01-06T08:22:42.315+0000] {dag.py:4180} INFO - Setting next_dagrun for dataset_s3_bucket_producer to None, run_after=None
[2025-01-06T08:22:42.330+0000] {processor.py:208} INFO - Processing /home/airflow/.local/lib/python3.12/site-packages/airflow/example_dags/example_dataset_alias.py took 0.147 seconds
[2025-01-06T08:23:12.701+0000] {processor.py:186} INFO - Started process (PID=523) to work on /home/airflow/.local/lib/python3.12/site-packages/airflow/example_dags/example_dataset_alias.py
[2025-01-06T08:23:12.702+0000] {processor.py:914} INFO - Processing file /home/airflow/.local/lib/python3.12/site-packages/airflow/example_dags/example_dataset_alias.py for tasks to queue
[2025-01-06T08:23:12.703+0000] {logging_mixin.py:190} INFO - [2025-01-06T08:23:12.703+0000] {dagbag.py:588} INFO - Filling up the DagBag from /home/airflow/.local/lib/python3.12/site-packages/airflow/example_dags/example_dataset_alias.py
[2025-01-06T08:23:12.791+0000] {processor.py:925} INFO - DAG(s) 'dataset_s3_bucket_consumer', 'dataset_alias_example_alias_consumer', 'dataset_s3_bucket_producer', 'dataset_alias_example_alias_producer' retrieved from /home/airflow/.local/lib/python3.12/site-packages/airflow/example_dags/example_dataset_alias.py
[2025-01-06T08:23:12.801+0000] {logging_mixin.py:190} INFO - [2025-01-06T08:23:12.801+0000] {dag.py:3239} INFO - Sync 4 DAGs
[2025-01-06T08:23:12.814+0000] {logging_mixin.py:190} INFO - [2025-01-06T08:23:12.814+0000] {dag.py:4180} INFO - Setting next_dagrun for dataset_alias_example_alias_consumer to None, run_after=None
[2025-01-06T08:23:12.815+0000] {logging_mixin.py:190} INFO - [2025-01-06T08:23:12.815+0000] {dag.py:4180} INFO - Setting next_dagrun for dataset_alias_example_alias_producer to None, run_after=None
[2025-01-06T08:23:12.816+0000] {logging_mixin.py:190} INFO - [2025-01-06T08:23:12.816+0000] {dag.py:4180} INFO - Setting next_dagrun for dataset_s3_bucket_consumer to None, run_after=None
[2025-01-06T08:23:12.816+0000] {logging_mixin.py:190} INFO - [2025-01-06T08:23:12.816+0000] {dag.py:4180} INFO - Setting next_dagrun for dataset_s3_bucket_producer to None, run_after=None
[2025-01-06T08:23:12.827+0000] {processor.py:208} INFO - Processing /home/airflow/.local/lib/python3.12/site-packages/airflow/example_dags/example_dataset_alias.py took 0.129 seconds
[2025-01-06T08:23:43.319+0000] {processor.py:186} INFO - Started process (PID=589) to work on /home/airflow/.local/lib/python3.12/site-packages/airflow/example_dags/example_dataset_alias.py
[2025-01-06T08:23:43.320+0000] {processor.py:914} INFO - Processing file /home/airflow/.local/lib/python3.12/site-packages/airflow/example_dags/example_dataset_alias.py for tasks to queue
[2025-01-06T08:23:43.321+0000] {logging_mixin.py:190} INFO - [2025-01-06T08:23:43.320+0000] {dagbag.py:588} INFO - Filling up the DagBag from /home/airflow/.local/lib/python3.12/site-packages/airflow/example_dags/example_dataset_alias.py
[2025-01-06T08:23:43.409+0000] {processor.py:925} INFO - DAG(s) 'dataset_alias_example_alias_producer', 'dataset_alias_example_alias_consumer', 'dataset_s3_bucket_consumer', 'dataset_s3_bucket_producer' retrieved from /home/airflow/.local/lib/python3.12/site-packages/airflow/example_dags/example_dataset_alias.py
[2025-01-06T08:23:43.419+0000] {logging_mixin.py:190} INFO - [2025-01-06T08:23:43.418+0000] {dag.py:3239} INFO - Sync 4 DAGs
[2025-01-06T08:23:43.431+0000] {logging_mixin.py:190} INFO - [2025-01-06T08:23:43.431+0000] {dag.py:4180} INFO - Setting next_dagrun for dataset_alias_example_alias_consumer to None, run_after=None
[2025-01-06T08:23:43.433+0000] {logging_mixin.py:190} INFO - [2025-01-06T08:23:43.432+0000] {dag.py:4180} INFO - Setting next_dagrun for dataset_alias_example_alias_producer to None, run_after=None
[2025-01-06T08:23:43.433+0000] {logging_mixin.py:190} INFO - [2025-01-06T08:23:43.433+0000] {dag.py:4180} INFO - Setting next_dagrun for dataset_s3_bucket_consumer to None, run_after=None
[2025-01-06T08:23:43.434+0000] {logging_mixin.py:190} INFO - [2025-01-06T08:23:43.434+0000] {dag.py:4180} INFO - Setting next_dagrun for dataset_s3_bucket_producer to None, run_after=None
[2025-01-06T08:23:43.444+0000] {processor.py:208} INFO - Processing /home/airflow/.local/lib/python3.12/site-packages/airflow/example_dags/example_dataset_alias.py took 0.127 seconds
[2025-01-06T08:24:13.640+0000] {processor.py:186} INFO - Started process (PID=660) to work on /home/airflow/.local/lib/python3.12/site-packages/airflow/example_dags/example_dataset_alias.py
[2025-01-06T08:24:13.641+0000] {processor.py:914} INFO - Processing file /home/airflow/.local/lib/python3.12/site-packages/airflow/example_dags/example_dataset_alias.py for tasks to queue
[2025-01-06T08:24:13.642+0000] {logging_mixin.py:190} INFO - [2025-01-06T08:24:13.642+0000] {dagbag.py:588} INFO - Filling up the DagBag from /home/airflow/.local/lib/python3.12/site-packages/airflow/example_dags/example_dataset_alias.py
[2025-01-06T08:24:13.731+0000] {processor.py:925} INFO - DAG(s) 'dataset_alias_example_alias_producer', 'dataset_s3_bucket_producer', 'dataset_s3_bucket_consumer', 'dataset_alias_example_alias_consumer' retrieved from /home/airflow/.local/lib/python3.12/site-packages/airflow/example_dags/example_dataset_alias.py
[2025-01-06T08:24:13.742+0000] {logging_mixin.py:190} INFO - [2025-01-06T08:24:13.742+0000] {dag.py:3239} INFO - Sync 4 DAGs
[2025-01-06T08:24:13.756+0000] {logging_mixin.py:190} INFO - [2025-01-06T08:24:13.755+0000] {dag.py:4180} INFO - Setting next_dagrun for dataset_alias_example_alias_consumer to None, run_after=None
[2025-01-06T08:24:13.757+0000] {logging_mixin.py:190} INFO - [2025-01-06T08:24:13.757+0000] {dag.py:4180} INFO - Setting next_dagrun for dataset_alias_example_alias_producer to None, run_after=None
[2025-01-06T08:24:13.758+0000] {logging_mixin.py:190} INFO - [2025-01-06T08:24:13.758+0000] {dag.py:4180} INFO - Setting next_dagrun for dataset_s3_bucket_consumer to None, run_after=None
[2025-01-06T08:24:13.758+0000] {logging_mixin.py:190} INFO - [2025-01-06T08:24:13.758+0000] {dag.py:4180} INFO - Setting next_dagrun for dataset_s3_bucket_producer to None, run_after=None
[2025-01-06T08:24:13.769+0000] {processor.py:208} INFO - Processing /home/airflow/.local/lib/python3.12/site-packages/airflow/example_dags/example_dataset_alias.py took 0.131 seconds
[2025-01-06T08:24:44.051+0000] {processor.py:186} INFO - Started process (PID=726) to work on /home/airflow/.local/lib/python3.12/site-packages/airflow/example_dags/example_dataset_alias.py
[2025-01-06T08:24:44.052+0000] {processor.py:914} INFO - Processing file /home/airflow/.local/lib/python3.12/site-packages/airflow/example_dags/example_dataset_alias.py for tasks to queue
[2025-01-06T08:24:44.053+0000] {logging_mixin.py:190} INFO - [2025-01-06T08:24:44.053+0000] {dagbag.py:588} INFO - Filling up the DagBag from /home/airflow/.local/lib/python3.12/site-packages/airflow/example_dags/example_dataset_alias.py
[2025-01-06T08:24:44.148+0000] {processor.py:925} INFO - DAG(s) 'dataset_alias_example_alias_producer', 'dataset_s3_bucket_producer', 'dataset_s3_bucket_consumer', 'dataset_alias_example_alias_consumer' retrieved from /home/airflow/.local/lib/python3.12/site-packages/airflow/example_dags/example_dataset_alias.py
[2025-01-06T08:24:44.160+0000] {logging_mixin.py:190} INFO - [2025-01-06T08:24:44.160+0000] {dag.py:3239} INFO - Sync 4 DAGs
[2025-01-06T08:24:44.176+0000] {logging_mixin.py:190} INFO - [2025-01-06T08:24:44.175+0000] {dag.py:4180} INFO - Setting next_dagrun for dataset_alias_example_alias_consumer to None, run_after=None
[2025-01-06T08:24:44.177+0000] {logging_mixin.py:190} INFO - [2025-01-06T08:24:44.177+0000] {dag.py:4180} INFO - Setting next_dagrun for dataset_alias_example_alias_producer to None, run_after=None
[2025-01-06T08:24:44.178+0000] {logging_mixin.py:190} INFO - [2025-01-06T08:24:44.178+0000] {dag.py:4180} INFO - Setting next_dagrun for dataset_s3_bucket_consumer to None, run_after=None
[2025-01-06T08:24:44.179+0000] {logging_mixin.py:190} INFO - [2025-01-06T08:24:44.179+0000] {dag.py:4180} INFO - Setting next_dagrun for dataset_s3_bucket_producer to None, run_after=None
[2025-01-06T08:24:44.195+0000] {processor.py:208} INFO - Processing /home/airflow/.local/lib/python3.12/site-packages/airflow/example_dags/example_dataset_alias.py took 0.147 seconds
[2025-01-06T08:25:14.487+0000] {processor.py:186} INFO - Started process (PID=798) to work on /home/airflow/.local/lib/python3.12/site-packages/airflow/example_dags/example_dataset_alias.py
[2025-01-06T08:25:14.488+0000] {processor.py:914} INFO - Processing file /home/airflow/.local/lib/python3.12/site-packages/airflow/example_dags/example_dataset_alias.py for tasks to queue
[2025-01-06T08:25:14.489+0000] {logging_mixin.py:190} INFO - [2025-01-06T08:25:14.489+0000] {dagbag.py:588} INFO - Filling up the DagBag from /home/airflow/.local/lib/python3.12/site-packages/airflow/example_dags/example_dataset_alias.py
[2025-01-06T08:25:14.582+0000] {processor.py:925} INFO - DAG(s) 'dataset_alias_example_alias_producer', 'dataset_s3_bucket_producer', 'dataset_s3_bucket_consumer', 'dataset_alias_example_alias_consumer' retrieved from /home/airflow/.local/lib/python3.12/site-packages/airflow/example_dags/example_dataset_alias.py
[2025-01-06T08:25:14.593+0000] {logging_mixin.py:190} INFO - [2025-01-06T08:25:14.593+0000] {dag.py:3239} INFO - Sync 4 DAGs
[2025-01-06T08:25:14.608+0000] {logging_mixin.py:190} INFO - [2025-01-06T08:25:14.608+0000] {dag.py:4180} INFO - Setting next_dagrun for dataset_alias_example_alias_consumer to None, run_after=None
[2025-01-06T08:25:14.610+0000] {logging_mixin.py:190} INFO - [2025-01-06T08:25:14.610+0000] {dag.py:4180} INFO - Setting next_dagrun for dataset_alias_example_alias_producer to None, run_after=None
[2025-01-06T08:25:14.611+0000] {logging_mixin.py:190} INFO - [2025-01-06T08:25:14.611+0000] {dag.py:4180} INFO - Setting next_dagrun for dataset_s3_bucket_consumer to None, run_after=None
[2025-01-06T08:25:14.611+0000] {logging_mixin.py:190} INFO - [2025-01-06T08:25:14.611+0000] {dag.py:4180} INFO - Setting next_dagrun for dataset_s3_bucket_producer to None, run_after=None
[2025-01-06T08:25:14.622+0000] {processor.py:208} INFO - Processing /home/airflow/.local/lib/python3.12/site-packages/airflow/example_dags/example_dataset_alias.py took 0.139 seconds
[2025-01-06T08:25:44.806+0000] {processor.py:186} INFO - Started process (PID=863) to work on /home/airflow/.local/lib/python3.12/site-packages/airflow/example_dags/example_dataset_alias.py
[2025-01-06T08:25:44.806+0000] {processor.py:914} INFO - Processing file /home/airflow/.local/lib/python3.12/site-packages/airflow/example_dags/example_dataset_alias.py for tasks to queue
[2025-01-06T08:25:44.808+0000] {logging_mixin.py:190} INFO - [2025-01-06T08:25:44.807+0000] {dagbag.py:588} INFO - Filling up the DagBag from /home/airflow/.local/lib/python3.12/site-packages/airflow/example_dags/example_dataset_alias.py
[2025-01-06T08:25:44.898+0000] {processor.py:925} INFO - DAG(s) 'dataset_s3_bucket_consumer', 'dataset_alias_example_alias_producer', 'dataset_s3_bucket_producer', 'dataset_alias_example_alias_consumer' retrieved from /home/airflow/.local/lib/python3.12/site-packages/airflow/example_dags/example_dataset_alias.py
[2025-01-06T08:25:44.911+0000] {logging_mixin.py:190} INFO - [2025-01-06T08:25:44.911+0000] {dag.py:3239} INFO - Sync 4 DAGs
[2025-01-06T08:25:44.926+0000] {logging_mixin.py:190} INFO - [2025-01-06T08:25:44.926+0000] {dag.py:4180} INFO - Setting next_dagrun for dataset_alias_example_alias_consumer to None, run_after=None
[2025-01-06T08:25:44.928+0000] {logging_mixin.py:190} INFO - [2025-01-06T08:25:44.928+0000] {dag.py:4180} INFO - Setting next_dagrun for dataset_alias_example_alias_producer to None, run_after=None
[2025-01-06T08:25:44.928+0000] {logging_mixin.py:190} INFO - [2025-01-06T08:25:44.928+0000] {dag.py:4180} INFO - Setting next_dagrun for dataset_s3_bucket_consumer to None, run_after=None
[2025-01-06T08:25:44.929+0000] {logging_mixin.py:190} INFO - [2025-01-06T08:25:44.929+0000] {dag.py:4180} INFO - Setting next_dagrun for dataset_s3_bucket_producer to None, run_after=None
[2025-01-06T08:25:44.942+0000] {processor.py:208} INFO - Processing /home/airflow/.local/lib/python3.12/site-packages/airflow/example_dags/example_dataset_alias.py took 0.140 seconds
[2025-01-06T08:26:15.287+0000] {processor.py:186} INFO - Started process (PID=935) to work on /home/airflow/.local/lib/python3.12/site-packages/airflow/example_dags/example_dataset_alias.py
[2025-01-06T08:26:15.288+0000] {processor.py:914} INFO - Processing file /home/airflow/.local/lib/python3.12/site-packages/airflow/example_dags/example_dataset_alias.py for tasks to queue
[2025-01-06T08:26:15.289+0000] {logging_mixin.py:190} INFO - [2025-01-06T08:26:15.289+0000] {dagbag.py:588} INFO - Filling up the DagBag from /home/airflow/.local/lib/python3.12/site-packages/airflow/example_dags/example_dataset_alias.py
[2025-01-06T08:26:15.378+0000] {processor.py:925} INFO - DAG(s) 'dataset_s3_bucket_consumer', 'dataset_s3_bucket_producer', 'dataset_alias_example_alias_producer', 'dataset_alias_example_alias_consumer' retrieved from /home/airflow/.local/lib/python3.12/site-packages/airflow/example_dags/example_dataset_alias.py
[2025-01-06T08:26:15.389+0000] {logging_mixin.py:190} INFO - [2025-01-06T08:26:15.389+0000] {dag.py:3239} INFO - Sync 4 DAGs
[2025-01-06T08:26:15.404+0000] {logging_mixin.py:190} INFO - [2025-01-06T08:26:15.404+0000] {dag.py:4180} INFO - Setting next_dagrun for dataset_alias_example_alias_consumer to None, run_after=None
[2025-01-06T08:26:15.405+0000] {logging_mixin.py:190} INFO - [2025-01-06T08:26:15.405+0000] {dag.py:4180} INFO - Setting next_dagrun for dataset_alias_example_alias_producer to None, run_after=None
[2025-01-06T08:26:15.406+0000] {logging_mixin.py:190} INFO - [2025-01-06T08:26:15.406+0000] {dag.py:4180} INFO - Setting next_dagrun for dataset_s3_bucket_consumer to None, run_after=None
[2025-01-06T08:26:15.406+0000] {logging_mixin.py:190} INFO - [2025-01-06T08:26:15.406+0000] {dag.py:4180} INFO - Setting next_dagrun for dataset_s3_bucket_producer to None, run_after=None
[2025-01-06T08:26:15.418+0000] {processor.py:208} INFO - Processing /home/airflow/.local/lib/python3.12/site-packages/airflow/example_dags/example_dataset_alias.py took 0.134 seconds
[2025-01-06T08:26:45.583+0000] {processor.py:186} INFO - Started process (PID=1001) to work on /home/airflow/.local/lib/python3.12/site-packages/airflow/example_dags/example_dataset_alias.py
[2025-01-06T08:26:45.584+0000] {processor.py:914} INFO - Processing file /home/airflow/.local/lib/python3.12/site-packages/airflow/example_dags/example_dataset_alias.py for tasks to queue
[2025-01-06T08:26:45.585+0000] {logging_mixin.py:190} INFO - [2025-01-06T08:26:45.585+0000] {dagbag.py:588} INFO - Filling up the DagBag from /home/airflow/.local/lib/python3.12/site-packages/airflow/example_dags/example_dataset_alias.py
[2025-01-06T08:26:45.674+0000] {processor.py:925} INFO - DAG(s) 'dataset_alias_example_alias_producer', 'dataset_s3_bucket_producer', 'dataset_s3_bucket_consumer', 'dataset_alias_example_alias_consumer' retrieved from /home/airflow/.local/lib/python3.12/site-packages/airflow/example_dags/example_dataset_alias.py
[2025-01-06T08:26:45.690+0000] {logging_mixin.py:190} INFO - [2025-01-06T08:26:45.689+0000] {dag.py:3239} INFO - Sync 4 DAGs
[2025-01-06T08:26:45.717+0000] {logging_mixin.py:190} INFO - [2025-01-06T08:26:45.717+0000] {dag.py:4180} INFO - Setting next_dagrun for dataset_alias_example_alias_consumer to None, run_after=None
[2025-01-06T08:26:45.723+0000] {logging_mixin.py:190} INFO - [2025-01-06T08:26:45.722+0000] {dag.py:4180} INFO - Setting next_dagrun for dataset_alias_example_alias_producer to None, run_after=None
[2025-01-06T08:26:45.725+0000] {logging_mixin.py:190} INFO - [2025-01-06T08:26:45.724+0000] {dag.py:4180} INFO - Setting next_dagrun for dataset_s3_bucket_consumer to None, run_after=None
[2025-01-06T08:26:45.726+0000] {logging_mixin.py:190} INFO - [2025-01-06T08:26:45.726+0000] {dag.py:4180} INFO - Setting next_dagrun for dataset_s3_bucket_producer to None, run_after=None
[2025-01-06T08:26:45.753+0000] {processor.py:208} INFO - Processing /home/airflow/.local/lib/python3.12/site-packages/airflow/example_dags/example_dataset_alias.py took 0.174 seconds
[2025-01-06T08:27:16.035+0000] {processor.py:186} INFO - Started process (PID=1072) to work on /home/airflow/.local/lib/python3.12/site-packages/airflow/example_dags/example_dataset_alias.py
[2025-01-06T08:27:16.036+0000] {processor.py:914} INFO - Processing file /home/airflow/.local/lib/python3.12/site-packages/airflow/example_dags/example_dataset_alias.py for tasks to queue
[2025-01-06T08:27:16.037+0000] {logging_mixin.py:190} INFO - [2025-01-06T08:27:16.037+0000] {dagbag.py:588} INFO - Filling up the DagBag from /home/airflow/.local/lib/python3.12/site-packages/airflow/example_dags/example_dataset_alias.py
[2025-01-06T08:27:16.129+0000] {processor.py:925} INFO - DAG(s) 'dataset_alias_example_alias_producer', 'dataset_s3_bucket_producer', 'dataset_alias_example_alias_consumer', 'dataset_s3_bucket_consumer' retrieved from /home/airflow/.local/lib/python3.12/site-packages/airflow/example_dags/example_dataset_alias.py
[2025-01-06T08:27:16.145+0000] {logging_mixin.py:190} INFO - [2025-01-06T08:27:16.145+0000] {dag.py:3239} INFO - Sync 4 DAGs
[2025-01-06T08:27:16.163+0000] {logging_mixin.py:190} INFO - [2025-01-06T08:27:16.163+0000] {dag.py:4180} INFO - Setting next_dagrun for dataset_alias_example_alias_consumer to None, run_after=None
[2025-01-06T08:27:16.165+0000] {logging_mixin.py:190} INFO - [2025-01-06T08:27:16.165+0000] {dag.py:4180} INFO - Setting next_dagrun for dataset_alias_example_alias_producer to None, run_after=None
[2025-01-06T08:27:16.166+0000] {logging_mixin.py:190} INFO - [2025-01-06T08:27:16.166+0000] {dag.py:4180} INFO - Setting next_dagrun for dataset_s3_bucket_consumer to None, run_after=None
[2025-01-06T08:27:16.167+0000] {logging_mixin.py:190} INFO - [2025-01-06T08:27:16.167+0000] {dag.py:4180} INFO - Setting next_dagrun for dataset_s3_bucket_producer to None, run_after=None
[2025-01-06T08:27:16.188+0000] {processor.py:208} INFO - Processing /home/airflow/.local/lib/python3.12/site-packages/airflow/example_dags/example_dataset_alias.py took 0.157 seconds
[2025-01-06T08:27:46.473+0000] {processor.py:186} INFO - Started process (PID=1137) to work on /home/airflow/.local/lib/python3.12/site-packages/airflow/example_dags/example_dataset_alias.py
[2025-01-06T08:27:46.474+0000] {processor.py:914} INFO - Processing file /home/airflow/.local/lib/python3.12/site-packages/airflow/example_dags/example_dataset_alias.py for tasks to queue
[2025-01-06T08:27:46.475+0000] {logging_mixin.py:190} INFO - [2025-01-06T08:27:46.475+0000] {dagbag.py:588} INFO - Filling up the DagBag from /home/airflow/.local/lib/python3.12/site-packages/airflow/example_dags/example_dataset_alias.py
[2025-01-06T08:27:46.563+0000] {processor.py:925} INFO - DAG(s) 'dataset_s3_bucket_producer', 'dataset_alias_example_alias_consumer', 'dataset_alias_example_alias_producer', 'dataset_s3_bucket_consumer' retrieved from /home/airflow/.local/lib/python3.12/site-packages/airflow/example_dags/example_dataset_alias.py
[2025-01-06T08:27:46.573+0000] {logging_mixin.py:190} INFO - [2025-01-06T08:27:46.573+0000] {dag.py:3239} INFO - Sync 4 DAGs
[2025-01-06T08:27:46.586+0000] {logging_mixin.py:190} INFO - [2025-01-06T08:27:46.586+0000] {dag.py:4180} INFO - Setting next_dagrun for dataset_alias_example_alias_consumer to None, run_after=None
[2025-01-06T08:27:46.588+0000] {logging_mixin.py:190} INFO - [2025-01-06T08:27:46.587+0000] {dag.py:4180} INFO - Setting next_dagrun for dataset_alias_example_alias_producer to None, run_after=None
[2025-01-06T08:27:46.588+0000] {logging_mixin.py:190} INFO - [2025-01-06T08:27:46.588+0000] {dag.py:4180} INFO - Setting next_dagrun for dataset_s3_bucket_consumer to None, run_after=None
[2025-01-06T08:27:46.589+0000] {logging_mixin.py:190} INFO - [2025-01-06T08:27:46.589+0000] {dag.py:4180} INFO - Setting next_dagrun for dataset_s3_bucket_producer to None, run_after=None
[2025-01-06T08:27:46.599+0000] {processor.py:208} INFO - Processing /home/airflow/.local/lib/python3.12/site-packages/airflow/example_dags/example_dataset_alias.py took 0.129 seconds
[2025-01-06T08:28:16.683+0000] {processor.py:186} INFO - Started process (PID=1208) to work on /home/airflow/.local/lib/python3.12/site-packages/airflow/example_dags/example_dataset_alias.py
[2025-01-06T08:28:16.683+0000] {processor.py:914} INFO - Processing file /home/airflow/.local/lib/python3.12/site-packages/airflow/example_dags/example_dataset_alias.py for tasks to queue
[2025-01-06T08:28:16.684+0000] {logging_mixin.py:190} INFO - [2025-01-06T08:28:16.684+0000] {dagbag.py:588} INFO - Filling up the DagBag from /home/airflow/.local/lib/python3.12/site-packages/airflow/example_dags/example_dataset_alias.py
[2025-01-06T08:28:16.774+0000] {processor.py:925} INFO - DAG(s) 'dataset_alias_example_alias_producer', 'dataset_s3_bucket_producer', 'dataset_alias_example_alias_consumer', 'dataset_s3_bucket_consumer' retrieved from /home/airflow/.local/lib/python3.12/site-packages/airflow/example_dags/example_dataset_alias.py
[2025-01-06T08:28:16.788+0000] {logging_mixin.py:190} INFO - [2025-01-06T08:28:16.787+0000] {dag.py:3239} INFO - Sync 4 DAGs
[2025-01-06T08:28:16.805+0000] {logging_mixin.py:190} INFO - [2025-01-06T08:28:16.805+0000] {dag.py:4180} INFO - Setting next_dagrun for dataset_alias_example_alias_consumer to None, run_after=None
[2025-01-06T08:28:16.807+0000] {logging_mixin.py:190} INFO - [2025-01-06T08:28:16.807+0000] {dag.py:4180} INFO - Setting next_dagrun for dataset_alias_example_alias_producer to None, run_after=None
[2025-01-06T08:28:16.808+0000] {logging_mixin.py:190} INFO - [2025-01-06T08:28:16.808+0000] {dag.py:4180} INFO - Setting next_dagrun for dataset_s3_bucket_consumer to None, run_after=None
[2025-01-06T08:28:16.809+0000] {logging_mixin.py:190} INFO - [2025-01-06T08:28:16.809+0000] {dag.py:4180} INFO - Setting next_dagrun for dataset_s3_bucket_producer to None, run_after=None
[2025-01-06T08:28:16.824+0000] {processor.py:208} INFO - Processing /home/airflow/.local/lib/python3.12/site-packages/airflow/example_dags/example_dataset_alias.py took 0.145 seconds
[2025-01-06T08:28:47.272+0000] {processor.py:186} INFO - Started process (PID=1274) to work on /home/airflow/.local/lib/python3.12/site-packages/airflow/example_dags/example_dataset_alias.py
[2025-01-06T08:28:47.273+0000] {processor.py:914} INFO - Processing file /home/airflow/.local/lib/python3.12/site-packages/airflow/example_dags/example_dataset_alias.py for tasks to queue
[2025-01-06T08:28:47.274+0000] {logging_mixin.py:190} INFO - [2025-01-06T08:28:47.274+0000] {dagbag.py:588} INFO - Filling up the DagBag from /home/airflow/.local/lib/python3.12/site-packages/airflow/example_dags/example_dataset_alias.py
[2025-01-06T08:28:47.365+0000] {processor.py:925} INFO - DAG(s) 'dataset_s3_bucket_producer', 'dataset_s3_bucket_consumer', 'dataset_alias_example_alias_consumer', 'dataset_alias_example_alias_producer' retrieved from /home/airflow/.local/lib/python3.12/site-packages/airflow/example_dags/example_dataset_alias.py
[2025-01-06T08:28:47.377+0000] {logging_mixin.py:190} INFO - [2025-01-06T08:28:47.377+0000] {dag.py:3239} INFO - Sync 4 DAGs
[2025-01-06T08:28:47.392+0000] {logging_mixin.py:190} INFO - [2025-01-06T08:28:47.392+0000] {dag.py:4180} INFO - Setting next_dagrun for dataset_alias_example_alias_consumer to None, run_after=None
[2025-01-06T08:28:47.394+0000] {logging_mixin.py:190} INFO - [2025-01-06T08:28:47.394+0000] {dag.py:4180} INFO - Setting next_dagrun for dataset_alias_example_alias_producer to None, run_after=None
[2025-01-06T08:28:47.395+0000] {logging_mixin.py:190} INFO - [2025-01-06T08:28:47.395+0000] {dag.py:4180} INFO - Setting next_dagrun for dataset_s3_bucket_consumer to None, run_after=None
[2025-01-06T08:28:47.396+0000] {logging_mixin.py:190} INFO - [2025-01-06T08:28:47.395+0000] {dag.py:4180} INFO - Setting next_dagrun for dataset_s3_bucket_producer to None, run_after=None
[2025-01-06T08:28:47.407+0000] {processor.py:208} INFO - Processing /home/airflow/.local/lib/python3.12/site-packages/airflow/example_dags/example_dataset_alias.py took 0.137 seconds
[2025-01-06T08:29:17.720+0000] {processor.py:186} INFO - Started process (PID=1344) to work on /home/airflow/.local/lib/python3.12/site-packages/airflow/example_dags/example_dataset_alias.py
[2025-01-06T08:29:17.721+0000] {processor.py:914} INFO - Processing file /home/airflow/.local/lib/python3.12/site-packages/airflow/example_dags/example_dataset_alias.py for tasks to queue
[2025-01-06T08:29:17.722+0000] {logging_mixin.py:190} INFO - [2025-01-06T08:29:17.722+0000] {dagbag.py:588} INFO - Filling up the DagBag from /home/airflow/.local/lib/python3.12/site-packages/airflow/example_dags/example_dataset_alias.py
[2025-01-06T08:29:17.812+0000] {processor.py:925} INFO - DAG(s) 'dataset_s3_bucket_consumer', 'dataset_alias_example_alias_producer', 'dataset_alias_example_alias_consumer', 'dataset_s3_bucket_producer' retrieved from /home/airflow/.local/lib/python3.12/site-packages/airflow/example_dags/example_dataset_alias.py
[2025-01-06T08:29:17.824+0000] {logging_mixin.py:190} INFO - [2025-01-06T08:29:17.824+0000] {dag.py:3239} INFO - Sync 4 DAGs
[2025-01-06T08:29:17.838+0000] {logging_mixin.py:190} INFO - [2025-01-06T08:29:17.838+0000] {dag.py:4180} INFO - Setting next_dagrun for dataset_alias_example_alias_consumer to None, run_after=None
[2025-01-06T08:29:17.840+0000] {logging_mixin.py:190} INFO - [2025-01-06T08:29:17.840+0000] {dag.py:4180} INFO - Setting next_dagrun for dataset_alias_example_alias_producer to None, run_after=None
[2025-01-06T08:29:17.841+0000] {logging_mixin.py:190} INFO - [2025-01-06T08:29:17.840+0000] {dag.py:4180} INFO - Setting next_dagrun for dataset_s3_bucket_consumer to None, run_after=None
[2025-01-06T08:29:17.841+0000] {logging_mixin.py:190} INFO - [2025-01-06T08:29:17.841+0000] {dag.py:4180} INFO - Setting next_dagrun for dataset_s3_bucket_producer to None, run_after=None
[2025-01-06T08:29:17.853+0000] {processor.py:208} INFO - Processing /home/airflow/.local/lib/python3.12/site-packages/airflow/example_dags/example_dataset_alias.py took 0.136 seconds
[2025-01-06T08:29:48.086+0000] {processor.py:186} INFO - Started process (PID=1411) to work on /home/airflow/.local/lib/python3.12/site-packages/airflow/example_dags/example_dataset_alias.py
[2025-01-06T08:29:48.086+0000] {processor.py:914} INFO - Processing file /home/airflow/.local/lib/python3.12/site-packages/airflow/example_dags/example_dataset_alias.py for tasks to queue
[2025-01-06T08:29:48.088+0000] {logging_mixin.py:190} INFO - [2025-01-06T08:29:48.088+0000] {dagbag.py:588} INFO - Filling up the DagBag from /home/airflow/.local/lib/python3.12/site-packages/airflow/example_dags/example_dataset_alias.py
[2025-01-06T08:29:48.181+0000] {processor.py:925} INFO - DAG(s) 'dataset_alias_example_alias_consumer', 'dataset_s3_bucket_producer', 'dataset_alias_example_alias_producer', 'dataset_s3_bucket_consumer' retrieved from /home/airflow/.local/lib/python3.12/site-packages/airflow/example_dags/example_dataset_alias.py
[2025-01-06T08:29:48.197+0000] {logging_mixin.py:190} INFO - [2025-01-06T08:29:48.197+0000] {dag.py:3239} INFO - Sync 4 DAGs
[2025-01-06T08:29:48.217+0000] {logging_mixin.py:190} INFO - [2025-01-06T08:29:48.217+0000] {dag.py:4180} INFO - Setting next_dagrun for dataset_alias_example_alias_consumer to None, run_after=None
[2025-01-06T08:29:48.219+0000] {logging_mixin.py:190} INFO - [2025-01-06T08:29:48.219+0000] {dag.py:4180} INFO - Setting next_dagrun for dataset_alias_example_alias_producer to None, run_after=None
[2025-01-06T08:29:48.220+0000] {logging_mixin.py:190} INFO - [2025-01-06T08:29:48.220+0000] {dag.py:4180} INFO - Setting next_dagrun for dataset_s3_bucket_consumer to None, run_after=None
[2025-01-06T08:29:48.221+0000] {logging_mixin.py:190} INFO - [2025-01-06T08:29:48.221+0000] {dag.py:4180} INFO - Setting next_dagrun for dataset_s3_bucket_producer to None, run_after=None
[2025-01-06T08:29:48.235+0000] {processor.py:208} INFO - Processing /home/airflow/.local/lib/python3.12/site-packages/airflow/example_dags/example_dataset_alias.py took 0.154 seconds
[2025-01-06T08:30:18.592+0000] {processor.py:186} INFO - Started process (PID=1486) to work on /home/airflow/.local/lib/python3.12/site-packages/airflow/example_dags/example_dataset_alias.py
[2025-01-06T08:30:18.593+0000] {processor.py:914} INFO - Processing file /home/airflow/.local/lib/python3.12/site-packages/airflow/example_dags/example_dataset_alias.py for tasks to queue
[2025-01-06T08:30:18.594+0000] {logging_mixin.py:190} INFO - [2025-01-06T08:30:18.594+0000] {dagbag.py:588} INFO - Filling up the DagBag from /home/airflow/.local/lib/python3.12/site-packages/airflow/example_dags/example_dataset_alias.py
[2025-01-06T08:30:18.684+0000] {processor.py:925} INFO - DAG(s) 'dataset_s3_bucket_consumer', 'dataset_alias_example_alias_consumer', 'dataset_alias_example_alias_producer', 'dataset_s3_bucket_producer' retrieved from /home/airflow/.local/lib/python3.12/site-packages/airflow/example_dags/example_dataset_alias.py
[2025-01-06T08:30:18.695+0000] {logging_mixin.py:190} INFO - [2025-01-06T08:30:18.695+0000] {dag.py:3239} INFO - Sync 4 DAGs
[2025-01-06T08:30:18.708+0000] {logging_mixin.py:190} INFO - [2025-01-06T08:30:18.708+0000] {dag.py:4180} INFO - Setting next_dagrun for dataset_alias_example_alias_consumer to None, run_after=None
[2025-01-06T08:30:18.709+0000] {logging_mixin.py:190} INFO - [2025-01-06T08:30:18.709+0000] {dag.py:4180} INFO - Setting next_dagrun for dataset_alias_example_alias_producer to None, run_after=None
[2025-01-06T08:30:18.710+0000] {logging_mixin.py:190} INFO - [2025-01-06T08:30:18.710+0000] {dag.py:4180} INFO - Setting next_dagrun for dataset_s3_bucket_consumer to None, run_after=None
[2025-01-06T08:30:18.710+0000] {logging_mixin.py:190} INFO - [2025-01-06T08:30:18.710+0000] {dag.py:4180} INFO - Setting next_dagrun for dataset_s3_bucket_producer to None, run_after=None
[2025-01-06T08:30:18.721+0000] {processor.py:208} INFO - Processing /home/airflow/.local/lib/python3.12/site-packages/airflow/example_dags/example_dataset_alias.py took 0.133 seconds
[2025-01-06T08:30:48.981+0000] {processor.py:186} INFO - Started process (PID=1553) to work on /home/airflow/.local/lib/python3.12/site-packages/airflow/example_dags/example_dataset_alias.py
[2025-01-06T08:30:48.981+0000] {processor.py:914} INFO - Processing file /home/airflow/.local/lib/python3.12/site-packages/airflow/example_dags/example_dataset_alias.py for tasks to queue
[2025-01-06T08:30:48.983+0000] {logging_mixin.py:190} INFO - [2025-01-06T08:30:48.982+0000] {dagbag.py:588} INFO - Filling up the DagBag from /home/airflow/.local/lib/python3.12/site-packages/airflow/example_dags/example_dataset_alias.py
[2025-01-06T08:30:49.073+0000] {processor.py:925} INFO - DAG(s) 'dataset_alias_example_alias_producer', 'dataset_s3_bucket_consumer', 'dataset_s3_bucket_producer', 'dataset_alias_example_alias_consumer' retrieved from /home/airflow/.local/lib/python3.12/site-packages/airflow/example_dags/example_dataset_alias.py
[2025-01-06T08:30:49.090+0000] {logging_mixin.py:190} INFO - [2025-01-06T08:30:49.090+0000] {dag.py:3239} INFO - Sync 4 DAGs
[2025-01-06T08:30:49.109+0000] {logging_mixin.py:190} INFO - [2025-01-06T08:30:49.109+0000] {dag.py:4180} INFO - Setting next_dagrun for dataset_alias_example_alias_consumer to None, run_after=None
[2025-01-06T08:30:49.111+0000] {logging_mixin.py:190} INFO - [2025-01-06T08:30:49.111+0000] {dag.py:4180} INFO - Setting next_dagrun for dataset_alias_example_alias_producer to None, run_after=None
[2025-01-06T08:30:49.112+0000] {logging_mixin.py:190} INFO - [2025-01-06T08:30:49.112+0000] {dag.py:4180} INFO - Setting next_dagrun for dataset_s3_bucket_consumer to None, run_after=None
[2025-01-06T08:30:49.113+0000] {logging_mixin.py:190} INFO - [2025-01-06T08:30:49.113+0000] {dag.py:4180} INFO - Setting next_dagrun for dataset_s3_bucket_producer to None, run_after=None
[2025-01-06T08:30:49.128+0000] {processor.py:208} INFO - Processing /home/airflow/.local/lib/python3.12/site-packages/airflow/example_dags/example_dataset_alias.py took 0.150 seconds
[2025-01-06T08:31:19.420+0000] {processor.py:186} INFO - Started process (PID=1623) to work on /home/airflow/.local/lib/python3.12/site-packages/airflow/example_dags/example_dataset_alias.py
[2025-01-06T08:31:19.420+0000] {processor.py:914} INFO - Processing file /home/airflow/.local/lib/python3.12/site-packages/airflow/example_dags/example_dataset_alias.py for tasks to queue
[2025-01-06T08:31:19.421+0000] {logging_mixin.py:190} INFO - [2025-01-06T08:31:19.421+0000] {dagbag.py:588} INFO - Filling up the DagBag from /home/airflow/.local/lib/python3.12/site-packages/airflow/example_dags/example_dataset_alias.py
[2025-01-06T08:31:19.516+0000] {processor.py:925} INFO - DAG(s) 'dataset_alias_example_alias_producer', 'dataset_s3_bucket_producer', 'dataset_s3_bucket_consumer', 'dataset_alias_example_alias_consumer' retrieved from /home/airflow/.local/lib/python3.12/site-packages/airflow/example_dags/example_dataset_alias.py
[2025-01-06T08:31:19.531+0000] {logging_mixin.py:190} INFO - [2025-01-06T08:31:19.530+0000] {dag.py:3239} INFO - Sync 4 DAGs
[2025-01-06T08:31:19.546+0000] {logging_mixin.py:190} INFO - [2025-01-06T08:31:19.546+0000] {dag.py:4180} INFO - Setting next_dagrun for dataset_alias_example_alias_consumer to None, run_after=None
[2025-01-06T08:31:19.548+0000] {logging_mixin.py:190} INFO - [2025-01-06T08:31:19.548+0000] {dag.py:4180} INFO - Setting next_dagrun for dataset_alias_example_alias_producer to None, run_after=None
[2025-01-06T08:31:19.548+0000] {logging_mixin.py:190} INFO - [2025-01-06T08:31:19.548+0000] {dag.py:4180} INFO - Setting next_dagrun for dataset_s3_bucket_consumer to None, run_after=None
[2025-01-06T08:31:19.549+0000] {logging_mixin.py:190} INFO - [2025-01-06T08:31:19.549+0000] {dag.py:4180} INFO - Setting next_dagrun for dataset_s3_bucket_producer to None, run_after=None
[2025-01-06T08:31:19.559+0000] {processor.py:208} INFO - Processing /home/airflow/.local/lib/python3.12/site-packages/airflow/example_dags/example_dataset_alias.py took 0.143 seconds
[2025-01-06T08:31:49.838+0000] {processor.py:186} INFO - Started process (PID=1689) to work on /home/airflow/.local/lib/python3.12/site-packages/airflow/example_dags/example_dataset_alias.py
[2025-01-06T08:31:49.839+0000] {processor.py:914} INFO - Processing file /home/airflow/.local/lib/python3.12/site-packages/airflow/example_dags/example_dataset_alias.py for tasks to queue
[2025-01-06T08:31:49.840+0000] {logging_mixin.py:190} INFO - [2025-01-06T08:31:49.840+0000] {dagbag.py:588} INFO - Filling up the DagBag from /home/airflow/.local/lib/python3.12/site-packages/airflow/example_dags/example_dataset_alias.py
[2025-01-06T08:31:49.925+0000] {processor.py:925} INFO - DAG(s) 'dataset_alias_example_alias_producer', 'dataset_alias_example_alias_consumer', 'dataset_s3_bucket_consumer', 'dataset_s3_bucket_producer' retrieved from /home/airflow/.local/lib/python3.12/site-packages/airflow/example_dags/example_dataset_alias.py
[2025-01-06T08:31:49.935+0000] {logging_mixin.py:190} INFO - [2025-01-06T08:31:49.935+0000] {dag.py:3239} INFO - Sync 4 DAGs
[2025-01-06T08:31:49.948+0000] {logging_mixin.py:190} INFO - [2025-01-06T08:31:49.948+0000] {dag.py:4180} INFO - Setting next_dagrun for dataset_alias_example_alias_consumer to None, run_after=None
[2025-01-06T08:31:49.949+0000] {logging_mixin.py:190} INFO - [2025-01-06T08:31:49.949+0000] {dag.py:4180} INFO - Setting next_dagrun for dataset_alias_example_alias_producer to None, run_after=None
[2025-01-06T08:31:49.950+0000] {logging_mixin.py:190} INFO - [2025-01-06T08:31:49.950+0000] {dag.py:4180} INFO - Setting next_dagrun for dataset_s3_bucket_consumer to None, run_after=None
[2025-01-06T08:31:49.950+0000] {logging_mixin.py:190} INFO - [2025-01-06T08:31:49.950+0000] {dag.py:4180} INFO - Setting next_dagrun for dataset_s3_bucket_producer to None, run_after=None
[2025-01-06T08:31:49.961+0000] {processor.py:208} INFO - Processing /home/airflow/.local/lib/python3.12/site-packages/airflow/example_dags/example_dataset_alias.py took 0.125 seconds
[2025-01-06T08:32:20.516+0000] {processor.py:186} INFO - Started process (PID=1760) to work on /home/airflow/.local/lib/python3.12/site-packages/airflow/example_dags/example_dataset_alias.py
[2025-01-06T08:32:20.516+0000] {processor.py:914} INFO - Processing file /home/airflow/.local/lib/python3.12/site-packages/airflow/example_dags/example_dataset_alias.py for tasks to queue
[2025-01-06T08:32:20.517+0000] {logging_mixin.py:190} INFO - [2025-01-06T08:32:20.517+0000] {dagbag.py:588} INFO - Filling up the DagBag from /home/airflow/.local/lib/python3.12/site-packages/airflow/example_dags/example_dataset_alias.py
[2025-01-06T08:32:20.604+0000] {processor.py:925} INFO - DAG(s) 'dataset_s3_bucket_producer', 'dataset_alias_example_alias_consumer', 'dataset_alias_example_alias_producer', 'dataset_s3_bucket_consumer' retrieved from /home/airflow/.local/lib/python3.12/site-packages/airflow/example_dags/example_dataset_alias.py
[2025-01-06T08:32:20.615+0000] {logging_mixin.py:190} INFO - [2025-01-06T08:32:20.615+0000] {dag.py:3239} INFO - Sync 4 DAGs
[2025-01-06T08:32:20.628+0000] {logging_mixin.py:190} INFO - [2025-01-06T08:32:20.628+0000] {dag.py:4180} INFO - Setting next_dagrun for dataset_alias_example_alias_consumer to None, run_after=None
[2025-01-06T08:32:20.629+0000] {logging_mixin.py:190} INFO - [2025-01-06T08:32:20.629+0000] {dag.py:4180} INFO - Setting next_dagrun for dataset_alias_example_alias_producer to None, run_after=None
[2025-01-06T08:32:20.630+0000] {logging_mixin.py:190} INFO - [2025-01-06T08:32:20.630+0000] {dag.py:4180} INFO - Setting next_dagrun for dataset_s3_bucket_consumer to None, run_after=None
[2025-01-06T08:32:20.630+0000] {logging_mixin.py:190} INFO - [2025-01-06T08:32:20.630+0000] {dag.py:4180} INFO - Setting next_dagrun for dataset_s3_bucket_producer to None, run_after=None
[2025-01-06T08:32:20.640+0000] {processor.py:208} INFO - Processing /home/airflow/.local/lib/python3.12/site-packages/airflow/example_dags/example_dataset_alias.py took 0.128 seconds
[2025-01-06T08:32:50.852+0000] {processor.py:186} INFO - Started process (PID=1826) to work on /home/airflow/.local/lib/python3.12/site-packages/airflow/example_dags/example_dataset_alias.py
[2025-01-06T08:32:50.853+0000] {processor.py:914} INFO - Processing file /home/airflow/.local/lib/python3.12/site-packages/airflow/example_dags/example_dataset_alias.py for tasks to queue
[2025-01-06T08:32:50.854+0000] {logging_mixin.py:190} INFO - [2025-01-06T08:32:50.854+0000] {dagbag.py:588} INFO - Filling up the DagBag from /home/airflow/.local/lib/python3.12/site-packages/airflow/example_dags/example_dataset_alias.py
[2025-01-06T08:32:50.950+0000] {processor.py:925} INFO - DAG(s) 'dataset_alias_example_alias_producer', 'dataset_alias_example_alias_consumer', 'dataset_s3_bucket_producer', 'dataset_s3_bucket_consumer' retrieved from /home/airflow/.local/lib/python3.12/site-packages/airflow/example_dags/example_dataset_alias.py
[2025-01-06T08:32:50.965+0000] {logging_mixin.py:190} INFO - [2025-01-06T08:32:50.965+0000] {dag.py:3239} INFO - Sync 4 DAGs
[2025-01-06T08:32:50.980+0000] {logging_mixin.py:190} INFO - [2025-01-06T08:32:50.979+0000] {dag.py:4180} INFO - Setting next_dagrun for dataset_alias_example_alias_consumer to None, run_after=None
[2025-01-06T08:32:50.981+0000] {logging_mixin.py:190} INFO - [2025-01-06T08:32:50.981+0000] {dag.py:4180} INFO - Setting next_dagrun for dataset_alias_example_alias_producer to None, run_after=None
[2025-01-06T08:32:50.982+0000] {logging_mixin.py:190} INFO - [2025-01-06T08:32:50.982+0000] {dag.py:4180} INFO - Setting next_dagrun for dataset_s3_bucket_consumer to None, run_after=None
[2025-01-06T08:32:50.983+0000] {logging_mixin.py:190} INFO - [2025-01-06T08:32:50.983+0000] {dag.py:4180} INFO - Setting next_dagrun for dataset_s3_bucket_producer to None, run_after=None
[2025-01-06T08:32:50.997+0000] {processor.py:208} INFO - Processing /home/airflow/.local/lib/python3.12/site-packages/airflow/example_dags/example_dataset_alias.py took 0.148 seconds
[2025-01-06T08:33:21.317+0000] {processor.py:186} INFO - Started process (PID=1897) to work on /home/airflow/.local/lib/python3.12/site-packages/airflow/example_dags/example_dataset_alias.py
[2025-01-06T08:33:21.318+0000] {processor.py:914} INFO - Processing file /home/airflow/.local/lib/python3.12/site-packages/airflow/example_dags/example_dataset_alias.py for tasks to queue
[2025-01-06T08:33:21.319+0000] {logging_mixin.py:190} INFO - [2025-01-06T08:33:21.319+0000] {dagbag.py:588} INFO - Filling up the DagBag from /home/airflow/.local/lib/python3.12/site-packages/airflow/example_dags/example_dataset_alias.py
[2025-01-06T08:33:21.413+0000] {processor.py:925} INFO - DAG(s) 'dataset_alias_example_alias_producer', 'dataset_alias_example_alias_consumer', 'dataset_s3_bucket_consumer', 'dataset_s3_bucket_producer' retrieved from /home/airflow/.local/lib/python3.12/site-packages/airflow/example_dags/example_dataset_alias.py
[2025-01-06T08:33:21.428+0000] {logging_mixin.py:190} INFO - [2025-01-06T08:33:21.428+0000] {dag.py:3239} INFO - Sync 4 DAGs
[2025-01-06T08:33:21.561+0000] {logging_mixin.py:190} INFO - [2025-01-06T08:33:21.561+0000] {dag.py:4180} INFO - Setting next_dagrun for dataset_alias_example_alias_consumer to None, run_after=None
[2025-01-06T08:33:21.563+0000] {logging_mixin.py:190} INFO - [2025-01-06T08:33:21.563+0000] {dag.py:4180} INFO - Setting next_dagrun for dataset_alias_example_alias_producer to None, run_after=None
[2025-01-06T08:33:21.564+0000] {logging_mixin.py:190} INFO - [2025-01-06T08:33:21.564+0000] {dag.py:4180} INFO - Setting next_dagrun for dataset_s3_bucket_consumer to None, run_after=None
[2025-01-06T08:33:21.564+0000] {logging_mixin.py:190} INFO - [2025-01-06T08:33:21.564+0000] {dag.py:4180} INFO - Setting next_dagrun for dataset_s3_bucket_producer to None, run_after=None
[2025-01-06T08:33:21.576+0000] {processor.py:208} INFO - Processing /home/airflow/.local/lib/python3.12/site-packages/airflow/example_dags/example_dataset_alias.py took 0.263 seconds
