[2025-01-06T08:20:09.461+0000] {processor.py:186} INFO - Started process (PID=95) to work on /home/airflow/.local/lib/python3.12/site-packages/airflow/example_dags/example_branch_datetime_operator.py
[2025-01-06T08:20:09.462+0000] {processor.py:914} INFO - Processing file /home/airflow/.local/lib/python3.12/site-packages/airflow/example_dags/example_branch_datetime_operator.py for tasks to queue
[2025-01-06T08:20:09.463+0000] {logging_mixin.py:190} INFO - [2025-01-06T08:20:09.463+0000] {dagbag.py:588} INFO - Filling up the DagBag from /home/airflow/.local/lib/python3.12/site-packages/airflow/example_dags/example_branch_datetime_operator.py
[2025-01-06T08:20:09.469+0000] {processor.py:925} INFO - DAG(s) 'example_branch_datetime_operator_3', 'example_branch_datetime_operator_2', 'example_branch_datetime_operator' retrieved from /home/airflow/.local/lib/python3.12/site-packages/airflow/example_dags/example_branch_datetime_operator.py
[2025-01-06T08:20:09.492+0000] {logging_mixin.py:190} INFO - [2025-01-06T08:20:09.492+0000] {dag.py:3239} INFO - Sync 3 DAGs
[2025-01-06T08:20:09.511+0000] {logging_mixin.py:190} INFO - [2025-01-06T08:20:09.510+0000] {dag.py:4180} INFO - Setting next_dagrun for example_branch_datetime_operator to 2025-01-05 00:00:00+00:00, run_after=2025-01-06 00:00:00+00:00
[2025-01-06T08:20:09.513+0000] {logging_mixin.py:190} INFO - [2025-01-06T08:20:09.513+0000] {dag.py:4180} INFO - Setting next_dagrun for example_branch_datetime_operator_2 to 2025-01-05 00:00:00+00:00, run_after=2025-01-06 00:00:00+00:00
[2025-01-06T08:20:09.515+0000] {logging_mixin.py:190} INFO - [2025-01-06T08:20:09.515+0000] {dag.py:4180} INFO - Setting next_dagrun for example_branch_datetime_operator_3 to 2025-01-05 00:00:00+00:00, run_after=2025-01-06 00:00:00+00:00
[2025-01-06T08:20:09.525+0000] {processor.py:208} INFO - Processing /home/airflow/.local/lib/python3.12/site-packages/airflow/example_dags/example_branch_datetime_operator.py took 0.068 seconds
[2025-01-06T08:20:40.205+0000] {processor.py:186} INFO - Started process (PID=171) to work on /home/airflow/.local/lib/python3.12/site-packages/airflow/example_dags/example_branch_datetime_operator.py
[2025-01-06T08:20:40.206+0000] {processor.py:914} INFO - Processing file /home/airflow/.local/lib/python3.12/site-packages/airflow/example_dags/example_branch_datetime_operator.py for tasks to queue
[2025-01-06T08:20:40.207+0000] {logging_mixin.py:190} INFO - [2025-01-06T08:20:40.207+0000] {dagbag.py:588} INFO - Filling up the DagBag from /home/airflow/.local/lib/python3.12/site-packages/airflow/example_dags/example_branch_datetime_operator.py
[2025-01-06T08:20:40.213+0000] {processor.py:925} INFO - DAG(s) 'example_branch_datetime_operator_2', 'example_branch_datetime_operator', 'example_branch_datetime_operator_3' retrieved from /home/airflow/.local/lib/python3.12/site-packages/airflow/example_dags/example_branch_datetime_operator.py
[2025-01-06T08:20:40.232+0000] {logging_mixin.py:190} INFO - [2025-01-06T08:20:40.231+0000] {dag.py:3239} INFO - Sync 3 DAGs
[2025-01-06T08:20:40.251+0000] {logging_mixin.py:190} INFO - [2025-01-06T08:20:40.251+0000] {dag.py:4180} INFO - Setting next_dagrun for example_branch_datetime_operator to 2025-01-05 00:00:00+00:00, run_after=2025-01-06 00:00:00+00:00
[2025-01-06T08:20:40.254+0000] {logging_mixin.py:190} INFO - [2025-01-06T08:20:40.254+0000] {dag.py:4180} INFO - Setting next_dagrun for example_branch_datetime_operator_2 to 2025-01-05 00:00:00+00:00, run_after=2025-01-06 00:00:00+00:00
[2025-01-06T08:20:40.256+0000] {logging_mixin.py:190} INFO - [2025-01-06T08:20:40.256+0000] {dag.py:4180} INFO - Setting next_dagrun for example_branch_datetime_operator_3 to 2025-01-05 00:00:00+00:00, run_after=2025-01-06 00:00:00+00:00
[2025-01-06T08:20:40.268+0000] {processor.py:208} INFO - Processing /home/airflow/.local/lib/python3.12/site-packages/airflow/example_dags/example_branch_datetime_operator.py took 0.066 seconds
[2025-01-06T08:21:10.690+0000] {processor.py:186} INFO - Started process (PID=242) to work on /home/airflow/.local/lib/python3.12/site-packages/airflow/example_dags/example_branch_datetime_operator.py
[2025-01-06T08:21:10.690+0000] {processor.py:914} INFO - Processing file /home/airflow/.local/lib/python3.12/site-packages/airflow/example_dags/example_branch_datetime_operator.py for tasks to queue
[2025-01-06T08:21:10.692+0000] {logging_mixin.py:190} INFO - [2025-01-06T08:21:10.692+0000] {dagbag.py:588} INFO - Filling up the DagBag from /home/airflow/.local/lib/python3.12/site-packages/airflow/example_dags/example_branch_datetime_operator.py
[2025-01-06T08:21:10.700+0000] {processor.py:925} INFO - DAG(s) 'example_branch_datetime_operator', 'example_branch_datetime_operator_2', 'example_branch_datetime_operator_3' retrieved from /home/airflow/.local/lib/python3.12/site-packages/airflow/example_dags/example_branch_datetime_operator.py
[2025-01-06T08:21:10.721+0000] {logging_mixin.py:190} INFO - [2025-01-06T08:21:10.720+0000] {dag.py:3239} INFO - Sync 3 DAGs
[2025-01-06T08:21:10.751+0000] {logging_mixin.py:190} INFO - [2025-01-06T08:21:10.751+0000] {dag.py:4180} INFO - Setting next_dagrun for example_branch_datetime_operator to 2025-01-05 00:00:00+00:00, run_after=2025-01-06 00:00:00+00:00
[2025-01-06T08:21:10.756+0000] {logging_mixin.py:190} INFO - [2025-01-06T08:21:10.755+0000] {dag.py:4180} INFO - Setting next_dagrun for example_branch_datetime_operator_2 to 2025-01-05 00:00:00+00:00, run_after=2025-01-06 00:00:00+00:00
[2025-01-06T08:21:10.759+0000] {logging_mixin.py:190} INFO - [2025-01-06T08:21:10.759+0000] {dag.py:4180} INFO - Setting next_dagrun for example_branch_datetime_operator_3 to 2025-01-05 00:00:00+00:00, run_after=2025-01-06 00:00:00+00:00
[2025-01-06T08:21:10.773+0000] {processor.py:208} INFO - Processing /home/airflow/.local/lib/python3.12/site-packages/airflow/example_dags/example_branch_datetime_operator.py took 0.087 seconds
[2025-01-06T08:21:40.985+0000] {processor.py:186} INFO - Started process (PID=308) to work on /home/airflow/.local/lib/python3.12/site-packages/airflow/example_dags/example_branch_datetime_operator.py
[2025-01-06T08:21:40.986+0000] {processor.py:914} INFO - Processing file /home/airflow/.local/lib/python3.12/site-packages/airflow/example_dags/example_branch_datetime_operator.py for tasks to queue
[2025-01-06T08:21:40.987+0000] {logging_mixin.py:190} INFO - [2025-01-06T08:21:40.987+0000] {dagbag.py:588} INFO - Filling up the DagBag from /home/airflow/.local/lib/python3.12/site-packages/airflow/example_dags/example_branch_datetime_operator.py
[2025-01-06T08:21:40.996+0000] {processor.py:925} INFO - DAG(s) 'example_branch_datetime_operator_3', 'example_branch_datetime_operator', 'example_branch_datetime_operator_2' retrieved from /home/airflow/.local/lib/python3.12/site-packages/airflow/example_dags/example_branch_datetime_operator.py
[2025-01-06T08:21:41.012+0000] {logging_mixin.py:190} INFO - [2025-01-06T08:21:41.012+0000] {dag.py:3239} INFO - Sync 3 DAGs
[2025-01-06T08:21:41.026+0000] {logging_mixin.py:190} INFO - [2025-01-06T08:21:41.026+0000] {dag.py:4180} INFO - Setting next_dagrun for example_branch_datetime_operator to 2025-01-05 00:00:00+00:00, run_after=2025-01-06 00:00:00+00:00
[2025-01-06T08:21:41.030+0000] {logging_mixin.py:190} INFO - [2025-01-06T08:21:41.030+0000] {dag.py:4180} INFO - Setting next_dagrun for example_branch_datetime_operator_2 to 2025-01-05 00:00:00+00:00, run_after=2025-01-06 00:00:00+00:00
[2025-01-06T08:21:41.032+0000] {logging_mixin.py:190} INFO - [2025-01-06T08:21:41.032+0000] {dag.py:4180} INFO - Setting next_dagrun for example_branch_datetime_operator_3 to 2025-01-05 00:00:00+00:00, run_after=2025-01-06 00:00:00+00:00
[2025-01-06T08:21:41.043+0000] {processor.py:208} INFO - Processing /home/airflow/.local/lib/python3.12/site-packages/airflow/example_dags/example_branch_datetime_operator.py took 0.062 seconds
[2025-01-06T08:22:11.483+0000] {processor.py:186} INFO - Started process (PID=379) to work on /home/airflow/.local/lib/python3.12/site-packages/airflow/example_dags/example_branch_datetime_operator.py
[2025-01-06T08:22:11.483+0000] {processor.py:914} INFO - Processing file /home/airflow/.local/lib/python3.12/site-packages/airflow/example_dags/example_branch_datetime_operator.py for tasks to queue
[2025-01-06T08:22:11.485+0000] {logging_mixin.py:190} INFO - [2025-01-06T08:22:11.484+0000] {dagbag.py:588} INFO - Filling up the DagBag from /home/airflow/.local/lib/python3.12/site-packages/airflow/example_dags/example_branch_datetime_operator.py
[2025-01-06T08:22:11.491+0000] {processor.py:925} INFO - DAG(s) 'example_branch_datetime_operator_2', 'example_branch_datetime_operator_3', 'example_branch_datetime_operator' retrieved from /home/airflow/.local/lib/python3.12/site-packages/airflow/example_dags/example_branch_datetime_operator.py
[2025-01-06T08:22:11.510+0000] {logging_mixin.py:190} INFO - [2025-01-06T08:22:11.510+0000] {dag.py:3239} INFO - Sync 3 DAGs
[2025-01-06T08:22:11.525+0000] {logging_mixin.py:190} INFO - [2025-01-06T08:22:11.524+0000] {dag.py:4180} INFO - Setting next_dagrun for example_branch_datetime_operator to 2025-01-05 00:00:00+00:00, run_after=2025-01-06 00:00:00+00:00
[2025-01-06T08:22:11.527+0000] {logging_mixin.py:190} INFO - [2025-01-06T08:22:11.527+0000] {dag.py:4180} INFO - Setting next_dagrun for example_branch_datetime_operator_2 to 2025-01-05 00:00:00+00:00, run_after=2025-01-06 00:00:00+00:00
[2025-01-06T08:22:11.529+0000] {logging_mixin.py:190} INFO - [2025-01-06T08:22:11.528+0000] {dag.py:4180} INFO - Setting next_dagrun for example_branch_datetime_operator_3 to 2025-01-05 00:00:00+00:00, run_after=2025-01-06 00:00:00+00:00
[2025-01-06T08:22:11.537+0000] {processor.py:208} INFO - Processing /home/airflow/.local/lib/python3.12/site-packages/airflow/example_dags/example_branch_datetime_operator.py took 0.057 seconds
[2025-01-06T08:22:41.932+0000] {processor.py:186} INFO - Started process (PID=445) to work on /home/airflow/.local/lib/python3.12/site-packages/airflow/example_dags/example_branch_datetime_operator.py
[2025-01-06T08:22:41.933+0000] {processor.py:914} INFO - Processing file /home/airflow/.local/lib/python3.12/site-packages/airflow/example_dags/example_branch_datetime_operator.py for tasks to queue
[2025-01-06T08:22:41.934+0000] {logging_mixin.py:190} INFO - [2025-01-06T08:22:41.934+0000] {dagbag.py:588} INFO - Filling up the DagBag from /home/airflow/.local/lib/python3.12/site-packages/airflow/example_dags/example_branch_datetime_operator.py
[2025-01-06T08:22:41.941+0000] {processor.py:925} INFO - DAG(s) 'example_branch_datetime_operator_3', 'example_branch_datetime_operator', 'example_branch_datetime_operator_2' retrieved from /home/airflow/.local/lib/python3.12/site-packages/airflow/example_dags/example_branch_datetime_operator.py
[2025-01-06T08:22:41.960+0000] {logging_mixin.py:190} INFO - [2025-01-06T08:22:41.960+0000] {dag.py:3239} INFO - Sync 3 DAGs
[2025-01-06T08:22:41.977+0000] {logging_mixin.py:190} INFO - [2025-01-06T08:22:41.977+0000] {dag.py:4180} INFO - Setting next_dagrun for example_branch_datetime_operator to 2025-01-05 00:00:00+00:00, run_after=2025-01-06 00:00:00+00:00
[2025-01-06T08:22:41.980+0000] {logging_mixin.py:190} INFO - [2025-01-06T08:22:41.980+0000] {dag.py:4180} INFO - Setting next_dagrun for example_branch_datetime_operator_2 to 2025-01-05 00:00:00+00:00, run_after=2025-01-06 00:00:00+00:00
[2025-01-06T08:22:41.982+0000] {logging_mixin.py:190} INFO - [2025-01-06T08:22:41.981+0000] {dag.py:4180} INFO - Setting next_dagrun for example_branch_datetime_operator_3 to 2025-01-05 00:00:00+00:00, run_after=2025-01-06 00:00:00+00:00
[2025-01-06T08:22:41.989+0000] {processor.py:208} INFO - Processing /home/airflow/.local/lib/python3.12/site-packages/airflow/example_dags/example_branch_datetime_operator.py took 0.061 seconds
[2025-01-06T08:23:12.422+0000] {processor.py:186} INFO - Started process (PID=516) to work on /home/airflow/.local/lib/python3.12/site-packages/airflow/example_dags/example_branch_datetime_operator.py
[2025-01-06T08:23:12.423+0000] {processor.py:914} INFO - Processing file /home/airflow/.local/lib/python3.12/site-packages/airflow/example_dags/example_branch_datetime_operator.py for tasks to queue
[2025-01-06T08:23:12.424+0000] {logging_mixin.py:190} INFO - [2025-01-06T08:23:12.424+0000] {dagbag.py:588} INFO - Filling up the DagBag from /home/airflow/.local/lib/python3.12/site-packages/airflow/example_dags/example_branch_datetime_operator.py
[2025-01-06T08:23:12.431+0000] {processor.py:925} INFO - DAG(s) 'example_branch_datetime_operator_2', 'example_branch_datetime_operator', 'example_branch_datetime_operator_3' retrieved from /home/airflow/.local/lib/python3.12/site-packages/airflow/example_dags/example_branch_datetime_operator.py
[2025-01-06T08:23:12.451+0000] {logging_mixin.py:190} INFO - [2025-01-06T08:23:12.450+0000] {dag.py:3239} INFO - Sync 3 DAGs
[2025-01-06T08:23:12.471+0000] {logging_mixin.py:190} INFO - [2025-01-06T08:23:12.471+0000] {dag.py:4180} INFO - Setting next_dagrun for example_branch_datetime_operator to 2025-01-05 00:00:00+00:00, run_after=2025-01-06 00:00:00+00:00
[2025-01-06T08:23:12.474+0000] {logging_mixin.py:190} INFO - [2025-01-06T08:23:12.474+0000] {dag.py:4180} INFO - Setting next_dagrun for example_branch_datetime_operator_2 to 2025-01-05 00:00:00+00:00, run_after=2025-01-06 00:00:00+00:00
[2025-01-06T08:23:12.475+0000] {logging_mixin.py:190} INFO - [2025-01-06T08:23:12.475+0000] {dag.py:4180} INFO - Setting next_dagrun for example_branch_datetime_operator_3 to 2025-01-05 00:00:00+00:00, run_after=2025-01-06 00:00:00+00:00
[2025-01-06T08:23:12.483+0000] {processor.py:208} INFO - Processing /home/airflow/.local/lib/python3.12/site-packages/airflow/example_dags/example_branch_datetime_operator.py took 0.066 seconds
[2025-01-06T08:23:42.995+0000] {processor.py:186} INFO - Started process (PID=582) to work on /home/airflow/.local/lib/python3.12/site-packages/airflow/example_dags/example_branch_datetime_operator.py
[2025-01-06T08:23:42.996+0000] {processor.py:914} INFO - Processing file /home/airflow/.local/lib/python3.12/site-packages/airflow/example_dags/example_branch_datetime_operator.py for tasks to queue
[2025-01-06T08:23:42.997+0000] {logging_mixin.py:190} INFO - [2025-01-06T08:23:42.997+0000] {dagbag.py:588} INFO - Filling up the DagBag from /home/airflow/.local/lib/python3.12/site-packages/airflow/example_dags/example_branch_datetime_operator.py
[2025-01-06T08:23:43.005+0000] {processor.py:925} INFO - DAG(s) 'example_branch_datetime_operator', 'example_branch_datetime_operator_2', 'example_branch_datetime_operator_3' retrieved from /home/airflow/.local/lib/python3.12/site-packages/airflow/example_dags/example_branch_datetime_operator.py
[2025-01-06T08:23:43.024+0000] {logging_mixin.py:190} INFO - [2025-01-06T08:23:43.023+0000] {dag.py:3239} INFO - Sync 3 DAGs
[2025-01-06T08:23:43.038+0000] {logging_mixin.py:190} INFO - [2025-01-06T08:23:43.037+0000] {dag.py:4180} INFO - Setting next_dagrun for example_branch_datetime_operator to 2025-01-05 00:00:00+00:00, run_after=2025-01-06 00:00:00+00:00
[2025-01-06T08:23:43.040+0000] {logging_mixin.py:190} INFO - [2025-01-06T08:23:43.040+0000] {dag.py:4180} INFO - Setting next_dagrun for example_branch_datetime_operator_2 to 2025-01-05 00:00:00+00:00, run_after=2025-01-06 00:00:00+00:00
[2025-01-06T08:23:43.042+0000] {logging_mixin.py:190} INFO - [2025-01-06T08:23:43.042+0000] {dag.py:4180} INFO - Setting next_dagrun for example_branch_datetime_operator_3 to 2025-01-05 00:00:00+00:00, run_after=2025-01-06 00:00:00+00:00
[2025-01-06T08:23:43.051+0000] {processor.py:208} INFO - Processing /home/airflow/.local/lib/python3.12/site-packages/airflow/example_dags/example_branch_datetime_operator.py took 0.059 seconds
[2025-01-06T08:24:13.416+0000] {processor.py:186} INFO - Started process (PID=653) to work on /home/airflow/.local/lib/python3.12/site-packages/airflow/example_dags/example_branch_datetime_operator.py
[2025-01-06T08:24:13.416+0000] {processor.py:914} INFO - Processing file /home/airflow/.local/lib/python3.12/site-packages/airflow/example_dags/example_branch_datetime_operator.py for tasks to queue
[2025-01-06T08:24:13.417+0000] {logging_mixin.py:190} INFO - [2025-01-06T08:24:13.417+0000] {dagbag.py:588} INFO - Filling up the DagBag from /home/airflow/.local/lib/python3.12/site-packages/airflow/example_dags/example_branch_datetime_operator.py
[2025-01-06T08:24:13.424+0000] {processor.py:925} INFO - DAG(s) 'example_branch_datetime_operator_3', 'example_branch_datetime_operator_2', 'example_branch_datetime_operator' retrieved from /home/airflow/.local/lib/python3.12/site-packages/airflow/example_dags/example_branch_datetime_operator.py
[2025-01-06T08:24:13.443+0000] {logging_mixin.py:190} INFO - [2025-01-06T08:24:13.443+0000] {dag.py:3239} INFO - Sync 3 DAGs
[2025-01-06T08:24:13.461+0000] {logging_mixin.py:190} INFO - [2025-01-06T08:24:13.461+0000] {dag.py:4180} INFO - Setting next_dagrun for example_branch_datetime_operator to 2025-01-05 00:00:00+00:00, run_after=2025-01-06 00:00:00+00:00
[2025-01-06T08:24:13.466+0000] {logging_mixin.py:190} INFO - [2025-01-06T08:24:13.466+0000] {dag.py:4180} INFO - Setting next_dagrun for example_branch_datetime_operator_2 to 2025-01-05 00:00:00+00:00, run_after=2025-01-06 00:00:00+00:00
[2025-01-06T08:24:13.467+0000] {logging_mixin.py:190} INFO - [2025-01-06T08:24:13.467+0000] {dag.py:4180} INFO - Setting next_dagrun for example_branch_datetime_operator_3 to 2025-01-05 00:00:00+00:00, run_after=2025-01-06 00:00:00+00:00
[2025-01-06T08:24:13.478+0000] {processor.py:208} INFO - Processing /home/airflow/.local/lib/python3.12/site-packages/airflow/example_dags/example_branch_datetime_operator.py took 0.066 seconds
[2025-01-06T08:24:43.796+0000] {processor.py:186} INFO - Started process (PID=719) to work on /home/airflow/.local/lib/python3.12/site-packages/airflow/example_dags/example_branch_datetime_operator.py
[2025-01-06T08:24:43.797+0000] {processor.py:914} INFO - Processing file /home/airflow/.local/lib/python3.12/site-packages/airflow/example_dags/example_branch_datetime_operator.py for tasks to queue
[2025-01-06T08:24:43.798+0000] {logging_mixin.py:190} INFO - [2025-01-06T08:24:43.798+0000] {dagbag.py:588} INFO - Filling up the DagBag from /home/airflow/.local/lib/python3.12/site-packages/airflow/example_dags/example_branch_datetime_operator.py
[2025-01-06T08:24:43.805+0000] {processor.py:925} INFO - DAG(s) 'example_branch_datetime_operator_3', 'example_branch_datetime_operator_2', 'example_branch_datetime_operator' retrieved from /home/airflow/.local/lib/python3.12/site-packages/airflow/example_dags/example_branch_datetime_operator.py
[2025-01-06T08:24:43.821+0000] {logging_mixin.py:190} INFO - [2025-01-06T08:24:43.821+0000] {dag.py:3239} INFO - Sync 3 DAGs
[2025-01-06T08:24:43.836+0000] {logging_mixin.py:190} INFO - [2025-01-06T08:24:43.836+0000] {dag.py:4180} INFO - Setting next_dagrun for example_branch_datetime_operator to 2025-01-05 00:00:00+00:00, run_after=2025-01-06 00:00:00+00:00
[2025-01-06T08:24:43.840+0000] {logging_mixin.py:190} INFO - [2025-01-06T08:24:43.840+0000] {dag.py:4180} INFO - Setting next_dagrun for example_branch_datetime_operator_2 to 2025-01-05 00:00:00+00:00, run_after=2025-01-06 00:00:00+00:00
[2025-01-06T08:24:43.842+0000] {logging_mixin.py:190} INFO - [2025-01-06T08:24:43.842+0000] {dag.py:4180} INFO - Setting next_dagrun for example_branch_datetime_operator_3 to 2025-01-05 00:00:00+00:00, run_after=2025-01-06 00:00:00+00:00
[2025-01-06T08:24:43.855+0000] {processor.py:208} INFO - Processing /home/airflow/.local/lib/python3.12/site-packages/airflow/example_dags/example_branch_datetime_operator.py took 0.063 seconds
[2025-01-06T08:25:14.222+0000] {processor.py:186} INFO - Started process (PID=790) to work on /home/airflow/.local/lib/python3.12/site-packages/airflow/example_dags/example_branch_datetime_operator.py
[2025-01-06T08:25:14.223+0000] {processor.py:914} INFO - Processing file /home/airflow/.local/lib/python3.12/site-packages/airflow/example_dags/example_branch_datetime_operator.py for tasks to queue
[2025-01-06T08:25:14.224+0000] {logging_mixin.py:190} INFO - [2025-01-06T08:25:14.224+0000] {dagbag.py:588} INFO - Filling up the DagBag from /home/airflow/.local/lib/python3.12/site-packages/airflow/example_dags/example_branch_datetime_operator.py
[2025-01-06T08:25:14.231+0000] {processor.py:925} INFO - DAG(s) 'example_branch_datetime_operator_3', 'example_branch_datetime_operator', 'example_branch_datetime_operator_2' retrieved from /home/airflow/.local/lib/python3.12/site-packages/airflow/example_dags/example_branch_datetime_operator.py
[2025-01-06T08:25:14.249+0000] {logging_mixin.py:190} INFO - [2025-01-06T08:25:14.249+0000] {dag.py:3239} INFO - Sync 3 DAGs
[2025-01-06T08:25:14.264+0000] {logging_mixin.py:190} INFO - [2025-01-06T08:25:14.264+0000] {dag.py:4180} INFO - Setting next_dagrun for example_branch_datetime_operator to 2025-01-05 00:00:00+00:00, run_after=2025-01-06 00:00:00+00:00
[2025-01-06T08:25:14.267+0000] {logging_mixin.py:190} INFO - [2025-01-06T08:25:14.267+0000] {dag.py:4180} INFO - Setting next_dagrun for example_branch_datetime_operator_2 to 2025-01-05 00:00:00+00:00, run_after=2025-01-06 00:00:00+00:00
[2025-01-06T08:25:14.268+0000] {logging_mixin.py:190} INFO - [2025-01-06T08:25:14.268+0000] {dag.py:4180} INFO - Setting next_dagrun for example_branch_datetime_operator_3 to 2025-01-05 00:00:00+00:00, run_after=2025-01-06 00:00:00+00:00
[2025-01-06T08:25:14.276+0000] {processor.py:208} INFO - Processing /home/airflow/.local/lib/python3.12/site-packages/airflow/example_dags/example_branch_datetime_operator.py took 0.058 seconds
[2025-01-06T08:25:44.463+0000] {processor.py:186} INFO - Started process (PID=856) to work on /home/airflow/.local/lib/python3.12/site-packages/airflow/example_dags/example_branch_datetime_operator.py
[2025-01-06T08:25:44.464+0000] {processor.py:914} INFO - Processing file /home/airflow/.local/lib/python3.12/site-packages/airflow/example_dags/example_branch_datetime_operator.py for tasks to queue
[2025-01-06T08:25:44.465+0000] {logging_mixin.py:190} INFO - [2025-01-06T08:25:44.465+0000] {dagbag.py:588} INFO - Filling up the DagBag from /home/airflow/.local/lib/python3.12/site-packages/airflow/example_dags/example_branch_datetime_operator.py
[2025-01-06T08:25:44.473+0000] {processor.py:925} INFO - DAG(s) 'example_branch_datetime_operator_2', 'example_branch_datetime_operator', 'example_branch_datetime_operator_3' retrieved from /home/airflow/.local/lib/python3.12/site-packages/airflow/example_dags/example_branch_datetime_operator.py
[2025-01-06T08:25:44.511+0000] {logging_mixin.py:190} INFO - [2025-01-06T08:25:44.511+0000] {dag.py:3239} INFO - Sync 3 DAGs
[2025-01-06T08:25:44.526+0000] {logging_mixin.py:190} INFO - [2025-01-06T08:25:44.525+0000] {dag.py:4180} INFO - Setting next_dagrun for example_branch_datetime_operator to 2025-01-05 00:00:00+00:00, run_after=2025-01-06 00:00:00+00:00
[2025-01-06T08:25:44.530+0000] {logging_mixin.py:190} INFO - [2025-01-06T08:25:44.529+0000] {dag.py:4180} INFO - Setting next_dagrun for example_branch_datetime_operator_2 to 2025-01-05 00:00:00+00:00, run_after=2025-01-06 00:00:00+00:00
[2025-01-06T08:25:44.531+0000] {logging_mixin.py:190} INFO - [2025-01-06T08:25:44.531+0000] {dag.py:4180} INFO - Setting next_dagrun for example_branch_datetime_operator_3 to 2025-01-05 00:00:00+00:00, run_after=2025-01-06 00:00:00+00:00
[2025-01-06T08:25:44.542+0000] {processor.py:208} INFO - Processing /home/airflow/.local/lib/python3.12/site-packages/airflow/example_dags/example_branch_datetime_operator.py took 0.083 seconds
[2025-01-06T08:26:14.931+0000] {processor.py:186} INFO - Started process (PID=927) to work on /home/airflow/.local/lib/python3.12/site-packages/airflow/example_dags/example_branch_datetime_operator.py
[2025-01-06T08:26:14.932+0000] {processor.py:914} INFO - Processing file /home/airflow/.local/lib/python3.12/site-packages/airflow/example_dags/example_branch_datetime_operator.py for tasks to queue
[2025-01-06T08:26:14.933+0000] {logging_mixin.py:190} INFO - [2025-01-06T08:26:14.933+0000] {dagbag.py:588} INFO - Filling up the DagBag from /home/airflow/.local/lib/python3.12/site-packages/airflow/example_dags/example_branch_datetime_operator.py
[2025-01-06T08:26:14.940+0000] {processor.py:925} INFO - DAG(s) 'example_branch_datetime_operator', 'example_branch_datetime_operator_3', 'example_branch_datetime_operator_2' retrieved from /home/airflow/.local/lib/python3.12/site-packages/airflow/example_dags/example_branch_datetime_operator.py
[2025-01-06T08:26:14.963+0000] {logging_mixin.py:190} INFO - [2025-01-06T08:26:14.963+0000] {dag.py:3239} INFO - Sync 3 DAGs
[2025-01-06T08:26:14.976+0000] {logging_mixin.py:190} INFO - [2025-01-06T08:26:14.976+0000] {dag.py:4180} INFO - Setting next_dagrun for example_branch_datetime_operator to 2025-01-05 00:00:00+00:00, run_after=2025-01-06 00:00:00+00:00
[2025-01-06T08:26:14.979+0000] {logging_mixin.py:190} INFO - [2025-01-06T08:26:14.979+0000] {dag.py:4180} INFO - Setting next_dagrun for example_branch_datetime_operator_2 to 2025-01-05 00:00:00+00:00, run_after=2025-01-06 00:00:00+00:00
[2025-01-06T08:26:14.980+0000] {logging_mixin.py:190} INFO - [2025-01-06T08:26:14.980+0000] {dag.py:4180} INFO - Setting next_dagrun for example_branch_datetime_operator_3 to 2025-01-05 00:00:00+00:00, run_after=2025-01-06 00:00:00+00:00
[2025-01-06T08:26:14.988+0000] {processor.py:208} INFO - Processing /home/airflow/.local/lib/python3.12/site-packages/airflow/example_dags/example_branch_datetime_operator.py took 0.061 seconds
[2025-01-06T08:26:45.340+0000] {processor.py:186} INFO - Started process (PID=993) to work on /home/airflow/.local/lib/python3.12/site-packages/airflow/example_dags/example_branch_datetime_operator.py
[2025-01-06T08:26:45.340+0000] {processor.py:914} INFO - Processing file /home/airflow/.local/lib/python3.12/site-packages/airflow/example_dags/example_branch_datetime_operator.py for tasks to queue
[2025-01-06T08:26:45.341+0000] {logging_mixin.py:190} INFO - [2025-01-06T08:26:45.341+0000] {dagbag.py:588} INFO - Filling up the DagBag from /home/airflow/.local/lib/python3.12/site-packages/airflow/example_dags/example_branch_datetime_operator.py
[2025-01-06T08:26:45.348+0000] {processor.py:925} INFO - DAG(s) 'example_branch_datetime_operator_3', 'example_branch_datetime_operator', 'example_branch_datetime_operator_2' retrieved from /home/airflow/.local/lib/python3.12/site-packages/airflow/example_dags/example_branch_datetime_operator.py
[2025-01-06T08:26:45.364+0000] {logging_mixin.py:190} INFO - [2025-01-06T08:26:45.364+0000] {dag.py:3239} INFO - Sync 3 DAGs
[2025-01-06T08:26:45.377+0000] {logging_mixin.py:190} INFO - [2025-01-06T08:26:45.377+0000] {dag.py:4180} INFO - Setting next_dagrun for example_branch_datetime_operator to 2025-01-05 00:00:00+00:00, run_after=2025-01-06 00:00:00+00:00
[2025-01-06T08:26:45.380+0000] {logging_mixin.py:190} INFO - [2025-01-06T08:26:45.379+0000] {dag.py:4180} INFO - Setting next_dagrun for example_branch_datetime_operator_2 to 2025-01-05 00:00:00+00:00, run_after=2025-01-06 00:00:00+00:00
[2025-01-06T08:26:45.381+0000] {logging_mixin.py:190} INFO - [2025-01-06T08:26:45.381+0000] {dag.py:4180} INFO - Setting next_dagrun for example_branch_datetime_operator_3 to 2025-01-05 00:00:00+00:00, run_after=2025-01-06 00:00:00+00:00
[2025-01-06T08:26:45.389+0000] {processor.py:208} INFO - Processing /home/airflow/.local/lib/python3.12/site-packages/airflow/example_dags/example_branch_datetime_operator.py took 0.052 seconds
[2025-01-06T08:27:15.764+0000] {processor.py:186} INFO - Started process (PID=1064) to work on /home/airflow/.local/lib/python3.12/site-packages/airflow/example_dags/example_branch_datetime_operator.py
[2025-01-06T08:27:15.765+0000] {processor.py:914} INFO - Processing file /home/airflow/.local/lib/python3.12/site-packages/airflow/example_dags/example_branch_datetime_operator.py for tasks to queue
[2025-01-06T08:27:15.766+0000] {logging_mixin.py:190} INFO - [2025-01-06T08:27:15.766+0000] {dagbag.py:588} INFO - Filling up the DagBag from /home/airflow/.local/lib/python3.12/site-packages/airflow/example_dags/example_branch_datetime_operator.py
[2025-01-06T08:27:15.772+0000] {processor.py:925} INFO - DAG(s) 'example_branch_datetime_operator_3', 'example_branch_datetime_operator', 'example_branch_datetime_operator_2' retrieved from /home/airflow/.local/lib/python3.12/site-packages/airflow/example_dags/example_branch_datetime_operator.py
[2025-01-06T08:27:15.791+0000] {logging_mixin.py:190} INFO - [2025-01-06T08:27:15.791+0000] {dag.py:3239} INFO - Sync 3 DAGs
[2025-01-06T08:27:15.804+0000] {logging_mixin.py:190} INFO - [2025-01-06T08:27:15.804+0000] {dag.py:4180} INFO - Setting next_dagrun for example_branch_datetime_operator to 2025-01-05 00:00:00+00:00, run_after=2025-01-06 00:00:00+00:00
[2025-01-06T08:27:15.807+0000] {logging_mixin.py:190} INFO - [2025-01-06T08:27:15.807+0000] {dag.py:4180} INFO - Setting next_dagrun for example_branch_datetime_operator_2 to 2025-01-05 00:00:00+00:00, run_after=2025-01-06 00:00:00+00:00
[2025-01-06T08:27:15.808+0000] {logging_mixin.py:190} INFO - [2025-01-06T08:27:15.808+0000] {dag.py:4180} INFO - Setting next_dagrun for example_branch_datetime_operator_3 to 2025-01-05 00:00:00+00:00, run_after=2025-01-06 00:00:00+00:00
[2025-01-06T08:27:15.816+0000] {processor.py:208} INFO - Processing /home/airflow/.local/lib/python3.12/site-packages/airflow/example_dags/example_branch_datetime_operator.py took 0.055 seconds
[2025-01-06T08:27:46.176+0000] {processor.py:186} INFO - Started process (PID=1130) to work on /home/airflow/.local/lib/python3.12/site-packages/airflow/example_dags/example_branch_datetime_operator.py
[2025-01-06T08:27:46.177+0000] {processor.py:914} INFO - Processing file /home/airflow/.local/lib/python3.12/site-packages/airflow/example_dags/example_branch_datetime_operator.py for tasks to queue
[2025-01-06T08:27:46.178+0000] {logging_mixin.py:190} INFO - [2025-01-06T08:27:46.178+0000] {dagbag.py:588} INFO - Filling up the DagBag from /home/airflow/.local/lib/python3.12/site-packages/airflow/example_dags/example_branch_datetime_operator.py
[2025-01-06T08:27:46.185+0000] {processor.py:925} INFO - DAG(s) 'example_branch_datetime_operator', 'example_branch_datetime_operator_2', 'example_branch_datetime_operator_3' retrieved from /home/airflow/.local/lib/python3.12/site-packages/airflow/example_dags/example_branch_datetime_operator.py
[2025-01-06T08:27:46.201+0000] {logging_mixin.py:190} INFO - [2025-01-06T08:27:46.200+0000] {dag.py:3239} INFO - Sync 3 DAGs
[2025-01-06T08:27:46.213+0000] {logging_mixin.py:190} INFO - [2025-01-06T08:27:46.213+0000] {dag.py:4180} INFO - Setting next_dagrun for example_branch_datetime_operator to 2025-01-05 00:00:00+00:00, run_after=2025-01-06 00:00:00+00:00
[2025-01-06T08:27:46.216+0000] {logging_mixin.py:190} INFO - [2025-01-06T08:27:46.216+0000] {dag.py:4180} INFO - Setting next_dagrun for example_branch_datetime_operator_2 to 2025-01-05 00:00:00+00:00, run_after=2025-01-06 00:00:00+00:00
[2025-01-06T08:27:46.217+0000] {logging_mixin.py:190} INFO - [2025-01-06T08:27:46.217+0000] {dag.py:4180} INFO - Setting next_dagrun for example_branch_datetime_operator_3 to 2025-01-05 00:00:00+00:00, run_after=2025-01-06 00:00:00+00:00
[2025-01-06T08:27:46.225+0000] {processor.py:208} INFO - Processing /home/airflow/.local/lib/python3.12/site-packages/airflow/example_dags/example_branch_datetime_operator.py took 0.052 seconds
[2025-01-06T08:28:16.394+0000] {processor.py:186} INFO - Started process (PID=1201) to work on /home/airflow/.local/lib/python3.12/site-packages/airflow/example_dags/example_branch_datetime_operator.py
[2025-01-06T08:28:16.394+0000] {processor.py:914} INFO - Processing file /home/airflow/.local/lib/python3.12/site-packages/airflow/example_dags/example_branch_datetime_operator.py for tasks to queue
[2025-01-06T08:28:16.395+0000] {logging_mixin.py:190} INFO - [2025-01-06T08:28:16.395+0000] {dagbag.py:588} INFO - Filling up the DagBag from /home/airflow/.local/lib/python3.12/site-packages/airflow/example_dags/example_branch_datetime_operator.py
[2025-01-06T08:28:16.402+0000] {processor.py:925} INFO - DAG(s) 'example_branch_datetime_operator_3', 'example_branch_datetime_operator_2', 'example_branch_datetime_operator' retrieved from /home/airflow/.local/lib/python3.12/site-packages/airflow/example_dags/example_branch_datetime_operator.py
[2025-01-06T08:28:16.419+0000] {logging_mixin.py:190} INFO - [2025-01-06T08:28:16.419+0000] {dag.py:3239} INFO - Sync 3 DAGs
[2025-01-06T08:28:16.433+0000] {logging_mixin.py:190} INFO - [2025-01-06T08:28:16.433+0000] {dag.py:4180} INFO - Setting next_dagrun for example_branch_datetime_operator to 2025-01-05 00:00:00+00:00, run_after=2025-01-06 00:00:00+00:00
[2025-01-06T08:28:16.436+0000] {logging_mixin.py:190} INFO - [2025-01-06T08:28:16.436+0000] {dag.py:4180} INFO - Setting next_dagrun for example_branch_datetime_operator_2 to 2025-01-05 00:00:00+00:00, run_after=2025-01-06 00:00:00+00:00
[2025-01-06T08:28:16.437+0000] {logging_mixin.py:190} INFO - [2025-01-06T08:28:16.437+0000] {dag.py:4180} INFO - Setting next_dagrun for example_branch_datetime_operator_3 to 2025-01-05 00:00:00+00:00, run_after=2025-01-06 00:00:00+00:00
[2025-01-06T08:28:16.445+0000] {processor.py:208} INFO - Processing /home/airflow/.local/lib/python3.12/site-packages/airflow/example_dags/example_branch_datetime_operator.py took 0.055 seconds
[2025-01-06T08:28:47.013+0000] {processor.py:186} INFO - Started process (PID=1267) to work on /home/airflow/.local/lib/python3.12/site-packages/airflow/example_dags/example_branch_datetime_operator.py
[2025-01-06T08:28:47.013+0000] {processor.py:914} INFO - Processing file /home/airflow/.local/lib/python3.12/site-packages/airflow/example_dags/example_branch_datetime_operator.py for tasks to queue
[2025-01-06T08:28:47.015+0000] {logging_mixin.py:190} INFO - [2025-01-06T08:28:47.015+0000] {dagbag.py:588} INFO - Filling up the DagBag from /home/airflow/.local/lib/python3.12/site-packages/airflow/example_dags/example_branch_datetime_operator.py
[2025-01-06T08:28:47.023+0000] {processor.py:925} INFO - DAG(s) 'example_branch_datetime_operator_3', 'example_branch_datetime_operator_2', 'example_branch_datetime_operator' retrieved from /home/airflow/.local/lib/python3.12/site-packages/airflow/example_dags/example_branch_datetime_operator.py
[2025-01-06T08:28:47.040+0000] {logging_mixin.py:190} INFO - [2025-01-06T08:28:47.040+0000] {dag.py:3239} INFO - Sync 3 DAGs
[2025-01-06T08:28:47.056+0000] {logging_mixin.py:190} INFO - [2025-01-06T08:28:47.056+0000] {dag.py:4180} INFO - Setting next_dagrun for example_branch_datetime_operator to 2025-01-05 00:00:00+00:00, run_after=2025-01-06 00:00:00+00:00
[2025-01-06T08:28:47.060+0000] {logging_mixin.py:190} INFO - [2025-01-06T08:28:47.060+0000] {dag.py:4180} INFO - Setting next_dagrun for example_branch_datetime_operator_2 to 2025-01-05 00:00:00+00:00, run_after=2025-01-06 00:00:00+00:00
[2025-01-06T08:28:47.062+0000] {logging_mixin.py:190} INFO - [2025-01-06T08:28:47.062+0000] {dag.py:4180} INFO - Setting next_dagrun for example_branch_datetime_operator_3 to 2025-01-05 00:00:00+00:00, run_after=2025-01-06 00:00:00+00:00
[2025-01-06T08:28:47.074+0000] {processor.py:208} INFO - Processing /home/airflow/.local/lib/python3.12/site-packages/airflow/example_dags/example_branch_datetime_operator.py took 0.065 seconds
[2025-01-06T08:29:17.481+0000] {processor.py:186} INFO - Started process (PID=1337) to work on /home/airflow/.local/lib/python3.12/site-packages/airflow/example_dags/example_branch_datetime_operator.py
[2025-01-06T08:29:17.482+0000] {processor.py:914} INFO - Processing file /home/airflow/.local/lib/python3.12/site-packages/airflow/example_dags/example_branch_datetime_operator.py for tasks to queue
[2025-01-06T08:29:17.483+0000] {logging_mixin.py:190} INFO - [2025-01-06T08:29:17.483+0000] {dagbag.py:588} INFO - Filling up the DagBag from /home/airflow/.local/lib/python3.12/site-packages/airflow/example_dags/example_branch_datetime_operator.py
[2025-01-06T08:29:17.489+0000] {processor.py:925} INFO - DAG(s) 'example_branch_datetime_operator_3', 'example_branch_datetime_operator_2', 'example_branch_datetime_operator' retrieved from /home/airflow/.local/lib/python3.12/site-packages/airflow/example_dags/example_branch_datetime_operator.py
[2025-01-06T08:29:17.504+0000] {logging_mixin.py:190} INFO - [2025-01-06T08:29:17.504+0000] {dag.py:3239} INFO - Sync 3 DAGs
[2025-01-06T08:29:17.517+0000] {logging_mixin.py:190} INFO - [2025-01-06T08:29:17.517+0000] {dag.py:4180} INFO - Setting next_dagrun for example_branch_datetime_operator to 2025-01-05 00:00:00+00:00, run_after=2025-01-06 00:00:00+00:00
[2025-01-06T08:29:17.520+0000] {logging_mixin.py:190} INFO - [2025-01-06T08:29:17.520+0000] {dag.py:4180} INFO - Setting next_dagrun for example_branch_datetime_operator_2 to 2025-01-05 00:00:00+00:00, run_after=2025-01-06 00:00:00+00:00
[2025-01-06T08:29:17.522+0000] {logging_mixin.py:190} INFO - [2025-01-06T08:29:17.521+0000] {dag.py:4180} INFO - Setting next_dagrun for example_branch_datetime_operator_3 to 2025-01-05 00:00:00+00:00, run_after=2025-01-06 00:00:00+00:00
[2025-01-06T08:29:17.529+0000] {processor.py:208} INFO - Processing /home/airflow/.local/lib/python3.12/site-packages/airflow/example_dags/example_branch_datetime_operator.py took 0.051 seconds
[2025-01-06T08:29:47.813+0000] {processor.py:186} INFO - Started process (PID=1403) to work on /home/airflow/.local/lib/python3.12/site-packages/airflow/example_dags/example_branch_datetime_operator.py
[2025-01-06T08:29:47.814+0000] {processor.py:914} INFO - Processing file /home/airflow/.local/lib/python3.12/site-packages/airflow/example_dags/example_branch_datetime_operator.py for tasks to queue
[2025-01-06T08:29:47.815+0000] {logging_mixin.py:190} INFO - [2025-01-06T08:29:47.815+0000] {dagbag.py:588} INFO - Filling up the DagBag from /home/airflow/.local/lib/python3.12/site-packages/airflow/example_dags/example_branch_datetime_operator.py
[2025-01-06T08:29:47.822+0000] {processor.py:925} INFO - DAG(s) 'example_branch_datetime_operator', 'example_branch_datetime_operator_3', 'example_branch_datetime_operator_2' retrieved from /home/airflow/.local/lib/python3.12/site-packages/airflow/example_dags/example_branch_datetime_operator.py
[2025-01-06T08:29:47.842+0000] {logging_mixin.py:190} INFO - [2025-01-06T08:29:47.842+0000] {dag.py:3239} INFO - Sync 3 DAGs
[2025-01-06T08:29:47.860+0000] {logging_mixin.py:190} INFO - [2025-01-06T08:29:47.860+0000] {dag.py:4180} INFO - Setting next_dagrun for example_branch_datetime_operator to 2025-01-05 00:00:00+00:00, run_after=2025-01-06 00:00:00+00:00
[2025-01-06T08:29:47.863+0000] {logging_mixin.py:190} INFO - [2025-01-06T08:29:47.863+0000] {dag.py:4180} INFO - Setting next_dagrun for example_branch_datetime_operator_2 to 2025-01-05 00:00:00+00:00, run_after=2025-01-06 00:00:00+00:00
[2025-01-06T08:29:47.865+0000] {logging_mixin.py:190} INFO - [2025-01-06T08:29:47.865+0000] {dag.py:4180} INFO - Setting next_dagrun for example_branch_datetime_operator_3 to 2025-01-05 00:00:00+00:00, run_after=2025-01-06 00:00:00+00:00
[2025-01-06T08:29:47.875+0000] {processor.py:208} INFO - Processing /home/airflow/.local/lib/python3.12/site-packages/airflow/example_dags/example_branch_datetime_operator.py took 0.065 seconds
[2025-01-06T08:30:18.332+0000] {processor.py:186} INFO - Started process (PID=1479) to work on /home/airflow/.local/lib/python3.12/site-packages/airflow/example_dags/example_branch_datetime_operator.py
[2025-01-06T08:30:18.333+0000] {processor.py:914} INFO - Processing file /home/airflow/.local/lib/python3.12/site-packages/airflow/example_dags/example_branch_datetime_operator.py for tasks to queue
[2025-01-06T08:30:18.334+0000] {logging_mixin.py:190} INFO - [2025-01-06T08:30:18.333+0000] {dagbag.py:588} INFO - Filling up the DagBag from /home/airflow/.local/lib/python3.12/site-packages/airflow/example_dags/example_branch_datetime_operator.py
[2025-01-06T08:30:18.340+0000] {processor.py:925} INFO - DAG(s) 'example_branch_datetime_operator', 'example_branch_datetime_operator_3', 'example_branch_datetime_operator_2' retrieved from /home/airflow/.local/lib/python3.12/site-packages/airflow/example_dags/example_branch_datetime_operator.py
[2025-01-06T08:30:18.359+0000] {logging_mixin.py:190} INFO - [2025-01-06T08:30:18.358+0000] {dag.py:3239} INFO - Sync 3 DAGs
[2025-01-06T08:30:18.381+0000] {logging_mixin.py:190} INFO - [2025-01-06T08:30:18.381+0000] {dag.py:4180} INFO - Setting next_dagrun for example_branch_datetime_operator to 2025-01-05 00:00:00+00:00, run_after=2025-01-06 00:00:00+00:00
[2025-01-06T08:30:18.385+0000] {logging_mixin.py:190} INFO - [2025-01-06T08:30:18.385+0000] {dag.py:4180} INFO - Setting next_dagrun for example_branch_datetime_operator_2 to 2025-01-05 00:00:00+00:00, run_after=2025-01-06 00:00:00+00:00
[2025-01-06T08:30:18.388+0000] {logging_mixin.py:190} INFO - [2025-01-06T08:30:18.387+0000] {dag.py:4180} INFO - Setting next_dagrun for example_branch_datetime_operator_3 to 2025-01-05 00:00:00+00:00, run_after=2025-01-06 00:00:00+00:00
[2025-01-06T08:30:18.400+0000] {processor.py:208} INFO - Processing /home/airflow/.local/lib/python3.12/site-packages/airflow/example_dags/example_branch_datetime_operator.py took 0.071 seconds
[2025-01-06T08:30:48.674+0000] {processor.py:186} INFO - Started process (PID=1545) to work on /home/airflow/.local/lib/python3.12/site-packages/airflow/example_dags/example_branch_datetime_operator.py
[2025-01-06T08:30:48.675+0000] {processor.py:914} INFO - Processing file /home/airflow/.local/lib/python3.12/site-packages/airflow/example_dags/example_branch_datetime_operator.py for tasks to queue
[2025-01-06T08:30:48.676+0000] {logging_mixin.py:190} INFO - [2025-01-06T08:30:48.675+0000] {dagbag.py:588} INFO - Filling up the DagBag from /home/airflow/.local/lib/python3.12/site-packages/airflow/example_dags/example_branch_datetime_operator.py
[2025-01-06T08:30:48.682+0000] {processor.py:925} INFO - DAG(s) 'example_branch_datetime_operator_3', 'example_branch_datetime_operator', 'example_branch_datetime_operator_2' retrieved from /home/airflow/.local/lib/python3.12/site-packages/airflow/example_dags/example_branch_datetime_operator.py
[2025-01-06T08:30:48.702+0000] {logging_mixin.py:190} INFO - [2025-01-06T08:30:48.702+0000] {dag.py:3239} INFO - Sync 3 DAGs
[2025-01-06T08:30:48.720+0000] {logging_mixin.py:190} INFO - [2025-01-06T08:30:48.719+0000] {dag.py:4180} INFO - Setting next_dagrun for example_branch_datetime_operator to 2025-01-05 00:00:00+00:00, run_after=2025-01-06 00:00:00+00:00
[2025-01-06T08:30:48.724+0000] {logging_mixin.py:190} INFO - [2025-01-06T08:30:48.724+0000] {dag.py:4180} INFO - Setting next_dagrun for example_branch_datetime_operator_2 to 2025-01-05 00:00:00+00:00, run_after=2025-01-06 00:00:00+00:00
[2025-01-06T08:30:48.726+0000] {logging_mixin.py:190} INFO - [2025-01-06T08:30:48.726+0000] {dag.py:4180} INFO - Setting next_dagrun for example_branch_datetime_operator_3 to 2025-01-05 00:00:00+00:00, run_after=2025-01-06 00:00:00+00:00
[2025-01-06T08:30:48.736+0000] {processor.py:208} INFO - Processing /home/airflow/.local/lib/python3.12/site-packages/airflow/example_dags/example_branch_datetime_operator.py took 0.066 seconds
[2025-01-06T08:31:19.141+0000] {processor.py:186} INFO - Started process (PID=1616) to work on /home/airflow/.local/lib/python3.12/site-packages/airflow/example_dags/example_branch_datetime_operator.py
[2025-01-06T08:31:19.142+0000] {processor.py:914} INFO - Processing file /home/airflow/.local/lib/python3.12/site-packages/airflow/example_dags/example_branch_datetime_operator.py for tasks to queue
[2025-01-06T08:31:19.143+0000] {logging_mixin.py:190} INFO - [2025-01-06T08:31:19.143+0000] {dagbag.py:588} INFO - Filling up the DagBag from /home/airflow/.local/lib/python3.12/site-packages/airflow/example_dags/example_branch_datetime_operator.py
[2025-01-06T08:31:19.149+0000] {processor.py:925} INFO - DAG(s) 'example_branch_datetime_operator', 'example_branch_datetime_operator_2', 'example_branch_datetime_operator_3' retrieved from /home/airflow/.local/lib/python3.12/site-packages/airflow/example_dags/example_branch_datetime_operator.py
[2025-01-06T08:31:19.163+0000] {logging_mixin.py:190} INFO - [2025-01-06T08:31:19.163+0000] {dag.py:3239} INFO - Sync 3 DAGs
[2025-01-06T08:31:19.177+0000] {logging_mixin.py:190} INFO - [2025-01-06T08:31:19.177+0000] {dag.py:4180} INFO - Setting next_dagrun for example_branch_datetime_operator to 2025-01-05 00:00:00+00:00, run_after=2025-01-06 00:00:00+00:00
[2025-01-06T08:31:19.179+0000] {logging_mixin.py:190} INFO - [2025-01-06T08:31:19.179+0000] {dag.py:4180} INFO - Setting next_dagrun for example_branch_datetime_operator_2 to 2025-01-05 00:00:00+00:00, run_after=2025-01-06 00:00:00+00:00
[2025-01-06T08:31:19.181+0000] {logging_mixin.py:190} INFO - [2025-01-06T08:31:19.180+0000] {dag.py:4180} INFO - Setting next_dagrun for example_branch_datetime_operator_3 to 2025-01-05 00:00:00+00:00, run_after=2025-01-06 00:00:00+00:00
[2025-01-06T08:31:19.188+0000] {processor.py:208} INFO - Processing /home/airflow/.local/lib/python3.12/site-packages/airflow/example_dags/example_branch_datetime_operator.py took 0.050 seconds
[2025-01-06T08:31:49.605+0000] {processor.py:186} INFO - Started process (PID=1682) to work on /home/airflow/.local/lib/python3.12/site-packages/airflow/example_dags/example_branch_datetime_operator.py
[2025-01-06T08:31:49.605+0000] {processor.py:914} INFO - Processing file /home/airflow/.local/lib/python3.12/site-packages/airflow/example_dags/example_branch_datetime_operator.py for tasks to queue
[2025-01-06T08:31:49.607+0000] {logging_mixin.py:190} INFO - [2025-01-06T08:31:49.606+0000] {dagbag.py:588} INFO - Filling up the DagBag from /home/airflow/.local/lib/python3.12/site-packages/airflow/example_dags/example_branch_datetime_operator.py
[2025-01-06T08:31:49.613+0000] {processor.py:925} INFO - DAG(s) 'example_branch_datetime_operator_2', 'example_branch_datetime_operator_3', 'example_branch_datetime_operator' retrieved from /home/airflow/.local/lib/python3.12/site-packages/airflow/example_dags/example_branch_datetime_operator.py
[2025-01-06T08:31:49.632+0000] {logging_mixin.py:190} INFO - [2025-01-06T08:31:49.631+0000] {dag.py:3239} INFO - Sync 3 DAGs
[2025-01-06T08:31:49.647+0000] {logging_mixin.py:190} INFO - [2025-01-06T08:31:49.647+0000] {dag.py:4180} INFO - Setting next_dagrun for example_branch_datetime_operator to 2025-01-05 00:00:00+00:00, run_after=2025-01-06 00:00:00+00:00
[2025-01-06T08:31:49.650+0000] {logging_mixin.py:190} INFO - [2025-01-06T08:31:49.650+0000] {dag.py:4180} INFO - Setting next_dagrun for example_branch_datetime_operator_2 to 2025-01-05 00:00:00+00:00, run_after=2025-01-06 00:00:00+00:00
[2025-01-06T08:31:49.652+0000] {logging_mixin.py:190} INFO - [2025-01-06T08:31:49.651+0000] {dag.py:4180} INFO - Setting next_dagrun for example_branch_datetime_operator_3 to 2025-01-05 00:00:00+00:00, run_after=2025-01-06 00:00:00+00:00
[2025-01-06T08:31:49.659+0000] {processor.py:208} INFO - Processing /home/airflow/.local/lib/python3.12/site-packages/airflow/example_dags/example_branch_datetime_operator.py took 0.058 seconds
[2025-01-06T08:32:20.188+0000] {processor.py:186} INFO - Started process (PID=1753) to work on /home/airflow/.local/lib/python3.12/site-packages/airflow/example_dags/example_branch_datetime_operator.py
[2025-01-06T08:32:20.188+0000] {processor.py:914} INFO - Processing file /home/airflow/.local/lib/python3.12/site-packages/airflow/example_dags/example_branch_datetime_operator.py for tasks to queue
[2025-01-06T08:32:20.190+0000] {logging_mixin.py:190} INFO - [2025-01-06T08:32:20.189+0000] {dagbag.py:588} INFO - Filling up the DagBag from /home/airflow/.local/lib/python3.12/site-packages/airflow/example_dags/example_branch_datetime_operator.py
[2025-01-06T08:32:20.197+0000] {processor.py:925} INFO - DAG(s) 'example_branch_datetime_operator_3', 'example_branch_datetime_operator_2', 'example_branch_datetime_operator' retrieved from /home/airflow/.local/lib/python3.12/site-packages/airflow/example_dags/example_branch_datetime_operator.py
[2025-01-06T08:32:20.214+0000] {logging_mixin.py:190} INFO - [2025-01-06T08:32:20.214+0000] {dag.py:3239} INFO - Sync 3 DAGs
[2025-01-06T08:32:20.227+0000] {logging_mixin.py:190} INFO - [2025-01-06T08:32:20.227+0000] {dag.py:4180} INFO - Setting next_dagrun for example_branch_datetime_operator to 2025-01-05 00:00:00+00:00, run_after=2025-01-06 00:00:00+00:00
[2025-01-06T08:32:20.230+0000] {logging_mixin.py:190} INFO - [2025-01-06T08:32:20.229+0000] {dag.py:4180} INFO - Setting next_dagrun for example_branch_datetime_operator_2 to 2025-01-05 00:00:00+00:00, run_after=2025-01-06 00:00:00+00:00
[2025-01-06T08:32:20.231+0000] {logging_mixin.py:190} INFO - [2025-01-06T08:32:20.231+0000] {dag.py:4180} INFO - Setting next_dagrun for example_branch_datetime_operator_3 to 2025-01-05 00:00:00+00:00, run_after=2025-01-06 00:00:00+00:00
[2025-01-06T08:32:20.238+0000] {processor.py:208} INFO - Processing /home/airflow/.local/lib/python3.12/site-packages/airflow/example_dags/example_branch_datetime_operator.py took 0.054 seconds
[2025-01-06T08:32:50.606+0000] {processor.py:186} INFO - Started process (PID=1819) to work on /home/airflow/.local/lib/python3.12/site-packages/airflow/example_dags/example_branch_datetime_operator.py
[2025-01-06T08:32:50.607+0000] {processor.py:914} INFO - Processing file /home/airflow/.local/lib/python3.12/site-packages/airflow/example_dags/example_branch_datetime_operator.py for tasks to queue
[2025-01-06T08:32:50.608+0000] {logging_mixin.py:190} INFO - [2025-01-06T08:32:50.608+0000] {dagbag.py:588} INFO - Filling up the DagBag from /home/airflow/.local/lib/python3.12/site-packages/airflow/example_dags/example_branch_datetime_operator.py
[2025-01-06T08:32:50.616+0000] {processor.py:925} INFO - DAG(s) 'example_branch_datetime_operator_2', 'example_branch_datetime_operator_3', 'example_branch_datetime_operator' retrieved from /home/airflow/.local/lib/python3.12/site-packages/airflow/example_dags/example_branch_datetime_operator.py
[2025-01-06T08:32:50.630+0000] {logging_mixin.py:190} INFO - [2025-01-06T08:32:50.630+0000] {dag.py:3239} INFO - Sync 3 DAGs
[2025-01-06T08:32:50.645+0000] {logging_mixin.py:190} INFO - [2025-01-06T08:32:50.645+0000] {dag.py:4180} INFO - Setting next_dagrun for example_branch_datetime_operator to 2025-01-05 00:00:00+00:00, run_after=2025-01-06 00:00:00+00:00
[2025-01-06T08:32:50.648+0000] {logging_mixin.py:190} INFO - [2025-01-06T08:32:50.648+0000] {dag.py:4180} INFO - Setting next_dagrun for example_branch_datetime_operator_2 to 2025-01-05 00:00:00+00:00, run_after=2025-01-06 00:00:00+00:00
[2025-01-06T08:32:50.649+0000] {logging_mixin.py:190} INFO - [2025-01-06T08:32:50.649+0000] {dag.py:4180} INFO - Setting next_dagrun for example_branch_datetime_operator_3 to 2025-01-05 00:00:00+00:00, run_after=2025-01-06 00:00:00+00:00
[2025-01-06T08:32:50.658+0000] {processor.py:208} INFO - Processing /home/airflow/.local/lib/python3.12/site-packages/airflow/example_dags/example_branch_datetime_operator.py took 0.055 seconds
[2025-01-06T08:33:21.012+0000] {processor.py:186} INFO - Started process (PID=1890) to work on /home/airflow/.local/lib/python3.12/site-packages/airflow/example_dags/example_branch_datetime_operator.py
[2025-01-06T08:33:21.013+0000] {processor.py:914} INFO - Processing file /home/airflow/.local/lib/python3.12/site-packages/airflow/example_dags/example_branch_datetime_operator.py for tasks to queue
[2025-01-06T08:33:21.014+0000] {logging_mixin.py:190} INFO - [2025-01-06T08:33:21.013+0000] {dagbag.py:588} INFO - Filling up the DagBag from /home/airflow/.local/lib/python3.12/site-packages/airflow/example_dags/example_branch_datetime_operator.py
[2025-01-06T08:33:21.020+0000] {processor.py:925} INFO - DAG(s) 'example_branch_datetime_operator_3', 'example_branch_datetime_operator_2', 'example_branch_datetime_operator' retrieved from /home/airflow/.local/lib/python3.12/site-packages/airflow/example_dags/example_branch_datetime_operator.py
[2025-01-06T08:33:21.038+0000] {logging_mixin.py:190} INFO - [2025-01-06T08:33:21.038+0000] {dag.py:3239} INFO - Sync 3 DAGs
[2025-01-06T08:33:21.054+0000] {logging_mixin.py:190} INFO - [2025-01-06T08:33:21.054+0000] {dag.py:4180} INFO - Setting next_dagrun for example_branch_datetime_operator to 2025-01-05 00:00:00+00:00, run_after=2025-01-06 00:00:00+00:00
[2025-01-06T08:33:21.057+0000] {logging_mixin.py:190} INFO - [2025-01-06T08:33:21.057+0000] {dag.py:4180} INFO - Setting next_dagrun for example_branch_datetime_operator_2 to 2025-01-05 00:00:00+00:00, run_after=2025-01-06 00:00:00+00:00
[2025-01-06T08:33:21.058+0000] {logging_mixin.py:190} INFO - [2025-01-06T08:33:21.058+0000] {dag.py:4180} INFO - Setting next_dagrun for example_branch_datetime_operator_3 to 2025-01-05 00:00:00+00:00, run_after=2025-01-06 00:00:00+00:00
[2025-01-06T08:33:21.066+0000] {processor.py:208} INFO - Processing /home/airflow/.local/lib/python3.12/site-packages/airflow/example_dags/example_branch_datetime_operator.py took 0.057 seconds
