[2025-01-06T08:20:10.629+0000] {processor.py:186} INFO - Started process (PID=120) to work on /home/airflow/.local/lib/python3.12/site-packages/airflow/example_dags/example_inlet_event_extra.py
[2025-01-06T08:20:10.629+0000] {processor.py:914} INFO - Processing file /home/airflow/.local/lib/python3.12/site-packages/airflow/example_dags/example_inlet_event_extra.py for tasks to queue
[2025-01-06T08:20:10.631+0000] {logging_mixin.py:190} INFO - [2025-01-06T08:20:10.631+0000] {dagbag.py:588} INFO - Filling up the DagBag from /home/airflow/.local/lib/python3.12/site-packages/airflow/example_dags/example_inlet_event_extra.py
[2025-01-06T08:20:10.783+0000] {processor.py:925} INFO - DAG(s) 'read_dataset_event', 'read_dataset_event_from_classic' retrieved from /home/airflow/.local/lib/python3.12/site-packages/airflow/example_dags/example_inlet_event_extra.py
[2025-01-06T08:20:10.807+0000] {logging_mixin.py:190} INFO - [2025-01-06T08:20:10.807+0000] {dag.py:3239} INFO - Sync 2 DAGs
[2025-01-06T08:20:10.831+0000] {logging_mixin.py:190} INFO - [2025-01-06T08:20:10.831+0000] {dag.py:4180} INFO - Setting next_dagrun for read_dataset_event to 2025-01-05 00:00:00+00:00, run_after=2025-01-06 00:00:00+00:00
[2025-01-06T08:20:10.836+0000] {logging_mixin.py:190} INFO - [2025-01-06T08:20:10.836+0000] {dag.py:4180} INFO - Setting next_dagrun for read_dataset_event_from_classic to 2025-01-05 00:00:00+00:00, run_after=2025-01-06 00:00:00+00:00
[2025-01-06T08:20:10.850+0000] {processor.py:208} INFO - Processing /home/airflow/.local/lib/python3.12/site-packages/airflow/example_dags/example_inlet_event_extra.py took 0.227 seconds
[2025-01-06T08:20:41.091+0000] {processor.py:186} INFO - Started process (PID=196) to work on /home/airflow/.local/lib/python3.12/site-packages/airflow/example_dags/example_inlet_event_extra.py
[2025-01-06T08:20:41.091+0000] {processor.py:914} INFO - Processing file /home/airflow/.local/lib/python3.12/site-packages/airflow/example_dags/example_inlet_event_extra.py for tasks to queue
[2025-01-06T08:20:41.093+0000] {logging_mixin.py:190} INFO - [2025-01-06T08:20:41.092+0000] {dagbag.py:588} INFO - Filling up the DagBag from /home/airflow/.local/lib/python3.12/site-packages/airflow/example_dags/example_inlet_event_extra.py
[2025-01-06T08:20:41.173+0000] {processor.py:925} INFO - DAG(s) 'read_dataset_event', 'read_dataset_event_from_classic' retrieved from /home/airflow/.local/lib/python3.12/site-packages/airflow/example_dags/example_inlet_event_extra.py
[2025-01-06T08:20:41.184+0000] {logging_mixin.py:190} INFO - [2025-01-06T08:20:41.184+0000] {dag.py:3239} INFO - Sync 2 DAGs
[2025-01-06T08:20:41.200+0000] {logging_mixin.py:190} INFO - [2025-01-06T08:20:41.200+0000] {dag.py:4180} INFO - Setting next_dagrun for read_dataset_event to 2025-01-05 00:00:00+00:00, run_after=2025-01-06 00:00:00+00:00
[2025-01-06T08:20:41.204+0000] {logging_mixin.py:190} INFO - [2025-01-06T08:20:41.204+0000] {dag.py:4180} INFO - Setting next_dagrun for read_dataset_event_from_classic to 2025-01-05 00:00:00+00:00, run_after=2025-01-06 00:00:00+00:00
[2025-01-06T08:20:41.217+0000] {processor.py:208} INFO - Processing /home/airflow/.local/lib/python3.12/site-packages/airflow/example_dags/example_inlet_event_extra.py took 0.129 seconds
[2025-01-06T08:21:11.575+0000] {processor.py:186} INFO - Started process (PID=267) to work on /home/airflow/.local/lib/python3.12/site-packages/airflow/example_dags/example_inlet_event_extra.py
[2025-01-06T08:21:11.576+0000] {processor.py:914} INFO - Processing file /home/airflow/.local/lib/python3.12/site-packages/airflow/example_dags/example_inlet_event_extra.py for tasks to queue
[2025-01-06T08:21:11.577+0000] {logging_mixin.py:190} INFO - [2025-01-06T08:21:11.577+0000] {dagbag.py:588} INFO - Filling up the DagBag from /home/airflow/.local/lib/python3.12/site-packages/airflow/example_dags/example_inlet_event_extra.py
[2025-01-06T08:21:11.663+0000] {processor.py:925} INFO - DAG(s) 'read_dataset_event_from_classic', 'read_dataset_event' retrieved from /home/airflow/.local/lib/python3.12/site-packages/airflow/example_dags/example_inlet_event_extra.py
[2025-01-06T08:21:11.679+0000] {logging_mixin.py:190} INFO - [2025-01-06T08:21:11.679+0000] {dag.py:3239} INFO - Sync 2 DAGs
[2025-01-06T08:21:11.697+0000] {logging_mixin.py:190} INFO - [2025-01-06T08:21:11.697+0000] {dag.py:4180} INFO - Setting next_dagrun for read_dataset_event to 2025-01-05 00:00:00+00:00, run_after=2025-01-06 00:00:00+00:00
[2025-01-06T08:21:11.700+0000] {logging_mixin.py:190} INFO - [2025-01-06T08:21:11.700+0000] {dag.py:4180} INFO - Setting next_dagrun for read_dataset_event_from_classic to 2025-01-05 00:00:00+00:00, run_after=2025-01-06 00:00:00+00:00
[2025-01-06T08:21:11.710+0000] {processor.py:208} INFO - Processing /home/airflow/.local/lib/python3.12/site-packages/airflow/example_dags/example_inlet_event_extra.py took 0.138 seconds
[2025-01-06T08:21:42.117+0000] {processor.py:186} INFO - Started process (PID=335) to work on /home/airflow/.local/lib/python3.12/site-packages/airflow/example_dags/example_inlet_event_extra.py
[2025-01-06T08:21:42.118+0000] {processor.py:914} INFO - Processing file /home/airflow/.local/lib/python3.12/site-packages/airflow/example_dags/example_inlet_event_extra.py for tasks to queue
[2025-01-06T08:21:42.120+0000] {logging_mixin.py:190} INFO - [2025-01-06T08:21:42.120+0000] {dagbag.py:588} INFO - Filling up the DagBag from /home/airflow/.local/lib/python3.12/site-packages/airflow/example_dags/example_inlet_event_extra.py
[2025-01-06T08:21:42.201+0000] {processor.py:925} INFO - DAG(s) 'read_dataset_event', 'read_dataset_event_from_classic' retrieved from /home/airflow/.local/lib/python3.12/site-packages/airflow/example_dags/example_inlet_event_extra.py
[2025-01-06T08:21:42.216+0000] {logging_mixin.py:190} INFO - [2025-01-06T08:21:42.216+0000] {dag.py:3239} INFO - Sync 2 DAGs
[2025-01-06T08:21:42.236+0000] {logging_mixin.py:190} INFO - [2025-01-06T08:21:42.236+0000] {dag.py:4180} INFO - Setting next_dagrun for read_dataset_event to 2025-01-05 00:00:00+00:00, run_after=2025-01-06 00:00:00+00:00
[2025-01-06T08:21:42.240+0000] {logging_mixin.py:190} INFO - [2025-01-06T08:21:42.240+0000] {dag.py:4180} INFO - Setting next_dagrun for read_dataset_event_from_classic to 2025-01-05 00:00:00+00:00, run_after=2025-01-06 00:00:00+00:00
[2025-01-06T08:21:42.252+0000] {processor.py:208} INFO - Processing /home/airflow/.local/lib/python3.12/site-packages/airflow/example_dags/example_inlet_event_extra.py took 0.138 seconds
[2025-01-06T08:22:12.504+0000] {processor.py:186} INFO - Started process (PID=406) to work on /home/airflow/.local/lib/python3.12/site-packages/airflow/example_dags/example_inlet_event_extra.py
[2025-01-06T08:22:12.504+0000] {processor.py:914} INFO - Processing file /home/airflow/.local/lib/python3.12/site-packages/airflow/example_dags/example_inlet_event_extra.py for tasks to queue
[2025-01-06T08:22:12.505+0000] {logging_mixin.py:190} INFO - [2025-01-06T08:22:12.505+0000] {dagbag.py:588} INFO - Filling up the DagBag from /home/airflow/.local/lib/python3.12/site-packages/airflow/example_dags/example_inlet_event_extra.py
[2025-01-06T08:22:12.583+0000] {processor.py:925} INFO - DAG(s) 'read_dataset_event_from_classic', 'read_dataset_event' retrieved from /home/airflow/.local/lib/python3.12/site-packages/airflow/example_dags/example_inlet_event_extra.py
[2025-01-06T08:22:12.597+0000] {logging_mixin.py:190} INFO - [2025-01-06T08:22:12.597+0000] {dag.py:3239} INFO - Sync 2 DAGs
[2025-01-06T08:22:12.610+0000] {logging_mixin.py:190} INFO - [2025-01-06T08:22:12.610+0000] {dag.py:4180} INFO - Setting next_dagrun for read_dataset_event to 2025-01-05 00:00:00+00:00, run_after=2025-01-06 00:00:00+00:00
[2025-01-06T08:22:12.614+0000] {logging_mixin.py:190} INFO - [2025-01-06T08:22:12.613+0000] {dag.py:4180} INFO - Setting next_dagrun for read_dataset_event_from_classic to 2025-01-05 00:00:00+00:00, run_after=2025-01-06 00:00:00+00:00
[2025-01-06T08:22:12.626+0000] {processor.py:208} INFO - Processing /home/airflow/.local/lib/python3.12/site-packages/airflow/example_dags/example_inlet_event_extra.py took 0.126 seconds
[2025-01-06T08:22:42.834+0000] {processor.py:186} INFO - Started process (PID=470) to work on /home/airflow/.local/lib/python3.12/site-packages/airflow/example_dags/example_inlet_event_extra.py
[2025-01-06T08:22:42.835+0000] {processor.py:914} INFO - Processing file /home/airflow/.local/lib/python3.12/site-packages/airflow/example_dags/example_inlet_event_extra.py for tasks to queue
[2025-01-06T08:22:42.836+0000] {logging_mixin.py:190} INFO - [2025-01-06T08:22:42.836+0000] {dagbag.py:588} INFO - Filling up the DagBag from /home/airflow/.local/lib/python3.12/site-packages/airflow/example_dags/example_inlet_event_extra.py
[2025-01-06T08:22:42.916+0000] {processor.py:925} INFO - DAG(s) 'read_dataset_event_from_classic', 'read_dataset_event' retrieved from /home/airflow/.local/lib/python3.12/site-packages/airflow/example_dags/example_inlet_event_extra.py
[2025-01-06T08:22:42.929+0000] {logging_mixin.py:190} INFO - [2025-01-06T08:22:42.929+0000] {dag.py:3239} INFO - Sync 2 DAGs
[2025-01-06T08:22:42.944+0000] {logging_mixin.py:190} INFO - [2025-01-06T08:22:42.944+0000] {dag.py:4180} INFO - Setting next_dagrun for read_dataset_event to 2025-01-05 00:00:00+00:00, run_after=2025-01-06 00:00:00+00:00
[2025-01-06T08:22:42.947+0000] {logging_mixin.py:190} INFO - [2025-01-06T08:22:42.947+0000] {dag.py:4180} INFO - Setting next_dagrun for read_dataset_event_from_classic to 2025-01-05 00:00:00+00:00, run_after=2025-01-06 00:00:00+00:00
[2025-01-06T08:22:42.955+0000] {processor.py:208} INFO - Processing /home/airflow/.local/lib/python3.12/site-packages/airflow/example_dags/example_inlet_event_extra.py took 0.124 seconds
[2025-01-06T08:23:13.479+0000] {processor.py:186} INFO - Started process (PID=541) to work on /home/airflow/.local/lib/python3.12/site-packages/airflow/example_dags/example_inlet_event_extra.py
[2025-01-06T08:23:13.480+0000] {processor.py:914} INFO - Processing file /home/airflow/.local/lib/python3.12/site-packages/airflow/example_dags/example_inlet_event_extra.py for tasks to queue
[2025-01-06T08:23:13.481+0000] {logging_mixin.py:190} INFO - [2025-01-06T08:23:13.481+0000] {dagbag.py:588} INFO - Filling up the DagBag from /home/airflow/.local/lib/python3.12/site-packages/airflow/example_dags/example_inlet_event_extra.py
[2025-01-06T08:23:13.561+0000] {processor.py:925} INFO - DAG(s) 'read_dataset_event', 'read_dataset_event_from_classic' retrieved from /home/airflow/.local/lib/python3.12/site-packages/airflow/example_dags/example_inlet_event_extra.py
[2025-01-06T08:23:13.573+0000] {logging_mixin.py:190} INFO - [2025-01-06T08:23:13.572+0000] {dag.py:3239} INFO - Sync 2 DAGs
[2025-01-06T08:23:13.586+0000] {logging_mixin.py:190} INFO - [2025-01-06T08:23:13.586+0000] {dag.py:4180} INFO - Setting next_dagrun for read_dataset_event to 2025-01-05 00:00:00+00:00, run_after=2025-01-06 00:00:00+00:00
[2025-01-06T08:23:13.588+0000] {logging_mixin.py:190} INFO - [2025-01-06T08:23:13.588+0000] {dag.py:4180} INFO - Setting next_dagrun for read_dataset_event_from_classic to 2025-01-05 00:00:00+00:00, run_after=2025-01-06 00:00:00+00:00
[2025-01-06T08:23:13.596+0000] {processor.py:208} INFO - Processing /home/airflow/.local/lib/python3.12/site-packages/airflow/example_dags/example_inlet_event_extra.py took 0.120 seconds
[2025-01-06T08:23:44.195+0000] {processor.py:186} INFO - Started process (PID=611) to work on /home/airflow/.local/lib/python3.12/site-packages/airflow/example_dags/example_inlet_event_extra.py
[2025-01-06T08:23:44.196+0000] {processor.py:914} INFO - Processing file /home/airflow/.local/lib/python3.12/site-packages/airflow/example_dags/example_inlet_event_extra.py for tasks to queue
[2025-01-06T08:23:44.197+0000] {logging_mixin.py:190} INFO - [2025-01-06T08:23:44.197+0000] {dagbag.py:588} INFO - Filling up the DagBag from /home/airflow/.local/lib/python3.12/site-packages/airflow/example_dags/example_inlet_event_extra.py
[2025-01-06T08:23:44.276+0000] {processor.py:925} INFO - DAG(s) 'read_dataset_event_from_classic', 'read_dataset_event' retrieved from /home/airflow/.local/lib/python3.12/site-packages/airflow/example_dags/example_inlet_event_extra.py
[2025-01-06T08:23:44.291+0000] {logging_mixin.py:190} INFO - [2025-01-06T08:23:44.291+0000] {dag.py:3239} INFO - Sync 2 DAGs
[2025-01-06T08:23:44.305+0000] {logging_mixin.py:190} INFO - [2025-01-06T08:23:44.304+0000] {dag.py:4180} INFO - Setting next_dagrun for read_dataset_event to 2025-01-05 00:00:00+00:00, run_after=2025-01-06 00:00:00+00:00
[2025-01-06T08:23:44.307+0000] {logging_mixin.py:190} INFO - [2025-01-06T08:23:44.307+0000] {dag.py:4180} INFO - Setting next_dagrun for read_dataset_event_from_classic to 2025-01-05 00:00:00+00:00, run_after=2025-01-06 00:00:00+00:00
[2025-01-06T08:23:44.316+0000] {processor.py:208} INFO - Processing /home/airflow/.local/lib/python3.12/site-packages/airflow/example_dags/example_inlet_event_extra.py took 0.127 seconds
[2025-01-06T08:24:14.405+0000] {processor.py:186} INFO - Started process (PID=681) to work on /home/airflow/.local/lib/python3.12/site-packages/airflow/example_dags/example_inlet_event_extra.py
[2025-01-06T08:24:14.405+0000] {processor.py:914} INFO - Processing file /home/airflow/.local/lib/python3.12/site-packages/airflow/example_dags/example_inlet_event_extra.py for tasks to queue
[2025-01-06T08:24:14.406+0000] {logging_mixin.py:190} INFO - [2025-01-06T08:24:14.406+0000] {dagbag.py:588} INFO - Filling up the DagBag from /home/airflow/.local/lib/python3.12/site-packages/airflow/example_dags/example_inlet_event_extra.py
[2025-01-06T08:24:14.487+0000] {processor.py:925} INFO - DAG(s) 'read_dataset_event', 'read_dataset_event_from_classic' retrieved from /home/airflow/.local/lib/python3.12/site-packages/airflow/example_dags/example_inlet_event_extra.py
[2025-01-06T08:24:14.499+0000] {logging_mixin.py:190} INFO - [2025-01-06T08:24:14.498+0000] {dag.py:3239} INFO - Sync 2 DAGs
[2025-01-06T08:24:14.512+0000] {logging_mixin.py:190} INFO - [2025-01-06T08:24:14.511+0000] {dag.py:4180} INFO - Setting next_dagrun for read_dataset_event to 2025-01-05 00:00:00+00:00, run_after=2025-01-06 00:00:00+00:00
[2025-01-06T08:24:14.514+0000] {logging_mixin.py:190} INFO - [2025-01-06T08:24:14.514+0000] {dag.py:4180} INFO - Setting next_dagrun for read_dataset_event_from_classic to 2025-01-05 00:00:00+00:00, run_after=2025-01-06 00:00:00+00:00
[2025-01-06T08:24:14.522+0000] {processor.py:208} INFO - Processing /home/airflow/.local/lib/python3.12/site-packages/airflow/example_dags/example_inlet_event_extra.py took 0.121 seconds
[2025-01-06T08:24:44.828+0000] {processor.py:186} INFO - Started process (PID=747) to work on /home/airflow/.local/lib/python3.12/site-packages/airflow/example_dags/example_inlet_event_extra.py
[2025-01-06T08:24:44.829+0000] {processor.py:914} INFO - Processing file /home/airflow/.local/lib/python3.12/site-packages/airflow/example_dags/example_inlet_event_extra.py for tasks to queue
[2025-01-06T08:24:44.830+0000] {logging_mixin.py:190} INFO - [2025-01-06T08:24:44.830+0000] {dagbag.py:588} INFO - Filling up the DagBag from /home/airflow/.local/lib/python3.12/site-packages/airflow/example_dags/example_inlet_event_extra.py
[2025-01-06T08:24:44.911+0000] {processor.py:925} INFO - DAG(s) 'read_dataset_event_from_classic', 'read_dataset_event' retrieved from /home/airflow/.local/lib/python3.12/site-packages/airflow/example_dags/example_inlet_event_extra.py
[2025-01-06T08:24:44.923+0000] {logging_mixin.py:190} INFO - [2025-01-06T08:24:44.923+0000] {dag.py:3239} INFO - Sync 2 DAGs
[2025-01-06T08:24:44.936+0000] {logging_mixin.py:190} INFO - [2025-01-06T08:24:44.936+0000] {dag.py:4180} INFO - Setting next_dagrun for read_dataset_event to 2025-01-05 00:00:00+00:00, run_after=2025-01-06 00:00:00+00:00
[2025-01-06T08:24:44.939+0000] {logging_mixin.py:190} INFO - [2025-01-06T08:24:44.938+0000] {dag.py:4180} INFO - Setting next_dagrun for read_dataset_event_from_classic to 2025-01-05 00:00:00+00:00, run_after=2025-01-06 00:00:00+00:00
[2025-01-06T08:24:44.947+0000] {processor.py:208} INFO - Processing /home/airflow/.local/lib/python3.12/site-packages/airflow/example_dags/example_inlet_event_extra.py took 0.122 seconds
[2025-01-06T08:25:15.256+0000] {processor.py:186} INFO - Started process (PID=820) to work on /home/airflow/.local/lib/python3.12/site-packages/airflow/example_dags/example_inlet_event_extra.py
[2025-01-06T08:25:15.256+0000] {processor.py:914} INFO - Processing file /home/airflow/.local/lib/python3.12/site-packages/airflow/example_dags/example_inlet_event_extra.py for tasks to queue
[2025-01-06T08:25:15.257+0000] {logging_mixin.py:190} INFO - [2025-01-06T08:25:15.257+0000] {dagbag.py:588} INFO - Filling up the DagBag from /home/airflow/.local/lib/python3.12/site-packages/airflow/example_dags/example_inlet_event_extra.py
[2025-01-06T08:25:15.341+0000] {processor.py:925} INFO - DAG(s) 'read_dataset_event', 'read_dataset_event_from_classic' retrieved from /home/airflow/.local/lib/python3.12/site-packages/airflow/example_dags/example_inlet_event_extra.py
[2025-01-06T08:25:15.353+0000] {logging_mixin.py:190} INFO - [2025-01-06T08:25:15.353+0000] {dag.py:3239} INFO - Sync 2 DAGs
[2025-01-06T08:25:15.367+0000] {logging_mixin.py:190} INFO - [2025-01-06T08:25:15.367+0000] {dag.py:4180} INFO - Setting next_dagrun for read_dataset_event to 2025-01-05 00:00:00+00:00, run_after=2025-01-06 00:00:00+00:00
[2025-01-06T08:25:15.370+0000] {logging_mixin.py:190} INFO - [2025-01-06T08:25:15.370+0000] {dag.py:4180} INFO - Setting next_dagrun for read_dataset_event_from_classic to 2025-01-05 00:00:00+00:00, run_after=2025-01-06 00:00:00+00:00
[2025-01-06T08:25:15.381+0000] {processor.py:208} INFO - Processing /home/airflow/.local/lib/python3.12/site-packages/airflow/example_dags/example_inlet_event_extra.py took 0.128 seconds
[2025-01-06T08:25:45.582+0000] {processor.py:186} INFO - Started process (PID=886) to work on /home/airflow/.local/lib/python3.12/site-packages/airflow/example_dags/example_inlet_event_extra.py
[2025-01-06T08:25:45.583+0000] {processor.py:914} INFO - Processing file /home/airflow/.local/lib/python3.12/site-packages/airflow/example_dags/example_inlet_event_extra.py for tasks to queue
[2025-01-06T08:25:45.584+0000] {logging_mixin.py:190} INFO - [2025-01-06T08:25:45.584+0000] {dagbag.py:588} INFO - Filling up the DagBag from /home/airflow/.local/lib/python3.12/site-packages/airflow/example_dags/example_inlet_event_extra.py
[2025-01-06T08:25:45.667+0000] {processor.py:925} INFO - DAG(s) 'read_dataset_event_from_classic', 'read_dataset_event' retrieved from /home/airflow/.local/lib/python3.12/site-packages/airflow/example_dags/example_inlet_event_extra.py
[2025-01-06T08:25:45.681+0000] {logging_mixin.py:190} INFO - [2025-01-06T08:25:45.681+0000] {dag.py:3239} INFO - Sync 2 DAGs
[2025-01-06T08:25:45.695+0000] {logging_mixin.py:190} INFO - [2025-01-06T08:25:45.695+0000] {dag.py:4180} INFO - Setting next_dagrun for read_dataset_event to 2025-01-05 00:00:00+00:00, run_after=2025-01-06 00:00:00+00:00
[2025-01-06T08:25:45.698+0000] {logging_mixin.py:190} INFO - [2025-01-06T08:25:45.698+0000] {dag.py:4180} INFO - Setting next_dagrun for read_dataset_event_from_classic to 2025-01-05 00:00:00+00:00, run_after=2025-01-06 00:00:00+00:00
[2025-01-06T08:25:45.708+0000] {processor.py:208} INFO - Processing /home/airflow/.local/lib/python3.12/site-packages/airflow/example_dags/example_inlet_event_extra.py took 0.130 seconds
[2025-01-06T08:26:16.068+0000] {processor.py:186} INFO - Started process (PID=957) to work on /home/airflow/.local/lib/python3.12/site-packages/airflow/example_dags/example_inlet_event_extra.py
[2025-01-06T08:26:16.069+0000] {processor.py:914} INFO - Processing file /home/airflow/.local/lib/python3.12/site-packages/airflow/example_dags/example_inlet_event_extra.py for tasks to queue
[2025-01-06T08:26:16.071+0000] {logging_mixin.py:190} INFO - [2025-01-06T08:26:16.070+0000] {dagbag.py:588} INFO - Filling up the DagBag from /home/airflow/.local/lib/python3.12/site-packages/airflow/example_dags/example_inlet_event_extra.py
[2025-01-06T08:26:16.151+0000] {processor.py:925} INFO - DAG(s) 'read_dataset_event_from_classic', 'read_dataset_event' retrieved from /home/airflow/.local/lib/python3.12/site-packages/airflow/example_dags/example_inlet_event_extra.py
[2025-01-06T08:26:16.166+0000] {logging_mixin.py:190} INFO - [2025-01-06T08:26:16.165+0000] {dag.py:3239} INFO - Sync 2 DAGs
[2025-01-06T08:26:16.179+0000] {logging_mixin.py:190} INFO - [2025-01-06T08:26:16.179+0000] {dag.py:4180} INFO - Setting next_dagrun for read_dataset_event to 2025-01-05 00:00:00+00:00, run_after=2025-01-06 00:00:00+00:00
[2025-01-06T08:26:16.182+0000] {logging_mixin.py:190} INFO - [2025-01-06T08:26:16.182+0000] {dag.py:4180} INFO - Setting next_dagrun for read_dataset_event_from_classic to 2025-01-05 00:00:00+00:00, run_after=2025-01-06 00:00:00+00:00
[2025-01-06T08:26:16.190+0000] {processor.py:208} INFO - Processing /home/airflow/.local/lib/python3.12/site-packages/airflow/example_dags/example_inlet_event_extra.py took 0.128 seconds
[2025-01-06T08:26:46.312+0000] {processor.py:186} INFO - Started process (PID=1018) to work on /home/airflow/.local/lib/python3.12/site-packages/airflow/example_dags/example_inlet_event_extra.py
[2025-01-06T08:26:46.313+0000] {processor.py:914} INFO - Processing file /home/airflow/.local/lib/python3.12/site-packages/airflow/example_dags/example_inlet_event_extra.py for tasks to queue
[2025-01-06T08:26:46.315+0000] {logging_mixin.py:190} INFO - [2025-01-06T08:26:46.314+0000] {dagbag.py:588} INFO - Filling up the DagBag from /home/airflow/.local/lib/python3.12/site-packages/airflow/example_dags/example_inlet_event_extra.py
[2025-01-06T08:26:46.407+0000] {processor.py:925} INFO - DAG(s) 'read_dataset_event', 'read_dataset_event_from_classic' retrieved from /home/airflow/.local/lib/python3.12/site-packages/airflow/example_dags/example_inlet_event_extra.py
[2025-01-06T08:26:46.423+0000] {logging_mixin.py:190} INFO - [2025-01-06T08:26:46.423+0000] {dag.py:3239} INFO - Sync 2 DAGs
[2025-01-06T08:26:46.439+0000] {logging_mixin.py:190} INFO - [2025-01-06T08:26:46.439+0000] {dag.py:4180} INFO - Setting next_dagrun for read_dataset_event to 2025-01-05 00:00:00+00:00, run_after=2025-01-06 00:00:00+00:00
[2025-01-06T08:26:46.442+0000] {logging_mixin.py:190} INFO - [2025-01-06T08:26:46.442+0000] {dag.py:4180} INFO - Setting next_dagrun for read_dataset_event_from_classic to 2025-01-05 00:00:00+00:00, run_after=2025-01-06 00:00:00+00:00
[2025-01-06T08:26:46.451+0000] {processor.py:208} INFO - Processing /home/airflow/.local/lib/python3.12/site-packages/airflow/example_dags/example_inlet_event_extra.py took 0.143 seconds
[2025-01-06T08:27:16.657+0000] {processor.py:186} INFO - Started process (PID=1089) to work on /home/airflow/.local/lib/python3.12/site-packages/airflow/example_dags/example_inlet_event_extra.py
[2025-01-06T08:27:16.658+0000] {processor.py:914} INFO - Processing file /home/airflow/.local/lib/python3.12/site-packages/airflow/example_dags/example_inlet_event_extra.py for tasks to queue
[2025-01-06T08:27:16.659+0000] {logging_mixin.py:190} INFO - [2025-01-06T08:27:16.659+0000] {dagbag.py:588} INFO - Filling up the DagBag from /home/airflow/.local/lib/python3.12/site-packages/airflow/example_dags/example_inlet_event_extra.py
[2025-01-06T08:27:16.738+0000] {processor.py:925} INFO - DAG(s) 'read_dataset_event_from_classic', 'read_dataset_event' retrieved from /home/airflow/.local/lib/python3.12/site-packages/airflow/example_dags/example_inlet_event_extra.py
[2025-01-06T08:27:16.750+0000] {logging_mixin.py:190} INFO - [2025-01-06T08:27:16.750+0000] {dag.py:3239} INFO - Sync 2 DAGs
[2025-01-06T08:27:16.764+0000] {logging_mixin.py:190} INFO - [2025-01-06T08:27:16.763+0000] {dag.py:4180} INFO - Setting next_dagrun for read_dataset_event to 2025-01-05 00:00:00+00:00, run_after=2025-01-06 00:00:00+00:00
[2025-01-06T08:27:16.766+0000] {logging_mixin.py:190} INFO - [2025-01-06T08:27:16.766+0000] {dag.py:4180} INFO - Setting next_dagrun for read_dataset_event_from_classic to 2025-01-05 00:00:00+00:00, run_after=2025-01-06 00:00:00+00:00
[2025-01-06T08:27:16.774+0000] {processor.py:208} INFO - Processing /home/airflow/.local/lib/python3.12/site-packages/airflow/example_dags/example_inlet_event_extra.py took 0.121 seconds
[2025-01-06T08:27:47.064+0000] {processor.py:186} INFO - Started process (PID=1155) to work on /home/airflow/.local/lib/python3.12/site-packages/airflow/example_dags/example_inlet_event_extra.py
[2025-01-06T08:27:47.065+0000] {processor.py:914} INFO - Processing file /home/airflow/.local/lib/python3.12/site-packages/airflow/example_dags/example_inlet_event_extra.py for tasks to queue
[2025-01-06T08:27:47.066+0000] {logging_mixin.py:190} INFO - [2025-01-06T08:27:47.066+0000] {dagbag.py:588} INFO - Filling up the DagBag from /home/airflow/.local/lib/python3.12/site-packages/airflow/example_dags/example_inlet_event_extra.py
[2025-01-06T08:27:47.148+0000] {processor.py:925} INFO - DAG(s) 'read_dataset_event', 'read_dataset_event_from_classic' retrieved from /home/airflow/.local/lib/python3.12/site-packages/airflow/example_dags/example_inlet_event_extra.py
[2025-01-06T08:27:47.162+0000] {logging_mixin.py:190} INFO - [2025-01-06T08:27:47.162+0000] {dag.py:3239} INFO - Sync 2 DAGs
[2025-01-06T08:27:47.177+0000] {logging_mixin.py:190} INFO - [2025-01-06T08:27:47.177+0000] {dag.py:4180} INFO - Setting next_dagrun for read_dataset_event to 2025-01-05 00:00:00+00:00, run_after=2025-01-06 00:00:00+00:00
[2025-01-06T08:27:47.180+0000] {logging_mixin.py:190} INFO - [2025-01-06T08:27:47.180+0000] {dag.py:4180} INFO - Setting next_dagrun for read_dataset_event_from_classic to 2025-01-05 00:00:00+00:00, run_after=2025-01-06 00:00:00+00:00
[2025-01-06T08:27:47.189+0000] {processor.py:208} INFO - Processing /home/airflow/.local/lib/python3.12/site-packages/airflow/example_dags/example_inlet_event_extra.py took 0.128 seconds
[2025-01-06T08:28:17.421+0000] {processor.py:186} INFO - Started process (PID=1227) to work on /home/airflow/.local/lib/python3.12/site-packages/airflow/example_dags/example_inlet_event_extra.py
[2025-01-06T08:28:17.421+0000] {processor.py:914} INFO - Processing file /home/airflow/.local/lib/python3.12/site-packages/airflow/example_dags/example_inlet_event_extra.py for tasks to queue
[2025-01-06T08:28:17.423+0000] {logging_mixin.py:190} INFO - [2025-01-06T08:28:17.422+0000] {dagbag.py:588} INFO - Filling up the DagBag from /home/airflow/.local/lib/python3.12/site-packages/airflow/example_dags/example_inlet_event_extra.py
[2025-01-06T08:28:17.499+0000] {processor.py:925} INFO - DAG(s) 'read_dataset_event', 'read_dataset_event_from_classic' retrieved from /home/airflow/.local/lib/python3.12/site-packages/airflow/example_dags/example_inlet_event_extra.py
[2025-01-06T08:28:17.515+0000] {logging_mixin.py:190} INFO - [2025-01-06T08:28:17.515+0000] {dag.py:3239} INFO - Sync 2 DAGs
[2025-01-06T08:28:17.541+0000] {logging_mixin.py:190} INFO - [2025-01-06T08:28:17.541+0000] {dag.py:4180} INFO - Setting next_dagrun for read_dataset_event to 2025-01-05 00:00:00+00:00, run_after=2025-01-06 00:00:00+00:00
[2025-01-06T08:28:17.545+0000] {logging_mixin.py:190} INFO - [2025-01-06T08:28:17.545+0000] {dag.py:4180} INFO - Setting next_dagrun for read_dataset_event_from_classic to 2025-01-05 00:00:00+00:00, run_after=2025-01-06 00:00:00+00:00
[2025-01-06T08:28:17.557+0000] {processor.py:208} INFO - Processing /home/airflow/.local/lib/python3.12/site-packages/airflow/example_dags/example_inlet_event_extra.py took 0.141 seconds
[2025-01-06T08:28:48.040+0000] {processor.py:186} INFO - Started process (PID=1293) to work on /home/airflow/.local/lib/python3.12/site-packages/airflow/example_dags/example_inlet_event_extra.py
[2025-01-06T08:28:48.040+0000] {processor.py:914} INFO - Processing file /home/airflow/.local/lib/python3.12/site-packages/airflow/example_dags/example_inlet_event_extra.py for tasks to queue
[2025-01-06T08:28:48.042+0000] {logging_mixin.py:190} INFO - [2025-01-06T08:28:48.041+0000] {dagbag.py:588} INFO - Filling up the DagBag from /home/airflow/.local/lib/python3.12/site-packages/airflow/example_dags/example_inlet_event_extra.py
[2025-01-06T08:28:48.121+0000] {processor.py:925} INFO - DAG(s) 'read_dataset_event', 'read_dataset_event_from_classic' retrieved from /home/airflow/.local/lib/python3.12/site-packages/airflow/example_dags/example_inlet_event_extra.py
[2025-01-06T08:28:48.135+0000] {logging_mixin.py:190} INFO - [2025-01-06T08:28:48.135+0000] {dag.py:3239} INFO - Sync 2 DAGs
[2025-01-06T08:28:48.149+0000] {logging_mixin.py:190} INFO - [2025-01-06T08:28:48.148+0000] {dag.py:4180} INFO - Setting next_dagrun for read_dataset_event to 2025-01-05 00:00:00+00:00, run_after=2025-01-06 00:00:00+00:00
[2025-01-06T08:28:48.151+0000] {logging_mixin.py:190} INFO - [2025-01-06T08:28:48.151+0000] {dag.py:4180} INFO - Setting next_dagrun for read_dataset_event_from_classic to 2025-01-05 00:00:00+00:00, run_after=2025-01-06 00:00:00+00:00
[2025-01-06T08:28:48.160+0000] {processor.py:208} INFO - Processing /home/airflow/.local/lib/python3.12/site-packages/airflow/example_dags/example_inlet_event_extra.py took 0.124 seconds
[2025-01-06T08:29:18.425+0000] {processor.py:186} INFO - Started process (PID=1362) to work on /home/airflow/.local/lib/python3.12/site-packages/airflow/example_dags/example_inlet_event_extra.py
[2025-01-06T08:29:18.426+0000] {processor.py:914} INFO - Processing file /home/airflow/.local/lib/python3.12/site-packages/airflow/example_dags/example_inlet_event_extra.py for tasks to queue
[2025-01-06T08:29:18.427+0000] {logging_mixin.py:190} INFO - [2025-01-06T08:29:18.427+0000] {dagbag.py:588} INFO - Filling up the DagBag from /home/airflow/.local/lib/python3.12/site-packages/airflow/example_dags/example_inlet_event_extra.py
[2025-01-06T08:29:18.507+0000] {processor.py:925} INFO - DAG(s) 'read_dataset_event', 'read_dataset_event_from_classic' retrieved from /home/airflow/.local/lib/python3.12/site-packages/airflow/example_dags/example_inlet_event_extra.py
[2025-01-06T08:29:18.519+0000] {logging_mixin.py:190} INFO - [2025-01-06T08:29:18.519+0000] {dag.py:3239} INFO - Sync 2 DAGs
[2025-01-06T08:29:18.533+0000] {logging_mixin.py:190} INFO - [2025-01-06T08:29:18.533+0000] {dag.py:4180} INFO - Setting next_dagrun for read_dataset_event to 2025-01-05 00:00:00+00:00, run_after=2025-01-06 00:00:00+00:00
[2025-01-06T08:29:18.536+0000] {logging_mixin.py:190} INFO - [2025-01-06T08:29:18.536+0000] {dag.py:4180} INFO - Setting next_dagrun for read_dataset_event_from_classic to 2025-01-05 00:00:00+00:00, run_after=2025-01-06 00:00:00+00:00
[2025-01-06T08:29:18.546+0000] {processor.py:208} INFO - Processing /home/airflow/.local/lib/python3.12/site-packages/airflow/example_dags/example_inlet_event_extra.py took 0.123 seconds
[2025-01-06T08:29:48.776+0000] {processor.py:186} INFO - Started process (PID=1428) to work on /home/airflow/.local/lib/python3.12/site-packages/airflow/example_dags/example_inlet_event_extra.py
[2025-01-06T08:29:48.776+0000] {processor.py:914} INFO - Processing file /home/airflow/.local/lib/python3.12/site-packages/airflow/example_dags/example_inlet_event_extra.py for tasks to queue
[2025-01-06T08:29:48.778+0000] {logging_mixin.py:190} INFO - [2025-01-06T08:29:48.778+0000] {dagbag.py:588} INFO - Filling up the DagBag from /home/airflow/.local/lib/python3.12/site-packages/airflow/example_dags/example_inlet_event_extra.py
[2025-01-06T08:29:48.865+0000] {processor.py:925} INFO - DAG(s) 'read_dataset_event_from_classic', 'read_dataset_event' retrieved from /home/airflow/.local/lib/python3.12/site-packages/airflow/example_dags/example_inlet_event_extra.py
[2025-01-06T08:29:48.878+0000] {logging_mixin.py:190} INFO - [2025-01-06T08:29:48.878+0000] {dag.py:3239} INFO - Sync 2 DAGs
[2025-01-06T08:29:48.892+0000] {logging_mixin.py:190} INFO - [2025-01-06T08:29:48.892+0000] {dag.py:4180} INFO - Setting next_dagrun for read_dataset_event to 2025-01-05 00:00:00+00:00, run_after=2025-01-06 00:00:00+00:00
[2025-01-06T08:29:48.894+0000] {logging_mixin.py:190} INFO - [2025-01-06T08:29:48.894+0000] {dag.py:4180} INFO - Setting next_dagrun for read_dataset_event_from_classic to 2025-01-05 00:00:00+00:00, run_after=2025-01-06 00:00:00+00:00
[2025-01-06T08:29:48.903+0000] {processor.py:208} INFO - Processing /home/airflow/.local/lib/python3.12/site-packages/airflow/example_dags/example_inlet_event_extra.py took 0.132 seconds
[2025-01-06T08:30:19.369+0000] {processor.py:186} INFO - Started process (PID=1504) to work on /home/airflow/.local/lib/python3.12/site-packages/airflow/example_dags/example_inlet_event_extra.py
[2025-01-06T08:30:19.370+0000] {processor.py:914} INFO - Processing file /home/airflow/.local/lib/python3.12/site-packages/airflow/example_dags/example_inlet_event_extra.py for tasks to queue
[2025-01-06T08:30:19.371+0000] {logging_mixin.py:190} INFO - [2025-01-06T08:30:19.371+0000] {dagbag.py:588} INFO - Filling up the DagBag from /home/airflow/.local/lib/python3.12/site-packages/airflow/example_dags/example_inlet_event_extra.py
[2025-01-06T08:30:19.451+0000] {processor.py:925} INFO - DAG(s) 'read_dataset_event', 'read_dataset_event_from_classic' retrieved from /home/airflow/.local/lib/python3.12/site-packages/airflow/example_dags/example_inlet_event_extra.py
[2025-01-06T08:30:19.465+0000] {logging_mixin.py:190} INFO - [2025-01-06T08:30:19.465+0000] {dag.py:3239} INFO - Sync 2 DAGs
[2025-01-06T08:30:19.479+0000] {logging_mixin.py:190} INFO - [2025-01-06T08:30:19.479+0000] {dag.py:4180} INFO - Setting next_dagrun for read_dataset_event to 2025-01-05 00:00:00+00:00, run_after=2025-01-06 00:00:00+00:00
[2025-01-06T08:30:19.482+0000] {logging_mixin.py:190} INFO - [2025-01-06T08:30:19.481+0000] {dag.py:4180} INFO - Setting next_dagrun for read_dataset_event_from_classic to 2025-01-05 00:00:00+00:00, run_after=2025-01-06 00:00:00+00:00
[2025-01-06T08:30:19.490+0000] {processor.py:208} INFO - Processing /home/airflow/.local/lib/python3.12/site-packages/airflow/example_dags/example_inlet_event_extra.py took 0.124 seconds
[2025-01-06T08:30:49.739+0000] {processor.py:186} INFO - Started process (PID=1570) to work on /home/airflow/.local/lib/python3.12/site-packages/airflow/example_dags/example_inlet_event_extra.py
[2025-01-06T08:30:49.739+0000] {processor.py:914} INFO - Processing file /home/airflow/.local/lib/python3.12/site-packages/airflow/example_dags/example_inlet_event_extra.py for tasks to queue
[2025-01-06T08:30:49.740+0000] {logging_mixin.py:190} INFO - [2025-01-06T08:30:49.740+0000] {dagbag.py:588} INFO - Filling up the DagBag from /home/airflow/.local/lib/python3.12/site-packages/airflow/example_dags/example_inlet_event_extra.py
[2025-01-06T08:30:49.821+0000] {processor.py:925} INFO - DAG(s) 'read_dataset_event', 'read_dataset_event_from_classic' retrieved from /home/airflow/.local/lib/python3.12/site-packages/airflow/example_dags/example_inlet_event_extra.py
[2025-01-06T08:30:49.834+0000] {logging_mixin.py:190} INFO - [2025-01-06T08:30:49.833+0000] {dag.py:3239} INFO - Sync 2 DAGs
[2025-01-06T08:30:49.848+0000] {logging_mixin.py:190} INFO - [2025-01-06T08:30:49.847+0000] {dag.py:4180} INFO - Setting next_dagrun for read_dataset_event to 2025-01-05 00:00:00+00:00, run_after=2025-01-06 00:00:00+00:00
[2025-01-06T08:30:49.851+0000] {logging_mixin.py:190} INFO - [2025-01-06T08:30:49.850+0000] {dag.py:4180} INFO - Setting next_dagrun for read_dataset_event_from_classic to 2025-01-05 00:00:00+00:00, run_after=2025-01-06 00:00:00+00:00
[2025-01-06T08:30:49.859+0000] {processor.py:208} INFO - Processing /home/airflow/.local/lib/python3.12/site-packages/airflow/example_dags/example_inlet_event_extra.py took 0.124 seconds
[2025-01-06T08:31:20.149+0000] {processor.py:186} INFO - Started process (PID=1641) to work on /home/airflow/.local/lib/python3.12/site-packages/airflow/example_dags/example_inlet_event_extra.py
[2025-01-06T08:31:20.150+0000] {processor.py:914} INFO - Processing file /home/airflow/.local/lib/python3.12/site-packages/airflow/example_dags/example_inlet_event_extra.py for tasks to queue
[2025-01-06T08:31:20.151+0000] {logging_mixin.py:190} INFO - [2025-01-06T08:31:20.150+0000] {dagbag.py:588} INFO - Filling up the DagBag from /home/airflow/.local/lib/python3.12/site-packages/airflow/example_dags/example_inlet_event_extra.py
[2025-01-06T08:31:20.232+0000] {processor.py:925} INFO - DAG(s) 'read_dataset_event', 'read_dataset_event_from_classic' retrieved from /home/airflow/.local/lib/python3.12/site-packages/airflow/example_dags/example_inlet_event_extra.py
[2025-01-06T08:31:20.246+0000] {logging_mixin.py:190} INFO - [2025-01-06T08:31:20.246+0000] {dag.py:3239} INFO - Sync 2 DAGs
[2025-01-06T08:31:20.260+0000] {logging_mixin.py:190} INFO - [2025-01-06T08:31:20.260+0000] {dag.py:4180} INFO - Setting next_dagrun for read_dataset_event to 2025-01-05 00:00:00+00:00, run_after=2025-01-06 00:00:00+00:00
[2025-01-06T08:31:20.262+0000] {logging_mixin.py:190} INFO - [2025-01-06T08:31:20.262+0000] {dag.py:4180} INFO - Setting next_dagrun for read_dataset_event_from_classic to 2025-01-05 00:00:00+00:00, run_after=2025-01-06 00:00:00+00:00
[2025-01-06T08:31:20.271+0000] {processor.py:208} INFO - Processing /home/airflow/.local/lib/python3.12/site-packages/airflow/example_dags/example_inlet_event_extra.py took 0.125 seconds
[2025-01-06T08:31:50.673+0000] {processor.py:186} INFO - Started process (PID=1707) to work on /home/airflow/.local/lib/python3.12/site-packages/airflow/example_dags/example_inlet_event_extra.py
[2025-01-06T08:31:50.674+0000] {processor.py:914} INFO - Processing file /home/airflow/.local/lib/python3.12/site-packages/airflow/example_dags/example_inlet_event_extra.py for tasks to queue
[2025-01-06T08:31:50.675+0000] {logging_mixin.py:190} INFO - [2025-01-06T08:31:50.675+0000] {dagbag.py:588} INFO - Filling up the DagBag from /home/airflow/.local/lib/python3.12/site-packages/airflow/example_dags/example_inlet_event_extra.py
[2025-01-06T08:31:50.768+0000] {processor.py:925} INFO - DAG(s) 'read_dataset_event', 'read_dataset_event_from_classic' retrieved from /home/airflow/.local/lib/python3.12/site-packages/airflow/example_dags/example_inlet_event_extra.py
[2025-01-06T08:31:50.783+0000] {logging_mixin.py:190} INFO - [2025-01-06T08:31:50.783+0000] {dag.py:3239} INFO - Sync 2 DAGs
[2025-01-06T08:31:50.800+0000] {logging_mixin.py:190} INFO - [2025-01-06T08:31:50.800+0000] {dag.py:4180} INFO - Setting next_dagrun for read_dataset_event to 2025-01-05 00:00:00+00:00, run_after=2025-01-06 00:00:00+00:00
[2025-01-06T08:31:50.803+0000] {logging_mixin.py:190} INFO - [2025-01-06T08:31:50.803+0000] {dag.py:4180} INFO - Setting next_dagrun for read_dataset_event_from_classic to 2025-01-05 00:00:00+00:00, run_after=2025-01-06 00:00:00+00:00
[2025-01-06T08:31:50.812+0000] {processor.py:208} INFO - Processing /home/airflow/.local/lib/python3.12/site-packages/airflow/example_dags/example_inlet_event_extra.py took 0.142 seconds
[2025-01-06T08:32:21.185+0000] {processor.py:186} INFO - Started process (PID=1778) to work on /home/airflow/.local/lib/python3.12/site-packages/airflow/example_dags/example_inlet_event_extra.py
[2025-01-06T08:32:21.186+0000] {processor.py:914} INFO - Processing file /home/airflow/.local/lib/python3.12/site-packages/airflow/example_dags/example_inlet_event_extra.py for tasks to queue
[2025-01-06T08:32:21.187+0000] {logging_mixin.py:190} INFO - [2025-01-06T08:32:21.187+0000] {dagbag.py:588} INFO - Filling up the DagBag from /home/airflow/.local/lib/python3.12/site-packages/airflow/example_dags/example_inlet_event_extra.py
[2025-01-06T08:32:21.266+0000] {processor.py:925} INFO - DAG(s) 'read_dataset_event', 'read_dataset_event_from_classic' retrieved from /home/airflow/.local/lib/python3.12/site-packages/airflow/example_dags/example_inlet_event_extra.py
[2025-01-06T08:32:21.278+0000] {logging_mixin.py:190} INFO - [2025-01-06T08:32:21.278+0000] {dag.py:3239} INFO - Sync 2 DAGs
[2025-01-06T08:32:21.292+0000] {logging_mixin.py:190} INFO - [2025-01-06T08:32:21.292+0000] {dag.py:4180} INFO - Setting next_dagrun for read_dataset_event to 2025-01-05 00:00:00+00:00, run_after=2025-01-06 00:00:00+00:00
[2025-01-06T08:32:21.294+0000] {logging_mixin.py:190} INFO - [2025-01-06T08:32:21.294+0000] {dag.py:4180} INFO - Setting next_dagrun for read_dataset_event_from_classic to 2025-01-05 00:00:00+00:00, run_after=2025-01-06 00:00:00+00:00
[2025-01-06T08:32:21.302+0000] {processor.py:208} INFO - Processing /home/airflow/.local/lib/python3.12/site-packages/airflow/example_dags/example_inlet_event_extra.py took 0.120 seconds
[2025-01-06T08:32:51.528+0000] {processor.py:186} INFO - Started process (PID=1845) to work on /home/airflow/.local/lib/python3.12/site-packages/airflow/example_dags/example_inlet_event_extra.py
[2025-01-06T08:32:51.528+0000] {processor.py:914} INFO - Processing file /home/airflow/.local/lib/python3.12/site-packages/airflow/example_dags/example_inlet_event_extra.py for tasks to queue
[2025-01-06T08:32:51.529+0000] {logging_mixin.py:190} INFO - [2025-01-06T08:32:51.529+0000] {dagbag.py:588} INFO - Filling up the DagBag from /home/airflow/.local/lib/python3.12/site-packages/airflow/example_dags/example_inlet_event_extra.py
[2025-01-06T08:32:51.612+0000] {processor.py:925} INFO - DAG(s) 'read_dataset_event', 'read_dataset_event_from_classic' retrieved from /home/airflow/.local/lib/python3.12/site-packages/airflow/example_dags/example_inlet_event_extra.py
[2025-01-06T08:32:51.626+0000] {logging_mixin.py:190} INFO - [2025-01-06T08:32:51.625+0000] {dag.py:3239} INFO - Sync 2 DAGs
[2025-01-06T08:32:51.640+0000] {logging_mixin.py:190} INFO - [2025-01-06T08:32:51.639+0000] {dag.py:4180} INFO - Setting next_dagrun for read_dataset_event to 2025-01-05 00:00:00+00:00, run_after=2025-01-06 00:00:00+00:00
[2025-01-06T08:32:51.642+0000] {logging_mixin.py:190} INFO - [2025-01-06T08:32:51.642+0000] {dag.py:4180} INFO - Setting next_dagrun for read_dataset_event_from_classic to 2025-01-05 00:00:00+00:00, run_after=2025-01-06 00:00:00+00:00
[2025-01-06T08:32:51.652+0000] {processor.py:208} INFO - Processing /home/airflow/.local/lib/python3.12/site-packages/airflow/example_dags/example_inlet_event_extra.py took 0.127 seconds
[2025-01-06T08:33:22.069+0000] {processor.py:186} INFO - Started process (PID=1915) to work on /home/airflow/.local/lib/python3.12/site-packages/airflow/example_dags/example_inlet_event_extra.py
[2025-01-06T08:33:22.069+0000] {processor.py:914} INFO - Processing file /home/airflow/.local/lib/python3.12/site-packages/airflow/example_dags/example_inlet_event_extra.py for tasks to queue
[2025-01-06T08:33:22.071+0000] {logging_mixin.py:190} INFO - [2025-01-06T08:33:22.070+0000] {dagbag.py:588} INFO - Filling up the DagBag from /home/airflow/.local/lib/python3.12/site-packages/airflow/example_dags/example_inlet_event_extra.py
[2025-01-06T08:33:22.148+0000] {processor.py:925} INFO - DAG(s) 'read_dataset_event', 'read_dataset_event_from_classic' retrieved from /home/airflow/.local/lib/python3.12/site-packages/airflow/example_dags/example_inlet_event_extra.py
[2025-01-06T08:33:22.160+0000] {logging_mixin.py:190} INFO - [2025-01-06T08:33:22.160+0000] {dag.py:3239} INFO - Sync 2 DAGs
[2025-01-06T08:33:22.279+0000] {logging_mixin.py:190} INFO - [2025-01-06T08:33:22.278+0000] {dag.py:4180} INFO - Setting next_dagrun for read_dataset_event to 2025-01-05 00:00:00+00:00, run_after=2025-01-06 00:00:00+00:00
[2025-01-06T08:33:22.281+0000] {logging_mixin.py:190} INFO - [2025-01-06T08:33:22.281+0000] {dag.py:4180} INFO - Setting next_dagrun for read_dataset_event_from_classic to 2025-01-05 00:00:00+00:00, run_after=2025-01-06 00:00:00+00:00
[2025-01-06T08:33:22.290+0000] {processor.py:208} INFO - Processing /home/airflow/.local/lib/python3.12/site-packages/airflow/example_dags/example_inlet_event_extra.py took 0.224 seconds
