[2025-01-06T08:20:09.578+0000] {processor.py:186} INFO - Started process (PID=98) to work on /home/airflow/.local/lib/python3.12/site-packages/airflow/example_dags/example_dynamic_task_mapping.py
[2025-01-06T08:20:09.578+0000] {processor.py:914} INFO - Processing file /home/airflow/.local/lib/python3.12/site-packages/airflow/example_dags/example_dynamic_task_mapping.py for tasks to queue
[2025-01-06T08:20:09.580+0000] {logging_mixin.py:190} INFO - [2025-01-06T08:20:09.580+0000] {dagbag.py:588} INFO - Filling up the DagBag from /home/airflow/.local/lib/python3.12/site-packages/airflow/example_dags/example_dynamic_task_mapping.py
[2025-01-06T08:20:09.585+0000] {processor.py:925} INFO - DAG(s) 'example_dynamic_task_mapping' retrieved from /home/airflow/.local/lib/python3.12/site-packages/airflow/example_dags/example_dynamic_task_mapping.py
[2025-01-06T08:20:09.597+0000] {logging_mixin.py:190} INFO - [2025-01-06T08:20:09.597+0000] {dag.py:3239} INFO - Sync 1 DAGs
[2025-01-06T08:20:09.605+0000] {logging_mixin.py:190} INFO - [2025-01-06T08:20:09.605+0000] {dag.py:4180} INFO - Setting next_dagrun for example_dynamic_task_mapping to None, run_after=None
[2025-01-06T08:20:09.614+0000] {processor.py:208} INFO - Processing /home/airflow/.local/lib/python3.12/site-packages/airflow/example_dags/example_dynamic_task_mapping.py took 0.043 seconds
[2025-01-06T08:20:40.334+0000] {processor.py:186} INFO - Started process (PID=174) to work on /home/airflow/.local/lib/python3.12/site-packages/airflow/example_dags/example_dynamic_task_mapping.py
[2025-01-06T08:20:40.335+0000] {processor.py:914} INFO - Processing file /home/airflow/.local/lib/python3.12/site-packages/airflow/example_dags/example_dynamic_task_mapping.py for tasks to queue
[2025-01-06T08:20:40.336+0000] {logging_mixin.py:190} INFO - [2025-01-06T08:20:40.336+0000] {dagbag.py:588} INFO - Filling up the DagBag from /home/airflow/.local/lib/python3.12/site-packages/airflow/example_dags/example_dynamic_task_mapping.py
[2025-01-06T08:20:40.340+0000] {processor.py:925} INFO - DAG(s) 'example_dynamic_task_mapping' retrieved from /home/airflow/.local/lib/python3.12/site-packages/airflow/example_dags/example_dynamic_task_mapping.py
[2025-01-06T08:20:40.352+0000] {logging_mixin.py:190} INFO - [2025-01-06T08:20:40.352+0000] {dag.py:3239} INFO - Sync 1 DAGs
[2025-01-06T08:20:40.360+0000] {logging_mixin.py:190} INFO - [2025-01-06T08:20:40.360+0000] {dag.py:4180} INFO - Setting next_dagrun for example_dynamic_task_mapping to None, run_after=None
[2025-01-06T08:20:40.372+0000] {processor.py:208} INFO - Processing /home/airflow/.local/lib/python3.12/site-packages/airflow/example_dags/example_dynamic_task_mapping.py took 0.041 seconds
[2025-01-06T08:21:10.789+0000] {processor.py:186} INFO - Started process (PID=245) to work on /home/airflow/.local/lib/python3.12/site-packages/airflow/example_dags/example_dynamic_task_mapping.py
[2025-01-06T08:21:10.789+0000] {processor.py:914} INFO - Processing file /home/airflow/.local/lib/python3.12/site-packages/airflow/example_dags/example_dynamic_task_mapping.py for tasks to queue
[2025-01-06T08:21:10.790+0000] {logging_mixin.py:190} INFO - [2025-01-06T08:21:10.790+0000] {dagbag.py:588} INFO - Filling up the DagBag from /home/airflow/.local/lib/python3.12/site-packages/airflow/example_dags/example_dynamic_task_mapping.py
[2025-01-06T08:21:10.795+0000] {processor.py:925} INFO - DAG(s) 'example_dynamic_task_mapping' retrieved from /home/airflow/.local/lib/python3.12/site-packages/airflow/example_dags/example_dynamic_task_mapping.py
[2025-01-06T08:21:10.805+0000] {logging_mixin.py:190} INFO - [2025-01-06T08:21:10.805+0000] {dag.py:3239} INFO - Sync 1 DAGs
[2025-01-06T08:21:10.813+0000] {logging_mixin.py:190} INFO - [2025-01-06T08:21:10.813+0000] {dag.py:4180} INFO - Setting next_dagrun for example_dynamic_task_mapping to None, run_after=None
[2025-01-06T08:21:10.821+0000] {processor.py:208} INFO - Processing /home/airflow/.local/lib/python3.12/site-packages/airflow/example_dags/example_dynamic_task_mapping.py took 0.036 seconds
[2025-01-06T08:21:41.169+0000] {processor.py:186} INFO - Started process (PID=311) to work on /home/airflow/.local/lib/python3.12/site-packages/airflow/example_dags/example_dynamic_task_mapping.py
[2025-01-06T08:21:41.170+0000] {processor.py:914} INFO - Processing file /home/airflow/.local/lib/python3.12/site-packages/airflow/example_dags/example_dynamic_task_mapping.py for tasks to queue
[2025-01-06T08:21:41.171+0000] {logging_mixin.py:190} INFO - [2025-01-06T08:21:41.171+0000] {dagbag.py:588} INFO - Filling up the DagBag from /home/airflow/.local/lib/python3.12/site-packages/airflow/example_dags/example_dynamic_task_mapping.py
[2025-01-06T08:21:41.175+0000] {processor.py:925} INFO - DAG(s) 'example_dynamic_task_mapping' retrieved from /home/airflow/.local/lib/python3.12/site-packages/airflow/example_dags/example_dynamic_task_mapping.py
[2025-01-06T08:21:41.189+0000] {logging_mixin.py:190} INFO - [2025-01-06T08:21:41.189+0000] {dag.py:3239} INFO - Sync 1 DAGs
[2025-01-06T08:21:41.201+0000] {logging_mixin.py:190} INFO - [2025-01-06T08:21:41.201+0000] {dag.py:4180} INFO - Setting next_dagrun for example_dynamic_task_mapping to None, run_after=None
[2025-01-06T08:21:41.214+0000] {processor.py:208} INFO - Processing /home/airflow/.local/lib/python3.12/site-packages/airflow/example_dags/example_dynamic_task_mapping.py took 0.047 seconds
[2025-01-06T08:22:11.557+0000] {processor.py:186} INFO - Started process (PID=382) to work on /home/airflow/.local/lib/python3.12/site-packages/airflow/example_dags/example_dynamic_task_mapping.py
[2025-01-06T08:22:11.557+0000] {processor.py:914} INFO - Processing file /home/airflow/.local/lib/python3.12/site-packages/airflow/example_dags/example_dynamic_task_mapping.py for tasks to queue
[2025-01-06T08:22:11.558+0000] {logging_mixin.py:190} INFO - [2025-01-06T08:22:11.558+0000] {dagbag.py:588} INFO - Filling up the DagBag from /home/airflow/.local/lib/python3.12/site-packages/airflow/example_dags/example_dynamic_task_mapping.py
[2025-01-06T08:22:11.563+0000] {processor.py:925} INFO - DAG(s) 'example_dynamic_task_mapping' retrieved from /home/airflow/.local/lib/python3.12/site-packages/airflow/example_dags/example_dynamic_task_mapping.py
[2025-01-06T08:22:11.575+0000] {logging_mixin.py:190} INFO - [2025-01-06T08:22:11.575+0000] {dag.py:3239} INFO - Sync 1 DAGs
[2025-01-06T08:22:11.585+0000] {logging_mixin.py:190} INFO - [2025-01-06T08:22:11.585+0000] {dag.py:4180} INFO - Setting next_dagrun for example_dynamic_task_mapping to None, run_after=None
[2025-01-06T08:22:11.597+0000] {processor.py:208} INFO - Processing /home/airflow/.local/lib/python3.12/site-packages/airflow/example_dags/example_dynamic_task_mapping.py took 0.044 seconds
[2025-01-06T08:22:42.005+0000] {processor.py:186} INFO - Started process (PID=447) to work on /home/airflow/.local/lib/python3.12/site-packages/airflow/example_dags/example_dynamic_task_mapping.py
[2025-01-06T08:22:42.005+0000] {processor.py:914} INFO - Processing file /home/airflow/.local/lib/python3.12/site-packages/airflow/example_dags/example_dynamic_task_mapping.py for tasks to queue
[2025-01-06T08:22:42.006+0000] {logging_mixin.py:190} INFO - [2025-01-06T08:22:42.006+0000] {dagbag.py:588} INFO - Filling up the DagBag from /home/airflow/.local/lib/python3.12/site-packages/airflow/example_dags/example_dynamic_task_mapping.py
[2025-01-06T08:22:42.010+0000] {processor.py:925} INFO - DAG(s) 'example_dynamic_task_mapping' retrieved from /home/airflow/.local/lib/python3.12/site-packages/airflow/example_dags/example_dynamic_task_mapping.py
[2025-01-06T08:22:42.021+0000] {logging_mixin.py:190} INFO - [2025-01-06T08:22:42.021+0000] {dag.py:3239} INFO - Sync 1 DAGs
[2025-01-06T08:22:42.031+0000] {logging_mixin.py:190} INFO - [2025-01-06T08:22:42.031+0000] {dag.py:4180} INFO - Setting next_dagrun for example_dynamic_task_mapping to None, run_after=None
[2025-01-06T08:22:42.042+0000] {processor.py:208} INFO - Processing /home/airflow/.local/lib/python3.12/site-packages/airflow/example_dags/example_dynamic_task_mapping.py took 0.041 seconds
[2025-01-06T08:23:12.597+0000] {processor.py:186} INFO - Started process (PID=519) to work on /home/airflow/.local/lib/python3.12/site-packages/airflow/example_dags/example_dynamic_task_mapping.py
[2025-01-06T08:23:12.597+0000] {processor.py:914} INFO - Processing file /home/airflow/.local/lib/python3.12/site-packages/airflow/example_dags/example_dynamic_task_mapping.py for tasks to queue
[2025-01-06T08:23:12.598+0000] {logging_mixin.py:190} INFO - [2025-01-06T08:23:12.598+0000] {dagbag.py:588} INFO - Filling up the DagBag from /home/airflow/.local/lib/python3.12/site-packages/airflow/example_dags/example_dynamic_task_mapping.py
[2025-01-06T08:23:12.603+0000] {processor.py:925} INFO - DAG(s) 'example_dynamic_task_mapping' retrieved from /home/airflow/.local/lib/python3.12/site-packages/airflow/example_dags/example_dynamic_task_mapping.py
[2025-01-06T08:23:12.615+0000] {logging_mixin.py:190} INFO - [2025-01-06T08:23:12.615+0000] {dag.py:3239} INFO - Sync 1 DAGs
[2025-01-06T08:23:12.624+0000] {logging_mixin.py:190} INFO - [2025-01-06T08:23:12.624+0000] {dag.py:4180} INFO - Setting next_dagrun for example_dynamic_task_mapping to None, run_after=None
[2025-01-06T08:23:12.634+0000] {processor.py:208} INFO - Processing /home/airflow/.local/lib/python3.12/site-packages/airflow/example_dags/example_dynamic_task_mapping.py took 0.040 seconds
[2025-01-06T08:23:43.177+0000] {processor.py:186} INFO - Started process (PID=585) to work on /home/airflow/.local/lib/python3.12/site-packages/airflow/example_dags/example_dynamic_task_mapping.py
[2025-01-06T08:23:43.178+0000] {processor.py:914} INFO - Processing file /home/airflow/.local/lib/python3.12/site-packages/airflow/example_dags/example_dynamic_task_mapping.py for tasks to queue
[2025-01-06T08:23:43.179+0000] {logging_mixin.py:190} INFO - [2025-01-06T08:23:43.179+0000] {dagbag.py:588} INFO - Filling up the DagBag from /home/airflow/.local/lib/python3.12/site-packages/airflow/example_dags/example_dynamic_task_mapping.py
[2025-01-06T08:23:43.184+0000] {processor.py:925} INFO - DAG(s) 'example_dynamic_task_mapping' retrieved from /home/airflow/.local/lib/python3.12/site-packages/airflow/example_dags/example_dynamic_task_mapping.py
[2025-01-06T08:23:43.202+0000] {logging_mixin.py:190} INFO - [2025-01-06T08:23:43.202+0000] {dag.py:3239} INFO - Sync 1 DAGs
[2025-01-06T08:23:43.212+0000] {logging_mixin.py:190} INFO - [2025-01-06T08:23:43.212+0000] {dag.py:4180} INFO - Setting next_dagrun for example_dynamic_task_mapping to None, run_after=None
[2025-01-06T08:23:43.231+0000] {processor.py:208} INFO - Processing /home/airflow/.local/lib/python3.12/site-packages/airflow/example_dags/example_dynamic_task_mapping.py took 0.058 seconds
[2025-01-06T08:24:13.494+0000] {processor.py:186} INFO - Started process (PID=656) to work on /home/airflow/.local/lib/python3.12/site-packages/airflow/example_dags/example_dynamic_task_mapping.py
[2025-01-06T08:24:13.494+0000] {processor.py:914} INFO - Processing file /home/airflow/.local/lib/python3.12/site-packages/airflow/example_dags/example_dynamic_task_mapping.py for tasks to queue
[2025-01-06T08:24:13.495+0000] {logging_mixin.py:190} INFO - [2025-01-06T08:24:13.495+0000] {dagbag.py:588} INFO - Filling up the DagBag from /home/airflow/.local/lib/python3.12/site-packages/airflow/example_dags/example_dynamic_task_mapping.py
[2025-01-06T08:24:13.500+0000] {processor.py:925} INFO - DAG(s) 'example_dynamic_task_mapping' retrieved from /home/airflow/.local/lib/python3.12/site-packages/airflow/example_dags/example_dynamic_task_mapping.py
[2025-01-06T08:24:13.511+0000] {logging_mixin.py:190} INFO - [2025-01-06T08:24:13.511+0000] {dag.py:3239} INFO - Sync 1 DAGs
[2025-01-06T08:24:13.519+0000] {logging_mixin.py:190} INFO - [2025-01-06T08:24:13.519+0000] {dag.py:4180} INFO - Setting next_dagrun for example_dynamic_task_mapping to None, run_after=None
[2025-01-06T08:24:13.528+0000] {processor.py:208} INFO - Processing /home/airflow/.local/lib/python3.12/site-packages/airflow/example_dags/example_dynamic_task_mapping.py took 0.038 seconds
[2025-01-06T08:24:43.909+0000] {processor.py:186} INFO - Started process (PID=722) to work on /home/airflow/.local/lib/python3.12/site-packages/airflow/example_dags/example_dynamic_task_mapping.py
[2025-01-06T08:24:43.910+0000] {processor.py:914} INFO - Processing file /home/airflow/.local/lib/python3.12/site-packages/airflow/example_dags/example_dynamic_task_mapping.py for tasks to queue
[2025-01-06T08:24:43.911+0000] {logging_mixin.py:190} INFO - [2025-01-06T08:24:43.911+0000] {dagbag.py:588} INFO - Filling up the DagBag from /home/airflow/.local/lib/python3.12/site-packages/airflow/example_dags/example_dynamic_task_mapping.py
[2025-01-06T08:24:43.916+0000] {processor.py:925} INFO - DAG(s) 'example_dynamic_task_mapping' retrieved from /home/airflow/.local/lib/python3.12/site-packages/airflow/example_dags/example_dynamic_task_mapping.py
[2025-01-06T08:24:43.928+0000] {logging_mixin.py:190} INFO - [2025-01-06T08:24:43.928+0000] {dag.py:3239} INFO - Sync 1 DAGs
[2025-01-06T08:24:43.938+0000] {logging_mixin.py:190} INFO - [2025-01-06T08:24:43.938+0000] {dag.py:4180} INFO - Setting next_dagrun for example_dynamic_task_mapping to None, run_after=None
[2025-01-06T08:24:43.949+0000] {processor.py:208} INFO - Processing /home/airflow/.local/lib/python3.12/site-packages/airflow/example_dags/example_dynamic_task_mapping.py took 0.044 seconds
[2025-01-06T08:25:14.304+0000] {processor.py:186} INFO - Started process (PID=793) to work on /home/airflow/.local/lib/python3.12/site-packages/airflow/example_dags/example_dynamic_task_mapping.py
[2025-01-06T08:25:14.305+0000] {processor.py:914} INFO - Processing file /home/airflow/.local/lib/python3.12/site-packages/airflow/example_dags/example_dynamic_task_mapping.py for tasks to queue
[2025-01-06T08:25:14.307+0000] {logging_mixin.py:190} INFO - [2025-01-06T08:25:14.306+0000] {dagbag.py:588} INFO - Filling up the DagBag from /home/airflow/.local/lib/python3.12/site-packages/airflow/example_dags/example_dynamic_task_mapping.py
[2025-01-06T08:25:14.313+0000] {processor.py:925} INFO - DAG(s) 'example_dynamic_task_mapping' retrieved from /home/airflow/.local/lib/python3.12/site-packages/airflow/example_dags/example_dynamic_task_mapping.py
[2025-01-06T08:25:14.326+0000] {logging_mixin.py:190} INFO - [2025-01-06T08:25:14.326+0000] {dag.py:3239} INFO - Sync 1 DAGs
[2025-01-06T08:25:14.334+0000] {logging_mixin.py:190} INFO - [2025-01-06T08:25:14.334+0000] {dag.py:4180} INFO - Setting next_dagrun for example_dynamic_task_mapping to None, run_after=None
[2025-01-06T08:25:14.344+0000] {processor.py:208} INFO - Processing /home/airflow/.local/lib/python3.12/site-packages/airflow/example_dags/example_dynamic_task_mapping.py took 0.044 seconds
[2025-01-06T08:25:44.622+0000] {processor.py:186} INFO - Started process (PID=859) to work on /home/airflow/.local/lib/python3.12/site-packages/airflow/example_dags/example_dynamic_task_mapping.py
[2025-01-06T08:25:44.623+0000] {processor.py:914} INFO - Processing file /home/airflow/.local/lib/python3.12/site-packages/airflow/example_dags/example_dynamic_task_mapping.py for tasks to queue
[2025-01-06T08:25:44.624+0000] {logging_mixin.py:190} INFO - [2025-01-06T08:25:44.624+0000] {dagbag.py:588} INFO - Filling up the DagBag from /home/airflow/.local/lib/python3.12/site-packages/airflow/example_dags/example_dynamic_task_mapping.py
[2025-01-06T08:25:44.628+0000] {processor.py:925} INFO - DAG(s) 'example_dynamic_task_mapping' retrieved from /home/airflow/.local/lib/python3.12/site-packages/airflow/example_dags/example_dynamic_task_mapping.py
[2025-01-06T08:25:44.646+0000] {logging_mixin.py:190} INFO - [2025-01-06T08:25:44.646+0000] {dag.py:3239} INFO - Sync 1 DAGs
[2025-01-06T08:25:44.656+0000] {logging_mixin.py:190} INFO - [2025-01-06T08:25:44.655+0000] {dag.py:4180} INFO - Setting next_dagrun for example_dynamic_task_mapping to None, run_after=None
[2025-01-06T08:25:44.667+0000] {processor.py:208} INFO - Processing /home/airflow/.local/lib/python3.12/site-packages/airflow/example_dags/example_dynamic_task_mapping.py took 0.048 seconds
[2025-01-06T08:26:15.149+0000] {processor.py:186} INFO - Started process (PID=930) to work on /home/airflow/.local/lib/python3.12/site-packages/airflow/example_dags/example_dynamic_task_mapping.py
[2025-01-06T08:26:15.150+0000] {processor.py:914} INFO - Processing file /home/airflow/.local/lib/python3.12/site-packages/airflow/example_dags/example_dynamic_task_mapping.py for tasks to queue
[2025-01-06T08:26:15.151+0000] {logging_mixin.py:190} INFO - [2025-01-06T08:26:15.151+0000] {dagbag.py:588} INFO - Filling up the DagBag from /home/airflow/.local/lib/python3.12/site-packages/airflow/example_dags/example_dynamic_task_mapping.py
[2025-01-06T08:26:15.156+0000] {processor.py:925} INFO - DAG(s) 'example_dynamic_task_mapping' retrieved from /home/airflow/.local/lib/python3.12/site-packages/airflow/example_dags/example_dynamic_task_mapping.py
[2025-01-06T08:26:15.173+0000] {logging_mixin.py:190} INFO - [2025-01-06T08:26:15.173+0000] {dag.py:3239} INFO - Sync 1 DAGs
[2025-01-06T08:26:15.182+0000] {logging_mixin.py:190} INFO - [2025-01-06T08:26:15.182+0000] {dag.py:4180} INFO - Setting next_dagrun for example_dynamic_task_mapping to None, run_after=None
[2025-01-06T08:26:15.192+0000] {processor.py:208} INFO - Processing /home/airflow/.local/lib/python3.12/site-packages/airflow/example_dags/example_dynamic_task_mapping.py took 0.047 seconds
[2025-01-06T08:26:45.419+0000] {processor.py:186} INFO - Started process (PID=996) to work on /home/airflow/.local/lib/python3.12/site-packages/airflow/example_dags/example_dynamic_task_mapping.py
[2025-01-06T08:26:45.419+0000] {processor.py:914} INFO - Processing file /home/airflow/.local/lib/python3.12/site-packages/airflow/example_dags/example_dynamic_task_mapping.py for tasks to queue
[2025-01-06T08:26:45.420+0000] {logging_mixin.py:190} INFO - [2025-01-06T08:26:45.420+0000] {dagbag.py:588} INFO - Filling up the DagBag from /home/airflow/.local/lib/python3.12/site-packages/airflow/example_dags/example_dynamic_task_mapping.py
[2025-01-06T08:26:45.424+0000] {processor.py:925} INFO - DAG(s) 'example_dynamic_task_mapping' retrieved from /home/airflow/.local/lib/python3.12/site-packages/airflow/example_dags/example_dynamic_task_mapping.py
[2025-01-06T08:26:45.435+0000] {logging_mixin.py:190} INFO - [2025-01-06T08:26:45.435+0000] {dag.py:3239} INFO - Sync 1 DAGs
[2025-01-06T08:26:45.442+0000] {logging_mixin.py:190} INFO - [2025-01-06T08:26:45.442+0000] {dag.py:4180} INFO - Setting next_dagrun for example_dynamic_task_mapping to None, run_after=None
[2025-01-06T08:26:45.451+0000] {processor.py:208} INFO - Processing /home/airflow/.local/lib/python3.12/site-packages/airflow/example_dags/example_dynamic_task_mapping.py took 0.035 seconds
[2025-01-06T08:27:15.897+0000] {processor.py:186} INFO - Started process (PID=1067) to work on /home/airflow/.local/lib/python3.12/site-packages/airflow/example_dags/example_dynamic_task_mapping.py
[2025-01-06T08:27:15.898+0000] {processor.py:914} INFO - Processing file /home/airflow/.local/lib/python3.12/site-packages/airflow/example_dags/example_dynamic_task_mapping.py for tasks to queue
[2025-01-06T08:27:15.899+0000] {logging_mixin.py:190} INFO - [2025-01-06T08:27:15.898+0000] {dagbag.py:588} INFO - Filling up the DagBag from /home/airflow/.local/lib/python3.12/site-packages/airflow/example_dags/example_dynamic_task_mapping.py
[2025-01-06T08:27:15.903+0000] {processor.py:925} INFO - DAG(s) 'example_dynamic_task_mapping' retrieved from /home/airflow/.local/lib/python3.12/site-packages/airflow/example_dags/example_dynamic_task_mapping.py
[2025-01-06T08:27:15.917+0000] {logging_mixin.py:190} INFO - [2025-01-06T08:27:15.917+0000] {dag.py:3239} INFO - Sync 1 DAGs
[2025-01-06T08:27:15.925+0000] {logging_mixin.py:190} INFO - [2025-01-06T08:27:15.925+0000] {dag.py:4180} INFO - Setting next_dagrun for example_dynamic_task_mapping to None, run_after=None
[2025-01-06T08:27:15.935+0000] {processor.py:208} INFO - Processing /home/airflow/.local/lib/python3.12/site-packages/airflow/example_dags/example_dynamic_task_mapping.py took 0.041 seconds
[2025-01-06T08:27:46.291+0000] {processor.py:186} INFO - Started process (PID=1133) to work on /home/airflow/.local/lib/python3.12/site-packages/airflow/example_dags/example_dynamic_task_mapping.py
[2025-01-06T08:27:46.291+0000] {processor.py:914} INFO - Processing file /home/airflow/.local/lib/python3.12/site-packages/airflow/example_dags/example_dynamic_task_mapping.py for tasks to queue
[2025-01-06T08:27:46.292+0000] {logging_mixin.py:190} INFO - [2025-01-06T08:27:46.292+0000] {dagbag.py:588} INFO - Filling up the DagBag from /home/airflow/.local/lib/python3.12/site-packages/airflow/example_dags/example_dynamic_task_mapping.py
[2025-01-06T08:27:46.297+0000] {processor.py:925} INFO - DAG(s) 'example_dynamic_task_mapping' retrieved from /home/airflow/.local/lib/python3.12/site-packages/airflow/example_dags/example_dynamic_task_mapping.py
[2025-01-06T08:27:46.309+0000] {logging_mixin.py:190} INFO - [2025-01-06T08:27:46.309+0000] {dag.py:3239} INFO - Sync 1 DAGs
[2025-01-06T08:27:46.317+0000] {logging_mixin.py:190} INFO - [2025-01-06T08:27:46.317+0000] {dag.py:4180} INFO - Setting next_dagrun for example_dynamic_task_mapping to None, run_after=None
[2025-01-06T08:27:46.330+0000] {processor.py:208} INFO - Processing /home/airflow/.local/lib/python3.12/site-packages/airflow/example_dags/example_dynamic_task_mapping.py took 0.042 seconds
[2025-01-06T08:28:16.480+0000] {processor.py:186} INFO - Started process (PID=1204) to work on /home/airflow/.local/lib/python3.12/site-packages/airflow/example_dags/example_dynamic_task_mapping.py
[2025-01-06T08:28:16.481+0000] {processor.py:914} INFO - Processing file /home/airflow/.local/lib/python3.12/site-packages/airflow/example_dags/example_dynamic_task_mapping.py for tasks to queue
[2025-01-06T08:28:16.482+0000] {logging_mixin.py:190} INFO - [2025-01-06T08:28:16.482+0000] {dagbag.py:588} INFO - Filling up the DagBag from /home/airflow/.local/lib/python3.12/site-packages/airflow/example_dags/example_dynamic_task_mapping.py
[2025-01-06T08:28:16.487+0000] {processor.py:925} INFO - DAG(s) 'example_dynamic_task_mapping' retrieved from /home/airflow/.local/lib/python3.12/site-packages/airflow/example_dags/example_dynamic_task_mapping.py
[2025-01-06T08:28:16.503+0000] {logging_mixin.py:190} INFO - [2025-01-06T08:28:16.503+0000] {dag.py:3239} INFO - Sync 1 DAGs
[2025-01-06T08:28:16.513+0000] {logging_mixin.py:190} INFO - [2025-01-06T08:28:16.513+0000] {dag.py:4180} INFO - Setting next_dagrun for example_dynamic_task_mapping to None, run_after=None
[2025-01-06T08:28:16.522+0000] {processor.py:208} INFO - Processing /home/airflow/.local/lib/python3.12/site-packages/airflow/example_dags/example_dynamic_task_mapping.py took 0.046 seconds
[2025-01-06T08:28:47.155+0000] {processor.py:186} INFO - Started process (PID=1270) to work on /home/airflow/.local/lib/python3.12/site-packages/airflow/example_dags/example_dynamic_task_mapping.py
[2025-01-06T08:28:47.155+0000] {processor.py:914} INFO - Processing file /home/airflow/.local/lib/python3.12/site-packages/airflow/example_dags/example_dynamic_task_mapping.py for tasks to queue
[2025-01-06T08:28:47.156+0000] {logging_mixin.py:190} INFO - [2025-01-06T08:28:47.156+0000] {dagbag.py:588} INFO - Filling up the DagBag from /home/airflow/.local/lib/python3.12/site-packages/airflow/example_dags/example_dynamic_task_mapping.py
[2025-01-06T08:28:47.161+0000] {processor.py:925} INFO - DAG(s) 'example_dynamic_task_mapping' retrieved from /home/airflow/.local/lib/python3.12/site-packages/airflow/example_dags/example_dynamic_task_mapping.py
[2025-01-06T08:28:47.176+0000] {logging_mixin.py:190} INFO - [2025-01-06T08:28:47.176+0000] {dag.py:3239} INFO - Sync 1 DAGs
[2025-01-06T08:28:47.187+0000] {logging_mixin.py:190} INFO - [2025-01-06T08:28:47.187+0000] {dag.py:4180} INFO - Setting next_dagrun for example_dynamic_task_mapping to None, run_after=None
[2025-01-06T08:28:47.201+0000] {processor.py:208} INFO - Processing /home/airflow/.local/lib/python3.12/site-packages/airflow/example_dags/example_dynamic_task_mapping.py took 0.050 seconds
[2025-01-06T08:29:17.584+0000] {processor.py:186} INFO - Started process (PID=1340) to work on /home/airflow/.local/lib/python3.12/site-packages/airflow/example_dags/example_dynamic_task_mapping.py
[2025-01-06T08:29:17.584+0000] {processor.py:914} INFO - Processing file /home/airflow/.local/lib/python3.12/site-packages/airflow/example_dags/example_dynamic_task_mapping.py for tasks to queue
[2025-01-06T08:29:17.585+0000] {logging_mixin.py:190} INFO - [2025-01-06T08:29:17.585+0000] {dagbag.py:588} INFO - Filling up the DagBag from /home/airflow/.local/lib/python3.12/site-packages/airflow/example_dags/example_dynamic_task_mapping.py
[2025-01-06T08:29:17.590+0000] {processor.py:925} INFO - DAG(s) 'example_dynamic_task_mapping' retrieved from /home/airflow/.local/lib/python3.12/site-packages/airflow/example_dags/example_dynamic_task_mapping.py
[2025-01-06T08:29:17.603+0000] {logging_mixin.py:190} INFO - [2025-01-06T08:29:17.603+0000] {dag.py:3239} INFO - Sync 1 DAGs
[2025-01-06T08:29:17.613+0000] {logging_mixin.py:190} INFO - [2025-01-06T08:29:17.613+0000] {dag.py:4180} INFO - Setting next_dagrun for example_dynamic_task_mapping to None, run_after=None
[2025-01-06T08:29:17.625+0000] {processor.py:208} INFO - Processing /home/airflow/.local/lib/python3.12/site-packages/airflow/example_dags/example_dynamic_task_mapping.py took 0.045 seconds
[2025-01-06T08:29:47.891+0000] {processor.py:186} INFO - Started process (PID=1406) to work on /home/airflow/.local/lib/python3.12/site-packages/airflow/example_dags/example_dynamic_task_mapping.py
[2025-01-06T08:29:47.892+0000] {processor.py:914} INFO - Processing file /home/airflow/.local/lib/python3.12/site-packages/airflow/example_dags/example_dynamic_task_mapping.py for tasks to queue
[2025-01-06T08:29:47.893+0000] {logging_mixin.py:190} INFO - [2025-01-06T08:29:47.893+0000] {dagbag.py:588} INFO - Filling up the DagBag from /home/airflow/.local/lib/python3.12/site-packages/airflow/example_dags/example_dynamic_task_mapping.py
[2025-01-06T08:29:47.898+0000] {processor.py:925} INFO - DAG(s) 'example_dynamic_task_mapping' retrieved from /home/airflow/.local/lib/python3.12/site-packages/airflow/example_dags/example_dynamic_task_mapping.py
[2025-01-06T08:29:47.911+0000] {logging_mixin.py:190} INFO - [2025-01-06T08:29:47.911+0000] {dag.py:3239} INFO - Sync 1 DAGs
[2025-01-06T08:29:47.921+0000] {logging_mixin.py:190} INFO - [2025-01-06T08:29:47.920+0000] {dag.py:4180} INFO - Setting next_dagrun for example_dynamic_task_mapping to None, run_after=None
[2025-01-06T08:29:47.932+0000] {processor.py:208} INFO - Processing /home/airflow/.local/lib/python3.12/site-packages/airflow/example_dags/example_dynamic_task_mapping.py took 0.044 seconds
[2025-01-06T08:30:18.421+0000] {processor.py:186} INFO - Started process (PID=1482) to work on /home/airflow/.local/lib/python3.12/site-packages/airflow/example_dags/example_dynamic_task_mapping.py
[2025-01-06T08:30:18.421+0000] {processor.py:914} INFO - Processing file /home/airflow/.local/lib/python3.12/site-packages/airflow/example_dags/example_dynamic_task_mapping.py for tasks to queue
[2025-01-06T08:30:18.423+0000] {logging_mixin.py:190} INFO - [2025-01-06T08:30:18.423+0000] {dagbag.py:588} INFO - Filling up the DagBag from /home/airflow/.local/lib/python3.12/site-packages/airflow/example_dags/example_dynamic_task_mapping.py
[2025-01-06T08:30:18.429+0000] {processor.py:925} INFO - DAG(s) 'example_dynamic_task_mapping' retrieved from /home/airflow/.local/lib/python3.12/site-packages/airflow/example_dags/example_dynamic_task_mapping.py
[2025-01-06T08:30:18.443+0000] {logging_mixin.py:190} INFO - [2025-01-06T08:30:18.443+0000] {dag.py:3239} INFO - Sync 1 DAGs
[2025-01-06T08:30:18.453+0000] {logging_mixin.py:190} INFO - [2025-01-06T08:30:18.453+0000] {dag.py:4180} INFO - Setting next_dagrun for example_dynamic_task_mapping to None, run_after=None
[2025-01-06T08:30:18.466+0000] {processor.py:208} INFO - Processing /home/airflow/.local/lib/python3.12/site-packages/airflow/example_dags/example_dynamic_task_mapping.py took 0.051 seconds
[2025-01-06T08:30:48.855+0000] {processor.py:186} INFO - Started process (PID=1548) to work on /home/airflow/.local/lib/python3.12/site-packages/airflow/example_dags/example_dynamic_task_mapping.py
[2025-01-06T08:30:48.856+0000] {processor.py:914} INFO - Processing file /home/airflow/.local/lib/python3.12/site-packages/airflow/example_dags/example_dynamic_task_mapping.py for tasks to queue
[2025-01-06T08:30:48.857+0000] {logging_mixin.py:190} INFO - [2025-01-06T08:30:48.857+0000] {dagbag.py:588} INFO - Filling up the DagBag from /home/airflow/.local/lib/python3.12/site-packages/airflow/example_dags/example_dynamic_task_mapping.py
[2025-01-06T08:30:48.862+0000] {processor.py:925} INFO - DAG(s) 'example_dynamic_task_mapping' retrieved from /home/airflow/.local/lib/python3.12/site-packages/airflow/example_dags/example_dynamic_task_mapping.py
[2025-01-06T08:30:48.873+0000] {logging_mixin.py:190} INFO - [2025-01-06T08:30:48.873+0000] {dag.py:3239} INFO - Sync 1 DAGs
[2025-01-06T08:30:48.881+0000] {logging_mixin.py:190} INFO - [2025-01-06T08:30:48.880+0000] {dag.py:4180} INFO - Setting next_dagrun for example_dynamic_task_mapping to None, run_after=None
[2025-01-06T08:30:48.890+0000] {processor.py:208} INFO - Processing /home/airflow/.local/lib/python3.12/site-packages/airflow/example_dags/example_dynamic_task_mapping.py took 0.038 seconds
[2025-01-06T08:31:19.306+0000] {processor.py:186} INFO - Started process (PID=1619) to work on /home/airflow/.local/lib/python3.12/site-packages/airflow/example_dags/example_dynamic_task_mapping.py
[2025-01-06T08:31:19.307+0000] {processor.py:914} INFO - Processing file /home/airflow/.local/lib/python3.12/site-packages/airflow/example_dags/example_dynamic_task_mapping.py for tasks to queue
[2025-01-06T08:31:19.308+0000] {logging_mixin.py:190} INFO - [2025-01-06T08:31:19.308+0000] {dagbag.py:588} INFO - Filling up the DagBag from /home/airflow/.local/lib/python3.12/site-packages/airflow/example_dags/example_dynamic_task_mapping.py
[2025-01-06T08:31:19.312+0000] {processor.py:925} INFO - DAG(s) 'example_dynamic_task_mapping' retrieved from /home/airflow/.local/lib/python3.12/site-packages/airflow/example_dags/example_dynamic_task_mapping.py
[2025-01-06T08:31:19.325+0000] {logging_mixin.py:190} INFO - [2025-01-06T08:31:19.325+0000] {dag.py:3239} INFO - Sync 1 DAGs
[2025-01-06T08:31:19.337+0000] {logging_mixin.py:190} INFO - [2025-01-06T08:31:19.337+0000] {dag.py:4180} INFO - Setting next_dagrun for example_dynamic_task_mapping to None, run_after=None
[2025-01-06T08:31:19.348+0000] {processor.py:208} INFO - Processing /home/airflow/.local/lib/python3.12/site-packages/airflow/example_dags/example_dynamic_task_mapping.py took 0.045 seconds
[2025-01-06T08:31:49.684+0000] {processor.py:186} INFO - Started process (PID=1685) to work on /home/airflow/.local/lib/python3.12/site-packages/airflow/example_dags/example_dynamic_task_mapping.py
[2025-01-06T08:31:49.684+0000] {processor.py:914} INFO - Processing file /home/airflow/.local/lib/python3.12/site-packages/airflow/example_dags/example_dynamic_task_mapping.py for tasks to queue
[2025-01-06T08:31:49.685+0000] {logging_mixin.py:190} INFO - [2025-01-06T08:31:49.685+0000] {dagbag.py:588} INFO - Filling up the DagBag from /home/airflow/.local/lib/python3.12/site-packages/airflow/example_dags/example_dynamic_task_mapping.py
[2025-01-06T08:31:49.689+0000] {processor.py:925} INFO - DAG(s) 'example_dynamic_task_mapping' retrieved from /home/airflow/.local/lib/python3.12/site-packages/airflow/example_dags/example_dynamic_task_mapping.py
[2025-01-06T08:31:49.703+0000] {logging_mixin.py:190} INFO - [2025-01-06T08:31:49.703+0000] {dag.py:3239} INFO - Sync 1 DAGs
[2025-01-06T08:31:49.713+0000] {logging_mixin.py:190} INFO - [2025-01-06T08:31:49.713+0000] {dag.py:4180} INFO - Setting next_dagrun for example_dynamic_task_mapping to None, run_after=None
[2025-01-06T08:31:49.723+0000] {processor.py:208} INFO - Processing /home/airflow/.local/lib/python3.12/site-packages/airflow/example_dags/example_dynamic_task_mapping.py took 0.042 seconds
[2025-01-06T08:32:20.390+0000] {processor.py:186} INFO - Started process (PID=1756) to work on /home/airflow/.local/lib/python3.12/site-packages/airflow/example_dags/example_dynamic_task_mapping.py
[2025-01-06T08:32:20.390+0000] {processor.py:914} INFO - Processing file /home/airflow/.local/lib/python3.12/site-packages/airflow/example_dags/example_dynamic_task_mapping.py for tasks to queue
[2025-01-06T08:32:20.391+0000] {logging_mixin.py:190} INFO - [2025-01-06T08:32:20.391+0000] {dagbag.py:588} INFO - Filling up the DagBag from /home/airflow/.local/lib/python3.12/site-packages/airflow/example_dags/example_dynamic_task_mapping.py
[2025-01-06T08:32:20.396+0000] {processor.py:925} INFO - DAG(s) 'example_dynamic_task_mapping' retrieved from /home/airflow/.local/lib/python3.12/site-packages/airflow/example_dags/example_dynamic_task_mapping.py
[2025-01-06T08:32:20.414+0000] {logging_mixin.py:190} INFO - [2025-01-06T08:32:20.413+0000] {dag.py:3239} INFO - Sync 1 DAGs
[2025-01-06T08:32:20.426+0000] {logging_mixin.py:190} INFO - [2025-01-06T08:32:20.426+0000] {dag.py:4180} INFO - Setting next_dagrun for example_dynamic_task_mapping to None, run_after=None
[2025-01-06T08:32:20.443+0000] {processor.py:208} INFO - Processing /home/airflow/.local/lib/python3.12/site-packages/airflow/example_dags/example_dynamic_task_mapping.py took 0.056 seconds
[2025-01-06T08:32:50.684+0000] {processor.py:186} INFO - Started process (PID=1822) to work on /home/airflow/.local/lib/python3.12/site-packages/airflow/example_dags/example_dynamic_task_mapping.py
[2025-01-06T08:32:50.684+0000] {processor.py:914} INFO - Processing file /home/airflow/.local/lib/python3.12/site-packages/airflow/example_dags/example_dynamic_task_mapping.py for tasks to queue
[2025-01-06T08:32:50.685+0000] {logging_mixin.py:190} INFO - [2025-01-06T08:32:50.685+0000] {dagbag.py:588} INFO - Filling up the DagBag from /home/airflow/.local/lib/python3.12/site-packages/airflow/example_dags/example_dynamic_task_mapping.py
[2025-01-06T08:32:50.693+0000] {processor.py:925} INFO - DAG(s) 'example_dynamic_task_mapping' retrieved from /home/airflow/.local/lib/python3.12/site-packages/airflow/example_dags/example_dynamic_task_mapping.py
[2025-01-06T08:32:50.706+0000] {logging_mixin.py:190} INFO - [2025-01-06T08:32:50.706+0000] {dag.py:3239} INFO - Sync 1 DAGs
[2025-01-06T08:32:50.716+0000] {logging_mixin.py:190} INFO - [2025-01-06T08:32:50.716+0000] {dag.py:4180} INFO - Setting next_dagrun for example_dynamic_task_mapping to None, run_after=None
[2025-01-06T08:32:50.729+0000] {processor.py:208} INFO - Processing /home/airflow/.local/lib/python3.12/site-packages/airflow/example_dags/example_dynamic_task_mapping.py took 0.049 seconds
[2025-01-06T08:33:21.140+0000] {processor.py:186} INFO - Started process (PID=1893) to work on /home/airflow/.local/lib/python3.12/site-packages/airflow/example_dags/example_dynamic_task_mapping.py
[2025-01-06T08:33:21.141+0000] {processor.py:914} INFO - Processing file /home/airflow/.local/lib/python3.12/site-packages/airflow/example_dags/example_dynamic_task_mapping.py for tasks to queue
[2025-01-06T08:33:21.142+0000] {logging_mixin.py:190} INFO - [2025-01-06T08:33:21.142+0000] {dagbag.py:588} INFO - Filling up the DagBag from /home/airflow/.local/lib/python3.12/site-packages/airflow/example_dags/example_dynamic_task_mapping.py
[2025-01-06T08:33:21.147+0000] {processor.py:925} INFO - DAG(s) 'example_dynamic_task_mapping' retrieved from /home/airflow/.local/lib/python3.12/site-packages/airflow/example_dags/example_dynamic_task_mapping.py
[2025-01-06T08:33:21.160+0000] {logging_mixin.py:190} INFO - [2025-01-06T08:33:21.160+0000] {dag.py:3239} INFO - Sync 1 DAGs
[2025-01-06T08:33:21.171+0000] {logging_mixin.py:190} INFO - [2025-01-06T08:33:21.171+0000] {dag.py:4180} INFO - Setting next_dagrun for example_dynamic_task_mapping to None, run_after=None
[2025-01-06T08:33:21.181+0000] {processor.py:208} INFO - Processing /home/airflow/.local/lib/python3.12/site-packages/airflow/example_dags/example_dynamic_task_mapping.py took 0.044 seconds
