[2025-01-06T08:20:09.117+0000] {processor.py:186} INFO - Started process (PID=88) to work on /home/airflow/.local/lib/python3.12/site-packages/airflow/example_dags/example_branch_python_dop_operator_3.py
[2025-01-06T08:20:09.118+0000] {processor.py:914} INFO - Processing file /home/airflow/.local/lib/python3.12/site-packages/airflow/example_dags/example_branch_python_dop_operator_3.py for tasks to queue
[2025-01-06T08:20:09.119+0000] {logging_mixin.py:190} INFO - [2025-01-06T08:20:09.119+0000] {dagbag.py:588} INFO - Filling up the DagBag from /home/airflow/.local/lib/python3.12/site-packages/airflow/example_dags/example_branch_python_dop_operator_3.py
[2025-01-06T08:20:09.125+0000] {processor.py:925} INFO - DAG(s) 'example_branch_dop_operator_v3' retrieved from /home/airflow/.local/lib/python3.12/site-packages/airflow/example_dags/example_branch_python_dop_operator_3.py
[2025-01-06T08:20:09.139+0000] {logging_mixin.py:190} INFO - [2025-01-06T08:20:09.139+0000] {dag.py:3239} INFO - Sync 1 DAGs
[2025-01-06T08:20:09.163+0000] {logging_mixin.py:190} INFO - [2025-01-06T08:20:09.163+0000] {dag.py:4180} INFO - Setting next_dagrun for example_branch_dop_operator_v3 to 2025-01-06 08:19:00+00:00, run_after=2025-01-06 08:20:00+00:00
[2025-01-06T08:20:09.173+0000] {processor.py:208} INFO - Processing /home/airflow/.local/lib/python3.12/site-packages/airflow/example_dags/example_branch_python_dop_operator_3.py took 0.060 seconds
[2025-01-06T08:20:39.913+0000] {processor.py:186} INFO - Started process (PID=164) to work on /home/airflow/.local/lib/python3.12/site-packages/airflow/example_dags/example_branch_python_dop_operator_3.py
[2025-01-06T08:20:39.914+0000] {processor.py:914} INFO - Processing file /home/airflow/.local/lib/python3.12/site-packages/airflow/example_dags/example_branch_python_dop_operator_3.py for tasks to queue
[2025-01-06T08:20:39.915+0000] {logging_mixin.py:190} INFO - [2025-01-06T08:20:39.915+0000] {dagbag.py:588} INFO - Filling up the DagBag from /home/airflow/.local/lib/python3.12/site-packages/airflow/example_dags/example_branch_python_dop_operator_3.py
[2025-01-06T08:20:39.920+0000] {processor.py:925} INFO - DAG(s) 'example_branch_dop_operator_v3' retrieved from /home/airflow/.local/lib/python3.12/site-packages/airflow/example_dags/example_branch_python_dop_operator_3.py
[2025-01-06T08:20:39.934+0000] {logging_mixin.py:190} INFO - [2025-01-06T08:20:39.934+0000] {dag.py:3239} INFO - Sync 1 DAGs
[2025-01-06T08:20:39.954+0000] {logging_mixin.py:190} INFO - [2025-01-06T08:20:39.953+0000] {dag.py:4180} INFO - Setting next_dagrun for example_branch_dop_operator_v3 to 2025-01-06 08:19:00+00:00, run_after=2025-01-06 08:20:00+00:00
[2025-01-06T08:20:39.966+0000] {processor.py:208} INFO - Processing /home/airflow/.local/lib/python3.12/site-packages/airflow/example_dags/example_branch_python_dop_operator_3.py took 0.056 seconds
[2025-01-06T08:21:10.485+0000] {processor.py:186} INFO - Started process (PID=235) to work on /home/airflow/.local/lib/python3.12/site-packages/airflow/example_dags/example_branch_python_dop_operator_3.py
[2025-01-06T08:21:10.486+0000] {processor.py:914} INFO - Processing file /home/airflow/.local/lib/python3.12/site-packages/airflow/example_dags/example_branch_python_dop_operator_3.py for tasks to queue
[2025-01-06T08:21:10.487+0000] {logging_mixin.py:190} INFO - [2025-01-06T08:21:10.487+0000] {dagbag.py:588} INFO - Filling up the DagBag from /home/airflow/.local/lib/python3.12/site-packages/airflow/example_dags/example_branch_python_dop_operator_3.py
[2025-01-06T08:21:10.492+0000] {processor.py:925} INFO - DAG(s) 'example_branch_dop_operator_v3' retrieved from /home/airflow/.local/lib/python3.12/site-packages/airflow/example_dags/example_branch_python_dop_operator_3.py
[2025-01-06T08:21:10.505+0000] {logging_mixin.py:190} INFO - [2025-01-06T08:21:10.505+0000] {dag.py:3239} INFO - Sync 1 DAGs
[2025-01-06T08:21:10.521+0000] {logging_mixin.py:190} INFO - [2025-01-06T08:21:10.521+0000] {dag.py:4180} INFO - Setting next_dagrun for example_branch_dop_operator_v3 to 2025-01-06 08:20:00+00:00, run_after=2025-01-06 08:21:00+00:00
[2025-01-06T08:21:10.530+0000] {processor.py:208} INFO - Processing /home/airflow/.local/lib/python3.12/site-packages/airflow/example_dags/example_branch_python_dop_operator_3.py took 0.048 seconds
[2025-01-06T08:21:40.711+0000] {processor.py:186} INFO - Started process (PID=301) to work on /home/airflow/.local/lib/python3.12/site-packages/airflow/example_dags/example_branch_python_dop_operator_3.py
[2025-01-06T08:21:40.712+0000] {processor.py:914} INFO - Processing file /home/airflow/.local/lib/python3.12/site-packages/airflow/example_dags/example_branch_python_dop_operator_3.py for tasks to queue
[2025-01-06T08:21:40.714+0000] {logging_mixin.py:190} INFO - [2025-01-06T08:21:40.713+0000] {dagbag.py:588} INFO - Filling up the DagBag from /home/airflow/.local/lib/python3.12/site-packages/airflow/example_dags/example_branch_python_dop_operator_3.py
[2025-01-06T08:21:40.722+0000] {processor.py:925} INFO - DAG(s) 'example_branch_dop_operator_v3' retrieved from /home/airflow/.local/lib/python3.12/site-packages/airflow/example_dags/example_branch_python_dop_operator_3.py
[2025-01-06T08:21:40.736+0000] {logging_mixin.py:190} INFO - [2025-01-06T08:21:40.736+0000] {dag.py:3239} INFO - Sync 1 DAGs
[2025-01-06T08:21:40.758+0000] {logging_mixin.py:190} INFO - [2025-01-06T08:21:40.758+0000] {dag.py:4180} INFO - Setting next_dagrun for example_branch_dop_operator_v3 to 2025-01-06 08:20:00+00:00, run_after=2025-01-06 08:21:00+00:00
[2025-01-06T08:21:40.772+0000] {processor.py:208} INFO - Processing /home/airflow/.local/lib/python3.12/site-packages/airflow/example_dags/example_branch_python_dop_operator_3.py took 0.065 seconds
[2025-01-06T08:22:11.261+0000] {processor.py:186} INFO - Started process (PID=372) to work on /home/airflow/.local/lib/python3.12/site-packages/airflow/example_dags/example_branch_python_dop_operator_3.py
[2025-01-06T08:22:11.262+0000] {processor.py:914} INFO - Processing file /home/airflow/.local/lib/python3.12/site-packages/airflow/example_dags/example_branch_python_dop_operator_3.py for tasks to queue
[2025-01-06T08:22:11.263+0000] {logging_mixin.py:190} INFO - [2025-01-06T08:22:11.263+0000] {dagbag.py:588} INFO - Filling up the DagBag from /home/airflow/.local/lib/python3.12/site-packages/airflow/example_dags/example_branch_python_dop_operator_3.py
[2025-01-06T08:22:11.269+0000] {processor.py:925} INFO - DAG(s) 'example_branch_dop_operator_v3' retrieved from /home/airflow/.local/lib/python3.12/site-packages/airflow/example_dags/example_branch_python_dop_operator_3.py
[2025-01-06T08:22:11.282+0000] {logging_mixin.py:190} INFO - [2025-01-06T08:22:11.282+0000] {dag.py:3239} INFO - Sync 1 DAGs
[2025-01-06T08:22:11.301+0000] {logging_mixin.py:190} INFO - [2025-01-06T08:22:11.301+0000] {dag.py:4180} INFO - Setting next_dagrun for example_branch_dop_operator_v3 to 2025-01-06 08:21:00+00:00, run_after=2025-01-06 08:22:00+00:00
[2025-01-06T08:22:11.314+0000] {processor.py:208} INFO - Processing /home/airflow/.local/lib/python3.12/site-packages/airflow/example_dags/example_branch_python_dop_operator_3.py took 0.057 seconds
[2025-01-06T08:22:41.707+0000] {processor.py:186} INFO - Started process (PID=438) to work on /home/airflow/.local/lib/python3.12/site-packages/airflow/example_dags/example_branch_python_dop_operator_3.py
[2025-01-06T08:22:41.708+0000] {processor.py:914} INFO - Processing file /home/airflow/.local/lib/python3.12/site-packages/airflow/example_dags/example_branch_python_dop_operator_3.py for tasks to queue
[2025-01-06T08:22:41.709+0000] {logging_mixin.py:190} INFO - [2025-01-06T08:22:41.709+0000] {dagbag.py:588} INFO - Filling up the DagBag from /home/airflow/.local/lib/python3.12/site-packages/airflow/example_dags/example_branch_python_dop_operator_3.py
[2025-01-06T08:22:41.715+0000] {processor.py:925} INFO - DAG(s) 'example_branch_dop_operator_v3' retrieved from /home/airflow/.local/lib/python3.12/site-packages/airflow/example_dags/example_branch_python_dop_operator_3.py
[2025-01-06T08:22:41.730+0000] {logging_mixin.py:190} INFO - [2025-01-06T08:22:41.730+0000] {dag.py:3239} INFO - Sync 1 DAGs
[2025-01-06T08:22:41.748+0000] {logging_mixin.py:190} INFO - [2025-01-06T08:22:41.748+0000] {dag.py:4180} INFO - Setting next_dagrun for example_branch_dop_operator_v3 to 2025-01-06 08:21:00+00:00, run_after=2025-01-06 08:22:00+00:00
[2025-01-06T08:22:41.761+0000] {processor.py:208} INFO - Processing /home/airflow/.local/lib/python3.12/site-packages/airflow/example_dags/example_branch_python_dop_operator_3.py took 0.058 seconds
[2025-01-06T08:23:12.122+0000] {processor.py:186} INFO - Started process (PID=509) to work on /home/airflow/.local/lib/python3.12/site-packages/airflow/example_dags/example_branch_python_dop_operator_3.py
[2025-01-06T08:23:12.123+0000] {processor.py:914} INFO - Processing file /home/airflow/.local/lib/python3.12/site-packages/airflow/example_dags/example_branch_python_dop_operator_3.py for tasks to queue
[2025-01-06T08:23:12.125+0000] {logging_mixin.py:190} INFO - [2025-01-06T08:23:12.124+0000] {dagbag.py:588} INFO - Filling up the DagBag from /home/airflow/.local/lib/python3.12/site-packages/airflow/example_dags/example_branch_python_dop_operator_3.py
[2025-01-06T08:23:12.131+0000] {processor.py:925} INFO - DAG(s) 'example_branch_dop_operator_v3' retrieved from /home/airflow/.local/lib/python3.12/site-packages/airflow/example_dags/example_branch_python_dop_operator_3.py
[2025-01-06T08:23:12.148+0000] {logging_mixin.py:190} INFO - [2025-01-06T08:23:12.148+0000] {dag.py:3239} INFO - Sync 1 DAGs
[2025-01-06T08:23:12.168+0000] {logging_mixin.py:190} INFO - [2025-01-06T08:23:12.168+0000] {dag.py:4180} INFO - Setting next_dagrun for example_branch_dop_operator_v3 to 2025-01-06 08:22:00+00:00, run_after=2025-01-06 08:23:00+00:00
[2025-01-06T08:23:12.181+0000] {processor.py:208} INFO - Processing /home/airflow/.local/lib/python3.12/site-packages/airflow/example_dags/example_branch_python_dop_operator_3.py took 0.063 seconds
[2025-01-06T08:23:42.708+0000] {processor.py:186} INFO - Started process (PID=575) to work on /home/airflow/.local/lib/python3.12/site-packages/airflow/example_dags/example_branch_python_dop_operator_3.py
[2025-01-06T08:23:42.709+0000] {processor.py:914} INFO - Processing file /home/airflow/.local/lib/python3.12/site-packages/airflow/example_dags/example_branch_python_dop_operator_3.py for tasks to queue
[2025-01-06T08:23:42.710+0000] {logging_mixin.py:190} INFO - [2025-01-06T08:23:42.710+0000] {dagbag.py:588} INFO - Filling up the DagBag from /home/airflow/.local/lib/python3.12/site-packages/airflow/example_dags/example_branch_python_dop_operator_3.py
[2025-01-06T08:23:42.716+0000] {processor.py:925} INFO - DAG(s) 'example_branch_dop_operator_v3' retrieved from /home/airflow/.local/lib/python3.12/site-packages/airflow/example_dags/example_branch_python_dop_operator_3.py
[2025-01-06T08:23:42.729+0000] {logging_mixin.py:190} INFO - [2025-01-06T08:23:42.729+0000] {dag.py:3239} INFO - Sync 1 DAGs
[2025-01-06T08:23:42.746+0000] {logging_mixin.py:190} INFO - [2025-01-06T08:23:42.746+0000] {dag.py:4180} INFO - Setting next_dagrun for example_branch_dop_operator_v3 to 2025-01-06 08:22:00+00:00, run_after=2025-01-06 08:23:00+00:00
[2025-01-06T08:23:42.758+0000] {processor.py:208} INFO - Processing /home/airflow/.local/lib/python3.12/site-packages/airflow/example_dags/example_branch_python_dop_operator_3.py took 0.054 seconds
[2025-01-06T08:24:13.157+0000] {processor.py:186} INFO - Started process (PID=646) to work on /home/airflow/.local/lib/python3.12/site-packages/airflow/example_dags/example_branch_python_dop_operator_3.py
[2025-01-06T08:24:13.158+0000] {processor.py:914} INFO - Processing file /home/airflow/.local/lib/python3.12/site-packages/airflow/example_dags/example_branch_python_dop_operator_3.py for tasks to queue
[2025-01-06T08:24:13.159+0000] {logging_mixin.py:190} INFO - [2025-01-06T08:24:13.159+0000] {dagbag.py:588} INFO - Filling up the DagBag from /home/airflow/.local/lib/python3.12/site-packages/airflow/example_dags/example_branch_python_dop_operator_3.py
[2025-01-06T08:24:13.164+0000] {processor.py:925} INFO - DAG(s) 'example_branch_dop_operator_v3' retrieved from /home/airflow/.local/lib/python3.12/site-packages/airflow/example_dags/example_branch_python_dop_operator_3.py
[2025-01-06T08:24:13.177+0000] {logging_mixin.py:190} INFO - [2025-01-06T08:24:13.177+0000] {dag.py:3239} INFO - Sync 1 DAGs
[2025-01-06T08:24:13.198+0000] {logging_mixin.py:190} INFO - [2025-01-06T08:24:13.198+0000] {dag.py:4180} INFO - Setting next_dagrun for example_branch_dop_operator_v3 to 2025-01-06 08:23:00+00:00, run_after=2025-01-06 08:24:00+00:00
[2025-01-06T08:24:13.210+0000] {processor.py:208} INFO - Processing /home/airflow/.local/lib/python3.12/site-packages/airflow/example_dags/example_branch_python_dop_operator_3.py took 0.056 seconds
[2025-01-06T08:24:43.528+0000] {processor.py:186} INFO - Started process (PID=712) to work on /home/airflow/.local/lib/python3.12/site-packages/airflow/example_dags/example_branch_python_dop_operator_3.py
[2025-01-06T08:24:43.528+0000] {processor.py:914} INFO - Processing file /home/airflow/.local/lib/python3.12/site-packages/airflow/example_dags/example_branch_python_dop_operator_3.py for tasks to queue
[2025-01-06T08:24:43.530+0000] {logging_mixin.py:190} INFO - [2025-01-06T08:24:43.530+0000] {dagbag.py:588} INFO - Filling up the DagBag from /home/airflow/.local/lib/python3.12/site-packages/airflow/example_dags/example_branch_python_dop_operator_3.py
[2025-01-06T08:24:43.537+0000] {processor.py:925} INFO - DAG(s) 'example_branch_dop_operator_v3' retrieved from /home/airflow/.local/lib/python3.12/site-packages/airflow/example_dags/example_branch_python_dop_operator_3.py
[2025-01-06T08:24:43.548+0000] {logging_mixin.py:190} INFO - [2025-01-06T08:24:43.548+0000] {dag.py:3239} INFO - Sync 1 DAGs
[2025-01-06T08:24:43.563+0000] {logging_mixin.py:190} INFO - [2025-01-06T08:24:43.563+0000] {dag.py:4180} INFO - Setting next_dagrun for example_branch_dop_operator_v3 to 2025-01-06 08:23:00+00:00, run_after=2025-01-06 08:24:00+00:00
[2025-01-06T08:24:43.575+0000] {processor.py:208} INFO - Processing /home/airflow/.local/lib/python3.12/site-packages/airflow/example_dags/example_branch_python_dop_operator_3.py took 0.051 seconds
[2025-01-06T08:25:13.936+0000] {processor.py:186} INFO - Started process (PID=783) to work on /home/airflow/.local/lib/python3.12/site-packages/airflow/example_dags/example_branch_python_dop_operator_3.py
[2025-01-06T08:25:13.937+0000] {processor.py:914} INFO - Processing file /home/airflow/.local/lib/python3.12/site-packages/airflow/example_dags/example_branch_python_dop_operator_3.py for tasks to queue
[2025-01-06T08:25:13.939+0000] {logging_mixin.py:190} INFO - [2025-01-06T08:25:13.938+0000] {dagbag.py:588} INFO - Filling up the DagBag from /home/airflow/.local/lib/python3.12/site-packages/airflow/example_dags/example_branch_python_dop_operator_3.py
[2025-01-06T08:25:13.945+0000] {processor.py:925} INFO - DAG(s) 'example_branch_dop_operator_v3' retrieved from /home/airflow/.local/lib/python3.12/site-packages/airflow/example_dags/example_branch_python_dop_operator_3.py
[2025-01-06T08:25:13.959+0000] {logging_mixin.py:190} INFO - [2025-01-06T08:25:13.958+0000] {dag.py:3239} INFO - Sync 1 DAGs
[2025-01-06T08:25:13.978+0000] {logging_mixin.py:190} INFO - [2025-01-06T08:25:13.978+0000] {dag.py:4180} INFO - Setting next_dagrun for example_branch_dop_operator_v3 to 2025-01-06 08:24:00+00:00, run_after=2025-01-06 08:25:00+00:00
[2025-01-06T08:25:13.989+0000] {processor.py:208} INFO - Processing /home/airflow/.local/lib/python3.12/site-packages/airflow/example_dags/example_branch_python_dop_operator_3.py took 0.057 seconds
[2025-01-06T08:25:44.238+0000] {processor.py:186} INFO - Started process (PID=849) to work on /home/airflow/.local/lib/python3.12/site-packages/airflow/example_dags/example_branch_python_dop_operator_3.py
[2025-01-06T08:25:44.238+0000] {processor.py:914} INFO - Processing file /home/airflow/.local/lib/python3.12/site-packages/airflow/example_dags/example_branch_python_dop_operator_3.py for tasks to queue
[2025-01-06T08:25:44.240+0000] {logging_mixin.py:190} INFO - [2025-01-06T08:25:44.239+0000] {dagbag.py:588} INFO - Filling up the DagBag from /home/airflow/.local/lib/python3.12/site-packages/airflow/example_dags/example_branch_python_dop_operator_3.py
[2025-01-06T08:25:44.245+0000] {processor.py:925} INFO - DAG(s) 'example_branch_dop_operator_v3' retrieved from /home/airflow/.local/lib/python3.12/site-packages/airflow/example_dags/example_branch_python_dop_operator_3.py
[2025-01-06T08:25:44.255+0000] {logging_mixin.py:190} INFO - [2025-01-06T08:25:44.255+0000] {dag.py:3239} INFO - Sync 1 DAGs
[2025-01-06T08:25:44.269+0000] {logging_mixin.py:190} INFO - [2025-01-06T08:25:44.269+0000] {dag.py:4180} INFO - Setting next_dagrun for example_branch_dop_operator_v3 to 2025-01-06 08:24:00+00:00, run_after=2025-01-06 08:25:00+00:00
[2025-01-06T08:25:44.277+0000] {processor.py:208} INFO - Processing /home/airflow/.local/lib/python3.12/site-packages/airflow/example_dags/example_branch_python_dop_operator_3.py took 0.043 seconds
[2025-01-06T08:26:14.685+0000] {processor.py:186} INFO - Started process (PID=920) to work on /home/airflow/.local/lib/python3.12/site-packages/airflow/example_dags/example_branch_python_dop_operator_3.py
[2025-01-06T08:26:14.685+0000] {processor.py:914} INFO - Processing file /home/airflow/.local/lib/python3.12/site-packages/airflow/example_dags/example_branch_python_dop_operator_3.py for tasks to queue
[2025-01-06T08:26:14.686+0000] {logging_mixin.py:190} INFO - [2025-01-06T08:26:14.686+0000] {dagbag.py:588} INFO - Filling up the DagBag from /home/airflow/.local/lib/python3.12/site-packages/airflow/example_dags/example_branch_python_dop_operator_3.py
[2025-01-06T08:26:14.692+0000] {processor.py:925} INFO - DAG(s) 'example_branch_dop_operator_v3' retrieved from /home/airflow/.local/lib/python3.12/site-packages/airflow/example_dags/example_branch_python_dop_operator_3.py
[2025-01-06T08:26:14.708+0000] {logging_mixin.py:190} INFO - [2025-01-06T08:26:14.707+0000] {dag.py:3239} INFO - Sync 1 DAGs
[2025-01-06T08:26:14.725+0000] {logging_mixin.py:190} INFO - [2025-01-06T08:26:14.725+0000] {dag.py:4180} INFO - Setting next_dagrun for example_branch_dop_operator_v3 to 2025-01-06 08:25:00+00:00, run_after=2025-01-06 08:26:00+00:00
[2025-01-06T08:26:14.734+0000] {processor.py:208} INFO - Processing /home/airflow/.local/lib/python3.12/site-packages/airflow/example_dags/example_branch_python_dop_operator_3.py took 0.053 seconds
[2025-01-06T08:26:45.107+0000] {processor.py:186} INFO - Started process (PID=986) to work on /home/airflow/.local/lib/python3.12/site-packages/airflow/example_dags/example_branch_python_dop_operator_3.py
[2025-01-06T08:26:45.108+0000] {processor.py:914} INFO - Processing file /home/airflow/.local/lib/python3.12/site-packages/airflow/example_dags/example_branch_python_dop_operator_3.py for tasks to queue
[2025-01-06T08:26:45.109+0000] {logging_mixin.py:190} INFO - [2025-01-06T08:26:45.109+0000] {dagbag.py:588} INFO - Filling up the DagBag from /home/airflow/.local/lib/python3.12/site-packages/airflow/example_dags/example_branch_python_dop_operator_3.py
[2025-01-06T08:26:45.114+0000] {processor.py:925} INFO - DAG(s) 'example_branch_dop_operator_v3' retrieved from /home/airflow/.local/lib/python3.12/site-packages/airflow/example_dags/example_branch_python_dop_operator_3.py
[2025-01-06T08:26:45.128+0000] {logging_mixin.py:190} INFO - [2025-01-06T08:26:45.128+0000] {dag.py:3239} INFO - Sync 1 DAGs
[2025-01-06T08:26:45.149+0000] {logging_mixin.py:190} INFO - [2025-01-06T08:26:45.149+0000] {dag.py:4180} INFO - Setting next_dagrun for example_branch_dop_operator_v3 to 2025-01-06 08:25:00+00:00, run_after=2025-01-06 08:26:00+00:00
[2025-01-06T08:26:45.166+0000] {processor.py:208} INFO - Processing /home/airflow/.local/lib/python3.12/site-packages/airflow/example_dags/example_branch_python_dop_operator_3.py took 0.062 seconds
[2025-01-06T08:27:15.473+0000] {processor.py:186} INFO - Started process (PID=1057) to work on /home/airflow/.local/lib/python3.12/site-packages/airflow/example_dags/example_branch_python_dop_operator_3.py
[2025-01-06T08:27:15.473+0000] {processor.py:914} INFO - Processing file /home/airflow/.local/lib/python3.12/site-packages/airflow/example_dags/example_branch_python_dop_operator_3.py for tasks to queue
[2025-01-06T08:27:15.474+0000] {logging_mixin.py:190} INFO - [2025-01-06T08:27:15.474+0000] {dagbag.py:588} INFO - Filling up the DagBag from /home/airflow/.local/lib/python3.12/site-packages/airflow/example_dags/example_branch_python_dop_operator_3.py
[2025-01-06T08:27:15.480+0000] {processor.py:925} INFO - DAG(s) 'example_branch_dop_operator_v3' retrieved from /home/airflow/.local/lib/python3.12/site-packages/airflow/example_dags/example_branch_python_dop_operator_3.py
[2025-01-06T08:27:15.490+0000] {logging_mixin.py:190} INFO - [2025-01-06T08:27:15.490+0000] {dag.py:3239} INFO - Sync 1 DAGs
[2025-01-06T08:27:15.505+0000] {logging_mixin.py:190} INFO - [2025-01-06T08:27:15.505+0000] {dag.py:4180} INFO - Setting next_dagrun for example_branch_dop_operator_v3 to 2025-01-06 08:26:00+00:00, run_after=2025-01-06 08:27:00+00:00
[2025-01-06T08:27:15.515+0000] {processor.py:208} INFO - Processing /home/airflow/.local/lib/python3.12/site-packages/airflow/example_dags/example_branch_python_dop_operator_3.py took 0.046 seconds
[2025-01-06T08:27:45.923+0000] {processor.py:186} INFO - Started process (PID=1123) to work on /home/airflow/.local/lib/python3.12/site-packages/airflow/example_dags/example_branch_python_dop_operator_3.py
[2025-01-06T08:27:45.923+0000] {processor.py:914} INFO - Processing file /home/airflow/.local/lib/python3.12/site-packages/airflow/example_dags/example_branch_python_dop_operator_3.py for tasks to queue
[2025-01-06T08:27:45.924+0000] {logging_mixin.py:190} INFO - [2025-01-06T08:27:45.924+0000] {dagbag.py:588} INFO - Filling up the DagBag from /home/airflow/.local/lib/python3.12/site-packages/airflow/example_dags/example_branch_python_dop_operator_3.py
[2025-01-06T08:27:45.930+0000] {processor.py:925} INFO - DAG(s) 'example_branch_dop_operator_v3' retrieved from /home/airflow/.local/lib/python3.12/site-packages/airflow/example_dags/example_branch_python_dop_operator_3.py
[2025-01-06T08:27:45.944+0000] {logging_mixin.py:190} INFO - [2025-01-06T08:27:45.944+0000] {dag.py:3239} INFO - Sync 1 DAGs
[2025-01-06T08:27:45.967+0000] {logging_mixin.py:190} INFO - [2025-01-06T08:27:45.967+0000] {dag.py:4180} INFO - Setting next_dagrun for example_branch_dop_operator_v3 to 2025-01-06 08:26:00+00:00, run_after=2025-01-06 08:27:00+00:00
[2025-01-06T08:27:45.981+0000] {processor.py:208} INFO - Processing /home/airflow/.local/lib/python3.12/site-packages/airflow/example_dags/example_branch_python_dop_operator_3.py took 0.063 seconds
[2025-01-06T08:28:16.185+0000] {processor.py:186} INFO - Started process (PID=1194) to work on /home/airflow/.local/lib/python3.12/site-packages/airflow/example_dags/example_branch_python_dop_operator_3.py
[2025-01-06T08:28:16.185+0000] {processor.py:914} INFO - Processing file /home/airflow/.local/lib/python3.12/site-packages/airflow/example_dags/example_branch_python_dop_operator_3.py for tasks to queue
[2025-01-06T08:28:16.186+0000] {logging_mixin.py:190} INFO - [2025-01-06T08:28:16.186+0000] {dagbag.py:588} INFO - Filling up the DagBag from /home/airflow/.local/lib/python3.12/site-packages/airflow/example_dags/example_branch_python_dop_operator_3.py
[2025-01-06T08:28:16.192+0000] {processor.py:925} INFO - DAG(s) 'example_branch_dop_operator_v3' retrieved from /home/airflow/.local/lib/python3.12/site-packages/airflow/example_dags/example_branch_python_dop_operator_3.py
[2025-01-06T08:28:16.204+0000] {logging_mixin.py:190} INFO - [2025-01-06T08:28:16.204+0000] {dag.py:3239} INFO - Sync 1 DAGs
[2025-01-06T08:28:16.223+0000] {logging_mixin.py:190} INFO - [2025-01-06T08:28:16.222+0000] {dag.py:4180} INFO - Setting next_dagrun for example_branch_dop_operator_v3 to 2025-01-06 08:27:00+00:00, run_after=2025-01-06 08:28:00+00:00
[2025-01-06T08:28:16.235+0000] {processor.py:208} INFO - Processing /home/airflow/.local/lib/python3.12/site-packages/airflow/example_dags/example_branch_python_dop_operator_3.py took 0.054 seconds
[2025-01-06T08:28:46.764+0000] {processor.py:186} INFO - Started process (PID=1260) to work on /home/airflow/.local/lib/python3.12/site-packages/airflow/example_dags/example_branch_python_dop_operator_3.py
[2025-01-06T08:28:46.765+0000] {processor.py:914} INFO - Processing file /home/airflow/.local/lib/python3.12/site-packages/airflow/example_dags/example_branch_python_dop_operator_3.py for tasks to queue
[2025-01-06T08:28:46.766+0000] {logging_mixin.py:190} INFO - [2025-01-06T08:28:46.766+0000] {dagbag.py:588} INFO - Filling up the DagBag from /home/airflow/.local/lib/python3.12/site-packages/airflow/example_dags/example_branch_python_dop_operator_3.py
[2025-01-06T08:28:46.772+0000] {processor.py:925} INFO - DAG(s) 'example_branch_dop_operator_v3' retrieved from /home/airflow/.local/lib/python3.12/site-packages/airflow/example_dags/example_branch_python_dop_operator_3.py
[2025-01-06T08:28:46.783+0000] {logging_mixin.py:190} INFO - [2025-01-06T08:28:46.783+0000] {dag.py:3239} INFO - Sync 1 DAGs
[2025-01-06T08:28:46.798+0000] {logging_mixin.py:190} INFO - [2025-01-06T08:28:46.798+0000] {dag.py:4180} INFO - Setting next_dagrun for example_branch_dop_operator_v3 to 2025-01-06 08:27:00+00:00, run_after=2025-01-06 08:28:00+00:00
[2025-01-06T08:28:46.807+0000] {processor.py:208} INFO - Processing /home/airflow/.local/lib/python3.12/site-packages/airflow/example_dags/example_branch_python_dop_operator_3.py took 0.047 seconds
[2025-01-06T08:29:17.227+0000] {processor.py:186} INFO - Started process (PID=1330) to work on /home/airflow/.local/lib/python3.12/site-packages/airflow/example_dags/example_branch_python_dop_operator_3.py
[2025-01-06T08:29:17.227+0000] {processor.py:914} INFO - Processing file /home/airflow/.local/lib/python3.12/site-packages/airflow/example_dags/example_branch_python_dop_operator_3.py for tasks to queue
[2025-01-06T08:29:17.229+0000] {logging_mixin.py:190} INFO - [2025-01-06T08:29:17.228+0000] {dagbag.py:588} INFO - Filling up the DagBag from /home/airflow/.local/lib/python3.12/site-packages/airflow/example_dags/example_branch_python_dop_operator_3.py
[2025-01-06T08:29:17.234+0000] {processor.py:925} INFO - DAG(s) 'example_branch_dop_operator_v3' retrieved from /home/airflow/.local/lib/python3.12/site-packages/airflow/example_dags/example_branch_python_dop_operator_3.py
[2025-01-06T08:29:17.246+0000] {logging_mixin.py:190} INFO - [2025-01-06T08:29:17.246+0000] {dag.py:3239} INFO - Sync 1 DAGs
[2025-01-06T08:29:17.261+0000] {logging_mixin.py:190} INFO - [2025-01-06T08:29:17.261+0000] {dag.py:4180} INFO - Setting next_dagrun for example_branch_dop_operator_v3 to 2025-01-06 08:28:00+00:00, run_after=2025-01-06 08:29:00+00:00
[2025-01-06T08:29:17.270+0000] {processor.py:208} INFO - Processing /home/airflow/.local/lib/python3.12/site-packages/airflow/example_dags/example_branch_python_dop_operator_3.py took 0.047 seconds
[2025-01-06T08:29:47.588+0000] {processor.py:186} INFO - Started process (PID=1396) to work on /home/airflow/.local/lib/python3.12/site-packages/airflow/example_dags/example_branch_python_dop_operator_3.py
[2025-01-06T08:29:47.589+0000] {processor.py:914} INFO - Processing file /home/airflow/.local/lib/python3.12/site-packages/airflow/example_dags/example_branch_python_dop_operator_3.py for tasks to queue
[2025-01-06T08:29:47.590+0000] {logging_mixin.py:190} INFO - [2025-01-06T08:29:47.590+0000] {dagbag.py:588} INFO - Filling up the DagBag from /home/airflow/.local/lib/python3.12/site-packages/airflow/example_dags/example_branch_python_dop_operator_3.py
[2025-01-06T08:29:47.596+0000] {processor.py:925} INFO - DAG(s) 'example_branch_dop_operator_v3' retrieved from /home/airflow/.local/lib/python3.12/site-packages/airflow/example_dags/example_branch_python_dop_operator_3.py
[2025-01-06T08:29:47.606+0000] {logging_mixin.py:190} INFO - [2025-01-06T08:29:47.606+0000] {dag.py:3239} INFO - Sync 1 DAGs
[2025-01-06T08:29:47.621+0000] {logging_mixin.py:190} INFO - [2025-01-06T08:29:47.621+0000] {dag.py:4180} INFO - Setting next_dagrun for example_branch_dop_operator_v3 to 2025-01-06 08:28:00+00:00, run_after=2025-01-06 08:29:00+00:00
[2025-01-06T08:29:47.630+0000] {processor.py:208} INFO - Processing /home/airflow/.local/lib/python3.12/site-packages/airflow/example_dags/example_branch_python_dop_operator_3.py took 0.045 seconds
[2025-01-06T08:30:18.085+0000] {processor.py:186} INFO - Started process (PID=1472) to work on /home/airflow/.local/lib/python3.12/site-packages/airflow/example_dags/example_branch_python_dop_operator_3.py
[2025-01-06T08:30:18.086+0000] {processor.py:914} INFO - Processing file /home/airflow/.local/lib/python3.12/site-packages/airflow/example_dags/example_branch_python_dop_operator_3.py for tasks to queue
[2025-01-06T08:30:18.087+0000] {logging_mixin.py:190} INFO - [2025-01-06T08:30:18.087+0000] {dagbag.py:588} INFO - Filling up the DagBag from /home/airflow/.local/lib/python3.12/site-packages/airflow/example_dags/example_branch_python_dop_operator_3.py
[2025-01-06T08:30:18.093+0000] {processor.py:925} INFO - DAG(s) 'example_branch_dop_operator_v3' retrieved from /home/airflow/.local/lib/python3.12/site-packages/airflow/example_dags/example_branch_python_dop_operator_3.py
[2025-01-06T08:30:18.109+0000] {logging_mixin.py:190} INFO - [2025-01-06T08:30:18.109+0000] {dag.py:3239} INFO - Sync 1 DAGs
[2025-01-06T08:30:18.125+0000] {logging_mixin.py:190} INFO - [2025-01-06T08:30:18.125+0000] {dag.py:4180} INFO - Setting next_dagrun for example_branch_dop_operator_v3 to 2025-01-06 08:29:00+00:00, run_after=2025-01-06 08:30:00+00:00
[2025-01-06T08:30:18.138+0000] {processor.py:208} INFO - Processing /home/airflow/.local/lib/python3.12/site-packages/airflow/example_dags/example_branch_python_dop_operator_3.py took 0.058 seconds
[2025-01-06T08:30:48.446+0000] {processor.py:186} INFO - Started process (PID=1538) to work on /home/airflow/.local/lib/python3.12/site-packages/airflow/example_dags/example_branch_python_dop_operator_3.py
[2025-01-06T08:30:48.447+0000] {processor.py:914} INFO - Processing file /home/airflow/.local/lib/python3.12/site-packages/airflow/example_dags/example_branch_python_dop_operator_3.py for tasks to queue
[2025-01-06T08:30:48.448+0000] {logging_mixin.py:190} INFO - [2025-01-06T08:30:48.448+0000] {dagbag.py:588} INFO - Filling up the DagBag from /home/airflow/.local/lib/python3.12/site-packages/airflow/example_dags/example_branch_python_dop_operator_3.py
[2025-01-06T08:30:48.453+0000] {processor.py:925} INFO - DAG(s) 'example_branch_dop_operator_v3' retrieved from /home/airflow/.local/lib/python3.12/site-packages/airflow/example_dags/example_branch_python_dop_operator_3.py
[2025-01-06T08:30:48.466+0000] {logging_mixin.py:190} INFO - [2025-01-06T08:30:48.466+0000] {dag.py:3239} INFO - Sync 1 DAGs
[2025-01-06T08:30:48.483+0000] {logging_mixin.py:190} INFO - [2025-01-06T08:30:48.483+0000] {dag.py:4180} INFO - Setting next_dagrun for example_branch_dop_operator_v3 to 2025-01-06 08:29:00+00:00, run_after=2025-01-06 08:30:00+00:00
[2025-01-06T08:30:48.496+0000] {processor.py:208} INFO - Processing /home/airflow/.local/lib/python3.12/site-packages/airflow/example_dags/example_branch_python_dop_operator_3.py took 0.053 seconds
[2025-01-06T08:31:18.903+0000] {processor.py:186} INFO - Started process (PID=1609) to work on /home/airflow/.local/lib/python3.12/site-packages/airflow/example_dags/example_branch_python_dop_operator_3.py
[2025-01-06T08:31:18.903+0000] {processor.py:914} INFO - Processing file /home/airflow/.local/lib/python3.12/site-packages/airflow/example_dags/example_branch_python_dop_operator_3.py for tasks to queue
[2025-01-06T08:31:18.905+0000] {logging_mixin.py:190} INFO - [2025-01-06T08:31:18.904+0000] {dagbag.py:588} INFO - Filling up the DagBag from /home/airflow/.local/lib/python3.12/site-packages/airflow/example_dags/example_branch_python_dop_operator_3.py
[2025-01-06T08:31:18.910+0000] {processor.py:925} INFO - DAG(s) 'example_branch_dop_operator_v3' retrieved from /home/airflow/.local/lib/python3.12/site-packages/airflow/example_dags/example_branch_python_dop_operator_3.py
[2025-01-06T08:31:18.922+0000] {logging_mixin.py:190} INFO - [2025-01-06T08:31:18.921+0000] {dag.py:3239} INFO - Sync 1 DAGs
[2025-01-06T08:31:18.936+0000] {logging_mixin.py:190} INFO - [2025-01-06T08:31:18.936+0000] {dag.py:4180} INFO - Setting next_dagrun for example_branch_dop_operator_v3 to 2025-01-06 08:30:00+00:00, run_after=2025-01-06 08:31:00+00:00
[2025-01-06T08:31:18.946+0000] {processor.py:208} INFO - Processing /home/airflow/.local/lib/python3.12/site-packages/airflow/example_dags/example_branch_python_dop_operator_3.py took 0.047 seconds
[2025-01-06T08:31:49.361+0000] {processor.py:186} INFO - Started process (PID=1675) to work on /home/airflow/.local/lib/python3.12/site-packages/airflow/example_dags/example_branch_python_dop_operator_3.py
[2025-01-06T08:31:49.362+0000] {processor.py:914} INFO - Processing file /home/airflow/.local/lib/python3.12/site-packages/airflow/example_dags/example_branch_python_dop_operator_3.py for tasks to queue
[2025-01-06T08:31:49.363+0000] {logging_mixin.py:190} INFO - [2025-01-06T08:31:49.363+0000] {dagbag.py:588} INFO - Filling up the DagBag from /home/airflow/.local/lib/python3.12/site-packages/airflow/example_dags/example_branch_python_dop_operator_3.py
[2025-01-06T08:31:49.370+0000] {processor.py:925} INFO - DAG(s) 'example_branch_dop_operator_v3' retrieved from /home/airflow/.local/lib/python3.12/site-packages/airflow/example_dags/example_branch_python_dop_operator_3.py
[2025-01-06T08:31:49.387+0000] {logging_mixin.py:190} INFO - [2025-01-06T08:31:49.387+0000] {dag.py:3239} INFO - Sync 1 DAGs
[2025-01-06T08:31:49.408+0000] {logging_mixin.py:190} INFO - [2025-01-06T08:31:49.407+0000] {dag.py:4180} INFO - Setting next_dagrun for example_branch_dop_operator_v3 to 2025-01-06 08:30:00+00:00, run_after=2025-01-06 08:31:00+00:00
[2025-01-06T08:31:49.421+0000] {processor.py:208} INFO - Processing /home/airflow/.local/lib/python3.12/site-packages/airflow/example_dags/example_branch_python_dop_operator_3.py took 0.063 seconds
[2025-01-06T08:32:19.874+0000] {processor.py:186} INFO - Started process (PID=1746) to work on /home/airflow/.local/lib/python3.12/site-packages/airflow/example_dags/example_branch_python_dop_operator_3.py
[2025-01-06T08:32:19.874+0000] {processor.py:914} INFO - Processing file /home/airflow/.local/lib/python3.12/site-packages/airflow/example_dags/example_branch_python_dop_operator_3.py for tasks to queue
[2025-01-06T08:32:19.876+0000] {logging_mixin.py:190} INFO - [2025-01-06T08:32:19.876+0000] {dagbag.py:588} INFO - Filling up the DagBag from /home/airflow/.local/lib/python3.12/site-packages/airflow/example_dags/example_branch_python_dop_operator_3.py
[2025-01-06T08:32:19.882+0000] {processor.py:925} INFO - DAG(s) 'example_branch_dop_operator_v3' retrieved from /home/airflow/.local/lib/python3.12/site-packages/airflow/example_dags/example_branch_python_dop_operator_3.py
[2025-01-06T08:32:19.892+0000] {logging_mixin.py:190} INFO - [2025-01-06T08:32:19.892+0000] {dag.py:3239} INFO - Sync 1 DAGs
[2025-01-06T08:32:19.907+0000] {logging_mixin.py:190} INFO - [2025-01-06T08:32:19.906+0000] {dag.py:4180} INFO - Setting next_dagrun for example_branch_dop_operator_v3 to 2025-01-06 08:31:00+00:00, run_after=2025-01-06 08:32:00+00:00
[2025-01-06T08:32:19.916+0000] {processor.py:208} INFO - Processing /home/airflow/.local/lib/python3.12/site-packages/airflow/example_dags/example_branch_python_dop_operator_3.py took 0.046 seconds
[2025-01-06T08:32:50.364+0000] {processor.py:186} INFO - Started process (PID=1812) to work on /home/airflow/.local/lib/python3.12/site-packages/airflow/example_dags/example_branch_python_dop_operator_3.py
[2025-01-06T08:32:50.365+0000] {processor.py:914} INFO - Processing file /home/airflow/.local/lib/python3.12/site-packages/airflow/example_dags/example_branch_python_dop_operator_3.py for tasks to queue
[2025-01-06T08:32:50.366+0000] {logging_mixin.py:190} INFO - [2025-01-06T08:32:50.366+0000] {dagbag.py:588} INFO - Filling up the DagBag from /home/airflow/.local/lib/python3.12/site-packages/airflow/example_dags/example_branch_python_dop_operator_3.py
[2025-01-06T08:32:50.371+0000] {processor.py:925} INFO - DAG(s) 'example_branch_dop_operator_v3' retrieved from /home/airflow/.local/lib/python3.12/site-packages/airflow/example_dags/example_branch_python_dop_operator_3.py
[2025-01-06T08:32:50.381+0000] {logging_mixin.py:190} INFO - [2025-01-06T08:32:50.381+0000] {dag.py:3239} INFO - Sync 1 DAGs
[2025-01-06T08:32:50.396+0000] {logging_mixin.py:190} INFO - [2025-01-06T08:32:50.396+0000] {dag.py:4180} INFO - Setting next_dagrun for example_branch_dop_operator_v3 to 2025-01-06 08:31:00+00:00, run_after=2025-01-06 08:32:00+00:00
[2025-01-06T08:32:50.406+0000] {processor.py:208} INFO - Processing /home/airflow/.local/lib/python3.12/site-packages/airflow/example_dags/example_branch_python_dop_operator_3.py took 0.045 seconds
[2025-01-06T08:33:20.778+0000] {processor.py:186} INFO - Started process (PID=1883) to work on /home/airflow/.local/lib/python3.12/site-packages/airflow/example_dags/example_branch_python_dop_operator_3.py
[2025-01-06T08:33:20.778+0000] {processor.py:914} INFO - Processing file /home/airflow/.local/lib/python3.12/site-packages/airflow/example_dags/example_branch_python_dop_operator_3.py for tasks to queue
[2025-01-06T08:33:20.780+0000] {logging_mixin.py:190} INFO - [2025-01-06T08:33:20.779+0000] {dagbag.py:588} INFO - Filling up the DagBag from /home/airflow/.local/lib/python3.12/site-packages/airflow/example_dags/example_branch_python_dop_operator_3.py
[2025-01-06T08:33:20.785+0000] {processor.py:925} INFO - DAG(s) 'example_branch_dop_operator_v3' retrieved from /home/airflow/.local/lib/python3.12/site-packages/airflow/example_dags/example_branch_python_dop_operator_3.py
[2025-01-06T08:33:20.798+0000] {logging_mixin.py:190} INFO - [2025-01-06T08:33:20.797+0000] {dag.py:3239} INFO - Sync 1 DAGs
[2025-01-06T08:33:20.819+0000] {logging_mixin.py:190} INFO - [2025-01-06T08:33:20.818+0000] {dag.py:4180} INFO - Setting next_dagrun for example_branch_dop_operator_v3 to 2025-01-06 08:32:00+00:00, run_after=2025-01-06 08:33:00+00:00
[2025-01-06T08:33:20.833+0000] {processor.py:208} INFO - Processing /home/airflow/.local/lib/python3.12/site-packages/airflow/example_dags/example_branch_python_dop_operator_3.py took 0.058 seconds
