[2025-01-06T08:20:09.064+0000] {processor.py:186} INFO - Started process (PID=86) to work on /home/airflow/.local/lib/python3.12/site-packages/airflow/example_dags/tutorial_dag.py
[2025-01-06T08:20:09.064+0000] {processor.py:914} INFO - Processing file /home/airflow/.local/lib/python3.12/site-packages/airflow/example_dags/tutorial_dag.py for tasks to queue
[2025-01-06T08:20:09.066+0000] {logging_mixin.py:190} INFO - [2025-01-06T08:20:09.066+0000] {dagbag.py:588} INFO - Filling up the DagBag from /home/airflow/.local/lib/python3.12/site-packages/airflow/example_dags/tutorial_dag.py
[2025-01-06T08:20:09.070+0000] {processor.py:925} INFO - DAG(s) 'tutorial_dag' retrieved from /home/airflow/.local/lib/python3.12/site-packages/airflow/example_dags/tutorial_dag.py
[2025-01-06T08:20:09.082+0000] {logging_mixin.py:190} INFO - [2025-01-06T08:20:09.081+0000] {dag.py:3239} INFO - Sync 1 DAGs
[2025-01-06T08:20:09.089+0000] {logging_mixin.py:190} INFO - [2025-01-06T08:20:09.089+0000] {dag.py:4180} INFO - Setting next_dagrun for tutorial_dag to None, run_after=None
[2025-01-06T08:20:09.100+0000] {processor.py:208} INFO - Processing /home/airflow/.local/lib/python3.12/site-packages/airflow/example_dags/tutorial_dag.py took 0.041 seconds
[2025-01-06T08:20:39.862+0000] {processor.py:186} INFO - Started process (PID=162) to work on /home/airflow/.local/lib/python3.12/site-packages/airflow/example_dags/tutorial_dag.py
[2025-01-06T08:20:39.862+0000] {processor.py:914} INFO - Processing file /home/airflow/.local/lib/python3.12/site-packages/airflow/example_dags/tutorial_dag.py for tasks to queue
[2025-01-06T08:20:39.863+0000] {logging_mixin.py:190} INFO - [2025-01-06T08:20:39.863+0000] {dagbag.py:588} INFO - Filling up the DagBag from /home/airflow/.local/lib/python3.12/site-packages/airflow/example_dags/tutorial_dag.py
[2025-01-06T08:20:39.867+0000] {processor.py:925} INFO - DAG(s) 'tutorial_dag' retrieved from /home/airflow/.local/lib/python3.12/site-packages/airflow/example_dags/tutorial_dag.py
[2025-01-06T08:20:39.878+0000] {logging_mixin.py:190} INFO - [2025-01-06T08:20:39.877+0000] {dag.py:3239} INFO - Sync 1 DAGs
[2025-01-06T08:20:39.886+0000] {logging_mixin.py:190} INFO - [2025-01-06T08:20:39.886+0000] {dag.py:4180} INFO - Setting next_dagrun for tutorial_dag to None, run_after=None
[2025-01-06T08:20:39.895+0000] {processor.py:208} INFO - Processing /home/airflow/.local/lib/python3.12/site-packages/airflow/example_dags/tutorial_dag.py took 0.037 seconds
[2025-01-06T08:21:10.436+0000] {processor.py:186} INFO - Started process (PID=233) to work on /home/airflow/.local/lib/python3.12/site-packages/airflow/example_dags/tutorial_dag.py
[2025-01-06T08:21:10.437+0000] {processor.py:914} INFO - Processing file /home/airflow/.local/lib/python3.12/site-packages/airflow/example_dags/tutorial_dag.py for tasks to queue
[2025-01-06T08:21:10.438+0000] {logging_mixin.py:190} INFO - [2025-01-06T08:21:10.438+0000] {dagbag.py:588} INFO - Filling up the DagBag from /home/airflow/.local/lib/python3.12/site-packages/airflow/example_dags/tutorial_dag.py
[2025-01-06T08:21:10.442+0000] {processor.py:925} INFO - DAG(s) 'tutorial_dag' retrieved from /home/airflow/.local/lib/python3.12/site-packages/airflow/example_dags/tutorial_dag.py
[2025-01-06T08:21:10.453+0000] {logging_mixin.py:190} INFO - [2025-01-06T08:21:10.453+0000] {dag.py:3239} INFO - Sync 1 DAGs
[2025-01-06T08:21:10.461+0000] {logging_mixin.py:190} INFO - [2025-01-06T08:21:10.461+0000] {dag.py:4180} INFO - Setting next_dagrun for tutorial_dag to None, run_after=None
[2025-01-06T08:21:10.471+0000] {processor.py:208} INFO - Processing /home/airflow/.local/lib/python3.12/site-packages/airflow/example_dags/tutorial_dag.py took 0.040 seconds
[2025-01-06T08:21:40.653+0000] {processor.py:186} INFO - Started process (PID=299) to work on /home/airflow/.local/lib/python3.12/site-packages/airflow/example_dags/tutorial_dag.py
[2025-01-06T08:21:40.654+0000] {processor.py:914} INFO - Processing file /home/airflow/.local/lib/python3.12/site-packages/airflow/example_dags/tutorial_dag.py for tasks to queue
[2025-01-06T08:21:40.655+0000] {logging_mixin.py:190} INFO - [2025-01-06T08:21:40.655+0000] {dagbag.py:588} INFO - Filling up the DagBag from /home/airflow/.local/lib/python3.12/site-packages/airflow/example_dags/tutorial_dag.py
[2025-01-06T08:21:40.659+0000] {processor.py:925} INFO - DAG(s) 'tutorial_dag' retrieved from /home/airflow/.local/lib/python3.12/site-packages/airflow/example_dags/tutorial_dag.py
[2025-01-06T08:21:40.671+0000] {logging_mixin.py:190} INFO - [2025-01-06T08:21:40.671+0000] {dag.py:3239} INFO - Sync 1 DAGs
[2025-01-06T08:21:40.682+0000] {logging_mixin.py:190} INFO - [2025-01-06T08:21:40.682+0000] {dag.py:4180} INFO - Setting next_dagrun for tutorial_dag to None, run_after=None
[2025-01-06T08:21:40.693+0000] {processor.py:208} INFO - Processing /home/airflow/.local/lib/python3.12/site-packages/airflow/example_dags/tutorial_dag.py took 0.043 seconds
[2025-01-06T08:22:11.200+0000] {processor.py:186} INFO - Started process (PID=370) to work on /home/airflow/.local/lib/python3.12/site-packages/airflow/example_dags/tutorial_dag.py
[2025-01-06T08:22:11.201+0000] {processor.py:914} INFO - Processing file /home/airflow/.local/lib/python3.12/site-packages/airflow/example_dags/tutorial_dag.py for tasks to queue
[2025-01-06T08:22:11.202+0000] {logging_mixin.py:190} INFO - [2025-01-06T08:22:11.202+0000] {dagbag.py:588} INFO - Filling up the DagBag from /home/airflow/.local/lib/python3.12/site-packages/airflow/example_dags/tutorial_dag.py
[2025-01-06T08:22:11.207+0000] {processor.py:925} INFO - DAG(s) 'tutorial_dag' retrieved from /home/airflow/.local/lib/python3.12/site-packages/airflow/example_dags/tutorial_dag.py
[2025-01-06T08:22:11.220+0000] {logging_mixin.py:190} INFO - [2025-01-06T08:22:11.220+0000] {dag.py:3239} INFO - Sync 1 DAGs
[2025-01-06T08:22:11.230+0000] {logging_mixin.py:190} INFO - [2025-01-06T08:22:11.230+0000] {dag.py:4180} INFO - Setting next_dagrun for tutorial_dag to None, run_after=None
[2025-01-06T08:22:11.244+0000] {processor.py:208} INFO - Processing /home/airflow/.local/lib/python3.12/site-packages/airflow/example_dags/tutorial_dag.py took 0.047 seconds
[2025-01-06T08:22:41.646+0000] {processor.py:186} INFO - Started process (PID=436) to work on /home/airflow/.local/lib/python3.12/site-packages/airflow/example_dags/tutorial_dag.py
[2025-01-06T08:22:41.647+0000] {processor.py:914} INFO - Processing file /home/airflow/.local/lib/python3.12/site-packages/airflow/example_dags/tutorial_dag.py for tasks to queue
[2025-01-06T08:22:41.648+0000] {logging_mixin.py:190} INFO - [2025-01-06T08:22:41.647+0000] {dagbag.py:588} INFO - Filling up the DagBag from /home/airflow/.local/lib/python3.12/site-packages/airflow/example_dags/tutorial_dag.py
[2025-01-06T08:22:41.652+0000] {processor.py:925} INFO - DAG(s) 'tutorial_dag' retrieved from /home/airflow/.local/lib/python3.12/site-packages/airflow/example_dags/tutorial_dag.py
[2025-01-06T08:22:41.666+0000] {logging_mixin.py:190} INFO - [2025-01-06T08:22:41.666+0000] {dag.py:3239} INFO - Sync 1 DAGs
[2025-01-06T08:22:41.676+0000] {logging_mixin.py:190} INFO - [2025-01-06T08:22:41.675+0000] {dag.py:4180} INFO - Setting next_dagrun for tutorial_dag to None, run_after=None
[2025-01-06T08:22:41.690+0000] {processor.py:208} INFO - Processing /home/airflow/.local/lib/python3.12/site-packages/airflow/example_dags/tutorial_dag.py took 0.047 seconds
[2025-01-06T08:23:12.051+0000] {processor.py:186} INFO - Started process (PID=507) to work on /home/airflow/.local/lib/python3.12/site-packages/airflow/example_dags/tutorial_dag.py
[2025-01-06T08:23:12.052+0000] {processor.py:914} INFO - Processing file /home/airflow/.local/lib/python3.12/site-packages/airflow/example_dags/tutorial_dag.py for tasks to queue
[2025-01-06T08:23:12.053+0000] {logging_mixin.py:190} INFO - [2025-01-06T08:23:12.053+0000] {dagbag.py:588} INFO - Filling up the DagBag from /home/airflow/.local/lib/python3.12/site-packages/airflow/example_dags/tutorial_dag.py
[2025-01-06T08:23:12.057+0000] {processor.py:925} INFO - DAG(s) 'tutorial_dag' retrieved from /home/airflow/.local/lib/python3.12/site-packages/airflow/example_dags/tutorial_dag.py
[2025-01-06T08:23:12.079+0000] {logging_mixin.py:190} INFO - [2025-01-06T08:23:12.079+0000] {dag.py:3239} INFO - Sync 1 DAGs
[2025-01-06T08:23:12.089+0000] {logging_mixin.py:190} INFO - [2025-01-06T08:23:12.089+0000] {dag.py:4180} INFO - Setting next_dagrun for tutorial_dag to None, run_after=None
[2025-01-06T08:23:12.099+0000] {processor.py:208} INFO - Processing /home/airflow/.local/lib/python3.12/site-packages/airflow/example_dags/tutorial_dag.py took 0.051 seconds
[2025-01-06T08:23:42.643+0000] {processor.py:186} INFO - Started process (PID=573) to work on /home/airflow/.local/lib/python3.12/site-packages/airflow/example_dags/tutorial_dag.py
[2025-01-06T08:23:42.644+0000] {processor.py:914} INFO - Processing file /home/airflow/.local/lib/python3.12/site-packages/airflow/example_dags/tutorial_dag.py for tasks to queue
[2025-01-06T08:23:42.645+0000] {logging_mixin.py:190} INFO - [2025-01-06T08:23:42.645+0000] {dagbag.py:588} INFO - Filling up the DagBag from /home/airflow/.local/lib/python3.12/site-packages/airflow/example_dags/tutorial_dag.py
[2025-01-06T08:23:42.650+0000] {processor.py:925} INFO - DAG(s) 'tutorial_dag' retrieved from /home/airflow/.local/lib/python3.12/site-packages/airflow/example_dags/tutorial_dag.py
[2025-01-06T08:23:42.662+0000] {logging_mixin.py:190} INFO - [2025-01-06T08:23:42.662+0000] {dag.py:3239} INFO - Sync 1 DAGs
[2025-01-06T08:23:42.674+0000] {logging_mixin.py:190} INFO - [2025-01-06T08:23:42.674+0000] {dag.py:4180} INFO - Setting next_dagrun for tutorial_dag to None, run_after=None
[2025-01-06T08:23:42.687+0000] {processor.py:208} INFO - Processing /home/airflow/.local/lib/python3.12/site-packages/airflow/example_dags/tutorial_dag.py took 0.047 seconds
[2025-01-06T08:24:13.100+0000] {processor.py:186} INFO - Started process (PID=644) to work on /home/airflow/.local/lib/python3.12/site-packages/airflow/example_dags/tutorial_dag.py
[2025-01-06T08:24:13.101+0000] {processor.py:914} INFO - Processing file /home/airflow/.local/lib/python3.12/site-packages/airflow/example_dags/tutorial_dag.py for tasks to queue
[2025-01-06T08:24:13.102+0000] {logging_mixin.py:190} INFO - [2025-01-06T08:24:13.102+0000] {dagbag.py:588} INFO - Filling up the DagBag from /home/airflow/.local/lib/python3.12/site-packages/airflow/example_dags/tutorial_dag.py
[2025-01-06T08:24:13.106+0000] {processor.py:925} INFO - DAG(s) 'tutorial_dag' retrieved from /home/airflow/.local/lib/python3.12/site-packages/airflow/example_dags/tutorial_dag.py
[2025-01-06T08:24:13.119+0000] {logging_mixin.py:190} INFO - [2025-01-06T08:24:13.119+0000] {dag.py:3239} INFO - Sync 1 DAGs
[2025-01-06T08:24:13.130+0000] {logging_mixin.py:190} INFO - [2025-01-06T08:24:13.129+0000] {dag.py:4180} INFO - Setting next_dagrun for tutorial_dag to None, run_after=None
[2025-01-06T08:24:13.142+0000] {processor.py:208} INFO - Processing /home/airflow/.local/lib/python3.12/site-packages/airflow/example_dags/tutorial_dag.py took 0.045 seconds
[2025-01-06T08:24:43.409+0000] {processor.py:186} INFO - Started process (PID=710) to work on /home/airflow/.local/lib/python3.12/site-packages/airflow/example_dags/tutorial_dag.py
[2025-01-06T08:24:43.409+0000] {processor.py:914} INFO - Processing file /home/airflow/.local/lib/python3.12/site-packages/airflow/example_dags/tutorial_dag.py for tasks to queue
[2025-01-06T08:24:43.410+0000] {logging_mixin.py:190} INFO - [2025-01-06T08:24:43.410+0000] {dagbag.py:588} INFO - Filling up the DagBag from /home/airflow/.local/lib/python3.12/site-packages/airflow/example_dags/tutorial_dag.py
[2025-01-06T08:24:43.414+0000] {processor.py:925} INFO - DAG(s) 'tutorial_dag' retrieved from /home/airflow/.local/lib/python3.12/site-packages/airflow/example_dags/tutorial_dag.py
[2025-01-06T08:24:43.427+0000] {logging_mixin.py:190} INFO - [2025-01-06T08:24:43.427+0000] {dag.py:3239} INFO - Sync 1 DAGs
[2025-01-06T08:24:43.437+0000] {logging_mixin.py:190} INFO - [2025-01-06T08:24:43.437+0000] {dag.py:4180} INFO - Setting next_dagrun for tutorial_dag to None, run_after=None
[2025-01-06T08:24:43.450+0000] {processor.py:208} INFO - Processing /home/airflow/.local/lib/python3.12/site-packages/airflow/example_dags/tutorial_dag.py took 0.044 seconds
[2025-01-06T08:25:13.870+0000] {processor.py:186} INFO - Started process (PID=781) to work on /home/airflow/.local/lib/python3.12/site-packages/airflow/example_dags/tutorial_dag.py
[2025-01-06T08:25:13.871+0000] {processor.py:914} INFO - Processing file /home/airflow/.local/lib/python3.12/site-packages/airflow/example_dags/tutorial_dag.py for tasks to queue
[2025-01-06T08:25:13.872+0000] {logging_mixin.py:190} INFO - [2025-01-06T08:25:13.872+0000] {dagbag.py:588} INFO - Filling up the DagBag from /home/airflow/.local/lib/python3.12/site-packages/airflow/example_dags/tutorial_dag.py
[2025-01-06T08:25:13.877+0000] {processor.py:925} INFO - DAG(s) 'tutorial_dag' retrieved from /home/airflow/.local/lib/python3.12/site-packages/airflow/example_dags/tutorial_dag.py
[2025-01-06T08:25:13.890+0000] {logging_mixin.py:190} INFO - [2025-01-06T08:25:13.890+0000] {dag.py:3239} INFO - Sync 1 DAGs
[2025-01-06T08:25:13.900+0000] {logging_mixin.py:190} INFO - [2025-01-06T08:25:13.900+0000] {dag.py:4180} INFO - Setting next_dagrun for tutorial_dag to None, run_after=None
[2025-01-06T08:25:13.913+0000] {processor.py:208} INFO - Processing /home/airflow/.local/lib/python3.12/site-packages/airflow/example_dags/tutorial_dag.py took 0.047 seconds
[2025-01-06T08:25:44.189+0000] {processor.py:186} INFO - Started process (PID=847) to work on /home/airflow/.local/lib/python3.12/site-packages/airflow/example_dags/tutorial_dag.py
[2025-01-06T08:25:44.190+0000] {processor.py:914} INFO - Processing file /home/airflow/.local/lib/python3.12/site-packages/airflow/example_dags/tutorial_dag.py for tasks to queue
[2025-01-06T08:25:44.191+0000] {logging_mixin.py:190} INFO - [2025-01-06T08:25:44.191+0000] {dagbag.py:588} INFO - Filling up the DagBag from /home/airflow/.local/lib/python3.12/site-packages/airflow/example_dags/tutorial_dag.py
[2025-01-06T08:25:44.194+0000] {processor.py:925} INFO - DAG(s) 'tutorial_dag' retrieved from /home/airflow/.local/lib/python3.12/site-packages/airflow/example_dags/tutorial_dag.py
[2025-01-06T08:25:44.206+0000] {logging_mixin.py:190} INFO - [2025-01-06T08:25:44.205+0000] {dag.py:3239} INFO - Sync 1 DAGs
[2025-01-06T08:25:44.213+0000] {logging_mixin.py:190} INFO - [2025-01-06T08:25:44.213+0000] {dag.py:4180} INFO - Setting next_dagrun for tutorial_dag to None, run_after=None
[2025-01-06T08:25:44.222+0000] {processor.py:208} INFO - Processing /home/airflow/.local/lib/python3.12/site-packages/airflow/example_dags/tutorial_dag.py took 0.036 seconds
[2025-01-06T08:26:14.635+0000] {processor.py:186} INFO - Started process (PID=918) to work on /home/airflow/.local/lib/python3.12/site-packages/airflow/example_dags/tutorial_dag.py
[2025-01-06T08:26:14.636+0000] {processor.py:914} INFO - Processing file /home/airflow/.local/lib/python3.12/site-packages/airflow/example_dags/tutorial_dag.py for tasks to queue
[2025-01-06T08:26:14.637+0000] {logging_mixin.py:190} INFO - [2025-01-06T08:26:14.637+0000] {dagbag.py:588} INFO - Filling up the DagBag from /home/airflow/.local/lib/python3.12/site-packages/airflow/example_dags/tutorial_dag.py
[2025-01-06T08:26:14.641+0000] {processor.py:925} INFO - DAG(s) 'tutorial_dag' retrieved from /home/airflow/.local/lib/python3.12/site-packages/airflow/example_dags/tutorial_dag.py
[2025-01-06T08:26:14.651+0000] {logging_mixin.py:190} INFO - [2025-01-06T08:26:14.651+0000] {dag.py:3239} INFO - Sync 1 DAGs
[2025-01-06T08:26:14.659+0000] {logging_mixin.py:190} INFO - [2025-01-06T08:26:14.659+0000] {dag.py:4180} INFO - Setting next_dagrun for tutorial_dag to None, run_after=None
[2025-01-06T08:26:14.669+0000] {processor.py:208} INFO - Processing /home/airflow/.local/lib/python3.12/site-packages/airflow/example_dags/tutorial_dag.py took 0.037 seconds
[2025-01-06T08:26:44.994+0000] {processor.py:186} INFO - Started process (PID=984) to work on /home/airflow/.local/lib/python3.12/site-packages/airflow/example_dags/tutorial_dag.py
[2025-01-06T08:26:44.995+0000] {processor.py:914} INFO - Processing file /home/airflow/.local/lib/python3.12/site-packages/airflow/example_dags/tutorial_dag.py for tasks to queue
[2025-01-06T08:26:44.996+0000] {logging_mixin.py:190} INFO - [2025-01-06T08:26:44.996+0000] {dagbag.py:588} INFO - Filling up the DagBag from /home/airflow/.local/lib/python3.12/site-packages/airflow/example_dags/tutorial_dag.py
[2025-01-06T08:26:45.000+0000] {processor.py:925} INFO - DAG(s) 'tutorial_dag' retrieved from /home/airflow/.local/lib/python3.12/site-packages/airflow/example_dags/tutorial_dag.py
[2025-01-06T08:26:45.013+0000] {logging_mixin.py:190} INFO - [2025-01-06T08:26:45.013+0000] {dag.py:3239} INFO - Sync 1 DAGs
[2025-01-06T08:26:45.022+0000] {logging_mixin.py:190} INFO - [2025-01-06T08:26:45.022+0000] {dag.py:4180} INFO - Setting next_dagrun for tutorial_dag to None, run_after=None
[2025-01-06T08:26:45.032+0000] {processor.py:208} INFO - Processing /home/airflow/.local/lib/python3.12/site-packages/airflow/example_dags/tutorial_dag.py took 0.040 seconds
[2025-01-06T08:27:15.361+0000] {processor.py:186} INFO - Started process (PID=1054) to work on /home/airflow/.local/lib/python3.12/site-packages/airflow/example_dags/tutorial_dag.py
[2025-01-06T08:27:15.362+0000] {processor.py:914} INFO - Processing file /home/airflow/.local/lib/python3.12/site-packages/airflow/example_dags/tutorial_dag.py for tasks to queue
[2025-01-06T08:27:15.363+0000] {logging_mixin.py:190} INFO - [2025-01-06T08:27:15.363+0000] {dagbag.py:588} INFO - Filling up the DagBag from /home/airflow/.local/lib/python3.12/site-packages/airflow/example_dags/tutorial_dag.py
[2025-01-06T08:27:15.367+0000] {processor.py:925} INFO - DAG(s) 'tutorial_dag' retrieved from /home/airflow/.local/lib/python3.12/site-packages/airflow/example_dags/tutorial_dag.py
[2025-01-06T08:27:15.380+0000] {logging_mixin.py:190} INFO - [2025-01-06T08:27:15.379+0000] {dag.py:3239} INFO - Sync 1 DAGs
[2025-01-06T08:27:15.388+0000] {logging_mixin.py:190} INFO - [2025-01-06T08:27:15.388+0000] {dag.py:4180} INFO - Setting next_dagrun for tutorial_dag to None, run_after=None
[2025-01-06T08:27:15.397+0000] {processor.py:208} INFO - Processing /home/airflow/.local/lib/python3.12/site-packages/airflow/example_dags/tutorial_dag.py took 0.038 seconds
[2025-01-06T08:27:45.871+0000] {processor.py:186} INFO - Started process (PID=1121) to work on /home/airflow/.local/lib/python3.12/site-packages/airflow/example_dags/tutorial_dag.py
[2025-01-06T08:27:45.871+0000] {processor.py:914} INFO - Processing file /home/airflow/.local/lib/python3.12/site-packages/airflow/example_dags/tutorial_dag.py for tasks to queue
[2025-01-06T08:27:45.872+0000] {logging_mixin.py:190} INFO - [2025-01-06T08:27:45.872+0000] {dagbag.py:588} INFO - Filling up the DagBag from /home/airflow/.local/lib/python3.12/site-packages/airflow/example_dags/tutorial_dag.py
[2025-01-06T08:27:45.876+0000] {processor.py:925} INFO - DAG(s) 'tutorial_dag' retrieved from /home/airflow/.local/lib/python3.12/site-packages/airflow/example_dags/tutorial_dag.py
[2025-01-06T08:27:45.890+0000] {logging_mixin.py:190} INFO - [2025-01-06T08:27:45.890+0000] {dag.py:3239} INFO - Sync 1 DAGs
[2025-01-06T08:27:45.899+0000] {logging_mixin.py:190} INFO - [2025-01-06T08:27:45.898+0000] {dag.py:4180} INFO - Setting next_dagrun for tutorial_dag to None, run_after=None
[2025-01-06T08:27:45.908+0000] {processor.py:208} INFO - Processing /home/airflow/.local/lib/python3.12/site-packages/airflow/example_dags/tutorial_dag.py took 0.042 seconds
[2025-01-06T08:28:16.137+0000] {processor.py:186} INFO - Started process (PID=1192) to work on /home/airflow/.local/lib/python3.12/site-packages/airflow/example_dags/tutorial_dag.py
[2025-01-06T08:28:16.137+0000] {processor.py:914} INFO - Processing file /home/airflow/.local/lib/python3.12/site-packages/airflow/example_dags/tutorial_dag.py for tasks to queue
[2025-01-06T08:28:16.138+0000] {logging_mixin.py:190} INFO - [2025-01-06T08:28:16.138+0000] {dagbag.py:588} INFO - Filling up the DagBag from /home/airflow/.local/lib/python3.12/site-packages/airflow/example_dags/tutorial_dag.py
[2025-01-06T08:28:16.142+0000] {processor.py:925} INFO - DAG(s) 'tutorial_dag' retrieved from /home/airflow/.local/lib/python3.12/site-packages/airflow/example_dags/tutorial_dag.py
[2025-01-06T08:28:16.153+0000] {logging_mixin.py:190} INFO - [2025-01-06T08:28:16.153+0000] {dag.py:3239} INFO - Sync 1 DAGs
[2025-01-06T08:28:16.161+0000] {logging_mixin.py:190} INFO - [2025-01-06T08:28:16.161+0000] {dag.py:4180} INFO - Setting next_dagrun for tutorial_dag to None, run_after=None
[2025-01-06T08:28:16.171+0000] {processor.py:208} INFO - Processing /home/airflow/.local/lib/python3.12/site-packages/airflow/example_dags/tutorial_dag.py took 0.037 seconds
[2025-01-06T08:28:46.713+0000] {processor.py:186} INFO - Started process (PID=1258) to work on /home/airflow/.local/lib/python3.12/site-packages/airflow/example_dags/tutorial_dag.py
[2025-01-06T08:28:46.714+0000] {processor.py:914} INFO - Processing file /home/airflow/.local/lib/python3.12/site-packages/airflow/example_dags/tutorial_dag.py for tasks to queue
[2025-01-06T08:28:46.715+0000] {logging_mixin.py:190} INFO - [2025-01-06T08:28:46.715+0000] {dagbag.py:588} INFO - Filling up the DagBag from /home/airflow/.local/lib/python3.12/site-packages/airflow/example_dags/tutorial_dag.py
[2025-01-06T08:28:46.719+0000] {processor.py:925} INFO - DAG(s) 'tutorial_dag' retrieved from /home/airflow/.local/lib/python3.12/site-packages/airflow/example_dags/tutorial_dag.py
[2025-01-06T08:28:46.730+0000] {logging_mixin.py:190} INFO - [2025-01-06T08:28:46.730+0000] {dag.py:3239} INFO - Sync 1 DAGs
[2025-01-06T08:28:46.738+0000] {logging_mixin.py:190} INFO - [2025-01-06T08:28:46.738+0000] {dag.py:4180} INFO - Setting next_dagrun for tutorial_dag to None, run_after=None
[2025-01-06T08:28:46.748+0000] {processor.py:208} INFO - Processing /home/airflow/.local/lib/python3.12/site-packages/airflow/example_dags/tutorial_dag.py took 0.038 seconds
[2025-01-06T08:29:17.119+0000] {processor.py:186} INFO - Started process (PID=1328) to work on /home/airflow/.local/lib/python3.12/site-packages/airflow/example_dags/tutorial_dag.py
[2025-01-06T08:29:17.120+0000] {processor.py:914} INFO - Processing file /home/airflow/.local/lib/python3.12/site-packages/airflow/example_dags/tutorial_dag.py for tasks to queue
[2025-01-06T08:29:17.121+0000] {logging_mixin.py:190} INFO - [2025-01-06T08:29:17.121+0000] {dagbag.py:588} INFO - Filling up the DagBag from /home/airflow/.local/lib/python3.12/site-packages/airflow/example_dags/tutorial_dag.py
[2025-01-06T08:29:17.125+0000] {processor.py:925} INFO - DAG(s) 'tutorial_dag' retrieved from /home/airflow/.local/lib/python3.12/site-packages/airflow/example_dags/tutorial_dag.py
[2025-01-06T08:29:17.137+0000] {logging_mixin.py:190} INFO - [2025-01-06T08:29:17.136+0000] {dag.py:3239} INFO - Sync 1 DAGs
[2025-01-06T08:29:17.145+0000] {logging_mixin.py:190} INFO - [2025-01-06T08:29:17.145+0000] {dag.py:4180} INFO - Setting next_dagrun for tutorial_dag to None, run_after=None
[2025-01-06T08:29:17.156+0000] {processor.py:208} INFO - Processing /home/airflow/.local/lib/python3.12/site-packages/airflow/example_dags/tutorial_dag.py took 0.040 seconds
[2025-01-06T08:29:47.540+0000] {processor.py:186} INFO - Started process (PID=1394) to work on /home/airflow/.local/lib/python3.12/site-packages/airflow/example_dags/tutorial_dag.py
[2025-01-06T08:29:47.541+0000] {processor.py:914} INFO - Processing file /home/airflow/.local/lib/python3.12/site-packages/airflow/example_dags/tutorial_dag.py for tasks to queue
[2025-01-06T08:29:47.542+0000] {logging_mixin.py:190} INFO - [2025-01-06T08:29:47.542+0000] {dagbag.py:588} INFO - Filling up the DagBag from /home/airflow/.local/lib/python3.12/site-packages/airflow/example_dags/tutorial_dag.py
[2025-01-06T08:29:47.546+0000] {processor.py:925} INFO - DAG(s) 'tutorial_dag' retrieved from /home/airflow/.local/lib/python3.12/site-packages/airflow/example_dags/tutorial_dag.py
[2025-01-06T08:29:47.557+0000] {logging_mixin.py:190} INFO - [2025-01-06T08:29:47.557+0000] {dag.py:3239} INFO - Sync 1 DAGs
[2025-01-06T08:29:47.565+0000] {logging_mixin.py:190} INFO - [2025-01-06T08:29:47.565+0000] {dag.py:4180} INFO - Setting next_dagrun for tutorial_dag to None, run_after=None
[2025-01-06T08:29:47.573+0000] {processor.py:208} INFO - Processing /home/airflow/.local/lib/python3.12/site-packages/airflow/example_dags/tutorial_dag.py took 0.037 seconds
[2025-01-06T08:30:18.016+0000] {processor.py:186} INFO - Started process (PID=1470) to work on /home/airflow/.local/lib/python3.12/site-packages/airflow/example_dags/tutorial_dag.py
[2025-01-06T08:30:18.016+0000] {processor.py:914} INFO - Processing file /home/airflow/.local/lib/python3.12/site-packages/airflow/example_dags/tutorial_dag.py for tasks to queue
[2025-01-06T08:30:18.018+0000] {logging_mixin.py:190} INFO - [2025-01-06T08:30:18.018+0000] {dagbag.py:588} INFO - Filling up the DagBag from /home/airflow/.local/lib/python3.12/site-packages/airflow/example_dags/tutorial_dag.py
[2025-01-06T08:30:18.023+0000] {processor.py:925} INFO - DAG(s) 'tutorial_dag' retrieved from /home/airflow/.local/lib/python3.12/site-packages/airflow/example_dags/tutorial_dag.py
[2025-01-06T08:30:18.037+0000] {logging_mixin.py:190} INFO - [2025-01-06T08:30:18.037+0000] {dag.py:3239} INFO - Sync 1 DAGs
[2025-01-06T08:30:18.050+0000] {logging_mixin.py:190} INFO - [2025-01-06T08:30:18.049+0000] {dag.py:4180} INFO - Setting next_dagrun for tutorial_dag to None, run_after=None
[2025-01-06T08:30:18.065+0000] {processor.py:208} INFO - Processing /home/airflow/.local/lib/python3.12/site-packages/airflow/example_dags/tutorial_dag.py took 0.053 seconds
[2025-01-06T08:30:48.396+0000] {processor.py:186} INFO - Started process (PID=1536) to work on /home/airflow/.local/lib/python3.12/site-packages/airflow/example_dags/tutorial_dag.py
[2025-01-06T08:30:48.397+0000] {processor.py:914} INFO - Processing file /home/airflow/.local/lib/python3.12/site-packages/airflow/example_dags/tutorial_dag.py for tasks to queue
[2025-01-06T08:30:48.398+0000] {logging_mixin.py:190} INFO - [2025-01-06T08:30:48.398+0000] {dagbag.py:588} INFO - Filling up the DagBag from /home/airflow/.local/lib/python3.12/site-packages/airflow/example_dags/tutorial_dag.py
[2025-01-06T08:30:48.402+0000] {processor.py:925} INFO - DAG(s) 'tutorial_dag' retrieved from /home/airflow/.local/lib/python3.12/site-packages/airflow/example_dags/tutorial_dag.py
[2025-01-06T08:30:48.413+0000] {logging_mixin.py:190} INFO - [2025-01-06T08:30:48.413+0000] {dag.py:3239} INFO - Sync 1 DAGs
[2025-01-06T08:30:48.421+0000] {logging_mixin.py:190} INFO - [2025-01-06T08:30:48.421+0000] {dag.py:4180} INFO - Setting next_dagrun for tutorial_dag to None, run_after=None
[2025-01-06T08:30:48.431+0000] {processor.py:208} INFO - Processing /home/airflow/.local/lib/python3.12/site-packages/airflow/example_dags/tutorial_dag.py took 0.037 seconds
[2025-01-06T08:31:18.853+0000] {processor.py:186} INFO - Started process (PID=1607) to work on /home/airflow/.local/lib/python3.12/site-packages/airflow/example_dags/tutorial_dag.py
[2025-01-06T08:31:18.854+0000] {processor.py:914} INFO - Processing file /home/airflow/.local/lib/python3.12/site-packages/airflow/example_dags/tutorial_dag.py for tasks to queue
[2025-01-06T08:31:18.855+0000] {logging_mixin.py:190} INFO - [2025-01-06T08:31:18.855+0000] {dagbag.py:588} INFO - Filling up the DagBag from /home/airflow/.local/lib/python3.12/site-packages/airflow/example_dags/tutorial_dag.py
[2025-01-06T08:31:18.860+0000] {processor.py:925} INFO - DAG(s) 'tutorial_dag' retrieved from /home/airflow/.local/lib/python3.12/site-packages/airflow/example_dags/tutorial_dag.py
[2025-01-06T08:31:18.872+0000] {logging_mixin.py:190} INFO - [2025-01-06T08:31:18.871+0000] {dag.py:3239} INFO - Sync 1 DAGs
[2025-01-06T08:31:18.879+0000] {logging_mixin.py:190} INFO - [2025-01-06T08:31:18.879+0000] {dag.py:4180} INFO - Setting next_dagrun for tutorial_dag to None, run_after=None
[2025-01-06T08:31:18.889+0000] {processor.py:208} INFO - Processing /home/airflow/.local/lib/python3.12/site-packages/airflow/example_dags/tutorial_dag.py took 0.039 seconds
[2025-01-06T08:31:49.303+0000] {processor.py:186} INFO - Started process (PID=1673) to work on /home/airflow/.local/lib/python3.12/site-packages/airflow/example_dags/tutorial_dag.py
[2025-01-06T08:31:49.303+0000] {processor.py:914} INFO - Processing file /home/airflow/.local/lib/python3.12/site-packages/airflow/example_dags/tutorial_dag.py for tasks to queue
[2025-01-06T08:31:49.304+0000] {logging_mixin.py:190} INFO - [2025-01-06T08:31:49.304+0000] {dagbag.py:588} INFO - Filling up the DagBag from /home/airflow/.local/lib/python3.12/site-packages/airflow/example_dags/tutorial_dag.py
[2025-01-06T08:31:49.308+0000] {processor.py:925} INFO - DAG(s) 'tutorial_dag' retrieved from /home/airflow/.local/lib/python3.12/site-packages/airflow/example_dags/tutorial_dag.py
[2025-01-06T08:31:49.322+0000] {logging_mixin.py:190} INFO - [2025-01-06T08:31:49.322+0000] {dag.py:3239} INFO - Sync 1 DAGs
[2025-01-06T08:31:49.332+0000] {logging_mixin.py:190} INFO - [2025-01-06T08:31:49.332+0000] {dag.py:4180} INFO - Setting next_dagrun for tutorial_dag to None, run_after=None
[2025-01-06T08:31:49.346+0000] {processor.py:208} INFO - Processing /home/airflow/.local/lib/python3.12/site-packages/airflow/example_dags/tutorial_dag.py took 0.047 seconds
[2025-01-06T08:32:19.823+0000] {processor.py:186} INFO - Started process (PID=1744) to work on /home/airflow/.local/lib/python3.12/site-packages/airflow/example_dags/tutorial_dag.py
[2025-01-06T08:32:19.824+0000] {processor.py:914} INFO - Processing file /home/airflow/.local/lib/python3.12/site-packages/airflow/example_dags/tutorial_dag.py for tasks to queue
[2025-01-06T08:32:19.825+0000] {logging_mixin.py:190} INFO - [2025-01-06T08:32:19.825+0000] {dagbag.py:588} INFO - Filling up the DagBag from /home/airflow/.local/lib/python3.12/site-packages/airflow/example_dags/tutorial_dag.py
[2025-01-06T08:32:19.830+0000] {processor.py:925} INFO - DAG(s) 'tutorial_dag' retrieved from /home/airflow/.local/lib/python3.12/site-packages/airflow/example_dags/tutorial_dag.py
[2025-01-06T08:32:19.840+0000] {logging_mixin.py:190} INFO - [2025-01-06T08:32:19.840+0000] {dag.py:3239} INFO - Sync 1 DAGs
[2025-01-06T08:32:19.848+0000] {logging_mixin.py:190} INFO - [2025-01-06T08:32:19.848+0000] {dag.py:4180} INFO - Setting next_dagrun for tutorial_dag to None, run_after=None
[2025-01-06T08:32:19.857+0000] {processor.py:208} INFO - Processing /home/airflow/.local/lib/python3.12/site-packages/airflow/example_dags/tutorial_dag.py took 0.038 seconds
[2025-01-06T08:32:50.304+0000] {processor.py:186} INFO - Started process (PID=1810) to work on /home/airflow/.local/lib/python3.12/site-packages/airflow/example_dags/tutorial_dag.py
[2025-01-06T08:32:50.305+0000] {processor.py:914} INFO - Processing file /home/airflow/.local/lib/python3.12/site-packages/airflow/example_dags/tutorial_dag.py for tasks to queue
[2025-01-06T08:32:50.306+0000] {logging_mixin.py:190} INFO - [2025-01-06T08:32:50.306+0000] {dagbag.py:588} INFO - Filling up the DagBag from /home/airflow/.local/lib/python3.12/site-packages/airflow/example_dags/tutorial_dag.py
[2025-01-06T08:32:50.310+0000] {processor.py:925} INFO - DAG(s) 'tutorial_dag' retrieved from /home/airflow/.local/lib/python3.12/site-packages/airflow/example_dags/tutorial_dag.py
[2025-01-06T08:32:50.324+0000] {logging_mixin.py:190} INFO - [2025-01-06T08:32:50.323+0000] {dag.py:3239} INFO - Sync 1 DAGs
[2025-01-06T08:32:50.335+0000] {logging_mixin.py:190} INFO - [2025-01-06T08:32:50.335+0000] {dag.py:4180} INFO - Setting next_dagrun for tutorial_dag to None, run_after=None
[2025-01-06T08:32:50.349+0000] {processor.py:208} INFO - Processing /home/airflow/.local/lib/python3.12/site-packages/airflow/example_dags/tutorial_dag.py took 0.048 seconds
[2025-01-06T08:33:20.662+0000] {processor.py:186} INFO - Started process (PID=1881) to work on /home/airflow/.local/lib/python3.12/site-packages/airflow/example_dags/tutorial_dag.py
[2025-01-06T08:33:20.662+0000] {processor.py:914} INFO - Processing file /home/airflow/.local/lib/python3.12/site-packages/airflow/example_dags/tutorial_dag.py for tasks to queue
[2025-01-06T08:33:20.664+0000] {logging_mixin.py:190} INFO - [2025-01-06T08:33:20.663+0000] {dagbag.py:588} INFO - Filling up the DagBag from /home/airflow/.local/lib/python3.12/site-packages/airflow/example_dags/tutorial_dag.py
[2025-01-06T08:33:20.668+0000] {processor.py:925} INFO - DAG(s) 'tutorial_dag' retrieved from /home/airflow/.local/lib/python3.12/site-packages/airflow/example_dags/tutorial_dag.py
[2025-01-06T08:33:20.681+0000] {logging_mixin.py:190} INFO - [2025-01-06T08:33:20.680+0000] {dag.py:3239} INFO - Sync 1 DAGs
[2025-01-06T08:33:20.690+0000] {logging_mixin.py:190} INFO - [2025-01-06T08:33:20.689+0000] {dag.py:4180} INFO - Setting next_dagrun for tutorial_dag to None, run_after=None
[2025-01-06T08:33:20.700+0000] {processor.py:208} INFO - Processing /home/airflow/.local/lib/python3.12/site-packages/airflow/example_dags/tutorial_dag.py took 0.043 seconds
