[2024-11-29T12:10:01.401+0000] {local_task_job_runner.py:123} INFO - ::group::Pre task execution logs
[2024-11-29T12:10:01.411+0000] {taskinstance.py:2612} INFO - Dependencies all met for dep_context=non-requeueable deps ti=<TaskInstance: projet_groupe.push scheduled__2024-11-29T12:09:00+00:00 [queued]>
[2024-11-29T12:10:01.417+0000] {taskinstance.py:2612} INFO - Dependencies all met for dep_context=requeueable deps ti=<TaskInstance: projet_groupe.push scheduled__2024-11-29T12:09:00+00:00 [queued]>
[2024-11-29T12:10:01.417+0000] {taskinstance.py:2865} INFO - Starting attempt 1 of 1
[2024-11-29T12:10:01.428+0000] {taskinstance.py:2888} INFO - Executing <Task(PythonOperator): push> on 2024-11-29 12:09:00+00:00
[2024-11-29T12:10:01.436+0000] {warnings.py:112} WARNING - /home/***/.local/lib/python3.12/site-packages/***/task/task_runner/standard_task_runner.py:70: DeprecationWarning: This process (pid=26083) is multi-threaded, use of fork() may lead to deadlocks in the child.
  pid = os.fork()

[2024-11-29T12:10:01.438+0000] {standard_task_runner.py:72} INFO - Started process 26093 to run task
[2024-11-29T12:10:01.438+0000] {standard_task_runner.py:104} INFO - Running: ['***', 'tasks', 'run', 'projet_groupe', 'push', 'scheduled__2024-11-29T12:09:00+00:00', '--job-id', '35088', '--raw', '--subdir', 'DAGS_FOLDER/projet.py', '--cfg-path', '/tmp/tmpp_w5h2mj']
[2024-11-29T12:10:01.439+0000] {standard_task_runner.py:105} INFO - Job 35088: Subtask push
[2024-11-29T12:10:01.470+0000] {task_command.py:467} INFO - Running <TaskInstance: projet_groupe.push scheduled__2024-11-29T12:09:00+00:00 [running]> on host 5365fe4338c6
[2024-11-29T12:10:01.517+0000] {taskinstance.py:3131} INFO - Exporting env vars: AIRFLOW_CTX_DAG_OWNER='***' AIRFLOW_CTX_DAG_ID='projet_groupe' AIRFLOW_CTX_TASK_ID='push' AIRFLOW_CTX_EXECUTION_DATE='2024-11-29T12:09:00+00:00' AIRFLOW_CTX_TRY_NUMBER='1' AIRFLOW_CTX_DAG_RUN_ID='scheduled__2024-11-29T12:09:00+00:00'
[2024-11-29T12:10:01.518+0000] {logging_mixin.py:190} INFO - Task instance is in running state
[2024-11-29T12:10:01.518+0000] {logging_mixin.py:190} INFO -  Previous state of the Task instance: queued
[2024-11-29T12:10:01.519+0000] {logging_mixin.py:190} INFO - Current task name:push state:running start_date:2024-11-29 12:10:01.412167+00:00
[2024-11-29T12:10:01.519+0000] {logging_mixin.py:190} INFO - Dag name:projet_groupe and current dag run status:running
[2024-11-29T12:10:01.519+0000] {taskinstance.py:731} INFO - ::endgroup::
[2024-11-29T12:10:01.721+0000] {logging_mixin.py:190} INFO - 200
[2024-11-29T12:10:01.722+0000] {python.py:240} INFO - Done. Returned value was: ['aed', 'ars', 'aud', 'bch', 'bdt', 'bhd', 'bmd', 'bnb', 'brl', 'btc', 'cad', 'chf', 'clp', 'cny', 'czk', 'dkk', 'dot', 'eos', 'eth', 'eur', 'gbp', 'gel', 'hkd', 'huf', 'idr', 'ils', 'inr', 'jpy', 'krw', 'kwd', 'lkr', 'ltc', 'mmk', 'mxn', 'myr', 'ngn', 'nok', 'nzd', 'php', 'pkr', 'pln', 'rub', 'sar', 'sek', 'sgd', 'thb', 'try', 'twd', 'uah', 'usd', 'vef', 'vnd', 'xag', 'xau', 'xdr', 'xlm', 'xrp', 'yfi', 'zar', 'bits', 'link', 'sats']
[2024-11-29T12:10:01.774+0000] {taskinstance.py:340} INFO - ::group::Post task execution logs
[2024-11-29T12:10:01.775+0000] {taskinstance.py:352} INFO - Marking task as SUCCESS. dag_id=projet_groupe, task_id=push, run_id=scheduled__2024-11-29T12:09:00+00:00, execution_date=20241129T120900, start_date=20241129T121001, end_date=20241129T121001
[2024-11-29T12:10:01.792+0000] {logging_mixin.py:190} INFO - Task instance in success state
[2024-11-29T12:10:01.793+0000] {logging_mixin.py:190} INFO -  Previous state of the Task instance: running
[2024-11-29T12:10:01.793+0000] {logging_mixin.py:190} INFO - Dag name:projet_groupe queued_at:2024-11-29 12:10:00.531958+00:00
[2024-11-29T12:10:01.794+0000] {logging_mixin.py:190} INFO - Task hostname:5365fe4338c6 operator:PythonOperator
[2024-11-29T12:10:01.812+0000] {local_task_job_runner.py:266} INFO - Task exited with return code 0
[2024-11-29T12:10:01.834+0000] {taskinstance.py:3900} INFO - 0 downstream tasks scheduled from follow-on schedule check
[2024-11-29T12:10:01.835+0000] {local_task_job_runner.py:245} INFO - ::endgroup::
