[2024-11-22T12:20:02.617+0000] {local_task_job_runner.py:123} INFO - ::group::Pre task execution logs
[2024-11-22T12:20:02.627+0000] {taskinstance.py:2612} INFO - Dependencies all met for dep_context=non-requeueable deps ti=<TaskInstance: projet_group.push scheduled__2024-11-22T12:10:00+00:00 [queued]>
[2024-11-22T12:20:02.631+0000] {taskinstance.py:2612} INFO - Dependencies all met for dep_context=requeueable deps ti=<TaskInstance: projet_group.push scheduled__2024-11-22T12:10:00+00:00 [queued]>
[2024-11-22T12:20:02.631+0000] {taskinstance.py:2865} INFO - Starting attempt 1 of 1
[2024-11-22T12:20:02.639+0000] {taskinstance.py:2888} INFO - Executing <Task(PythonOperator): push> on 2024-11-22 12:10:00+00:00
[2024-11-22T12:20:02.644+0000] {warnings.py:112} WARNING - /home/***/.local/lib/python3.12/site-packages/***/task/task_runner/standard_task_runner.py:70: DeprecationWarning: This process (pid=9442) is multi-threaded, use of fork() may lead to deadlocks in the child.
  pid = os.fork()

[2024-11-22T12:20:02.645+0000] {standard_task_runner.py:72} INFO - Started process 9445 to run task
[2024-11-22T12:20:02.646+0000] {standard_task_runner.py:104} INFO - Running: ['***', 'tasks', 'run', 'projet_group', 'push', 'scheduled__2024-11-22T12:10:00+00:00', '--job-id', '23802', '--raw', '--subdir', 'DAGS_FOLDER/projet_group.py', '--cfg-path', '/tmp/tmpcno2_wer']
[2024-11-22T12:20:02.647+0000] {standard_task_runner.py:105} INFO - Job 23802: Subtask push
[2024-11-22T12:20:02.680+0000] {task_command.py:467} INFO - Running <TaskInstance: projet_group.push scheduled__2024-11-22T12:10:00+00:00 [running]> on host 5365fe4338c6
[2024-11-22T12:20:02.737+0000] {taskinstance.py:3131} INFO - Exporting env vars: AIRFLOW_CTX_DAG_OWNER='***' AIRFLOW_CTX_DAG_ID='projet_group' AIRFLOW_CTX_TASK_ID='push' AIRFLOW_CTX_EXECUTION_DATE='2024-11-22T12:10:00+00:00' AIRFLOW_CTX_TRY_NUMBER='1' AIRFLOW_CTX_DAG_RUN_ID='scheduled__2024-11-22T12:10:00+00:00'
[2024-11-22T12:20:02.738+0000] {logging_mixin.py:190} INFO - Task instance is in running state
[2024-11-22T12:20:02.738+0000] {logging_mixin.py:190} INFO -  Previous state of the Task instance: queued
[2024-11-22T12:20:02.738+0000] {logging_mixin.py:190} INFO - Current task name:push state:running start_date:2024-11-22 12:20:02.627257+00:00
[2024-11-22T12:20:02.738+0000] {logging_mixin.py:190} INFO - Dag name:projet_group and current dag run status:running
[2024-11-22T12:20:02.738+0000] {taskinstance.py:731} INFO - ::endgroup::
[2024-11-22T12:20:57.387+0000] {python.py:240} INFO - Done. Returned value was: None
[2024-11-22T12:20:57.399+0000] {taskinstance.py:340} INFO - ::group::Post task execution logs
[2024-11-22T12:20:57.399+0000] {taskinstance.py:352} INFO - Marking task as SUCCESS. dag_id=projet_group, task_id=push, run_id=scheduled__2024-11-22T12:10:00+00:00, execution_date=20241122T121000, start_date=20241122T122002, end_date=20241122T122057
[2024-11-22T12:20:57.418+0000] {logging_mixin.py:190} INFO - Task instance in success state
[2024-11-22T12:20:57.419+0000] {logging_mixin.py:190} INFO -  Previous state of the Task instance: running
[2024-11-22T12:20:57.419+0000] {logging_mixin.py:190} INFO - Dag name:projet_group queued_at:2024-11-22 12:20:00.305353+00:00
[2024-11-22T12:20:57.419+0000] {logging_mixin.py:190} INFO - Task hostname:5365fe4338c6 operator:PythonOperator
[2024-11-22T12:20:57.442+0000] {local_task_job_runner.py:266} INFO - Task exited with return code 0
[2024-11-22T12:20:57.472+0000] {taskinstance.py:3900} INFO - 0 downstream tasks scheduled from follow-on schedule check
[2024-11-22T12:20:57.474+0000] {local_task_job_runner.py:245} INFO - ::endgroup::
