[2025-01-07T13:36:02.908+0000] {local_task_job_runner.py:123} INFO - ::group::Pre task execution logs
[2025-01-07T13:36:02.922+0000] {taskinstance.py:2612} INFO - Dependencies all met for dep_context=non-requeueable deps ti=<TaskInstance: Projet_poubelle.get_datetime scheduled__2025-01-07T13:35:00+00:00 [queued]>
[2025-01-07T13:36:02.929+0000] {taskinstance.py:2612} INFO - Dependencies all met for dep_context=requeueable deps ti=<TaskInstance: Projet_poubelle.get_datetime scheduled__2025-01-07T13:35:00+00:00 [queued]>
[2025-01-07T13:36:02.929+0000] {taskinstance.py:2865} INFO - Starting attempt 1 of 1
[2025-01-07T13:36:02.938+0000] {taskinstance.py:2888} INFO - Executing <Task(BashOperator): get_datetime> on 2025-01-07 13:35:00+00:00
[2025-01-07T13:36:02.944+0000] {warnings.py:112} WARNING - /home/***/.local/lib/python3.12/site-packages/***/task/task_runner/standard_task_runner.py:70: DeprecationWarning: This process (pid=1605) is multi-threaded, use of fork() may lead to deadlocks in the child.
  pid = os.fork()

[2025-01-07T13:36:02.945+0000] {standard_task_runner.py:72} INFO - Started process 1607 to run task
[2025-01-07T13:36:02.945+0000] {standard_task_runner.py:104} INFO - Running: ['***', 'tasks', 'run', 'Projet_poubelle', 'get_datetime', 'scheduled__2025-01-07T13:35:00+00:00', '--job-id', '61315', '--raw', '--subdir', 'DAGS_FOLDER/Projet_poubelle.py', '--cfg-path', '/tmp/tmpp95i6_0h']
[2025-01-07T13:36:02.946+0000] {standard_task_runner.py:105} INFO - Job 61315: Subtask get_datetime
[2025-01-07T13:36:02.973+0000] {task_command.py:467} INFO - Running <TaskInstance: Projet_poubelle.get_datetime scheduled__2025-01-07T13:35:00+00:00 [running]> on host 5365fe4338c6
[2025-01-07T13:36:03.020+0000] {taskinstance.py:3131} INFO - Exporting env vars: AIRFLOW_CTX_DAG_OWNER='***' AIRFLOW_CTX_DAG_ID='Projet_poubelle' AIRFLOW_CTX_TASK_ID='get_datetime' AIRFLOW_CTX_EXECUTION_DATE='2025-01-07T13:35:00+00:00' AIRFLOW_CTX_TRY_NUMBER='1' AIRFLOW_CTX_DAG_RUN_ID='scheduled__2025-01-07T13:35:00+00:00'
[2025-01-07T13:36:03.020+0000] {logging_mixin.py:190} INFO - Task instance is in running state
[2025-01-07T13:36:03.021+0000] {logging_mixin.py:190} INFO -  Previous state of the Task instance: queued
[2025-01-07T13:36:03.021+0000] {logging_mixin.py:190} INFO - Current task name:get_datetime state:running start_date:2025-01-07 13:36:02.922764+00:00
[2025-01-07T13:36:03.021+0000] {logging_mixin.py:190} INFO - Dag name:Projet_poubelle and current dag run status:running
[2025-01-07T13:36:03.021+0000] {taskinstance.py:731} INFO - ::endgroup::
[2025-01-07T13:36:03.021+0000] {subprocess.py:63} INFO - Tmp dir root location: /tmp
[2025-01-07T13:36:03.022+0000] {subprocess.py:75} INFO - Running command: ['/usr/bin/bash', '-c', 'date']
[2025-01-07T13:36:03.031+0000] {subprocess.py:86} INFO - Output:
[2025-01-07T13:36:03.033+0000] {subprocess.py:93} INFO - Tue Jan  7 13:36:03 UTC 2025
[2025-01-07T13:36:03.033+0000] {subprocess.py:97} INFO - Command exited with return code 0
[2025-01-07T13:36:03.049+0000] {taskinstance.py:340} INFO - ::group::Post task execution logs
[2025-01-07T13:36:03.050+0000] {taskinstance.py:352} INFO - Marking task as SUCCESS. dag_id=Projet_poubelle, task_id=get_datetime, run_id=scheduled__2025-01-07T13:35:00+00:00, execution_date=20250107T133500, start_date=20250107T133602, end_date=20250107T133603
[2025-01-07T13:36:03.055+0000] {logging_mixin.py:190} INFO - Task instance in success state
[2025-01-07T13:36:03.055+0000] {logging_mixin.py:190} INFO -  Previous state of the Task instance: running
[2025-01-07T13:36:03.056+0000] {logging_mixin.py:190} INFO - Dag name:Projet_poubelle queued_at:2025-01-07 13:36:00.940842+00:00
[2025-01-07T13:36:03.056+0000] {logging_mixin.py:190} INFO - Task hostname:5365fe4338c6 operator:BashOperator
[2025-01-07T13:36:03.078+0000] {local_task_job_runner.py:266} INFO - Task exited with return code 0
[2025-01-07T13:36:03.089+0000] {taskinstance.py:3900} INFO - 1 downstream tasks scheduled from follow-on schedule check
[2025-01-07T13:36:03.091+0000] {local_task_job_runner.py:245} INFO - ::endgroup::
