[2024-12-10T14:00:03.710+0000] {local_task_job_runner.py:123} INFO - ::group::Pre task execution logs
[2024-12-10T14:00:03.722+0000] {taskinstance.py:2612} INFO - Dependencies all met for dep_context=non-requeueable deps ti=<TaskInstance: Projet_poubelle.read_csv scheduled__2024-12-10T13:59:00+00:00 [queued]>
[2024-12-10T14:00:03.726+0000] {taskinstance.py:2612} INFO - Dependencies all met for dep_context=requeueable deps ti=<TaskInstance: Projet_poubelle.read_csv scheduled__2024-12-10T13:59:00+00:00 [queued]>
[2024-12-10T14:00:03.726+0000] {taskinstance.py:2865} INFO - Starting attempt 1 of 1
[2024-12-10T14:00:03.734+0000] {taskinstance.py:2888} INFO - Executing <Task(PythonOperator): read_csv> on 2024-12-10 13:59:00+00:00
[2024-12-10T14:00:03.739+0000] {warnings.py:112} WARNING - /home/***/.local/lib/python3.12/site-packages/***/task/task_runner/standard_task_runner.py:70: DeprecationWarning: This process (pid=12637) is multi-threaded, use of fork() may lead to deadlocks in the child.
  pid = os.fork()

[2024-12-10T14:00:03.740+0000] {standard_task_runner.py:72} INFO - Started process 12639 to run task
[2024-12-10T14:00:03.741+0000] {standard_task_runner.py:104} INFO - Running: ['***', 'tasks', 'run', 'Projet_poubelle', 'read_csv', 'scheduled__2024-12-10T13:59:00+00:00', '--job-id', '49164', '--raw', '--subdir', 'DAGS_FOLDER/Projet_poubelle.py', '--cfg-path', '/tmp/tmpm88vf287']
[2024-12-10T14:00:03.741+0000] {standard_task_runner.py:105} INFO - Job 49164: Subtask read_csv
[2024-12-10T14:00:03.771+0000] {task_command.py:467} INFO - Running <TaskInstance: Projet_poubelle.read_csv scheduled__2024-12-10T13:59:00+00:00 [running]> on host 5365fe4338c6
[2024-12-10T14:00:03.829+0000] {taskinstance.py:3131} INFO - Exporting env vars: AIRFLOW_CTX_DAG_OWNER='***' AIRFLOW_CTX_DAG_ID='Projet_poubelle' AIRFLOW_CTX_TASK_ID='read_csv' AIRFLOW_CTX_EXECUTION_DATE='2024-12-10T13:59:00+00:00' AIRFLOW_CTX_TRY_NUMBER='1' AIRFLOW_CTX_DAG_RUN_ID='scheduled__2024-12-10T13:59:00+00:00'
[2024-12-10T14:00:03.829+0000] {logging_mixin.py:190} INFO - Task instance is in running state
[2024-12-10T14:00:03.830+0000] {logging_mixin.py:190} INFO -  Previous state of the Task instance: queued
[2024-12-10T14:00:03.830+0000] {logging_mixin.py:190} INFO - Current task name:read_csv state:running start_date:2024-12-10 14:00:03.722803+00:00
[2024-12-10T14:00:03.830+0000] {logging_mixin.py:190} INFO - Dag name:Projet_poubelle and current dag run status:running
[2024-12-10T14:00:03.830+0000] {taskinstance.py:731} INFO - ::endgroup::
[2024-12-10T14:00:03.850+0000] {python.py:240} INFO - Done. Returned value was: None
[2024-12-10T14:00:03.856+0000] {taskinstance.py:340} INFO - ::group::Post task execution logs
[2024-12-10T14:00:03.856+0000] {taskinstance.py:352} INFO - Marking task as SUCCESS. dag_id=Projet_poubelle, task_id=read_csv, run_id=scheduled__2024-12-10T13:59:00+00:00, execution_date=20241210T135900, start_date=20241210T140003, end_date=20241210T140003
[2024-12-10T14:00:03.862+0000] {logging_mixin.py:190} INFO - Task instance in success state
[2024-12-10T14:00:03.862+0000] {logging_mixin.py:190} INFO -  Previous state of the Task instance: running
[2024-12-10T14:00:03.862+0000] {logging_mixin.py:190} INFO - Dag name:Projet_poubelle queued_at:2024-12-10 14:00:00.608264+00:00
[2024-12-10T14:00:03.862+0000] {logging_mixin.py:190} INFO - Task hostname:5365fe4338c6 operator:PythonOperator
[2024-12-10T14:00:03.873+0000] {local_task_job_runner.py:266} INFO - Task exited with return code 0
[2024-12-10T14:00:03.884+0000] {taskinstance.py:3900} INFO - 0 downstream tasks scheduled from follow-on schedule check
[2024-12-10T14:00:03.885+0000] {local_task_job_runner.py:245} INFO - ::endgroup::
