[2024-12-10T11:41:04.374+0000] {local_task_job_runner.py:123} INFO - ::group::Pre task execution logs
[2024-12-10T11:41:04.405+0000] {taskinstance.py:2612} INFO - Dependencies all met for dep_context=non-requeueable deps ti=<TaskInstance: Projet_poubelle.read_csv scheduled__2024-12-10T11:40:00+00:00 [queued]>
[2024-12-10T11:41:04.416+0000] {taskinstance.py:2612} INFO - Dependencies all met for dep_context=requeueable deps ti=<TaskInstance: Projet_poubelle.read_csv scheduled__2024-12-10T11:40:00+00:00 [queued]>
[2024-12-10T11:41:04.416+0000] {taskinstance.py:2865} INFO - Starting attempt 1 of 1
[2024-12-10T11:41:04.425+0000] {taskinstance.py:2888} INFO - Executing <Task(PythonOperator): read_csv> on 2024-12-10 11:40:00+00:00
[2024-12-10T11:41:04.430+0000] {warnings.py:112} WARNING - /home/***/.local/lib/python3.12/site-packages/***/task/task_runner/standard_task_runner.py:70: DeprecationWarning: This process (pid=7616) is multi-threaded, use of fork() may lead to deadlocks in the child.
  pid = os.fork()

[2024-12-10T11:41:04.431+0000] {standard_task_runner.py:72} INFO - Started process 7618 to run task
[2024-12-10T11:41:04.432+0000] {standard_task_runner.py:104} INFO - Running: ['***', 'tasks', 'run', 'Projet_poubelle', 'read_csv', 'scheduled__2024-12-10T11:40:00+00:00', '--job-id', '48441', '--raw', '--subdir', 'DAGS_FOLDER/Projet_poubelle.py', '--cfg-path', '/tmp/tmpec2ge9wg']
[2024-12-10T11:41:04.433+0000] {standard_task_runner.py:105} INFO - Job 48441: Subtask read_csv
[2024-12-10T11:41:04.462+0000] {task_command.py:467} INFO - Running <TaskInstance: Projet_poubelle.read_csv scheduled__2024-12-10T11:40:00+00:00 [running]> on host 5365fe4338c6
[2024-12-10T11:41:04.518+0000] {taskinstance.py:3131} INFO - Exporting env vars: AIRFLOW_CTX_DAG_OWNER='***' AIRFLOW_CTX_DAG_ID='Projet_poubelle' AIRFLOW_CTX_TASK_ID='read_csv' AIRFLOW_CTX_EXECUTION_DATE='2024-12-10T11:40:00+00:00' AIRFLOW_CTX_TRY_NUMBER='1' AIRFLOW_CTX_DAG_RUN_ID='scheduled__2024-12-10T11:40:00+00:00'
[2024-12-10T11:41:04.519+0000] {logging_mixin.py:190} INFO - Task instance is in running state
[2024-12-10T11:41:04.519+0000] {logging_mixin.py:190} INFO -  Previous state of the Task instance: queued
[2024-12-10T11:41:04.519+0000] {logging_mixin.py:190} INFO - Current task name:read_csv state:running start_date:2024-12-10 11:41:04.406268+00:00
[2024-12-10T11:41:04.520+0000] {logging_mixin.py:190} INFO - Dag name:Projet_poubelle and current dag run status:running
[2024-12-10T11:41:04.520+0000] {taskinstance.py:731} INFO - ::endgroup::
[2024-12-10T11:41:04.540+0000] {python.py:240} INFO - Done. Returned value was: None
[2024-12-10T11:41:04.545+0000] {taskinstance.py:340} INFO - ::group::Post task execution logs
[2024-12-10T11:41:04.545+0000] {taskinstance.py:352} INFO - Marking task as SUCCESS. dag_id=Projet_poubelle, task_id=read_csv, run_id=scheduled__2024-12-10T11:40:00+00:00, execution_date=20241210T114000, start_date=20241210T114104, end_date=20241210T114104
[2024-12-10T11:41:04.550+0000] {logging_mixin.py:190} INFO - Task instance in success state
[2024-12-10T11:41:04.551+0000] {logging_mixin.py:190} INFO -  Previous state of the Task instance: running
[2024-12-10T11:41:04.551+0000] {logging_mixin.py:190} INFO - Dag name:Projet_poubelle queued_at:2024-12-10 11:41:00.085613+00:00
[2024-12-10T11:41:04.551+0000] {logging_mixin.py:190} INFO - Task hostname:5365fe4338c6 operator:PythonOperator
[2024-12-10T11:41:04.564+0000] {local_task_job_runner.py:266} INFO - Task exited with return code 0
[2024-12-10T11:41:04.576+0000] {taskinstance.py:3900} INFO - 0 downstream tasks scheduled from follow-on schedule check
[2024-12-10T11:41:04.578+0000] {local_task_job_runner.py:245} INFO - ::endgroup::
