[2024-12-13T13:10:02.512+0000] {local_task_job_runner.py:123} INFO - ::group::Pre task execution logs
[2024-12-13T13:10:02.521+0000] {taskinstance.py:2612} INFO - Dependencies all met for dep_context=non-requeueable deps ti=<TaskInstance: projet_group.push scheduled__2024-12-13T13:00:00+00:00 [queued]>
[2024-12-13T13:10:02.525+0000] {taskinstance.py:2612} INFO - Dependencies all met for dep_context=requeueable deps ti=<TaskInstance: projet_group.push scheduled__2024-12-13T13:00:00+00:00 [queued]>
[2024-12-13T13:10:02.525+0000] {taskinstance.py:2865} INFO - Starting attempt 1 of 1
[2024-12-13T13:10:02.533+0000] {taskinstance.py:2888} INFO - Executing <Task(PythonOperator): push> on 2024-12-13 13:00:00+00:00
[2024-12-13T13:10:02.538+0000] {warnings.py:112} WARNING - /home/***/.local/lib/python3.12/site-packages/***/task/task_runner/standard_task_runner.py:70: DeprecationWarning: This process (pid=11374) is multi-threaded, use of fork() may lead to deadlocks in the child.
  pid = os.fork()

[2024-12-13T13:10:02.539+0000] {standard_task_runner.py:72} INFO - Started process 11385 to run task
[2024-12-13T13:10:02.540+0000] {standard_task_runner.py:104} INFO - Running: ['***', 'tasks', 'run', 'projet_group', 'push', 'scheduled__2024-12-13T13:00:00+00:00', '--job-id', '51334', '--raw', '--subdir', 'DAGS_FOLDER/projet_group.py', '--cfg-path', '/tmp/tmp72s598n1']
[2024-12-13T13:10:02.540+0000] {standard_task_runner.py:105} INFO - Job 51334: Subtask push
[2024-12-13T13:10:02.569+0000] {task_command.py:467} INFO - Running <TaskInstance: projet_group.push scheduled__2024-12-13T13:00:00+00:00 [running]> on host 5365fe4338c6
[2024-12-13T13:10:02.611+0000] {taskinstance.py:3131} INFO - Exporting env vars: AIRFLOW_CTX_DAG_OWNER='***' AIRFLOW_CTX_DAG_ID='projet_group' AIRFLOW_CTX_TASK_ID='push' AIRFLOW_CTX_EXECUTION_DATE='2024-12-13T13:00:00+00:00' AIRFLOW_CTX_TRY_NUMBER='1' AIRFLOW_CTX_DAG_RUN_ID='scheduled__2024-12-13T13:00:00+00:00'
[2024-12-13T13:10:02.612+0000] {logging_mixin.py:190} INFO - Task instance is in running state
[2024-12-13T13:10:02.612+0000] {logging_mixin.py:190} INFO -  Previous state of the Task instance: queued
[2024-12-13T13:10:02.612+0000] {logging_mixin.py:190} INFO - Current task name:push state:running start_date:2024-12-13 13:10:02.521511+00:00
[2024-12-13T13:10:02.612+0000] {logging_mixin.py:190} INFO - Dag name:projet_group and current dag run status:running
[2024-12-13T13:10:02.612+0000] {taskinstance.py:731} INFO - ::endgroup::
[2024-12-13T13:10:59.241+0000] {python.py:240} INFO - Done. Returned value was: None
[2024-12-13T13:10:59.248+0000] {taskinstance.py:340} INFO - ::group::Post task execution logs
[2024-12-13T13:10:59.249+0000] {taskinstance.py:352} INFO - Marking task as SUCCESS. dag_id=projet_group, task_id=push, run_id=scheduled__2024-12-13T13:00:00+00:00, execution_date=20241213T130000, start_date=20241213T131002, end_date=20241213T131059
[2024-12-13T13:10:59.258+0000] {logging_mixin.py:190} INFO - Task instance in success state
[2024-12-13T13:10:59.258+0000] {logging_mixin.py:190} INFO -  Previous state of the Task instance: running
[2024-12-13T13:10:59.259+0000] {logging_mixin.py:190} INFO - Dag name:projet_group queued_at:2024-12-13 13:10:00.455144+00:00
[2024-12-13T13:10:59.259+0000] {logging_mixin.py:190} INFO - Task hostname:5365fe4338c6 operator:PythonOperator
[2024-12-13T13:10:59.291+0000] {local_task_job_runner.py:266} INFO - Task exited with return code 0
[2024-12-13T13:10:59.301+0000] {taskinstance.py:3900} INFO - 0 downstream tasks scheduled from follow-on schedule check
[2024-12-13T13:10:59.303+0000] {local_task_job_runner.py:245} INFO - ::endgroup::
