[2025-01-08T10:06:01.965+0000] {local_task_job_runner.py:123} INFO - ::group::Pre task execution logs
[2025-01-08T10:06:01.976+0000] {taskinstance.py:2612} INFO - Dependencies all met for dep_context=non-requeueable deps ti=<TaskInstance: first_airflow_dag.get_datetime scheduled__2025-01-08T10:05:00+00:00 [queued]>
[2025-01-08T10:06:01.983+0000] {taskinstance.py:2612} INFO - Dependencies all met for dep_context=requeueable deps ti=<TaskInstance: first_airflow_dag.get_datetime scheduled__2025-01-08T10:05:00+00:00 [queued]>
[2025-01-08T10:06:01.984+0000] {taskinstance.py:2865} INFO - Starting attempt 1 of 1
[2025-01-08T10:06:01.998+0000] {taskinstance.py:2888} INFO - Executing <Task(BashOperator): get_datetime> on 2025-01-08 10:05:00+00:00
[2025-01-08T10:06:02.006+0000] {warnings.py:112} WARNING - /home/***/.local/lib/python3.12/site-packages/***/task/task_runner/standard_task_runner.py:70: DeprecationWarning: This process (pid=4700) is multi-threaded, use of fork() may lead to deadlocks in the child.
  pid = os.fork()

[2025-01-08T10:06:02.008+0000] {standard_task_runner.py:72} INFO - Started process 4707 to run task
[2025-01-08T10:06:02.008+0000] {standard_task_runner.py:104} INFO - Running: ['***', 'tasks', 'run', 'first_***_dag', 'get_datetime', 'scheduled__2025-01-08T10:05:00+00:00', '--job-id', '62656', '--raw', '--subdir', 'DAGS_FOLDER/first_***_dag.py', '--cfg-path', '/tmp/tmpthcueqye']
[2025-01-08T10:06:02.009+0000] {standard_task_runner.py:105} INFO - Job 62656: Subtask get_datetime
[2025-01-08T10:06:02.048+0000] {task_command.py:467} INFO - Running <TaskInstance: first_airflow_dag.get_datetime scheduled__2025-01-08T10:05:00+00:00 [running]> on host 5365fe4338c6
[2025-01-08T10:06:02.108+0000] {taskinstance.py:3131} INFO - Exporting env vars: AIRFLOW_CTX_DAG_OWNER='***' AIRFLOW_CTX_DAG_ID='first_***_dag' AIRFLOW_CTX_TASK_ID='get_datetime' AIRFLOW_CTX_EXECUTION_DATE='2025-01-08T10:05:00+00:00' AIRFLOW_CTX_TRY_NUMBER='1' AIRFLOW_CTX_DAG_RUN_ID='scheduled__2025-01-08T10:05:00+00:00'
[2025-01-08T10:06:02.109+0000] {logging_mixin.py:190} INFO - Task instance is in running state
[2025-01-08T10:06:02.110+0000] {logging_mixin.py:190} INFO -  Previous state of the Task instance: queued
[2025-01-08T10:06:02.110+0000] {logging_mixin.py:190} INFO - Current task name:get_datetime state:running start_date:2025-01-08 10:06:01.976706+00:00
[2025-01-08T10:06:02.110+0000] {logging_mixin.py:190} INFO - Dag name:first_***_dag and current dag run status:running
[2025-01-08T10:06:02.110+0000] {taskinstance.py:731} INFO - ::endgroup::
[2025-01-08T10:06:02.111+0000] {subprocess.py:63} INFO - Tmp dir root location: /tmp
[2025-01-08T10:06:02.111+0000] {subprocess.py:75} INFO - Running command: ['/usr/bin/bash', '-c', 'date']
[2025-01-08T10:06:02.124+0000] {subprocess.py:86} INFO - Output:
[2025-01-08T10:06:02.128+0000] {subprocess.py:93} INFO - Wed Jan  8 10:06:02 UTC 2025
[2025-01-08T10:06:02.128+0000] {subprocess.py:97} INFO - Command exited with return code 0
[2025-01-08T10:06:02.151+0000] {taskinstance.py:340} INFO - ::group::Post task execution logs
[2025-01-08T10:06:02.151+0000] {taskinstance.py:352} INFO - Marking task as SUCCESS. dag_id=first_***_dag, task_id=get_datetime, run_id=scheduled__2025-01-08T10:05:00+00:00, execution_date=20250108T100500, start_date=20250108T100601, end_date=20250108T100602
[2025-01-08T10:06:02.159+0000] {logging_mixin.py:190} INFO - Task instance in success state
[2025-01-08T10:06:02.159+0000] {logging_mixin.py:190} INFO -  Previous state of the Task instance: running
[2025-01-08T10:06:02.159+0000] {logging_mixin.py:190} INFO - Dag name:first_***_dag queued_at:2025-01-08 10:06:00.973696+00:00
[2025-01-08T10:06:02.160+0000] {logging_mixin.py:190} INFO - Task hostname:5365fe4338c6 operator:BashOperator
[2025-01-08T10:06:02.181+0000] {local_task_job_runner.py:266} INFO - Task exited with return code 0
[2025-01-08T10:06:02.193+0000] {taskinstance.py:3900} INFO - 0 downstream tasks scheduled from follow-on schedule check
[2025-01-08T10:06:02.194+0000] {local_task_job_runner.py:245} INFO - ::endgroup::
