[2024-12-19T10:29:03.961+0000] {local_task_job_runner.py:123} INFO - ::group::Pre task execution logs
[2024-12-19T10:29:03.971+0000] {taskinstance.py:2612} INFO - Dependencies all met for dep_context=non-requeueable deps ti=<TaskInstance: Projet_poubelle.read_csv scheduled__2024-12-19T10:28:00+00:00 [queued]>
[2024-12-19T10:29:03.976+0000] {taskinstance.py:2612} INFO - Dependencies all met for dep_context=requeueable deps ti=<TaskInstance: Projet_poubelle.read_csv scheduled__2024-12-19T10:28:00+00:00 [queued]>
[2024-12-19T10:29:03.976+0000] {taskinstance.py:2865} INFO - Starting attempt 1 of 1
[2024-12-19T10:29:03.983+0000] {taskinstance.py:2888} INFO - Executing <Task(PythonOperator): read_csv> on 2024-12-19 10:28:00+00:00
[2024-12-19T10:29:03.989+0000] {warnings.py:112} WARNING - /home/***/.local/lib/python3.12/site-packages/***/task/task_runner/standard_task_runner.py:70: DeprecationWarning: This process (pid=5127) is multi-threaded, use of fork() may lead to deadlocks in the child.
  pid = os.fork()

[2024-12-19T10:29:03.990+0000] {standard_task_runner.py:72} INFO - Started process 5136 to run task
[2024-12-19T10:29:03.991+0000] {standard_task_runner.py:104} INFO - Running: ['***', 'tasks', 'run', 'Projet_poubelle', 'read_csv', 'scheduled__2024-12-19T10:28:00+00:00', '--job-id', '57748', '--raw', '--subdir', 'DAGS_FOLDER/Projet_poubelle.py', '--cfg-path', '/tmp/tmp5d5q8czv']
[2024-12-19T10:29:03.991+0000] {standard_task_runner.py:105} INFO - Job 57748: Subtask read_csv
[2024-12-19T10:29:04.021+0000] {task_command.py:467} INFO - Running <TaskInstance: Projet_poubelle.read_csv scheduled__2024-12-19T10:28:00+00:00 [running]> on host 5365fe4338c6
[2024-12-19T10:29:04.075+0000] {taskinstance.py:3131} INFO - Exporting env vars: AIRFLOW_CTX_DAG_OWNER='***' AIRFLOW_CTX_DAG_ID='Projet_poubelle' AIRFLOW_CTX_TASK_ID='read_csv' AIRFLOW_CTX_EXECUTION_DATE='2024-12-19T10:28:00+00:00' AIRFLOW_CTX_TRY_NUMBER='1' AIRFLOW_CTX_DAG_RUN_ID='scheduled__2024-12-19T10:28:00+00:00'
[2024-12-19T10:29:04.076+0000] {logging_mixin.py:190} INFO - Task instance is in running state
[2024-12-19T10:29:04.076+0000] {logging_mixin.py:190} INFO -  Previous state of the Task instance: queued
[2024-12-19T10:29:04.076+0000] {logging_mixin.py:190} INFO - Current task name:read_csv state:running start_date:2024-12-19 10:29:03.972161+00:00
[2024-12-19T10:29:04.076+0000] {logging_mixin.py:190} INFO - Dag name:Projet_poubelle and current dag run status:running
[2024-12-19T10:29:04.076+0000] {taskinstance.py:731} INFO - ::endgroup::
[2024-12-19T10:29:04.096+0000] {python.py:240} INFO - Done. Returned value was: None
[2024-12-19T10:29:04.103+0000] {taskinstance.py:340} INFO - ::group::Post task execution logs
[2024-12-19T10:29:04.104+0000] {taskinstance.py:352} INFO - Marking task as SUCCESS. dag_id=Projet_poubelle, task_id=read_csv, run_id=scheduled__2024-12-19T10:28:00+00:00, execution_date=20241219T102800, start_date=20241219T102903, end_date=20241219T102904
[2024-12-19T10:29:04.110+0000] {logging_mixin.py:190} INFO - Task instance in success state
[2024-12-19T10:29:04.110+0000] {logging_mixin.py:190} INFO -  Previous state of the Task instance: running
[2024-12-19T10:29:04.110+0000] {logging_mixin.py:190} INFO - Dag name:Projet_poubelle queued_at:2024-12-19 10:29:00.552009+00:00
[2024-12-19T10:29:04.111+0000] {logging_mixin.py:190} INFO - Task hostname:5365fe4338c6 operator:PythonOperator
[2024-12-19T10:29:04.123+0000] {local_task_job_runner.py:266} INFO - Task exited with return code 0
[2024-12-19T10:29:04.133+0000] {taskinstance.py:3900} INFO - 0 downstream tasks scheduled from follow-on schedule check
[2024-12-19T10:29:04.134+0000] {local_task_job_runner.py:245} INFO - ::endgroup::
