[2024-11-08T09:01:01.502+0000] {local_task_job_runner.py:123} INFO - ::group::Pre task execution logs
[2024-11-08T09:01:01.511+0000] {taskinstance.py:2612} INFO - Dependencies all met for dep_context=non-requeueable deps ti=<TaskInstance: projet_groupe.get_datetime scheduled__2024-11-08T09:00:00+00:00 [queued]>
[2024-11-08T09:01:01.515+0000] {taskinstance.py:2612} INFO - Dependencies all met for dep_context=requeueable deps ti=<TaskInstance: projet_groupe.get_datetime scheduled__2024-11-08T09:00:00+00:00 [queued]>
[2024-11-08T09:01:01.515+0000] {taskinstance.py:2865} INFO - Starting attempt 1 of 1
[2024-11-08T09:01:01.522+0000] {taskinstance.py:2888} INFO - Executing <Task(BashOperator): get_datetime> on 2024-11-08 09:00:00+00:00
[2024-11-08T09:01:01.527+0000] {warnings.py:112} WARNING - /home/***/.local/lib/python3.12/site-packages/***/task/task_runner/standard_task_runner.py:70: DeprecationWarning: This process (pid=2311) is multi-threaded, use of fork() may lead to deadlocks in the child.
  pid = os.fork()

[2024-11-08T09:01:01.527+0000] {standard_task_runner.py:72} INFO - Started process 2319 to run task
[2024-11-08T09:01:01.528+0000] {standard_task_runner.py:104} INFO - Running: ['***', 'tasks', 'run', 'projet_groupe', 'get_datetime', 'scheduled__2024-11-08T09:00:00+00:00', '--job-id', '2462', '--raw', '--subdir', 'DAGS_FOLDER/projet.py', '--cfg-path', '/tmp/tmp3mhvw6gm']
[2024-11-08T09:01:01.529+0000] {standard_task_runner.py:105} INFO - Job 2462: Subtask get_datetime
[2024-11-08T09:01:01.554+0000] {task_command.py:467} INFO - Running <TaskInstance: projet_groupe.get_datetime scheduled__2024-11-08T09:00:00+00:00 [running]> on host 5365fe4338c6
[2024-11-08T09:01:01.600+0000] {taskinstance.py:3131} INFO - Exporting env vars: AIRFLOW_CTX_DAG_OWNER='***' AIRFLOW_CTX_DAG_ID='projet_groupe' AIRFLOW_CTX_TASK_ID='get_datetime' AIRFLOW_CTX_EXECUTION_DATE='2024-11-08T09:00:00+00:00' AIRFLOW_CTX_TRY_NUMBER='1' AIRFLOW_CTX_DAG_RUN_ID='scheduled__2024-11-08T09:00:00+00:00'
[2024-11-08T09:01:01.601+0000] {logging_mixin.py:190} INFO - Task instance is in running state
[2024-11-08T09:01:01.601+0000] {logging_mixin.py:190} INFO -  Previous state of the Task instance: queued
[2024-11-08T09:01:01.601+0000] {logging_mixin.py:190} INFO - Current task name:get_datetime state:running start_date:2024-11-08 09:01:01.511635+00:00
[2024-11-08T09:01:01.601+0000] {logging_mixin.py:190} INFO - Dag name:projet_groupe and current dag run status:running
[2024-11-08T09:01:01.601+0000] {taskinstance.py:731} INFO - ::endgroup::
[2024-11-08T09:01:01.601+0000] {subprocess.py:63} INFO - Tmp dir root location: /tmp
[2024-11-08T09:01:01.602+0000] {subprocess.py:75} INFO - Running command: ['/usr/bin/bash', '-c', 'date']
[2024-11-08T09:01:01.610+0000] {subprocess.py:86} INFO - Output:
[2024-11-08T09:01:01.611+0000] {subprocess.py:93} INFO - Fri Nov  8 09:01:01 UTC 2024
[2024-11-08T09:01:01.611+0000] {subprocess.py:97} INFO - Command exited with return code 0
[2024-11-08T09:01:01.624+0000] {taskinstance.py:340} INFO - ::group::Post task execution logs
[2024-11-08T09:01:01.625+0000] {taskinstance.py:352} INFO - Marking task as SUCCESS. dag_id=projet_groupe, task_id=get_datetime, run_id=scheduled__2024-11-08T09:00:00+00:00, execution_date=20241108T090000, start_date=20241108T090101, end_date=20241108T090101
[2024-11-08T09:01:01.629+0000] {logging_mixin.py:190} INFO - Task instance in success state
[2024-11-08T09:01:01.629+0000] {logging_mixin.py:190} INFO -  Previous state of the Task instance: running
[2024-11-08T09:01:01.630+0000] {logging_mixin.py:190} INFO - Dag name:projet_groupe queued_at:2024-11-08 09:01:00.708196+00:00
[2024-11-08T09:01:01.630+0000] {logging_mixin.py:190} INFO - Task hostname:5365fe4338c6 operator:BashOperator
[2024-11-08T09:01:01.661+0000] {local_task_job_runner.py:266} INFO - Task exited with return code 0
[2024-11-08T09:01:01.672+0000] {taskinstance.py:3900} INFO - 1 downstream tasks scheduled from follow-on schedule check
[2024-11-08T09:01:01.673+0000] {local_task_job_runner.py:245} INFO - ::endgroup::
