[2024-11-07T10:46:01.856+0000] {local_task_job_runner.py:123} INFO - ::group::Pre task execution logs
[2024-11-07T10:46:01.869+0000] {taskinstance.py:2612} INFO - Dependencies all met for dep_context=non-requeueable deps ti=<TaskInstance: Projet_poubelle.get_datetime scheduled__2024-11-07T10:45:00+00:00 [queued]>
[2024-11-07T10:46:01.874+0000] {taskinstance.py:2612} INFO - Dependencies all met for dep_context=requeueable deps ti=<TaskInstance: Projet_poubelle.get_datetime scheduled__2024-11-07T10:45:00+00:00 [queued]>
[2024-11-07T10:46:01.874+0000] {taskinstance.py:2865} INFO - Starting attempt 1 of 1
[2024-11-07T10:46:01.881+0000] {taskinstance.py:2888} INFO - Executing <Task(BashOperator): get_datetime> on 2024-11-07 10:45:00+00:00
[2024-11-07T10:46:01.886+0000] {warnings.py:112} WARNING - /home/***/.local/lib/python3.12/site-packages/***/task/task_runner/standard_task_runner.py:70: DeprecationWarning: This process (pid=5385) is multi-threaded, use of fork() may lead to deadlocks in the child.
  pid = os.fork()

[2024-11-07T10:46:01.886+0000] {standard_task_runner.py:72} INFO - Started process 5387 to run task
[2024-11-07T10:46:01.887+0000] {standard_task_runner.py:104} INFO - Running: ['***', 'tasks', 'run', 'Projet_poubelle', 'get_datetime', 'scheduled__2024-11-07T10:45:00+00:00', '--job-id', '856', '--raw', '--subdir', 'DAGS_FOLDER/Projet_poubelle.py', '--cfg-path', '/tmp/tmpcwb1lvv0']
[2024-11-07T10:46:01.888+0000] {standard_task_runner.py:105} INFO - Job 856: Subtask get_datetime
[2024-11-07T10:46:01.915+0000] {task_command.py:467} INFO - Running <TaskInstance: Projet_poubelle.get_datetime scheduled__2024-11-07T10:45:00+00:00 [running]> on host 5365fe4338c6
[2024-11-07T10:46:01.959+0000] {taskinstance.py:3131} INFO - Exporting env vars: AIRFLOW_CTX_DAG_OWNER='***' AIRFLOW_CTX_DAG_ID='Projet_poubelle' AIRFLOW_CTX_TASK_ID='get_datetime' AIRFLOW_CTX_EXECUTION_DATE='2024-11-07T10:45:00+00:00' AIRFLOW_CTX_TRY_NUMBER='1' AIRFLOW_CTX_DAG_RUN_ID='scheduled__2024-11-07T10:45:00+00:00'
[2024-11-07T10:46:01.960+0000] {logging_mixin.py:190} INFO - Task instance is in running state
[2024-11-07T10:46:01.960+0000] {logging_mixin.py:190} INFO -  Previous state of the Task instance: queued
[2024-11-07T10:46:01.960+0000] {logging_mixin.py:190} INFO - Current task name:get_datetime state:running start_date:2024-11-07 10:46:01.869536+00:00
[2024-11-07T10:46:01.960+0000] {logging_mixin.py:190} INFO - Dag name:Projet_poubelle and current dag run status:running
[2024-11-07T10:46:01.960+0000] {taskinstance.py:731} INFO - ::endgroup::
[2024-11-07T10:46:01.961+0000] {subprocess.py:63} INFO - Tmp dir root location: /tmp
[2024-11-07T10:46:01.961+0000] {subprocess.py:75} INFO - Running command: ['/usr/bin/bash', '-c', 'date']
[2024-11-07T10:46:01.971+0000] {subprocess.py:86} INFO - Output:
[2024-11-07T10:46:01.972+0000] {subprocess.py:93} INFO - Thu Nov  7 10:46:01 UTC 2024
[2024-11-07T10:46:01.973+0000] {subprocess.py:97} INFO - Command exited with return code 0
[2024-11-07T10:46:01.985+0000] {taskinstance.py:340} INFO - ::group::Post task execution logs
[2024-11-07T10:46:01.986+0000] {taskinstance.py:352} INFO - Marking task as SUCCESS. dag_id=Projet_poubelle, task_id=get_datetime, run_id=scheduled__2024-11-07T10:45:00+00:00, execution_date=20241107T104500, start_date=20241107T104601, end_date=20241107T104601
[2024-11-07T10:46:01.991+0000] {logging_mixin.py:190} INFO - Task instance in success state
[2024-11-07T10:46:01.991+0000] {logging_mixin.py:190} INFO -  Previous state of the Task instance: running
[2024-11-07T10:46:01.991+0000] {logging_mixin.py:190} INFO - Dag name:Projet_poubelle queued_at:2024-11-07 10:46:00.040496+00:00
[2024-11-07T10:46:01.991+0000] {logging_mixin.py:190} INFO - Task hostname:5365fe4338c6 operator:BashOperator
[2024-11-07T10:46:02.019+0000] {local_task_job_runner.py:266} INFO - Task exited with return code 0
[2024-11-07T10:46:02.033+0000] {taskinstance.py:3900} INFO - 1 downstream tasks scheduled from follow-on schedule check
[2024-11-07T10:46:02.034+0000] {local_task_job_runner.py:245} INFO - ::endgroup::
